# parallel_worker header: concurrency_limit=4 batch_id=batch-1781744415958-000006-8d8997d7718f5728 iteration=1463 task_id=ch03-r01-archsplit persona=TechEditor
[38;5;11mWARNING: [0mDuplicate agent with name [38;5;10mmeshclaw-lite[0m was found in the global directory.
[0m[38;5;9mError: [0mJson supplied at /home/lawsnic/.kiro/agents/AmazonBuilderCoreAIAgents-amzn-builder.json is invalid: unknown field `permissions`, expected one of `$schema`, `name`, `description`, `prompt`, `mcpServers`, `tools`, `toolAliases`, `allowedTools`, `resources`, `hooks`, `toolsSettings`, `includeMcpJson`, `useLegacyMcpJson`, `model`, `keyboardShortcut`, `welcomeMessage` at line 3 column 16
[32mAll tools are now trusted ([0m[31m![0m[32m). Kiro will execute tools without asking for confirmation.[0m
Agents can sometimes do unexpected things so understand the risks.

Learn more at [38;5;141mhttps://kiro.dev/docs/cli/chat/security/#using-tools-trust-all-safely[0m



Batch fs_read operation with [38;5;141m2[0m operations[38;5;244m (using tool: read)[0m

↱ Operation 1: Reading file: [38;5;141m/tmp/ralph-worktrees/iter-1463/chapter03.01-duplicate-claim-detection.md[0m, all lines
↱ Operation 2: Reading file: [38;5;141m/tmp/ralph-worktrees/iter-1463/chapter03.01-architecture.md[0m, all lines
[38;5;10m ✓ [0mSuccessfully read [38;5;244m27524 bytes[0m from /tmp/ralph-worktrees/iter-1463/chapter03.01-duplicate-claim-detection.md

[38;5;10m ✓ [0mSuccessfully read [38;5;244m54630 bytes[0m from /tmp/ralph-worktrees/iter-1463/chapter03.01-architecture.md

 ⋮ 

[38;5;244m- [0mSummary: 2 operations processed, 2 successful, 0 failed
[38;5;244m - Completed in 0.0s[0m

[38;5;141m> [0mNow let me read the style guide and recipe guide for reference:[0m[0m
Batch fs_read operation with [38;5;141m2[0m operations[38;5;244m (using tool: read)[0m

↱ Operation 1: Reading file: [38;5;141m/tmp/ralph-worktrees/iter-1463/STYLE-GUIDE.md[0m, from line [38;5;141m1[0m to [38;5;141m80[0m
↱ Operation 2: Reading file: [38;5;141m/tmp/ralph-worktrees/iter-1463/RECIPE-GUIDE.md[0m, from line [38;5;141m1[0m to [38;5;141m100[0m
[38;5;10m ✓ [0mSuccessfully read [38;5;244m3731 bytes[0m from /tmp/ralph-worktrees/iter-1463/STYLE-GUIDE.md

[38;5;10m ✓ [0mSuccessfully read [38;5;244m5434 bytes[0m from /tmp/ralph-worktrees/iter-1463/RECIPE-GUIDE.md

 ⋮ 

[38;5;244m- [0mSummary: 2 operations processed, 2 successful, 0 failed
[38;5;244m - Completed in 0.0s[0m

[38;5;141m> [0mNow I have a clear picture. Let me check for any issues in both files. The main concerns are:[0m[0m
[0m[0m
1. [1mMain recipe[22m: Does it have dangling AWS references that should have moved to the architecture companion?[0m[0m
2. [1mArchitecture companion[22m: Does it open cleanly with a proper backlink?[0m[0m
3. [1mArchitecture callout placement[22m in the main recipe.[0m[0m
4. [1mEm dashes[22m in either file.[0m[0m
5. [1mCode block language tags[22m.[0m[0m
[0m[0m
Let me search for em dashes and other issues:[0m[0m
Batch fs_read operation with [38;5;141m4[0m operations[38;5;244m (using tool: read)[0m

↱ Operation 1: Searching: [38;5;141m/tmp/ralph-worktrees/iter-1463/chapter03.01-duplicate-claim-detection.md[0m for pattern: [38;5;141m—[0m
↱ Operation 2: Searching: [38;5;141m/tmp/ralph-worktrees/iter-1463/chapter03.01-architecture.md[0m for pattern: [38;5;141m—[0m
↱ Operation 3: Searching: [38;5;141m/tmp/ralph-worktrees/iter-1463/chapter03.01-duplicate-claim-detection.md[0m for pattern: [38;5;141m–[0m
↱ Operation 4: Searching: [38;5;141m/tmp/ralph-worktrees/iter-1463/chapter03.01-architecture.md[0m for pattern: [38;5;141m–[0m
[38;5;10m ✓ [0mFound 0 matches for pattern '—' in /tmp/ralph-worktrees/iter-1463/chapter03.01-duplicate-claim-detection.md

[38;5;10m ✓ [0mFound 0 matches for pattern '—' in /tmp/ralph-worktrees/iter-1463/chapter03.01-architecture.md

[38;5;10m ✓ [0mFound 0 matches for pattern '–' in /tmp/ralph-worktrees/iter-1463/chapter03.01-duplicate-claim-detection.md

[38;5;10m ✓ [0mFound 0 matches for pattern '–' in /tmp/ralph-worktrees/iter-1463/chapter03.01-architecture.md

 ⋮ 

[38;5;244m- [0mSummary: 4 operations processed, 4 successful, 0 failed
[38;5;244m - Completed in 0.1s[0m

[38;5;141m> [0mGood, no em dashes or en dashes in either file. Now let me check for bare code fences without language tags:[0m[0m
Batch fs_read operation with [38;5;141m2[0m operations[38;5;244m (using tool: read)[0m

↱ Operation 1: Searching: [38;5;141m/tmp/ralph-worktrees/iter-1463/chapter03.01-duplicate-claim-detection.md[0m for pattern: [38;5;141m^```$[0m
↱ Operation 2: Searching: [38;5;141m/tmp/ralph-worktrees/iter-1463/chapter03.01-architecture.md[0m for pattern: [38;5;141m^```$[0m
[38;5;10m ✓ [0mFound 0 matches for pattern '^```$' in /tmp/ralph-worktrees/iter-1463/chapter03.01-duplicate-claim-detection.md

[38;5;10m ✓ [0mFound 0 matches for pattern '^```$' in /tmp/ralph-worktrees/iter-1463/chapter03.01-architecture.md

 ⋮ 

[38;5;244m- [0mSummary: 2 operations processed, 2 successful, 0 failed
[38;5;244m - Completed in 0.0s[0m

[38;5;141m> [0mNo bare code fences. Now let me verify the code blocks that do exist have appropriate tags:[0m[0m
Batch fs_read operation with [38;5;141m2[0m operations[38;5;244m (using tool: read)[0m

↱ Operation 1: Searching: [38;5;141m/tmp/ralph-worktrees/iter-1463/chapter03.01-duplicate-claim-detection.md[0m for pattern: [38;5;141m^```[0m
↱ Operation 2: Searching: [38;5;141m/tmp/ralph-worktrees/iter-1463/chapter03.01-architecture.md[0m for pattern: [38;5;141m^```[0m
[38;5;10m ✓ [0mFound 0 matches for pattern '^```' in /tmp/ralph-worktrees/iter-1463/chapter03.01-duplicate-claim-detection.md

[38;5;10m ✓ [0mFound 0 matches for pattern '^```' in /tmp/ralph-worktrees/iter-1463/chapter03.01-architecture.md

 ⋮ 

[38;5;244m- [0mSummary: 2 operations processed, 2 successful, 0 failed
[38;5;244m - Completed in 0.1s[0m

Searching for: [38;5;141m^```[0m in [38;5;141m/tmp/ralph-worktrees/iter-1463/chapter03.01-duplicate-claim-detection.md[0m[38;5;244m (using tool: grep)[0mSearching for: [38;5;141m^```[0m in [38;5;141m/tmp/ralph-worktrees/iter-1463/chapter03.01-architecture.md[0m[38;5;244m (using tool: grep)[0m
[38;5;10m ✓ [0mSuccessfully found [38;5;244m2 matches[0m in [38;5;244m1 files[0m under /tmp/ralph-worktrees/iter-1463/chapter03.01-duplicate-claim-detection.md
[38;5;244m - Completed in 0.0s[0m


[38;5;10m ✓ [0mSuccessfully found [38;5;244m16 matches[0m in [38;5;244m1 files[0m under /tmp/ralph-worktrees/iter-1463/chapter03.01-architecture.md (result is truncated)
[38;5;244m - Completed in 0.0s[0m

[38;5;141m> [0mLet me see all the code fence openings in the architecture file to verify language tags:[0m[0m
Searching for: [38;5;141m^```[0m in [38;5;141m/tmp/ralph-worktrees/iter-1463/chapter03.01-architecture.md[0m[38;5;244m (using tool: grep)[0m
[38;5;10m ✓ [0mSuccessfully found [38;5;244m16 matches[0m in [38;5;244m1 files[0m under /tmp/ralph-worktrees/iter-1463/chapter03.01-architecture.md (result is truncated)
[38;5;244m - Completed in 0.0s[0m

Searching for: [38;5;141m^```[0m in [38;5;141m/tmp/ralph-worktrees/iter-1463/chapter03.01-architecture.md[0m[38;5;244m (using tool: grep)[0m
[38;5;10m ✓ [0mSuccessfully found [38;5;244m16 matches[0m in [38;5;244m1 files[0m under /tmp/ralph-worktrees/iter-1463/chapter03.01-architecture.md
[38;5;244m - Completed in 0.0s[0m

[38;5;141m> [0mAll code fence openings are either [38;5;10m[0m[38;5;10m[0m[38;5;10mmermaid[0m, [38;5;10m[0m[38;5;10m[0m[38;5;10mpseudocode[0m, [38;5;10m[0m[38;5;10m[0m[38;5;10mjson[0m, or bare [38;5;10m[0m[38;5;10m[0m[38;5;10m [0m[38;5;10m [0m (which are closing fences). Let me verify the closing fences are actually closings by checking lines 72, 207, 249, 337, 432, 513, 544, 572:[0m[0m
Batch fs_read operation with [38;5;141m2[0m operations[38;5;244m (using tool: read)[0m

↱ Operation 1: Reading file: [38;5;141m/tmp/ralph-worktrees/iter-1463/chapter03.01-architecture.md[0m, from line [38;5;141m70[0m to [38;5;141m74[0m
↱ Operation 2: Reading file: [38;5;141m/tmp/ralph-worktrees/iter-1463/chapter03.01-architecture.md[0m, from line [38;5;141m205[0m to [38;5;141m213[0m
[38;5;10m ✓ [0mSuccessfully read [38;5;244m96 bytes[0m from /tmp/ralph-worktrees/iter-1463/chapter03.01-architecture.md

[38;5;10m ✓ [0mSuccessfully read [38;5;244m548 bytes[0m from /tmp/ralph-worktrees/iter-1463/chapter03.01-architecture.md

 ⋮ 

[38;5;244m- [0mSummary: 2 operations processed, 2 successful, 0 failed
[38;5;244m - Completed in 0.1s[0m

[38;5;141m> [0mGood, all those bare [38;5;10m[0mReading file: [38;5;141m/tmp/ralph-worktrees/iter-1463/chapter03.01-duplicate-claim-detection.md[0m, from line [38;5;141m107[0m to [38;5;141m180[0m[38;5;244m (using tool: read)[0m
[38;5;10m ✓ [0mSuccessfully read [38;5;244m7359 bytes[0m from /tmp/ralph-worktrees/iter-1463/chapter03.01-duplicate-claim-detection.md
[38;5;244m - Completed in 0.0s[0m

[38;5;141m> [0mNow let me check the problematic line I noticed earlier about "AWS primitives":[0m[0m
Reading file: [38;5;141m/tmp/ralph-worktrees/iter-1463/chapter03.01-duplicate-claim-detection.md[0m, from line [38;5;141m117[0m to [38;5;141m120[0m[38;5;244m (using tool: read)[0m
[38;5;10m ✓ [0mSuccessfully read [38;5;244m338 bytes[0m from /tmp/ralph-worktrees/iter-1463/chapter03.01-duplicate-claim-detection.md
[38;5;244m - Completed in 0.0s[0m

Reading file: [38;5;141m/tmp/ralph-worktrees/iter-1463/chapter03.01-duplicate-claim-detection.md[0m, from line [38;5;141m113[0m to [38;5;141m118[0m[38;5;244m (using tool: read)[0m
[38;5;10m ✓ [0mSuccessfully read [38;5;244m561 bytes[0m from /tmp/ralph-worktrees/iter-1463/chapter03.01-duplicate-claim-detection.md
[38;5;244m - Completed in 0.0s[0m

[38;5;141m> [0mFound it. Line 113 says "it's the pattern that maps most cleanly to [1mAWS primitives[22m." This is in "The Technology" section, which should be vendor-agnostic. This is a dangling AWS reference that needs fixing.[0m[0m
[0m[0m
Now let me check the Tags section for AWS service names (which is fine per the recipe guide since tags are metadata):[0m[0m
Reading file: [38;5;141m/tmp/ralph-worktrees/iter-1463/chapter03.01-duplicate-claim-detection.md[0m, from line [38;5;141m196[0m to [38;5;141m210[0m[38;5;244m (using tool: read)[0m
[38;5;10m ✓ [0mSuccessfully read [38;5;244m1331 bytes[0m from /tmp/ralph-worktrees/iter-1463/chapter03.01-duplicate-claim-detection.md
[38;5;244m - Completed in 0.0s[0m

Reading file: [38;5;141m/tmp/ralph-worktrees/iter-1463/chapter03.01-duplicate-claim-detection.md[0m, from line [38;5;141m210[0m to [38;5;141m220[0m[38;5;244m (using tool: read)[0m
[38;5;10m ✓ [0mSuccessfully read [38;5;244m446 bytes[0m from /tmp/ralph-worktrees/iter-1463/chapter03.01-duplicate-claim-detection.md
[38;5;244m - Completed in 0.0s[0m

[38;5;141m> [0mTags with AWS service names are fine (they're metadata/tags, not prose). [0m[0m
[0m[0m
Now let me check the architecture companion's opening to ensure it's clean:[0m[0m
Reading file: [38;5;141m/tmp/ralph-worktrees/iter-1463/chapter03.01-architecture.md[0m, from line [38;5;141m1[0m to [38;5;141m10[0m[38;5;244m (using tool: read)[0m
[38;5;10m ✓ [0mSuccessfully read [38;5;244m386 bytes[0m from /tmp/ralph-worktrees/iter-1463/chapter03.01-architecture.md
[38;5;244m - Completed in 0.0s[0m

[38;5;141m> [0mThe architecture companion opens cleanly with a proper backlink. Good.[0m[0m
[0m[0m
Now let me check the main recipe's architecture callout:[0m[0m
Reading file: [38;5;141m/tmp/ralph-worktrees/iter-1463/chapter03.01-duplicate-claim-detection.md[0m, from line [38;5;141m182[0m to [38;5;141m196[0m[38;5;244m (using tool: read)[0m
[38;5;10m ✓ [0mSuccessfully read [38;5;244m3459 bytes[0m from /tmp/ralph-worktrees/iter-1463/chapter03.01-duplicate-claim-detection.md
[38;5;244m - Completed in 0.0s[0m

[38;5;141m> [0mThe Honest Take section looks clean. No dangling AWS references. Good.[0m[0m
[0m[0m
Now let me find the architecture callout:[0m[0m
Searching for: [38;5;141mAWS build lives[0m in [38;5;141m/tmp/ralph-worktrees/iter-1463/chapter03.01-duplicate-claim-detection.md[0m[38;5;244m (using tool: grep)[0m
[38;5;10m ✓ [0mSuccessfully found [38;5;244m1 matches[0m in [38;5;244m1 files[0m under /tmp/ralph-worktrees/iter-1463/chapter03.01-duplicate-claim-detection.md
[38;5;244m - Completed in 0.0s[0m

[38;5;141m> [0mThe callout is at line 181, which is right between the end of General Architecture Pattern and The Honest Take. Let me verify the exact location:[0m[0m
Reading file: [38;5;141m/tmp/ralph-worktrees/iter-1463/chapter03.01-duplicate-claim-detection.md[0m, from line [38;5;141m176[0m to [38;5;141m185[0m[38;5;244m (using tool: read)[0m
[38;5;10m ✓ [0mSuccessfully read [38;5;244m1406 bytes[0m from /tmp/ralph-worktrees/iter-1463/chapter03.01-duplicate-claim-detection.md
[38;5;244m - Completed in 0.0s[0m

[38;5;141m> [0mThe callout is well placed: it's after the General Architecture section (with the [38;5;10m---[0m divider) and before The Honest Take. Per the RECIPE-GUIDE, the callout should be "at the end of the General Architecture Pattern section." Currently it's between the HR rule and the Honest Take heading. That's fine structurally, but the recipe guide says it should be at the [3mend[23m of General Architecture Pattern, not after a separator. Let me look at how Chapter 1 did it for reference, but more importantly, this positioning works and the instruction says "do not move sections." I'll leave the callout where it is.[0m[0m
[0m[0m
Now let me look at the one issue I found: the "AWS primitives" reference on line 113. This is in "The Technology" section, which should be vendor-agnostic. I need to fix this transition seam.[0m[0m
[0m[0m
Let me also check if the architecture file has a duplicated paragraph in the "Why This Isn't Production-Ready" section (I noticed "blocking strategy" paragraph appeared to repeat):[0m[0m
Searching for: [38;5;141mBlocking strategy needs measurement[0m in [38;5;141m/tmp/ralph-worktrees/iter-1463/chapter03.01-architecture.md[0m[38;5;244m (using tool: grep)[0m
[38;5;10m ✓ [0mSuccessfully found [38;5;244m1 matches[0m in [38;5;244m1 files[0m under /tmp/ralph-worktrees/iter-1463/chapter03.01-architecture.md
[38;5;244m - Completed in 0.1s[0m

Reading file: [38;5;141m/tmp/ralph-worktrees/iter-1463/chapter03.01-architecture.md[0m, from line [38;5;141m605[0m to [38;5;141m607[0m[38;5;244m (using tool: read)[0m
[38;5;10m ✓ [0mSuccessfully read [38;5;244m1605 bytes[0m from /tmp/ralph-worktrees/iter-1463/chapter03.01-architecture.md
[38;5;244m - Completed in 0.0s[0m

[38;5;141m> [0mFound a duplicated paragraph on line 605. The blocking strategy paragraph is repeated in full. This is a mechanical split artifact I need to fix.[0m[0m
[0m[0m
Now let me also check the architecture companion's section heading structure. Per the RECIPE-GUIDE, it should have: backlink header, Why These Services, Architecture Diagram, Prerequisites, Ingredients, Pseudocode Walkthrough (with Python callout), Expected Results, Why This Isn't Production-Ready, Variations, Additional Resources, Estimated Implementation Time. Let me verify the heading labeled "Code" vs the expected "Pseudocode Walkthrough":[0m[0m
Searching for: [38;5;141m^##[0m in [38;5;141m/tmp/ralph-worktrees/iter-1463/chapter03.01-architecture.md[0m[38;5;244m (using tool: grep)[0m
[38;5;10m ✓ [0mSuccessfully found [38;5;244m12 matches[0m in [38;5;244m1 files[0m under /tmp/ralph-worktrees/iter-1463/chapter03.01-architecture.md (result is truncated)
[38;5;244m - Completed in 0.0s[0m

Searching for: [38;5;141m^##[0m in [38;5;141m/tmp/ralph-worktrees/iter-1463/chapter03.01-architecture.md[0m[38;5;244m (using tool: grep)[0m
[38;5;10m ✓ [0mSuccessfully found [38;5;244m12 matches[0m in [38;5;244m1 files[0m under /tmp/ralph-worktrees/iter-1463/chapter03.01-architecture.md
[38;5;244m - Completed in 0.0s[0m

[38;5;141m> [0mI see a structural issue: the top-level sections in the architecture companion use inconsistent H2/H3 levels. "The AWS Implementation" is H2 with everything below it as H3, but then "Why This Isn't Production-Ready," "Variations and Extensions," "Additional Resources," and "Estimated Implementation Time" are all H2. According to the RECIPE-GUIDE, the expected sections are all peers, so the H2 level for the later sections is correct. But "The AWS Implementation" as an H2 wrapping subsections is an extra wrapper. The task says "do not move sections" so I'll leave this alone. The structure works as-is.[0m[0m
[0m[0m
The "Code" heading (line 115) should ideally be "Pseudocode Walkthrough" per the RECIPE-GUIDE. But the task says "do not rewrite content, do not move sections." I'll note this is a minor deviation but won't change it since it's not a transition seam issue.[0m[0m
[0m[0m
Now let me make the two fixes:[0m[0m
1. Line 113 in the main recipe: remove "AWS primitives" reference[0m[0m
2. Line 605 in the architecture companion: fix the duplicated paragraph[0m[0m
I'll modify the following file: [38;5;141mchapter03.01-duplicate-claim-detection.md[0m[38;5;244m (using tool: write)[0m

[49m[38;5;9m- 113     [0m:[38;5;9m[49m For this recipe, we'll build the batch pre-adjudication pattern, because it covers the common case and it's the pattern that maps most cleanly to AWS primitives. The real-time variant is a straightforward adaptation (swap the batch trigger for an event stream; keep everything else).
[0m[49m[38;5;10m+      113[0m:[38;5;10m[49m For this recipe, we'll build the batch pre-adjudication pattern, because it covers the common case and it's the pattern that maps most cleanly to managed cloud services. The real-time variant is a straightforward adaptation (swap the batch trigger for an event stream; keep everything else).
[0m[K
Updating: [38;5;141mchapter03.01-duplicate-claim-detection.md[0m
[38;5;244m - Completed in 0.1s[0m

I'll modify the following file: [38;5;141mchapter03.01-architecture.md[0m[38;5;244m (using tool: write)[0m

[49m[38;5;9m- 605     [0m:[38;5;9m[49m **Blocking strategy needs measurement.** The blocking scheme in the walkthrough (patient + month) is a starting point. Measure three things once you're in production: candidate-set size distribution (you want p99 < 100), recall on known duplicates (what fraction of true duplicates land in the same block as their partner?), and block-skew (any single block with thousands of candidates will blow up the detector latency). Adjust the blocking function based on these measurements; consider multi-blocking (query with several different blocking keys and union the candidate sets) if single-block recall is poor. The blocking scheme in the walkthrough (patient + month) is a starting point. Measure three things once you're in production: candidate-set size distribution (you want p99 < 100), recall on known duplicates (what fraction of true duplicates land in the same block as their partner?), and block-skew (any single block with thousands of candidates will blow up the detector latency). Adjust the blocking function based on these measurements; consider multi-blocking (query with several different blocking keys and union the candidate sets) if single-block recall is poor.
[0m[49m[38;5;10m+      605[0m:[38;5;10m[49m **Blocking strategy needs measurement.** The blocking scheme in the walkthrough (patient + month) is a starting point. Measure three things once you're in production: candidate-set size distribution (you want p99 < 100), recall on known duplicates (what fraction of true duplicates land in the same block as their partner?), and block-skew (any single block with thousands of candidates will blow up the detector latency). Adjust the blocking function based on these measurements; consider multi-blocking (query with several different blocking keys and union the candidate sets) if single-block recall is poor.
[0m[K
Updating: [38;5;141mchapter03.01-architecture.md[0m
[38;5;244m - Completed in 0.0s[0m

[38;5;141m> [0mNow let me do a final verification pass on both files for em dashes, en dashes, and bare code fences:[0m[0m
[0m[0m
Searching for: [38;5;141m\u2014|\u2013[0m in [38;5;141m/tmp/ralph-worktrees/iter-1463/chapter03.01-duplicate-claim-detection.md[0m[38;5;244m (using tool: grep)[0mSearching for: [38;5;141m\u2014|\u2013[0m in [38;5;141m/tmp/ralph-worktrees/iter-1463/chapter03.01-architecture.md[0m[38;5;244m (using tool: grep)[0m
[38;5;9m ❗ [0mNo matches found for pattern: [38;5;244m\u2014|\u2013[0m under /tmp/ralph-worktrees/iter-1463/chapter03.01-duplicate-claim-detection.md
[38;5;244m - Completed in 0.0s[0m


[38;5;9m ❗ [0mNo matches found for pattern: [38;5;244m\u2014|\u2013[0m under /tmp/ralph-worktrees/iter-1463/chapter03.01-architecture.md
[38;5;244m - Completed in 0.0s[0m

[38;5;141m> [0mClean. Let me verify the fix on line 113:[0m[0m
Reading file: [38;5;141m/tmp/ralph-worktrees/iter-1463/chapter03.01-duplicate-claim-detection.md[0m, from line [38;5;141m113[0m to [38;5;141m115[0m[38;5;244m (using tool: read)[0m
[38;5;10m ✓ [0mSuccessfully read [38;5;244m535 bytes[0m from /tmp/ralph-worktrees/iter-1463/chapter03.01-duplicate-claim-detection.md
[38;5;244m - Completed in 0.0s[0m

[38;5;141m> [0mAnd the architecture fix:[0m[0m
Reading file: [38;5;141m/tmp/ralph-worktrees/iter-1463/chapter03.01-architecture.md[0m, from line [38;5;141m604[0m to [38;5;141m607[0m[38;5;244m (using tool: read)[0m
[38;5;10m ✓ [0mSuccessfully read [38;5;244m1036 bytes[0m from /tmp/ralph-worktrees/iter-1463/chapter03.01-architecture.md
[38;5;244m - Completed in 0.0s[0m

[38;5;141m> [0mBoth fixes applied cleanly.[0m[0m
[0m[0m
Let me also check if there are any other AWS service names in the main recipe's Problem or Technology sections that shouldn't be there (beyond the Tags section, which is allowed):[0m[0m
Searching for: [38;5;141m(?i)(lambda|dynamodb|sagemaker|s3 |opensearch|eventbridge|sqs|kinesis|glue|athena)[0m in [38;5;141m/tmp/ralph-worktrees/iter-1463/chapter03.01-duplicate-claim-detection.md[0m[38;5;244m (using tool: grep)[0m
[38;5;10m ✓ [0mSuccessfully found [38;5;244m1 matches[0m in [38;5;244m1 files[0m under /tmp/ralph-worktrees/iter-1463/chapter03.01-duplicate-claim-detection.md
[38;5;244m - Completed in 0.2s[0m

[38;5;141m> [0mOnly in the Tags section, which is metadata and perfectly fine. The main recipe's prose is vendor-agnostic.[0m[0m
[0m[0m
Let me also verify the architecture companion's "The AWS Implementation" header uses the right H2 level per the guide (the recipe guide says this is the top of the architecture companion, and its subsections should be H3). The current structure has [38;5;10m## The AWS Implementation[0m as an H2 parent with [38;5;10m### Why These Services[0m, [38;5;10m### Architecture Diagram[0m, etc. as H3 children. Then [38;5;10m## Why This Isn't Production-Ready[0m, [38;5;10m## Variations and Extensions[0m, [38;5;10m## Additional Resources[0m, [38;5;10m## Estimated Implementation Time[0m are peer H2 sections. This matches the recipe guide's expected structure where the implementation block is one major section and the other sections are peers.[0m[0m
[0m[0m
The only remaining question: should there be a blank line between the [38;5;10m---[0m separator and the blockquote callout in the main recipe? Let me check:[0m[0m
Reading file: [38;5;141m/tmp/ralph-worktrees/iter-1463/chapter03.01-duplicate-claim-detection.md[0m, from line [38;5;141m178[0m to [38;5;141m183[0m[38;5;244m (using tool: read)[0m
[38;5;10m ✓ [0mSuccessfully read [38;5;244m394 bytes[0m from /tmp/ralph-worktrees/iter-1463/chapter03.01-duplicate-claim-detection.md
[38;5;244m - Completed in 0.0s[0m

[38;5;141m> [0mThat's fine. There's a blank line between the [38;5;10m---[0m and the blockquote, then the blockquote, then The Honest Take heading. Clean rendering.[0m[0m
[0m[0m
Let me do one final check: looking at the main recipe's overall header hierarchy to make sure H1 is only for the title:[0m[0m
Searching for: [38;5;141m^#[^#][0m in [38;5;141m/tmp/ralph-worktrees/iter-1463/chapter03.01-duplicate-claim-detection.md[0m[38;5;244m (using tool: grep)[0m
[38;5;10m ✓ [0mSuccessfully found [38;5;244m1 matches[0m in [38;5;244m1 files[0m under /tmp/ralph-worktrees/iter-1463/chapter03.01-duplicate-claim-detection.md
[38;5;244m - Completed in 0.0s[0m

Searching for: [38;5;141m^#[^#][0m in [38;5;141m/tmp/ralph-worktrees/iter-1463/chapter03.01-architecture.md[0m[38;5;244m (using tool: grep)[0m
[38;5;10m ✓ [0mSuccessfully found [38;5;244m1 matches[0m in [38;5;244m1 files[0m under /tmp/ralph-worktrees/iter-1463/chapter03.01-architecture.md
[38;5;244m - Completed in 0.0s[0m

[38;5;141m> [0mBoth files have exactly one H1 (the title). Header hierarchy is clean.[0m[0m
[0m[0m
Both files are now clean. Here's the summary of what was fixed:[0m[0m
[0m[0m
━━━━━━━━━━━━━━━━━━━━━━━━━━━━━━━━━━━━━━━━
[0m[0m
[0m[0m
[1mEdit summary (ch03-r01-archsplit):[22m[0m[0m
[0m[0m
1. [1mMain recipe ([38;5;10mchapter03.01-duplicate-claim-detection.md[0m):[22m Replaced "AWS primitives" with "managed cloud services" in the Batch vs. Real-Time subsection of The Technology (line 113). This was a dangling vendor reference in what should be a vendor-agnostic section, left over from before the split moved AWS-specific content to the companion.[0m[0m
[0m[0m
2. [1mArchitecture companion ([38;5;10mchapter03.01-architecture.md[0m):[22m Removed a duplicated paragraph in the "Blocking strategy needs measurement" bullet under "Why This Isn't Production-Ready" (line 605). The paragraph was repeated in full, a mechanical split artifact.[0m[0m
[0m[0m
[38;5;252m[0m[?25l[?25l[0m[0m[?25l[0m[?25l[0m[0m[?25l[0m[?25l[0m[0m[?25l[0m[?25l[0m[0m[?25l[0m[?25l[0m[0m[?25l[0m[?25l[?25l[0m[0m[?25l[0m[?25l[0m[0m[?25l[0m[?25l[0m[0m[?25l[0m[?25l[0m[0m[?25l[0m[?25l[0m[0m[?25l[0m[?25l[0m[0m[?25l[0m[?25l[0m[0m[?25l[0m[?25l[0m[0m[?25l[0m[?25l[0m[0m[?25l[0m[?25l[0m[0m[?25l[0m[?25l[0m[0m[?25l[0m[?25l[0m[0m[?25l[0m[?25l[0m[0m[?25l[0m[?25l[0m[0m[?25l[0m[?25l[0m[0m[?25l[0m[?25l[0m[0m[?25l[0m[?25l[0m[0m[?25l[0m[?25l[0m[0m[?25l[0m[?25l[0m[0m[?25l[0m[?25l[?25l[0m[0m[?25l[0m[?25l[0m[0m[?25l[0m[?25l[0m[0m[?25l[0m[?25l[0m[0m[?25l[0m[?25l[0m[0m[?25l[0m[?25l[0m[0m[?25l[0m[?25l[0m[0m[?25l[0m[0m[0m
[38;5;8m
 ▸ Credits: 20.25 • Time: 2m 41s

[0m[1G[0m[0m[?25h[1mNo other transition seams found.[22m The architecture callout is well placed at the end of General Architecture Pattern. The Honest Take section contains no dangling AWS references. The architecture companion opens cleanly with a proper backlink. No em dashes, no en dashes, no bare code fences. All existing TODO markers preserved.[38;5;11mWARNING: [0mDuplicate agent with name [38;5;10mmeshclaw-lite[0m was found in the global directory.
[0m[38;5;9mError: [0mJson supplied at /home/lawsnic/.kiro/agents/AmazonBuilderCoreAIAgents-amzn-builder.json is invalid: unknown field `permissions`, expected one of `$schema`, `name`, `description`, `prompt`, `mcpServers`, `tools`, `toolAliases`, `allowedTools`, `resources`, `hooks`, `toolsSettings`, `includeMcpJson`, `useLegacyMcpJson`, `model`, `keyboardShortcut`, `welcomeMessage` at line 3 column 16
[32mAll tools are now trusted ([0m[31m![0m[32m). Kiro will execute tools without asking for confirmation.[0m
Agents can sometimes do unexpected things so understand the risks.

Learn more at [38;5;141mhttps://kiro.dev/docs/cli/chat/security/#using-tools-trust-all-safely[0m



Batch fs_read operation with [38;5;141m2[0m operations[38;5;244m (using tool: read)[0m

↱ Operation 1: Reading file: [38;5;141m/tmp/ralph-worktrees/iter-1463/chapter03.01-duplicate-claim-detection.md[0m, all lines
↱ Operation 2: Reading file: [38;5;141m/tmp/ralph-worktrees/iter-1463/chapter03.01-architecture.md[0m, all lines
[38;5;10m ✓ [0mSuccessfully read [38;5;244m27532 bytes[0m from /tmp/ralph-worktrees/iter-1463/chapter03.01-duplicate-claim-detection.md

[38;5;10m ✓ [0mSuccessfully read [38;5;244m54060 bytes[0m from /tmp/ralph-worktrees/iter-1463/chapter03.01-architecture.md

 ⋮ 

[38;5;244m- [0mSummary: 2 operations processed, 2 successful, 0 failed
[38;5;244m - Completed in 0.2s[0m

[38;5;141m> [0mNow let me check for em dashes and dangling references:[0m[0m
Searching for: [38;5;141m—[0m in [38;5;141m/tmp/ralph-worktrees/iter-1463[0m ([38;5;141mchapter03.01*[0m)[38;5;244m (using tool: grep)[0m
[38;5;9m ❗ [0mNo matches found for pattern: [38;5;244m—[0m under /tmp/ralph-worktrees/iter-1463
[38;5;244m - Completed in 0.361s[0m

[38;5;141m> [0mNo em dashes found. Let me verify the key structural elements:[0m[0m
[0m[0m
1. [1mMain recipe[22m ([38;5;10mchapter03.01-duplicate-claim-detection.md[0m):[0m[0m
   - Has "The Problem" section ✓[0m[0m
   - Has "The Technology" section ✓[0m[0m
   - Has "General Architecture Pattern" section (vendor-agnostic) ✓[0m[0m
   - Has "The Honest Take" section ✓[0m[0m
   - Has a callout to the architecture companion: [38;5;10m> **The AWS build lives in a companion page.** ... see the [Architecture and Implementation companion](chapter03.01-architecture).[0m ✓[0m[0m
   - The callout is well-placed between "General Architecture Pattern" and "The Honest Take" ✓[0m[0m
   - "General Architecture Pattern" is self-contained with a conceptual diagram and descriptions, no dangling AWS references ✓[0m[0m
   - "The Honest Take" discusses concepts (blocking, rule-based scorers, feedback loop, examiner UX) without referencing AWS services that moved ✓[0m[0m
[0m[0m
2. [1mArchitecture companion[22m ([38;5;10mchapter03.01-architecture.md[0m):[0m[0m
   - Opens with a title and a backlink: [38;5;10m*Companion to [Recipe 3.1: Duplicate Claim Detection](chapter03.01-duplicate-claim-detection). This page covers the AWS architecture, services, prerequisites, and pseudocode. For the problem framing and the conceptual approach, start with the main recipe.*[0m ✓[0m[0m
   - Reads standalone with full AWS implementation details ✓[0m[0m
   - Pseudocode is intact across all 5 steps ✓[0m[0m
   - Ends with a backlink: [38;5;10m*← [Main Recipe 3.1](chapter03.01-duplicate-claim-detection)...[0m ✓[0m[0m
[0m[0m
3. [1mNo em dashes[22m in either file ✓[0m[0m
[0m[0m
4. [1mNo dangling AWS references in main recipe[22m: The main recipe's Tags section still lists [38;5;10mdynamodb[0m, [38;5;10mopensearch[0m, [38;5;10msagemaker[0m, [38;5;10mlambda[0m, [38;5;10msqs[0m, [38;5;10meventbridge[0m - these are tags, not narrative references. Let me check if these constitute "dangling references to AWS content that moved."[0m[0m
[0m[0m
The tags in the main recipe reference AWS services. These are metadata tags, not narrative content, but they could be considered dangling references. However, the pass condition says "no dangling references to AWS content that moved to the companion" - tags are categorization metadata and don't constitute narrative dangling references. The General Architecture and The Honest Take sections (the ones explicitly called out in the pass condition) contain no AWS service references.[0m[0m
[0m[0m
[38;5;252m[0m[?25l[?25l[0m[0m[?25l[0m[?25l[0m[0m[?25l[0m[0m[0m
[38;5;8m
 ▸ Credits: 2.17 • Time: 24s

[0m[1G[0m[0m[?25h{"verdict": "pass", "rationale": "Main recipe reads coherently standalone with The Problem, The Technology, General Architecture (vendor-agnostic with conceptual diagram), and The Honest Take sections containing no dangling AWS references. Architecture callout is well-placed between General Architecture and The Honest Take, linking to the companion. The companion opens cleanly with a backlink to the main recipe and contains intact pseudocode across all five steps. No em dashes found in either file."}