# parallel_worker header: concurrency_limit=4 batch_id=batch-1781758159371-000042-a3f400c2bc4f9f46 iteration=1607 task_id=ch14-r10-archsplit persona=TechEditor
[38;5;11mWARNING: [0mDuplicate agent with name [38;5;10mmeshclaw-lite[0m was found in the global directory.
[0m[38;5;9mError: [0mJson supplied at /home/lawsnic/.kiro/agents/AmazonBuilderCoreAIAgents-amzn-builder.json is invalid: unknown field `permissions`, expected one of `$schema`, `name`, `description`, `prompt`, `mcpServers`, `tools`, `toolAliases`, `allowedTools`, `resources`, `hooks`, `toolsSettings`, `includeMcpJson`, `useLegacyMcpJson`, `model`, `keyboardShortcut`, `welcomeMessage` at line 3 column 16
[32mAll tools are now trusted ([0m[31m![0m[32m). Kiro will execute tools without asking for confirmation.[0m
Agents can sometimes do unexpected things so understand the risks.

Learn more at [38;5;141mhttps://kiro.dev/docs/cli/chat/security/#using-tools-trust-all-safely[0m



Batch fs_read operation with [38;5;141m2[0m operations[38;5;244m (using tool: read)[0m

↱ Operation 1: Reading file: [38;5;141m/tmp/ralph-worktrees/iter-1607/chapter14.10-health-system-network-design.md[0m, all lines
↱ Operation 2: Reading file: [38;5;141m/tmp/ralph-worktrees/iter-1607/chapter14.10-architecture.md[0m, all lines
[38;5;10m ✓ [0mSuccessfully read [38;5;244m14998 bytes[0m from /tmp/ralph-worktrees/iter-1607/chapter14.10-health-system-network-design.md

[38;5;10m ✓ [0mSuccessfully read [38;5;244m30618 bytes[0m from /tmp/ralph-worktrees/iter-1607/chapter14.10-architecture.md

 ⋮ 

[38;5;244m- [0mSummary: 2 operations processed, 2 successful, 0 failed
[38;5;244m - Completed in 0.0s[0m

[38;5;141m> [0mLet me also check the style guide and recipe guide for reference.[0m[0m
Batch fs_read operation with [38;5;141m2[0m operations[38;5;244m (using tool: read)[0m

↱ Operation 1: Reading file: [38;5;141m/tmp/ralph-worktrees/iter-1607/STYLE-GUIDE.md[0m, from line [38;5;141m1[0m to [38;5;141m60[0m
↱ Operation 2: Reading file: [38;5;141m/tmp/ralph-worktrees/iter-1607/RECIPE-GUIDE.md[0m, from line [38;5;141m1[0m to [38;5;141m80[0m
[38;5;10m ✓ [0mSuccessfully read [38;5;244m3490 bytes[0m from /tmp/ralph-worktrees/iter-1607/STYLE-GUIDE.md

[38;5;10m ✓ [0mSuccessfully read [38;5;244m4546 bytes[0m from /tmp/ralph-worktrees/iter-1607/RECIPE-GUIDE.md

 ⋮ 

[38;5;244m- [0mSummary: 2 operations processed, 2 successful, 0 failed
[38;5;244m - Completed in 0.0s[0m

[38;5;141m> [0mNow I have a clear picture of both files. Let me analyze the seams:[0m[0m
[0m[0m
1. [1mMain recipe[22m - The architecture callout is well-placed at the end of the General Architecture Pattern section. The Honest Take section doesn't seem to dangle AWS references. The General Architecture Pattern section is vendor-agnostic.[0m[0m
[0m[0m
2. [1mArchitecture companion[22m - Opens with a backlink header as expected.[0m[0m
[0m[0m
Let me check for specific issues:[0m[0m
- Em dashes (U+2014 "—" or U+2013 "–") [0m[0m
- Bare code fences without language tags[0m[0m
- Dangling references in the main recipe to AWS content[0m[0m
- Structural compliance[0m[0m
Batch fs_read operation with [38;5;141m4[0m operations[38;5;244m (using tool: read)[0m

↱ Operation 1: Searching: [38;5;141m/tmp/ralph-worktrees/iter-1607/chapter14.10-health-system-network-design.md[0m for pattern: [38;5;141m—[0m
↱ Operation 2: Searching: [38;5;141m/tmp/ralph-worktrees/iter-1607/chapter14.10-health-system-network-design.md[0m for pattern: [38;5;141m–[0m
↱ Operation 3: Searching: [38;5;141m/tmp/ralph-worktrees/iter-1607/chapter14.10-architecture.md[0m for pattern: [38;5;141m—[0m
↱ Operation 4: Searching: [38;5;141m/tmp/ralph-worktrees/iter-1607/chapter14.10-architecture.md[0m for pattern: [38;5;141m–[0m
[38;5;10m ✓ [0mFound 0 matches for pattern '—' in /tmp/ralph-worktrees/iter-1607/chapter14.10-health-system-network-design.md

[38;5;10m ✓ [0mFound 1 matches for pattern '–' in /tmp/ralph-worktrees/iter-1607/chapter14.10-health-system-network-design.md

[38;5;10m ✓ [0mFound 0 matches for pattern '—' in /tmp/ralph-worktrees/iter-1607/chapter14.10-architecture.md

[38;5;10m ✓ [0mFound 0 matches for pattern '–' in /tmp/ralph-worktrees/iter-1607/chapter14.10-architecture.md

 ⋮ 

[38;5;244m- [0mSummary: 4 operations processed, 4 successful, 0 failed
[38;5;244m - Completed in 0.0s[0m

[38;5;141m> [0mFound one en dash on line 3 of the main recipe. Let me also check for bare code fences:[0m[0m
Batch fs_read operation with [38;5;141m2[0m operations[38;5;244m (using tool: read)[0m

↱ Operation 1: Searching: [38;5;141m/tmp/ralph-worktrees/iter-1607/chapter14.10-health-system-network-design.md[0m for pattern: [38;5;141m^```$[0m
↱ Operation 2: Searching: [38;5;141m/tmp/ralph-worktrees/iter-1607/chapter14.10-architecture.md[0m for pattern: [38;5;141m^```$[0m
[38;5;10m ✓ [0mFound 0 matches for pattern '^```$' in /tmp/ralph-worktrees/iter-1607/chapter14.10-health-system-network-design.md

[38;5;10m ✓ [0mFound 0 matches for pattern '^```$' in /tmp/ralph-worktrees/iter-1607/chapter14.10-architecture.md

 ⋮ 

[38;5;244m- [0mSummary: 2 operations processed, 2 successful, 0 failed
[38;5;244m - Completed in 0.0s[0m

[38;5;141m> [0mGood, no bare code fences. Let me check what language tags are on the code blocks in the main recipe:[0m[0m
Batch fs_read operation with [38;5;141m2[0m operations[38;5;244m (using tool: read)[0m

↱ Operation 1: Searching: [38;5;141m/tmp/ralph-worktrees/iter-1607/chapter14.10-health-system-network-design.md[0m for pattern: [38;5;141m^```[0m
↱ Operation 2: Searching: [38;5;141m/tmp/ralph-worktrees/iter-1607/chapter14.10-architecture.md[0m for pattern: [38;5;141m^```[0m
[38;5;10m ✓ [0mFound 0 matches for pattern '^```' in /tmp/ralph-worktrees/iter-1607/chapter14.10-health-system-network-design.md

[38;5;10m ✓ [0mFound 0 matches for pattern '^```' in /tmp/ralph-worktrees/iter-1607/chapter14.10-architecture.md

 ⋮ 

[38;5;244m- [0mSummary: 2 operations processed, 2 successful, 0 failed
[38;5;244m - Completed in 0.0s[0m

Searching for: [38;5;141m^```[0m in [38;5;141m/tmp/ralph-worktrees/iter-1607/chapter14.10-health-system-network-design.md[0m[38;5;244m (using tool: grep)[0mSearching for: [38;5;141m^```[0m in [38;5;141m/tmp/ralph-worktrees/iter-1607/chapter14.10-architecture.md[0m[38;5;244m (using tool: grep)[0m
[38;5;10m ✓ [0mSuccessfully found [38;5;244m2 matches[0m in [38;5;244m1 files[0m under /tmp/ralph-worktrees/iter-1607/chapter14.10-health-system-network-design.md
[38;5;244m - Completed in 0.0s[0m


[38;5;10m ✓ [0mSuccessfully found [38;5;244m14 matches[0m in [38;5;244m1 files[0m under /tmp/ralph-worktrees/iter-1607/chapter14.10-architecture.md (result is truncated)
[38;5;244m - Completed in 0.0s[0m

[38;5;141m> [0mLet me see those code fences in context:[0m[0m
Batch fs_read operation with [38;5;141m4[0m operations[38;5;244m (using tool: read)[0m

↱ Operation 1: Reading file: [38;5;141m/tmp/ralph-worktrees/iter-1607/chapter14.10-health-system-network-design.md[0m, from line [38;5;141m100[0m to [38;5;141m106[0m
↱ Operation 2: Reading file: [38;5;141m/tmp/ralph-worktrees/iter-1607/chapter14.10-architecture.md[0m, from line [38;5;141m73[0m to [38;5;141m80[0m
↱ Operation 3: Reading file: [38;5;141m/tmp/ralph-worktrees/iter-1607/chapter14.10-architecture.md[0m, from line [38;5;141m108[0m to [38;5;141m115[0m
↱ Operation 4: Reading file: [38;5;141m/tmp/ralph-worktrees/iter-1607/chapter14.10-architecture.md[0m, from line [38;5;141m141[0m to [38;5;141m150[0m
[38;5;10m ✓ [0mSuccessfully read [38;5;244m434 bytes[0m from /tmp/ralph-worktrees/iter-1607/chapter14.10-health-system-network-design.md

[38;5;10m ✓ [0mSuccessfully read [38;5;244m143 bytes[0m from /tmp/ralph-worktrees/iter-1607/chapter14.10-architecture.md

[38;5;10m ✓ [0mSuccessfully read [38;5;244m1060 bytes[0m from /tmp/ralph-worktrees/iter-1607/chapter14.10-architecture.md

[38;5;10m ✓ [0mSuccessfully read [38;5;244m882 bytes[0m from /tmp/ralph-worktrees/iter-1607/chapter14.10-architecture.md

 ⋮ 

[38;5;244m- [0mSummary: 4 operations processed, 4 successful, 0 failed
[38;5;244m - Completed in 0.0s[0m

[38;5;141m> [0mNow I see the issues clearly:[0m[0m
[0m[0m
1. [1mMain recipe line 102[22m: A bare [38;5;10m [0m[38;5;10m[0m [38;5;10m code block (the general architecture pipeline diagram) needs a language tag. Since it's a text diagram, it should be tagged [0mtext[38;5;10m.
2. **Main recipe line 3**: En dash [0m–[38;5;10m needs to be replaced with a hyphen.
3. **Architecture companion**: Multiple bare [0m [38;5;10m[0m[38;5;10m [0m code blocks for pseudocode steps need [38;5;10mpseudocode[0m tags.[0m[0m
[0m[0m
Let me get all the architecture companion code fence lines:[0m[0m
Searching for: [38;5;141m^```[0m in [38;5;141m/tmp/ralph-worktrees/iter-1607/chapter14.10-architecture.md[0m[38;5;244m (using tool: grep)[0m
[38;5;10m ✓ [0mSuccessfully found [38;5;244m14 matches[0m in [38;5;244m1 files[0m under /tmp/ralph-worktrees/iter-1607/chapter14.10-architecture.md
[38;5;244m - Completed in 0.0s[0m

[38;5;141m> [0mLines 75, 110, 143, 147, 181, 185, 278, 282, 333, 337, 373, 430 are bare [38;5;10m [0m[38;5;10m[0m Searching for: [38;5;141m^##[0m in [38;5;141m/tmp/ralph-worktrees/iter-1607/chapter14.10-health-system-network-design.md[0m[38;5;244m (using tool: grep)[0m
[38;5;10m ✓ [0mSuccessfully found [38;5;244m12 matches[0m in [38;5;244m1 files[0m under /tmp/ralph-worktrees/iter-1607/chapter14.10-health-system-network-design.md (result is truncated)
[38;5;244m - Completed in 0.0s[0m

Searching for: [38;5;141m^#{2,3} [0m in [38;5;141m/tmp/ralph-worktrees/iter-1607/chapter14.10-health-system-network-design.md[0m[38;5;244m (using tool: grep)[0m
[38;5;10m ✓ [0mSuccessfully found [38;5;244m12 matches[0m in [38;5;244m1 files[0m under /tmp/ralph-worktrees/iter-1607/chapter14.10-health-system-network-design.md
[38;5;244m - Completed in 0.0s[0m

[38;5;141m> [0mStructure is correct. Now let me check the architecture companion headers:[0m[0m
Searching for: [38;5;141m^#{1,4} [0m in [38;5;141m/tmp/ralph-worktrees/iter-1607/chapter14.10-architecture.md[0m[38;5;244m (using tool: grep)[0m
[38;5;10m ✓ [0mSuccessfully found [38;5;244m13 matches[0m in [38;5;244m1 files[0m under /tmp/ralph-worktrees/iter-1607/chapter14.10-architecture.md
[38;5;244m - Completed in 0.0s[0m

[38;5;141m> [0mI notice the architecture companion has "The AWS Implementation" as H2, with subsections like "Why These Services", "Architecture Diagram", "Prerequisites", etc. as H3. Per the RECIPE-GUIDE, the architecture companion should have these at H2 level (backlink header, Why These Services, Architecture Diagram, Prerequisites, Ingredients, Pseudocode Walkthrough, Expected Results, Why This Isn't Production-Ready, Variations, Additional Resources, Estimated Implementation Time). [0m[0m
[0m[0m
However, the task says "Do not move sections." The nesting under "The AWS Implementation" is structural. I'll note this but won't restructure since the instruction says to fix only transition seams, not rewrite structure.[0m[0m
[0m[0m
Let me also check if there are any remaining references to AWS in the main recipe's General Architecture section or The Honest Take:[0m[0m
Reading file: [38;5;141m/tmp/ralph-worktrees/iter-1607/chapter14.10-health-system-network-design.md[0m, from line [38;5;141m100[0m to [38;5;141m121[0m[38;5;244m (using tool: read)[0m
[38;5;10m ✓ [0mSuccessfully read [38;5;244m1739 bytes[0m from /tmp/ralph-worktrees/iter-1607/chapter14.10-health-system-network-design.md
[38;5;244m - Completed in 0.0s[0m

[38;5;141m> [0mThe General Architecture Pattern section is clean and vendor-agnostic. The callout is well-placed. The Honest Take (lines 122-138) also looks clean from what I read earlier, with no AWS references.[0m[0m
[0m[0m
Now let me check the [38;5;10msagemaker[0m tag in the main recipe's tags section. The tags include [38;5;10msagemaker[0m, [38;5;10mstep-functions[0m, [38;5;10mquicksight[0m which are AWS-specific. Per the split model, the main recipe is supposed to be vendor-agnostic. However, the task says "do not move sections" and "do not add new claims." Tags are a borderline case, but since the task is specifically about transition seams and not restructuring, and since other completed recipes likely have AWS tags in the main file, I'll leave them. Let me verify by checking a Chapter 1 recipe for precedent:[0m[0m
Searching for: [38;5;141m^## Tags[0m in [38;5;141m/tmp/ralph-worktrees/iter-1607[0m ([38;5;141mchapter01*.md[0m)[38;5;244m (using tool: grep)[0m
[38;5;10m ✓ [0mSuccessfully found [38;5;244m10 matches[0m in [38;5;244m10 files[0m under /tmp/ralph-worktrees/iter-1607 (result is truncated)
[38;5;244m - Completed in 0.321s[0m

Reading file: [38;5;141m/tmp/ralph-worktrees/iter-1607/chapter01.08-eob-processing.md[0m, from line [38;5;141m249[0m to [38;5;141m253[0m[38;5;244m (using tool: read)[0m
[38;5;10m ✓ [0mSuccessfully read [38;5;244m343 bytes[0m from /tmp/ralph-worktrees/iter-1607/chapter01.08-eob-processing.md
[38;5;244m - Completed in 0.0s[0m

[38;5;141m> [0mGood, AWS service names in tags is standard practice per Chapter 1. I'll leave the tags alone.[0m[0m
[0m[0m
Now let me also check the architecture companion's "Code" section header. The RECIPE-GUIDE says it should be "Pseudocode Walkthrough" with the subsection header "Walkthrough." Currently it's "### Code" with "#### Walkthrough" underneath. This is a structural naming difference but the task says not to move sections. I'll leave it.[0m[0m
[0m[0m
Let me also look at the architecture companion for a missing "Additional Resources" section issue. It has one at line 472. Let me check if "Estimated Implementation Time" has a navigation footer:[0m[0m
Reading file: [38;5;141m/tmp/ralph-worktrees/iter-1607/chapter14.10-architecture.md[0m, from line [38;5;141m495[0m to end of file[38;5;244m (using tool: read)[0m
[38;5;10m ✓ [0mSuccessfully read [38;5;244m551 bytes[0m from /tmp/ralph-worktrees/iter-1607/chapter14.10-architecture.md
[38;5;244m - Completed in 0.0s[0m

[38;5;141m> [0mThere's a double [38;5;10m---[0m separator (lines 503-505 area). That's a minor formatting issue I can clean up.[0m[0m
[0m[0m
Now I have the full picture of what needs fixing:[0m[0m
[0m[0m
1. [1mMain recipe line 3[22m: En dash [38;5;10m–[0m → hyphen [38;5;10m-[0m[0m[0m
2. [1mMain recipe line 102[22m: Bare [38;5;10m [0m[38;5;10m[0m [38;5;10m code block → [0m [38;5;10m[0m[38;5;10mtext [0m[0m[0m
3. [1mArchitecture companion lines 110, 147, 185, 282, 337[22m: Bare [38;5;10m [0m[38;5;10m[0m [38;5;10m pseudocode openings → [0m [38;5;10m[0m[38;5;10mpseudocode [0m[0m[0m
4. [1mArchitecture companion[22m: Double [38;5;10m---[0m separator before the navigation footer[0m[0m
[0m[0m
Let me apply these fixes:[0m[0m
I'll modify the following file: [38;5;141mchapter14.10-health-system-network-design.md[0m[38;5;244m (using tool: write)[0m

[49m[38;5;9m- 3   [0m:[38;5;9m[49m **Complexity:** Complex · **Phase:** Strategic Planning · **Estimated Cost:** ~$2,000–$15,000 per optimization run (compute-intensive)
[0m[49m[38;5;10m+    3[0m:[38;5;10m[49m **Complexity:** Complex · **Phase:** Strategic Planning · **Estimated Cost:** ~$2,000-$15,000 per optimization run (compute-intensive)
[0m[K
Updating: [38;5;141mchapter14.10-health-system-network-design.md[0m
[38;5;244m - Completed in 0.1s[0m

I'll modify the following file: [38;5;141mchapter14.10-health-system-network-design.md[0m[38;5;244m (using tool: write)[0m

[49m[38;5;9m- 102     [0m:[38;5;9m[49m ```
[0m[49m[38;5;10m+      102[0m:[38;5;10m[49m ```text
[0m[49m[39m  103, 103[0m:[39m[49m [Data Integration] → [Demand Forecasting] → [Model Formulation] → [Optimization] → [Scenario Analysis] → [Decision Support Dashboard]
[0m[49m[39m  104, 104[0m:[39m[49m ```
[0m[K
Updating: [38;5;141mchapter14.10-health-system-network-design.md[0m
[38;5;244m - Completed in 0.0s[0m

[38;5;141m> [0mNow for the architecture companion, let me fix the pseudocode blocks. I need to get the exact opening lines:[0m[0m
Batch fs_read operation with [38;5;141m5[0m operations[38;5;244m (using tool: read)[0m

↱ Operation 1: Reading file: [38;5;141m/tmp/ralph-worktrees/iter-1607/chapter14.10-architecture.md[0m, from line [38;5;141m109[0m to [38;5;141m111[0m
↱ Operation 2: Reading file: [38;5;141m/tmp/ralph-worktrees/iter-1607/chapter14.10-architecture.md[0m, from line [38;5;141m146[0m to [38;5;141m148[0m
↱ Operation 3: Reading file: [38;5;141m/tmp/ralph-worktrees/iter-1607/chapter14.10-architecture.md[0m, from line [38;5;141m184[0m to [38;5;141m186[0m
↱ Operation 4: Reading file: [38;5;141m/tmp/ralph-worktrees/iter-1607/chapter14.10-architecture.md[0m, from line [38;5;141m281[0m to [38;5;141m283[0m
↱ Operation 5: Reading file: [38;5;141m/tmp/ralph-worktrees/iter-1607/chapter14.10-architecture.md[0m, from line [38;5;141m336[0m to [38;5;141m338[0m
[38;5;10m ✓ [0mSuccessfully read [38;5;244m94 bytes[0m from /tmp/ralph-worktrees/iter-1607/chapter14.10-architecture.md

[38;5;10m ✓ [0mSuccessfully read [38;5;244m90 bytes[0m from /tmp/ralph-worktrees/iter-1607/chapter14.10-architecture.md

[38;5;10m ✓ [0mSuccessfully read [38;5;244m97 bytes[0m from /tmp/ralph-worktrees/iter-1607/chapter14.10-architecture.md

[38;5;10m ✓ [0mSuccessfully read [38;5;244m59 bytes[0m from /tmp/ralph-worktrees/iter-1607/chapter14.10-architecture.md

[38;5;10m ✓ [0mSuccessfully read [38;5;244m71 bytes[0m from /tmp/ralph-worktrees/iter-1607/chapter14.10-architecture.md

 ⋮ 

[38;5;244m- [0mSummary: 5 operations processed, 5 successful, 0 failed
[38;5;244m - Completed in 0.1s[0m

I'll modify the following file: [38;5;141mchapter14.10-architecture.md[0m[38;5;244m (using tool: write)[0m

[49m[38;5;9m- 110     [0m:[38;5;9m[49m ```
[0m[49m[38;5;10m+      110[0m:[38;5;10m[49m ```pseudocode
[0m[49m[39m  111, 111[0m:[39m[49m FUNCTION build_demand_zones(patient_origin_data, demographic_projections, service_lines):
[0m[K
I'll modify the following file: [38;5;141mchapter14.10-architecture.md[0m[38;5;244m (using tool: write)[0m

[49m[38;5;9m- 147     [0m:[38;5;9m[49m ```
[0m[49m[38;5;10m+      147[0m:[38;5;10m[49m ```pseudocode
[0m[49m[39m  148, 148[0m:[39m[49m FUNCTION estimate_gravity_model(patient_flows, facility_attributes, zone_attributes):
[0m[K
I'll modify the following file: [38;5;141mchapter14.10-architecture.md[0m[38;5;244m (using tool: write)[0m

[49m[38;5;9m- 185     [0m:[38;5;9m[49m ```
[0m[49m[38;5;10m+      185[0m:[38;5;10m[49m ```pseudocode
[0m[49m[39m  186, 186[0m:[39m[49m FUNCTION formulate_network_model(zones, facilities, service_lines, parameters, constraints):
[0m[K
I'll modify the following file: [38;5;141mchapter14.10-architecture.md[0m[38;5;244m (using tool: write)[0m

[49m[38;5;9m- 282     [0m:[38;5;9m[49m ```
[0m[49m[38;5;10m+      282[0m:[38;5;10m[49m ```pseudocode
[0m[49m[39m  283, 283[0m:[39m[49m FUNCTION run_scenario_analysis(base_model, scenarios):
[0m[K
I'll modify the following file: [38;5;141mchapter14.10-architecture.md[0m[38;5;244m (using tool: write)[0m

[49m[38;5;9m- 337     [0m:[38;5;9m[49m ```
[0m[49m[38;5;10m+      337[0m:[38;5;10m[49m ```pseudocode
[0m[49m[39m  338, 338[0m:[39m[49m FUNCTION compute_sensitivity_and_present(results, key_parameters):
[0m[K
Updating: [38;5;141mchapter14.10-architecture.md[0m
[38;5;244m - Completed in 0.0s[0m

Updating: [38;5;141mchapter14.10-architecture.md[0m
[38;5;244m - Completed in 0.0s[0m

Updating: [38;5;141mchapter14.10-architecture.md[0m
[38;5;244m - Completed in 0.0s[0m

Updating: [38;5;141mchapter14.10-architecture.md[0m
[38;5;244m - Completed in 0.0s[0m

Updating: [38;5;141mchapter14.10-architecture.md[0m
[38;5;244m - Completed in 0.0s[0m

[38;5;141m> [0mNow fix the double separator in the architecture companion:[0m[0m
Reading file: [38;5;141m/tmp/ralph-worktrees/iter-1607/chapter14.10-architecture.md[0m, from line [38;5;141m500[0m to end of file[38;5;244m (using tool: read)[0m
[38;5;10m ✓ [0mSuccessfully read [38;5;244m389 bytes[0m from /tmp/ralph-worktrees/iter-1607/chapter14.10-architecture.md
[38;5;244m - Completed in 0.0s[0m

I'll modify the following file: [38;5;141mchapter14.10-architecture.md[0m[38;5;244m (using tool: write)[0m

[49m[39m  501, 501[0m:[39m[49m | **With variations** (multi-period staging, competitive response, equity constraints) | 12-18 months |
[0m[49m[39m  502, 502[0m:[39m[49m 
[0m[49m[39m  503, 503[0m:[39m[49m ---
[0m[49m[39m  504, 504[0m:[39m[49m 
[0m[49m[38;5;9m- 505     [0m:[38;5;9m[49m 
[0m[49m[38;5;9m- 506     [0m:[38;5;9m[49m ---
[0m[49m[38;5;9m- 507     [0m:[38;5;9m[49m 
[0m[49m[39m  508, 505[0m:[39m[49m *← [Main Recipe 14.10](chapter14.10-health-system-network-design) · [Python Example](chapter14.10-python-example) · [Chapter Preface](chapter14-preface)*
[0m[K
Updating: [38;5;141mchapter14.10-architecture.md[0m
[38;5;244m - Completed in 0.0s[0m

[38;5;141m> [0mNow let me do a final verification pass on both files to ensure no remaining issues:[0m[0m
[0m[0m
[0m[0m
[0m[0m
Searching for: [38;5;141m—|–[0m in [38;5;141m/tmp/ralph-worktrees/iter-1607/chapter14.10-health-system-network-design.md[0m[38;5;244m (using tool: grep)[0mSearching for: [38;5;141m—|–[0m in [38;5;141m/tmp/ralph-worktrees/iter-1607/chapter14.10-architecture.md[0m[38;5;244m (using tool: grep)[0mSearching for: [38;5;141m^```[^a-z]|^```$[0m in [38;5;141m/tmp/ralph-worktrees/iter-1607/chapter14.10-architecture.md[0m[38;5;244m (using tool: grep)[0mSearching for: [38;5;141m^```[^a-z]|^```$[0m in [38;5;141m/tmp/ralph-worktrees/iter-1607/chapter14.10-health-system-network-design.md[0m[38;5;244m (using tool: grep)[0m
[38;5;9m ❗ [0mNo matches found for pattern: [38;5;244m—|–[0m under /tmp/ralph-worktrees/iter-1607/chapter14.10-health-system-network-design.md
[38;5;244m - Completed in 0.0s[0m


[38;5;9m ❗ [0mNo matches found for pattern: [38;5;244m—|–[0m under /tmp/ralph-worktrees/iter-1607/chapter14.10-architecture.md
[38;5;244m - Completed in 0.0s[0m


[38;5;10m ✓ [0mSuccessfully found [38;5;244m7 matches[0m in [38;5;244m1 files[0m under /tmp/ralph-worktrees/iter-1607/chapter14.10-architecture.md (result is truncated)
[38;5;244m - Completed in 0.0s[0m


[38;5;10m ✓ [0mSuccessfully found [38;5;244m1 matches[0m in [38;5;244m1 files[0m under /tmp/ralph-worktrees/iter-1607/chapter14.10-health-system-network-design.md
[38;5;244m - Completed in 0.0s[0m

[38;5;141m> [0mThe remaining bare [38;5;10m [0m[38;5;10m[0m [38;5;10m matches are closing fences (not opening fences). Let me verify:

- Line 75: closes the mermaid block (opened at 29)
- Lines 143, 181, 278, 333: close pseudocode blocks

And line 104 in the main recipe is the closing fence of the [0mtext[38;5;10m block. These are all closing fences, which correctly don't have language tags.

Let me also verify the [0mjsonSearching for: [38;5;141m^```[a-z][0m in [38;5;141m/tmp/ralph-worktrees/iter-1607/chapter14.10-architecture.md[0m[38;5;244m (using tool: grep)[0m
[38;5;10m ✓ [0mSuccessfully found [38;5;244m7 matches[0m in [38;5;244m1 files[0m under /tmp/ralph-worktrees/iter-1607/chapter14.10-architecture.md (result is truncated)
[38;5;244m - Completed in 0.0s[0m

Searching for: [38;5;141m^```[a-z][0m in [38;5;141m/tmp/ralph-worktrees/iter-1607/chapter14.10-architecture.md[0m[38;5;244m (using tool: grep)[0m
[38;5;10m ✓ [0mSuccessfully found [38;5;244m7 matches[0m in [38;5;244m1 files[0m under /tmp/ralph-worktrees/iter-1607/chapter14.10-architecture.md
[38;5;244m - Completed in 0.0s[0m

[38;5;141m> [0mAll 7 opening code fences now have language tags. Let me also quickly check closing fences match up: 7 opening + 7 closing = 14 total [38;5;10m [0m[38;5;10m[0m Searching for: [38;5;141m^```[0m in [38;5;141m/tmp/ralph-worktrees/iter-1607/chapter14.10-architecture.md[0m[38;5;244m (using tool: grep)[0m
[38;5;10m ✓ [0mSuccessfully found [38;5;244m14 matches[0m in [38;5;244m1 files[0m under /tmp/ralph-worktrees/iter-1607/chapter14.10-architecture.md
[38;5;244m - Completed in 0.0s[0m

[38;5;141m> [0m14 total: 7 opening (with tags) + 7 closing = correct.[0m[0m
[0m[0m
Now let me also verify the architecture companion opens cleanly. Let me re-read the opening:[0m[0m
Reading file: [38;5;141m/tmp/ralph-worktrees/iter-1607/chapter14.10-architecture.md[0m, from line [38;5;141m1[0m to [38;5;141m8[0m[38;5;244m (using tool: read)[0m
[38;5;10m ✓ [0mSuccessfully read [38;5;244m375 bytes[0m from /tmp/ralph-worktrees/iter-1607/chapter14.10-architecture.md
[38;5;244m - Completed in 0.0s[0m

[38;5;141m> [0mThe architecture companion opens cleanly with the backlink header as required by RECIPE-GUIDE.[0m[0m
[0m[0m
Let me also verify there's no TODO comment in the architecture file referencing something that should be in the main recipe:[0m[0m
Searching for: [38;5;141mTODO[0m in [38;5;141m/tmp/ralph-worktrees/iter-1607/chapter14.10-architecture.md[0m[38;5;244m (using tool: grep)[0m
[38;5;10m ✓ [0mSuccessfully found [38;5;244m2 matches[0m in [38;5;244m1 files[0m under /tmp/ralph-worktrees/iter-1607/chapter14.10-architecture.md
[38;5;244m - Completed in 0.0s[0m

[38;5;141m> [0mBoth TODOs are appropriate in the architecture companion (AWS-specific concerns). I'll leave them as-is per instructions to preserve TODO markers from other personas.[0m[0m
[0m[0m
Let me do one final check: confirm the main recipe's callout link format matches the actual filename:[0m[0m
[0m[0m
The callout says [38;5;10m[Architecture and Implementation companion](chapter14.10-architecture)[0m and the file is [38;5;10mchapter14.10-architecture.md[0m. Good, relative links without [38;5;10m.md[0m extension are the standard pattern in this project.[0m[0m
[0m[0m
All edits are complete. Here's the summary:[0m[0m
[0m[0m
[1mEdits applied to [38;5;10mchapter14.10-health-system-network-design.md[0m:[22m[0m[0m
- Line 3: Replaced en dash ([38;5;10m–[0m) with hyphen ([38;5;10m-[0m) in cost range[0m[0m
- Line 102: Added [38;5;10mtext[0m language tag to the architecture pipeline diagram code fence[0m[0m
[0m[0m
[1mEdits applied to [38;5;10mchapter14.10-architecture.md[0m:[22m[0m[0m
- Lines 110, 147, 185, 282, 337: Added [38;5;10mpseudocode[0m language tag to all five bare code fence openings[0m[0m
- Removed duplicate [38;5;10m---[0m separator before the navigation footer[0m[0m
[0m[0m
[1mVerified clean (no changes needed):[22m[0m[0m
- No em dashes (U+2014) in either file[0m[0m
- Main recipe's General Architecture section is vendor-agnostic with no dangling AWS references[0m[0m
- The Honest Take section contains no AWS-specific references that belong in the companion[0m[0m
- Architecture callout is correctly placed at end of General Architecture Pattern[0m[0m
- Architecture companion opens with proper backlink header[0m[0m
- Existing TODO markers preserved[0m[0m
[38;5;252m[0m[?25l[?25l[0m[0m[?25l[0m[?25l[0m[0m[?25l[0m[?25l[0m[0m[?25l[0m[?25l[0m[0m[?25l[0m[?25l[0m[0m[?25l[0m[?25l[?25l[0m[0m[?25l[0m[?25l[0m[0m[?25l[0m[?25l[0m[0m[?25l[0m[?25l[0m[0m[?25l[0m[?25l[0m[0m[?25l[0m[?25l[0m[0m[?25l[0m[?25l[0m[0m[?25l[0m[?25l[0m[0m[?25l[0m[?25l[0m[0m[?25l[0m[?25l[0m[0m[?25l[0m[?25l[0m[0m[?25l[0m[?25l[0m[0m[?25l[0m[?25l[0m[0m[?25l[0m[?25l[?25l[?25l[?25l[?25l[0m[0m[?25l[0m[?25l[0m[0m[?25l[0m[?25l[0m[0m[?25l[0m[?25l[?25l[?25l[?25l[0m[0m[?25l[0m[?25l[0m[0m[?25l[0m[?25l[0m[0m[?25l[0m[?25l[0m[0m[?25l[0m[?25l[0m[0m[?25l[0m[?25l[0m[0m[?25l[0m[0m[0m
[38;5;8m
 ▸ Credits: 16.98 • Time: 2m 31s

[0m[1G[0m[0m[?25h- Section order unchanged in both files[38;5;11mWARNING: [0mDuplicate agent with name [38;5;10mmeshclaw-lite[0m was found in the global directory.
[0m[38;5;9mError: [0mJson supplied at /home/lawsnic/.kiro/agents/AmazonBuilderCoreAIAgents-amzn-builder.json is invalid: unknown field `permissions`, expected one of `$schema`, `name`, `description`, `prompt`, `mcpServers`, `tools`, `toolAliases`, `allowedTools`, `resources`, `hooks`, `toolsSettings`, `includeMcpJson`, `useLegacyMcpJson`, `model`, `keyboardShortcut`, `welcomeMessage` at line 3 column 16
[32mAll tools are now trusted ([0m[31m![0m[32m). Kiro will execute tools without asking for confirmation.[0m
Agents can sometimes do unexpected things so understand the risks.

Learn more at [38;5;141mhttps://kiro.dev/docs/cli/chat/security/#using-tools-trust-all-safely[0m



Batch fs_read operation with [38;5;141m2[0m operations[38;5;244m (using tool: read)[0m

↱ Operation 1: Reading file: [38;5;141m/tmp/ralph-worktrees/iter-1607/chapter14.10-health-system-network-design.md[0m, all lines
↱ Operation 2: Reading file: [38;5;141m/tmp/ralph-worktrees/iter-1607/chapter14.10-architecture.md[0m, all lines
[38;5;10m ✓ [0mSuccessfully read [38;5;244m15000 bytes[0m from /tmp/ralph-worktrees/iter-1607/chapter14.10-health-system-network-design.md

[38;5;10m ✓ [0mSuccessfully read [38;5;244m30662 bytes[0m from /tmp/ralph-worktrees/iter-1607/chapter14.10-architecture.md

 ⋮ 

[38;5;244m- [0mSummary: 2 operations processed, 2 successful, 0 failed
[38;5;244m - Completed in 0.0s[0m

[38;5;141m> [0mNow let me check for em dashes and verify the structure:[0m[0m
Searching for: [38;5;141m—[0m in [38;5;141m/tmp/ralph-worktrees/iter-1607[0m ([38;5;141mchapter14.10*[0m)[38;5;244m (using tool: grep)[0m
[38;5;9m ❗ [0mNo matches found for pattern: [38;5;244m—[0m under /tmp/ralph-worktrees/iter-1607
[38;5;244m - Completed in 0.327s[0m

[38;5;141m> [0mNo em dashes found. Let me verify the key structural elements:[0m[0m
[0m[0m
1. [1mMain recipe callout to architecture companion[22m - Present at line starting with [38;5;10m> **The AWS build lives in a companion page.**[0m - well-placed between General Architecture and The Honest Take sections.[0m[0m
[0m[0m
2. [1mMain recipe "The Honest Take"[22m - I need to check for dangling AWS references in this section and in the General Architecture section.[0m[0m
[0m[0m
Let me check for AWS references in the main recipe outside the callout:[0m[0m
Searching for: [38;5;141mAWS|SageMaker|S3|Lambda|Step Functions|QuickSight|Glue|Redshift[0m in [38;5;141m/tmp/ralph-worktrees/iter-1607[0m ([38;5;141mchapter14.10-health-system-network-design.md[0m)[38;5;244m (using tool: grep)[0m
[38;5;10m ✓ [0mSuccessfully found [38;5;244m2 matches[0m in [38;5;244m1 files[0m under /tmp/ralph-worktrees/iter-1607
[38;5;244m - Completed in 0.65s[0m

[38;5;141m> [0mThe only AWS references in the main recipe are:[0m[0m
1. The callout block (expected and correct)[0m[0m
2. Tags at the bottom ([38;5;10msagemaker[0m, [38;5;10mstep-functions[0m, [38;5;10mquicksight[0m) - these are metadata tags, not dangling content references[0m[0m
[0m[0m
Now let me verify the architecture companion has a proper backlink to the main recipe:[0m[0m
[0m[0m
The companion opens with:[0m[0m
[38;5;244m│ *Companion to [Recipe 14.10: Health System Network Design](chapter14.10-health-system-network-design). This page covers the AWS architecture, services, prerequisites, and pseudocode. For the problem framing and the conceptual approach, start with the main recipe.*[0m[0m
[0m[0m
And closes with:[0m[0m
[38;5;244m│ *← [Main Recipe 14.10](chapter14.10-health-system-network-design) · [Python Example](chapter14.10-python-example) · [Chapter Preface](chapter14-preface)*[0m[0m
[0m[0m
Both backlinks are intact. The pseudocode in the companion is complete and intact (Steps 1-5 with full code blocks).[0m[0m
[0m[0m
Let me also verify the main recipe's General Architecture section doesn't reference anything that moved:[0m[0m
[0m[0m
The "General Architecture Pattern" section in the main recipe describes a vendor-agnostic pipeline flow ([38;5;10m[Data Integration] → [Demand Forecasting] → ...[0m) with descriptions that don't reference specific AWS services. It reads cleanly as a standalone conceptual architecture.[0m[0m
[0m[0m
The Honest Take section discusses data quality, gravity model calibration, politics, uncertainty, and minimum volume constraints - all conceptual, no AWS service references.[0m[0m
[0m[0m
[38;5;252m[0m[?25l[?25l[0m[0m[?25l[0m[?25l[0m[0m[?25l[0m[?25l[0m[0m[?25l[0m[0m[0m
[38;5;8m
 ▸ Credits: 2.50 • Time: 27s

[0m[1G[0m[0m[?25h{"verdict": "pass", "rationale": "Main recipe reads as a coherent standalone document with clear sections (The Problem, The Technology with solver and formulation details, General Architecture as vendor-agnostic pipeline, The Honest Take). The architecture callout is well-placed between General Architecture and The Honest Take, pointing to the companion for AWS services, diagram, prerequisites, and pseudocode. No dangling AWS references in the main body (only the callout and metadata tags). The architecture companion opens with a backlink to the main recipe and contains intact pseudocode (5 steps). No em dashes found in either file."}