# parallel_worker header: concurrency_limit=4 batch_id=batch-1779676515044-000008-f8d5c51ab453e783 iteration=137 task_id=ch12-r01-draft persona=TechWriter
[32mAll tools are now trusted ([0m[31m![0m[32m). Kiro will execute tools without asking for confirmation.[0m
Agents can sometimes do unexpected things so understand the risks.

Learn more at [38;5;141mhttps://kiro.dev/docs/cli/chat/security/#using-tools-trust-all-safely[0m



Reading directory: [38;5;141mC:\Users\lawsnic\OneDrive - amazon.com\Documents\HCLS-ai-book\.ralph\worktrees\iter-137[0m[38;5;244m (using tool: read, max depth: 1, max entries: 1000, excluding: defaults)[0m
[38;5;10m ✓ [0mSuccessfully read directory [38;5;141mC:\Users\lawsnic\OneDrive - amazon.com\Documents\HCLS-ai-book\.ralph\worktrees\iter-137[0m [38;5;244m(showing 1000 of 1258 entries, offset: 0)[0m
[38;5;244m - Completed in 0.25s[0m

Searching for files: [38;5;141m**/{STYLE-GUIDE,RECIPE-GUIDE,_Sidebar}.md[0m[38;5;244m (using tool: glob)[0mSearching for files: [38;5;141m**/categories/12-*.md[0m[38;5;244m (using tool: glob)[0mSearching for files: [38;5;141mchapter01.01-*.md[0m[38;5;244m (using tool: glob)[0m
[38;5;10m ✓ [0mSuccessfully found [38;5;244m3 files[0m under current directory
[38;5;244m - Completed in 0.16s[0m


[38;5;10m ✓ [0mSuccessfully found [38;5;244m1 files[0m under current directory
[38;5;244m - Completed in 0.20s[0m


[38;5;10m ✓ [0mSuccessfully found [38;5;244m3 files[0m under current directory
[38;5;244m - Completed in 0.17s[0m

Batch fs_read operation with [38;5;141m3[0m operations[38;5;244m (using tool: read)[0m

↱ Operation 1: Reading file: [38;5;141mC:\Users\lawsnic\OneDrive - amazon.com\Documents\HCLS-ai-book\.ralph\worktrees\iter-137\STYLE-GUIDE.md[0m, all lines
↱ Operation 2: Reading file: [38;5;141mC:\Users\lawsnic\OneDrive - amazon.com\Documents\HCLS-ai-book\.ralph\worktrees\iter-137\RECIPE-GUIDE.md[0m, all lines
↱ Operation 3: Reading file: [38;5;141mC:\Users\lawsnic\OneDrive - amazon.com\Documents\HCLS-ai-book\.ralph\worktrees\iter-137\categories\12-time-series.md[0m, all lines
[38;5;10m ✓ [0mSuccessfully read [38;5;244m3731 bytes[0m from C:\Users\lawsnic\OneDrive - amazon.com\Documents\HCLS-ai-book\.ralph\worktrees\iter-137\STYLE-GUIDE.md

[38;5;10m ✓ [0mSuccessfully read [38;5;244m9026 bytes[0m from C:\Users\lawsnic\OneDrive - amazon.com\Documents\HCLS-ai-book\.ralph\worktrees\iter-137\RECIPE-GUIDE.md

[38;5;10m ✓ [0mSuccessfully read [38;5;244m4134 bytes[0m from C:\Users\lawsnic\OneDrive - amazon.com\Documents\HCLS-ai-book\.ralph\worktrees\iter-137\categories\12-time-series.md

 ⋮ 

[38;5;244m- [0mSummary: 3 operations processed, 3 successful, 0 failed
[38;5;244m - Completed in 0.2s[0m

Batch fs_read operation with [38;5;141m2[0m operations[38;5;244m (using tool: read)[0m

↱ Operation 1: Reading file: [38;5;141mC:\Users\lawsnic\OneDrive - amazon.com\Documents\HCLS-ai-book\.ralph\worktrees\iter-137\chapter01.01-insurance-card-scanning.md[0m, all lines
↱ Operation 2: Reading file: [38;5;141mC:\Users\lawsnic\OneDrive - amazon.com\Documents\HCLS-ai-book\.ralph\worktrees\iter-137\_Sidebar.md[0m, all lines
[38;5;10m ✓ [0mSuccessfully read [38;5;244m33716 bytes[0m from C:\Users\lawsnic\OneDrive - amazon.com\Documents\HCLS-ai-book\.ralph\worktrees\iter-137\chapter01.01-insurance-card-scanning.md

[38;5;10m ✓ [0mSuccessfully read [38;5;244m10419 bytes[0m from C:\Users\lawsnic\OneDrive - amazon.com\Documents\HCLS-ai-book\.ralph\worktrees\iter-137\_Sidebar.md

 ⋮ 

[38;5;244m- [0mSummary: 2 operations processed, 2 successful, 0 failed
[38;5;244m - Completed in 0.0s[0m

Searching for files: [38;5;141mchapter12*.md[0m[38;5;244m (using tool: glob)[0mSearching for files: [38;5;141mchapter11.0[1-2]*.md[0m[38;5;244m (using tool: glob)[0m
[38;5;9m ❗ [0mNo files found matching pattern: [38;5;244mchapter12*.md[0m under current directory
[38;5;244m - Completed in 0.19s[0m


[38;5;10m ✓ [0mSuccessfully found [38;5;244m8 files[0m under current directory
[38;5;244m - Completed in 0.16s[0m

Searching for files: [38;5;141mplanning/phase2-12*.md[0m[38;5;244m (using tool: glob)[0mReading file: [38;5;141mC:\Users\lawsnic\OneDrive - amazon.com\Documents\HCLS-ai-book\.ralph\worktrees\iter-137\planning\phase2-12-time-series.md[0m, all lines[38;5;244m (using tool: read)[0m
[38;5;10m ✓ [0mSuccessfully found [38;5;244m1 files[0m under current directory
[38;5;244m - Completed in 0.5s[0m


[38;5;10m ✓ [0mSuccessfully read [38;5;244m4134 bytes[0m from C:\Users\lawsnic\OneDrive - amazon.com\Documents\HCLS-ai-book\.ralph\worktrees\iter-137\planning\phase2-12-time-series.md
[38;5;244m - Completed in 0.0s[0m

Batch fs_read operation with [38;5;141m3[0m operations[38;5;244m (using tool: read)[0m

↱ Operation 1: Reading file: [38;5;141mC:\Users\lawsnic\OneDrive - amazon.com\Documents\HCLS-ai-book\.ralph\worktrees\iter-137\specs\ch12-r01-draft.md[0m, all lines
↱ Operation 2: Reading file: [38;5;141mC:\Users\lawsnic\OneDrive - amazon.com\Documents\HCLS-ai-book\.ralph\worktrees\iter-137\specs\ch12-preface.md[0m, all lines
↱ Operation 3: Reading file: [38;5;141mC:\Users\lawsnic\OneDrive - amazon.com\Documents\HCLS-ai-book\.ralph\worktrees\iter-137\chapter11.01-faq-chatbot.md[0m, from line [38;5;141m1[0m to [38;5;141m200[0m
[38;5;10m ✓ [0mSuccessfully read [38;5;244m869 bytes[0m from C:\Users\lawsnic\OneDrive - amazon.com\Documents\HCLS-ai-book\.ralph\worktrees\iter-137\specs\ch12-r01-draft.md

[38;5;10m ✓ [0mSuccessfully read [38;5;244m923 bytes[0m from C:\Users\lawsnic\OneDrive - amazon.com\Documents\HCLS-ai-book\.ralph\worktrees\iter-137\specs\ch12-preface.md

[38;5;10m ✓ [0mSuccessfully read [38;5;244m32943 bytes[0m from C:\Users\lawsnic\OneDrive - amazon.com\Documents\HCLS-ai-book\.ralph\worktrees\iter-137\chapter11.01-faq-chatbot.md

 ⋮ 

[38;5;244m- [0mSummary: 3 operations processed, 3 successful, 0 failed
[38;5;244m - Completed in 0.2s[0m

[38;5;141m> [0mI have what I need. Let me look at one more thing to verify the chapter 11 preface and chapter 11 recipe footer/related to understand current cross-referencing conventions:[0m[0m
Reading file: [38;5;141mC:\Users\lawsnic\OneDrive - amazon.com\Documents\HCLS-ai-book\.ralph\worktrees\iter-137\chapter11.01-faq-chatbot.md[0m, from line [38;5;141m800[0m to end of file[38;5;244m (using tool: read)[0m
[38;5;10m ✓ [0mSuccessfully read [38;5;244m65672 bytes[0m from C:\Users\lawsnic\OneDrive - amazon.com\Documents\HCLS-ai-book\.ralph\worktrees\iter-137\chapter11.01-faq-chatbot.md
[38;5;244m - Completed in 0.1s[0m

[38;5;141m> [0mNow I have full context. Let me draft the recipe. Given the depth of completed recipes, I'll write a thorough, educational treatment of appointment volume forecasting.[0m[0m
