# parallel_worker header: concurrency_limit=2 batch_id=batch-1779711912951-000052-e3af8ccf8b3a6b4c iteration=264 task_id=ch11-r08-expert-review persona=TechExpertReviewer
[32mAll tools are now trusted ([0m[31m![0m[32m). Kiro will execute tools without asking for confirmation.[0m
Agents can sometimes do unexpected things so understand the risks.

Learn more at [38;5;141mhttps://kiro.dev/docs/cli/chat/security/#using-tools-trust-all-safely[0m



Reading directory: [38;5;141mC:\Users\lawsnic\OneDrive - amazon.com\Documents\HCLS-ai-book\.ralph\worktrees\iter-264[0m[38;5;244m (using tool: read, max depth: 1, max entries: 1000, excluding: defaults)[0m
[38;5;10m ✓ [0mSuccessfully read directory [38;5;141mC:\Users\lawsnic\OneDrive - amazon.com\Documents\HCLS-ai-book\.ralph\worktrees\iter-264[0m [38;5;244m(showing 1000 of 1258 entries, offset: 0)[0m
[38;5;244m - Completed in 0.25s[0m

Batch fs_read operation with [38;5;141m2[0m operations[38;5;244m (using tool: read)[0m

↱ Operation 1: Reading file: [38;5;141mC:\Users\lawsnic\OneDrive - amazon.com\Documents\HCLS-ai-book\.ralph\worktrees\iter-264\specs\ch11-r08-draft.md[0m, all lines
↱ Operation 2: Reading directory: [38;5;141mC:\Users\lawsnic\OneDrive - amazon.com\Documents\HCLS-ai-book\.ralph\worktrees\iter-264[0m
[38;5;10m ✓ [0mSuccessfully read [38;5;244m849 bytes[0m from C:\Users\lawsnic\OneDrive - amazon.com\Documents\HCLS-ai-book\.ralph\worktrees\iter-264\specs\ch11-r08-draft.md

[38;5;10m ✓ [0mSuccessfully read directory [38;5;141mC:\Users\lawsnic\OneDrive - amazon.com\Documents\HCLS-ai-book\.ralph\worktrees\iter-264[0m [38;5;244m(168 entries)[0m

 ⋮ 

[38;5;244m- [0mSummary: 2 operations processed, 2 successful, 0 failed
[38;5;244m - Completed in 0.4s[0m

Batch fs_read operation with [38;5;141m2[0m operations[38;5;244m (using tool: read)[0m

↱ Operation 1: Reading file: [38;5;141mC:\Users\lawsnic\OneDrive - amazon.com\Documents\HCLS-ai-book\.ralph\worktrees\iter-264\chapter11.08-mental-health-support-bot.md[0m, all lines
↱ Operation 2: Reading file: [38;5;141mC:\Users\lawsnic\OneDrive - amazon.com\Documents\HCLS-ai-book\.ralph\worktrees\iter-264\STYLE-GUIDE.md[0m, all lines
[38;5;10m ✓ [0mSuccessfully read [38;5;244m211204 bytes[0m from C:\Users\lawsnic\OneDrive - amazon.com\Documents\HCLS-ai-book\.ralph\worktrees\iter-264\chapter11.08-mental-health-support-bot.md

[38;5;10m ✓ [0mSuccessfully read [38;5;244m3731 bytes[0m from C:\Users\lawsnic\OneDrive - amazon.com\Documents\HCLS-ai-book\.ralph\worktrees\iter-264\STYLE-GUIDE.md

 ⋮ 

[38;5;244m- [0mSummary: 2 operations processed, 2 successful, 0 failed
[38;5;244m - Completed in 0.2s[0m

Batch fs_read operation with [38;5;141m2[0m operations[38;5;244m (using tool: read)[0m

↱ Operation 1: Reading file: [38;5;141mC:\Users\lawsnic\OneDrive - amazon.com\Documents\HCLS-ai-book\.ralph\worktrees\iter-264\RECIPE-GUIDE.md[0m, all lines
↱ Operation 2: Reading file: [38;5;141mC:\Users\lawsnic\OneDrive - amazon.com\Documents\HCLS-ai-book\.ralph\worktrees\iter-264\reviews\chapter11.07-expert-review.md[0m, all lines
[38;5;10m ✓ [0mSuccessfully read [38;5;244m9026 bytes[0m from C:\Users\lawsnic\OneDrive - amazon.com\Documents\HCLS-ai-book\.ralph\worktrees\iter-264\RECIPE-GUIDE.md

[38;5;10m ✓ [0mSuccessfully read [38;5;244m181718 bytes[0m from C:\Users\lawsnic\OneDrive - amazon.com\Documents\HCLS-ai-book\.ralph\worktrees\iter-264\reviews\chapter11.07-expert-review.md

 ⋮ 

[38;5;244m- [0mSummary: 2 operations processed, 2 successful, 0 failed
[38;5;244m - Completed in 0.1s[0m

Searching for: [38;5;141m—[0m in [38;5;141mC:\Users\lawsnic\OneDrive - amazon.com\Documents\HCLS-ai-book\.ralph\worktrees\iter-264\chapter11.08-mental-health-support-bot.md[0m[38;5;244m (using tool: grep)[0mReading file: [38;5;141mC:\Users\lawsnic\OneDrive - amazon.com\Documents\HCLS-ai-book\.ralph\worktrees\iter-264\reviews\chapter11.06-expert-review.md[0m, from line [38;5;141m1[0m to [38;5;141m80[0m[38;5;244m (using tool: read)[0m
[38;5;9m ❗ [0mNo matches found for pattern: [38;5;244m—[0m under C:\Users\lawsnic\OneDrive - amazon.com\Documents\HCLS-ai-book\.ralph\worktrees\iter-264\chapter11.08-mental-health-support-bot.md
[38;5;244m - Completed in 0.1s[0m


[38;5;10m ✓ [0mSuccessfully read [38;5;244m27909 bytes[0m from C:\Users\lawsnic\OneDrive - amazon.com\Documents\HCLS-ai-book\.ralph\worktrees\iter-264\reviews\chapter11.06-expert-review.md
[38;5;244m - Completed in 0.1s[0m

I will run the following command: [38;5;141mpowershell -Command "$content = Get-Content 'C:\Users\lawsnic\OneDrive - amazon.com\Documents\HCLS-ai-book\.ralph\worktrees\iter-264\chapter11.08-mental-health-support-bot.md' -Raw; $emdash = [char]0x2014; $count = ([regex]::Matches($content, $emdash)).Count; Write-Output \"Em dashes (U+2014): $count\"; $endash = [char]0x2013; $endashcount = ([regex]::Matches($content, $endash)).Count; Write-Output \"En dashes (U+2013): $endashcount\""[0m[38;5;244m (using tool: shell)[0m
Purpose: Count em-dash and en-dash characters in the recipe

U+2014 : The term 'U+2014' is not recognized as the name of a cmdlet, function, script file, or operable program. 
Check the spelling of the name, or if a path was included, verify that the path is correct and try again.
At line:1 char:287
+ ... s($content, $emdash)).Count; Write-Output \"Em dashes (U+2014): $coun ...
+                                                            ~~~~~~
    + CategoryInfo          : ObjectNotFound: (U+2014:String) [], CommandNotFoundException
    + FullyQualifiedErrorId : CommandNotFoundException
 
[38;5;244m - Completed in 1.689s[0m

I will run the following command: [38;5;141mpowershell -Command "$content = Get-Content 'C:\Users\lawsnic\OneDrive - amazon.com\Documents\HCLS-ai-book\.ralph\worktrees\iter-264\chapter11.08-mental-health-support-bot.md' -Raw; $emdash = [char]0x2014; $count = ([regex]::Matches($content, $emdash)).Count; Write-Output \"emdash count: $count\""[0m[38;5;244m (using tool: shell)[0m
Purpose: Count em dashes only

At line:1 char:192
+ ... -support-bot.md' -Raw;  = [char]0x2014;  = ([regex]::Matches(, )).Cou ...
+                                                                  ~
Missing ')' in method call.
At line:1 char:193
+ ... support-bot.md' -Raw;  = [char]0x2014;  = ([regex]::Matches(, )).Coun ...
+                                                                  ~
Missing expression after ','.
At line:1 char:195
+ ... port-bot.md' -Raw;  = [char]0x2014;  = ([regex]::Matches(, )).Count;  ...
+                                                                 ~
Unexpected token ')' in expression or statement.
At line:1 char:217
+ ... 2014;  = ([regex]::Matches(, )).Count; Write-Output " emdash count: \
+                                                         ~~~~~~~~~~~~~~~~~
The string is missing the terminator: ".
    + CategoryInfo          : ParserError: (:) [], ParentContainsErrorRecordException
    + FullyQualifiedErrorId : MissingEndParenthesisInMethodCall
 
[38;5;244m - Completed in 1.4s[0m

I'll create the following file: [38;5;141mC:\Users\lawsnic\OneDrive - amazon.com\Documents\HCLS-ai-book\.ralph\worktrees\iter-264\check_emdash.ps1[0m[38;5;244m (using tool: write)[0m
Purpose: Create powershell script to count dash characters

[49m[38;5;10m+    1[0m:[38;5;10m[49m $content = Get-Content 'C:\Users\lawsnic\OneDrive - amazon.com\Documents\HCLS-ai-book\.ralph\worktrees\iter-264\chapter11.08-mental-health-support-bot.md' -Raw
[0m[49m[38;5;10m+    2[0m:[38;5;10m[49m $emdash = [char]0x2014
[0m[49m[38;5;10m+    3[0m:[38;5;10m[49m $count = ([regex]::Matches($content, $emdash)).Count
[0m[49m[38;5;10m+    4[0m:[38;5;10m[49m Write-Output "Em dash count: $count"
[0m[49m[38;5;10m+    5[0m:[38;5;10m[49m $endash = [char]0x2013
[0m[49m[38;5;10m+    6[0m:[38;5;10m[49m $endashcount = ([regex]::Matches($content, $endash)).Count
[0m[49m[38;5;10m+    7[0m:[38;5;10m[49m Write-Output "En dash count: $endashcount"
[0m[K
Creating: [38;5;141mC:\Users\lawsnic\OneDrive - amazon.com\Documents\HCLS-ai-book\.ralph\worktrees\iter-264\check_emdash.ps1[0m
[38;5;244m - Completed in 0.11s[0m

I will run the following command: [38;5;141mpowershell -ExecutionPolicy Bypass -File "C:\Users\lawsnic\OneDrive - amazon.com\Documents\HCLS-ai-book\.ralph\worktrees\iter-264\check_emdash.ps1"[0m[38;5;244m (using tool: shell)[0m
Purpose: Run em dash check

Em dash count: 0
En dash count: 10
[38;5;244m - Completed in 2.998s[0m

I will run the following command: [38;5;141mdel "C:\Users\lawsnic\OneDrive - amazon.com\Documents\HCLS-ai-book\.ralph\worktrees\iter-264\check_emdash.ps1"[0m[38;5;244m (using tool: shell)[0m
Purpose: Clean up temp script

Searching for: [38;5;141m42 CFR Part 2|988|C-SSRS|Stanley-Brown|PHQ-9|GAD-7[0m in [38;5;141mC:\Users\lawsnic\OneDrive - amazon.com\Documents\HCLS-ai-book\.ralph\worktrees\iter-264\chapter11.08-mental-health-support-bot.md[0m[38;5;244m (using tool: grep)[0m[38;5;244m - Completed in 0.972s[0m


[38;5;10m ✓ [0mSuccessfully found [38;5;244m54 matches[0m in [38;5;244m1 files[0m under C:\Users\lawsnic\OneDrive - amazon.com\Documents\HCLS-ai-book\.ralph\worktrees\iter-264\chapter11.08-mental-health-support-bot.md
[38;5;244m - Completed in 0.4s[0m

[38;5;141m> [0mNow I have all the information I need. Let me write the expert review.[0m[0m
[38;5;252m[0m[?25l[?25l[0m[0m[?25l[0m[?25l[0m[0m[?25l[0m[?25l[0m[0m[?25l[0m[?25l[0m[0m[?25l[0m[?25l[?25l[0m[0m[?25l[0m[?25l[0m[0m[?25l[0m[?25l[0m[0m[?25l[0m[?25l[0m[0m[?25l[0m[?25l[0m[0m[?25l[0m[?25l[?25l[0m[0m[?25l[0m[?25l[1m[38;5;9mKiro is having trouble responding right now: 
   0: Failed to receive the next message: request_id: a12ecfec-2073-43dd-a088-b6ee9d33ae06, error: dispatch failure (io error): request or response body error

Location:
   crates\chat-cli\src\cli\chat\mod.rs:1857

Backtrace omitted. Run with RUST_BACKTRACE=1 environment variable to display it.
Run with RUST_BACKTRACE=full to include source snippets.
[0m[0m[1G[0m[0m[?25herror: Tool approval required but --no-interactive was specified. Use --trust-all-tools to automatically approve tools.
[32mAll tools are now trusted ([0m[31m![0m[32m). Kiro will execute tools without asking for confirmation.[0m
Agents can sometimes do unexpected things so understand the risks.

Learn more at [38;5;141mhttps://kiro.dev/docs/cli/chat/security/#using-tools-trust-all-safely[0m



Reading directory: [38;5;141mC:\Users\lawsnic\OneDrive - amazon.com\Documents\HCLS-ai-book\.ralph\worktrees\iter-264[0m[38;5;244m (using tool: read, max depth: 2, max entries: 1000, excluding: defaults)[0m
[38;5;10m ✓ [0mSuccessfully read directory [38;5;141mC:\Users\lawsnic\OneDrive - amazon.com\Documents\HCLS-ai-book\.ralph\worktrees\iter-264[0m [38;5;244m(showing 1000 of 1270 entries, offset: 0)[0m
[38;5;244m - Completed in 0.35s[0m

Batch fs_read operation with [38;5;141m2[0m operations[38;5;244m (using tool: read)[0m

↱ Operation 1: Reading file: [38;5;141mC:\Users\lawsnic\OneDrive - amazon.com\Documents\HCLS-ai-book\.ralph\worktrees\iter-264\specs\ch11-r08-expert-review.md[0m, all lines
↱ Operation 2: Reading file: [38;5;141mC:\Users\lawsnic\OneDrive - amazon.com\Documents\HCLS-ai-book\.ralph\worktrees\iter-264\specs\ch11-r08-draft.md[0m, all lines
[38;5;10m ✓ [0mSuccessfully read [38;5;244m827 bytes[0m from C:\Users\lawsnic\OneDrive - amazon.com\Documents\HCLS-ai-book\.ralph\worktrees\iter-264\specs\ch11-r08-expert-review.md

[38;5;10m ✓ [0mSuccessfully read [38;5;244m849 bytes[0m from C:\Users\lawsnic\OneDrive - amazon.com\Documents\HCLS-ai-book\.ralph\worktrees\iter-264\specs\ch11-r08-draft.md

 ⋮ 

[38;5;244m- [0mSummary: 2 operations processed, 2 successful, 0 failed
[38;5;244m - Completed in 0.1s[0m

Searching for files: [38;5;141m**/chapter11.08*[0m[38;5;244m (using tool: glob)[0m
[38;5;10m ✓ [0mSuccessfully found [38;5;244m2 files[0m under current directory
[38;5;244m - Completed in 0.21s[0m

Searching for files: [38;5;141m**/chapter11.08-expert*[0m[38;5;244m (using tool: glob)[0m
[38;5;9m ❗ [0mNo files found matching pattern: [38;5;244m**/chapter11.08-expert*[0m under current directory
[38;5;244m - Completed in 0.28s[0m

Reading directory: [38;5;141mC:\Users\lawsnic\OneDrive - amazon.com\Documents\HCLS-ai-book\.ralph\worktrees\iter-264\reviews[0m[38;5;244m (using tool: read, max depth: 1, max entries: 2000, excluding: defaults)[0m
[38;5;10m ✓ [0mSuccessfully read directory [38;5;141mC:\Users\lawsnic\OneDrive - amazon.com\Documents\HCLS-ai-book\.ralph\worktrees\iter-264\reviews[0m [38;5;244m(132 entries)[0m
[38;5;244m - Completed in 0.9s[0m

[38;5;252m[0m[?25l[?25l[0m[0m[?25l[0m[?25l[0m[0m[?25l[0m[?25l[0m[0m[?25l[0m[?25l[0m[0m[?25l[0m[?25l[0m[0m[?25l[0m[0m[0m
[38;5;8m
 ▸ Credits: 3.37 • Time: 2m 14s

[0m[1G[0m[0m[?25h[38;5;141m> [0m{"verdict": "fail", "rationale": "Required artifact reviews/chapter11.08-expert-review.md does not exist. The reviews directory contains expert reviews up through chapter11.07-expert-review.md, but no chapter11.08-expert-review.md was produced for this task. With no review document present, the pass criteria (coverage of clinical accuracy, architectural soundness, security considerations, and prioritized HIGH/MEDIUM/LOW findings with concrete remediation steps) cannot be evaluated or satisfied."}