# parallel_worker header: concurrency_limit=4 batch_id=batch-1781746340943-000011-80ca843e4d32f066 iteration=1484 task_id=ch05-r02-archsplit persona=TechEditor
[38;5;11mWARNING: [0mDuplicate agent with name [38;5;10mmeshclaw-lite[0m was found in the global directory.
[0m[38;5;9mError: [0mJson supplied at /home/lawsnic/.kiro/agents/AmazonBuilderCoreAIAgents-amzn-builder.json is invalid: unknown field `permissions`, expected one of `$schema`, `name`, `description`, `prompt`, `mcpServers`, `tools`, `toolAliases`, `allowedTools`, `resources`, `hooks`, `toolsSettings`, `includeMcpJson`, `useLegacyMcpJson`, `model`, `keyboardShortcut`, `welcomeMessage` at line 3 column 16
[32mAll tools are now trusted ([0m[31m![0m[32m). Kiro will execute tools without asking for confirmation.[0m
Agents can sometimes do unexpected things so understand the risks.

Learn more at [38;5;141mhttps://kiro.dev/docs/cli/chat/security/#using-tools-trust-all-safely[0m



Batch fs_read operation with [38;5;141m2[0m operations[38;5;244m (using tool: read)[0m

↱ Operation 1: Reading file: [38;5;141m/tmp/ralph-worktrees/iter-1484/chapter05.02-provider-npi-matching.md[0m, all lines
↱ Operation 2: Reading file: [38;5;141m/tmp/ralph-worktrees/iter-1484/chapter05.02-architecture.md[0m, all lines
[38;5;10m ✓ [0mSuccessfully read [38;5;244m49598 bytes[0m from /tmp/ralph-worktrees/iter-1484/chapter05.02-provider-npi-matching.md

[38;5;10m ✓ [0mSuccessfully read [38;5;244m77504 bytes[0m from /tmp/ralph-worktrees/iter-1484/chapter05.02-architecture.md

 ⋮ 

[38;5;244m- [0mSummary: 2 operations processed, 2 successful, 0 failed
[38;5;244m - Completed in 0.0s[0m

[38;5;141m> [0mNow let me check for specific issues in both files. Let me search for em dashes and en dashes, dangling AWS references in the main recipe, and check the architecture callout placement.[0m[0m
Searching for: [38;5;141m—|–[0m in [38;5;141m/tmp/ralph-worktrees/iter-1484[0m ([38;5;141mchapter05.02*[0m)[38;5;244m (using tool: grep)[0m
[38;5;9m ❗ [0mNo matches found for pattern: [38;5;244m—|–[0m under /tmp/ralph-worktrees/iter-1484
[38;5;244m - Completed in 0.273s[0m

[38;5;141m> [0mGood, no em dashes or en dashes. Now let me check for bare code fences without language tags:[0m[0m
Searching for: [38;5;141m^```$[0m in [38;5;141m/tmp/ralph-worktrees/iter-1484[0m ([38;5;141mchapter05.02*[0m)[38;5;244m (using tool: grep)[0m
[38;5;10m ✓ [0mSuccessfully found [38;5;244m28 matches[0m in [38;5;244m3 files[0m under /tmp/ralph-worktrees/iter-1484 (result is truncated)
[38;5;244m - Completed in 0.218s[0m

[38;5;141m> [0mThose are closing fences ([38;5;10m[0mSearching for: [38;5;141m^```[0m in [38;5;141m/tmp/ralph-worktrees/iter-1484[0m ([38;5;141mchapter05.02-provider-npi-matching.md[0m)[38;5;244m (using tool: grep)[0mSearching for: [38;5;141m^```[0m in [38;5;141m/tmp/ralph-worktrees/iter-1484[0m ([38;5;141mchapter05.02-architecture.md[0m)[38;5;244m (using tool: grep)[0m
[38;5;10m ✓ [0mSuccessfully found [38;5;244m2 matches[0m in [38;5;244m1 files[0m under /tmp/ralph-worktrees/iter-1484
[38;5;244m - Completed in 0.47s[0m


[38;5;10m ✓ [0mSuccessfully found [38;5;244m18 matches[0m in [38;5;244m1 files[0m under /tmp/ralph-worktrees/iter-1484 (result is truncated)
[38;5;244m - Completed in 0.49s[0m

[38;5;141m> [0mLet me see the context around lines 110 and 254 in the main recipe, and more opening fences in the architecture file:[0m[0m
Batch fs_read operation with [38;5;141m2[0m operations[38;5;244m (using tool: read)[0m

↱ Operation 1: Reading file: [38;5;141m/tmp/ralph-worktrees/iter-1484/chapter05.02-provider-npi-matching.md[0m, from line [38;5;141m108[0m to [38;5;141m112[0m
↱ Operation 2: Reading file: [38;5;141m/tmp/ralph-worktrees/iter-1484/chapter05.02-provider-npi-matching.md[0m, from line [38;5;141m252[0m to [38;5;141m256[0m
[38;5;10m ✓ [0mSuccessfully read [38;5;244m484 bytes[0m from /tmp/ralph-worktrees/iter-1484/chapter05.02-provider-npi-matching.md

[38;5;10m ✓ [0mSuccessfully read [38;5;244m948 bytes[0m from /tmp/ralph-worktrees/iter-1484/chapter05.02-provider-npi-matching.md

 ⋮ 

[38;5;244m- [0mSummary: 2 operations processed, 2 successful, 0 failed
[38;5;244m - Completed in 0.0s[0m

[38;5;141m> [0mThe main recipe has a bare code fence at line 110 (the ASCII architecture diagram). Let me check the architecture file's opening fences more carefully:[0m[0m
Searching for: [38;5;141m^```[a-z][0m in [38;5;141m/tmp/ralph-worktrees/iter-1484[0m ([38;5;141mchapter05.02-architecture.md[0m)[38;5;244m (using tool: grep)[0m
[38;5;10m ✓ [0mSuccessfully found [38;5;244m3 matches[0m in [38;5;244m1 files[0m under /tmp/ralph-worktrees/iter-1484
[38;5;244m - Completed in 0.44s[0m

Searching for: [38;5;141m^```[^`][0m in [38;5;141m/tmp/ralph-worktrees/iter-1484[0m ([38;5;141mchapter05.02-architecture.md[0m)[38;5;244m (using tool: grep)[0m
[38;5;10m ✓ [0mSuccessfully found [38;5;244m3 matches[0m in [38;5;244m1 files[0m under /tmp/ralph-worktrees/iter-1484
[38;5;244m - Completed in 0.46s[0m

[38;5;141m> [0mSo the architecture file has opening fences at many positions but only 3 have language tags. Let me find the ones that open without tags:[0m[0m
Batch fs_read operation with [38;5;141m3[0m operations[38;5;244m (using tool: read)[0m

↱ Operation 1: Reading file: [38;5;141m/tmp/ralph-worktrees/iter-1484/chapter05.02-architecture.md[0m, from line [38;5;141m124[0m to [38;5;141m128[0m
↱ Operation 2: Reading file: [38;5;141m/tmp/ralph-worktrees/iter-1484/chapter05.02-architecture.md[0m, from line [38;5;141m173[0m to [38;5;141m177[0m
↱ Operation 3: Reading file: [38;5;141m/tmp/ralph-worktrees/iter-1484/chapter05.02-architecture.md[0m, from line [38;5;141m264[0m to [38;5;141m270[0m
[38;5;10m ✓ [0mSuccessfully read [38;5;244m94 bytes[0m from /tmp/ralph-worktrees/iter-1484/chapter05.02-architecture.md

[38;5;10m ✓ [0mSuccessfully read [38;5;244m463 bytes[0m from /tmp/ralph-worktrees/iter-1484/chapter05.02-architecture.md

[38;5;10m ✓ [0mSuccessfully read [38;5;244m401 bytes[0m from /tmp/ralph-worktrees/iter-1484/chapter05.02-architecture.md

 ⋮ 

[38;5;244m- [0mSummary: 3 operations processed, 3 successful, 0 failed
[38;5;244m - Completed in 0.1s[0m

[38;5;141m> [0mNow I can see the pattern. The architecture file has multiple pseudocode blocks starting with bare [38;5;10m[0m[38;5;10m that need language tags. Let me also check the main file's architecture callout location and content, and see if there are any dangling AWS references in the main recipe's "General Architecture" or "Honest Take" sections.

Let me look at what needs to be in the main recipe's tags section (the [0mdynamodb[38;5;10m, [0mopensearch[38;5;10m, [0mglueReading file: [38;5;141m/tmp/ralph-worktrees/iter-1484/chapter05.02-provider-npi-matching.md[0m, from line [38;5;141m303[0m to end of file[38;5;244m (using tool: read)[0m
[38;5;10m ✓ [0mSuccessfully read [38;5;244m2489 bytes[0m from /tmp/ralph-worktrees/iter-1484/chapter05.02-provider-npi-matching.md
[38;5;244m - Completed in 0.0s[0m

[38;5;141m> [0mNow I have a clear picture. Here are the issues to fix:[0m[0m
[0m[0m
[1mMain recipe ([38;5;10mchapter05.02-provider-npi-matching.md[0m):[22m[0m[0m
1. The ASCII diagram at line 110 needs a [38;5;10mtext[0m language tag on the opening fence.[0m[0m
2. The Tags section contains AWS-specific service tags ([38;5;10mdynamodb[0m, [38;5;10mopensearch[0m, [38;5;10mglue[0m, [38;5;10mstep-functions[0m, [38;5;10mlambda[0m) that should be moved or removed since those are architecture-companion concerns now. However, the instructions say "do not move sections, do not add new claims" so I'll just remove the AWS service tags from the main file's tags to avoid dangling references.[0m[0m
[0m[0m
[1mArchitecture companion ([38;5;10mchapter05.02-architecture.md[0m):[22m[0m[0m
1. Multiple pseudocode blocks need [38;5;10mpseudocode[0m language tags.[0m[0m
2. The opening backlink is clean already.[0m[0m
[0m[0m
Let me now apply the fixes:[0m[0m
I'll modify the following file: [38;5;141mchapter05.02-provider-npi-matching.md[0m[38;5;244m (using tool: write)[0m

[49m[38;5;9m- 110     [0m:[38;5;9m[49m ```
[0m[49m[38;5;10m+      110[0m:[38;5;10m[49m ```text
[0m[49m[39m  111, 111[0m:[39m[49m ┌────────────── INGEST AND NORMALIZE ───────────────┐
[0m[K
Updating: [38;5;141mchapter05.02-provider-npi-matching.md[0m
[38;5;244m - Completed in 0.1s[0m

[38;5;141m> [0mNow fix the Tags section to remove AWS-specific service names (those belong in the architecture companion):[0m[0m
I'll modify the following file: [38;5;141mchapter05.02-provider-npi-matching.md[0m[38;5;244m (using tool: write)[0m

[49m[38;5;9m- 316     [0m:[38;5;9m[49m `entity-resolution` · `record-linkage` · `provider-matching` · `npi` · `nppes` · `credentialing` · `provider-directory` · `network-adequacy` · `fellegi-sunter` · `probabilistic-linkage` · `blocking` · `string-similarity` · `drift-detection` · `re-verification` · `dynamodb` · `opensearch` · `glue` · `splink` · `step-functions` · `lambda` · `simple` · `mvp` · `hipaa` · `no-surprises-act`
[0m[49m[38;5;10m+      316[0m:[38;5;10m[49m `entity-resolution` · `record-linkage` · `provider-matching` · `npi` · `nppes` · `credentialing` · `provider-directory` · `network-adequacy` · `fellegi-sunter` · `probabilistic-linkage` · `blocking` · `string-similarity` · `drift-detection` · `re-verification` · `splink` · `simple` · `mvp` · `hipaa` · `no-surprises-act`
[0m[K
Updating: [38;5;141mchapter05.02-provider-npi-matching.md[0m
[38;5;244m - Completed in 0.0s[0m

[38;5;141m> [0mNow fix the pseudocode blocks in the architecture companion. I need to find each bare opening [38;5;10m[0m[38;5;10m that starts a pseudocode block and add the [0mpseudocodeSearching for: [38;5;141m^```$[0m in [38;5;141m/tmp/ralph-worktrees/iter-1484[0m ([38;5;141mchapter05.02-architecture.md[0m)[38;5;244m (using tool: grep)[0m
[38;5;10m ✓ [0mSuccessfully found [38;5;244m15 matches[0m in [38;5;244m1 files[0m under /tmp/ralph-worktrees/iter-1484
[38;5;244m - Completed in 0.49s[0m

[38;5;141m> [0mNow let me figure out which of these are opening vs closing. The mermaid block opens at 39 and closes at 126. So line 126 is a close. I need to see the context to identify opening fences. Opening fences for pseudocode will be followed by [38;5;10mFUNCTION[0m or similar. Let me check:[0m[0m
Batch fs_read operation with [38;5;141m14[0m operations[38;5;244m (using tool: read)[0m

↱ Operation 1: Reading file: [38;5;141m/tmp/ralph-worktrees/iter-1484/chapter05.02-architecture.md[0m, from line [38;5;141m175[0m to [38;5;141m177[0m
↱ Operation 2: Reading file: [38;5;141m/tmp/ralph-worktrees/iter-1484/chapter05.02-architecture.md[0m, from line [38;5;141m266[0m to [38;5;141m268[0m
↱ Operation 3: Reading file: [38;5;141m/tmp/ralph-worktrees/iter-1484/chapter05.02-architecture.md[0m, from line [38;5;141m270[0m to [38;5;141m272[0m
↱ Operation 4: Reading file: [38;5;141m/tmp/ralph-worktrees/iter-1484/chapter05.02-architecture.md[0m, from line [38;5;141m332[0m to [38;5;141m334[0m
↱ Operation 5: Reading file: [38;5;141m/tmp/ralph-worktrees/iter-1484/chapter05.02-architecture.md[0m, from line [38;5;141m336[0m to [38;5;141m338[0m
↱ Operation 6: Reading file: [38;5;141m/tmp/ralph-worktrees/iter-1484/chapter05.02-architecture.md[0m, from line [38;5;141m424[0m to [38;5;141m426[0m
↱ Operation 7: Reading file: [38;5;141m/tmp/ralph-worktrees/iter-1484/chapter05.02-architecture.md[0m, from line [38;5;141m428[0m to [38;5;141m430[0m
↱ Operation 8: Reading file: [38;5;141m/tmp/ralph-worktrees/iter-1484/chapter05.02-architecture.md[0m, from line [38;5;141m513[0m to [38;5;141m515[0m
↱ Operation 9: Reading file: [38;5;141m/tmp/ralph-worktrees/iter-1484/chapter05.02-architecture.md[0m, from line [38;5;141m517[0m to [38;5;141m519[0m
↱ Operation 10: Reading file: [38;5;141m/tmp/ralph-worktrees/iter-1484/chapter05.02-architecture.md[0m, from line [38;5;141m582[0m to [38;5;141m584[0m
↱ Operation 11: Reading file: [38;5;141m/tmp/ralph-worktrees/iter-1484/chapter05.02-architecture.md[0m, from line [38;5;141m586[0m to [38;5;141m588[0m
↱ Operation 12: Reading file: [38;5;141m/tmp/ralph-worktrees/iter-1484/chapter05.02-architecture.md[0m, from line [38;5;141m749[0m to [38;5;141m751[0m
↱ Operation 13: Reading file: [38;5;141m/tmp/ralph-worktrees/iter-1484/chapter05.02-architecture.md[0m, from line [38;5;141m816[0m to [38;5;141m818[0m
↱ Operation 14: Reading file: [38;5;141m/tmp/ralph-worktrees/iter-1484/chapter05.02-architecture.md[0m, from line [38;5;141m842[0m to [38;5;141m844[0m
[38;5;10m ✓ [0mSuccessfully read [38;5;244m71 bytes[0m from /tmp/ralph-worktrees/iter-1484/chapter05.02-architecture.md

[38;5;10m ✓ [0mSuccessfully read [38;5;244m373 bytes[0m from /tmp/ralph-worktrees/iter-1484/chapter05.02-architecture.md

[38;5;10m ✓ [0mSuccessfully read [38;5;244m82 bytes[0m from /tmp/ralph-worktrees/iter-1484/chapter05.02-architecture.md

[38;5;10m ✓ [0mSuccessfully read [38;5;244m455 bytes[0m from /tmp/ralph-worktrees/iter-1484/chapter05.02-architecture.md

[38;5;10m ✓ [0mSuccessfully read [38;5;244m86 bytes[0m from /tmp/ralph-worktrees/iter-1484/chapter05.02-architecture.md

[38;5;10m ✓ [0mSuccessfully read [38;5;244m361 bytes[0m from /tmp/ralph-worktrees/iter-1484/chapter05.02-architecture.md

[38;5;10m ✓ [0mSuccessfully read [38;5;244m82 bytes[0m from /tmp/ralph-worktrees/iter-1484/chapter05.02-architecture.md

[38;5;10m ✓ [0mSuccessfully read [38;5;244m328 bytes[0m from /tmp/ralph-worktrees/iter-1484/chapter05.02-architecture.md

[38;5;10m ✓ [0mSuccessfully read [38;5;244m108 bytes[0m from /tmp/ralph-worktrees/iter-1484/chapter05.02-architecture.md

[38;5;10m ✓ [0mSuccessfully read [38;5;244m489 bytes[0m from /tmp/ralph-worktrees/iter-1484/chapter05.02-architecture.md

[38;5;10m ✓ [0mSuccessfully read [38;5;244m139 bytes[0m from /tmp/ralph-worktrees/iter-1484/chapter05.02-architecture.md

[38;5;10m ✓ [0mSuccessfully read [38;5;244m343 bytes[0m from /tmp/ralph-worktrees/iter-1484/chapter05.02-architecture.md

[38;5;10m ✓ [0mSuccessfully read [38;5;244m44 bytes[0m from /tmp/ralph-worktrees/iter-1484/chapter05.02-architecture.md

[38;5;10m ✓ [0mSuccessfully read [38;5;244m68 bytes[0m from /tmp/ralph-worktrees/iter-1484/chapter05.02-architecture.md

 ⋮ 

[38;5;244m- [0mSummary: 14 operations processed, 14 successful, 0 failed
[38;5;244m - Completed in 0.4s[0m

[38;5;141m> [0mNow I have a clear map:[0m[0m
- Line 175: opening, pseudocode (FUNCTION normalize_nppes_record)[0m[0m
- Line 266: closing[0m[0m
- Line 270: opening, pseudocode (FUNCTION normalize_internal_provider)[0m[0m
- Line 332: closing[0m[0m
- Line 336: opening, pseudocode (FUNCTION generate_candidates)[0m[0m
- Line 424: closing[0m[0m
- Line 428: opening, pseudocode (FUNCTION score_candidates)[0m[0m
- Line 513: closing[0m[0m
- Line 517: opening, pseudocode (FUNCTION route_match)[0m[0m
- Line 582: closing[0m[0m
- Line 586: opening, pseudocode (FUNCTION attach_npi)[0m[0m
- Line 749: closing[0m[0m
- Line 816: closing (json block)[0m[0m
- Line 842: closing (json block)[0m[0m
[0m[0m
So the opening pseudocode fences are at lines: 175, 270, 336, 428, 517, 586. I need to add [38;5;10mpseudocode[0m tags to those. Let me do them one at a time using unique context:[0m[0m
I'll modify the following file: [38;5;141mchapter05.02-architecture.md[0m[38;5;244m (using tool: write)[0m

[49m[39m  173, 173[0m:[39m[49m Skip this step and you'll be CSV-scanning every match operation, which gets slow fast.
[0m[49m[39m  174, 174[0m:[39m[49m 
[0m[49m[38;5;9m- 175     [0m:[38;5;9m[49m ```
[0m[49m[38;5;10m+      175[0m:[38;5;10m[49m ```pseudocode
[0m[49m[39m  176, 176[0m:[39m[49m FUNCTION normalize_nppes_record(raw_nppes_row):
[0m[K
Updating: [38;5;141mchapter05.02-architecture.md[0m
[38;5;244m - Completed in 0.1s[0m

I'll modify the following file: [38;5;141mchapter05.02-architecture.md[0m[38;5;244m (using tool: write)[0m

[49m[39m  268, 268[0m:[39m[49m Skip this and you'll be writing match code that hard-codes assumptions about a particular source schema.
[0m[49m[39m  269, 269[0m:[39m[49m 
[0m[49m[38;5;9m- 270     [0m:[38;5;9m[49m ```
[0m[49m[38;5;10m+      270[0m:[38;5;10m[49m ```pseudocode
[0m[49m[39m  271, 271[0m:[39m[49m FUNCTION normalize_internal_provider(raw_internal_record):
[0m[K
Updating: [38;5;141mchapter05.02-architecture.md[0m
[38;5;244m - Completed in 0.1s[0m

I'll modify the following file: [38;5;141mchapter05.02-architecture.md[0m[38;5;244m (using tool: write)[0m

[49m[39m  334, 334[0m:[39m[49m Skip the multi-pass strategy and you'll miss real matches in records with patchy data.
[0m[49m[39m  335, 335[0m:[39m[49m 
[0m[49m[38;5;9m- 336     [0m:[38;5;9m[49m ```
[0m[49m[38;5;10m+      336[0m:[38;5;10m[49m ```pseudocode
[0m[49m[39m  337, 337[0m:[39m[49m FUNCTION generate_candidates(internal_record, nppes_index):
[0m[K
Updating: [38;5;141mchapter05.02-architecture.md[0m
[38;5;244m - Completed in 0.0s[0m

I'll modify the following file: [38;5;141mchapter05.02-architecture.md[0m[38;5;244m (using tool: write)[0m

[49m[39m  426, 426[0m:[39m[49m Skip the hard filters and you'll be wasting comparator cycles on candidates that should never have been considered.
[0m[49m[39m  427, 427[0m:[39m[49m 
[0m[49m[38;5;9m- 428     [0m:[38;5;9m[49m ```
[0m[49m[38;5;10m+      428[0m:[38;5;10m[49m ```pseudocode
[0m[49m[39m  429, 429[0m:[39m[49m FUNCTION score_candidates(internal_record, candidates, model):
[0m[K
Updating: [38;5;141mchapter05.02-architecture.md[0m
[38;5;244m - Completed in 0.1s[0m

I'll modify the following file: [38;5;141mchapter05.02-architecture.md[0m[38;5;244m (using tool: write)[0m

[49m[39m  515, 515[0m:[39m[49m Skip the margin requirement and you'll auto-attach to the wrong NPI on records where multiple plausible candidates exist.
[0m[49m[39m  516, 516[0m:[39m[49m 
[0m[49m[38;5;9m- 517     [0m:[38;5;9m[49m ```
[0m[49m[38;5;10m+      517[0m:[38;5;10m[49m ```pseudocode
[0m[49m[39m  518, 518[0m:[39m[49m FUNCTION route_match(internal_record, scored_candidates, thresholds):
[0m[K
Updating: [38;5;141mchapter05.02-architecture.md[0m
[38;5;244m - Completed in 0.0s[0m

I'll modify the following file: [38;5;141mchapter05.02-architecture.md[0m[38;5;244m (using tool: write)[0m

[49m[39m  584, 584[0m:[39m[49m Skip the drift snapshot and you have no efficient way to detect when registry data changes between re-verifications; skip the schedule and re-verification becomes a manual chore that everybody forgets.
[0m[49m[39m  585, 585[0m:[39m[49m 
[0m[49m[38;5;9m- 586     [0m:[38;5;9m[49m ```
[0m[49m[38;5;10m+      586[0m:[38;5;10m[49m ```pseudocode
[0m[49m[39m  587, 587[0m:[39m[49m FUNCTION attach_npi(internal_record, matched_candidate, decision_metadata):
[0m[K
Updating: [38;5;141mchapter05.02-architecture.md[0m
[38;5;244m - Completed in 0.1s[0m

[38;5;141m> [0mNow let me check the architecture companion's opening. The backlink header and the structure should be clean. Let me verify that section "The AWS Implementation" heading uses the proper level:[0m[0m
Reading file: [38;5;141m/tmp/ralph-worktrees/iter-1484/chapter05.02-architecture.md[0m, from line [38;5;141m1[0m to [38;5;141m10[0m[38;5;244m (using tool: read)[0m
[38;5;10m ✓ [0mSuccessfully read [38;5;244m374 bytes[0m from /tmp/ralph-worktrees/iter-1484/chapter05.02-architecture.md
[38;5;244m - Completed in 0.0s[0m

[38;5;141m> [0mGood. The architecture companion opens cleanly with a backlink. Now let me check a reference architecture file from Chapter 1 to see what section heading conventions the architecture companions use:[0m[0m
Searching for files: [38;5;141mchapter01*architecture*[0m in [38;5;141m/tmp/ralph-worktrees/iter-1484[0m[38;5;244m (using tool: glob)[0m
[38;5;10m ✓ [0mSuccessfully found [38;5;244m10 files[0m under /tmp/ralph-worktrees/iter-1484
[38;5;244m - Completed in 0.18s[0m

Reading file: [38;5;141m/tmp/ralph-worktrees/iter-1484/chapter01.01-architecture.md[0m, from line [38;5;141m1[0m to [38;5;141m10[0m[38;5;244m (using tool: read)[0m
[38;5;10m ✓ [0mSuccessfully read [38;5;244m464 bytes[0m from /tmp/ralph-worktrees/iter-1484/chapter01.01-architecture.md
[38;5;244m - Completed in 0.0s[0m

[38;5;141m> [0mThe architecture companion follows the established pattern. Now let me check the RECIPE-GUIDE for the expected section order in architecture companions:[0m[0m
Searching: [38;5;141m/tmp/ralph-worktrees/iter-1484/RECIPE-GUIDE.md[0m for pattern: [38;5;141marchitecture companion[0m[38;5;244m (using tool: read)[0m
[38;5;10m ✓ [0mFound 5 matches for pattern 'architecture companion' in /tmp/ralph-worktrees/iter-1484/RECIPE-GUIDE.md
[38;5;244m - Completed in 0.0s[0m

Reading file: [38;5;141m/tmp/ralph-worktrees/iter-1484/RECIPE-GUIDE.md[0m, from line [38;5;141m43[0m to [38;5;141m80[0m[38;5;244m (using tool: read)[0m
[38;5;10m ✓ [0mSuccessfully read [38;5;244m2043 bytes[0m from /tmp/ralph-worktrees/iter-1484/RECIPE-GUIDE.md
[38;5;244m - Completed in 0.0s[0m

[38;5;141m> [0mNow let me check the main recipe's architecture callout section. The task says to make sure the callout is well placed:[0m[0m
Reading file: [38;5;141m/tmp/ralph-worktrees/iter-1484/chapter05.02-provider-npi-matching.md[0m, from line [38;5;141m292[0m to [38;5;141m300[0m[38;5;244m (using tool: read)[0m
[38;5;10m ✓ [0mSuccessfully read [38;5;244m2534 bytes[0m from /tmp/ralph-worktrees/iter-1484/chapter05.02-provider-npi-matching.md
[38;5;244m - Completed in 0.0s[0m

[38;5;141m> [0mNow let me see where the callout is placed relative to the General Architecture section:[0m[0m
Searching for: [38;5;141mAWS build lives|architecture companion|Architecture and Implementation[0m in [38;5;141m/tmp/ralph-worktrees/iter-1484[0m ([38;5;141mchapter05.02-provider-npi-matching.md[0m)[38;5;244m (using tool: grep)[0m
[38;5;10m ✓ [0mSuccessfully found [38;5;244m1 matches[0m in [38;5;244m1 files[0m under /tmp/ralph-worktrees/iter-1484
[38;5;244m - Completed in 0.72s[0m

Reading file: [38;5;141m/tmp/ralph-worktrees/iter-1484/chapter05.02-provider-npi-matching.md[0m, from line [38;5;141m270[0m to [38;5;141m279[0m[38;5;244m (using tool: read)[0m
[38;5;10m ✓ [0mSuccessfully read [38;5;244m1225 bytes[0m from /tmp/ralph-worktrees/iter-1484/chapter05.02-provider-npi-matching.md
[38;5;244m - Completed in 0.0s[0m

[38;5;141m> [0mThe callout is placed between the General Architecture section and The Honest Take section, which matches the RECIPE-GUIDE: "End this section with the callout that links to the architecture companion." Good.[0m[0m
[0m[0m
Now let me check for any dangling AWS-specific references in the General Architecture and The Honest Take sections of the main recipe. The General Architecture section should be vendor-agnostic:[0m[0m
Searching: [38;5;141m/tmp/ralph-worktrees/iter-1484/chapter05.02-provider-npi-matching.md[0m for pattern: [38;5;141maws|dynamodb|lambda|glue|opensearch|s3|step functions|eventbridge|athena|quicksight|cloudwatch|cloudtrail|kms|cognito|api gateway[0m[38;5;244m (using tool: read)[0m
[38;5;10m ✓ [0mFound 0 matches for pattern 'AWS|DynamoDB|Lambda|Glue|OpenSearch|S3|Step Functions|EventBridge|Athena|QuickSight|CloudWatch|CloudTrail|KMS|Cognito|API Gateway' in /tmp/ralph-worktrees/iter-1484/chapter05.02-provider-npi-matching.md
[38;5;244m - Completed in 0.0s[0m

[38;5;141m> [0mNo AWS references in the main recipe. Let me also check for any mention of specific AWS services that might be using different capitalization:[0m[0m
Searching for: [38;5;141m(?i)dynamodb|lambda|glue|opensearch|eventbridge|athena|quicksight|cloudwatch|cloudtrail[0m in [38;5;141m/tmp/ralph-worktrees/iter-1484[0m ([38;5;141mchapter05.02-provider-npi-matching.md[0m)[38;5;244m (using tool: grep)[0m
[38;5;9m ❗ [0mNo matches found for pattern: [38;5;244m(?i)dynamodb|lambda|glue|opensearch|eventbridge|athena|quicksight|cloudwatch|cloudtrail[0m under /tmp/ralph-worktrees/iter-1484
[38;5;244m - Completed in 0.83s[0m

[38;5;141m> [0mClean. No AWS service references in the main recipe at all. The main recipe is properly vendor-agnostic.[0m[0m
[0m[0m
Now let me do final verification on both files for em dashes and bare code fences:[0m[0m
[0m[0m
Searching for: [38;5;141m—|–[0m in [38;5;141m/tmp/ralph-worktrees/iter-1484[0m ([38;5;141mchapter05.02-provider-npi-matching.md[0m)[38;5;244m (using tool: grep)[0mSearching for: [38;5;141m—|–[0m in [38;5;141m/tmp/ralph-worktrees/iter-1484[0m ([38;5;141mchapter05.02-architecture.md[0m)[38;5;244m (using tool: grep)[0m
[38;5;9m ❗ [0mNo matches found for pattern: [38;5;244m—|–[0m under /tmp/ralph-worktrees/iter-1484
[38;5;244m - Completed in 0.46s[0m


[38;5;9m ❗ [0mNo matches found for pattern: [38;5;244m—|–[0m under /tmp/ralph-worktrees/iter-1484
[38;5;244m - Completed in 0.47s[0m

[38;5;141m> [0mNow let me verify the code fences are all tagged in the architecture file:[0m[0m
Searching for: [38;5;141m^```[0m in [38;5;141m/tmp/ralph-worktrees/iter-1484[0m ([38;5;141mchapter05.02-architecture.md[0m)[38;5;244m (using tool: grep)[0m
[38;5;10m ✓ [0mSuccessfully found [38;5;244m18 matches[0m in [38;5;244m1 files[0m under /tmp/ralph-worktrees/iter-1484
[38;5;244m - Completed in 0.54s[0m

[38;5;141m> [0mAll opening fences now have language tags. The bare [38;5;10m[0mSearching for: [38;5;141m^```[0m in [38;5;141m/tmp/ralph-worktrees/iter-1484[0m ([38;5;141mchapter05.02-provider-npi-matching.md[0m)[38;5;244m (using tool: grep)[0m
[38;5;10m ✓ [0mSuccessfully found [38;5;244m2 matches[0m in [38;5;244m1 files[0m under /tmp/ralph-worktrees/iter-1484
[38;5;244m - Completed in 0.79s[0m

[38;5;141m> [0mLine 110 is the opening with [38;5;10mtext[0m tag, line 254 is the closing. Good.[0m[0m
[0m[0m
Now let me check both files for header hierarchy compliance:[0m[0m
Searching for: [38;5;141m^#{1,4} [0m in [38;5;141m/tmp/ralph-worktrees/iter-1484[0m ([38;5;141mchapter05.02-provider-npi-matching.md[0m)[38;5;244m (using tool: grep)[0m
[38;5;10m ✓ [0mSuccessfully found [38;5;244m14 matches[0m in [38;5;244m1 files[0m under /tmp/ralph-worktrees/iter-1484 (result is truncated)
[38;5;244m - Completed in 0.60s[0m

Searching for: [38;5;141m^#{1,4} [0m in [38;5;141m/tmp/ralph-worktrees/iter-1484[0m ([38;5;141mchapter05.02-provider-npi-matching.md[0m)[38;5;244m (using tool: grep)[0m
[38;5;10m ✓ [0mSuccessfully found [38;5;244m14 matches[0m in [38;5;244m1 files[0m under /tmp/ralph-worktrees/iter-1484
[38;5;244m - Completed in 0.216s[0m

[38;5;141m> [0mHeader hierarchy is clean: H1 title, H2 major sections, H3 subsections under H2.[0m[0m
Searching for: [38;5;141m^#{1,4} [0m in [38;5;141m/tmp/ralph-worktrees/iter-1484[0m ([38;5;141mchapter05.02-architecture.md[0m)[38;5;244m (using tool: grep)[0m
[38;5;10m ✓ [0mSuccessfully found [38;5;244m13 matches[0m in [38;5;244m1 files[0m under /tmp/ralph-worktrees/iter-1484
[38;5;244m - Completed in 0.188s[0m

[38;5;141m> [0mArchitecture companion headers look correct: H1 title, H2 for major sections, H3 for subsections, H4 for sub-subsections (Walkthrough under Code). This matches the RECIPE-GUIDE structure.[0m[0m
[0m[0m
Now let me check section order in the architecture companion against the RECIPE-GUIDE. Expected: backlink header, Why These Services, Architecture Diagram, Prerequisites, Ingredients, Pseudocode Walkthrough (with Python callout), Expected Results, Why This Isn't Production-Ready, Variations, Additional Resources, Estimated Implementation Time.[0m[0m
[0m[0m
The actual order is: Why These Services (9), Architecture Diagram (37), Prerequisites (128), Ingredients (143), Code/Walkthrough (164/171), Expected Results (755), Why This Isn't Production-Ready (873), Variations and Extensions (917), Additional Resources (941), Estimated Implementation Time (986). This matches.[0m[0m
[0m[0m
Let me do one final check: the architecture companion has a section "## The AWS Implementation" at line 7 which wraps the subsections. This is fine as it's the container for the AWS content.[0m[0m
[0m[0m
Let me also verify there are no "Additional Resources" or "Estimated Implementation Time" sections accidentally left in the main recipe:[0m[0m
Searching for: [38;5;141mAdditional Resources|Estimated Implementation|Prerequisites|Ingredients[0m in [38;5;141m/tmp/ralph-worktrees/iter-1484[0m ([38;5;141mchapter05.02-provider-npi-matching.md[0m)[38;5;244m (using tool: grep)[0m
[38;5;10m ✓ [0mSuccessfully found [38;5;244m1 matches[0m in [38;5;244m1 files[0m under /tmp/ralph-worktrees/iter-1484
[38;5;244m - Completed in 0.140s[0m

[38;5;141m> [0mThat's just the callout text, not a section header. Clean.[0m[0m
[0m[0m
Both files are now polished. Let me do a final comprehensive scan:[0m[0m
[0m[0m
Searching for: [38;5;141mThis recipe demonstrates|We are excited|AWS architects, we need[0m in [38;5;141m/tmp/ralph-worktrees/iter-1484[0m ([38;5;141mchapter05.02-provider-npi-matching.md[0m)[38;5;244m (using tool: grep)[0mSearching for: [38;5;141mThis recipe demonstrates|We are excited|AWS architects, we need[0m in [38;5;141m/tmp/ralph-worktrees/iter-1484[0m ([38;5;141mchapter05.02-architecture.md[0m)[38;5;244m (using tool: grep)[0m
[38;5;9m ❗ [0mNo matches found for pattern: [38;5;244mThis recipe demonstrates|We are excited|AWS architects, we need[0m under /tmp/ralph-worktrees/iter-1484
[38;5;244m - Completed in 0.94s[0m


[38;5;9m ❗ [0mNo matches found for pattern: [38;5;244mThis recipe demonstrates|We are excited|AWS architects, we need[0m under /tmp/ralph-worktrees/iter-1484
[38;5;244m - Completed in 0.71s[0m

[38;5;141m> [0mNo voice-drift issues. Both files are clean.[0m[0m
[0m[0m
Here's the summary of changes made:[0m[0m
[0m[0m
[1m[38;5;10mchapter05.02-provider-npi-matching.md[0m (main recipe):[22m[0m[0m
1. Added [38;5;10mtext[0m language tag to the bare code fence opening the ASCII architecture diagram (line 110).[0m[0m
2. Removed AWS-specific service tags ([38;5;10mdynamodb[0m, [38;5;10mopensearch[0m, [38;5;10mglue[0m, [38;5;10mstep-functions[0m, [38;5;10mlambda[0m) from the Tags section, since those are implementation details that belong to the architecture companion. Kept [38;5;10msplink[0m since it's an open-source library, not an AWS service.[0m[0m
[0m[0m
[1m[38;5;10mchapter05.02-architecture.md[0m (architecture companion):[22m[0m[0m
1. Added [38;5;10mpseudocode[0m language tags to all six bare code fence openings for the pseudocode walkthrough functions ([38;5;10mnormalize_nppes_record[0m, [38;5;10mnormalize_internal_provider[0m, [38;5;10mgenerate_candidates[0m, [38;5;10mscore_candidates[0m, [38;5;10mroute_match[0m, [38;5;10mattach_npi[0m).[0m[0m
[0m[0m
[1mWhat was already clean (no changes needed):[22m[0m[0m
- Zero em dashes or en dashes in either file.[0m[0m
- The architecture callout in the main recipe is correctly placed at the end of the General Architecture section, before The Honest Take.[0m[0m
- The architecture companion opens with a clean backlink header to the main recipe.[0m[0m
- The main recipe's General Architecture and Honest Take sections have no dangling references to AWS content.[0m[0m
- Header hierarchy is correct in both files.[0m[0m
- Section order matches RECIPE-GUIDE in both files.[0m[0m
- No documentation-voice or other anti-patterns detected.[0m[0m
[38;5;252m[0m[?25l[?25l[0m[0m[?25l[0m[?25l[0m[0m[?25l[0m[?25l[0m[0m[?25l[0m[?25l[?25l[0m[0m[?25l[0m[?25l[0m[0m[?25l[0m[?25l[0m[0m[?25l[0m[?25l[0m[0m[?25l[0m[?25l[0m[0m[?25l[0m[?25l[0m[0m[?25l[0m[?25l[0m[0m[?25l[0m[?25l[0m[0m[?25l[0m[?25l[0m[0m[?25l[0m[?25l[0m[0m[?25l[0m[?25l[0m[0m[?25l[0m[?25l[0m[0m[?25l[0m[?25l[0m[0m[?25l[0m[?25l[0m[0m[?25l[0m[?25l[0m[0m[?25l[0m[?25l[0m[0m[?25l[0m[?25l[0m[0m[?25l[0m[?25l[0m[0m[?25l[0m[?25l[0m[0m[?25l[0m[?25l[0m[0m[?25l[0m[?25l[0m[0m[?25l[0m[?25l[0m[0m[?25l[0m[?25l[0m[0m[?25l[0m[?25l[0m[0m[?25l[0m[?25l[0m[0m[?25l[0m[?25l[0m[0m[?25l[0m[?25l[?25l[0m[0m[?25l[0m[?25l[0m[0m[?25l[0m[?25l[0m[0m[?25l[0m[?25l[0m[0m[?25l[0m[?25l[0m[0m[?25l[0m[?25l[0m[0m[?25l[0m[?25l[0m[0m[?25l[0m[?25l[?25l[0m[0m[?25l[0m[0m[0m
[38;5;8m
 ▸ Credits: 25.43 • Time: 3m 12s

[0m[1G[0m[0m[?25h- All existing TODO markers preserved.[38;5;11mWARNING: [0mDuplicate agent with name [38;5;10mmeshclaw-lite[0m was found in the global directory.
[0m[38;5;9mError: [0mJson supplied at /home/lawsnic/.kiro/agents/AmazonBuilderCoreAIAgents-amzn-builder.json is invalid: unknown field `permissions`, expected one of `$schema`, `name`, `description`, `prompt`, `mcpServers`, `tools`, `toolAliases`, `allowedTools`, `resources`, `hooks`, `toolsSettings`, `includeMcpJson`, `useLegacyMcpJson`, `model`, `keyboardShortcut`, `welcomeMessage` at line 3 column 16
[32mAll tools are now trusted ([0m[31m![0m[32m). Kiro will execute tools without asking for confirmation.[0m
Agents can sometimes do unexpected things so understand the risks.

Learn more at [38;5;141mhttps://kiro.dev/docs/cli/chat/security/#using-tools-trust-all-safely[0m



Batch fs_read operation with [38;5;141m2[0m operations[38;5;244m (using tool: read)[0m

↱ Operation 1: Reading file: [38;5;141m/tmp/ralph-worktrees/iter-1484/chapter05.02-provider-npi-matching.md[0m, all lines
↱ Operation 2: Reading file: [38;5;141m/tmp/ralph-worktrees/iter-1484/chapter05.02-architecture.md[0m, all lines
[38;5;10m ✓ [0mSuccessfully read [38;5;244m49530 bytes[0m from /tmp/ralph-worktrees/iter-1484/chapter05.02-provider-npi-matching.md

[38;5;10m ✓ [0mSuccessfully read [38;5;244m77564 bytes[0m from /tmp/ralph-worktrees/iter-1484/chapter05.02-architecture.md

 ⋮ 

[38;5;244m- [0mSummary: 2 operations processed, 2 successful, 0 failed
[38;5;244m - Completed in 0.0s[0m

[38;5;141m> [0mNow I'll check for em dashes and evaluate the pass conditions.[0m[0m
[0m[0m
Searching for: [38;5;141m—[0m in [38;5;141m/tmp/ralph-worktrees/iter-1484/chapter05.02-provider-npi-matching.md[0m[38;5;244m (using tool: grep)[0mSearching for: [38;5;141m—[0m in [38;5;141m/tmp/ralph-worktrees/iter-1484/chapter05.02-architecture.md[0m[38;5;244m (using tool: grep)[0m
[38;5;9m ❗ [0mNo matches found for pattern: [38;5;244m—[0m under /tmp/ralph-worktrees/iter-1484/chapter05.02-provider-npi-matching.md
[38;5;244m - Completed in 0.0s[0m


[38;5;9m ❗ [0mNo matches found for pattern: [38;5;244m—[0m under /tmp/ralph-worktrees/iter-1484/chapter05.02-architecture.md
[38;5;244m - Completed in 0.0s[0m

[38;5;141m> [0mNow let me verify the specific pass conditions:[0m[0m
[0m[0m
1. [1mNo em dashes[22m - Confirmed: no em dashes in either file.[0m[0m
[0m[0m
2. [1mMain recipe reads as a coherent standalone document[22m - The main recipe has: The Problem, The Technology, General Architecture Pattern, The Honest Take, Related Recipes, Tags. All sections are present and self-contained.[0m[0m
[0m[0m
3. [1mWorking callout to the architecture companion[22m - The main recipe has this callout between General Architecture and The Honest Take:[0m[0m
  > [1mThe AWS build lives in a companion page.[22m This recipe covers the problem, the underlying technology, and the vendor-agnostic architecture. For the AWS services, architecture diagram, prerequisites, and the step-by-step pseudocode walkthrough, see the [Architecture and Implementation companion](chapter05.02-architecture). The Python example is linked from there.[0m[0m
[0m[0m
4. [1mNo dangling references to AWS content that moved to the companion[22m - The General Architecture section uses generic terms (not AWS-specific). The Honest Take discusses concepts without referencing AWS services. No dangling AWS references detected.[0m[0m
[0m[0m
5. [1mArchitecture companion reads standalone with a backlink[22m - The companion opens with:[0m[0m
  > [3mCompanion to [Recipe 5.2: Provider NPI Matching](chapter05.02-provider-npi-matching). This page covers the AWS architecture, services, prerequisites, and pseudocode. For the problem framing and the conceptual approach, start with the main recipe.[23m[0m[0m
[0m[0m
  It also has a footer navigation link back: [38;5;10m*← [Main Recipe 5.2](chapter05.02-provider-npi-matching)*[0m[0m[0m
[0m[0m
6. [1mIntact pseudocode[22m - The companion contains complete pseudocode blocks for all 6 steps (normalize NPPES, normalize internal, generate candidates, score candidates, route match, attach NPI/re-verify).[0m[0m
[0m[0m
[38;5;252m[0m[?25l[?25l[0m[0m[?25l[0m[?25l[?25l[0m[0m[?25l[0m[0m[0m
[38;5;8m
 ▸ Credits: 2.26 • Time: 22s

[0m[1G[0m[0m[?25h{"verdict": "pass", "rationale": "Main recipe reads coherently standalone with The Problem, The Technology, General Architecture, and The Honest Take sections intact. Architecture callout is well-placed between General Architecture and The Honest Take. No dangling AWS references in the main recipe. Architecture companion opens with a clear backlink to the main recipe and closes with navigation back. Pseudocode is intact across all six steps. No em dashes found in either file."}