# parallel_worker header: concurrency_limit=2 batch_id=batch-1779739097549-000004-48129ae5775e8eee iteration=350 task_id=ch11-r08-expert-review persona=TechExpertReviewer
[32mAll tools are now trusted ([0m[31m![0m[32m). Kiro will execute tools without asking for confirmation.[0m
Agents can sometimes do unexpected things so understand the risks.

Learn more at [38;5;141mhttps://kiro.dev/docs/cli/chat/security/#using-tools-trust-all-safely[0m



Reading directory: [38;5;141mC:\tmp\ralph-worktrees\iter-350[0m[38;5;244m (using tool: read, max depth: 1, max entries: 1000, excluding: defaults)[0m
[38;5;10m ✓ [0mSuccessfully read directory [38;5;141mC:\tmp\ralph-worktrees\iter-350[0m [38;5;244m(showing 1000 of 1458 entries, offset: 0)[0m
[38;5;244m - Completed in 0.59s[0m

Searching for files: [38;5;141mchapter11.08*[0m[38;5;244m (using tool: glob)[0mSearching for files: [38;5;141mSTYLE-GUIDE*[0m[38;5;244m (using tool: glob)[0mSearching for files: [38;5;141mRECIPE-GUIDE*[0m[38;5;244m (using tool: glob)[0m
[38;5;10m ✓ [0mSuccessfully found [38;5;244m2 files[0m under current directory
[38;5;244m - Completed in 0.17s[0m


[38;5;10m ✓ [0mSuccessfully found [38;5;244m1 files[0m under current directory
[38;5;244m - Completed in 0.18s[0m


[38;5;10m ✓ [0mSuccessfully found [38;5;244m1 files[0m under current directory
[38;5;244m - Completed in 0.19s[0m

Batch fs_read operation with [38;5;141m3[0m operations[38;5;244m (using tool: read)[0m

↱ Operation 1: Reading file: [38;5;141mC:\tmp\ralph-worktrees\iter-350\chapter11.08-mental-health-support-bot.md[0m, all lines
↱ Operation 2: Reading file: [38;5;141mC:\tmp\ralph-worktrees\iter-350\STYLE-GUIDE.md[0m, all lines
↱ Operation 3: Reading file: [38;5;141mC:\tmp\ralph-worktrees\iter-350\RECIPE-GUIDE.md[0m, all lines
[38;5;10m ✓ [0mSuccessfully read [38;5;244m211204 bytes[0m from C:\tmp\ralph-worktrees\iter-350\chapter11.08-mental-health-support-bot.md

[38;5;10m ✓ [0mSuccessfully read [38;5;244m3731 bytes[0m from C:\tmp\ralph-worktrees\iter-350\STYLE-GUIDE.md

[38;5;10m ✓ [0mSuccessfully read [38;5;244m9026 bytes[0m from C:\tmp\ralph-worktrees\iter-350\RECIPE-GUIDE.md

 ⋮ 

[38;5;244m- [0mSummary: 3 operations processed, 3 successful, 0 failed
[38;5;244m - Completed in 0.3s[0m

Reading file: [38;5;141mC:\tmp\ralph-worktrees\iter-350\reviews\chapter11.07-expert-review.md[0m, all lines[38;5;244m (using tool: read)[0mSearching for: [38;5;141m—[0m in [38;5;141mC:\tmp\ralph-worktrees\iter-350\chapter11.08-mental-health-support-bot.md[0m[38;5;244m (using tool: grep)[0m
[38;5;10m ✓ [0mSuccessfully read [38;5;244m181718 bytes[0m from C:\tmp\ralph-worktrees\iter-350\reviews\chapter11.07-expert-review.md
[38;5;244m - Completed in 0.2s[0m


[38;5;9m ❗ [0mNo matches found for pattern: [38;5;244m—[0m under C:\tmp\ralph-worktrees\iter-350\chapter11.08-mental-health-support-bot.md
[38;5;244m - Completed in 0.1s[0m

[38;5;141m> [0mNow I have a clear picture. The recipe is well-structured with 0 em dashes, includes explicit TODO markers anticipating findings (which is excellent practice), and has substantial recipe-distinct mental-health-specific architectural elevations (companion-pattern avoidance, crisis-screening false-negative rate as launch gate, warm-handoff workforce sizing, sensitive-disclosure separately-keyed surface). Let me write the expert review following the chapter 11 pattern.[0m[0m
[38;5;141m> [0mI'll write the review now, keeping it focused and efficient.[0m[0m
