# parallel_worker header: concurrency_limit=4 batch_id=batch-1779677186841-000010-4c459b0fe63e5886 iteration=142 task_id=ch11-r08-expert-review persona=TechExpertReviewer
[32mAll tools are now trusted ([0m[31m![0m[32m). Kiro will execute tools without asking for confirmation.[0m
Agents can sometimes do unexpected things so understand the risks.

Learn more at [38;5;141mhttps://kiro.dev/docs/cli/chat/security/#using-tools-trust-all-safely[0m



Reading directory: [38;5;141mC:\Users\lawsnic\OneDrive - amazon.com\Documents\HCLS-ai-book\.ralph\worktrees\iter-142[0m[38;5;244m (using tool: read, max depth: 1, max entries: 1000, excluding: defaults)[0m
[38;5;10m ✓ [0mSuccessfully read directory [38;5;141mC:\Users\lawsnic\OneDrive - amazon.com\Documents\HCLS-ai-book\.ralph\worktrees\iter-142[0m [38;5;244m(showing 1000 of 1258 entries, offset: 0)[0m
[38;5;244m - Completed in 0.40s[0m

[38;5;141m> [0mLet me read the draft for recipe 11.8 and the style guide for context.[0m[0m
Batch fs_read operation with [38;5;141m3[0m operations[38;5;244m (using tool: read)[0m

↱ Operation 1: Reading file: [38;5;141mC:\Users\lawsnic\OneDrive - amazon.com\Documents\HCLS-ai-book\.ralph\worktrees\iter-142\specs\ch11-r08-draft.md[0m, all lines
↱ Operation 2: Reading file: [38;5;141mC:\Users\lawsnic\OneDrive - amazon.com\Documents\HCLS-ai-book\.ralph\worktrees\iter-142\STYLE-GUIDE.md[0m, all lines
↱ Operation 3: Reading file: [38;5;141mC:\Users\lawsnic\OneDrive - amazon.com\Documents\HCLS-ai-book\.ralph\worktrees\iter-142\reviews\chapter11.07-expert-review.md[0m, all lines
[38;5;10m ✓ [0mSuccessfully read [38;5;244m849 bytes[0m from C:\Users\lawsnic\OneDrive - amazon.com\Documents\HCLS-ai-book\.ralph\worktrees\iter-142\specs\ch11-r08-draft.md

[38;5;10m ✓ [0mSuccessfully read [38;5;244m3731 bytes[0m from C:\Users\lawsnic\OneDrive - amazon.com\Documents\HCLS-ai-book\.ralph\worktrees\iter-142\STYLE-GUIDE.md

[38;5;10m ✓ [0mSuccessfully read [38;5;244m181718 bytes[0m from C:\Users\lawsnic\OneDrive - amazon.com\Documents\HCLS-ai-book\.ralph\worktrees\iter-142\reviews\chapter11.07-expert-review.md

 ⋮ 

[38;5;244m- [0mSummary: 3 operations processed, 3 successful, 0 failed
[38;5;244m - Completed in 0.2s[0m

[38;5;141m> [0mNow let me read the actual draft for recipe 11.8 (Mental Health Support Bot):[0m[0m
Reading file: [38;5;141mC:\Users\lawsnic\OneDrive - amazon.com\Documents\HCLS-ai-book\.ralph\worktrees\iter-142\chapter11.08-mental-health-support-bot.md[0m, all lines[38;5;244m (using tool: read)[0m
[38;5;10m ✓ [0mSuccessfully read [38;5;244m211204 bytes[0m from C:\Users\lawsnic\OneDrive - amazon.com\Documents\HCLS-ai-book\.ralph\worktrees\iter-142\chapter11.08-mental-health-support-bot.md
[38;5;244m - Completed in 0.2s[0m

[38;5;141m> [0mLet me also check for em dashes and review the code-review for context:[0m[0m
Searching for: [38;5;141m—[0m in [38;5;141mC:\Users\lawsnic\OneDrive - amazon.com\Documents\HCLS-ai-book\.ralph\worktrees\iter-142\chapter11.08-mental-health-support-bot.md[0m[38;5;244m (using tool: grep)[0m
[38;5;9m ❗ [0mNo matches found for pattern: [38;5;244m—[0m under C:\Users\lawsnic\OneDrive - amazon.com\Documents\HCLS-ai-book\.ralph\worktrees\iter-142\chapter11.08-mental-health-support-bot.md
[38;5;244m - Completed in 0.1s[0m

Reading file: [38;5;141mC:\Users\lawsnic\OneDrive - amazon.com\Documents\HCLS-ai-book\.ralph\worktrees\iter-142\reviews\chapter11.07-code-review.md[0m, from line [38;5;141m1[0m to [38;5;141m30[0m[38;5;244m (using tool: read)[0m
[38;5;10m ✓ [0mSuccessfully read [38;5;244m6319 bytes[0m from C:\Users\lawsnic\OneDrive - amazon.com\Documents\HCLS-ai-book\.ralph\worktrees\iter-142\reviews\chapter11.07-code-review.md
[38;5;244m - Completed in 0.0s[0m

[38;5;141m> [0mNow I have enough context. Let me write the expert review for recipe 11.8:[0m[0m
