# parallel_worker header: concurrency_limit=4 batch_id=batch-1781743268755-000003-69eceb0a35788fe0 iteration=1454 task_id=ch02-r02-archsplit persona=TechEditor
[38;5;11mWARNING: [0mDuplicate agent with name [38;5;10mmeshclaw-lite[0m was found in the global directory.
[0m[38;5;9mError: [0mJson supplied at /home/lawsnic/.kiro/agents/AmazonBuilderCoreAIAgents-amzn-builder.json is invalid: unknown field `permissions`, expected one of `$schema`, `name`, `description`, `prompt`, `mcpServers`, `tools`, `toolAliases`, `allowedTools`, `resources`, `hooks`, `toolsSettings`, `includeMcpJson`, `useLegacyMcpJson`, `model`, `keyboardShortcut`, `welcomeMessage` at line 3 column 16
[32mAll tools are now trusted ([0m[31m![0m[32m). Kiro will execute tools without asking for confirmation.[0m
Agents can sometimes do unexpected things so understand the risks.

Learn more at [38;5;141mhttps://kiro.dev/docs/cli/chat/security/#using-tools-trust-all-safely[0m



Batch fs_read operation with [38;5;141m2[0m operations[38;5;244m (using tool: read)[0m

↱ Operation 1: Reading file: [38;5;141m/tmp/ralph-worktrees/iter-1454/chapter02.02-medical-terminology-simplification.md[0m, all lines
↱ Operation 2: Reading file: [38;5;141m/tmp/ralph-worktrees/iter-1454/chapter02.02-architecture.md[0m, all lines
[38;5;10m ✓ [0mSuccessfully read [38;5;244m17311 bytes[0m from /tmp/ralph-worktrees/iter-1454/chapter02.02-medical-terminology-simplification.md

[38;5;10m ✓ [0mSuccessfully read [38;5;244m31039 bytes[0m from /tmp/ralph-worktrees/iter-1454/chapter02.02-architecture.md

 ⋮ 

[38;5;244m- [0mSummary: 2 operations processed, 2 successful, 0 failed
[38;5;244m - Completed in 0.0s[0m

[38;5;141m> [0mNow let me check the style guide and recipe guide for reference on how the architecture callout should look and what the expected section structure is.[0m[0m
Searching: [38;5;141m/tmp/ralph-worktrees/iter-1454/RECIPE-GUIDE.md[0m for pattern: [38;5;141marchitecture.*companion|callout|companion.*page[0m[38;5;244m (using tool: read)[0m
[38;5;10m ✓ [0mFound 0 matches for pattern 'architecture.*companion|callout|companion.*page' in /tmp/ralph-worktrees/iter-1454/RECIPE-GUIDE.md
[38;5;244m - Completed in 0.0s[0m

Reading file: [38;5;141m/tmp/ralph-worktrees/iter-1454/RECIPE-GUIDE.md[0m, from line [38;5;141m1[0m to [38;5;141m100[0m[38;5;244m (using tool: read)[0m
[38;5;10m ✓ [0mSuccessfully read [38;5;244m5434 bytes[0m from /tmp/ralph-worktrees/iter-1454/RECIPE-GUIDE.md
[38;5;244m - Completed in 0.0s[0m

[38;5;141m> [0mNow I have a clear picture of the expected structure. Let me check for specific issues in the main recipe. The key things to verify:[0m[0m
[0m[0m
1. The main recipe should NOT have AWS sections (Why These Services, Architecture Diagram, Prerequisites, etc.) - those belong in the architecture companion only.[0m[0m
2. The architecture callout should be at the end of "General Architecture Pattern"[0m[0m
3. "The Honest Take" should not dangle references to AWS content that moved out[0m[0m
4. The architecture companion should open cleanly with a backlink[0m[0m
[0m[0m
Let me examine the main recipe more closely for any dangling AWS references in the "General Architecture Pattern" and "The Honest Take" sections:[0m[0m
[0m[0m
Looking at the main recipe, I can see:[0m[0m
1. [1mGeneral Architecture Pattern[22m - ends cleanly with the architecture callout. No AWS references. Good.[0m[0m
2. [1mThe Honest Take[22m - mentions "the pseudocode here" which references content now in the architecture companion. Also references "The preservation checklist" and "The caching layer" which are implementation details in the companion.[0m[0m
[0m[0m
Let me also check the architecture companion's opening for clean flow:[0m[0m
[0m[0m
The architecture companion opens with:[0m[0m
[38;5;10m*Companion to [Recipe 2.2: Medical Terminology Simplification](chapter02.02-medical-terminology-simplification). This page covers the AWS architecture, services, prerequisites, and pseudocode. For the problem framing and the conceptual approach, start with the main recipe.*
[0m[0m[0m
[0m[0m
This is good - it's a clean backlink header.[0m[0m
[0m[0m
Now let me look at the issues in "The Honest Take":[0m[0m
[0m[0m
1. "The pseudocode here flags segments that miss the target grade for human review" - this references pseudocode that now lives in the architecture companion.[0m[0m
2. "The entity preservation check is where you'll find your scariest bugs" - somewhat generic but references implementation details.[0m[0m
3. "The caching layer pays for itself quickly" - references the DynamoDB caching in the architecture companion.[0m[0m
[0m[0m
These are the "dangling references" I need to fix. The task says: fix ONLY transition seams. Do not rewrite content, do not move sections, do not add new claims. Let me make minimal fixes to smooth these references.[0m[0m
[0m[0m
Also, I notice the architecture companion is missing the "Why This Isn't Production-Ready" section that the RECIPE-GUIDE requires. However, the task says "Do not move sections, do not add new claims" - I should not add a new section. I'll flag this as a TODO if needed.[0m[0m
[0m[0m
Let me also check for em dashes in both files:[0m[0m
Batch fs_read operation with [38;5;141m4[0m operations[38;5;244m (using tool: read)[0m

↱ Operation 1: Searching: [38;5;141m/tmp/ralph-worktrees/iter-1454/chapter02.02-medical-terminology-simplification.md[0m for pattern: [38;5;141m—[0m
↱ Operation 2: Searching: [38;5;141m/tmp/ralph-worktrees/iter-1454/chapter02.02-medical-terminology-simplification.md[0m for pattern: [38;5;141m–[0m
↱ Operation 3: Searching: [38;5;141m/tmp/ralph-worktrees/iter-1454/chapter02.02-architecture.md[0m for pattern: [38;5;141m—[0m
↱ Operation 4: Searching: [38;5;141m/tmp/ralph-worktrees/iter-1454/chapter02.02-architecture.md[0m for pattern: [38;5;141m–[0m
[38;5;10m ✓ [0mFound 0 matches for pattern '—' in /tmp/ralph-worktrees/iter-1454/chapter02.02-medical-terminology-simplification.md

[38;5;10m ✓ [0mFound 1 matches for pattern '–' in /tmp/ralph-worktrees/iter-1454/chapter02.02-medical-terminology-simplification.md

[38;5;10m ✓ [0mFound 0 matches for pattern '—' in /tmp/ralph-worktrees/iter-1454/chapter02.02-architecture.md

[38;5;10m ✓ [0mFound 0 matches for pattern '–' in /tmp/ralph-worktrees/iter-1454/chapter02.02-architecture.md

 ⋮ 

[38;5;244m- [0mSummary: 4 operations processed, 4 successful, 0 failed
[38;5;244m - Completed in 0.1s[0m

[38;5;141m> [0mFound an en dash on line 42 of the main recipe: [38;5;10m$0.15–0.30[0m. This needs to be replaced with a hyphen. Also, the cost line references "see Prerequisites for breakdown" which is a reference to the architecture companion's Prerequisites section - a dangling reference that should be smoothed.[0m[0m
[0m[0m
Now let me also check for bare code fences:[0m[0m
Batch fs_read operation with [38;5;141m2[0m operations[38;5;244m (using tool: read)[0m

↱ Operation 1: Searching: [38;5;141m/tmp/ralph-worktrees/iter-1454/chapter02.02-medical-terminology-simplification.md[0m for pattern: [38;5;141m^```$[0m
↱ Operation 2: Searching: [38;5;141m/tmp/ralph-worktrees/iter-1454/chapter02.02-architecture.md[0m for pattern: [38;5;141m^```$[0m
[38;5;10m ✓ [0mFound 0 matches for pattern '^```$' in /tmp/ralph-worktrees/iter-1454/chapter02.02-medical-terminology-simplification.md

[38;5;10m ✓ [0mFound 0 matches for pattern '^```$' in /tmp/ralph-worktrees/iter-1454/chapter02.02-architecture.md

 ⋮ 

[38;5;244m- [0mSummary: 2 operations processed, 2 successful, 0 failed
[38;5;244m - Completed in 0.0s[0m

[38;5;141m> [0mGood, no bare code fences. Let me check for the opening code fences to verify they all have language tags:[0m[0m
Batch fs_read operation with [38;5;141m2[0m operations[38;5;244m (using tool: read)[0m

↱ Operation 1: Searching: [38;5;141m/tmp/ralph-worktrees/iter-1454/chapter02.02-medical-terminology-simplification.md[0m for pattern: [38;5;141m^```[0m
↱ Operation 2: Searching: [38;5;141m/tmp/ralph-worktrees/iter-1454/chapter02.02-architecture.md[0m for pattern: [38;5;141m^```[0m
[38;5;10m ✓ [0mFound 0 matches for pattern '^```' in /tmp/ralph-worktrees/iter-1454/chapter02.02-medical-terminology-simplification.md

[38;5;10m ✓ [0mFound 0 matches for pattern '^```' in /tmp/ralph-worktrees/iter-1454/chapter02.02-architecture.md

 ⋮ 

[38;5;244m- [0mSummary: 2 operations processed, 2 successful, 0 failed
[38;5;244m - Completed in 0.0s[0m

Searching for: [38;5;141m^```[0m in [38;5;141m/tmp/ralph-worktrees/iter-1454/chapter02.02-medical-terminology-simplification.md[0m[38;5;244m (using tool: grep)[0mSearching for: [38;5;141m^```[0m in [38;5;141m/tmp/ralph-worktrees/iter-1454/chapter02.02-architecture.md[0m[38;5;244m (using tool: grep)[0m
[38;5;10m ✓ [0mSuccessfully found [38;5;244m2 matches[0m in [38;5;244m1 files[0m under /tmp/ralph-worktrees/iter-1454/chapter02.02-medical-terminology-simplification.md
[38;5;244m - Completed in 0.0s[0m


[38;5;10m ✓ [0mSuccessfully found [38;5;244m14 matches[0m in [38;5;244m1 files[0m under /tmp/ralph-worktrees/iter-1454/chapter02.02-architecture.md (result is truncated)
[38;5;244m - Completed in 0.0s[0m

[38;5;141m> [0mLet me check those code fences more closely:[0m[0m
Batch fs_read operation with [38;5;141m3[0m operations[38;5;244m (using tool: read)[0m

↱ Operation 1: Reading file: [38;5;141m/tmp/ralph-worktrees/iter-1454/chapter02.02-medical-terminology-simplification.md[0m, from line [38;5;141m110[0m to [38;5;141m114[0m
↱ Operation 2: Reading file: [38;5;141m/tmp/ralph-worktrees/iter-1454/chapter02.02-architecture.md[0m, from line [38;5;141m80[0m to [38;5;141m85[0m
↱ Operation 3: Reading file: [38;5;141m/tmp/ralph-worktrees/iter-1454/chapter02.02-architecture.md[0m, from line [38;5;141m123[0m to [38;5;141m133[0m
[38;5;10m ✓ [0mSuccessfully read [38;5;244m145 bytes[0m from /tmp/ralph-worktrees/iter-1454/chapter02.02-medical-terminology-simplification.md

[38;5;10m ✓ [0mSuccessfully read [38;5;244m705 bytes[0m from /tmp/ralph-worktrees/iter-1454/chapter02.02-architecture.md

[38;5;10m ✓ [0mSuccessfully read [38;5;244m1529 bytes[0m from /tmp/ralph-worktrees/iter-1454/chapter02.02-architecture.md

 ⋮ 

[38;5;244m- [0mSummary: 3 operations processed, 3 successful, 0 failed
[38;5;244m - Completed in 0.0s[0m

[38;5;141m> [0mThe main recipe has a bare code fence on line 111. It wraps the pipeline diagram. This needs a language tag. Let me also check the architecture companion's bare fences at lines 82, 125, and 131:[0m[0m
Searching for: [38;5;141m^```[0m in [38;5;141m/tmp/ralph-worktrees/iter-1454/chapter02.02-architecture.md[0m[38;5;244m (using tool: grep)[0m
[38;5;10m ✓ [0mSuccessfully found [38;5;244m14 matches[0m in [38;5;244m1 files[0m under /tmp/ralph-worktrees/iter-1454/chapter02.02-architecture.md
[38;5;244m - Completed in 0.0s[0m

[38;5;141m> [0mLine 25 has [38;5;10mmermaid[0m tag, line 382 has [38;5;10mjson[0m tag. The closing fences (43, 125, 164, 249, 311, 368, 398) are fine. Let me check lines 82 and 131 (opening fences without tags):[0m[0m
Batch fs_read operation with [38;5;141m5[0m operations[38;5;244m (using tool: read)[0m

↱ Operation 1: Reading file: [38;5;141m/tmp/ralph-worktrees/iter-1454/chapter02.02-architecture.md[0m, from line [38;5;141m81[0m to [38;5;141m84[0m
↱ Operation 2: Reading file: [38;5;141m/tmp/ralph-worktrees/iter-1454/chapter02.02-architecture.md[0m, from line [38;5;141m130[0m to [38;5;141m133[0m
↱ Operation 3: Reading file: [38;5;141m/tmp/ralph-worktrees/iter-1454/chapter02.02-architecture.md[0m, from line [38;5;141m169[0m to [38;5;141m172[0m
↱ Operation 4: Reading file: [38;5;141m/tmp/ralph-worktrees/iter-1454/chapter02.02-architecture.md[0m, from line [38;5;141m252[0m to [38;5;141m255[0m
↱ Operation 5: Reading file: [38;5;141m/tmp/ralph-worktrees/iter-1454/chapter02.02-architecture.md[0m, from line [38;5;141m316[0m to [38;5;141m319[0m
[38;5;10m ✓ [0mSuccessfully read [38;5;244m134 bytes[0m from /tmp/ralph-worktrees/iter-1454/chapter02.02-architecture.md

[38;5;10m ✓ [0mSuccessfully read [38;5;244m107 bytes[0m from /tmp/ralph-worktrees/iter-1454/chapter02.02-architecture.md

[38;5;10m ✓ [0mSuccessfully read [38;5;244m57 bytes[0m from /tmp/ralph-worktrees/iter-1454/chapter02.02-architecture.md

[38;5;10m ✓ [0mSuccessfully read [38;5;244m113 bytes[0m from /tmp/ralph-worktrees/iter-1454/chapter02.02-architecture.md

[38;5;10m ✓ [0mSuccessfully read [38;5;244m147 bytes[0m from /tmp/ralph-worktrees/iter-1454/chapter02.02-architecture.md

 ⋮ 

[38;5;244m- [0mSummary: 5 operations processed, 5 successful, 0 failed
[38;5;244m - Completed in 0.1s[0m

[38;5;141m> [0mThese are all pseudocode blocks. They need the [38;5;10mpseudocode[0m language tag. Now I have a complete picture of what needs fixing:[0m[0m
[0m[0m
[1mMain recipe ([38;5;10mchapter02.02-medical-terminology-simplification.md[0m):[22m[0m[0m
1. Line 42: en dash [38;5;10m–[0m in [38;5;10m$0.15–0.30[0m → replace with hyphen [38;5;10m-[0m[0m[0m
2. Line 42: "see Prerequisites for breakdown" dangling reference to architecture companion → fix to reference the companion[0m[0m
3. Line 111: bare code fence → add [38;5;10mtext[0m tag (it's a pipeline diagram in plain text)[0m[0m
4. "The Honest Take": "The pseudocode here flags segments..." references pseudocode in the companion → smooth the reference[0m[0m
[0m[0m
[1mArchitecture companion ([38;5;10mchapter02.02-architecture.md[0m):[22m[0m[0m
5. Lines 82, 131, 170, 253, 317: bare code fences for pseudocode → add [38;5;10mpseudocode[0m tag[0m[0m
6. Missing "Why This Isn't Production-Ready" section per RECIPE-GUIDE → flag as TODO (can't add new content)[0m[0m
[0m[0m
Let me check what the existing Chapter 1 uses for pseudocode language tags to stay consistent:[0m[0m
I will run the following command: [38;5;141mgrep -n "^\`\`\`" /tmp/ralph-worktrees/iter-1454/chapter01.01-architecture.md 2>/dev/null | head -20 || grep -n "^\`\`\`" /tmp/ralph-worktrees/iter-1454/chapter02.01-architecture.md 2>/dev/null | head -20[0m[38;5;244m (using tool: shell)[0m
Purpose: Check what language tag Chapter 1 or 2.1 architecture uses for pseudocode blocks

23:```mermaid
35:```
74:```pseudocode
84:```
88:```pseudocode
130:```
134:```json
147:```
149:```pseudocode
175:```
179:```pseudocode
204:```
212:```pseudocode
224:```
232:```json
248:```
[38;5;244m - Completed in 0.13s[0m

[38;5;141m> [0mThe convention in [38;5;10mchapter02.01-architecture.md[0m is [38;5;10mpseudocode[0m as the language tag. Now let me also verify what the main recipe line 42 reference to "Prerequisites" should point to:[0m[0m
Reading file: [38;5;141m/tmp/ralph-worktrees/iter-1454/chapter02.02-medical-terminology-simplification.md[0m, from line [38;5;141m41[0m to [38;5;141m43[0m[38;5;244m (using tool: read)[0m
[38;5;10m ✓ [0mSuccessfully read [38;5;244m156 bytes[0m from /tmp/ralph-worktrees/iter-1454/chapter02.02-medical-terminology-simplification.md
[38;5;244m - Completed in 0.0s[0m

[38;5;141m> [0mNow let me look at "The Honest Take" in detail for the dangling references:[0m[0m
Reading file: [38;5;141m/tmp/ralph-worktrees/iter-1454/chapter02.02-medical-terminology-simplification.md[0m, from line [38;5;141m119[0m to [38;5;141m148[0m[38;5;244m (using tool: read)[0m
[38;5;10m ✓ [0mSuccessfully read [38;5;244m4058 bytes[0m from /tmp/ralph-worktrees/iter-1454/chapter02.02-medical-terminology-simplification.md
[38;5;244m - Completed in 0.0s[0m

[38;5;141m> [0mNow I have a complete picture. The dangling references in "The Honest Take":[0m[0m
[0m[0m
1. [1m"The pseudocode here flags segments..."[22m (line ~143) - references pseudocode now in companion. Should say "the pseudocode in the architecture companion" or similar.[0m[0m
2. [1m"The preservation checklist catches this"[22m - this is generic enough that it's fine (it's a conceptual reference, not pointing to a specific code block).[0m[0m
3. [1m"The caching layer pays for itself quickly"[22m - this is a general architectural concept discussed in General Architecture Pattern context. It's fine.[0m[0m
[0m[0m
The only real dangling reference is the pseudocode one. Let me now make the fixes:[0m[0m
I'll modify the following file: [38;5;141mchapter02.02-medical-terminology-simplification.md[0m[38;5;244m (using tool: write)[0m
Purpose: Fix en dash to hyphen; fix dangling "see Prerequisites" reference to point to architecture companion

[49m[38;5;9m- 42    [0m:[38;5;9m[49m **Complexity:** Simple · **Phase:** MVP · **Estimated Cost:** ~$0.15–0.30 per document (Comprehend Medical dominates; see Prerequisites for breakdown)
[0m[49m[38;5;10m+     42[0m:[38;5;10m[49m **Complexity:** Simple · **Phase:** MVP · **Estimated Cost:** ~$0.15-0.30 per document (Comprehend Medical dominates; see the [Architecture companion](chapter02.02-architecture) for a cost breakdown)
[0m[K
Updating: [38;5;141mchapter02.02-medical-terminology-simplification.md[0m
[38;5;244m - Completed in 0.0s[0m

I'll modify the following file: [38;5;141mchapter02.02-medical-terminology-simplification.md[0m[38;5;244m (using tool: write)[0m
Purpose: Add language tag to bare code fence (pipeline diagram)

[49m[38;5;9m- 111     [0m:[38;5;9m[49m ```
[0m[49m[38;5;10m+      111[0m:[38;5;10m[49m ```text
[0m[49m[39m  112, 112[0m:[39m[49m [Clinical Text] → [Segment by Type] → [Simplify with Constraints] → [Validate Readability] → [Verify Preservation] → [Output]
[0m[49m[39m  113, 113[0m:[39m[49m ```
[0m[K
Updating: [38;5;141mchapter02.02-medical-terminology-simplification.md[0m
[38;5;244m - Completed in 0.0s[0m

[38;5;141m> [0mNow fix the dangling pseudocode reference in "The Honest Take":[0m[0m
I'll modify the following file: [38;5;141mchapter02.02-medical-terminology-simplification.md[0m[38;5;244m (using tool: write)[0m
Purpose: Replace "The pseudocode here flags" with "The validation step flags" to remove dangling reference to pseudocode that now lives in the architecture companion

[49m[38;5;9m- 138     [0m:[38;5;9m[49m The readability validation is your safety net, and it catches more issues than you'd expect. Models are good at simplification but they're not perfect at hitting a specific grade level. They tend to drift toward 8th-9th grade even when you ask for 6th grade. The pseudocode here flags segments that miss the target grade for human review rather than re-simplifying them automatically. In practice, a retry loop with a stricter prompt (lower target grade, explicit short-sentence instruction) can reclaim 50-70% of flagged segments and is a reasonable first enhancement once you see which segments miss most often. <!-- TODO (TechWriter): Expert review A4 (MEDIUM). If a retry loop is added to the pseudocode, update the cost and latency estimates to account for the extra Bedrock calls on the failing segments. -->
[0m[49m[38;5;10m+      138[0m:[38;5;10m[49m The readability validation is your safety net, and it catches more issues than you'd expect. Models are good at simplification but they're not perfect at hitting a specific grade level. They tend to drift toward 8th-9th grade even when you ask for 6th grade. The validation step flags segments that miss the target grade for human review rather than re-simplifying them automatically. In practice, a retry loop with a stricter prompt (lower target grade, explicit short-sentence instruction) can reclaim 50-70% of flagged segments and is a reasonable first enhancement once you see which segments miss most often. <!-- TODO (TechWriter): Expert review A4 (MEDIUM). If a retry loop is added to the pseudocode, update the cost and latency estimates to account for the extra Bedrock calls on the failing segments. -->
[0m[K
Updating: [38;5;141mchapter02.02-medical-terminology-simplification.md[0m
[38;5;244m - Completed in 0.0s[0m

[38;5;141m> [0mNow fix the architecture companion's bare pseudocode fences:[0m[0m
Reading file: [38;5;141m/tmp/ralph-worktrees/iter-1454/chapter02.02-architecture.md[0m, from line [38;5;141m82[0m to [38;5;141m83[0m[38;5;244m (using tool: read)[0m
[38;5;10m ✓ [0mSuccessfully read [38;5;244m54 bytes[0m from /tmp/ralph-worktrees/iter-1454/chapter02.02-architecture.md
[38;5;244m - Completed in 0.0s[0m

I'll modify the following file: [38;5;141mchapter02.02-architecture.md[0m[38;5;244m (using tool: write)[0m
Purpose: Add pseudocode language tag to Step 1 code fence

[49m[38;5;9m- 82    [0m:[38;5;9m[49m ```
[0m[49m[38;5;10m+     82[0m:[38;5;10m[49m ```pseudocode
[0m[49m[39m  83, 83[0m:[39m[49m FUNCTION extract_critical_entities(clinical_text):
[0m[K
Updating: [38;5;141mchapter02.02-architecture.md[0m
[38;5;244m - Completed in 0.0s[0m

I'll modify the following file: [38;5;141mchapter02.02-architecture.md[0m[38;5;244m (using tool: write)[0m
Purpose: Add pseudocode language tag to Step 2 code fence

[49m[38;5;9m- 131     [0m:[38;5;9m[49m ```
[0m[49m[38;5;10m+      131[0m:[38;5;10m[49m ```pseudocode
[0m[49m[39m  132, 132[0m:[39m[49m SEGMENT_TYPES = {
[0m[K
Updating: [38;5;141mchapter02.02-architecture.md[0m
[38;5;244m - Completed in 0.0s[0m

I'll modify the following file: [38;5;141mchapter02.02-architecture.md[0m[38;5;244m (using tool: write)[0m
Purpose: Add pseudocode language tag to Step 3 code fence

[49m[38;5;9m- 170     [0m:[38;5;9m[49m ```
[0m[49m[38;5;10m+      170[0m:[38;5;10m[49m ```pseudocode
[0m[49m[39m  171, 171[0m:[39m[49m TARGET_READING_LEVEL = "6th grade (Flesch-Kincaid)"
[0m[K
Updating: [38;5;141mchapter02.02-architecture.md[0m
[38;5;244m - Completed in 0.0s[0m

I'll modify the following file: [38;5;141mchapter02.02-architecture.md[0m[38;5;244m (using tool: write)[0m
Purpose: Add pseudocode language tag to Step 4 code fence

[49m[38;5;9m- 253     [0m:[38;5;9m[49m ```
[0m[49m[38;5;10m+      253[0m:[38;5;10m[49m ```pseudocode
[0m[49m[39m  254, 254[0m:[39m[49m FUNCTION validate_output(simplified_segment, original_segment, must_preserve, target_grade):
[0m[K
Updating: [38;5;141mchapter02.02-architecture.md[0m
[38;5;244m - Completed in 0.1s[0m

I'll modify the following file: [38;5;141mchapter02.02-architecture.md[0m[38;5;244m (using tool: write)[0m
Purpose: Add pseudocode language tag to Step 5 code fence

[49m[38;5;9m- 317     [0m:[38;5;9m[49m ```
[0m[49m[38;5;10m+      317[0m:[38;5;10m[49m ```pseudocode
[0m[49m[39m  318, 318[0m:[39m[49m FUNCTION assemble_and_store(original_text, simplified_segments, validation_results, 
[0m[49m[39m  319, 319[0m:[39m[49m                             must_preserve, target_grade):
[0m[K
Updating: [38;5;141mchapter02.02-architecture.md[0m
[38;5;244m - Completed in 0.0s[0m

[38;5;141m> [0mNow let me check if the architecture companion is missing the "Why This Isn't Production-Ready" section that the RECIPE-GUIDE requires. Let me look at the section ordering:[0m[0m
Searching for: [38;5;141m^##[0m in [38;5;141m/tmp/ralph-worktrees/iter-1454/chapter02.02-architecture.md[0m[38;5;244m (using tool: grep)[0m
[38;5;10m ✓ [0mSuccessfully found [38;5;244m11 matches[0m in [38;5;244m1 files[0m under /tmp/ralph-worktrees/iter-1454/chapter02.02-architecture.md (result is truncated)
[38;5;244m - Completed in 0.0s[0m

Searching for: [38;5;141m^#{2,3} [0m in [38;5;141m/tmp/ralph-worktrees/iter-1454/chapter02.02-architecture.md[0m[38;5;244m (using tool: grep)[0m
[38;5;10m ✓ [0mSuccessfully found [38;5;244m10 matches[0m in [38;5;244m1 files[0m under /tmp/ralph-worktrees/iter-1454/chapter02.02-architecture.md
[38;5;244m - Completed in 0.0s[0m

[38;5;141m> [0mThe architecture companion is missing "Why This Isn't Production-Ready" between "Expected Results" and "Variations and Extensions". Per my instructions, I should not add new sections or content. I'll flag it as a TODO. Let me find the right spot (between Expected Results and Variations):[0m[0m
Reading file: [38;5;141m/tmp/ralph-worktrees/iter-1454/chapter02.02-architecture.md[0m, from line [38;5;141m413[0m to [38;5;141m416[0m[38;5;244m (using tool: read)[0m
[38;5;10m ✓ [0mSuccessfully read [38;5;244m34 bytes[0m from /tmp/ralph-worktrees/iter-1454/chapter02.02-architecture.md
[38;5;244m - Completed in 0.0s[0m

I'll modify the following file: [38;5;141mchapter02.02-architecture.md[0m[38;5;244m (using tool: write)[0m
Purpose: Flag missing "Why This Isn't Production-Ready" section required by RECIPE-GUIDE

[49m[38;5;10m+      413[0m:[38;5;10m[49m <!-- TODO (TechWriter): RECIPE-GUIDE requires a "Why This Isn't Production-Ready" section between Expected Results and Variations. Add it to match the companion file spec. -->
[0m[49m[38;5;10m+      414[0m:[38;5;10m[49m 
[0m[49m[39m  413, 415[0m:[39m[49m ---
[0m[49m[39m  414, 416[0m:[39m[49m 
[0m[49m[39m  415, 417[0m:[39m[49m ## Variations and Extensions
[0m[K
Updating: [38;5;141mchapter02.02-architecture.md[0m
[38;5;244m - Completed in 0.0s[0m

[38;5;141m> [0mNow let me update the editorial comment at the top of the main recipe to record this pass:[0m[0m
I'll modify the following file: [38;5;141mchapter02.02-medical-terminology-simplification.md[0m[38;5;244m (using tool: write)[0m
Purpose: Add editorial pass 6 note documenting post-split polish changes

[49m[39m   1,  1[0m:[39m[49m <!--
[0m[49m[39m   2,  2[0m:[39m[49m Editorial pass (TechEditor, 2026-05-11):
[0m[49m[39m   3,  3[0m:[39m[49m - Corrected the per-document cost estimate: Comprehend Medical dominates and was omitted from the top-line number (expert review A2).
[0m[49m[39m   4,  4[0m:[39m[49m - Added KMS VPC endpoint and interface-vs-gateway distinction to Prerequisites (S1/N1/N2).
[0m[49m[39m   5,  5[0m:[39m[49m - Added Bedrock endpoint name (bedrock-runtime) and noted it serves both InvokeModel and ApplyGuardrail (N3).
[0m[49m[39m   6,  6[0m:[39m[49m - Added Lambda timeout and memory row to Prerequisites (A1).
[0m[49m[39m   7,  7[0m:[39m[49m - Added note on Bedrock model-invocation-logging PHI to Encryption row (S4).
[0m[49m[39m   8,  8[0m:[39m[49m - Revised The Honest Take's retry-loop claim to match the current single-pass behavior (A4).
[0m[49m[39m   9,  9[0m:[39m[49m - Removed the Architecture Diagram's second Comprehend Medical arrow, which disagreed with Step 4's string-matching logic (A3).
[0m[49m[39m  10, 10[0m:[39m[49m - Added a parenthetical on segment-classifier ambiguity in Step 2 (A6).
[0m[49m[39m  11, 11[0m:[39m[49m - Added input-side Guardrails note for untrusted sources in Step 3 (S2).
[0m[49m[39m  12, 12[0m:[39m[49m - Added PHI retention / TTL guidance to Step 5 (S3).
[0m[49m[39m  13, 13[0m:[39m[49m - Added guardrail-event metric note to Step 3 (S5).
[0m[49m[39m  14, 14[0m:[39m[49m - Replaced two broken URLs in Additional Resources; removed the V2 inline TODO (V2).
[0m[49m[39m  15, 15[0m:[39m[49m - Preserved the V3 TODO on Recipe 8.1 cross-reference for the book-wide sweep.
[0m[49m[39m  16, 16[0m:[39m[49m - Flagged remaining structural items (cache lookup step, classifier upgrade, retry loop) as TODOs for TechWriter (A4, A5, A6).
[0m[49m[39m  17, 17[0m:[39m[49m 
[0m[49m[39m  18, 18[0m:[39m[49m Editorial pass 2 (TechEditor, 2026-05-11):
[0m[49m[39m  19, 19[0m:[39m[49m - Removed stray double blank lines before "## The AWS Implementation" and before the Step 1 code fence (whitespace polish, no content change).
[0m[49m[39m  20, 20[0m:[39m[49m - Confirmed zero em dashes, header hierarchy (H1 / H2 / H3 / H4 Walkthrough) consistent with Chapter 1, all URLs well-formed, no documentation-voice or LinkedIn-influencer patterns, vendor balance holds at approximately 70/30.
[0m[49m[39m  21, 21[0m:[39m[49m - No structural rewrites; all TODOs preserved for the TechWriter.
[0m[49m[39m  22, 22[0m:[39m[49m 
[0m[49m[39m  23, 23[0m:[39m[49m Editorial pass 3 (TechEditor, 2026-05-11):
[0m[49m[39m  24, 24[0m:[39m[49m - Final checklist sweep against both reviews. No remaining fixable issues at the editing layer.
[0m[49m[39m  25, 25[0m:[39m[49m - Verified: zero em dashes (U+2014 full-file scan), zero trailing whitespace, all fenced blocks match chapter-1 convention (bare fences for pseudocode, language tags on json/mermaid), all 12 external URLs are well-formed AWS docs/samples/solutions domains, no hype-marker phrases (leverage, seamless, delve, revolutionize, etc.) present.
[0m[49m[39m  26, 26[0m:[39m[49m - Header hierarchy (H1 title, H2 major, H3 subsection, H4 Walkthrough) matches chapter01.01 and chapter02.01.
[0m[49m[39m  27, 27[0m:[39m[49m - RECIPE-GUIDE section order verified: Problem, Technology, General Architecture Pattern, Why These Services, Architecture Diagram, Prerequisites, Ingredients, Code (Walkthrough), Expected Results, Honest Take, Variations, Related Recipes, Additional Resources, Estimated Implementation Time, Tags, Navigation.
[0m[49m[39m  28, 28[0m:[39m[49m - Vendor balance verified: The Problem, The Technology, and General Architecture Pattern stay vendor-neutral; AWS service names appear only from "The AWS Implementation" onward.
[0m[49m[39m  29, 29[0m:[39m[49m - Preserved TODOs flagged for downstream personas: (1) cache-lookup Step 0 before Step 1 (TechWriter; A5), (2) optional retry loop in Step 5 with cost/latency adjustment (TechWriter; A4), (3) Recipe 8.1 cross-reference number (book-wide sweep; V3). Per persona instructions, structural additions are left for the TechWriter rather than rewritten here.
[0m[49m[39m  30, 30[0m:[39m[49m 
[0m[49m[39m  31, 31[0m:[39m[49m Editorial pass 4 (TechEditor, 2026-05-11):
[0m[49m[39m  32, 32[0m:[39m[49m - Renamed Prerequisites row "Lambda config" to "Lambda Runtime" for title-case consistency with the rest of the table and with chapter02.01's equivalent row. Content of the row unchanged.
[0m[49m[39m  33, 33[0m:[39m[49m - Re-scanned against both reviews: zero em dashes (U+2014), header hierarchy stable, 12 external URLs all well-formed, 3 preserved TODOs still intact (Step 0 cache lookup, retry-loop cost adjustment, Recipe 8.1 reference number). Persona constraints observed: no structural rewrites, no new technical claims, no TODO removals.
[0m[49m[39m  34, 34[0m:[39m[49m 
[0m[49m[39m  35, 35[0m:[39m[49m Editorial pass 5 (TechEditor, 2026-05-31):
[0m[49m[39m  36, 36[0m:[39m[49m - Added finding IDs to all three preserved TODO markers (A5, A4, V3) so the follow-up task generator can track them. No content changes to the markers themselves.
[0m[49m[39m  37, 37[0m:[39m[49m - Final checklist: zero em dashes, zero trailing whitespace, no consecutive blank lines, header hierarchy (H1/H2/H3/H4) stable, all 12 URLs well-formed, no documentation-voice or hype markers, RECIPE-GUIDE section order compliant, vendor balance holds at ~70/30. Recipe is publication-ready pending the three deferred TechWriter items.
[0m[49m[38;5;10m+     38[0m:[38;5;10m[49m 
[0m[49m[38;5;10m+     39[0m:[38;5;10m[49m Editorial pass 6 (TechEditor, 2026-06-17): Post-split polish.
[0m[49m[38;5;10m+     40[0m:[38;5;10m[49m - Fixed en dash (U+2013) in cost line to hyphen.
[0m[49m[38;5;10m+     41[0m:[38;5;10m[49m - Replaced "see Prerequisites for breakdown" with a link to the architecture companion (Prerequisites now lives there).
[0m[49m[38;5;10m+     42[0m:[38;5;10m[49m - Replaced "The pseudocode here flags" with "The validation step flags" in The Honest Take to remove dangling reference to companion-file pseudocode.
[0m[49m[38;5;10m+     43[0m:[38;5;10m[49m - Added `text` language tag to the pipeline-diagram code fence.
[0m[49m[38;5;10m+     44[0m:[38;5;10m[49m - Verified: architecture callout is correctly placed at end of General Architecture Pattern, The Honest Take has no remaining forward-references to AWS content, all TODOs preserved (A4, A5, V3).
[0m[49m[39m  38, 45[0m:[39m[49m -->
[0m[K
Updating: [38;5;141mchapter02.02-medical-terminology-simplification.md[0m
[38;5;244m - Completed in 0.1s[0m

[38;5;141m> [0mNow let me do a final verification sweep on both files:[0m[0m
[0m[0m
Searching for: [38;5;141m—|–[0m in [38;5;141m/tmp/ralph-worktrees/iter-1454/chapter02.02-medical-terminology-simplification.md[0m[38;5;244m (using tool: grep)[0mSearching for: [38;5;141m—|–[0m in [38;5;141m/tmp/ralph-worktrees/iter-1454/chapter02.02-architecture.md[0m[38;5;244m (using tool: grep)[0m
[38;5;9m ❗ [0mNo matches found for pattern: [38;5;244m—|–[0m under /tmp/ralph-worktrees/iter-1454/chapter02.02-medical-terminology-simplification.md
[38;5;244m - Completed in 0.0s[0m


[38;5;9m ❗ [0mNo matches found for pattern: [38;5;244m—|–[0m under /tmp/ralph-worktrees/iter-1454/chapter02.02-architecture.md
[38;5;244m - Completed in 0.0s[0m

[38;5;141m> [0mZero em dashes, zero en dashes. Let me verify the code fences in the architecture companion are now all tagged:[0m[0m
I will run the following command: [38;5;141mgrep -n "^\`\`\`" /tmp/ralph-worktrees/iter-1454/chapter02.02-architecture.md[0m[38;5;244m (using tool: shell)[0m
Purpose: Verify all code fences have language tags

25:```mermaid
43:```
82:```pseudocode
125:```
131:```pseudocode
164:```
170:```pseudocode
249:```
253:```pseudocode
311:```
317:```pseudocode
368:```
382:```json
398:```
[38;5;244m - Completed in 0.68s[0m

[38;5;141m> [0mAll opening fences now have tags ([38;5;10mmermaid[0m, [38;5;10mpseudocode[0m, [38;5;10mjson[0m). The untagged ones (43, 125, 164, 249, 311, 368, 398) are closing fences (just [38;5;10m [0m[38;5;10m[0m I will run the following command: [38;5;141mgrep -n "^\`\`\`" /tmp/ralph-worktrees/iter-1454/chapter02.02-medical-terminology-simplification.md[0m[38;5;244m (using tool: shell)[0m
Purpose: Verify main recipe code fences

118:```text
120:```
[38;5;244m - Completed in 0.14s[0m

[38;5;141m> [0mGood. One opening fence with [38;5;10mtext[0m tag, one closing fence.[0m[0m
[0m[0m
Let me do a final read of the key transition areas to make sure everything flows:[0m[0m
Batch fs_read operation with [38;5;141m3[0m operations[38;5;244m (using tool: read)[0m

↱ Operation 1: Reading file: [38;5;141m/tmp/ralph-worktrees/iter-1454/chapter02.02-medical-terminology-simplification.md[0m, from line [38;5;141m41[0m to [38;5;141m43[0m
↱ Operation 2: Reading file: [38;5;141m/tmp/ralph-worktrees/iter-1454/chapter02.02-medical-terminology-simplification.md[0m, from line [38;5;141m133[0m to [38;5;141m140[0m
↱ Operation 3: Reading file: [38;5;141m/tmp/ralph-worktrees/iter-1454/chapter02.02-architecture.md[0m, from line [38;5;141m1[0m to [38;5;141m6[0m
[38;5;10m ✓ [0mSuccessfully read [38;5;244m333 bytes[0m from /tmp/ralph-worktrees/iter-1454/chapter02.02-medical-terminology-simplification.md

[38;5;10m ✓ [0mSuccessfully read [38;5;244m396 bytes[0m from /tmp/ralph-worktrees/iter-1454/chapter02.02-medical-terminology-simplification.md

[38;5;10m ✓ [0mSuccessfully read [38;5;244m362 bytes[0m from /tmp/ralph-worktrees/iter-1454/chapter02.02-architecture.md

 ⋮ 

[38;5;244m- [0mSummary: 3 operations processed, 3 successful, 0 failed
[38;5;244m - Completed in 0.1s[0m

[38;5;141m> [0mLet me verify the actual line where the cost estimate is now:[0m[0m
Searching for: [38;5;141mEstimated Cost[0m in [38;5;141m/tmp/ralph-worktrees/iter-1454/chapter02.02-medical-terminology-simplification.md[0m[38;5;244m (using tool: grep)[0m
[38;5;10m ✓ [0mSuccessfully found [38;5;244m1 matches[0m in [38;5;244m1 files[0m under /tmp/ralph-worktrees/iter-1454/chapter02.02-medical-terminology-simplification.md
[38;5;244m - Completed in 0.1s[0m

[38;5;141m> [0mGood. Let me also verify the "validation step" fix:[0m[0m
Searching for: [38;5;141mvalidation step flags[0m in [38;5;141m/tmp/ralph-worktrees/iter-1454/chapter02.02-medical-terminology-simplification.md[0m[38;5;244m (using tool: grep)[0m
[38;5;10m ✓ [0mSuccessfully found [38;5;244m2 matches[0m in [38;5;244m1 files[0m under /tmp/ralph-worktrees/iter-1454/chapter02.02-medical-terminology-simplification.md
[38;5;244m - Completed in 0.0s[0m

[38;5;141m> [0mEverything looks clean. Let me verify the TODO marker in the architecture companion was placed correctly:[0m[0m
Searching for: [38;5;141mTODO.*Production-Ready[0m in [38;5;141m/tmp/ralph-worktrees/iter-1454/chapter02.02-architecture.md[0m[38;5;244m (using tool: grep)[0m
[38;5;10m ✓ [0mSuccessfully found [38;5;244m1 matches[0m in [38;5;244m1 files[0m under /tmp/ralph-worktrees/iter-1454/chapter02.02-architecture.md
[38;5;244m - Completed in 0.1s[0m

[38;5;141m> [0mAll changes are complete. Let me do one final full-file scan for any remaining issues I might have missed:[0m[0m
Searching for: [38;5;141mpseudocode (here|below|above)[0m in [38;5;141m/tmp/ralph-worktrees/iter-1454/chapter02.02-medical-terminology-simplification.md[0m[38;5;244m (using tool: grep)[0m
[38;5;10m ✓ [0mSuccessfully found [38;5;244m1 matches[0m in [38;5;244m1 files[0m under /tmp/ralph-worktrees/iter-1454/chapter02.02-medical-terminology-simplification.md
[38;5;244m - Completed in 0.0s[0m

[38;5;141m> [0mOnly in the editorial comment, not in body text. Good.[0m[0m
[0m[0m
Here's a summary of what was done:[0m[0m
[0m[0m
━━━━━━━━━━━━━━━━━━━━━━━━━━━━━━━━━━━━━━━━
[0m[0m
[0m[0m
[1mEditorial pass 6 (post-split polish) completed on both files:[22m[0m[0m
[0m[0m
[1mMain recipe ([38;5;10mchapter02.02-medical-terminology-simplification.md[0m):[22m[0m[0m
1. Fixed en dash (U+2013) in cost line → hyphen[0m[0m
2. Replaced "see Prerequisites for breakdown" with a link to the architecture companion (that section now lives there)[0m[0m
3. Changed "The pseudocode here flags segments..." → "The validation step flags segments..." in The Honest Take to remove a dangling forward-reference to pseudocode that moved to the companion[0m[0m
4. Added [38;5;10mtext[0m language tag to the pipeline-diagram code fence[0m[0m
[0m[0m
[1mArchitecture companion ([38;5;10mchapter02.02-architecture.md[0m):[22m[0m[0m
5. Added [38;5;10mpseudocode[0m language tags to all 5 bare code fences (Steps 1-5), matching the convention in [38;5;10mchapter02.01-architecture.md[0m[0m[0m
6. Flagged missing "Why This Isn't Production-Ready" section as a TODO for TechWriter (RECIPE-GUIDE requires it between Expected Results and Variations)[0m[0m
[0m[0m
[1mVerified clean:[22m[0m[0m
- Zero em dashes (U+2014), zero en dashes (U+2013) in both files[0m[0m
- All code fences have language tags[0m[0m
- Architecture callout correctly placed at end of General Architecture Pattern[0m[0m
- Architecture companion opens cleanly with backlink header[0m[0m
- The Honest Take contains no remaining forward-references to AWS pseudocode[0m[0m
[38;5;252m[0m[?25l[?25l[0m[0m[?25l[0m[?25l[0m[0m[?25l[0m[?25l[0m[0m[?25l[0m[?25l[0m[0m[?25l[0m[?25l[0m[0m[?25l[0m[?25l[0m[0m[?25l[0m[?25l[?25l[0m[0m[?25l[0m[?25l[0m[0m[?25l[0m[?25l[0m[0m[?25l[0m[?25l[0m[0m[?25l[0m[?25l[0m[0m[?25l[0m[?25l[0m[0m[?25l[0m[?25l[0m[0m[?25l[0m[?25l[0m[0m[?25l[0m[?25l[0m[0m[?25l[0m[?25l[0m[0m[?25l[0m[?25l[0m[0m[?25l[0m[?25l[0m[0m[?25l[0m[?25l[0m[0m[?25l[0m[?25l[0m[0m[?25l[0m[?25l[0m[0m[?25l[0m[?25l[0m[0m[?25l[0m[?25l[0m[0m[?25l[0m[?25l[0m[0m[?25l[0m[?25l[0m[0m[?25l[0m[?25l[0m[0m[?25l[0m[?25l[0m[0m[?25l[0m[?25l[?25l[0m[0m[?25l[0m[?25l[0m[0m[?25l[0m[?25l[0m[0m[?25l[0m[?25l[0m[0m[?25l[0m[?25l[0m[0m[?25l[0m[?25l[0m[0m[?25l[0m[?25l[0m[0m[?25l[0m[?25l[0m[0m[?25l[0m[0m[0m
[38;5;8m
 ▸ Credits: 22.40 • Time: 3m 45s

[0m[1G[0m[0m[?25h- All prior TODOs (A4, A5, V3) preserved intact[38;5;11mWARNING: [0mDuplicate agent with name [38;5;10mmeshclaw-lite[0m was found in the global directory.
[0m[38;5;9mError: [0mJson supplied at /home/lawsnic/.kiro/agents/AmazonBuilderCoreAIAgents-amzn-builder.json is invalid: unknown field `permissions`, expected one of `$schema`, `name`, `description`, `prompt`, `mcpServers`, `tools`, `toolAliases`, `allowedTools`, `resources`, `hooks`, `toolsSettings`, `includeMcpJson`, `useLegacyMcpJson`, `model`, `keyboardShortcut`, `welcomeMessage` at line 3 column 16
[32mAll tools are now trusted ([0m[31m![0m[32m). Kiro will execute tools without asking for confirmation.[0m
Agents can sometimes do unexpected things so understand the risks.

Learn more at [38;5;141mhttps://kiro.dev/docs/cli/chat/security/#using-tools-trust-all-safely[0m



Batch fs_read operation with [38;5;141m2[0m operations[38;5;244m (using tool: read)[0m

↱ Operation 1: Reading file: [38;5;141m/tmp/ralph-worktrees/iter-1454/chapter02.02-medical-terminology-simplification.md[0m, all lines
↱ Operation 2: Reading file: [38;5;141m/tmp/ralph-worktrees/iter-1454/chapter02.02-architecture.md[0m, all lines
[38;5;10m ✓ [0mSuccessfully read [38;5;244m18003 bytes[0m from /tmp/ralph-worktrees/iter-1454/chapter02.02-medical-terminology-simplification.md

[38;5;10m ✓ [0mSuccessfully read [38;5;244m31266 bytes[0m from /tmp/ralph-worktrees/iter-1454/chapter02.02-architecture.md

 ⋮ 

[38;5;244m- [0mSummary: 2 operations processed, 2 successful, 0 failed
[38;5;244m - Completed in 0.0s[0m

[38;5;141m> [0mNow I'll check for any em dashes (U+2014) in both files.[0m[0m
Batch fs_read operation with [38;5;141m2[0m operations[38;5;244m (using tool: read)[0m

↱ Operation 1: Searching: [38;5;141m/tmp/ralph-worktrees/iter-1454/chapter02.02-medical-terminology-simplification.md[0m for pattern: [38;5;141m—[0m
↱ Operation 2: Searching: [38;5;141m/tmp/ralph-worktrees/iter-1454/chapter02.02-architecture.md[0m for pattern: [38;5;141m—[0m
[38;5;10m ✓ [0mFound 0 matches for pattern '—' in /tmp/ralph-worktrees/iter-1454/chapter02.02-medical-terminology-simplification.md

[38;5;10m ✓ [0mFound 0 matches for pattern '—' in /tmp/ralph-worktrees/iter-1454/chapter02.02-architecture.md

 ⋮ 

[38;5;244m- [0mSummary: 2 operations processed, 2 successful, 0 failed
[38;5;244m - Completed in 0.0s[0m

[38;5;141m> [0mNo em dashes in either file. Now let me verify the key pass conditions:[0m[0m
[0m[0m
1. [1mMain recipe coherence[22m: The main recipe has The Problem, The Technology, General Architecture Pattern, and The Honest Take sections. ✓[0m[0m
2. [1mArchitecture callout[22m: Present at end of General Architecture Pattern section with a blockquote linking to [38;5;10mchapter02.02-architecture[0m. ✓[0m[0m
3. [1mNo dangling references to AWS content[22m: [0m[0m
   - The Honest Take references "the segmentation step," "readability validation," "entity preservation check," "caching layer" — all generic pipeline concepts, not AWS-specific. ✓[0m[0m
   - Cost line in the header links to the architecture companion for breakdown. ✓[0m[0m
   - "The validation step flags" (not "The pseudocode here flags"). ✓[0m[0m
4. [1mArchitecture companion standalone[22m: Opens with title, has backlink to main recipe in first line ("Companion to [Recipe 2.2...]"). Contains all AWS content, pseudocode intact. ✓[0m[0m
5. [1mNo em dashes (U+2014)[22m: Confirmed zero in both files. ✓[0m[0m
[0m[0m
[38;5;252m[0m[?25l[?25l[0m[0m[?25l[0m[?25l[0m[0m[?25l[0m[0m[0m
[38;5;8m
 ▸ Credits: 1.98 • Time: 19s

[0m[1G[0m[0m[?25h{"verdict": "pass", "rationale": "Main recipe reads as a coherent standalone document with The Problem, The Technology, General Architecture Pattern, and The Honest Take intact and free of dangling AWS references. The architecture callout is well-placed as a blockquote after General Architecture Pattern. The companion opens cleanly with a backlink to the main recipe and contains intact pseudocode. Zero em dashes in either file."}