# parallel_worker header: concurrency_limit=4 batch_id=batch-1779731249304-000004-fdc5e0a57457872e iteration=332 task_id=ch11-r08-expert-review persona=TechExpertReviewer
[32mAll tools are now trusted ([0m[31m![0m[32m). Kiro will execute tools without asking for confirmation.[0m
Agents can sometimes do unexpected things so understand the risks.

Learn more at [38;5;141mhttps://kiro.dev/docs/cli/chat/security/#using-tools-trust-all-safely[0m



Reading directory: [38;5;141mC:\tmp\ralph-worktrees\iter-332[0m[38;5;244m (using tool: read, max depth: 1, max entries: 1000, excluding: defaults)[0m
[38;5;10m ✓ [0mSuccessfully read directory [38;5;141mC:\tmp\ralph-worktrees\iter-332[0m [38;5;244m(showing 1000 of 1458 entries, offset: 0)[0m
[38;5;244m - Completed in 0.87s[0m

Searching for files: [38;5;141m**/chapter11.08*[0m[38;5;244m (using tool: glob)[0mSearching for files: [38;5;141m**/ch11.08*[0m[38;5;244m (using tool: glob)[0mSearching for files: [38;5;141m**/ch11-r08*[0m[38;5;244m (using tool: glob)[0m
[38;5;10m ✓ [0mSuccessfully found [38;5;244m2 files[0m under current directory
[38;5;244m - Completed in 0.24s[0m


[38;5;9m ❗ [0mNo files found matching pattern: [38;5;244m**/ch11.08*[0m under current directory
[38;5;244m - Completed in 0.23s[0m


[38;5;10m ✓ [0mSuccessfully found [38;5;244m5 files[0m under current directory
[38;5;244m - Completed in 0.23s[0m

Batch fs_read operation with [38;5;141m2[0m operations[38;5;244m (using tool: read)[0m

↱ Operation 1: Reading file: [38;5;141mC:\tmp\ralph-worktrees\iter-332\chapter11.08-mental-health-support-bot.md[0m, all lines
↱ Operation 2: Reading file: [38;5;141mC:\tmp\ralph-worktrees\iter-332\specs\ch11-r08-expert-review.md[0m, all lines
[38;5;10m ✓ [0mSuccessfully read [38;5;244m211204 bytes[0m from C:\tmp\ralph-worktrees\iter-332\chapter11.08-mental-health-support-bot.md

[38;5;10m ✓ [0mSuccessfully read [38;5;244m827 bytes[0m from C:\tmp\ralph-worktrees\iter-332\specs\ch11-r08-expert-review.md

 ⋮ 

[38;5;244m- [0mSummary: 2 operations processed, 2 successful, 0 failed
[38;5;244m - Completed in 0.2s[0m

Reading file: [38;5;141mC:\tmp\ralph-worktrees\iter-332\reviews\chapter11.07-expert-review.md[0m, all lines[38;5;244m (using tool: read)[0m
[38;5;10m ✓ [0mSuccessfully read [38;5;244m181718 bytes[0m from C:\tmp\ralph-worktrees\iter-332\reviews\chapter11.07-expert-review.md
[38;5;244m - Completed in 0.2s[0m

Batch fs_read operation with [38;5;141m2[0m operations[38;5;244m (using tool: read)[0m

↱ Operation 1: Reading file: [38;5;141mC:\tmp\ralph-worktrees\iter-332\STYLE-GUIDE.md[0m, all lines
↱ Operation 2: Reading file: [38;5;141mC:\tmp\ralph-worktrees\iter-332\RECIPE-GUIDE.md[0m, all lines
[38;5;10m ✓ [0mSuccessfully read [38;5;244m3731 bytes[0m from C:\tmp\ralph-worktrees\iter-332\STYLE-GUIDE.md

[38;5;10m ✓ [0mSuccessfully read [38;5;244m9026 bytes[0m from C:\tmp\ralph-worktrees\iter-332\RECIPE-GUIDE.md

 ⋮ 

[38;5;244m- [0mSummary: 2 operations processed, 2 successful, 0 failed
[38;5;244m - Completed in 0.1s[0m

Searching for: [38;5;141m—[0m in [38;5;141mC:\tmp\ralph-worktrees\iter-332\chapter11.08-mental-health-support-bot.md[0m[38;5;244m (using tool: grep)[0mReading file: [38;5;141mC:\tmp\ralph-worktrees\iter-332\specs\ch11-r08-code-review.md[0m, from line [38;5;141m1[0m to [38;5;141m100[0m[38;5;244m (using tool: read)[0m
[38;5;9m ❗ [0mNo matches found for pattern: [38;5;244m—[0m under C:\tmp\ralph-worktrees\iter-332\chapter11.08-mental-health-support-bot.md
[38;5;244m - Completed in 0.1s[0m


[38;5;10m ✓ [0mSuccessfully read [38;5;244m813 bytes[0m from C:\tmp\ralph-worktrees\iter-332\specs\ch11-r08-code-review.md
[38;5;244m - Completed in 0.0s[0m

[38;5;141m> [0mI have enough context to write a thorough expert review. Let me write it now, following the chapter pattern from 11.07 with recipe-distinct life-safety amplifications.[0m[0m
