# parallel_worker header: concurrency_limit=2 batch_id=batch-1780267881624-000041-e524c78212d9af0b iteration=865 task_id=ch09-r01-expert-review persona=TechExpertReviewer
[38;5;11mWARNING: [0mDuplicate agent with name [38;5;10mmeshclaw-lite[0m was found in the global directory.
[0m[32mAll tools are now trusted ([0m[31m![0m[32m). Kiro will execute tools without asking for confirmation.[0m
Agents can sometimes do unexpected things so understand the risks.

Learn more at [38;5;141mhttps://kiro.dev/docs/cli/chat/security/#using-tools-trust-all-safely[0m



Batch fs_read operation with [38;5;141m3[0m operations[38;5;244m (using tool: read)[0m

↱ Operation 1: Reading file: [38;5;141m/tmp/ralph-worktrees/iter-865/chapter09.01-image-quality-assessment.md[0m, all lines
↱ Operation 2: Reading file: [38;5;141m/tmp/ralph-worktrees/iter-865/STYLE-GUIDE.md[0m, all lines
↱ Operation 3: Reading file: [38;5;141m/tmp/ralph-worktrees/iter-865/RECIPE-GUIDE.md[0m, all lines
[38;5;10m ✓ [0mSuccessfully read [38;5;244m33182 bytes[0m from /tmp/ralph-worktrees/iter-865/chapter09.01-image-quality-assessment.md

[38;5;10m ✓ [0mSuccessfully read [38;5;244m3731 bytes[0m from /tmp/ralph-worktrees/iter-865/STYLE-GUIDE.md

[38;5;10m ✓ [0mSuccessfully read [38;5;244m9026 bytes[0m from /tmp/ralph-worktrees/iter-865/RECIPE-GUIDE.md

 ⋮ 

[38;5;244m- [0mSummary: 3 operations processed, 3 successful, 0 failed
[38;5;244m - Completed in 0.0s[0m

[38;5;141m> [0mNow let me look at an example review to understand the expected format:[0m[0m
Reading directory: [38;5;141m/tmp/ralph-worktrees/iter-865/reviews[0m[38;5;244m (using tool: read, max depth: 1, max entries: 1000, excluding: defaults)[0m
[38;5;10m ✓ [0mSuccessfully read directory [38;5;141m/tmp/ralph-worktrees/iter-865/reviews[0m [38;5;244m(202 entries)[0m
[38;5;244m - Completed in 0.12s[0m

[38;5;141m> [0mLet me look at an example expert review for format reference:[0m[0m
Reading file: [38;5;141m/tmp/ralph-worktrees/iter-865/reviews/chapter01.04-expert-review.md[0m, from line [38;5;141m1[0m to [38;5;141m80[0m[38;5;244m (using tool: read)[0m
[38;5;10m ✓ [0mSuccessfully read [38;5;244m10096 bytes[0m from /tmp/ralph-worktrees/iter-865/reviews/chapter01.04-expert-review.md
[38;5;244m - Completed in 0.0s[0m

[38;5;141m> [0mGood, I have a clear picture of the expected format. Now I have all the information needed to write the expert review. Let me analyze the recipe thoroughly and write the review.[0m[0m
I'll create the following file: [38;5;141m/tmp/ralph-worktrees/iter-865/reviews/chapter09.01-expert-review.md[0m[38;5;244m (using tool: write)[0m

[49m[38;5;10m+      1[0m:[38;5;10m[49m # Expert Review: Recipe 9.1 - Image Quality Assessment
[0m[49m[38;5;10m+      2[0m:[38;5;10m[49m 
[0m[49m[38;5;10m+      3[0m:[38;5;10m[49m **Reviewed by:** Technical Expert Panel (Security, Architecture, Networking, Voice)
[0m[49m[38;5;10m+      4[0m:[38;5;10m[49m **Date:** 2026-05-31
[0m[49m[38;5;10m+      5[0m:[38;5;10m[49m **Recipe file:** `chapter09.01-image-quality-assessment.md`
[0m[49m[38;5;10m+      6[0m:[38;5;10m[49m 
[0m[49m[38;5;10m+      7[0m:[38;5;10m[49m ---
[0m[49m[38;5;10m+      8[0m:[38;5;10m[49m 
[0m[49m[38;5;10m+      9[0m:[38;5;10m[49m ## Overall Assessment
[0m[49m[38;5;10m+     10[0m:[38;5;10m[49m 
[0m[49m[38;5;10m+     11[0m:[38;5;10m[49m This is a strong opening recipe for the Computer Vision chapter. The problem statement is vivid and well-motivated, the technology section teaches image quality concepts from first principles without vendor lock-in, and the honest take section delivers genuine operational wisdom (particularly the insight about clinical photography being higher-ROI than radiology). The architecture is sound for the stated use case, and the recipe correctly identifies the key tension between speed and accuracy.
[0m[49m[38;5;10m+     12[0m:[38;5;10m[49m 
[0m[49m[38;5;10m+     13[0m:[38;5;10m[49m However: there are gaps in the security posture around PHI handling in the Lambda orchestration layer, a missing VPC endpoint that would allow PHI egress over the public internet, and the IAM permissions listed are insufficiently scoped. The recipe is architecturally solid but needs tightening on the compliance and networking details that a healthcare enterprise would require before deployment.
[0m[49m[38;5;10m+     14[0m:[38;5;10m[49m 
[0m[49m[38;5;10m+     15[0m:[38;5;10m[49m Priority breakdown: 0 must-fix factual errors, 2 significant gaps (HIGH), 5 improvement recommendations (MEDIUM/LOW).
[0m[49m[38;5;10m+     16[0m:[38;5;10m[49m 
[0m[49m[38;5;10m+     17[0m:[38;5;10m[49m ---
[0m[49m[38;5;10m+     18[0m:[38;5;10m[49m 
[0m[49m[38;5;10m+     19[0m:[38;5;10m[49m ## Stage 1: Independent Expert Reviews
[0m[49m[38;5;10m+     20[0m:[38;5;10m[49m 
[0m[49m[38;5;10m+     21[0m:[38;5;10m[49m ---
[0m[49m[38;5;10m+     22[0m:[38;5;10m[49m 
[0m[49m[38;5;10m+     23[0m:[38;5;10m[49m ## Security Expert Review
[0m[49m[38;5;10m+     24[0m:[38;5;10m[49m 
[0m[49m[38;5;10m+     25[0m:[38;5;10m[49m ### What's Done Well
[0m[49m[38;5;10m+     26[0m:[38;5;10m[49m 
[0m[49m[38;5;10m+     27[0m:[38;5;10m[49m The BAA requirement is explicitly stated. S3 SSE-KMS encryption is specified. The recipe correctly notes that medical images are PHI and that CloudTrail must be enabled. The "never use real patient images in dev without proper IRB approval and de-identification" warning is excellent and often omitted. The DynamoDB encryption at rest default is mentioned. TLS for all API calls is stated.
[0m[49m[38;5;10m+     28[0m:[38;5;10m[49m 
[0m[49m[38;5;10m+     29[0m:[38;5;10m[49m ### Issue SEC-1: Lambda Environment Variables May Contain Endpoint Names or Configuration Leaking PHI Context (MEDIUM)
[0m[49m[38;5;10m+     30[0m:[38;5;10m[49m 
[0m[49m[38;5;10m+     31[0m:[38;5;10m[49m **Section:** Prerequisites table, Code walkthrough
[0m[49m[38;5;10m+     32[0m:[38;5;10m[49m 
[0m[49m[38;5;10m+     33[0m:[38;5;10m[49m **The problem:** The Lambda orchestrator receives S3 event notifications containing the object key (e.g., `imaging-inbox/2026/03/15/study-00891.dcm`). The object key itself may contain patient-identifiable information depending on the DICOM router's naming convention (some routers use patient MRN or accession number in the path). The recipe does not address whether the S3 key structure should be opaque/hashed or whether CloudWatch Logs for the Lambda function (which will log the event payload by default if using standard Lambda logging) need special handling.
[0m[49m[38;5;10m+     34[0m:[38;5;10m[49m 
[0m[49m[38;5;10m+     35[0m:[38;5;10m[49m **Suggested fix:** Add a note in the Prerequisites or the orchestration step: "Ensure the DICOM router uses opaque identifiers (study UIDs or UUIDs) in S3 key paths rather than patient MRNs or names. Lambda CloudWatch Logs will contain these keys. If your S3 key structure includes PHI, configure the CloudWatch Logs log group with KMS encryption using a customer-managed key."
[0m[49m[38;5;10m+     36[0m:[38;5;10m[49m 
[0m[49m[38;5;10m+     37[0m:[38;5;10m[49m ### Issue SEC-2: IAM Permissions Listed Are Not Least-Privilege (MEDIUM)
[0m[49m[38;5;10m+     38[0m:[38;5;10m[49m 
[0m[49m[38;5;10m+     39[0m:[38;5;10m[49m **Section:** Prerequisites table, "IAM Permissions" row
[0m[49m[38;5;10m+     40[0m:[38;5;10m[49m 
[0m[49m[38;5;10m+     41[0m:[38;5;10m[49m **The problem:** The recipe lists `sagemaker:InvokeEndpoint`, `s3:GetObject`, `s3:PutObject`, `dynamodb:PutItem`, `sns:Publish` without resource-level scoping. In a HIPAA environment, IAM policies must be scoped to specific resource ARNs. `s3:GetObject` on `*` would allow the Lambda to read any object in any bucket in the account, not just the imaging inbox. `sagemaker:InvokeEndpoint` without a resource constraint allows invoking any endpoint.
[0m[49m[38;5;10m+     42[0m:[38;5;10m[49m 
[0m[49m[38;5;10m+     43[0m:[38;5;10m[49m **Suggested fix:** Change the IAM Permissions row to show resource-scoped examples: "`sagemaker:InvokeEndpoint` on `arn:aws:sagemaker:*:*:endpoint/image-quality-model`, `s3:GetObject` on `arn:aws:s3:::imaging-inbox/*`, `s3:PutObject` on `arn:aws:s3:::imaging-inbox/*` (if writing results back), `dynamodb:PutItem` on the specific table ARN, `sns:Publish` on the specific topic ARN." This is standard least-privilege and expected in any HIPAA architecture.
[0m[49m[38;5;10m+     44[0m:[38;5;10m[49m 
[0m[49m[38;5;10m+     45[0m:[38;5;10m[49m ### Issue SEC-3: No Mention of SageMaker Endpoint Network Isolation (LOW)
[0m[49m[38;5;10m+     46[0m:[38;5;10m[49m 
[0m[49m[38;5;10m+     47[0m:[38;5;10m[49m **Section:** Why These Services (SageMaker)
[0m[49m[38;5;10m+     48[0m:[38;5;10m[49m 
[0m[49m[38;5;10m+     49[0m:[38;5;10m[49m **The problem:** SageMaker real-time endpoints can be configured with `EnableNetworkIsolation=True` to prevent the model container from making outbound network calls. For a model processing PHI (medical images), network isolation prevents a compromised or misconfigured model container from exfiltrating data. The recipe does not mention this option.
[0m[49m[38;5;10m+     50[0m:[38;5;10m[49m 
[0m[49m[38;5;10m+     51[0m:[38;5;10m[49m **Suggested fix:** Add a brief note in the SageMaker section or Prerequisites: "For production deployments handling PHI, enable network isolation on the SageMaker endpoint to prevent the model container from making outbound calls."
[0m[49m[38;5;10m+     52[0m:[38;5;10m[49m 
[0m[49m[38;5;10m+     53[0m:[38;5;10m[49m ---
[0m[49m[38;5;10m+     54[0m:[38;5;10m[49m 
[0m[49m[38;5;10m+     55[0m:[38;5;10m[49m ## Architecture Expert Review
[0m[49m[38;5;10m+     56[0m:[38;5;10m[49m 
[0m[49m[38;5;10m+     57[0m:[38;5;10m[49m ### What's Done Well
[0m[49m[38;5;10m+     58[0m:[38;5;10m[49m 
[0m[49m[38;5;10m+     59[0m:[38;5;10m[49m The two-tier approach (rule-based fast-reject gate followed by ML model) is architecturally sound and well-motivated. The three-tier decision system (ACCEPT/REVIEW/REJECT) with configurable thresholds stored externally is the right pattern. The acknowledgment that thresholds are site-specific and must be calibrated per device is critical operational wisdom. The latency analysis (sub-second requirement constraining model complexity) correctly identifies the key architectural constraint. The cost estimate is reasonable for the stated architecture.
[0m[49m[38;5;10m+     60[0m:[38;5;10m[49m 
[0m[49m[38;5;10m+     61[0m:[38;5;10m[49m ### Issue ARCH-1: Lambda 6MB Payload Limit Understated for DICOM (HIGH)
[0m[49m[38;5;10m+     62[0m:[38;5;10m[49m 
[0m[49m[38;5;10m+     63[0m:[38;5;10m[49m **Section:** Why These Services (Lambda), Code Step 1
[0m[49m[38;5;10m+     64[0m:[38;5;10m[49m 
[0m[49m[38;5;10m+     65[0m:[38;5;10m[49m **The problem:** The recipe states: "For images under 6 MB (most single DICOM instances), Lambda's memory and timeout are sufficient. For larger studies (multi-slice CT), you'd use Step Functions or batch processing."
[0m[49m[38;5;10m+     66[0m:[38;5;10m[49m 
[0m[49m[38;5;10m+     67[0m:[38;5;10m[49m This understates the problem. The 6 MB limit is the *synchronous invocation payload* limit, but the actual constraint is different here. The Lambda is triggered by an S3 event notification (which is tiny), then downloads the DICOM file from S3 into Lambda's `/tmp` storage (512 MB default, configurable to 10 GB) or memory. The real constraints are:
[0m[49m[38;5;10m+     68[0m:[38;5;10m[49m 
[0m[49m[38;5;10m+     69[0m:[38;5;10m[49m 1. Lambda `/tmp` storage (default 512 MB, max 10 GB with ephemeral storage configuration)
[0m[49m[38;5;10m+     70[0m:[38;5;10m[49m 2. Lambda memory (max 10 GB)
[0m[49m[38;5;10m+     71[0m:[38;5;10m[49m 3. Lambda timeout (max 15 minutes)
[0m[49m[38;5;10m+     72[0m:[38;5;10m[49m 
[0m[49m[38;5;10m+     73[0m:[38;5;10m[49m A single chest X-ray DICOM file is typically 10-50 MB (not under 6 MB as implied). A single CT slice is 0.5-1 MB, but a CT study is 200-500 slices. The recipe conflates the S3 event trigger payload (tiny) with the DICOM file size that Lambda must download and process. Most single-frame radiographs (CR, DX) are 10-50 MB. Multi-frame objects (ultrasound cine loops, digital breast tomosynthesis) can be 500 MB+.
[0m[49m[38;5;10m+     74[0m:[38;5;10m[49m 
[0m[49m[38;5;10m+     75[0m:[38;5;10m[49m **Suggested fix:** Correct the Lambda discussion: "Lambda is triggered by the S3 event notification (a small JSON payload). The Lambda then downloads the DICOM file from S3 into memory or `/tmp` storage. Single-frame radiographs (10-50 MB) fit comfortably within Lambda's 10 GB memory limit. Configure ephemeral storage to at least 1 GB. For multi-frame DICOM objects (ultrasound cine, tomosynthesis) or full CT studies processed as a single unit, consider ECS/Fargate tasks or SageMaker Processing jobs instead of Lambda." Remove the "under 6 MB" claim.
[0m[49m[38;5;10m+     76[0m:[38;5;10m[49m 
[0m[49m[38;5;10m+     77[0m:[38;5;10m[49m ### Issue ARCH-2: End-to-End Latency of 1.5-3 Seconds May Not Meet "While Patient Is on Table" Requirement (MEDIUM)
[0m[49m[38;5;10m+     78[0m:[38;5;10m[49m 
[0m[49m[38;5;10m+     79[0m:[38;5;10m[49m **Section:** Expected Results (Performance benchmarks), The Honest Take
[0m[49m[38;5;10m+     80[0m:[38;5;10m[49m 
[0m[49m[38;5;10m+     81[0m:[38;5;10m[49m **The problem:** The recipe's core value proposition is catching bad images "while the patient is still on the table." The stated end-to-end latency is 1.5-3 seconds. But the actual end-to-end path is: image acquired on modality -> DICOM send to router -> router stores to S3 -> S3 event notification -> Lambda cold start (if applicable) -> download DICOM from S3 -> preprocess -> invoke SageMaker endpoint -> store results -> publish SNS -> alert reaches technologist console.
[0m[49m[38;5;10m+     82[0m:[38;5;10m[49m 
[0m[49m[38;5;10m+     83[0m:[38;5;10m[49m The 1.5-3 second benchmark appears to measure only the Lambda execution time (download + preprocess + inference + store). It does not include: DICOM transfer time from modality to router (1-5 seconds for a large image), S3 event notification propagation (typically <1 second but can be delayed), Lambda cold start (3-10 seconds for a VPC-attached Lambda with pydicom dependencies), and SNS-to-console delivery. The true end-to-end latency from image acquisition to technologist alert is likely 5-15 seconds in the best case, 30+ seconds with a cold start.
[0m[49m[38;5;10m+     84[0m:[38;5;10m[49m 
[0m[49m[38;5;10m+     85[0m:[38;5;10m[49m **Suggested fix:** Clarify the benchmark: "The 1.5-3 second figure represents Lambda processing time (DICOM parse + metrics + inference + store). Total end-to-end latency from image acquisition to technologist alert depends on the DICOM transfer path and Lambda cold start behavior. Expect 5-15 seconds in steady state with provisioned concurrency, longer with cold starts. For sub-second feedback at the modality console, see the Edge Deployment variation." This is honest and points readers to the right solution for the tightest latency requirements.
[0m[49m[38;5;10m+     86[0m:[38;5;10m[49m 
[0m[49m[38;5;10m+     87[0m:[38;5;10m[49m ### Issue ARCH-3: No Dead Letter Queue for Failed Assessments (MEDIUM)
[0m[49m[38;5;10m+     88[0m:[38;5;10m[49m 
[0m[49m[38;5;10m+     89[0m:[38;5;10m[49m **Section:** Architecture Diagram, Code walkthrough
[0m[49m[38;5;10m+     90[0m:[38;5;10m[49m 
[0m[49m[38;5;10m+     91[0m:[38;5;10m[49m **The problem:** The architecture shows a linear flow: S3 event -> Lambda -> SageMaker/DynamoDB/SNS. If the Lambda fails (SageMaker endpoint timeout, DynamoDB throttle, transient network error), the S3 event notification is lost. There is no DLQ configured on the Lambda's event source mapping, and no retry mechanism is described. In a healthcare environment, a silently dropped quality assessment means a potentially bad image reaches the radiologist without review.
[0m[49m[38;5;10m+     92[0m:[38;5;10m[49m 
[0m[49m[38;5;10m+     93[0m:[38;5;10m[49m **Suggested fix:** Add an SQS queue between the S3 event notification and Lambda (S3 -> SQS -> Lambda), with a DLQ on the SQS queue for messages that fail after the configured retry count. Mention this in the architecture diagram and add a brief note: "Configure a dead letter queue to capture failed assessments. A missed quality check should trigger an operational alert, not silent data loss."
[0m[49m[38;5;10m+     94[0m:[38;5;10m[49m 
[0m[49m[38;5;10m+     95[0m:[38;5;10m[49m ---
[0m[49m[38;5;10m+     96[0m:[38;5;10m[49m 
[0m[49m[38;5;10m+     97[0m:[38;5;10m[49m ## Networking Expert Review
[0m[49m[38;5;10m+     98[0m:[38;5;10m[49m 
[0m[49m[38;5;10m+     99[0m:[38;5;10m[49m ### What's Done Well
[0m[49m[38;5;10m+    100[0m:[38;5;10m[49m 
[0m[49m[38;5;10m+    101[0m:[38;5;10m[49m The recipe explicitly states "Production: Lambda in VPC with VPC endpoints for S3, SageMaker, DynamoDB, SNS, and CloudWatch Logs." This is the correct set of endpoints for the services used. The TLS requirement for all API calls is stated.
[0m[49m[38;5;10m+    102[0m:[38;5;10m[49m 
[0m[49m[38;5;10m+    103[0m:[38;5;10m[49m ### Issue NET-1: VPC Endpoint for SageMaker Runtime Not Specified Correctly (HIGH)
[0m[49m[38;5;10m+    104[0m:[38;5;10m[49m 
[0m[49m[38;5;10m+    105[0m:[38;5;10m[49m **Section:** Prerequisites table, "VPC" row
[0m[49m[38;5;10m+    106[0m:[38;5;10m[49m 
[0m[49m[38;5;10m+    107[0m:[38;5;10m[49m **The problem:** The recipe lists "VPC endpoints for S3, SageMaker, DynamoDB, SNS, and CloudWatch Logs." For SageMaker, there are multiple VPC endpoints: `com.amazonaws.{region}.sagemaker.api` (for management operations like CreateEndpoint) and `com.amazonaws.{region}.sagemaker.runtime` (for InvokeEndpoint). The Lambda only needs `sagemaker.runtime` to call the inference endpoint. If only `sagemaker.api` is configured (which is what "SageMaker" ambiguously implies), the InvokeEndpoint call will either fail (if the VPC has no internet gateway/NAT) or route over the public internet through a NAT gateway, sending PHI (the medical image pixel data in the inference request payload) over the public internet path to the SageMaker service endpoint.
[0m[49m[38;5;10m+    108[0m:[38;5;10m[49m 
[0m[49m[38;5;10m+    109[0m:[38;5;10m[49m This is a PHI egress concern. The inference request contains the preprocessed medical image. If it routes through a NAT gateway to the public SageMaker endpoint rather than through a VPC endpoint, the data traverses the public internet (encrypted via TLS, but outside the AWS private network).
[0m[49m[38;5;10m+    110[0m:[38;5;10m[49m 
[0m[49m[38;5;10m+    111[0m:[38;5;10m[49m **Suggested fix:** Change the VPC row to explicitly list: "VPC endpoints: `com.amazonaws.{region}.s3` (gateway), `com.amazonaws.{region}.sagemaker.runtime` (interface, for InvokeEndpoint), `com.amazonaws.{region}.dynamodb` (gateway), `com.amazonaws.{region}.sns` (interface), `com.amazonaws.{region}.logs` (interface for CloudWatch Logs)." The explicit endpoint names remove ambiguity and ensure the inference traffic stays on the AWS private network.
[0m[49m[38;5;10m+    112[0m:[38;5;10m[49m 
[0m[49m[38;5;10m+    113[0m:[38;5;10m[49m ### Issue NET-2: No Security Group Guidance for VPC Endpoints (LOW)
[0m[49m[38;5;10m+    114[0m:[38;5;10m[49m 
[0m[49m[38;5;10m+    115[0m:[38;5;10m[49m **Section:** Prerequisites table
[0m[49m[38;5;10m+    116[0m:[38;5;10m[49m 
[0m[49m[38;5;10m+    117[0m:[38;5;10m[49m **The problem:** VPC interface endpoints (SageMaker Runtime, SNS, CloudWatch Logs) require security groups. The recipe does not mention what security group rules are needed. The Lambda's security group needs outbound HTTPS (443) to the endpoint ENIs, and the endpoint security groups need inbound HTTPS from the Lambda's security group.
[0m[49m[38;5;10m+    118[0m:[38;5;10m[49m 
[0m[49m[38;5;10m+    119[0m:[38;5;10m[49m **Suggested fix:** Add a brief note: "Interface VPC endpoints require security groups allowing inbound HTTPS (port 443) from the Lambda function's security group."
[0m[49m[38;5;10m+    120[0m:[38;5;10m[49m 
[0m[49m[38;5;10m+    121[0m:[38;5;10m[49m ---
[0m[49m[38;5;10m+    122[0m:[38;5;10m[49m 
[0m[49m[38;5;10m+    123[0m:[38;5;10m[49m ## Voice Reviewer
[0m[49m[38;5;10m+    124[0m:[38;5;10m[49m 
[0m[49m[38;5;10m+    125[0m:[38;5;10m[49m ### What's Done Well
[0m[49m[38;5;10m+    126[0m:[38;5;10m[49m 
[0m[49m[38;5;10m+    127[0m:[38;5;10m[49m The voice is consistently strong throughout. The opening scenario (radiologist at 7 AM, 43 studies queued) is vivid and specific. The technology section teaches without condescension. Parenthetical asides are used well: "(kids move)", "(it's inherent to the physics of image acquisition)". The honest take section delivers genuine operational wisdom with appropriate self-deprecation. The 70/30 vendor balance is well-maintained: the entire Technology section is vendor-agnostic, and AWS only appears in the implementation section.
[0m[49m[38;5;10m+    128[0m:[38;5;10m[49m 
[0m[49m[38;5;10m+    129[0m:[38;5;10m[49m ### Issue VOICE-1: No Em Dashes Detected (PASS)
[0m[49m[38;5;10m+    130[0m:[38;5;10m[49m 
[0m[49m[38;5;10m+    131[0m:[38;5;10m[49m Scanned the full recipe. Zero em dashes found. Correct.
[0m[49m[38;5;10m+    132[0m:[38;5;10m[49m 
[0m[49m[38;5;10m+    133[0m:[38;5;10m[49m ### Issue VOICE-2: Minor Doc-Voice Creep in One Location (LOW)
[0m[49m[38;5;10m+    134[0m:[38;5;10m[49m 
[0m[49m[38;5;10m+    135[0m:[38;5;10m[49m **Section:** Why These Services, first paragraph
[0m[49m[38;5;10m+    136[0m:[38;5;10m[49m 
[0m[49m[38;5;10m+    137[0m:[38;5;10m[49m **The text:** "The quality assessment model (whether a CNN classifier or a multi-metric pipeline) needs to run inference with low latency and scale with imaging volume."
[0m[49m[38;5;10m+    138[0m:[38;5;10m[49m 
[0m[49m[38;5;10m+    139[0m:[38;5;10m[49m This sentence is fine technically but reads slightly more like documentation than the conversational tone in the rest of the recipe. Compare with the natural voice in the Technology section. Very minor.
[0m[49m[38;5;10m+    140[0m:[38;5;10m[49m 
[0m[49m[38;5;10m+    141[0m:[38;5;10m[49m **Suggested fix:** Optional. Could rephrase to: "Your quality model needs to respond fast and handle whatever imaging volume the department throws at it." But this is nitpicking; the current version is acceptable.
[0m[49m[38;5;10m+    142[0m:[38;5;10m[49m 
[0m[49m[38;5;10m+    143[0m:[38;5;10m[49m ### Issue VOICE-3: Vendor Balance Is Correct (PASS)
[0m[49m[38;5;10m+    144[0m:[38;5;10m[49m 
[0m[49m[38;5;10m+    145[0m:[38;5;10m[49m The Technology section (approximately 60% of the recipe's prose) is completely vendor-agnostic. AWS services appear only in the implementation section. The ratio is well within the 70/30 guideline.
[0m[49m[38;5;10m+    146[0m:[38;5;10m[49m 
[0m[49m[38;5;10m+    147[0m:[38;5;10m[49m ---
[0m[49m[38;5;10m+    148[0m:[38;5;10m[49m 
[0m[49m[38;5;10m+    149[0m:[38;5;10m[49m ## Stage 2: Expert Discussion
[0m[49m[38;5;10m+    150[0m:[38;5;10m[49m 
[0m[49m[38;5;10m+    151[0m:[38;5;10m[49m ### Conflicts and Overlaps
[0m[49m[38;5;10m+    152[0m:[38;5;10m[49m 
[0m[49m[38;5;10m+    153[0m:[38;5;10m[49m **NET-1 and SEC-2 overlap:** The VPC endpoint ambiguity (NET-1) creates a PHI egress risk that is also a security concern. If the SageMaker Runtime VPC endpoint is not correctly configured, the IAM permissions (SEC-2) become irrelevant because the data path itself is insecure. NET-1 takes priority because it's a data-path issue; SEC-2 is a control-plane issue.
[0m[49m[38;5;10m+    154[0m:[38;5;10m[49m 
[0m[49m[38;5;10m+    155[0m:[38;5;10m[49m **ARCH-1 and ARCH-2 interact:** The incorrect Lambda payload size claim (ARCH-1) and the latency understatement (ARCH-2) together paint an overly optimistic picture of the Lambda-based architecture. A reader might deploy this expecting 1.5-second turnaround on a 40 MB chest X-ray and discover both that the download time alone exceeds their budget and that cold starts add 10 seconds. These should be addressed together to give an honest performance picture.
[0m[49m[38;5;10m+    156[0m:[38;5;10m[49m 
[0m[49m[38;5;10m+    157[0m:[38;5;10m[49m **ARCH-3 and the clinical safety argument:** The missing DLQ (ARCH-3) is more than an operational concern in healthcare. A silently dropped quality assessment means a potentially dangerous image reaches a radiologist without the automated check. This is not a patient safety issue per se (the radiologist will still review the image), but it undermines the system's reliability guarantee. Elevated to HIGH consideration but kept at MEDIUM because the failure mode is "no assessment" rather than "wrong assessment."
[0m[49m[38;5;10m+    158[0m:[38;5;10m[49m 
[0m[49m[38;5;10m+    159[0m:[38;5;10m[49m ### Priority Resolution
[0m[49m[38;5;10m+    160[0m:[38;5;10m[49m 
[0m[49m[38;5;10m+    161[0m:[38;5;10m[49m 1. NET-1 (VPC endpoint specificity) and ARCH-1 (Lambda/DICOM size) are the two HIGH findings because they would cause real deployment failures or PHI exposure.
[0m[49m[38;5;10m+    162[0m:[38;5;10m[49m 2. The MEDIUM findings (SEC-1, SEC-2, ARCH-2, ARCH-3) are all legitimate gaps that should be addressed but would not block a knowledgeable builder.
[0m[49m[38;5;10m+    163[0m:[38;5;10m[49m 3. The LOW findings (SEC-3, NET-2, VOICE-2) are polish items.
[0m[49m[38;5;10m+    164[0m:[38;5;10m[49m 
[0m[49m[38;5;10m+    165[0m:[38;5;10m[49m ---
[0m[49m[38;5;10m+    166[0m:[38;5;10m[49m 
[0m[49m[38;5;10m+    167[0m:[38;5;10m[49m ## Stage 3: Synthesized Feedback
[0m[49m[38;5;10m+    168[0m:[38;5;10m[49m 
[0m[49m[38;5;10m+    169[0m:[38;5;10m[49m ### Verdict: **PASS**
[0m[49m[38;5;10m+    170[0m:[38;5;10m[49m 
[0m[49m[38;5;10m+    171[0m:[38;5;10m[49m The recipe is architecturally sound, clinically appropriate, well-written, and provides actionable guidance. The two HIGH findings are significant but correctable without restructuring the recipe. No CRITICAL findings. The recipe correctly identifies limitations, provides honest operational guidance, and maintains appropriate vendor balance.
[0m[49m[38;5;10m+    172[0m:[38;5;10m[49m 
[0m[49m[38;5;10m+    173[0m:[38;5;10m[49m ---
[0m[49m[38;5;10m+    174[0m:[38;5;10m[49m 
[0m[49m[38;5;10m+    175[0m:[38;5;10m[49m ### Prioritized Findings
[0m[49m[38;5;10m+    176[0m:[38;5;10m[49m 
[0m[49m[38;5;10m+    177[0m:[38;5;10m[49m | # | Severity | Expert | Section | Finding | Fix |
[0m[49m[38;5;10m+    178[0m:[38;5;10m[49m |---|----------|--------|---------|---------|-----|
[0m[49m[38;5;10m+    179[0m:[38;5;10m[49m | 1 | HIGH | Networking | Prerequisites (VPC row) | VPC endpoint for SageMaker listed ambiguously; missing explicit `sagemaker.runtime` endpoint means PHI inference payload may route over public internet | List explicit endpoint service names: `com.amazonaws.{region}.sagemaker.runtime` for InvokeEndpoint traffic |
[0m[49m[38;5;10m+    180[0m:[38;5;10m[49m | 2 | HIGH | Architecture | Why These Services (Lambda) | "Under 6 MB" claim for DICOM files is incorrect; single chest X-rays are 10-50 MB; conflates S3 event payload with DICOM file size | Correct to explain Lambda downloads from S3 into memory/tmp; single-frame radiographs are 10-50 MB; configure ephemeral storage; note ECS/Fargate for multi-frame objects |
[0m[49m[38;5;10m+    181[0m:[38;5;10m[49m | 3 | MEDIUM | Security | Prerequisites (IAM row) | IAM permissions listed without resource ARN scoping; not least-privilege for HIPAA | Show resource-scoped ARN examples for each permission |
[0m[49m[38;5;10m+    182[0m:[38;5;10m[49m | 4 | MEDIUM | Architecture | Expected Results (benchmarks) | 1.5-3s latency excludes DICOM transfer, S3 propagation, Lambda cold start, and SNS delivery; true end-to-end is 5-15s+ | Clarify benchmark scope; state true end-to-end expectation; reference Edge Deployment variation for sub-second |
[0m[49m[38;5;10m+    183[0m:[38;5;10m[49m | 5 | MEDIUM | Architecture | Architecture Diagram | No DLQ or retry mechanism for failed Lambda invocations; silently dropped assessments undermine reliability | Add SQS between S3 and Lambda with DLQ; mention in diagram and text |
[0m[49m[38;5;10m+    184[0m:[38;5;10m[49m | 6 | MEDIUM | Security | Code Step 1, Prerequisites | S3 key paths may contain PHI (MRN, accession number) depending on DICOM router config; Lambda logs will expose these | Add note about opaque S3 key naming and KMS-encrypted CloudWatch Logs |
[0m[49m[38;5;10m+    185[0m:[38;5;10m[49m | 7 | LOW | Security | Why These Services (SageMaker) | No mention of SageMaker endpoint network isolation for PHI-processing containers | Add brief note about `EnableNetworkIsolation=True` for production |
[0m[49m[38;5;10m+    186[0m:[38;5;10m[49m | 8 | LOW | Networking | Prerequisites | No security group guidance for VPC interface endpoints | Add note about inbound HTTPS from Lambda SG to endpoint SGs |
[0m[49m[38;5;10m+    187[0m:[38;5;10m[49m | 9 | LOW | Voice | Why These Services (first paragraph) | Minor documentation-voice tone in one sentence | Optional rephrase for conversational consistency |
[0m[49m[38;5;10m+    188[0m:[38;5;10m[49m 
[0m[49m[38;5;10m+    189[0m:[38;5;10m[49m ---
[0m[49m[38;5;10m+    190[0m:[38;5;10m[49m 
[0m[49m[38;5;10m+    191[0m:[38;5;10m[49m ### Summary
[0m[49m[38;5;10m+    192[0m:[38;5;10m[49m 
[0m[49m[38;5;10m+    193[0m:[38;5;10m[49m A well-crafted recipe that teaches image quality assessment concepts thoroughly and provides a sound AWS architecture. The two HIGH findings (VPC endpoint ambiguity creating PHI egress risk, and incorrect DICOM file size claims) would cause real problems in deployment but are straightforward to fix. The recipe's greatest strengths are its honest operational guidance, the clinical photography insight in the Honest Take, and the clean separation between vendor-agnostic teaching and AWS-specific implementation. Recommended for publication after addressing findings 1-6.
[0m[K
Creating: [38;5;141m/tmp/ralph-worktrees/iter-865/reviews/chapter09.01-expert-review.md[0m
[38;5;244m - Completed in 0.1s[0m

[38;5;141m> [0mThe expert review has been written to [38;5;10mreviews/chapter09.01-expert-review.md[0m.[0m[0m
[0m[0m
[1mVerdict: PASS[22m[0m[0m
[0m[0m
Key findings summary:[0m[0m
- **2 HIGH**: VPC endpoint ambiguity for SageMaker Runtime (PHI egress risk) and incorrect DICOM file size claims (states "under 6 MB" when chest X-rays are typically 10-50 MB)[0m[0m
- **4 MEDIUM**: IAM permissions not resource-scoped, latency benchmarks understate true end-to-end, no DLQ for failed assessments, S3 key paths may leak PHI in logs[0m[0m
- **3 LOW**: Missing SageMaker network isolation mention, no security group guidance for VPC endpoints, one minor doc-voice sentence[0m[0m
[0m[0m
[38;5;252m[0m[?25l[?25l[0m[0m[?25l[0m[?25l[0m[0m[?25l[0m[?25l[0m[0m[?25l[0m[?25l[0m[0m[?25l[0m[0m[0m
[38;5;8m
 ▸ Credits: 5.00 • Time: 2m 3s

[0m[1G[0m[0m[?25hThe recipe is architecturally sound and well-written. No CRITICAL findings, and only 2 HIGH findings (threshold is >3 HIGH for FAIL). The fixes are all additive (clarifications and specificity) rather than structural rewrites.[38;5;11mWARNING: [0mDuplicate agent with name [38;5;10mmeshclaw-lite[0m was found in the global directory.
[0m[32mAll tools are now trusted ([0m[31m![0m[32m). Kiro will execute tools without asking for confirmation.[0m
Agents can sometimes do unexpected things so understand the risks.

Learn more at [38;5;141mhttps://kiro.dev/docs/cli/chat/security/#using-tools-trust-all-safely[0m



Reading directory: [38;5;141m/tmp/ralph-worktrees/iter-865[0m[38;5;244m (using tool: read, max depth: 2, max entries: 1000, excluding: defaults)[0m
[38;5;10m ✓ [0mSuccessfully read directory [38;5;141m/tmp/ralph-worktrees/iter-865[0m [38;5;244m(showing 1000 of 2227 entries, offset: 0)[0m
[38;5;244m - Completed in 0.107s[0m

[38;5;141m> [0mNow let me read the review file and the recipe it's reviewing:[0m[0m
Reading file: [38;5;141m/tmp/ralph-worktrees/iter-865/reviews/chapter09.01-expert-review.md[0m, all lines[38;5;244m (using tool: read)[0m
[38;5;10m ✓ [0mSuccessfully read [38;5;244m19104 bytes[0m from /tmp/ralph-worktrees/iter-865/reviews/chapter09.01-expert-review.md
[38;5;244m - Completed in 0.0s[0m

[38;5;141m> [0mNow I have the full review content. Let me verify it meets the pass conditions by checking for clinical accuracy coverage, architectural soundness, security considerations, prioritized findings with severity levels, and concrete remediation steps.[0m[0m
[0m[0m
The review clearly:[0m[0m
1. [1mClinical accuracy[22m — Validates DICOM file sizes, clinical workflow timing ("while patient is on table"), and clinical photography vs radiology insight[0m[0m
2. [1mArchitectural soundness[22m — Reviews Lambda constraints, latency analysis, DLQ patterns, two-tier approach[0m[0m
3. [1mSecurity considerations[22m — PHI handling, IAM least-privilege, VPC endpoint PHI egress, network isolation, S3 key naming[0m[0m
4. [1mPrioritized findings[22m — Table with HIGH/MEDIUM/LOW severity ratings (2 HIGH, 4 MEDIUM, 3 LOW)[0m[0m
5. [1mConcrete remediation steps[22m — Each finding includes a specific "Suggested fix" with exact configuration details[0m[0m
[0m[0m
[38;5;252m[0m[?25l[?25l[0m[0m[?25l[0m[?25l[0m[0m[?25l[0m[0m[0m
[38;5;8m
 ▸ Credits: 2.60 • Time: 16s

[0m[1G[0m[0m[?25h{"verdict": "pass", "rationale": "Review comprehensively covers clinical accuracy (DICOM file sizes, clinical workflow latency, patient-on-table timing), architectural soundness (Lambda constraints, DLQ patterns, two-tier design validation), and security considerations (PHI egress via VPC endpoints, IAM least-privilege, S3 key naming, network isolation). Findings are prioritized with clear HIGH/MEDIUM/LOW severity (2 HIGH, 4 MEDIUM, 3 LOW) and each includes concrete remediation steps with specific ARNs, endpoint names, and configuration guidance."}