# parallel_worker header: concurrency_limit=2 batch_id=batch-1780263249269-000023-7a6ae482d2c6ec25 iteration=828 task_id=ch07-r01-edit persona=TechEditor
[38;5;11mWARNING: [0mDuplicate agent with name [38;5;10mmeshclaw-lite[0m was found in the global directory.
[0m[32mAll tools are now trusted ([0m[31m![0m[32m). Kiro will execute tools without asking for confirmation.[0m
Agents can sometimes do unexpected things so understand the risks.

Learn more at [38;5;141mhttps://kiro.dev/docs/cli/chat/security/#using-tools-trust-all-safely[0m



[38;5;141m> [0mI'll start by reading the current draft, the reviews, and the style/recipe guides to understand what needs to be edited.[0m[0m
Batch fs_read operation with [38;5;141m3[0m operations[38;5;244m (using tool: read)[0m

↱ Operation 1: Reading file: [38;5;141m/tmp/ralph-worktrees/iter-828/chapter07.01-appointment-no-show-prediction.md[0m, all lines
↱ Operation 2: Reading file: [38;5;141m/tmp/ralph-worktrees/iter-828/STYLE-GUIDE.md[0m, all lines
↱ Operation 3: Reading file: [38;5;141m/tmp/ralph-worktrees/iter-828/RECIPE-GUIDE.md[0m, all lines
[38;5;10m ✓ [0mSuccessfully read [38;5;244m38207 bytes[0m from /tmp/ralph-worktrees/iter-828/chapter07.01-appointment-no-show-prediction.md

[38;5;10m ✓ [0mSuccessfully read [38;5;244m3731 bytes[0m from /tmp/ralph-worktrees/iter-828/STYLE-GUIDE.md

[38;5;10m ✓ [0mSuccessfully read [38;5;244m9026 bytes[0m from /tmp/ralph-worktrees/iter-828/RECIPE-GUIDE.md

 ⋮ 

[38;5;244m- [0mSummary: 3 operations processed, 3 successful, 0 failed
[38;5;244m - Completed in 0.0s[0m

[38;5;141m> [0mNow let me read the reviews for this recipe:[0m[0m
Searching for files: [38;5;141mreviews/chapter07.01*[0m[38;5;244m (using tool: glob)[0m
[38;5;10m ✓ [0mSuccessfully found [38;5;244m2 files[0m under current directory
[38;5;244m - Completed in 0.13s[0m

Batch fs_read operation with [38;5;141m2[0m operations[38;5;244m (using tool: read)[0m

↱ Operation 1: Reading file: [38;5;141m/tmp/ralph-worktrees/iter-828/reviews/chapter07.01-code-review.md[0m, all lines
↱ Operation 2: Reading file: [38;5;141m/tmp/ralph-worktrees/iter-828/reviews/chapter07.01-expert-review.md[0m, all lines
[38;5;10m ✓ [0mSuccessfully read [38;5;244m8480 bytes[0m from /tmp/ralph-worktrees/iter-828/reviews/chapter07.01-code-review.md

[38;5;10m ✓ [0mSuccessfully read [38;5;244m23931 bytes[0m from /tmp/ralph-worktrees/iter-828/reviews/chapter07.01-expert-review.md

 ⋮ 

[38;5;244m- [0mSummary: 2 operations processed, 2 successful, 0 failed
[38;5;244m - Completed in 0.0s[0m

[38;5;141m> [0mNow let me also check a completed Chapter 1 recipe for reference on style and formatting:[0m[0m
Reading file: [38;5;141m/tmp/ralph-worktrees/iter-828/chapter07.01-appointment-no-show-prediction.md[0m, from line [38;5;141m1[0m to [38;5;141m5[0m[38;5;244m (using tool: read)[0m
[38;5;10m ✓ [0mSuccessfully read [38;5;244m141 bytes[0m from /tmp/ralph-worktrees/iter-828/chapter07.01-appointment-no-show-prediction.md
[38;5;244m - Completed in 0.0s[0m

[38;5;141m> [0mNow I have a complete picture. Let me analyze the findings and determine what to fix inline vs. what to defer as TODOs:[0m[0m
[0m[0m
[1mAlready addressed in the draft (from expert review):[22m[0m[0m
- **S1 (HIGH):** IAM permissions - The Prerequisites table already has role-separated guidance. This was fixed.[0m[0m
- **S2 (HIGH):** DynamoDB PHI - TTL is already mentioned in the Prerequisites encryption row. Partially addressed.[0m[0m
- **S3 (MEDIUM):** SMS PHI - Already addressed in Step 5 pseudocode with the comment about minimal SMS content.[0m[0m
- **S4 (MEDIUM):** VPC endpoints - Already expanded in the Prerequisites VPC row.[0m[0m
- **A2 (MEDIUM):** scale_pos_weight - Already has a comment explaining computation from training data.[0m[0m
- **A4 (LOW):** Batch transform output parsing - Already has a comment explaining positional join.[0m[0m
- **V1 (LOW):** Documentation voice - Already rewritten in the "Why These Services" section.[0m[0m
- **N1 (MEDIUM):** Geocoding egress - Already has a NOTE comment in the pseudocode.[0m[0m
- **N2 (LOW):** Network isolation - Already added to Step 3 pseudocode.[0m[0m
[0m[0m
[1mDeferred as TODOs (already present):[22m[0m[0m
- **A1 (HIGH):** Model monitoring Step 6 - TODO already present.[0m[0m
- **A3 (MEDIUM):** DynamoDB conditional writes - TODO already present.[0m[0m
[0m[0m
So the draft has already incorporated most review feedback. My job as TechEditor is to polish grammar, mechanics, formatting, voice consistency, and ensure everything is clean for publication.[0m[0m
[0m[0m
Let me do a thorough editorial pass:[0m[0m
Searching: [38;5;141m/tmp/ralph-worktrees/iter-828/chapter07.01-appointment-no-show-prediction.md[0m for pattern: [38;5;141m—[0m[38;5;244m (using tool: read)[0m
[38;5;10m ✓ [0mFound 0 matches for pattern '—' in /tmp/ralph-worktrees/iter-828/chapter07.01-appointment-no-show-prediction.md
[38;5;244m - Completed in 0.0s[0m

[38;5;141m> [0mGood, no em dashes. Now let me apply the editorial fixes. The recipe is already in very good shape. I'll make targeted fixes for:[0m[0m
[0m[0m
1. A few minor grammar/readability improvements[0m[0m
2. One sentence in "Why These Services" for SageMaker that still has a slight documentation-voice remnant ("For tabular classification problems like no-show prediction, the built-in XGBoost algorithm is a strong default.")[0m[0m
3. Ensure the TTL mention in Prerequisites is clear enough to satisfy S2[0m[0m
4. Minor punctuation and consistency fixes[0m[0m
I'll modify the following file: [38;5;141mchapter07.01-appointment-no-show-prediction.md[0m[38;5;244m (using tool: write)[0m
Purpose: Slight rewording to avoid documentation-voice pattern and add specificity

[49m[38;5;9m- 93    [0m:[38;5;9m[49m **Amazon SageMaker for model training and hosting.** SageMaker handles the infrastructure you don't want to manage: spinning up a training instance, running the XGBoost job, storing the model artifact, and tearing everything down when it's done. For tabular classification problems like no-show prediction, the built-in XGBoost algorithm is a strong default. The batch transform mode is particularly useful here: score tomorrow's entire schedule in one job rather than standing up a persistent endpoint that sits idle 23 hours a day.
[0m[49m[38;5;10m+     93[0m:[38;5;10m[49m **Amazon SageMaker for model training and hosting.** SageMaker handles the infrastructure you don't want to manage: spinning up a training instance, running the XGBoost job, storing the model artifact, and tearing everything down when it's done. For tabular classification like no-show prediction, the built-in XGBoost algorithm is a strong default that requires zero custom container work. The batch transform mode is particularly useful here: score tomorrow's entire schedule in one job rather than standing up a persistent endpoint that sits idle 23 hours a day.
[0m[K
Updating: [38;5;141mchapter07.01-appointment-no-show-prediction.md[0m
[38;5;244m - Completed in 0.0s[0m

I'll modify the following file: [38;5;141mchapter07.01-appointment-no-show-prediction.md[0m[38;5;244m (using tool: write)[0m
Purpose: Break semicolons into sentences for readability in the Prerequisites table; clarify TTL is a table-level setting

[49m[38;5;9m- 134     [0m:[38;5;9m[49m | **Encryption** | S3: SSE-KMS for training data and model artifacts; DynamoDB: encryption at rest (default), TTL enabled to expire predictions after appointment date + 90 days (PHI retention policy); SageMaker: KMS-encrypted training volumes and endpoints; all transit over TLS |
[0m[49m[38;5;10m+      134[0m:[38;5;10m[49m | **Encryption** | S3: SSE-KMS for training data and model artifacts. DynamoDB: encryption at rest (default); enable TTL on the table to expire prediction items after appointment date + 90 days (PHI retention policy). SageMaker: KMS-encrypted training volumes and endpoints. All transit over TLS. |
[0m[K
Updating: [38;5;141mchapter07.01-appointment-no-show-prediction.md[0m
[38;5;244m - Completed in 0.1s[0m

I'll modify the following file: [38;5;141mchapter07.01-appointment-no-show-prediction.md[0m[38;5;244m (using tool: write)[0m
Purpose: Replace semicolons and parentheses with periods for readability in table cell

[49m[38;5;9m- 132     [0m:[38;5;9m[49m | **IAM Permissions** | Distributed across service-specific roles: Glue execution role (S3 read/write on feature buckets, data source access); SageMaker execution role (S3 read/write on model/feature buckets, KMS decrypt); Lambda action engine role (DynamoDB read, SNS publish); EventBridge scheduler role (Lambda invoke, SageMaker transform). Scope each role to specific resource ARNs. The Lambda role should NOT have SageMaker or Glue permissions. |
[0m[49m[38;5;10m+      132[0m:[38;5;10m[49m | **IAM Permissions** | Distributed across service-specific roles. Glue execution role: S3 read/write on feature buckets, data source access. SageMaker execution role: S3 read/write on model/feature buckets, KMS decrypt. Lambda action engine role: DynamoDB read, SNS publish. EventBridge scheduler role: Lambda invoke, SageMaker transform. Scope each role to specific resource ARNs. The Lambda role should NOT have SageMaker or Glue permissions. |
[0m[K
Updating: [38;5;141mchapter07.01-appointment-no-show-prediction.md[0m
[38;5;244m - Completed in 0.1s[0m

I'll modify the following file: [38;5;141mchapter07.01-appointment-no-show-prediction.md[0m[38;5;244m (using tool: write)[0m
Purpose: Remove Oxford comma before KMS for consistency with other list items in this table that omit it

[49m[38;5;9m- 135     [0m:[38;5;9m[49m | **VPC** | Production: SageMaker training and inference in VPC with gateway endpoints for S3 and DynamoDB. Additional interface endpoints required: SageMaker API, SNS, CloudWatch Logs, and KMS. Glue jobs in VPC with access to data sources. |
[0m[49m[38;5;10m+      135[0m:[38;5;10m[49m | **VPC** | Production: SageMaker training and inference in VPC with gateway endpoints for S3 and DynamoDB. Additional interface endpoints required: SageMaker API, SNS, CloudWatch Logs, KMS. Glue jobs in VPC with access to data sources. |
[0m[K
Updating: [38;5;141mchapter07.01-appointment-no-show-prediction.md[0m
[38;5;244m - Completed in 0.3s[0m

[38;5;141m> [0mNow let me check for any remaining style issues. Let me look at the "Where it struggles" section and the Honest Take for any voice drift:[0m[0m
Searching: [38;5;141m/tmp/ralph-worktrees/iter-828/chapter07.01-appointment-no-show-prediction.md[0m for pattern: [38;5;141mthis recipe demonstrates[0m[38;5;244m (using tool: read)[0m
[38;5;10m ✓ [0mFound 0 matches for pattern 'This recipe demonstrates' in /tmp/ralph-worktrees/iter-828/chapter07.01-appointment-no-show-prediction.md
[38;5;244m - Completed in 0.0s[0m

[38;5;141m> [0mGood. Let me check for any other documentation-voice patterns:[0m[0m
Batch fs_read operation with [38;5;141m3[0m operations[38;5;244m (using tool: read)[0m

↱ Operation 1: Searching: [38;5;141m/tmp/ralph-worktrees/iter-828/chapter07.01-appointment-no-show-prediction.md[0m for pattern: [38;5;141mleverage[0m
↱ Operation 2: Searching: [38;5;141m/tmp/ralph-worktrees/iter-828/chapter07.01-appointment-no-show-prediction.md[0m for pattern: [38;5;141mutilize[0m
↱ Operation 3: Searching: [38;5;141m/tmp/ralph-worktrees/iter-828/chapter07.01-appointment-no-show-prediction.md[0m for pattern: [38;5;141mwe are excited[0m
[38;5;10m ✓ [0mFound 0 matches for pattern 'leverage' in /tmp/ralph-worktrees/iter-828/chapter07.01-appointment-no-show-prediction.md

[38;5;10m ✓ [0mFound 0 matches for pattern 'utilize' in /tmp/ralph-worktrees/iter-828/chapter07.01-appointment-no-show-prediction.md

[38;5;10m ✓ [0mFound 0 matches for pattern 'We are excited' in /tmp/ralph-worktrees/iter-828/chapter07.01-appointment-no-show-prediction.md

 ⋮ 

[38;5;244m- [0mSummary: 3 operations processed, 3 successful, 0 failed
[38;5;244m - Completed in 0.0s[0m

[38;5;141m> [0mClean. Now let me verify the header hierarchy is correct (H1 for title, H2 for major sections, H3 for subsections):[0m[0m
Searching: [38;5;141m/tmp/ralph-worktrees/iter-828/chapter07.01-appointment-no-show-prediction.md[0m for pattern: [38;5;141m^#{1,4} [0m[38;5;244m (using tool: read)[0m
[38;5;10m ✓ [0mFound 0 matches for pattern '^#{1,4} ' in /tmp/ralph-worktrees/iter-828/chapter07.01-appointment-no-show-prediction.md
[38;5;244m - Completed in 0.0s[0m

Searching for: [38;5;141m^#{1,4} [0m in [38;5;141m/tmp/ralph-worktrees/iter-828[0m ([38;5;141mchapter07.01-appointment-no-show-prediction.md[0m)[38;5;244m (using tool: grep)[0m
[38;5;10m ✓ [0mSuccessfully found [38;5;244m20 matches[0m in [38;5;244m1 files[0m under /tmp/ralph-worktrees/iter-828 (result is truncated)
[38;5;244m - Completed in 0.38s[0m

Searching for: [38;5;141m^#{1,4} [0m in [38;5;141m/tmp/ralph-worktrees/iter-828[0m ([38;5;141mchapter07.01-appointment-no-show-prediction.md[0m)[38;5;244m (using tool: grep)[0m
[38;5;10m ✓ [0mSuccessfully found [38;5;244m20 matches[0m in [38;5;244m1 files[0m under /tmp/ralph-worktrees/iter-828
[38;5;244m - Completed in 0.37s[0m

[38;5;141m> [0mHeader hierarchy is correct: one H1, H2 for major sections, H3 for subsections, H4 for "Walkthrough" under "Code". No skipped levels.[0m[0m
[0m[0m
Let me check the code blocks all have language tags:[0m[0m
Searching for: [38;5;141m^```[0m in [38;5;141m/tmp/ralph-worktrees/iter-828[0m ([38;5;141mchapter07.01-appointment-no-show-prediction.md[0m)[38;5;244m (using tool: grep)[0m
[38;5;10m ✓ [0mSuccessfully found [38;5;244m16 matches[0m in [38;5;244m1 files[0m under /tmp/ralph-worktrees/iter-828 (result is truncated)
[38;5;244m - Completed in 0.40s[0m

Searching for: [38;5;141m^```[0m in [38;5;141m/tmp/ralph-worktrees/iter-828[0m ([38;5;141mchapter07.01-appointment-no-show-prediction.md[0m)[38;5;244m (using tool: grep)[0m
[38;5;10m ✓ [0mSuccessfully found [38;5;244m16 matches[0m in [38;5;244m1 files[0m under /tmp/ralph-worktrees/iter-828
[38;5;244m - Completed in 0.32s[0m

[38;5;141m> [0mI see the pseudocode blocks at lines 73, 159, 227, 268, 300, 326, 364 don't have language tags. The general architecture pattern block (line 73) is a simple text diagram. The pseudocode blocks are intentionally language-agnostic per the RECIPE-GUIDE. Let me check what Chapter 1 uses for pseudocode blocks:[0m[0m
Searching for files: [38;5;141mchapter01.01*[0m in [38;5;141m/tmp/ralph-worktrees/iter-828[0m[38;5;244m (using tool: glob)[0m
[38;5;10m ✓ [0mSuccessfully found [38;5;244m3 files[0m under /tmp/ralph-worktrees/iter-828
[38;5;244m - Completed in 0.16s[0m

Searching for: [38;5;141m^```[0m in [38;5;141m/tmp/ralph-worktrees/iter-828[0m ([38;5;141mchapter01.01-insurance-card-scanning.md[0m)[38;5;244m (using tool: grep)[0m
[38;5;10m ✓ [0mSuccessfully found [38;5;244m20 matches[0m in [38;5;244m1 files[0m under /tmp/ralph-worktrees/iter-828
[38;5;244m - Completed in 0.32s[0m

[38;5;141m> [0mChapter 1 also uses untagged fenced blocks for pseudocode. This is consistent. The pseudocode is intentionally language-agnostic per the recipe guide, so no language tag is correct.[0m[0m
[0m[0m
Now let me look at the general architecture pattern text block (line 73) to make sure it's formatted well:[0m[0m
Reading file: [38;5;141m/tmp/ralph-worktrees/iter-828/chapter07.01-appointment-no-show-prediction.md[0m, from line [38;5;141m71[0m to [38;5;141m77[0m[38;5;244m (using tool: read)[0m
[38;5;10m ✓ [0mSuccessfully read [38;5;244m608 bytes[0m from /tmp/ralph-worktrees/iter-828/chapter07.01-appointment-no-show-prediction.md
[38;5;244m - Completed in 0.0s[0m

[38;5;141m> [0mThat's fine. The [38;5;10m→[0m characters are appropriate for a simple text diagram.[0m[0m
[0m[0m
Let me now check the "Additional Resources" section for URL plausibility:[0m[0m
Reading file: [38;5;141m/tmp/ralph-worktrees/iter-828/chapter07.01-appointment-no-show-prediction.md[0m, from line [38;5;141m453[0m to [38;5;141m475[0m[38;5;244m (using tool: read)[0m
[38;5;10m ✓ [0mSuccessfully read [38;5;244m1632 bytes[0m from /tmp/ralph-worktrees/iter-828/chapter07.01-appointment-no-show-prediction.md
[38;5;244m - Completed in 0.0s[0m

[38;5;141m> [0mURLs all look plausible and well-formed. The existing TODO about verification is appropriate. The [38;5;10mamazon-sagemaker-examples[0m repo is under [38;5;10maws/[0m org (correct), and the healthcare repo is under [38;5;10maws-samples/[0m (correct pattern).[0m[0m
[0m[0m
Let me do one more pass on a few specific areas I noticed during reading. The "Related Recipes" section references recipes that may not exist yet:[0m[0m
Reading file: [38;5;141m/tmp/ralph-worktrees/iter-828/chapter07.01-appointment-no-show-prediction.md[0m, from line [38;5;141m444[0m to [38;5;141m452[0m[38;5;244m (using tool: read)[0m
[38;5;10m ✓ [0mSuccessfully read [38;5;244m844 bytes[0m from /tmp/ralph-worktrees/iter-828/chapter07.01-appointment-no-show-prediction.md
[38;5;244m - Completed in 0.0s[0m

[38;5;141m> [0mThese are forward references to recipes that will be written later. That's fine for a cookbook structure. Let me verify the recipe numbers match the planning docs:[0m[0m
Searching: [38;5;141m/tmp/ralph-worktrees/iter-828/categories/07-predictive-analytics.md[0m for pattern: [38;5;141m7\.4|7\.5[0m[38;5;244m (using tool: read)[0m
[38;5;10m ✓ [0mFound 0 matches for pattern '7\.4|7\.5' in /tmp/ralph-worktrees/iter-828/categories/07-predictive-analytics.md
[38;5;244m - Completed in 0.0s[0m

Reading file: [38;5;141m/tmp/ralph-worktrees/iter-828/categories/07-predictive-analytics.md[0m, from line [38;5;141m1[0m to [38;5;141m30[0m[38;5;244m (using tool: read)[0m
[38;5;10m ✓ [0mSuccessfully read [38;5;244m1147 bytes[0m from /tmp/ralph-worktrees/iter-828/categories/07-predictive-analytics.md
[38;5;244m - Completed in 0.0s[0m

Reading file: [38;5;141m/tmp/ralph-worktrees/iter-828/categories/07-predictive-analytics.md[0m, from line [38;5;141m30[0m to [38;5;141m60[0m[38;5;244m (using tool: read)[0m
[38;5;10m ✓ [0mSuccessfully read [38;5;244m1480 bytes[0m from /tmp/ralph-worktrees/iter-828/categories/07-predictive-analytics.md
[38;5;244m - Completed in 0.0s[0m

[38;5;141m> [0mGood. Recipes 7.4 and 7.5 exist in the planning doc. Let me also verify 4.1 and 12.1:[0m[0m
Batch fs_read operation with [38;5;141m2[0m operations[38;5;244m (using tool: read)[0m

↱ Operation 1: Reading file: [38;5;141m/tmp/ralph-worktrees/iter-828/categories/04-personalization.md[0m, from line [38;5;141m1[0m to [38;5;141m15[0m
↱ Operation 2: Reading file: [38;5;141m/tmp/ralph-worktrees/iter-828/categories/12-time-series.md[0m, from line [38;5;141m1[0m to [38;5;141m15[0m
[38;5;10m ✓ [0mSuccessfully read [38;5;244m519 bytes[0m from /tmp/ralph-worktrees/iter-828/categories/04-personalization.md

[38;5;10m ✓ [0mSuccessfully read [38;5;244m477 bytes[0m from /tmp/ralph-worktrees/iter-828/categories/12-time-series.md

 ⋮ 

[38;5;244m- [0mSummary: 2 operations processed, 2 successful, 0 failed
[38;5;244m - Completed in 0.0s[0m

[38;5;141m> [0mAll cross-references check out. The recipe is in excellent shape. Let me now do a final read of a few sections to catch any remaining minor issues:[0m[0m
Reading file: [38;5;141m/tmp/ralph-worktrees/iter-828/chapter07.01-appointment-no-show-prediction.md[0m, from line [38;5;141m7[0m to [38;5;141m25[0m[38;5;244m (using tool: read)[0m
[38;5;10m ✓ [0mSuccessfully read [38;5;244m2321 bytes[0m from /tmp/ralph-worktrees/iter-828/chapter07.01-appointment-no-show-prediction.md
[38;5;244m - Completed in 0.0s[0m

[38;5;141m> [0mThe Problem section is strong. Voice is on point. Let me check the Honest Take section one more time:[0m[0m
Reading file: [38;5;141m/tmp/ralph-worktrees/iter-828/chapter07.01-appointment-no-show-prediction.md[0m, from line [38;5;141m416[0m to [38;5;141m433[0m[38;5;244m (using tool: read)[0m
[38;5;10m ✓ [0mSuccessfully read [38;5;244m2456 bytes[0m from /tmp/ralph-worktrees/iter-828/chapter07.01-appointment-no-show-prediction.md
[38;5;244m - Completed in 0.0s[0m

[38;5;141m> [0mExcellent. This section is strong and well-voiced. No issues.[0m[0m
[0m[0m
Let me verify the navigation footer is correct:[0m[0m
Reading file: [38;5;141m/tmp/ralph-worktrees/iter-828/chapter07.01-appointment-no-show-prediction.md[0m, from line [38;5;141m485[0m to end of file[38;5;244m (using tool: read)[0m
[38;5;10m ✓ [0mSuccessfully read [38;5;244m285 bytes[0m from /tmp/ralph-worktrees/iter-828/chapter07.01-appointment-no-show-prediction.md
[38;5;244m - Completed in 0.0s[0m

[38;5;141m> [0mGood. Navigation footer is present and correctly formatted.[0m[0m
[0m[0m
Now let me do one final check on the Python companion to address the code review findings (pagination comment, explicit import, features_used acknowledgment):[0m[0m
Reading file: [38;5;141m/tmp/ralph-worktrees/iter-828/chapter07.01-python-example.md[0m, from line [38;5;141m1[0m to [38;5;141m30[0m[38;5;244m (using tool: read)[0m
[38;5;10m ✓ [0mSuccessfully read [38;5;244m1654 bytes[0m from /tmp/ralph-worktrees/iter-828/chapter07.01-python-example.md
[38;5;244m - Completed in 0.0s[0m

Searching for: [38;5;141mfrom boto3.dynamodb.conditions[0m in [38;5;141m/tmp/ralph-worktrees/iter-828[0m ([38;5;141mchapter07.01-python-example.md[0m)[38;5;244m (using tool: grep)[0m
[38;5;9m ❗ [0mNo matches found for pattern: [38;5;244mfrom boto3.dynamodb.conditions[0m under /tmp/ralph-worktrees/iter-828
[38;5;244m - Completed in 0.31s[0m

Searching for: [38;5;141mquery_high_risk|LastEvaluatedKey|pagination[0m in [38;5;141m/tmp/ralph-worktrees/iter-828[0m ([38;5;141mchapter07.01-python-example.md[0m)[38;5;244m (using tool: grep)[0m
[38;5;10m ✓ [0mSuccessfully found [38;5;244m2 matches[0m in [38;5;244m1 files[0m under /tmp/ralph-worktrees/iter-828
[38;5;244m - Completed in 0.35s[0m

Reading file: [38;5;141m/tmp/ralph-worktrees/iter-828/chapter07.01-python-example.md[0m, from line [38;5;141m560[0m to [38;5;141m600[0m[38;5;244m (using tool: read)[0m
[38;5;10m ✓ [0mSuccessfully read [38;5;244m1258 bytes[0m from /tmp/ralph-worktrees/iter-828/chapter07.01-python-example.md
[38;5;244m - Completed in 0.0s[0m

[38;5;141m> [0mI need to address the code review findings in the Python companion. Let me add the pagination comment and the explicit import:[0m[0m
I'll modify the following file: [38;5;141mchapter07.01-python-example.md[0m[38;5;244m (using tool: write)[0m
Purpose: Add pagination warning comment per code review Issue 1

[49m[39m  578, 578[0m:[39m[49m     # Query using the scheduled_date GSI.
[0m[49m[39m  579, 579[0m:[39m[49m     # In production, this index must exist on the table.
[0m[49m[38;5;10m+      580[0m:[38;5;10m[49m     # NOTE: For a teaching example, we read a single page of results.
[0m[49m[38;5;10m+      581[0m:[38;5;10m[49m     # In production, loop while 'LastEvaluatedKey' is present in the response
[0m[49m[38;5;10m+      582[0m:[38;5;10m[49m     # to handle days with more appointments than fit in one 1MB page.
[0m[49m[39m  580, 583[0m:[39m[49m     response = table.query(
[0m[49m[39m  581, 584[0m:[39m[49m         IndexName="scheduled-date-index",
[0m[49m[39m  582, 585[0m:[39m[49m         KeyConditionExpression=boto3.dynamodb.conditions.Key("scheduled_date").eq(target_date),
[0m[49m[39m  583, 586[0m:[39m[49m     )
[0m[K
Updating: [38;5;141mchapter07.01-python-example.md[0m
[38;5;244m - Completed in 0.0s[0m

[38;5;141m> [0mNow let me find the imports section and add the explicit import:[0m[0m
Searching for: [38;5;141m^import|^from[0m in [38;5;141m/tmp/ralph-worktrees/iter-828[0m ([38;5;141mchapter07.01-python-example.md[0m)[38;5;244m (using tool: grep)[0m
[38;5;10m ✓ [0mSuccessfully found [38;5;244m12 matches[0m in [38;5;244m1 files[0m under /tmp/ralph-worktrees/iter-828 (result is truncated)
[38;5;244m - Completed in 0.32s[0m

Reading file: [38;5;141m/tmp/ralph-worktrees/iter-828/chapter07.01-python-example.md[0m, from line [38;5;141m26[0m to [38;5;141m40[0m[38;5;244m (using tool: read)[0m
[38;5;10m ✓ [0mSuccessfully read [38;5;244m376 bytes[0m from /tmp/ralph-worktrees/iter-828/chapter07.01-python-example.md
[38;5;244m - Completed in 0.0s[0m

I'll modify the following file: [38;5;141mchapter07.01-python-example.md[0m[38;5;244m (using tool: write)[0m
Purpose: Add explicit import of Key from boto3.dynamodb.conditions per code review Issue 2

[49m[39m  31, 31[0m:[39m[49m import boto3
[0m[49m[38;5;10m+     32[0m:[38;5;10m[49m from boto3.dynamodb.conditions import Key
[0m[49m[39m  32, 33[0m:[39m[49m import numpy as np
[0m[49m[39m  33, 34[0m:[39m[49m import pandas as pd
[0m[49m[39m  34, 35[0m:[39m[49m from botocore.config import Config
[0m[K
Updating: [38;5;141mchapter07.01-python-example.md[0m
[38;5;244m - Completed in 0.0s[0m

[38;5;141m> [0mNow update the usage to use the imported [38;5;10mKey[0m directly:[0m[0m
I'll modify the following file: [38;5;141mchapter07.01-python-example.md[0m[38;5;244m (using tool: write)[0m
Purpose: Use the explicit Key import instead of fully-qualified path

[49m[38;5;9m- 586     [0m:[38;5;9m[49m         KeyConditionExpression=boto3.dynamodb.conditions.Key("scheduled_date").eq(target_date),
[0m[49m[38;5;10m+      586[0m:[38;5;10m[49m         KeyConditionExpression=Key("scheduled_date").eq(target_date),
[0m[K
Updating: [38;5;141mchapter07.01-python-example.md[0m
[38;5;244m - Completed in 0.0s[0m

[38;5;141m> [0mNow let me address code review Issue 3 (features_used field acknowledgment). Let me find the store_predictions function:[0m[0m
Searching for: [38;5;141mdef store_predictions[0m in [38;5;141m/tmp/ralph-worktrees/iter-828[0m ([38;5;141mchapter07.01-python-example.md[0m)[38;5;244m (using tool: grep)[0m
[38;5;10m ✓ [0mSuccessfully found [38;5;244m1 matches[0m in [38;5;244m1 files[0m under /tmp/ralph-worktrees/iter-828
[38;5;244m - Completed in 0.33s[0m

Reading file: [38;5;141m/tmp/ralph-worktrees/iter-828/chapter07.01-python-example.md[0m, from line [38;5;141m501[0m to [38;5;141m560[0m[38;5;244m (using tool: read)[0m
[38;5;10m ✓ [0mSuccessfully read [38;5;244m2239 bytes[0m from /tmp/ralph-worktrees/iter-828/chapter07.01-python-example.md
[38;5;244m - Completed in 0.0s[0m

[38;5;141m> [0mI need to add the acknowledgment comment about [38;5;10mfeatures_used[0m:[0m[0m
I'll modify the following file: [38;5;141mchapter07.01-python-example.md[0m[38;5;244m (using tool: write)[0m
Purpose: Acknowledge omitted features_used field per code review Issue 3

[49m[39m  536, 536[0m:[39m[49m             item = {
[0m[49m[39m  537, 537[0m:[39m[49m                 "appointment_id": appt_id,
[0m[49m[39m  538, 538[0m:[39m[49m                 "scheduled_date": sched_date,
[0m[49m[39m  539, 539[0m:[39m[49m                 # DynamoDB does not accept Python floats. Wrap in Decimal.
[0m[49m[39m  540, 540[0m:[39m[49m                 # str() first to avoid floating-point representation artifacts.
[0m[49m[39m  541, 541[0m:[39m[49m                 "no_show_probability": Decimal(str(round(probability, 4))),
[0m[49m[39m  542, 542[0m:[39m[49m                 "risk_tier": risk_tier,
[0m[49m[39m  543, 543[0m:[39m[49m                 "model_version": model_version,
[0m[49m[39m  544, 544[0m:[39m[49m                 "scored_at": scored_at,
[0m[49m[38;5;10m+      545[0m:[38;5;10m[49m                 # The main recipe also stores top contributing features (features_used)
[0m[49m[38;5;10m+      546[0m:[38;5;10m[49m                 # for explainability. Computing per-prediction feature importance
[0m[49m[38;5;10m+      547[0m:[38;5;10m[49m                 # requires SHAP values, which adds complexity beyond this example.
[0m[49m[38;5;10m+      548[0m:[38;5;10m[49m                 # See SageMaker Clarify for production feature attribution.
[0m[49m[39m  545, 549[0m:[39m[49m             }
[0m[K
Updating: [38;5;141mchapter07.01-python-example.md[0m
[38;5;244m - Completed in 0.0s[0m

[38;5;141m> [0mNow let me do a final verification read of the main recipe to make sure everything is consistent:[0m[0m
Reading file: [38;5;141m/tmp/ralph-worktrees/iter-828/chapter07.01-appointment-no-show-prediction.md[0m, from line [38;5;141m89[0m to [38;5;141m105[0m[38;5;244m (using tool: read)[0m
[38;5;10m ✓ [0mSuccessfully read [38;5;244m2453 bytes[0m from /tmp/ralph-worktrees/iter-828/chapter07.01-appointment-no-show-prediction.md
[38;5;244m - Completed in 0.0s[0m

[38;5;141m> [0mEverything reads well. The recipe is complete and publication-ready with the two deferred TODOs for the TechWriter (A1 for model monitoring step, A3 for conditional writes).[0m[0m
[0m[0m
Let me do one final check to make sure I haven't introduced any em dashes:[0m[0m
Searching for: [38;5;141m—[0m in [38;5;141m/tmp/ralph-worktrees/iter-828[0m ([38;5;141mchapter07.01-appointment-no-show-prediction.md[0m)[38;5;244m (using tool: grep)[0m
[38;5;9m ❗ [0mNo matches found for pattern: [38;5;244m—[0m under /tmp/ralph-worktrees/iter-828
[38;5;244m - Completed in 0.37s[0m

Searching for: [38;5;141m—[0m in [38;5;141m/tmp/ralph-worktrees/iter-828[0m ([38;5;141mchapter07.01-python-example.md[0m)[38;5;244m (using tool: grep)[0m
[38;5;9m ❗ [0mNo matches found for pattern: [38;5;244m—[0m under /tmp/ralph-worktrees/iter-828
[38;5;244m - Completed in 0.40s[0m

[38;5;141m> [0mClean. Let me verify the final state of the main recipe's Prerequisites table to confirm my edits landed correctly:[0m[0m
Reading file: [38;5;141m/tmp/ralph-worktrees/iter-828/chapter07.01-appointment-no-show-prediction.md[0m, from line [38;5;141m127[0m to [38;5;141m152[0m[38;5;244m (using tool: read)[0m
[38;5;10m ✓ [0mSuccessfully read [38;5;244m2583 bytes[0m from /tmp/ralph-worktrees/iter-828/chapter07.01-appointment-no-show-prediction.md
[38;5;244m - Completed in 0.0s[0m

[38;5;141m> [0mEverything looks good. The recipe is editorially clean and ready for publication.[0m[0m
[0m[0m
━━━━━━━━━━━━━━━━━━━━━━━━━━━━━━━━━━━━━━━━
[0m[0m
[0m[0m
[38;5;252m[1m## Editorial Summary[0m[0m
[0m[0m
[1mChanges applied to [38;5;10mchapter07.01-appointment-no-show-prediction.md[0m:[22m[0m[0m
- Rewording in "Why These Services" SageMaker paragraph to eliminate residual documentation-voice (added "that requires zero custom container work" for specificity)[0m[0m
- Prerequisites table: reformatted IAM Permissions, Encryption, and VPC rows from semicolon-heavy run-on cells into clearer sentence-based formatting[0m[0m
- Confirmed zero em dashes, correct header hierarchy (H1/H2/H3/H4), proper code block formatting, and consistent voice throughout[0m[0m
[0m[0m
[1mChanges applied to [38;5;10mchapter07.01-python-example.md[0m:[22m[0m[0m
- Added explicit [38;5;10mfrom boto3.dynamodb.conditions import Key[0m import (code review Issue 2)[0m[0m
- Simplified [38;5;10mKeyConditionExpression[0m to use the direct [38;5;10mKey[0m import[0m[0m
- Added pagination warning comment in [38;5;10mquery_high_risk_appointments[0m (code review Issue 1)[0m[0m
- Added comment in [38;5;10mstore_predictions[0m acknowledging omitted [38;5;10mfeatures_used[0m field (code review Issue 3)[0m[0m
[0m[0m
[1mDeferred TODOs preserved (not addressed, per persona instructions):[22m[0m[0m
- [38;5;10m<!-- TODO (TechWriter): Expert review A1 (HIGH). Add Step 6: Ground truth collection and model monitoring... -->[0m[0m[0m
- [38;5;10m<!-- TODO (TechWriter): Expert review A3 (MEDIUM). Add conditional write guidance... -->[0m[0m[0m
- [38;5;10m<!-- TODO (TechWriter): Verify all URLs above are current and accessible before publication... -->[0m[0m[0m
[0m[0m
[38;5;252m[0m[?25l[?25l[0m[0m[?25l[0m[?25l[0m[0m[?25l[0m[?25l[0m[0m[?25l[0m[?25l[0m[0m[?25l[0m[?25l[0m[0m[?25l[0m[?25l[0m[0m[?25l[0m[?25l[0m[0m[?25l[0m[?25l[0m[0m[?25l[0m[?25l[0m[0m[?25l[0m[?25l[0m[0m[?25l[0m[?25l[0m[0m[?25l[0m[?25l[0m[0m[?25l[0m[?25l[0m[0m[?25l[0m[?25l[0m[0m[?25l[0m[?25l[0m[0m[?25l[0m[?25l[0m[0m[?25l[0m[?25l[0m[0m[?25l[0m[?25l[0m[0m[?25l[0m[?25l[0m[0m[?25l[0m[?25l[0m[0m[?25l[0m[?25l[0m[0m[?25l[0m[?25l[0m[0m[?25l[0m[?25l[0m[0m[?25l[0m[?25l[0m[0m[?25l[0m[?25l[0m[0m[?25l[0m[?25l[0m[0m[?25l[0m[?25l[0m[0m[?25l[0m[?25l[0m[0m[?25l[0m[?25l[0m[0m[?25l[0m[?25l[0m[0m[?25l[0m[?25l[0m[0m[?25l[0m[?25l[0m[0m[?25l[0m[?25l[0m[0m[?25l[0m[?25l[0m[0m[?25l[0m[?25l[0m[0m[?25l[0m[?25l[0m[0m[?25l[0m[?25l[0m[0m[?25l[0m[?25l[0m[0m[?25l[0m[?25l[0m[0m[?25l[0m[?25l[0m[0m[?25l[0m[?25l[0m[0m[?25l[0m[?25l[0m[0m[?25l[0m[?25l[0m[0m[?25l[0m[?25l[0m[0m[?25l[0m[0m[0m
[38;5;8m
 ▸ Credits: 27.87 • Time: 3m 41s

[0m[1G[0m[0m[?25h[1mNo unresolved concerns added.[22m All code review and expert review findings are either addressed inline or properly deferred with TODO markers.[38;5;11mWARNING: [0mDuplicate agent with name [38;5;10mmeshclaw-lite[0m was found in the global directory.
[0m[32mAll tools are now trusted ([0m[31m![0m[32m). Kiro will execute tools without asking for confirmation.[0m
Agents can sometimes do unexpected things so understand the risks.

Learn more at [38;5;141mhttps://kiro.dev/docs/cli/chat/security/#using-tools-trust-all-safely[0m



[38;5;252m[0m[?25l[?25l[0m[0m[1mTool validation failed: [0m
[38;5;9mFailed to validate tool parameters: '/tmp/ralph-worktrees/iter-828/chapters/07-predictive-analytics/recipe-01-appointment-no-show.md' does not exist
[0m[?25l[0m[0m[1mTool validation failed: [0m
[38;5;9mFailed to validate tool parameters: Directory not found: /tmp/ralph-worktrees/iter-828/chapters/07-predictive-analytics
Reading directory: [38;5;141m/tmp/ralph-worktrees/iter-828[0m[38;5;244m (using tool: read, max depth: 2, max entries: 1000, excluding: defaults)[0m
[38;5;10m ✓ [0mSuccessfully read directory [38;5;141m/tmp/ralph-worktrees/iter-828[0m [38;5;244m(showing 1000 of 2179 entries, offset: 0)[0m
[38;5;244m - Completed in 0.103s[0m

[38;5;141m> [0mNow I can see the file. Let me read the STYLE-GUIDE.md and the recipe file:[0m[0m
Batch fs_read operation with [38;5;141m2[0m operations[38;5;244m (using tool: read)[0m

↱ Operation 1: Reading file: [38;5;141m/tmp/ralph-worktrees/iter-828/STYLE-GUIDE.md[0m, all lines
↱ Operation 2: Reading file: [38;5;141m/tmp/ralph-worktrees/iter-828/chapter07.01-appointment-no-show-prediction.md[0m, all lines
[38;5;10m ✓ [0mSuccessfully read [38;5;244m3731 bytes[0m from /tmp/ralph-worktrees/iter-828/STYLE-GUIDE.md

[38;5;10m ✓ [0mSuccessfully read [38;5;244m38249 bytes[0m from /tmp/ralph-worktrees/iter-828/chapter07.01-appointment-no-show-prediction.md

 ⋮ 

[38;5;244m- [0mSummary: 2 operations processed, 2 successful, 0 failed
[38;5;244m - Completed in 0.0s[0m

[38;5;141m> [0mNow let me check for the expert review to see what HIGH/MEDIUM findings were raised:[0m[0m
Reading file: [38;5;141m/tmp/ralph-worktrees/iter-828/reviews/chapter07.08-expert-review.md[0m, from line [38;5;141m1[0m to [38;5;141m50[0m[38;5;244m (using tool: read)[0m
[38;5;10m ✓ [0mSuccessfully read [38;5;244m4767 bytes[0m from /tmp/ralph-worktrees/iter-828/reviews/chapter07.08-expert-review.md
[38;5;244m - Completed in 0.0s[0m

[38;5;141m> [0mThat's the wrong review file. Let me find the correct expert review for recipe 7.1:[0m[0m
Searching for files: [38;5;141m**/chapter07.01*expert*[0m in [38;5;141m/tmp/ralph-worktrees/iter-828[0m[38;5;244m (using tool: glob)[0m
[38;5;10m ✓ [0mSuccessfully found [38;5;244m1 files[0m under /tmp/ralph-worktrees/iter-828
[38;5;244m - Completed in 0.13s[0m

Searching: [38;5;141m/tmp/ralph-worktrees/iter-828/reviews/chapter07.01-expert-review.md[0m for pattern: [38;5;141mhigh|medium|severity[0m[38;5;244m (using tool: read)[0m
[38;5;10m ✓ [0mFound 0 matches for pattern 'HIGH|MEDIUM|Severity' in /tmp/ralph-worktrees/iter-828/reviews/chapter07.01-expert-review.md
[38;5;244m - Completed in 0.0s[0m

Reading file: [38;5;141m/tmp/ralph-worktrees/iter-828/reviews/chapter07.01-expert-review.md[0m, from line [38;5;141m1[0m to [38;5;141m100[0m[38;5;244m (using tool: read)[0m
[38;5;10m ✓ [0mSuccessfully read [38;5;244m9265 bytes[0m from /tmp/ralph-worktrees/iter-828/reviews/chapter07.01-expert-review.md
[38;5;244m - Completed in 0.0s[0m

Reading file: [38;5;141m/tmp/ralph-worktrees/iter-828/reviews/chapter07.01-expert-review.md[0m, from line [38;5;141m101[0m to [38;5;141m250[0m[38;5;244m (using tool: read)[0m
[38;5;10m ✓ [0mSuccessfully read [38;5;244m14665 bytes[0m from /tmp/ralph-worktrees/iter-828/reviews/chapter07.01-expert-review.md
[38;5;244m - Completed in 0.0s[0m

[38;5;141m> [0mNow I have all the information needed. Let me also check for em dashes in the recipe and verify the code blocks have language tags:[0m[0m
Searching: [38;5;141m/tmp/ralph-worktrees/iter-828/chapter07.01-appointment-no-show-prediction.md[0m for pattern: [38;5;141m\u2014[0m[38;5;244m (using tool: read)[0m
[38;5;10m ✓ [0mFound 0 matches for pattern '\u2014' in /tmp/ralph-worktrees/iter-828/chapter07.01-appointment-no-show-prediction.md
[38;5;244m - Completed in 0.0s[0m

[38;5;141m> [0mGood, no em dashes. Now let me check code blocks for language tags by searching for bare code fences:[0m[0m
Searching for: [38;5;141m^```$[0m in [38;5;141m/tmp/ralph-worktrees/iter-828/chapter07.01-appointment-no-show-prediction.md[0m[38;5;244m (using tool: grep)[0m
[38;5;10m ✓ [0mSuccessfully found [38;5;244m14 matches[0m in [38;5;244m1 files[0m under /tmp/ralph-worktrees/iter-828/chapter07.01-appointment-no-show-prediction.md (result is truncated)
[38;5;244m - Completed in 0.0s[0m

[38;5;141m> [0mThere are bare code fences (closing fences). Let me check the opening fences to see if they all have language tags:[0m[0m
Searching for: [38;5;141m^```[0m in [38;5;141m/tmp/ralph-worktrees/iter-828/chapter07.01-appointment-no-show-prediction.md[0m[38;5;244m (using tool: grep)[0m
[38;5;10m ✓ [0mSuccessfully found [38;5;244m16 matches[0m in [38;5;244m1 files[0m under /tmp/ralph-worktrees/iter-828/chapter07.01-appointment-no-show-prediction.md (result is truncated)
[38;5;244m - Completed in 0.0s[0m

Searching for: [38;5;141m^```[a-zA-Z][0m in [38;5;141m/tmp/ralph-worktrees/iter-828/chapter07.01-appointment-no-show-prediction.md[0m[38;5;244m (using tool: grep)[0m
[38;5;10m ✓ [0mSuccessfully found [38;5;244m2 matches[0m in [38;5;244m1 files[0m under /tmp/ralph-worktrees/iter-828/chapter07.01-appointment-no-show-prediction.md
[38;5;244m - Completed in 0.0s[0m

[38;5;141m> [0mSo there are code blocks that open with just [38;5;10m [0m[38;5;10m[0m Reading file: [38;5;141m/tmp/ralph-worktrees/iter-828/chapter07.01-appointment-no-show-prediction.md[0m, from line [38;5;141m71[0m to [38;5;141m77[0m[38;5;244m (using tool: read)[0m
[38;5;10m ✓ [0mSuccessfully read [38;5;244m608 bytes[0m from /tmp/ralph-worktrees/iter-828/chapter07.01-appointment-no-show-prediction.md
[38;5;244m - Completed in 0.0s[0m

[38;5;141m> [0mThat's a plain text diagram without a language tag. Now let me check the pseudocode blocks:[0m[0m
Reading file: [38;5;141m/tmp/ralph-worktrees/iter-828/chapter07.01-appointment-no-show-prediction.md[0m, from line [38;5;141m157[0m to [38;5;141m162[0m[38;5;244m (using tool: read)[0m
[38;5;10m ✓ [0mSuccessfully read [38;5;244m810 bytes[0m from /tmp/ralph-worktrees/iter-828/chapter07.01-appointment-no-show-prediction.md
[38;5;244m - Completed in 0.0s[0m

[38;5;141m> [0mThe pseudocode blocks use bare [38;5;10m [0m[38;5;10m[0m Searching for: [38;5;141m^#{1,6} [0m in [38;5;141m/tmp/ralph-worktrees/iter-828/chapter07.01-appointment-no-show-prediction.md[0m[38;5;244m (using tool: grep)[0m
[38;5;10m ✓ [0mSuccessfully found [38;5;244m20 matches[0m in [38;5;244m1 files[0m under /tmp/ralph-worktrees/iter-828/chapter07.01-appointment-no-show-prediction.md (result is truncated)
[38;5;244m - Completed in 0.0s[0m

Searching for: [38;5;141m^#{1,6} [0m in [38;5;141m/tmp/ralph-worktrees/iter-828/chapter07.01-appointment-no-show-prediction.md[0m[38;5;244m (using tool: grep)[0m
[38;5;10m ✓ [0mSuccessfully found [38;5;244m20 matches[0m in [38;5;244m1 files[0m under /tmp/ralph-worktrees/iter-828/chapter07.01-appointment-no-show-prediction.md (result is truncated)
[38;5;244m - Completed in 0.0s[0m

Searching for: [38;5;141m^#{1,6} [0m in [38;5;141m/tmp/ralph-worktrees/iter-828/chapter07.01-appointment-no-show-prediction.md[0m[38;5;244m (using tool: grep)[0m
[38;5;10m ✓ [0mSuccessfully found [38;5;244m20 matches[0m in [38;5;244m1 files[0m under /tmp/ralph-worktrees/iter-828/chapter07.01-appointment-no-show-prediction.md
[38;5;244m - Completed in 0.0s[0m

[38;5;141m> [0mHeader hierarchy is correct: H1 → H2 → H3 → H4. No skipped levels.[0m[0m
[0m[0m
Now I have all the information to make my assessment. Let me check the TODO markers to see if HIGH/MEDIUM findings are properly flagged:[0m[0m
[0m[0m
The recipe has these TODO markers:[0m[0m
1. Line referencing "Expert review A3 (MEDIUM)" about conditional writes[0m[0m
2. Line referencing "Expert review A1 (HIGH)" about ground truth collection and model monitoring[0m[0m
3. A URL verification TODO[0m[0m
[0m[0m
Now let me verify the expert review findings against what's incorporated vs. flagged as TODO:[0m[0m
[0m[0m
[1mHIGH findings from expert review:[22m[0m[0m
- A1 (HIGH): Model monitoring - flagged as TODO ✓[0m[0m
- S1 (HIGH): IAM least-privilege - INCORPORATED (Prerequisites table now has role-specific entries) ✓[0m[0m
- S2 (HIGH): DynamoDB PHI/TTL - INCORPORATED (Prerequisites table now mentions TTL 90 days, encryption) ✓[0m[0m
[0m[0m
[1mMEDIUM findings:[22m[0m[0m
- S3 (MEDIUM): SMS PHI minimization - INCORPORATED (Step 5 has comment about minimal SMS content) ✓[0m[0m
- S4 (MEDIUM): VPC endpoints incomplete - INCORPORATED (Prerequisites VPC row now lists additional endpoints) ✓[0m[0m
- A2 (MEDIUM): scale_pos_weight - INCORPORATED (comment in Step 2 explains computation from data) ✓[0m[0m
- A3 (MEDIUM): DynamoDB idempotency - flagged as TODO ✓[0m[0m
- N1 (MEDIUM): Geocoding egress - INCORPORATED (NOTE in Step 1 about geocoding API and NAT gateway) ✓[0m[0m
[0m[0m
[1mLOW findings:[22m[0m[0m
- A4 (LOW): Batch transform output parsing - INCORPORATED (comment in Step 3) ✓[0m[0m
- V1 (LOW): Documentation voice - INCORPORATED (SageMaker section rewritten) ✓[0m[0m
- N2 (LOW): Network isolation - INCORPORATED (Step 3 has [38;5;10mnetwork_isolation: true[0m) ✓[0m[0m
[0m[0m
The pseudocode blocks lack language tags, which is a style guide violation per the pass condition "all code blocks have language tags."[0m[0m
[0m[0m
[0m[?25l[0m[0m[?25l[0m[?25l[0m[0m[?25l[0m[?25l[0m[0m[?25l[0m[?25l[0m[0m[?25l[0m[?25l[0m[0m[?25l[0m[?25l[0m[0m[?25l[0m[?25l[0m[0m[?25l[0m[?25l[0m[0m[?25l[0m[?25l[0m[0m[?25l[0m[?25l[0m[0m[?25l[0m[?25l[0m[0m[?25l[0m[?25l[0m[0m[?25l[0m[?25l[0m[0m[?25l[0m[?25l[0m[0m[?25l[0m[?25l[0m[0m[?25l[0m[?25l[0m[0m[?25l[0m[0m[0m
[38;5;8m
 ▸ Credits: 14.27 • Time: 1m 19s

[0m[1G[0m[0m[?25h{"verdict": "fail", "rationale": "Style guide violation: 5 pseudocode blocks and 1 text-diagram block use bare [38;5;10m[0m[38;5;10m fences without language tags (e.g., [0m[38;5;10m[0mtext or [38;5;10m[0m