# parallel_worker header: concurrency_limit=4 batch_id=batch-1781744739983-000007-ed3032b0debdcab6 iteration=1470 task_id=ch03-r08-archsplit persona=TechEditor
[38;5;11mWARNING: [0mDuplicate agent with name [38;5;10mmeshclaw-lite[0m was found in the global directory.
[0m[38;5;9mError: [0mJson supplied at /home/lawsnic/.kiro/agents/AmazonBuilderCoreAIAgents-amzn-builder.json is invalid: unknown field `permissions`, expected one of `$schema`, `name`, `description`, `prompt`, `mcpServers`, `tools`, `toolAliases`, `allowedTools`, `resources`, `hooks`, `toolsSettings`, `includeMcpJson`, `useLegacyMcpJson`, `model`, `keyboardShortcut`, `welcomeMessage` at line 3 column 16
[32mAll tools are now trusted ([0m[31m![0m[32m). Kiro will execute tools without asking for confirmation.[0m
Agents can sometimes do unexpected things so understand the risks.

Learn more at [38;5;141mhttps://kiro.dev/docs/cli/chat/security/#using-tools-trust-all-safely[0m



Batch fs_read operation with [38;5;141m2[0m operations[38;5;244m (using tool: read)[0m

↱ Operation 1: Reading file: [38;5;141m/tmp/ralph-worktrees/iter-1470/chapter03.08-readmission-risk-anomaly-detection.md[0m, all lines
↱ Operation 2: Reading file: [38;5;141m/tmp/ralph-worktrees/iter-1470/chapter03.08-architecture.md[0m, all lines
[38;5;10m ✓ [0mSuccessfully read [38;5;244m57098 bytes[0m from /tmp/ralph-worktrees/iter-1470/chapter03.08-readmission-risk-anomaly-detection.md

[38;5;10m ✓ [0mSuccessfully read [38;5;244m94779 bytes[0m from /tmp/ralph-worktrees/iter-1470/chapter03.08-architecture.md

 ⋮ 

[38;5;244m- [0mSummary: 2 operations processed, 2 successful, 0 failed
[38;5;244m - Completed in 0.0s[0m

[38;5;141m> [0mNow let me check for em dashes, en dashes, and bare code fences in both files:[0m[0m
[0m[0m
Searching for: [38;5;141m—|–[0m in [38;5;141m/tmp/ralph-worktrees/iter-1470[0m ([38;5;141mchapter03.08*[0m)[38;5;244m (using tool: grep)[0mSearching for: [38;5;141m^```$[0m in [38;5;141m/tmp/ralph-worktrees/iter-1470[0m ([38;5;141mchapter03.08*[0m)[38;5;244m (using tool: grep)[0m
[38;5;10m ✓ [0mSuccessfully found [38;5;244m5 matches[0m in [38;5;244m1 files[0m under /tmp/ralph-worktrees/iter-1470
[38;5;244m - Completed in 0.237s[0m


[38;5;10m ✓ [0mSuccessfully found [38;5;244m32 matches[0m in [38;5;244m3 files[0m under /tmp/ralph-worktrees/iter-1470 (result is truncated)
[38;5;244m - Completed in 0.233s[0m

[38;5;141m> [0mGood news: no em dashes or en dashes in the two target files. Now let me check the bare code fences (closing [38;5;10m[0m[38;5;10m[0m [38;5;10m[0m[38;5;10m [0m[38;5;10m[0mSearching for: [38;5;141m^```[0m in [38;5;141m/tmp/ralph-worktrees/iter-1470[0m ([38;5;141mchapter03.08-readmission-risk-anomaly-detection.md[0m)[38;5;244m (using tool: grep)[0mSearching for: [38;5;141m^```[0m in [38;5;141m/tmp/ralph-worktrees/iter-1470[0m ([38;5;141mchapter03.08-architecture.md[0m)[38;5;244m (using tool: grep)[0m
[38;5;10m ✓ [0mSuccessfully found [38;5;244m2 matches[0m in [38;5;244m1 files[0m under /tmp/ralph-worktrees/iter-1470
[38;5;244m - Completed in 0.71s[0m


[38;5;10m ✓ [0mSuccessfully found [38;5;244m22 matches[0m in [38;5;244m1 files[0m under /tmp/ralph-worktrees/iter-1470 (result is truncated)
[38;5;244m - Completed in 0.63s[0m

[38;5;141m> [0mLet me get more context around those lines to determine which are openers vs closers:[0m[0m
Batch fs_read operation with [38;5;141m2[0m operations[38;5;244m (using tool: read)[0m

↱ Operation 1: Reading file: [38;5;141m/tmp/ralph-worktrees/iter-1470/chapter03.08-readmission-risk-anomaly-detection.md[0m, from line [38;5;141m214[0m to [38;5;141m218[0m
↱ Operation 2: Reading file: [38;5;141m/tmp/ralph-worktrees/iter-1470/chapter03.08-readmission-risk-anomaly-detection.md[0m, from line [38;5;141m281[0m to [38;5;141m285[0m
[38;5;10m ✓ [0mSuccessfully read [38;5;244m943 bytes[0m from /tmp/ralph-worktrees/iter-1470/chapter03.08-readmission-risk-anomaly-detection.md

[38;5;10m ✓ [0mSuccessfully read [38;5;244m782 bytes[0m from /tmp/ralph-worktrees/iter-1470/chapter03.08-readmission-risk-anomaly-detection.md

 ⋮ 

[38;5;244m- [0mSummary: 2 operations processed, 2 successful, 0 failed
[38;5;244m - Completed in 0.0s[0m

[38;5;141m> [0mThe main recipe has one bare opening code fence (line 216) for the ASCII architecture diagram. This needs a [38;5;10mtext[0m tag. Now let me check all the opening fences in the architecture file:[0m[0m
Searching: [38;5;141m/tmp/ralph-worktrees/iter-1470/chapter03.08-architecture.md[0m for pattern: [38;5;141m^```[0m[38;5;244m (using tool: read)[0m
[38;5;10m ✓ [0mFound 0 matches for pattern '^```' in /tmp/ralph-worktrees/iter-1470/chapter03.08-architecture.md
[38;5;244m - Completed in 0.0s[0m

Searching for: [38;5;141m^```[0m in [38;5;141m/tmp/ralph-worktrees/iter-1470[0m ([38;5;141mchapter03.08-architecture.md[0m)[38;5;244m (using tool: grep)[0m
[38;5;10m ✓ [0mSuccessfully found [38;5;244m22 matches[0m in [38;5;244m1 files[0m under /tmp/ralph-worktrees/iter-1470 (result is truncated)
[38;5;244m - Completed in 0.45s[0m

[38;5;141m> [0mLet me get more detail with context:[0m[0m
Batch fs_read operation with [38;5;141m3[0m operations[38;5;244m (using tool: read)[0m

↱ Operation 1: Reading file: [38;5;141m/tmp/ralph-worktrees/iter-1470/chapter03.08-architecture.md[0m, from line [38;5;141m133[0m to [38;5;141m137[0m
↱ Operation 2: Reading file: [38;5;141m/tmp/ralph-worktrees/iter-1470/chapter03.08-architecture.md[0m, from line [38;5;141m248[0m to [38;5;141m252[0m
↱ Operation 3: Reading file: [38;5;141m/tmp/ralph-worktrees/iter-1470/chapter03.08-architecture.md[0m, from line [38;5;141m295[0m to [38;5;141m303[0m
[38;5;10m ✓ [0mSuccessfully read [38;5;244m91 bytes[0m from /tmp/ralph-worktrees/iter-1470/chapter03.08-architecture.md

[38;5;10m ✓ [0mSuccessfully read [38;5;244m449 bytes[0m from /tmp/ralph-worktrees/iter-1470/chapter03.08-architecture.md

[38;5;10m ✓ [0mSuccessfully read [38;5;244m386 bytes[0m from /tmp/ralph-worktrees/iter-1470/chapter03.08-architecture.md

 ⋮ 

[38;5;244m- [0mSummary: 3 operations processed, 3 successful, 0 failed
[38;5;244m - Completed in 0.1s[0m

[38;5;141m> [0mSo in the architecture file, line 135 is a [3mclosing[23m fence for the mermaid diagram. Lines 250 and 301 are [3mopening[23m fences for pseudocode blocks that lack language tags. Let me see the full pattern of all code fences in the architecture file more systematically:[0m[0m
I will run the following command: [38;5;141mgrep -n '^```' /tmp/ralph-worktrees/iter-1470/chapter03.08-architecture.md | head -40[0m[38;5;244m (using tool: shell)[0m
Purpose: List all code fence lines in architecture file

55:```mermaid
135:```
250:```
297:```
301:```
353:```
357:```
451:```
455:```
547:```
551:```
662:```
666:```
716:```
720:```
811:```
815:```
898:```
912:```json
987:```
991:```json
1018:```
[38;5;244m - Completed in 0.12s[0m

[38;5;141m> [0mNow I can see the pattern. Opening fences at lines 55 (mermaid), 250, 301, 357, 455, 551, 666, 720, 815, 912 (json), 991 (json). The bare opening fences (250, 301, 357, 455, 551, 666, 720, 815) are pseudocode blocks that need a [38;5;10mpseudocode[0m tag. Closing fences are: 135, 297, 353, 451, 547, 662, 716, 811, 898, 987, 1018.[0m[0m
[0m[0m
Let me verify a couple more to confirm my understanding:[0m[0m
Batch fs_read operation with [38;5;141m2[0m operations[38;5;244m (using tool: read)[0m

↱ Operation 1: Reading file: [38;5;141m/tmp/ralph-worktrees/iter-1470/chapter03.08-architecture.md[0m, from line [38;5;141m355[0m to [38;5;141m359[0m
↱ Operation 2: Reading file: [38;5;141m/tmp/ralph-worktrees/iter-1470/chapter03.08-architecture.md[0m, from line [38;5;141m453[0m to [38;5;141m457[0m
[38;5;10m ✓ [0mSuccessfully read [38;5;244m312 bytes[0m from /tmp/ralph-worktrees/iter-1470/chapter03.08-architecture.md

[38;5;10m ✓ [0mSuccessfully read [38;5;244m333 bytes[0m from /tmp/ralph-worktrees/iter-1470/chapter03.08-architecture.md

 ⋮ 

[38;5;244m- [0mSummary: 2 operations processed, 2 successful, 0 failed
[38;5;244m - Completed in 0.0s[0m

[38;5;141m> [0mConfirmed. All bare opening fences in the architecture file are pseudocode blocks. Now let me also check the main recipe's architecture diagram reference and the architecture callout placement:[0m[0m
[0m[0m
Looking at my analysis of both files, here's what needs fixing:[0m[0m
[0m[0m
1. [1mMain recipe (chapter03.08-readmission-risk-anomaly-detection.md):[22m[0m[0m
   - Line 216: Bare opening [38;5;10m[0m[38;5;10m for the ASCII diagram needs [0mtext[38;5;10m language tag
   - The architecture callout is well placed (after General Architecture Pattern, before The Honest Take)
   - The Honest Take references are clean (no dangling AWS references)
   - Tags section contains some AWS service tags ([0mkinesis[38;5;10m, [0mtimestream[38;5;10m, [0mdynamodb[38;5;10m, etc.) that could be considered dangling references, but these are acceptable as cross-reference navigation aids

2. **Architecture file (chapter03.08-architecture.md):**
   - Lines 250, 301, 357, 455, 551, 666, 720, 815: Bare opening fences for pseudocode blocks need [0mpseudocodeI'll modify the following file: [38;5;141mchapter03.08-readmission-risk-anomaly-detection.md[0m[38;5;244m (using tool: write)[0m
Purpose: Add 'text' language tag to the ASCII architecture diagram code fence

[49m[38;5;9m- 216     [0m:[38;5;9m[49m ```
[0m[49m[38;5;10m+      216[0m:[38;5;10m[49m ```text
[0m[49m[39m  217, 217[0m:[39m[49m ┌────────── POST-DISCHARGE ANOMALY DETECTION PIPELINE ─────────────┐
[0m[K
Updating: [38;5;141mchapter03.08-readmission-risk-anomaly-detection.md[0m
[38;5;244m - Completed in 0.0s[0m

[38;5;141m> [0mNow for the architecture file, I need to replace all 8 bare pseudocode opening fences. Let me do them by finding the unique context around each:[0m[0m
Reading file: [38;5;141m/tmp/ralph-worktrees/iter-1470/chapter03.08-architecture.md[0m, from line [38;5;141m249[0m to [38;5;141m252[0m[38;5;244m (using tool: read)[0m
[38;5;10m ✓ [0mSuccessfully read [38;5;244m126 bytes[0m from /tmp/ralph-worktrees/iter-1470/chapter03.08-architecture.md
[38;5;244m - Completed in 0.0s[0m

I'll modify the following file: [38;5;141mchapter03.08-architecture.md[0m[38;5;244m (using tool: write)[0m
Purpose: Add pseudocode language tag to Step 1 code fence

[49m[38;5;9m- 250     [0m:[38;5;9m[49m ```
[0m[49m[38;5;10m+      250[0m:[38;5;10m[49m ```pseudocode
[0m[49m[39m  251, 251[0m:[39m[49m FUNCTION on_discharge_event(discharge_event):
[0m[49m[39m  252, 252[0m:[39m[49m     // Discharge events come from the EHR feed when an ADT discharge fires.
[0m[K
Updating: [38;5;141mchapter03.08-architecture.md[0m
[38;5;244m - Completed in 0.1s[0m

I'll modify the following file: [38;5;141mchapter03.08-architecture.md[0m[38;5;244m (using tool: write)[0m
Purpose: Add pseudocode language tag to Step 2 first code fence

[49m[38;5;9m- 301     [0m:[38;5;9m[49m ```
[0m[49m[38;5;10m+      301[0m:[38;5;10m[49m ```pseudocode
[0m[49m[39m  302, 302[0m:[39m[49m FUNCTION on_rpm_webhook(webhook_request):
[0m[49m[39m  303, 303[0m:[39m[49m     // Validate the vendor's signature. Reject anything that doesn't validate.
[0m[K
Updating: [38;5;141mchapter03.08-architecture.md[0m
[38;5;244m - Completed in 0.1s[0m

I'll modify the following file: [38;5;141mchapter03.08-architecture.md[0m[38;5;244m (using tool: write)[0m
Purpose: Add pseudocode language tag to Step 3 code fence

[49m[38;5;9m- 357     [0m:[38;5;9m[49m ```
[0m[49m[38;5;10m+      357[0m:[38;5;10m[49m ```pseudocode
[0m[49m[39m  358, 358[0m:[39m[49m FUNCTION on_canonical_event(event):
[0m[49m[39m  359, 359[0m:[39m[49m     // Read current state. Skip events for patients not actively enrolled.
[0m[K
Updating: [38;5;141mchapter03.08-architecture.md[0m
[38;5;244m - Completed in 0.1s[0m

I'll modify the following file: [38;5;141mchapter03.08-architecture.md[0m[38;5;244m (using tool: write)[0m
Purpose: Add pseudocode language tag to Step 4 code fence

[49m[38;5;9m- 455     [0m:[38;5;9m[49m ```
[0m[49m[38;5;10m+      455[0m:[38;5;10m[49m ```pseudocode
[0m[49m[39m  456, 456[0m:[39m[49m FUNCTION daily_scoring_pipeline():
[0m[49m[39m  457, 457[0m:[39m[49m     // Step Functions orchestrates this; broken into stages for retry and observability.
[0m[K
Updating: [38;5;141mchapter03.08-architecture.md[0m
[38;5;244m - Completed in 0.1s[0m

I'll modify the following file: [38;5;141mchapter03.08-architecture.md[0m[38;5;244m (using tool: write)[0m
Purpose: Add pseudocode language tag to Step 5 code fence

[49m[38;5;9m- 551     [0m:[38;5;9m[49m ```
[0m[49m[38;5;10m+      551[0m:[38;5;10m[49m ```pseudocode
[0m[49m[39m  552, 552[0m:[39m[49m FUNCTION compute_features(state):
[0m[49m[39m  553, 553[0m:[39m[49m     features = {}
[0m[K
Updating: [38;5;141mchapter03.08-architecture.md[0m
[38;5;244m - Completed in 0.1s[0m

I'll modify the following file: [38;5;141mchapter03.08-architecture.md[0m[38;5;244m (using tool: write)[0m
Purpose: Add pseudocode language tag to Step 6 code fence

[49m[38;5;9m- 666     [0m:[38;5;9m[49m ```
[0m[49m[38;5;10m+      666[0m:[38;5;10m[49m ```pseudocode
[0m[49m[39m  667, 667[0m:[39m[49m FUNCTION build_explanation(score_record, features, state):
[0m[49m[39m  668, 668[0m:[39m[49m     shap_values = SageMaker.Clarify.ExplainPrediction(
[0m[K
Updating: [38;5;141mchapter03.08-architecture.md[0m
[38;5;244m - Completed in 0.1s[0m

I'll modify the following file: [38;5;141mchapter03.08-architecture.md[0m[38;5;244m (using tool: write)[0m
Purpose: Add pseudocode language tag to Step 7 code fence

[49m[38;5;9m- 720     [0m:[38;5;9m[49m ```
[0m[49m[38;5;10m+      720[0m:[38;5;10m[49m ```pseudocode
[0m[49m[39m  721, 721[0m:[39m[49m FUNCTION build_worklist(date):
[0m[49m[39m  722, 722[0m:[39m[49m     // Pull all scores produced in the last scoring run.
[0m[K
Updating: [38;5;141mchapter03.08-architecture.md[0m
[38;5;244m - Completed in 0.1s[0m

I'll modify the following file: [38;5;141mchapter03.08-architecture.md[0m[38;5;244m (using tool: write)[0m
Purpose: Add pseudocode language tag to Step 8 code fence

[49m[38;5;9m- 815     [0m:[38;5;9m[49m ```
[0m[49m[38;5;10m+      815[0m:[38;5;10m[49m ```pseudocode
[0m[49m[39m  816, 816[0m:[39m[49m FUNCTION on_care_manager_action(action_event):
[0m[49m[39m  817, 817[0m:[39m[49m     state = DynamoDB.GetItem(
[0m[K
Updating: [38;5;141mchapter03.08-architecture.md[0m
[38;5;244m - Completed in 0.1s[0m

[38;5;141m> [0mNow let me verify there are no remaining bare opening fences in either file:[0m[0m
I will run the following command: [38;5;141mgrep -n '^```$' /tmp/ralph-worktrees/iter-1470/chapter03.08-readmission-risk-anomaly-detection.md /tmp/ralph-worktrees/iter-1470/chapter03.08-architecture.md[0m[38;5;244m (using tool: shell)[0m
Purpose: Check for remaining bare code fences (closers are fine, openers are not)

/tmp/ralph-worktrees/iter-1470/chapter03.08-readmission-risk-anomaly-detection.md:283:```
/tmp/ralph-worktrees/iter-1470/chapter03.08-architecture.md:135:```
/tmp/ralph-worktrees/iter-1470/chapter03.08-architecture.md:297:```
/tmp/ralph-worktrees/iter-1470/chapter03.08-architecture.md:353:```
/tmp/ralph-worktrees/iter-1470/chapter03.08-architecture.md:451:```
/tmp/ralph-worktrees/iter-1470/chapter03.08-architecture.md:547:```
/tmp/ralph-worktrees/iter-1470/chapter03.08-architecture.md:662:```
/tmp/ralph-worktrees/iter-1470/chapter03.08-architecture.md:716:```
/tmp/ralph-worktrees/iter-1470/chapter03.08-architecture.md:811:```
/tmp/ralph-worktrees/iter-1470/chapter03.08-architecture.md:898:```
/tmp/ralph-worktrees/iter-1470/chapter03.08-architecture.md:987:```
/tmp/ralph-worktrees/iter-1470/chapter03.08-architecture.md:1018:```
[38;5;244m - Completed in 0.14s[0m

[38;5;141m> [0mThese should all be closing fences now. Let me verify by checking the context of line 283 in the main recipe:[0m[0m
Reading file: [38;5;141m/tmp/ralph-worktrees/iter-1470/chapter03.08-readmission-risk-anomaly-detection.md[0m, from line [38;5;141m281[0m to [38;5;141m284[0m[38;5;244m (using tool: read)[0m
[38;5;10m ✓ [0mSuccessfully read [38;5;244m282 bytes[0m from /tmp/ralph-worktrees/iter-1470/chapter03.08-readmission-risk-anomaly-detection.md
[38;5;244m - Completed in 0.0s[0m

[38;5;141m> [0mGood, that's a closing fence. Now let me check a few in the architecture file to confirm they're all closers:[0m[0m
I will run the following command: [38;5;141mfor line in 297 353 451 547 662 716 811 898 987 1018; do echo "Line $line:"; sed -n "$((line-1)),$((line))p" /tmp/ralph-worktrees/iter-1470/chapter03.08-architecture.md; echo "---"; done[0m[38;5;244m (using tool: shell)[0m
Purpose: Verify all remaining bare fences are closers

Line 297:
    )
```
---
Line 353:
    )
```
---
Line 451:
        )
```
---
Line 547:
    return score_record
```
---
Line 662:
    return features
```
---
Line 716:
    }
```
---
Line 811:
    return { suppressed: false }
```
---
Line 898:
        DynamoDB.PutItem(table = "patient-state", item = state)
```
---
Line 987:
}
```
---
Line 1018:
}
```
---
[38;5;244m - Completed in 0.37s[0m

[38;5;141m> [0mAll confirmed as closing fences. Now let me check the transition seams more carefully. The main recipe's architecture callout and the surrounding text:[0m[0m
Reading file: [38;5;141m/tmp/ralph-worktrees/iter-1470/chapter03.08-readmission-risk-anomaly-detection.md[0m, from line [38;5;141m284[0m to [38;5;141m295[0m[38;5;244m (using tool: read)[0m
[38;5;10m ✓ [0mSuccessfully read [38;5;244m2003 bytes[0m from /tmp/ralph-worktrees/iter-1470/chapter03.08-readmission-risk-anomaly-detection.md
[38;5;244m - Completed in 0.0s[0m

Reading file: [38;5;141m/tmp/ralph-worktrees/iter-1470/chapter03.08-readmission-risk-anomaly-detection.md[0m, from line [38;5;141m296[0m to [38;5;141m320[0m[38;5;244m (using tool: read)[0m
[38;5;10m ✓ [0mSuccessfully read [38;5;244m4994 bytes[0m from /tmp/ralph-worktrees/iter-1470/chapter03.08-readmission-risk-anomaly-detection.md
[38;5;244m - Completed in 0.0s[0m

[38;5;141m> [0mThe transition seams look clean. The main recipe's General Architecture section is purely vendor-agnostic (talks about concepts like "Scoring service," "Worklist builder," "Feature engine" without naming AWS services). The architecture callout is well placed between the General Architecture and The Honest Take. The Honest Take references "the Basic tier in the Estimated Implementation Time table" which lives in the architecture companion. Let me check if this is a dangling reference:[0m[0m
Searching for: [38;5;141mEstimated Implementation Time[0m in [38;5;141m/tmp/ralph-worktrees/iter-1470[0m ([38;5;141mchapter03.08-architecture.md[0m)[38;5;244m (using tool: grep)[0m
[38;5;10m ✓ [0mSuccessfully found [38;5;244m1 matches[0m in [38;5;244m1 files[0m under /tmp/ralph-worktrees/iter-1470
[38;5;244m - Completed in 0.55s[0m

[38;5;141m> [0mYes, The Honest Take says "(The Basic tier in the Estimated Implementation Time table reflects exactly this discipline...)" which refers to a table that now lives in the architecture companion. This is a dangling reference that should be softened. Let me fix it:[0m[0m
I'll modify the following file: [38;5;141mchapter03.08-readmission-risk-anomaly-detection.md[0m[38;5;244m (using tool: write)[0m
Purpose: Fix dangling reference to Estimated Implementation Time table by linking to architecture companion

[49m[38;5;9m- 314     [0m:[38;5;9m[49m Build the workflow first. Build the model into it second. (The Basic tier in the Estimated Implementation Time table reflects exactly this discipline: a control-chart-only deployment with full workflow and governance in 4-8 months, before the gradient-boosted composite model enters the picture.)
[0m[49m[38;5;10m+      314[0m:[38;5;10m[49m Build the workflow first. Build the model into it second. (The Basic tier in the [Architecture companion's](chapter03.08-architecture) Estimated Implementation Time table reflects exactly this discipline: a control-chart-only deployment with full workflow and governance in 4-8 months, before the gradient-boosted composite model enters the picture.)
[0m[K
Updating: [38;5;141mchapter03.08-readmission-risk-anomaly-detection.md[0m
[38;5;244m - Completed in 0.0s[0m

[38;5;141m> [0mNow let me check the architecture companion's opening to make sure it reads cleanly as a standalone entry point:[0m[0m
Reading file: [38;5;141m/tmp/ralph-worktrees/iter-1470/chapter03.08-architecture.md[0m, from line [38;5;141m1[0m to [38;5;141m10[0m[38;5;244m (using tool: read)[0m
[38;5;10m ✓ [0mSuccessfully read [38;5;244m413 bytes[0m from /tmp/ralph-worktrees/iter-1470/chapter03.08-architecture.md
[38;5;244m - Completed in 0.0s[0m

[38;5;141m> [0mThe architecture companion opens cleanly with a backlink to the main recipe and clear scope statement. This reads well as a standalone entry point.[0m[0m
[0m[0m
Let me do a final verification pass for em dashes and en dashes across both files:[0m[0m
I will run the following command: [38;5;141mgrep -Pn '[\x{2014}\x{2013}]' /tmp/ralph-worktrees/iter-1470/chapter03.08-readmission-risk-anomaly-detection.md /tmp/ralph-worktrees/iter-1470/chapter03.08-architecture.md 2>/dev/null || echo "No matches found"[0m[38;5;244m (using tool: shell)[0m
Purpose: Final check for em dashes and en dashes in both files

No matches found
[38;5;244m - Completed in 0.17s[0m

I will run the following command: [38;5;141mgrep -n '—\|–' /tmp/ralph-worktrees/iter-1470/chapter03.08-readmission-risk-anomaly-detection.md /tmp/ralph-worktrees/iter-1470/chapter03.08-architecture.md 2>/dev/null || echo "No matches found"[0m[38;5;244m (using tool: shell)[0m
Purpose: Alternative em/en dash check

No matches found
[38;5;244m - Completed in 0.13s[0m

[38;5;141m> [0mClean. Let me also verify there are no remaining bare opening fences:[0m[0m
I will run the following command: [38;5;141mgrep -n '^```$' /tmp/ralph-worktrees/iter-1470/chapter03.08-readmission-risk-anomaly-detection.md /tmp/ralph-worktrees/iter-1470/chapter03.08-architecture.md | while read line; do
  file=$(echo "$line" | cut -d: -f1)
  num=$(echo "$line" | cut -d: -f2)
  prev=$(sed -n "$((num-1))p" "$file")
  # If prev line doesn't end with content that looks like code, it might be an opener
  echo "$line | prev: $prev"
done[0m[38;5;244m (using tool: shell)[0m
Purpose: Verify all bare fences are closers by checking preceding line

/tmp/ralph-worktrees/iter-1470/chapter03.08-readmission-risk-anomaly-detection.md:283:``` | prev: └──────────────────────────────────────────────────────────────────┘
/tmp/ralph-worktrees/iter-1470/chapter03.08-architecture.md:135:``` | prev:     style U fill:#ffc,stroke:#333
/tmp/ralph-worktrees/iter-1470/chapter03.08-architecture.md:297:``` | prev:     )
/tmp/ralph-worktrees/iter-1470/chapter03.08-architecture.md:353:``` | prev:     )
/tmp/ralph-worktrees/iter-1470/chapter03.08-architecture.md:451:``` | prev:         )
/tmp/ralph-worktrees/iter-1470/chapter03.08-architecture.md:547:``` | prev:     return score_record
/tmp/ralph-worktrees/iter-1470/chapter03.08-architecture.md:662:``` | prev:     return features
/tmp/ralph-worktrees/iter-1470/chapter03.08-architecture.md:716:``` | prev:     }
/tmp/ralph-worktrees/iter-1470/chapter03.08-architecture.md:811:``` | prev:     return { suppressed: false }
/tmp/ralph-worktrees/iter-1470/chapter03.08-architecture.md:898:``` | prev:         DynamoDB.PutItem(table = "patient-state", item = state)
/tmp/ralph-worktrees/iter-1470/chapter03.08-architecture.md:987:``` | prev: }
/tmp/ralph-worktrees/iter-1470/chapter03.08-architecture.md:1018:``` | prev: }
[38;5;244m - Completed in 0.80s[0m

[38;5;141m> [0mAll confirmed as closing fences (preceded by code content, not preceded by a blank line or a header which would indicate an opener).[0m[0m
[0m[0m
Now let me do a quick check on a few other editorial concerns. Let me scan the main recipe for any voice-drift issues and verify the section order matches the RECIPE-GUIDE spec:[0m[0m
I will run the following command: [38;5;141mgrep -n '^## \|^# ' /tmp/ralph-worktrees/iter-1470/chapter03.08-readmission-risk-anomaly-detection.md[0m[38;5;244m (using tool: shell)[0m
Purpose: Check header hierarchy in main recipe

1:# Recipe 3.8: Readmission Risk Anomaly Detection ⭐
7:## The Problem
49:## The Technology
212:## General Architecture Pattern
312:## The Honest Take
340:## Related Recipes
354:## Tags
[38;5;244m - Completed in 0.14s[0m

I will run the following command: [38;5;141mgrep -n '^## \|^# \|^### ' /tmp/ralph-worktrees/iter-1470/chapter03.08-architecture.md | head -30[0m[38;5;244m (using tool: shell)[0m
Purpose: Check header hierarchy in architecture file

1:# Recipe 3.8 Architecture and Implementation: Readmission Risk Anomaly Detection
7:## The AWS Implementation
9:### Why These Services
53:### Architecture Diagram
137:### Prerequisites
154:### Ingredients
199:### Code
904:### Expected Results
1051:## Why This Isn't Production-Ready
1087:## Variations and Extensions
1123:## Additional Resources
1198:## Estimated Implementation Time
[38;5;244m - Completed in 0.13s[0m

[38;5;141m> [0mMain recipe section order: The Problem → The Technology → General Architecture Pattern → (callout) → The Honest Take → Related Recipes → Tags. This matches the RECIPE-GUIDE spec for the main file.[0m[0m
[0m[0m
Architecture companion: Why These Services → Architecture Diagram → Prerequisites → Ingredients → Code (with Walkthrough) → Expected Results → Why This Isn't Production-Ready → Variations and Extensions → Additional Resources → Estimated Implementation Time. This matches the expected structure for an architecture companion.[0m[0m
[0m[0m
Let me check for documentation-voice patterns:[0m[0m
I will run the following command: [38;5;141mgrep -in "this recipe demonstrates\|we are excited\|AWS architects, we need" /tmp/ralph-worktrees/iter-1470/chapter03.08-readmission-risk-anomaly-detection.md /tmp/ralph-worktrees/iter-1470/chapter03.08-architecture.md || echo "None found"[0m[38;5;244m (using tool: shell)[0m
Purpose: Check for documentation-voice anti-patterns

None found
[38;5;244m - Completed in 0.16s[0m

[38;5;141m> [0mGood. Both files are clean. Let me do a final read of the callout in context to make sure it flows well:[0m[0m
Reading file: [38;5;141m/tmp/ralph-worktrees/iter-1470/chapter03.08-readmission-risk-anomaly-detection.md[0m, from line [38;5;141m308[0m to [38;5;141m316[0m[38;5;244m (using tool: read)[0m
[38;5;10m ✓ [0mSuccessfully read [38;5;244m2112 bytes[0m from /tmp/ralph-worktrees/iter-1470/chapter03.08-readmission-risk-anomaly-detection.md
[38;5;244m - Completed in 0.5s[0m

[38;5;141m> [0mClean. The callout is well placed, and the Honest Take's reference to the Estimated Implementation Time table now correctly links to the architecture companion rather than dangling.[0m[0m
[0m[0m
Let me also verify the Tags section in the main recipe doesn't have AWS service tags that would confuse readers of the standalone main file. Looking at line 354+:[0m[0m
Reading file: [38;5;141m/tmp/ralph-worktrees/iter-1470/chapter03.08-readmission-risk-anomaly-detection.md[0m, from line [38;5;141m354[0m to [38;5;141m358[0m[38;5;244m (using tool: read)[0m
[38;5;10m ✓ [0mSuccessfully read [38;5;244m843 bytes[0m from /tmp/ralph-worktrees/iter-1470/chapter03.08-readmission-risk-anomaly-detection.md
[38;5;244m - Completed in 0.0s[0m

[38;5;141m> [0mThe tags include AWS service names ([38;5;10mkinesis[0m, [38;5;10mtimestream[0m, [38;5;10mdynamodb[0m, [38;5;10mopensearch[0m, [38;5;10meventbridge[0m, [38;5;10msagemaker[0m, [38;5;10mappsync[0m, [38;5;10mstep-functions[0m, [38;5;10mclarify[0m, [38;5;10mmodel-monitor[0m, [38;5;10mmodel-registry[0m, [38;5;10mbedrock[0m, [38;5;10mcomprehend-medical[0m, [38;5;10mfeature-store[0m). Per the task instructions, I should not move sections or rewrite content. Tags serve as navigational cross-references across the cookbook and are standard in the recipe format. They don't "dangle" in the same way prose references do. I'll leave them as-is since they serve discovery purposes and removing them would be content removal beyond the scope of this seam-polishing task.[0m[0m
[0m[0m
Both files now read as coherent standalone documents:[0m[0m
- The main recipe is vendor-agnostic through The Problem, The Technology, and General Architecture Pattern, with a clear callout directing readers to the companion for AWS specifics.[0m[0m
- The architecture companion opens with a clear backlink and scope statement.[0m[0m
- No dangling references remain in The Honest Take.[0m[0m
- All code fences have language tags.[0m[0m
- No em dashes or en dashes present.[0m[0m
- All existing TODO markers are preserved.[0m[0m
[0m[0m
━━━━━━━━━━━━━━━━━━━━━━━━━━━━━━━━━━━━━━━━
[0m[0m
[0m[0m
[1mSummary of changes made:[22m[0m[0m
[0m[0m
1. [1mchapter03.08-readmission-risk-anomaly-detection.md:[22m[0m[0m
   - Added [38;5;10mtext[0m language tag to the ASCII architecture diagram code fence (line 216)[0m[0m
   - Fixed dangling reference in The Honest Take: "The Basic tier in the Estimated Implementation Time table" now links to the architecture companion explicitly[0m[0m
[0m[0m
2. [1mchapter03.08-architecture.md:[22m[0m[0m
[38;5;252m[0m[?25l[?25l[0m[0m[?25l[0m[?25l[?25l[0m[0m[?25l[0m[?25l[?25l[0m[0m[?25l[0m[?25l[0m[0m[?25l[0m[?25l[0m[0m[?25l[0m[?25l[0m[0m[?25l[0m[?25l[0m[0m[?25l[0m[?25l[0m[0m[?25l[0m[?25l[0m[0m[?25l[0m[?25l[0m[0m[?25l[0m[?25l[0m[0m[?25l[0m[?25l[0m[0m[?25l[0m[?25l[0m[0m[?25l[0m[?25l[0m[0m[?25l[0m[?25l[0m[0m[?25l[0m[?25l[0m[0m[?25l[0m[?25l[0m[0m[?25l[0m[?25l[0m[0m[?25l[0m[?25l[0m[0m[?25l[0m[?25l[0m[0m[?25l[0m[?25l[0m[0m[?25l[0m[?25l[0m[0m[?25l[0m[?25l[0m[0m[?25l[0m[?25l[0m[0m[?25l[0m[?25l[0m[0m[?25l[0m[?25l[0m[0m[?25l[0m[?25l[0m[0m[?25l[0m[?25l[0m[0m[?25l[0m[?25l[0m[0m[?25l[0m[?25l[0m[0m[?25l[0m[?25l[0m[0m[?25l[0m[?25l[0m[0m[?25l[0m[?25l[0m[0m[?25l[0m[?25l[0m[0m[?25l[0m[?25l[0m[0m[?25l[0m[0m[0m
[38;5;8m
 ▸ Credits: 24.72 • Time: 2m 58s

[0m[1G[0m[0m[?25h   - Added [38;5;10mpseudocode[0m language tags to 8 bare opening code fences (Steps 1-8 pseudocode blocks)[38;5;11mWARNING: [0mDuplicate agent with name [38;5;10mmeshclaw-lite[0m was found in the global directory.
[0m[38;5;9mError: [0mJson supplied at /home/lawsnic/.kiro/agents/AmazonBuilderCoreAIAgents-amzn-builder.json is invalid: unknown field `permissions`, expected one of `$schema`, `name`, `description`, `prompt`, `mcpServers`, `tools`, `toolAliases`, `allowedTools`, `resources`, `hooks`, `toolsSettings`, `includeMcpJson`, `useLegacyMcpJson`, `model`, `keyboardShortcut`, `welcomeMessage` at line 3 column 16
[32mAll tools are now trusted ([0m[31m![0m[32m). Kiro will execute tools without asking for confirmation.[0m
Agents can sometimes do unexpected things so understand the risks.

Learn more at [38;5;141mhttps://kiro.dev/docs/cli/chat/security/#using-tools-trust-all-safely[0m



Batch fs_read operation with [38;5;141m2[0m operations[38;5;244m (using tool: read)[0m

↱ Operation 1: Reading file: [38;5;141m/tmp/ralph-worktrees/iter-1470/chapter03.08-readmission-risk-anomaly-detection.md[0m, all lines
↱ Operation 2: Reading file: [38;5;141m/tmp/ralph-worktrees/iter-1470/chapter03.08-architecture.md[0m, all lines
[38;5;10m ✓ [0mSuccessfully read [38;5;244m57156 bytes[0m from /tmp/ralph-worktrees/iter-1470/chapter03.08-readmission-risk-anomaly-detection.md

[38;5;10m ✓ [0mSuccessfully read [38;5;244m94859 bytes[0m from /tmp/ralph-worktrees/iter-1470/chapter03.08-architecture.md

 ⋮ 

[38;5;244m- [0mSummary: 2 operations processed, 2 successful, 0 failed
[38;5;244m - Completed in 0.1s[0m

[38;5;141m> [0mNow I need to check for:[0m[0m
1. The main recipe reads as coherent standalone (The Problem, The Technology, General Architecture, The Honest Take) with a working callout to the architecture companion[0m[0m
2. No dangling references to AWS content that moved to the companion[0m[0m
3. The architecture companion reads standalone with a backlink to the main recipe and intact pseudocode[0m[0m
4. No em dashes[0m[0m
[0m[0m
Let me search for em dashes in both files:[0m[0m
Searching for: [38;5;141m—[0m in [38;5;141m/tmp/ralph-worktrees/iter-1470[0m ([38;5;141mchapter03.08*[0m)[38;5;244m (using tool: grep)[0m
[38;5;10m ✓ [0mSuccessfully found [38;5;244m5 matches[0m in [38;5;244m1 files[0m under /tmp/ralph-worktrees/iter-1470
[38;5;244m - Completed in 0.283s[0m

[38;5;141m> [0mNo em dashes in the main recipe or architecture companion files. Now let me verify the main recipe's structure - checking that the callout to architecture companion is properly placed and that there are no dangling AWS references in the General Architecture and Honest Take sections.[0m[0m
[0m[0m
Looking at the main recipe:[0m[0m
[0m[0m
1. [1mStructure[22m: The Problem ✓, The Technology ✓, General Architecture Pattern ✓, The Honest Take ✓[0m[0m
2. [1mArchitecture callout[22m: Present as a blockquote between General Architecture and The Honest Take: [38;5;10m> **The AWS build lives in a companion page.** ... see the [Architecture and Implementation companion](chapter03.08-architecture).[0m[0m[0m
3. [1mThe Honest Take[22m: References the companion once: [38;5;10m(The Basic tier in the [Architecture companion's](chapter03.08-architecture) Estimated Implementation Time table reflects exactly this discipline...)[0m - this is a valid cross-reference, not a dangling reference to moved content.[0m[0m
4. [1mGeneral Architecture Pattern[22m: Describes the architecture in vendor-agnostic terms (streaming ingest, patient state store, trajectory history, feature engine, scoring service, worklist builder, etc.) without AWS-specific service names. ✓[0m[0m
[0m[0m
5. [1mArchitecture companion[22m: Opens with a clear backlink: [38;5;10m*Companion to [Recipe 3.8: Readmission Risk Anomaly Detection](chapter03.08-readmission-risk-anomaly-detection). This page covers the AWS architecture, services, prerequisites, and pseudocode. For the problem framing and the conceptual approach, start with the main recipe.*[0m ✓[0m[0m
[0m[0m
6. [1mPseudocode intact in companion[22m: Steps 1-8 all present with full pseudocode blocks ✓[0m[0m
[0m[0m
7. [1mNo em dashes[22m in either the main recipe or the architecture companion ✓[0m[0m
[0m[0m
Let me also check for any stray AWS service references in the main recipe's General Architecture or Honest Take sections that might be dangling references:[0m[0m
Searching for: [38;5;141mSageMaker|Bedrock|Lambda|DynamoDB|Kinesis|Timestream|EventBridge|OpenSearch|CloudWatch|Step Functions|AppSync|Comprehend|HealthLake|QuickSight|Athena[0m in [38;5;141m/tmp/ralph-worktrees/iter-1470/chapter03.08-readmission-risk-anomaly-detection.md[0m[38;5;244m (using tool: grep)[0m
[38;5;10m ✓ [0mSuccessfully found [38;5;244m1 matches[0m in [38;5;244m1 files[0m under /tmp/ralph-worktrees/iter-1470/chapter03.08-readmission-risk-anomaly-detection.md
[38;5;244m - Completed in 0.16s[0m

[38;5;141m> [0mThe only AWS service references in the main recipe are in the Tags section at the very bottom, which are metadata tags, not prose references. The General Architecture section and The Honest Take section are clean of AWS-specific service names.[0m[0m
[0m[0m
[38;5;252m[0m[?25l[?25l[0m[0m[?25l[0m[?25l[0m[0m[?25l[0m[?25l[0m[0m[?25l[0m[0m[0m
[38;5;8m
 ▸ Credits: 3.01 • Time: 32s

[0m[1G[0m[0m[?25h{"verdict": "pass", "rationale": "Main recipe is coherent standalone with The Problem, The Technology, General Architecture (vendor-agnostic), and The Honest Take sections. Architecture callout is well-placed between General Architecture and The Honest Take. The Honest Take's single reference to the companion ('Basic tier in the Architecture companion's Estimated Implementation Time table') is a valid cross-reference, not a dangling reference to moved AWS content. The architecture companion opens with a clear backlink to the main recipe and contains intact pseudocode (Steps 1-8). No AWS service names appear in the main recipe's prose sections (only in the Tags metadata). No em dashes found in either file."}