# parallel_worker header: concurrency_limit=2 batch_id=batch-1780300548635-000149-6712753c6e32f1f6 iteration=1081 task_id=ch14-r10-draft persona=TechWriter
[38;5;11mWARNING: [0mDuplicate agent with name [38;5;10mmeshclaw-lite[0m was found in the global directory.
[0m[32mAll tools are now trusted ([0m[31m![0m[32m). Kiro will execute tools without asking for confirmation.[0m
Agents can sometimes do unexpected things so understand the risks.

Learn more at [38;5;141mhttps://kiro.dev/docs/cli/chat/security/#using-tools-trust-all-safely[0m



[38;5;141m> [0mI'll start by reading the style guide, recipe guide, and a reference recipe from Chapter 1 to match the expected format and voice.[0m[0m
[0m[0m
Batch fs_read operation with [38;5;141m2[0m operations[38;5;244m (using tool: read)[0m

↱ Operation 1: Reading file: [38;5;141m/tmp/ralph-worktrees/iter-1081/STYLE-GUIDE.md[0m, all lines
↱ Operation 2: Reading file: [38;5;141m/tmp/ralph-worktrees/iter-1081/RECIPE-GUIDE.md[0m, all linesReading directory: [38;5;141m/tmp/ralph-worktrees/iter-1081[0m[38;5;244m (using tool: read, max depth: 1, max entries: 1000, excluding: defaults)[0m
[38;5;10m ✓ [0mSuccessfully read [38;5;244m3731 bytes[0m from /tmp/ralph-worktrees/iter-1081/STYLE-GUIDE.md

[38;5;10m ✓ [0mSuccessfully read [38;5;244m9026 bytes[0m from /tmp/ralph-worktrees/iter-1081/RECIPE-GUIDE.md

 ⋮ 

[38;5;244m- [0mSummary: 2 operations processed, 2 successful, 0 failed
[38;5;244m - Completed in 0.0s[0m


[38;5;10m ✓ [0mSuccessfully read directory [38;5;141m/tmp/ralph-worktrees/iter-1081[0m [38;5;244m(showing 1000 of 2501 entries, offset: 0)[0m
[38;5;244m - Completed in 0.149s[0m

[38;5;141m> [0mNow let me look at a Chapter 1 recipe and the Chapter 14 planning doc for reference:[0m[0m
Batch fs_read operation with [38;5;141m2[0m operations[38;5;244m (using tool: read)[0m

↱ Operation 1: Reading file: [38;5;141m/tmp/ralph-worktrees/iter-1081/categories/14-optimization.md[0m, all lines
↱ Operation 2: Reading file: [38;5;141m/tmp/ralph-worktrees/iter-1081/chapter01.01-insurance-card-scanning.md[0m, from line [38;5;141m1[0m to [38;5;141m80[0m
[38;5;10m ✓ [0mSuccessfully read [38;5;244m4249 bytes[0m from /tmp/ralph-worktrees/iter-1081/categories/14-optimization.md

[38;5;10m ✓ [0mSuccessfully read [38;5;244m7722 bytes[0m from /tmp/ralph-worktrees/iter-1081/chapter01.01-insurance-card-scanning.md

 ⋮ 

[38;5;244m- [0mSummary: 2 operations processed, 2 successful, 0 failed
[38;5;244m - Completed in 0.0s[0m

[38;5;141m> [0mI have enough context now. Let me also check the [38;5;10m_Sidebar.md[0m and look at an existing Chapter 14 recipe for style reference:[0m[0m
[0m[0m
Reading file: [38;5;141m/tmp/ralph-worktrees/iter-1081/_Sidebar.md[0m, from line [38;5;141m1[0m to [38;5;141m50[0m[38;5;244m (using tool: read)[0mSearching for files: [38;5;141mchapter14.*[0m in [38;5;141m/tmp/ralph-worktrees/iter-1081[0m[38;5;244m (using tool: glob)[0m
[38;5;10m ✓ [0mSuccessfully read [38;5;244m2267 bytes[0m from /tmp/ralph-worktrees/iter-1081/_Sidebar.md
[38;5;244m - Completed in 0.0s[0m


[38;5;10m ✓ [0mSuccessfully found [38;5;244m37 files[0m under /tmp/ralph-worktrees/iter-1081
[38;5;244m - Completed in 0.11s[0m

[38;5;141m> [0mLet me see the end of the sidebar to understand the Chapter 14 section:[0m[0m
[0m[0m
Searching: [38;5;141m/tmp/ralph-worktrees/iter-1081/_Sidebar.md[0m for pattern: [38;5;141mch 14[0m[38;5;244m (using tool: read)[0mReading file: [38;5;141m/tmp/ralph-worktrees/iter-1081/chapter14.09-chemotherapy-scheduling.md[0m, from line [38;5;141m1[0m to [38;5;141m100[0m[38;5;244m (using tool: read)[0m
[38;5;10m ✓ [0mFound 1 matches for pattern 'Ch 14' in /tmp/ralph-worktrees/iter-1081/_Sidebar.md
[38;5;244m - Completed in 0.0s[0m


[38;5;10m ✓ [0mSuccessfully read [38;5;244m10516 bytes[0m from /tmp/ralph-worktrees/iter-1081/chapter14.09-chemotherapy-scheduling.md
[38;5;244m - Completed in 0.0s[0m

[38;5;141m> [0mI have a solid understanding of the style, structure, and voice. Now let me write the recipe for 14.10 Health System Network Design:[0m[0m
I'll create the following file: [38;5;141m/tmp/ralph-worktrees/iter-1081/chapter14.10-health-system-network-design.md[0m[38;5;244m (using tool: write)[0m

[49m[38;5;10m+      1[0m:[38;5;10m[49m # Recipe 14.10: Health System Network Design
[0m[49m[38;5;10m+      2[0m:[38;5;10m[49m 
[0m[49m[38;5;10m+      3[0m:[38;5;10m[49m **Complexity:** Complex · **Phase:** Strategic Planning · **Estimated Cost:** ~$5,000–25,000/month for ongoing optimization platform; individual studies $50,000–200,000 in consulting-equivalent effort
[0m[49m[38;5;10m+      4[0m:[38;5;10m[49m 
[0m[49m[38;5;10m+      5[0m:[38;5;10m[49m ---
[0m[49m[38;5;10m+      6[0m:[38;5;10m[49m 
[0m[49m[38;5;10m+      7[0m:[38;5;10m[49m ## The Problem
[0m[49m[38;5;10m+      8[0m:[38;5;10m[49m 
[0m[49m[38;5;10m+      9[0m:[38;5;10m[49m A regional health system with 12 hospitals, 45 ambulatory clinics, and 3 freestanding emergency departments is trying to answer a question that sounds simple: where should we put the new cancer center?
[0m[49m[38;5;10m+     10[0m:[38;5;10m[49m 
[0m[49m[38;5;10m+     11[0m:[38;5;10m[49m The CFO wants it near the affluent suburbs (better payer mix). The CMO wants it near the academic medical center (physician recruitment, clinical trials). The COO wants it co-located with the existing surgical hospital (shared infrastructure). Community advocates want it in the underserved corridor on the south side (access equity). The board wants all of these things simultaneously, and they want a data-driven answer by next quarter.
[0m[49m[38;5;10m+     12[0m:[38;5;10m[49m 
[0m[49m[38;5;10m+     13[0m:[38;5;10m[49m This is health system network design. It's the problem of deciding what services go where, how much capacity each location needs, and how patients will flow across the network. It's one of the highest-stakes optimization problems in healthcare because the decisions are expensive (a new facility is $200M+), slow to reverse (you can't un-build a hospital), and have decade-long consequences for community health outcomes.
[0m[49m[38;5;10m+     14[0m:[38;5;10m[49m 
[0m[49m[38;5;10m+     15[0m:[38;5;10m[49m Most health systems today make these decisions through a combination of market analysis reports (purchased from consulting firms at $500K a pop), executive intuition, political negotiation, and competitive reaction ("they're building there, so we need to build here"). The analysis is often static: a point-in-time snapshot of demographics, drive times, and market share. It doesn't model how patients will actually redistribute when you change the network. It doesn't account for competitor responses. It doesn't quantify the tradeoffs between access, quality, cost, and growth.
[0m[49m[38;5;10m+     16[0m:[38;5;10m[49m 
[0m[49m[38;5;10m+     17[0m:[38;5;10m[49m The result is predictable. Health systems over-build in competitive markets (three cardiac surgery programs within 10 miles, none at full volume) and under-invest in growing communities. They duplicate expensive service lines across facilities instead of concentrating volume where outcomes are best. They close rural access points to save money without modeling the downstream effects on emergency department utilization 30 miles away.
[0m[49m[38;5;10m+     18[0m:[38;5;10m[49m 
[0m[49m[38;5;10m+     19[0m:[38;5;10m[49m Network design optimization doesn't eliminate the politics. But it gives you a quantitative framework for understanding what you're trading off. "If we put the cancer center downtown, we gain 12% market share in the south corridor but lose 4% in the northwest suburbs. If we split into two smaller sites, capital cost increases 35% but drive-time access improves for 80,000 additional residents." That's the kind of analysis that turns a boardroom argument into a structured decision.
[0m[49m[38;5;10m+     20[0m:[38;5;10m[49m 
[0m[49m[38;5;10m+     21[0m:[38;5;10m[49m Let's talk about how to build it.
[0m[49m[38;5;10m+     22[0m:[38;5;10m[49m 
[0m[49m[38;5;10m+     23[0m:[38;5;10m[49m ---
[0m[49m[38;5;10m+     24[0m:[38;5;10m[49m 
[0m[49m[38;5;10m+     25[0m:[38;5;10m[49m ## The Technology: Facility Location and Network Optimization
[0m[49m[38;5;10m+     26[0m:[38;5;10m[49m 
[0m[49m[38;5;10m+     27[0m:[38;5;10m[49m ### The Classic Facility Location Problem
[0m[49m[38;5;10m+     28[0m:[38;5;10m[49m 
[0m[49m[38;5;10m+     29[0m:[38;5;10m[49m Network design in healthcare is a variant of the facility location problem, one of the oldest and most studied problems in operations research. The basic version goes like this: you have a set of potential locations where you could place facilities, a set of demand points (where patients live), and you want to choose which locations to open and how to assign demand to facilities to minimize total cost (or maximize coverage, or minimize travel time).
[0m[49m[38;5;10m+     30[0m:[38;5;10m[49m 
[0m[49m[38;5;10m+     31[0m:[38;5;10m[49m The simplest formulation is the p-median problem: place exactly p facilities to minimize the total weighted distance between demand points and their nearest facility. It's elegant, well-understood, and completely inadequate for real healthcare network design. But it's a useful starting point for understanding the structure.
[0m[49m[38;5;10m+     32[0m:[38;5;10m[49m 
[0m[49m[38;5;10m+     33[0m:[38;5;10m[49m Why inadequate? Because healthcare networks have characteristics that blow up the simple model:
[0m[49m[38;5;10m+     34[0m:[38;5;10m[49m 
[0m[49m[38;5;10m+     35[0m:[38;5;10m[49m **Capacity constraints.** A hospital can't serve unlimited demand. Each facility has a maximum throughput determined by beds, ORs, staff, and physical space. The optimization must respect these limits, which means some patients might not go to their nearest facility.
[0m[49m[38;5;10m+     36[0m:[38;5;10m[49m 
[0m[49m[38;5;10m+     37[0m:[38;5;10m[49m **Service line differentiation.** Not every facility offers every service. You might have cardiac surgery at 3 of your 12 hospitals, labor and delivery at 6, and primary care at all 45 clinics. The network design problem is really a collection of coupled sub-problems: one per service line, linked by shared infrastructure and patient flow patterns.
[0m[49m[38;5;10m+     38[0m:[38;5;10m[49m 
[0m[49m[38;5;10m+     39[0m:[38;5;10m[49m **Quality-volume relationships.** For complex procedures (cardiac surgery, cancer surgery, transplant), higher volume correlates with better outcomes. This creates a tension: concentrating volume improves quality but reduces geographic access. The optimization needs to model this tradeoff explicitly.
[0m[49m[38;5;10m+     40[0m:[38;5;10m[49m 
[0m[49m[38;5;10m+     41[0m:[38;5;10m[49m **Patient choice.** Patients don't always go to the nearest facility. They choose based on reputation, physician relationships, wait times, insurance networks, and personal preference. A gravity model or discrete choice model is needed to predict patient flow realistically.
[0m[49m[38;5;10m+     42[0m:[38;5;10m[49m 
[0m[49m[38;5;10m+     43[0m:[38;5;10m[49m **Competitive dynamics.** You're not optimizing in a vacuum. Competitors are making their own network decisions. If you close a service line, competitors may absorb that volume. If you open a new facility, competitors may respond. Game-theoretic considerations matter for strategic decisions.
[0m[49m[38;5;10m+     44[0m:[38;5;10m[49m 
[0m[49m[38;5;10m+     45[0m:[38;5;10m[49m **Regulatory constraints.** Many states have Certificate of Need (CON) laws that require regulatory approval before adding beds, building facilities, or launching certain service lines. These constraints are binary (approved or not) and often political. The optimization must account for what's actually achievable, not just what's mathematically optimal.
[0m[49m[38;5;10m+     46[0m:[38;5;10m[49m 
[0m[49m[38;5;10m+     47[0m:[38;5;10m[49m ### Demand Modeling
[0m[49m[38;5;10m+     48[0m:[38;5;10m[49m 
[0m[49m[38;5;10m+     49[0m:[38;5;10m[49m Before you can optimize the network, you need to model demand. Where do patients come from? What services do they need? How will demand change over time?
[0m[49m[38;5;10m+     50[0m:[38;5;10m[49m 
[0m[49m[38;5;10m+     51[0m:[38;5;10m[49m **Current demand estimation.** Start with claims data or encounter data. For each service line, map patient origins (ZIP code or census tract) to the facilities they used. This gives you the current flow pattern. Aggregate by geography to get demand density maps.
[0m[49m[38;5;10m+     52[0m:[38;5;10m[49m 
[0m[49m[38;5;10m+     53[0m:[38;5;10m[49m **Demand forecasting.** Project forward 5-10 years using:
[0m[49m[38;5;10m+     54[0m:[38;5;10m[49m - Population growth projections (census data, housing permits, zoning changes)
[0m[49m[38;5;10m+     55[0m:[38;5;10m[49m - Age-cohort shifts (aging populations need more cardiac, oncology, orthopedic services)
[0m[49m[38;5;10m+     56[0m:[38;5;10m[49m - Disease prevalence trends (obesity rates driving diabetes, joint replacement demand)
[0m[49m[38;5;10m+     57[0m:[38;5;10m[49m - Technology shifts (procedures moving from inpatient to outpatient, reducing bed demand but increasing ambulatory demand)
[0m[49m[38;5;10m+     58[0m:[38;5;10m[49m 
[0m[49m[38;5;10m+     59[0m:[38;5;10m[49m **Market share modeling.** Not all demand in your service area comes to your system. Market share varies by service line, geography, and payer. A gravity model estimates the probability that a patient at location i chooses facility j as a function of distance, facility attractiveness (size, reputation, service breadth), and patient characteristics. The Huff model is the classic approach:
[0m[49m[38;5;10m+     60[0m:[38;5;10m[49m 
[0m[49m[38;5;10m+     61[0m:[38;5;10m[49m ```
[0m[49m[38;5;10m+     62[0m:[38;5;10m[49m P(patient_i → facility_j) = Attractiveness_j / Distance_ij^β
[0m[49m[38;5;10m+     63[0m:[38;5;10m[49m                              ÷ Σ_k (Attractiveness_k / Distance_ik^β)
[0m[49m[38;5;10m+     64[0m:[38;5;10m[49m ```
[0m[49m[38;5;10m+     65[0m:[38;5;10m[49m 
[0m[49m[38;5;10m+     66[0m:[38;5;10m[49m Where β is the distance decay parameter (how sensitive patients are to travel time). This parameter varies dramatically by service line: patients will drive 2 hours for a cancer center but won't drive 20 minutes past a closer urgent care.
[0m[49m[38;5;10m+     67[0m:[38;5;10m[49m 
[0m[49m[38;5;10m+     68[0m:[38;5;10m[49m ### The Optimization Formulation
[0m[49m[38;5;10m+     69[0m:[38;5;10m[49m 
[0m[49m[38;5;10m+     70[0m:[38;5;10m[49m A realistic health system network design model has this structure:
[0m[49m[38;5;10m+     71[0m:[38;5;10m[49m 
[0m[49m[38;5;10m+     72[0m:[38;5;10m[49m **Decision variables:**
[0m[49m[38;5;10m+     73[0m:[38;5;10m[49m - Which facilities to open/close/expand (binary or integer)
[0m[49m[38;5;10m+     74[0m:[38;5;10m[49m - Capacity allocation per facility per service line (continuous or integer)
[0m[49m[38;5;10m+     75[0m:[38;5;10m[49m - Patient flow assignments (what fraction of demand from zone i goes to facility j for service line s)
[0m[49m[38;5;10m+     76[0m:[38;5;10m[49m 
[0m[49m[38;5;10m+     77[0m:[38;5;10m[49m **Objective function (typically multi-objective):**
[0m[49m[38;5;10m+     78[0m:[38;5;10m[49m - Minimize total system cost (capital + operating)
[0m[49m[38;5;10m+     79[0m:[38;5;10m[49m - Maximize geographic access (population within X-minute drive time)
[0m[49m[38;5;10m+     80[0m:[38;5;10m[49m - Maximize market share capture (revenue)
[0m[49m[38;5;10m+     81[0m:[38;5;10m[49m - Maximize clinical quality (volume thresholds met)
[0m[49m[38;5;10m+     82[0m:[38;5;10m[49m - Maximize equity (reduce disparities in access across demographics)
[0m[49m[38;5;10m+     83[0m:[38;5;10m[49m 
[0m[49m[38;5;10m+     84[0m:[38;5;10m[49m In practice, you either combine these into a weighted sum or solve iteratively: optimize cost subject to minimum access constraints, then check if quality thresholds are met, then evaluate equity implications.
[0m[49m[38;5;10m+     85[0m:[38;5;10m[49m 
[0m[49m[38;5;10m+     86[0m:[38;5;10m[49m **Constraints:**
[0m[49m[38;5;10m+     87[0m:[38;5;10m[49m - Capacity limits per facility per service line
[0m[49m[38;5;10m+     88[0m:[38;5;10m[49m - Budget constraints (total capital available)
[0m[49m[38;5;10m+     89[0m:[38;5;10m[49m - Minimum volume thresholds (don't offer cardiac surgery unless you can sustain 200+ cases/year)
[0m[49m[38;5;10m+     90[0m:[38;5;10m[49m - Regulatory constraints (CON requirements, zoning)
[0m[49m[38;5;10m+     91[0m:[38;5;10m[49m - Workforce availability (can you actually recruit surgeons to that location?)
[0m[49m[38;5;10m+     92[0m:[38;5;10m[49m - Network connectivity (patients referred from primary care to specialists within the same system)
[0m[49m[38;5;10m+     93[0m:[38;5;10m[49m - Existing commitments (long-term leases, community benefit obligations)
[0m[49m[38;5;10m+     94[0m:[38;5;10m[49m 
[0m[49m[38;5;10m+     95[0m:[38;5;10m[49m ### Solver Selection for Network Design
[0m[49m[38;5;10m+     96[0m:[38;5;10m[49m 
[0m[49m[38;5;10m+     97[0m:[38;5;10m[49m This is a Mixed-Integer Programming (MIP) problem at its core. The facility open/close decisions are binary. The capacity allocations and patient flows are continuous (or can be). The constraints are mostly linear.
[0m[49m[38;5;10m+     98[0m:[38;5;10m[49m 
[0m[49m[38;5;10m+     99[0m:[38;5;10m[49m **For strategic planning (annual/quarterly):** Use a commercial MIP solver (Gurobi, CPLEX) or open-source alternatives (HiGHS, SCIP). Problem sizes for a typical health system (50-100 potential locations, 10-20 service lines, 500-1000 demand zones) solve in minutes to hours. You're not solving this in real-time; you're running scenarios.
[0m[49m[38;5;10m+    100[0m:[38;5;10m[49m 
[0m[49m[38;5;10m+    101[0m:[38;5;10m[49m **For scenario analysis:** The real value isn't in finding "the" optimal network. It's in comparing scenarios. What if we close Hospital B? What if we add 50 beds at Hospital C? What if a competitor opens a new facility at location X? Each scenario is a separate optimization run with modified parameters. You want a platform that makes it easy to define, run, and compare scenarios.
[0m[49m[38;5;10m+    102[0m:[38;5;10m[49m 
[0m[49m[38;5;10m+    103[0m:[38;5;10m[49m **For uncertainty handling:** Demand forecasts are uncertain. Population growth might be faster or slower than projected. A competitor might or might not build. Stochastic programming or robust optimization handles this by optimizing across multiple scenarios simultaneously, finding solutions that perform well under a range of futures rather than being optimal for one specific forecast.
[0m[49m[38;5;10m+    104[0m:[38;5;10m[49m 
[0m[49m[38;5;10m+    105[0m:[38;5;10m[49m **Metaheuristics for very large problems:** If your network is truly massive (national health system, hundreds of facilities, thousands of demand zones), exact MIP solvers may struggle. Genetic algorithms, simulated annealing, or large neighborhood search can find good solutions for these larger instances. You lose optimality guarantees but gain tractability.
[0m[49m[38;5;10m+    106[0m:[38;5;10m[49m 
[0m[49m[38;5;10m+    107[0m:[38;5;10m[49m ### The Scenario Planning Workflow
[0m[49m[38;5;10m+    108[0m:[38;5;10m[49m 
[0m[49m[38;5;10m+    109[0m:[38;5;10m[49m Network design optimization is not a one-shot analysis. It's an ongoing capability. The typical workflow:
[0m[49m[38;5;10m+    110[0m:[38;5;10m[49m 
[0m[49m[38;5;10m+    111[0m:[38;5;10m[49m 1. **Baseline model.** Build a model of the current network: facilities, capacities, service lines, current patient flows, costs. Validate against actual utilization data.
[0m[49m[38;5;10m+    112[0m:[38;5;10m[49m 
[0m[49m[38;5;10m+    113[0m:[38;5;10m[49m 2. **Demand scenarios.** Define 3-5 demand futures (base case, high growth, low growth, demographic shift, competitor entry).
[0m[49m[38;5;10m+    114[0m:[38;5;10m[49m 
[0m[49m[38;5;10m+    115[0m:[38;5;10m[49m 3. **Strategy options.** Define candidate network changes: new facilities, expansions, closures, service line additions/removals.
[0m[49m[38;5;10m+    116[0m:[38;5;10m[49m 
[0m[49m[38;5;10m+    117[0m:[38;5;10m[49m 4. **Optimization runs.** For each combination of demand scenario and strategy option, solve the optimization. Record key metrics: cost, access, market share, quality indicators.
[0m[49m[38;5;10m+    118[0m:[38;5;10m[49m 
[0m[49m[38;5;10m+    119[0m:[38;5;10m[49m 5. **Pareto analysis.** Identify solutions that are not dominated (no other solution is better on all objectives simultaneously). Present the efficient frontier to decision-makers.
[0m[49m[38;5;10m+    120[0m:[38;5;10m[49m 
[0m[49m[38;5;10m+    121[0m:[38;5;10m[49m 6. **Sensitivity analysis.** Which assumptions matter most? If the answer changes dramatically when you adjust population growth by 10%, that's a key uncertainty to monitor.
[0m[49m[38;5;10m+    122[0m:[38;5;10m[49m 
[0m[49m[38;5;10m+    123[0m:[38;5;10m[49m 7. **Decision and monitoring.** Leadership selects a strategy. Implement. Monitor actual demand against projections. Re-run the model annually or when significant changes occur.
[0m[49m[38;5;10m+    124[0m:[38;5;10m[49m 
[0m[49m[38;5;10m+    125[0m:[38;5;10m[49m ---
[0m[49m[38;5;10m+    126[0m:[38;5;10m[49m 
[0m[49m[38;5;10m+    127[0m:[38;5;10m[49m ## General Architecture Pattern
[0m[49m[38;5;10m+    128[0m:[38;5;10m[49m 
[0m[49m[38;5;10m+    129[0m:[38;5;10m[49m ```
[0m[49m[38;5;10m+    130[0m:[38;5;10m[49m [Data Layer]
[0m[49m[38;5;10m+    131[0m:[38;5;10m[49m   ├── Demographics & Population Projections
[0m[49m[38;5;10m+    132[0m:[38;5;10m[49m   ├── Claims / Encounter Data (patient origins, service utilization)
[0m[49m[38;5;10m+    133[0m:[38;5;10m[49m   ├── Facility Data (locations, capacities, costs, service lines)
[0m[49m[38;5;10m+    134[0m:[38;5;10m[49m   ├── Competitor Intelligence (locations, services, market share)
[0m[49m[38;5;10m+    135[0m:[38;5;10m[49m   └── Geographic Data (drive times, transit access, ZIP boundaries)
[0m[49m[38;5;10m+    136[0m:[38;5;10m[49m 
[0m[49m[38;5;10m+    137[0m:[38;5;10m[49m [Demand Modeling Layer]
[0m[49m[38;5;10m+    138[0m:[38;5;10m[49m   ├── Current Demand Estimation (by zone, service line)
[0m[49m[38;5;10m+    139[0m:[38;5;10m[49m   ├── Demand Forecasting (5-10 year projections)
[0m[49m[38;5;10m+    140[0m:[38;5;10m[49m   └── Patient Choice Model (gravity/discrete choice)
[0m[49m[38;5;10m+    141[0m:[38;5;10m[49m 
[0m[49m[38;5;10m+    142[0m:[38;5;10m[49m [Optimization Engine]
[0m[49m[38;5;10m+    143[0m:[38;5;10m[49m   ├── Model Builder (formulate MIP from parameters)
[0m[49m[38;5;10m+    144[0m:[38;5;10m[49m   ├── Solver Interface (submit to MIP solver)
[0m[49m[38;5;10m+    145[0m:[38;5;10m[49m   ├── Scenario Manager (define, queue, compare scenarios)
[0m[49m[38;5;10m+    146[0m:[38;5;10m[49m   └── Solution Post-Processor (extract metrics, generate reports)
[0m[49m[38;5;10m+    147[0m:[38;5;10m[49m 
[0m[49m[38;5;10m+    148[0m:[38;5;10m[49m [Presentation Layer]
[0m[49m[38;5;10m+    149[0m:[38;5;10m[49m   ├── Geographic Visualization (maps with facility locations, catchment areas)
[0m[49m[38;5;10m+    150[0m:[38;5;10m[49m   ├── Scenario Comparison Dashboard
[0m[49m[38;5;10m+    151[0m:[38;5;10m[49m   ├── Sensitivity Analysis Reports
[0m[49m[38;5;10m+    152[0m:[38;5;10m[49m   └── Executive Summary Generator
[0m[49m[38;5;10m+    153[0m:[38;5;10m[49m ```
[0m[49m[38;5;10m+    154[0m:[38;5;10m[49m 
[0m[49m[38;5;10m+    155[0m:[38;5;10m[49m The data layer is the hardest part. Not because the data is complex (it is), but because it lives in 15 different systems and nobody agrees on the source of truth for "how many patients from ZIP 30301 used our cardiac surgery program last year." Getting clean, reconciled data is 60% of the project timeline.
[0m[49m[38;5;10m+    156[0m:[38;5;10m[49m 
[0m[49m[38;5;10m+    157[0m:[38;5;10m[49m ---
[0m[49m[38;5;10m+    158[0m:[38;5;10m[49m 
[0m[49m[38;5;10m+    159[0m:[38;5;10m[49m ## Why These AWS Services
[0m[49m[38;5;10m+    160[0m:[38;5;10m[49m 
[0m[49m[38;5;10m+    161[0m:[38;5;10m[49m | Concept | AWS Service | Why |
[0m[49m[38;5;10m+    162[0m:[38;5;10m[49m |---------|-------------|-----|
[0m[49m[38;5;10m+    163[0m:[38;5;10m[49m | Data lake for claims, demographics, facility data | Amazon S3 + AWS Glue | Centralize heterogeneous data sources; Glue handles ETL from multiple formats |
[0m[49m[38;5;10m+    164[0m:[38;5;10m[49m | Demand modeling and forecasting | Amazon SageMaker | Train patient choice models, run demand forecasts at scale |
[0m[49m[38;5;10m+    165[0m:[38;5;10m[49m | Optimization engine | AWS Batch + custom solver container | Run Gurobi/HiGHS in containers; Batch handles job scheduling for scenario runs |
[0m[49m[38;5;10m+    166[0m:[38;5;10m[49m | Drive time computation | Amazon Location Service | Calculate drive-time isochrones and distance matrices |
[0m[49m[38;5;10m+    167[0m:[38;5;10m[49m | Geographic visualization | Amazon QuickSight + custom maps | Interactive dashboards with geographic overlays |
[0m[49m[38;5;10m+    168[0m:[38;5;10m[49m | Scenario management and results storage | Amazon DynamoDB + S3 | Store scenario definitions, optimization results, comparison metrics |
[0m[49m[38;5;10m+    169[0m:[38;5;10m[49m | Orchestration | AWS Step Functions | Coordinate multi-step workflow: data prep → model build → solve → post-process |
[0m[49m[38;5;10m+    170[0m:[38;5;10m[49m | Notification on completion | Amazon SNS | Alert analysts when long-running scenario batches complete |
[0m[49m[38;5;10m+    171[0m:[38;5;10m[49m 
[0m[49m[38;5;10m+    172[0m:[38;5;10m[49m The optimization solver itself is the one piece that's genuinely vendor-specific. Gurobi and CPLEX are commercial solvers that require licenses. HiGHS is open-source and increasingly competitive for MIP problems of this size. You'll run the solver in a container on AWS Batch (for large scenario batches) or on a SageMaker Processing job (for interactive analysis).
[0m[49m[38;5;10m+    173[0m:[38;5;10m[49m 
[0m[49m[38;5;10m+    174[0m:[38;5;10m[49m ---
[0m[49m[38;5;10m+    175[0m:[38;5;10m[49m 
[0m[49m[38;5;10m+    176[0m:[38;5;10m[49m ## Architecture Diagram
[0m[49m[38;5;10m+    177[0m:[38;5;10m[49m 
[0m[49m[38;5;10m+    178[0m:[38;5;10m[49m ```mermaid
[0m[49m[38;5;10m+    179[0m:[38;5;10m[49m flowchart TD
[0m[49m[38;5;10m+    180[0m:[38;5;10m[49m     subgraph Data Sources
[0m[49m[38;5;10m+    181[0m:[38;5;10m[49m         A[Claims/Encounter Data] --> E[AWS Glue ETL]
[0m[49m[38;5;10m+    182[0m:[38;5;10m[49m         B[Census/Demographics] --> E
[0m[49m[38;5;10m+    183[0m:[38;5;10m[49m         C[Facility Master Data] --> E
[0m[49m[38;5;10m+    184[0m:[38;5;10m[49m         D[Competitor Intelligence] --> E
[0m[49m[38;5;10m+    185[0m:[38;5;10m[49m         G[Geographic/Drive Time Data] --> E
[0m[49m[38;5;10m+    186[0m:[38;5;10m[49m     end
[0m[49m[38;5;10m+    187[0m:[38;5;10m[49m 
[0m[49m[38;5;10m+    188[0m:[38;5;10m[49m     E --> F[S3 Data Lake]
[0m[49m[38;5;10m+    189[0m:[38;5;10m[49m 
[0m[49m[38;5;10m+    190[0m:[38;5;10m[49m     subgraph Demand Modeling
[0m[49m[38;5;10m+    191[0m:[38;5;10m[49m         F --> H[SageMaker: Patient Choice Model Training]
[0m[49m[38;5;10m+    192[0m:[38;5;10m[49m         F --> I[SageMaker: Demand Forecasting]
[0m[49m[38;5;10m+    193[0m:[38;5;10m[49m         H --> J[S3: Model Artifacts]
[0m[49m[38;5;10m+    194[0m:[38;5;10m[49m         I --> J
[0m[49m[38;5;10m+    195[0m:[38;5;10m[49m     end
[0m[49m[38;5;10m+    196[0m:[38;5;10m[49m 
[0m[49m[38;5;10m+    197[0m:[38;5;10m[49m     subgraph Optimization Platform
[0m[49m[38;5;10m+    198[0m:[38;5;10m[49m         J --> K[Step Functions: Scenario Orchestrator]
[0m[49m[38;5;10m+    199[0m:[38;5;10m[49m         F --> K
[0m[49m[38;5;10m+    200[0m:[38;5;10m[49m         K --> L[Lambda: Model Builder]
[0m[49m[38;5;10m+    201[0m:[38;5;10m[49m         L --> M[AWS Batch: Solver Execution]
[0m[49m[38;5;10m+    202[0m:[38;5;10m[49m         M --> N[S3: Solution Files]
[0m[49m[38;5;10m+    203[0m:[38;5;10m[49m         N --> O[Lambda: Post-Processor]
[0m[49m[38;5;10m+    204[0m:[38;5;10m[49m         O --> P[DynamoDB: Scenario Results]
[0m[49m[38;5;10m+    205[0m:[38;5;10m[49m     end
[0m[49m[38;5;10m+    206[0m:[38;5;10m[49m 
[0m[49m[38;5;10m+    207[0m:[38;5;10m[49m     subgraph Presentation
[0m[49m[38;5;10m+    208[0m:[38;5;10m[49m         P --> Q[QuickSight: Scenario Dashboard]
[0m[49m[38;5;10m+    209[0m:[38;5;10m[49m         P --> R[Custom Web App: Map Visualization]
[0m[49m[38;5;10m+    210[0m:[38;5;10m[49m         N --> R
[0m[49m[38;5;10m+    211[0m:[38;5;10m[49m     end
[0m[49m[38;5;10m+    212[0m:[38;5;10m[49m 
[0m[49m[38;5;10m+    213[0m:[38;5;10m[49m     M -.-> S[SNS: Completion Notification]
[0m[49m[38;5;10m+    214[0m:[38;5;10m[49m ```
[0m[49m[38;5;10m+    215[0m:[38;5;10m[49m 
[0m[49m[38;5;10m+    216[0m:[38;5;10m[49m ---
[0m[49m[38;5;10m+    217[0m:[38;5;10m[49m 
[0m[49m[38;5;10m+    218[0m:[38;5;10m[49m ## Prerequisites
[0m[49m[38;5;10m+    219[0m:[38;5;10m[49m 
[0m[49m[38;5;10m+    220[0m:[38;5;10m[49m | Requirement | Details |
[0m[49m[38;5;10m+    221[0m:[38;5;10m[49m |-------------|---------|
[0m[49m[38;5;10m+    222[0m:[38;5;10m[49m | AWS Services | S3, Glue, SageMaker, Batch, Step Functions, Lambda, DynamoDB, QuickSight, Location Service, SNS |
[0m[49m[38;5;10m+    223[0m:[38;5;10m[49m | IAM Permissions | s3:*, glue:*, sagemaker:*, batch:SubmitJob, batch:DescribeJobs, states:*, lambda:*, dynamodb:*, quicksight:*, geo:*, sns:Publish |
[0m[49m[38;5;10m+    224[0m:[38;5;10m[49m | BAA | Required. Claims data contains PHI (patient ZIP codes, service utilization). All services must be covered under BAA. |
[0m[49m[38;5;10m+    225[0m:[38;5;10m[49m | Encryption | S3 SSE-KMS for data at rest, TLS 1.2+ in transit, DynamoDB encryption at rest |
[0m[49m[38;5;10m+    226[0m:[38;5;10m[49m | VPC | Recommended for Batch compute (solver containers). VPC endpoints for S3, DynamoDB. |
[0m[49m[38;5;10m+    227[0m:[38;5;10m[49m | CloudTrail | Audit logging for all data access. Scenario results may inform capital decisions subject to board governance. |
[0m[49m[38;5;10m+    228[0m:[38;5;10m[49m | Solver License | Gurobi (commercial, ~$12K/year academic, ~$30K+ commercial) or HiGHS (open-source, free) |
[0m[49m[38;5;10m+    229[0m:[38;5;10m[49m | Sample Data | CMS public use files for demand estimation. Synthetic facility data for testing. Never use real PHI in development. |
[0m[49m[38;5;10m+    230[0m:[38;5;10m[49m | Cost Estimate | ~$2,000-8,000/month for ongoing platform (storage, compute for scenario runs). Individual large scenario batches: $50-200 per run depending on problem size and solver time. |
[0m[49m[38;5;10m+    231[0m:[38;5;10m[49m 
[0m[49m[38;5;10m+    232[0m:[38;5;10m[49m ---
[0m[49m[38;5;10m+    233[0m:[38;5;10m[49m 
[0m[49m[38;5;10m+    234[0m:[38;5;10m[49m ## Ingredients
[0m[49m[38;5;10m+    235[0m:[38;5;10m[49m 
[0m[49m[38;5;10m+    236[0m:[38;5;10m[49m | AWS Service | Role in This Recipe |
[0m[49m[38;5;10m+    237[0m:[38;5;10m[49m |-------------|-------------------|
[0m[49m[38;5;10m+    238[0m:[38;5;10m[49m | Amazon S3 | Data lake for all input data, model artifacts, and solution files |
[0m[49m[38;5;10m+    239[0m:[38;5;10m[49m | AWS Glue | ETL pipelines to ingest and transform claims, demographics, facility data |
[0m[49m[38;5;10m+    240[0m:[38;5;10m[49m | Amazon SageMaker | Train demand forecasting models and patient choice models |
[0m[49m[38;5;10m+    241[0m:[38;5;10m[49m | AWS Batch | Execute optimization solver containers (Gurobi/HiGHS) for scenario runs |
[0m[49m[38;5;10m+    242[0m:[38;5;10m[49m | AWS Step Functions | Orchestrate end-to-end workflow from data prep through solution delivery |
[0m[49m[38;5;10m+    243[0m:[38;5;10m[49m | AWS Lambda | Model builder (generate solver input files), post-processor (extract metrics) |
[0m[49m[38;5;10m+    244[0m:[38;5;10m[49m | Amazon DynamoDB | Store scenario definitions, run metadata, and comparison results |
[0m[49m[38;5;10m+    245[0m:[38;5;10m[49m | Amazon Location Service | Compute drive-time matrices between demand zones and facility locations |
[0m[49m[38;5;10m+    246[0m:[38;5;10m[49m | Amazon QuickSight | Interactive dashboards for scenario comparison and geographic visualization |
[0m[49m[38;5;10m+    247[0m:[38;5;10m[49m | Amazon SNS | Notify analysts when scenario batch runs complete |
[0m[49m[38;5;10m+    248[0m:[38;5;10m[49m 
[0m[49m[38;5;10m+    249[0m:[38;5;10m[49m ---
[0m[49m[38;5;10m+    250[0m:[38;5;10m[49m 
[0m[49m[38;5;10m+    251[0m:[38;5;10m[49m ## Code: Pseudocode Walkthrough
[0m[49m[38;5;10m+    252[0m:[38;5;10m[49m 
[0m[49m[38;5;10m+    253[0m:[38;5;10m[49m ### Step 1: Build the Demand Model
[0m[49m[38;5;10m+    254[0m:[38;5;10m[49m 
[0m[49m[38;5;10m+    255[0m:[38;5;10m[49m Before optimizing anything, we need to know where patients are and what they need.
[0m[49m[38;5;10m+    256[0m:[38;5;10m[49m 
[0m[49m[38;5;10m+    257[0m:[38;5;10m[49m This step takes raw claims data and produces a demand matrix: for each geographic zone and service line, how many patients per year need that service? It also trains a patient choice model that predicts how patients will distribute across facilities based on distance and facility characteristics.
[0m[49m[38;5;10m+    258[0m:[38;5;10m[49m 
[0m[49m[38;5;10m+    259[0m:[38;5;10m[49m If you skip this step, your optimization is solving a fantasy problem. The demand model is the foundation everything else rests on.
[0m[49m[38;5;10m+    260[0m:[38;5;10m[49m 
[0m[49m[38;5;10m+    261[0m:[38;5;10m[49m ```
[0m[49m[38;5;10m+    262[0m:[38;5;10m[49m // Load and aggregate claims data by patient origin and service line
[0m[49m[38;5;10m+    263[0m:[38;5;10m[49m demand_data = load_claims_by_zip_and_service_line(
[0m[49m[38;5;10m+    264[0m:[38;5;10m[49m     source="s3://network-design/claims/",
[0m[49m[38;5;10m+    265[0m:[38;5;10m[49m     years=[2022, 2023, 2024, 2025]
[0m[49m[38;5;10m+    266[0m:[38;5;10m[49m )
[0m[49m[38;5;10m+    267[0m:[38;5;10m[49m 
[0m[49m[38;5;10m+    268[0m:[38;5;10m[49m // Compute current demand per zone per service line
[0m[49m[38;5;10m+    269[0m:[38;5;10m[49m current_demand = aggregate_demand(
[0m[49m[38;5;10m+    270[0m:[38;5;10m[49m     data=demand_data,
[0m[49m[38;5;10m+    271[0m:[38;5;10m[49m     geographic_unit="census_tract",
[0m[49m[38;5;10m+    272[0m:[38;5;10m[49m     service_lines=["primary_care", "cardiology", "oncology", "orthopedics",
[0m[49m[38;5;10m+    273[0m:[38;5;10m[49m                    "obstetrics", "emergency", "behavioral_health"]
[0m[49m[38;5;10m+    274[0m:[38;5;10m[49m )
[0m[49m[38;5;10m+    275[0m:[38;5;10m[49m 
[0m[49m[38;5;10m+    276[0m:[38;5;10m[49m // Train patient choice model (gravity model variant)
[0m[49m[38;5;10m+    277[0m:[38;5;10m[49m // This predicts: given a patient at location i, what's the probability
[0m[49m[38;5;10m+    278[0m:[38;5;10m[49m // they choose facility j for service line s?
[0m[49m[38;5;10m+    279[0m:[38;5;10m[49m choice_model = train_patient_choice_model(
[0m[49m[38;5;10m+    280[0m:[38;5;10m[49m     historical_flows=demand_data,
[0m[49m[38;5;10m+    281[0m:[38;5;10m[49m     facility_features=["bed_count", "service_breadth", "reputation_score"],
[0m[49m[38;5;10m+    282[0m:[38;5;10m[49m     distance_metric="drive_time_minutes",
[0m[49m[38;5;10m+    283[0m:[38;5;10m[49m     model_type="multinomial_logit"
[0m[49m[38;5;10m+    284[0m:[38;5;10m[49m )
[0m[49m[38;5;10m+    285[0m:[38;5;10m[49m 
[0m[49m[38;5;10m+    286[0m:[38;5;10m[49m // Forecast demand 5 and 10 years out
[0m[49m[38;5;10m+    287[0m:[38;5;10m[49m future_demand = forecast_demand(
[0m[49m[38;5;10m+    288[0m:[38;5;10m[49m     current=current_demand,
[0m[49m[38;5;10m+    289[0m:[38;5;10m[49m     population_projections=load_census_projections(),
[0m[49m[38;5;10m+    290[0m:[38;5;10m[49m     age_cohort_shifts=load_demographic_trends(),
[0m[49m[38;5;10m+    291[0m:[38;5;10m[49m     horizon_years=[5, 10]
[0m[49m[38;5;10m+    292[0m:[38;5;10m[49m )
[0m[49m[38;5;10m+    293[0m:[38;5;10m[49m 
[0m[49m[38;5;10m+    294[0m:[38;5;10m[49m // Store all outputs
[0m[49m[38;5;10m+    295[0m:[38;5;10m[49m save_to_s3(current_demand, "s3://network-design/models/current_demand.parquet")
[0m[49m[38;5;10m+    296[0m:[38;5;10m[49m save_to_s3(choice_model, "s3://network-design/models/choice_model.pkl")
[0m[49m[38;5;10m+    297[0m:[38;5;10m[49m save_to_s3(future_demand, "s3://network-design/models/future_demand.parquet")
[0m[49m[38;5;10m+    298[0m:[38;5;10m[49m ```
[0m[49m[38;5;10m+    299[0m:[38;5;10m[49m 
[0m[49m[38;5;10m+    300[0m:[38;5;10m[49m ### Step 2: Compute the Distance Matrix
[0m[49m[38;5;10m+    301[0m:[38;5;10m[49m 
[0m[49m[38;5;10m+    302[0m:[38;5;10m[49m The optimization needs to know how far every demand zone is from every potential facility location. Drive time is the standard metric in healthcare (not straight-line distance, which is meaningless in cities with rivers, highways, and traffic).
[0m[49m[38;5;10m+    303[0m:[38;5;10m[49m 
[0m[49m[38;5;10m+    304[0m:[38;5;10m[49m This is computationally expensive for large networks. A system with 1,000 demand zones and 100 potential facility locations needs 100,000 drive-time calculations. Precompute and cache.
[0m[49m[38;5;10m+    305[0m:[38;5;10m[49m 
[0m[49m[38;5;10m+    306[0m:[38;5;10m[49m ```
[0m[49m[38;5;10m+    307[0m:[38;5;10m[49m // Define demand zone centroids and facility locations
[0m[49m[38;5;10m+    308[0m:[38;5;10m[49m demand_zones = load_zone_centroids("s3://network-design/geo/zone_centroids.csv")
[0m[49m[38;5;10m+    309[0m:[38;5;10m[49m facility_locations = load_facility_locations("s3://network-design/facilities/locations.csv")
[0m[49m[38;5;10m+    310[0m:[38;5;10m[49m // Include both existing facilities AND candidate new locations
[0m[49m[38;5;10m+    311[0m:[38;5;10m[49m 
[0m[49m[38;5;10m+    312[0m:[38;5;10m[49m // Compute drive-time matrix using routing service
[0m[49m[38;5;10m+    313[0m:[38;5;10m[49m // Result: matrix[i][j] = drive time in minutes from zone i to facility j
[0m[49m[38;5;10m+    314[0m:[38;5;10m[49m drive_time_matrix = compute_drive_times(
[0m[49m[38;5;10m+    315[0m:[38;5;10m[49m     origins=demand_zones,        // ~1000 zones
[0m[49m[38;5;10m+    316[0m:[38;5;10m[49m     destinations=facility_locations,  // ~100 locations
[0m[49m[38;5;10m+    317[0m:[38;5;10m[49m     mode="driving",
[0m[49m[38;5;10m+    318[0m:[38;5;10m[49m     departure_time="tuesday_8am"  // Representative commute time
[0m[49m[38;5;10m+    319[0m:[38;5;10m[49m )
[0m[49m[38;5;10m+    320[0m:[38;5;10m[49m 
[0m[49m[38;5;10m+    321[0m:[38;5;10m[49m // Also compute drive-time isochrones for access analysis
[0m[49m[38;5;10m+    322[0m:[38;5;10m[49m // "What population lives within 30 minutes of each facility?"
[0m[49m[38;5;10m+    323[0m:[38;5;10m[49m for each facility in facility_locations:
[0m[49m[38;5;10m+    324[0m:[38;5;10m[49m     isochrone = compute_isochrone(
[0m[49m[38;5;10m+    325[0m:[38;5;10m[49m         origin=facility.coordinates,
[0m[49m[38;5;10m+    326[0m:[38;5;10m[49m         time_thresholds=[15, 30, 45, 60],  // minutes
[0m[49m[38;5;10m+    327[0m:[38;5;10m[49m         mode="driving"
[0m[49m[38;5;10m+    328[0m:[38;5;10m[49m     )
[0m[49m[38;5;10m+    329[0m:[38;5;10m[49m     save_isochrone(facility.id, isochrone)
[0m[49m[38;5;10m+    330[0m:[38;5;10m[49m 
[0m[49m[38;5;10m+    331[0m:[38;5;10m[49m save_to_s3(drive_time_matrix, "s3://network-design/geo/drive_time_matrix.parquet")
[0m[49m[38;5;10m+    332[0m:[38;5;10m[49m ```
[0m[49m[38;5;10m+    333[0m:[38;5;10m[49m 
[0m[49m[38;5;10m+    334[0m:[38;5;10m[49m ### Step 3: Formulate the Optimization Model
[0m[49m[38;5;10m+    335[0m:[38;5;10m[49m 
[0m[49m[38;5;10m+    336[0m:[38;5;10m[49m This is where the math lives. We translate the business problem into a mathematical program that a solver can handle.
[0m[49m[38;5;10m+    337[0m:[38;5;10m[49m 
[0m[49m[38;5;10m+    338[0m:[38;5;10m[49m The formulation below is a multi-objective facility location model with capacity constraints, service line differentiation, and patient choice behavior. It's a Mixed-Integer Program (MIP) because some decisions are binary (open/close a facility) and some are continuous (patient flow fractions).
[0m[49m[38;5;10m+    339[0m:[38;5;10m[49m 
[0m[49m[38;5;10m+    340[0m:[38;5;10m[49m ```
[0m[49m[38;5;10m+    341[0m:[38;5;10m[49m // Define the optimization model
[0m[49m[38;5;10m+    342[0m:[38;5;10m[49m model = create_optimization_model()
[0m[49m[38;5;10m+    343[0m:[38;5;10m[49m 
[0m[49m[38;5;10m+    344[0m:[38;5;10m[49m // SETS
[0m[49m[38;5;10m+    345[0m:[38;5;10m[49m zones = list of demand zones (i = 1..I)
[0m[49m[38;5;10m+    346[0m:[38;5;10m[49m facilities = list of potential facility locations (j = 1..J)
[0m[49m[38;5;10m+    347[0m:[38;5;10m[49m service_lines = list of service lines (s = 1..S)
[0m[49m[38;5;10m+    348[0m:[38;5;10m[49m scenarios = list of demand scenarios (d = 1..D)
[0m[49m[38;5;10m+    349[0m:[38;5;10m[49m 
[0m[49m[38;5;10m+    350[0m:[38;5;10m[49m // PARAMETERS (loaded from previous steps)
[0m[49m[38;5;10m+    351[0m:[38;5;10m[49m demand[i][s][d] = patient demand from zone i for service s in scenario d
[0m[49m[38;5;10m+    352[0m:[38;5;10m[49m distance[i][j] = drive time from zone i to facility j
[0m[49m[38;5;10m+    353[0m:[38;5;10m[49m capacity_max[j][s] = maximum capacity of facility j for service s
[0m[49m[38;5;10m+    354[0m:[38;5;10m[49m fixed_cost[j] = annual fixed cost of operating facility j
[0m[49m[38;5;10m+    355[0m:[38;5;10m[49m variable_cost[j][s] = per-patient cost at facility j for service s
[0m[49m[38;5;10m+    356[0m:[38;5;10m[49m capital_cost[j] = one-time capital cost to open/expand facility j
[0m[49m[38;5;10m+    357[0m:[38;5;10m[49m min_volume[s] = minimum annual volume for quality threshold in service s
[0m[49m[38;5;10m+    358[0m:[38;5;10m[49m budget = total capital budget available
[0m[49m[38;5;10m+    359[0m:[38;5;10m[49m 
[0m[49m[38;5;10m+    360[0m:[38;5;10m[49m // DECISION VARIABLES
[0m[49m[38;5;10m+    361[0m:[38;5;10m[49m open[j] = binary, 1 if facility j is open
[0m[49m[38;5;10m+    362[0m:[38;5;10m[49m flow[i][j][s] = fraction of demand from zone i assigned to facility j for service s
[0m[49m[38;5;10m+    363[0m:[38;5;10m[49m expand[j] = binary, 1 if facility j receives capacity expansion
[0m[49m[38;5;10m+    364[0m:[38;5;10m[49m 
[0m[49m[38;5;10m+    365[0m:[38;5;10m[49m // OBJECTIVE: Minimize weighted combination of cost and access
[0m[49m[38;5;10m+    366[0m:[38;5;10m[49m minimize:
[0m[49m[38;5;10m+    367[0m:[38;5;10m[49m     weight_cost * (sum over j: fixed_cost[j] * open[j]
[0m[49m[38;5;10m+    368[0m:[38;5;10m[49m                    + sum over i,j,s: variable_cost[j][s] * demand[i][s] * flow[i][j][s])
[0m[49m[38;5;10m+    369[0m:[38;5;10m[49m     + weight_access * (sum over i,j,s: distance[i][j] * demand[i][s] * flow[i][j][s])
[0m[49m[38;5;10m+    370[0m:[38;5;10m[49m     - weight_volume * (sum over j,s: volume_bonus[j][s])  // reward meeting quality thresholds
[0m[49m[38;5;10m+    371[0m:[38;5;10m[49m 
[0m[49m[38;5;10m+    372[0m:[38;5;10m[49m // CONSTRAINTS
[0m[49m[38;5;10m+    373[0m:[38;5;10m[49m // 1. All demand must be served
[0m[49m[38;5;10m+    374[0m:[38;5;10m[49m for each zone i, service_line s:
[0m[49m[38;5;10m+    375[0m:[38;5;10m[49m     sum over j: flow[i][j][s] = 1.0
[0m[49m[38;5;10m+    376[0m:[38;5;10m[49m 
[0m[49m[38;5;10m+    377[0m:[38;5;10m[49m // 2. Can only send patients to open facilities
[0m[49m[38;5;10m+    378[0m:[38;5;10m[49m for each i, j, s:
[0m[49m[38;5;10m+    379[0m:[38;5;10m[49m     flow[i][j][s] <= open[j]
[0m[49m[38;5;10m+    380[0m:[38;5;10m[49m 
[0m[49m[38;5;10m+    381[0m:[38;5;10m[49m // 3. Capacity constraints
[0m[49m[38;5;10m+    382[0m:[38;5;10m[49m for each facility j, service_line s:
[0m[49m[38;5;10m+    383[0m:[38;5;10m[49m     sum over i: demand[i][s] * flow[i][j][s] <= capacity_max[j][s] * open[j]
[0m[49m[38;5;10m+    384[0m:[38;5;10m[49m 
[0m[49m[38;5;10m+    385[0m:[38;5;10m[49m // 4. Budget constraint
[0m[49m[38;5;10m+    386[0m:[38;5;10m[49m sum over j: capital_cost[j] * expand[j] <= budget
[0m[49m[38;5;10m+    387[0m:[38;5;10m[49m 
[0m[49m[38;5;10m+    388[0m:[38;5;10m[49m // 5. Minimum volume for quality (soft constraint with penalty)
[0m[49m[38;5;10m+    389[0m:[38;5;10m[49m for each facility j, service_line s where open[j] = 1:
[0m[49m[38;5;10m+    390[0m:[38;5;10m[49m     sum over i: demand[i][s] * flow[i][j][s] >= min_volume[s]
[0m[49m[38;5;10m+    391[0m:[38;5;10m[49m     // (In practice, this is a soft constraint: penalize but don't forbid)
[0m[49m[38;5;10m+    392[0m:[38;5;10m[49m 
[0m[49m[38;5;10m+    393[0m:[38;5;10m[49m // 6. Access constraint: X% of population within Y minutes
[0m[49m[38;5;10m+    394[0m:[38;5;10m[49m for each service_line s:
[0m[49m[38;5;10m+    395[0m:[38;5;10m[49m     population_within_threshold(open, distance, threshold=30min) >= 0.90 * total_population
[0m[49m[38;5;10m+    396[0m:[38;5;10m[49m 
[0m[49m[38;5;10m+    397[0m:[38;5;10m[49m // Solve
[0m[49m[38;5;10m+    398[0m:[38;5;10m[49m solution = solver.optimize(model, time_limit=3600, gap_tolerance=0.01)
[0m[49m[38;5;10m+    399[0m:[38;5;10m[49m ```
[0m[49m[38;5;10m+    400[0m:[38;5;10m[49m 
[0m[49m[38;5;10m+    401[0m:[38;5;10m[49m ### Step 4: Run Scenario Batches
[0m[49m[38;5;10m+    402[0m:[38;5;10m[49m 
[0m[49m[38;5;10m+    403[0m:[38;5;10m[49m The real power of network design optimization is scenario comparison. You don't run one optimization. You run dozens, varying assumptions and strategies, then compare results.
[0m[49m[38;5;10m+    404[0m:[38;5;10m[49m 
[0m[49m[38;5;10m+    405[0m:[38;5;10m[49m ```
[0m[49m[38;5;10m+    406[0m:[38;5;10m[49m // Define scenarios to evaluate
[0m[49m[38;5;10m+    407[0m:[38;5;10m[49m scenarios = [
[0m[49m[38;5;10m+    408[0m:[38;5;10m[49m     {
[0m[49m[38;5;10m+    409[0m:[38;5;10m[49m         "name": "baseline",
[0m[49m[38;5;10m+    410[0m:[38;5;10m[49m         "description": "Current network, no changes",
[0m[49m[38;5;10m+    411[0m:[38;5;10m[49m         "demand_scenario": "base_case",
[0m[49m[38;5;10m+    412[0m:[38;5;10m[49m         "network_changes": []
[0m[49m[38;5;10m+    413[0m:[38;5;10m[49m     },
[0m[49m[38;5;10m+    414[0m:[38;5;10m[49m     {
[0m[49m[38;5;10m+    415[0m:[38;5;10m[49m         "name": "new_cancer_center_downtown",
[0m[49m[38;5;10m+    416[0m:[38;5;10m[49m         "description": "Add 80-bed cancer center at downtown location",
[0m[49m[38;5;10m+    417[0m:[38;5;10m[49m         "demand_scenario": "base_case",
[0m[49m[38;5;10m+    418[0m:[38;5;10m[49m         "network_changes": [{"action": "open", "location": "downtown_site_A",
[0m[49m[38;5;10m+    419[0m:[38;5;10m[49m                             "service_lines": ["oncology"], "capacity": 80}]
[0m[49m[38;5;10m+    420[0m:[38;5;10m[49m     },
[0m[49m[38;5;10m+    421[0m:[38;5;10m[49m     {
[0m[49m[38;5;10m+    422[0m:[38;5;10m[49m         "name": "new_cancer_center_suburbs",
[0m[49m[38;5;10m+    423[0m:[38;5;10m[49m         "description": "Add 80-bed cancer center at suburban location",
[0m[49m[38;5;10m+    424[0m:[38;5;10m[49m         "demand_scenario": "base_case",
[0m[49m[38;5;10m+    425[0m:[38;5;10m[49m         "network_changes": [{"action": "open", "location": "suburb_site_B",
[0m[49m[38;5;10m+    426[0m:[38;5;10m[49m                             "service_lines": ["oncology"], "capacity": 80}]
[0m[49m[38;5;10m+    427[0m:[38;5;10m[49m     },
[0m[49m[38;5;10m+    428[0m:[38;5;10m[49m     {
[0m[49m[38;5;10m+    429[0m:[38;5;10m[49m         "name": "consolidate_cardiac",
[0m[49m[38;5;10m+    430[0m:[38;5;10m[49m         "description": "Close cardiac surgery at Hospital C, expand at Hospital A",
[0m[49m[38;5;10m+    431[0m:[38;5;10m[49m         "demand_scenario": "base_case",
[0m[49m[38;5;10m+    432[0m:[38;5;10m[49m         "network_changes": [
[0m[49m[38;5;10m+    433[0m:[38;5;10m[49m             {"action": "close_service", "facility": "hospital_C", "service_line": "cardiac_surgery"},
[0m[49m[38;5;10m+    434[0m:[38;5;10m[49m             {"action": "expand", "facility": "hospital_A", "service_line": "cardiac_surgery", "additional_capacity": 200}
[0m[49m[38;5;10m+    435[0m:[38;5;10m[49m         ]
[0m[49m[38;5;10m+    436[0m:[38;5;10m[49m     },
[0m[49m[38;5;10m+    437[0m:[38;5;10m[49m     {
[0m[49m[38;5;10m+    438[0m:[38;5;10m[49m         "name": "competitor_entry",
[0m[49m[38;5;10m+    439[0m:[38;5;10m[49m         "description": "Competitor opens facility in east corridor",
[0m[49m[38;5;10m+    440[0m:[38;5;10m[49m         "demand_scenario": "competitor_entry_east",
[0m[49m[38;5;10m+    441[0m:[38;5;10m[49m         "network_changes": []
[0m[49m[38;5;10m+    442[0m:[38;5;10m[49m     }
[0m[49m[38;5;10m+    443[0m:[38;5;10m[49m ]
[0m[49m[38;5;10m+    444[0m:[38;5;10m[49m 
[0m[49m[38;5;10m+    445[0m:[38;5;10m[49m // Submit each scenario as a batch job
[0m[49m[38;5;10m+    446[0m:[38;5;10m[49m for each scenario in scenarios:
[0m[49m[38;5;10m+    447[0m:[38;5;10m[49m     job_id = submit_optimization_job(
[0m[49m[38;5;10m+    448[0m:[38;5;10m[49m         scenario_definition=scenario,
[0m[49m[38;5;10m+    449[0m:[38;5;10m[49m         solver="highs",  // or "gurobi" if licensed
[0m[49m[38;5;10m+    450[0m:[38;5;10m[49m         time_limit_seconds=3600,
[0m[49m[38;5;10m+    451[0m:[38;5;10m[49m         optimality_gap=0.01,
[0m[49m[38;5;10m+    452[0m:[38;5;10m[49m         container_image="network-design-solver:latest",
[0m[49m[38;5;10m+    453[0m:[38;5;10m[49m         compute_resources={"vcpus": 8, "memory_gb": 32}
[0m[49m[38;5;10m+    454[0m:[38;5;10m[49m     )
[0m[49m[38;5;10m+    455[0m:[38;5;10m[49m     record_job(scenario.name, job_id)
[0m[49m[38;5;10m+    456[0m:[38;5;10m[49m 
[0m[49m[38;5;10m+    457[0m:[38;5;10m[49m // Wait for all jobs to complete (or use event-driven notification)
[0m[49m[38;5;10m+    458[0m:[38;5;10m[49m wait_for_completion(all_job_ids)
[0m[49m[38;5;10m+    459[0m:[38;5;10m[49m notify_analysts("Scenario batch complete. 5 scenarios ready for review.")
[0m[49m[38;5;10m+    460[0m:[38;5;10m[49m ```
[0m[49m[38;5;10m+    461[0m:[38;5;10m[49m 
[0m[49m[38;5;10m+    462[0m:[38;5;10m[49m ### Step 5: Post-Process and Compare Solutions
[0m[49m[38;5;10m+    463[0m:[38;5;10m[49m 
[0m[49m[38;5;10m+    464[0m:[38;5;10m[49m Raw solver output is a set of variable values. We need to translate that into business metrics that executives can compare.
[0m[49m[38;5;10m+    465[0m:[38;5;10m[49m 
[0m[49m[38;5;10m+    466[0m:[38;5;10m[49m ```
[0m[49m[38;5;10m+    467[0m:[38;5;10m[49m // For each completed scenario, extract key metrics
[0m[49m[38;5;10m+    468[0m:[38;5;10m[49m results = []
[0m[49m[38;5;10m+    469[0m:[38;5;10m[49m for each scenario in completed_scenarios:
[0m[49m[38;5;10m+    470[0m:[38;5;10m[49m     solution = load_solution(scenario.job_id)
[0m[49m[38;5;10m+    471[0m:[38;5;10m[49m 
[0m[49m[38;5;10m+    472[0m:[38;5;10m[49m     metrics = {
[0m[49m[38;5;10m+    473[0m:[38;5;10m[49m         "scenario_name": scenario.name,
[0m[49m[38;5;10m+    474[0m:[38;5;10m[49m         "total_annual_cost": compute_total_cost(solution),
[0m[49m[38;5;10m+    475[0m:[38;5;10m[49m         "capital_required": compute_capital_cost(solution),
[0m[49m[38;5;10m+    476[0m:[38;5;10m[49m         "market_share_overall": compute_market_share(solution, choice_model),
[0m[49m[38;5;10m+    477[0m:[38;5;10m[49m         "market_share_by_service": compute_market_share_by_service(solution),
[0m[49m[38;5;10m+    478[0m:[38;5;10m[49m         "access_30min_pct": compute_access_percentage(solution, threshold=30),
[0m[49m[38;5;10m+    479[0m:[38;5;10m[49m         "access_60min_pct": compute_access_percentage(solution, threshold=60),
[0m[49m[38;5;10m+    480[0m:[38;5;10m[49m         "volume_thresholds_met": count_services_meeting_volume_threshold(solution),
[0m[49m[38;5;10m+    481[0m:[38;5;10m[49m         "equity_score": compute_equity_index(solution, demographic_data),
[0m[49m[38;5;10m+    482[0m:[38;5;10m[49m         "facilities_open": list_open_facilities(solution),
[0m[49m[38;5;10m+    483[0m:[38;5;10m[49m         "facilities_closed": list_closed_facilities(solution),
[0m[49m[38;5;10m+    484[0m:[38;5;10m[49m         "patient_flow_changes": compute_flow_changes(solution, baseline_solution)
[0m[49m[38;5;10m+    485[0m:[38;5;10m[49m     }
[0m[49m[38;5;10m+    486[0m:[38;5;10m[49m     results.append(metrics)
[0m[49m[38;5;10m+    487[0m:[38;5;10m[49m 
[0m[49m[38;5;10m+    488[0m:[38;5;10m[49m // Generate comparison table
[0m[49m[38;5;10m+    489[0m:[38;5;10m[49m comparison = create_scenario_comparison_table(results)
[0m[49m[38;5;10m+    490[0m:[38;5;10m[49m save_to_dynamodb(comparison, table="scenario_results")
[0m[49m[38;5;10m+    491[0m:[38;5;10m[49m 
[0m[49m[38;5;10m+    492[0m:[38;5;10m[49m // Generate geographic visualizations
[0m[49m[38;5;10m+    493[0m:[38;5;10m[49m for each scenario in results:
[0m[49m[38;5;10m+    494[0m:[38;5;10m[49m     generate_catchment_map(scenario, output="s3://network-design/maps/")
[0m[49m[38;5;10m+    495[0m:[38;5;10m[49m     generate_flow_diagram(scenario, output="s3://network-design/maps/")
[0m[49m[38;5;10m+    496[0m:[38;5;10m[49m 
[0m[49m[38;5;10m+    497[0m:[38;5;10m[49m // Identify Pareto-optimal solutions
[0m[49m[38;5;10m+    498[0m:[38;5;10m[49m // (solutions where no other solution is better on ALL objectives)
[0m[49m[38;5;10m+    499[0m:[38;5;10m[49m pareto_front = compute_pareto_front(
[0m[49m[38;5;10m+    500[0m:[38;5;10m[49m     results,
[0m[49m[38;5;10m+    501[0m:[38;5;10m[49m     objectives=["total_annual_cost", "access_30min_pct", "market_share_overall"],
[0m[49m[38;5;10m+    502[0m:[38;5;10m[49m     directions=["minimize", "maximize", "maximize"]
[0m[49m[38;5;10m+    503[0m:[38;5;10m[49m )
[0m[49m[38;5;10m+    504[0m:[38;5;10m[49m 
[0m[49m[38;5;10m+    505[0m:[38;5;10m[49m save_report(pareto_front, "s3://network-design/reports/pareto_analysis.pdf")
[0m[49m[38;5;10m+    506[0m:[38;5;10m[49m ```
[0m[49m[38;5;10m+    507[0m:[38;5;10m[49m 
[0m[49m[38;5;10m+    508[0m:[38;5;10m[49m ### Step 6: Sensitivity Analysis
[0m[49m[38;5;10m+    509[0m:[38;5;10m[49m 
[0m[49m[38;5;10m+    510[0m:[38;5;10m[49m Which assumptions drive the answer? If the optimal strategy changes when you adjust population growth by 10%, that's a fragile recommendation. If it's robust across a wide range of assumptions, leadership can act with confidence.
[0m[49m[38;5;10m+    511[0m:[38;5;10m[49m 
[0m[49m[38;5;10m+    512[0m:[38;5;10m[49m ```
[0m[49m[38;5;10m+    513[0m:[38;5;10m[49m // Identify key parameters to vary
[0m[49m[38;5;10m+    514[0m:[38;5;10m[49m sensitivity_parameters = [
[0m[49m[38;5;10m+    515[0m:[38;5;10m[49m     {"name": "population_growth_rate", "base": 0.02, "range": [0.005, 0.04]},
[0m[49m[38;5;10m+    516[0m:[38;5;10m[49m     {"name": "distance_decay_beta", "base": 2.0, "range": [1.5, 3.0]},
[0m[49m[38;5;10m+    517[0m:[38;5;10m[49m     {"name": "competitor_market_share", "base": 0.15, "range": [0.10, 0.25]},
[0m[49m[38;5;10m+    518[0m:[38;5;10m[49m     {"name": "capital_budget", "base": 200_000_000, "range": [150_000_000, 300_000_000]},
[0m[49m[38;5;10m+    519[0m:[38;5;10m[49m     {"name": "min_volume_threshold_cardiac", "base": 200, "range": [100, 300]}
[0m[49m[38;5;10m+    520[0m:[38;5;10m[49m ]
[0m[49m[38;5;10m+    521[0m:[38;5;10m[49m 
[0m[49m[38;5;10m+    522[0m:[38;5;10m[49m // For each parameter, solve at multiple values
[0m[49m[38;5;10m+    523[0m:[38;5;10m[49m sensitivity_results = {}
[0m[49m[38;5;10m+    524[0m:[38;5;10m[49m for each param in sensitivity_parameters:
[0m[49m[38;5;10m+    525[0m:[38;5;10m[49m     param_results = []
[0m[49m[38;5;10m+    526[0m:[38;5;10m[49m     for value in linspace(param.range[0], param.range[1], steps=10):
[0m[49m[38;5;10m+    527[0m:[38;5;10m[49m         modified_scenario = copy(baseline_scenario)
[0m[49m[38;5;10m+    528[0m:[38;5;10m[49m         modified_scenario.parameters[param.name] = value
[0m[49m[38;5;10m+    529[0m:[38;5;10m[49m         solution = solve_optimization(modified_scenario)
[0m[49m[38;5;10m+    530[0m:[38;5;10m[49m         param_results.append({
[0m[49m[38;5;10m+    531[0m:[38;5;10m[49m             "param_value": value,
[0m[49m[38;5;10m+    532[0m:[38;5;10m[49m             "optimal_strategy": extract_strategy(solution),
[0m[49m[38;5;10m+    533[0m:[38;5;10m[49m             "objective_value": solution.objective_value
[0m[49m[38;5;10m+    534[0m:[38;5;10m[49m         })
[0m[49m[38;5;10m+    535[0m:[38;5;10m[49m     sensitivity_results[param.name] = param_results
[0m[49m[38;5;10m+    536[0m:[38;5;10m[49m 
[0m[49m[38;5;10m+    537[0m:[38;5;10m[49m // Identify "tipping points" where the optimal strategy changes
[0m[49m[38;5;10m+    538[0m:[38;5;10m[49m for each param in sensitivity_parameters:
[0m[49m[38;5;10m+    539[0m:[38;5;10m[49m     tipping_points = find_strategy_changes(sensitivity_results[param.name])
[0m[49m[38;5;10m+    540[0m:[38;5;10m[49m     if tipping_points:
[0m[49m[38;5;10m+    541[0m:[38;5;10m[49m         flag_as_critical_assumption(param.name, tipping_points)
[0m[49m[38;5;10m+    542[0m:[38;5;10m[49m 
[0m[49m[38;5;10m+    543[0m:[38;5;10m[49m generate_tornado_diagram(sensitivity_results)
[0m[49m[38;5;10m+    544[0m:[38;5;10m[49m generate_sensitivity_report(sensitivity_results, tipping_points)
[0m[49m[38;5;10m+    545[0m:[38;5;10m[49m ```
[0m[49m[38;5;10m+    546[0m:[38;5;10m[49m 
[0m[49m[38;5;10m+    547[0m:[38;5;10m[49m > **Curious how this looks in Python?** The pseudocode above covers the concepts. If you'd like to see sample Python code that demonstrates these patterns using boto3, check out the [Python Example](chapter14.10-python-example). It walks through each step with inline comments and notes on what you'd need to change for a real deployment.
[0m[49m[38;5;10m+    548[0m:[38;5;10m[49m 
[0m[49m[38;5;10m+    549[0m:[38;5;10m[49m ---
[0m[49m[38;5;10m+    550[0m:[38;5;10m[49m 
[0m[49m[38;5;10m+    551[0m:[38;5;10m[49m ## Expected Results
[0m[49m[38;5;10m+    552[0m:[38;5;10m[49m 
[0m[49m[38;5;10m+    553[0m:[38;5;10m[49m ### Sample Output: Scenario Comparison
[0m[49m[38;5;10m+    554[0m:[38;5;10m[49m 
[0m[49m[38;5;10m+    555[0m:[38;5;10m[49m ```json
[0m[49m[38;5;10m+    556[0m:[38;5;10m[49m {
[0m[49m[38;5;10m+    557[0m:[38;5;10m[49m   "scenario_comparison": {
[0m[49m[38;5;10m+    558[0m:[38;5;10m[49m     "baseline": {
[0m[49m[38;5;10m+    559[0m:[38;5;10m[49m       "total_annual_cost_millions": 892,
[0m[49m[38;5;10m+    560[0m:[38;5;10m[49m       "capital_required_millions": 0,
[0m[49m[38;5;10m+    561[0m:[38;5;10m[49m       "market_share_pct": 34.2,
[0m[49m[38;5;10m+    562[0m:[38;5;10m[49m       "access_30min_pct": 78.5,
[0m[49m[38;5;10m+    563[0m:[38;5;10m[49m       "equity_index": 0.72,
[0m[49m[38;5;10m+    564[0m:[38;5;10m[49m       "cardiac_volume_threshold_met": true
[0m[49m[38;5;10m+    565[0m:[38;5;10m[49m     },
[0m[49m[38;5;10m+    566[0m:[38;5;10m[49m     "new_cancer_center_downtown": {
[0m[49m[38;5;10m+    567[0m:[38;5;10m[49m       "total_annual_cost_millions": 934,
[0m[49m[38;5;10m+    568[0m:[38;5;10m[49m       "capital_required_millions": 245,
[0m[49m[38;5;10m+    569[0m:[38;5;10m[49m       "market_share_pct": 38.1,
[0m[49m[38;5;10m+    570[0m:[38;5;10m[49m       "access_30min_pct": 82.3,
[0m[49m[38;5;10m+    571[0m:[38;5;10m[49m       "equity_index": 0.81,
[0m[49m[38;5;10m+    572[0m:[38;5;10m[49m       "cardiac_volume_threshold_met": true
[0m[49m[38;5;10m+    573[0m:[38;5;10m[49m     },
[0m[49m[38;5;10m+    574[0m:[38;5;10m[49m     "new_cancer_center_suburbs": {
[0m[49m[38;5;10m+    575[0m:[38;5;10m[49m       "total_annual_cost_millions": 928,
[0m[49m[38;5;10m+    576[0m:[38;5;10m[49m       "capital_required_millions": 210,
[0m[49m[38;5;10m+    577[0m:[38;5;10m[49m       "market_share_pct": 36.8,
[0m[49m[38;5;10m+    578[0m:[38;5;10m[49m       "access_30min_pct": 80.1,
[0m[49m[38;5;10m+    579[0m:[38;5;10m[49m       "equity_index": 0.74,
[0m[49m[38;5;10m+    580[0m:[38;5;10m[49m       "cardiac_volume_threshold_met": true
[0m[49m[38;5;10m+    581[0m:[38;5;10m[49m     },
[0m[49m[38;5;10m+    582[0m:[38;5;10m[49m     "consolidate_cardiac": {
[0m[49m[38;5;10m+    583[0m:[38;5;10m[49m       "total_annual_cost_millions": 878,
[0m[49m[38;5;10m+    584[0m:[38;5;10m[49m       "capital_required_millions": 35,
[0m[49m[38;5;10m+    585[0m:[38;5;10m[49m       "market_share_pct": 33.8,
[0m[49m[38;5;10m+    586[0m:[38;5;10m[49m       "access_30min_pct": 76.2,
[0m[49m[38;5;10m+    587[0m:[38;5;10m[49m       "equity_index": 0.70,
[0m[49m[38;5;10m+    588[0m:[38;5;10m[49m       "cardiac_volume_threshold_met": true
[0m[49m[38;5;10m+    589[0m:[38;5;10m[49m     }
[0m[49m[38;5;10m+    590[0m:[38;5;10m[49m   }
[0m[49m[38;5;10m+    591[0m:[38;5;10m[49m }
[0m[49m[38;5;10m+    592[0m:[38;5;10m[49m ```
[0m[49m[38;5;10m+    593[0m:[38;5;10m[49m 
[0m[49m[38;5;10m+    594[0m:[38;5;10m[49m ### Performance Benchmarks
[0m[49m[38;5;10m+    595[0m:[38;5;10m[49m 
[0m[49m[38;5;10m+    596[0m:[38;5;10m[49m | Metric | Typical Value |
[0m[49m[38;5;10m+    597[0m:[38;5;10m[49m |--------|--------------|
[0m[49m[38;5;10m+    598[0m:[38;5;10m[49m | Model build time (from data to solver input) | 5-15 minutes |
[0m[49m[38;5;10m+    599[0m:[38;5;10m[49m | Solver time per scenario (50 facilities, 500 zones, 10 service lines) | 10-60 minutes |
[0m[49m[38;5;10m+    600[0m:[38;5;10m[49m | Solver time per scenario (100 facilities, 1000 zones, 20 service lines) | 1-4 hours |
[0m[49m[38;5;10m+    601[0m:[38;5;10m[49m | Scenario batch (20 scenarios, parallel) | 1-4 hours wall clock |
[0m[49m[38;5;10m+    602[0m:[38;5;10m[49m | Drive-time matrix computation (1000 x 100) | 15-30 minutes |
[0m[49m[38;5;10m+    603[0m:[38;5;10m[49m | Demand model training | 30-60 minutes |
[0m[49m[38;5;10m+    604[0m:[38;5;10m[49m | Post-processing per scenario | 2-5 minutes |
[0m[49m[38;5;10m+    605[0m:[38;5;10m[49m 
[0m[49m[38;5;10m+    606[0m:[38;5;10m[49m ### Where It Struggles
[0m[49m[38;5;10m+    607[0m:[38;5;10m[49m 
[0m[49m[38;5;10m+    608[0m:[38;5;10m[49m - **Data quality.** If your claims data has inconsistent patient ZIP codes or missing service line classifications, the demand model is garbage. Garbage in, garbage out. Budget significant time for data cleaning.
[0m[49m[38;5;10m+    609[0m:[38;5;10m[49m - **Patient choice modeling.** The gravity model is a simplification. Real patient choice is influenced by physician referral patterns, insurance network restrictions, and word-of-mouth reputation. These are hard to quantify.
[0m[49m[38;5;10m+    610[0m:[38;5;10m[49m - **Competitor response.** The model assumes competitors hold still while you optimize. In reality, they'll respond to your moves. True game-theoretic modeling is possible but dramatically increases complexity.
[0m[49m[38;5;10m+    611[0m:[38;5;10m[49m - **Political feasibility.** The solver might say "close Hospital B." The community around Hospital B will have opinions. The model doesn't capture political cost.
[0m[49m[38;5;10m+    612[0m:[38;5;10m[49m - **Long time horizons.** A 10-year demand forecast is inherently uncertain. The further out you project, the wider the confidence intervals. Sensitivity analysis helps, but doesn't eliminate this uncertainty.
[0m[49m[38;5;10m+    613[0m:[38;5;10m[49m 
[0m[49m[38;5;10m+    614[0m:[38;5;10m[49m ---
[0m[49m[38;5;10m+    615[0m:[38;5;10m[49m 
[0m[49m[38;5;10m+    616[0m:[38;5;10m[49m ## The Honest Take
[0m[49m[38;5;10m+    617[0m:[38;5;10m[49m 
[0m[49m[38;5;10m+    618[0m:[38;5;10m[49m Here's what I've learned building these systems:
[0m[49m[38;5;10m+    619[0m:[38;5;10m[49m 
[0m[49m[38;5;10m+    620[0m:[38;5;10m[49m **The model is not the hard part.** The MIP formulation is well-understood. Any competent operations researcher can write it. The hard parts are: (1) getting clean, reconciled data from 15 different source systems, (2) getting stakeholders to agree on objective weights ("how much is a 1% market share gain worth relative to a 5-minute access improvement?"), and (3) translating solver output into a narrative that a board of directors can act on.
[0m[49m[38;5;10m+    621[0m:[38;5;10m[49m 
[0m[49m[38;5;10m+    622[0m:[38;5;10m[49m **Scenario comparison is more valuable than optimization.** Executives don't trust a black box that says "do this." They trust a framework that says "here are your options, here are the tradeoffs, here's what's robust across assumptions." The optimization engine is a scenario evaluation tool, not an oracle.
[0m[49m[38;5;10m+    623[0m:[38;5;10m[49m 
[0m[49m[38;5;10m+    624[0m:[38;5;10m[49m **The distance decay parameter matters enormously.** Small changes in how sensitive patients are to travel time can flip the optimal strategy from "consolidate into fewer large facilities" to "distribute across many smaller sites." Calibrate this parameter carefully from your actual patient flow data. Don't guess.
[0m[49m[38;5;10m+    625[0m:[38;5;10m[49m 
[0m[49m[38;5;10m+    626[0m:[38;5;10m[49m **CON laws make half your solutions infeasible.** In states with Certificate of Need requirements, you can't just open a new facility or add beds because the math says so. You need regulatory approval, which takes 12-18 months and isn't guaranteed. Build regulatory feasibility into your constraint set early, not as an afterthought.
[0m[49m[38;5;10m+    627[0m:[38;5;10m[49m 
[0m[49m[38;5;10m+    628[0m:[38;5;10m[49m **Update the model, don't just run it once.** The health systems that get value from network design optimization are the ones that maintain the model as a living asset. They update demand data quarterly, re-run scenarios when market conditions change, and use the platform for ongoing strategic planning. The ones that treat it as a one-time consulting engagement get a nice report that's outdated within a year.
[0m[49m[38;5;10m+    629[0m:[38;5;10m[49m 
[0m[49m[38;5;10m+    630[0m:[38;5;10m[49m **Equity analysis is no longer optional.** Community benefit requirements, health equity mandates, and public scrutiny mean that "maximize revenue" is not an acceptable sole objective. Build equity metrics (access by income quintile, access by race/ethnicity, access in medically underserved areas) into your model from day one. If the board asks "what's the equity impact?" and you can't answer, you've failed.
[0m[49m[38;5;10m+    631[0m:[38;5;10m[49m 
[0m[49m[38;5;10m+    632[0m:[38;5;10m[49m ---
[0m[49m[38;5;10m+    633[0m:[38;5;10m[49m 
[0m[49m[38;5;10m+    634[0m:[38;5;10m[49m ## Variations and Extensions
[0m[49m[38;5;10m+    635[0m:[38;5;10m[49m 
[0m[49m[38;5;10m+    636[0m:[38;5;10m[49m ### 1. Dynamic Network Redesign with Phased Implementation
[0m[49m[38;5;10m+    637[0m:[38;5;10m[49m 
[0m[49m[38;5;10m+    638[0m:[38;5;10m[49m Real network changes don't happen overnight. A new facility takes 3-5 years from decision to opening. Extend the model to a multi-period formulation where decisions are staged over time: "expand Hospital A in year 2, open new clinic in year 4, close Hospital B in year 6." This captures the sequencing constraints and allows the model to account for demand growth between phases.
[0m[49m[38;5;10m+    639[0m:[38;5;10m[49m 
[0m[49m[38;5;10m+    640[0m:[38;5;10m[49m ### 2. Integrated Workforce Planning
[0m[49m[38;5;10m+    641[0m:[38;5;10m[49m 
[0m[49m[38;5;10m+    642[0m:[38;5;10m[49m Facilities are useless without staff. Extend the model to jointly optimize facility locations and workforce recruitment/deployment. Add constraints for physician recruitment timelines (18-24 months for specialists), nursing pipeline capacity, and training program throughput. The optimal facility plan might be infeasible if you can't staff it.
[0m[49m[38;5;10m+    643[0m:[38;5;10m[49m 
[0m[49m[38;5;10m+    644[0m:[38;5;10m[49m ### 3. Telehealth-Hybrid Network Design
[0m[49m[38;5;10m+    645[0m:[38;5;10m[49m 
[0m[49m[38;5;10m+    646[0m:[38;5;10m[49m The pandemic permanently changed the access equation. Some services (behavioral health, follow-up visits, chronic disease management) can be delivered virtually, reducing the importance of physical proximity. Extend the model to include virtual care capacity as a "facility" with zero distance but limited by technology adoption rates and clinical appropriateness. This changes the optimal physical network significantly.
[0m[49m[38;5;10m+    647[0m:[38;5;10m[49m 
[0m[49m[38;5;10m+    648[0m:[38;5;10m[49m ---
[0m[49m[38;5;10m+    649[0m:[38;5;10m[49m 
[0m[49m[38;5;10m+    650[0m:[38;5;10m[49m ## Related Recipes
[0m[49m[38;5;10m+    651[0m:[38;5;10m[49m 
[0m[49m[38;5;10m+    652[0m:[38;5;10m[49m - **Recipe 14.5: Operating Room Block Scheduling** — Once you've decided where to place surgical services, block scheduling optimizes how those ORs are allocated. Network design feeds the capacity parameters into block scheduling.
[0m[49m[38;5;10m+    653[0m:[38;5;10m[49m - **Recipe 14.6: Patient Flow / Bed Assignment** — Network design determines macro-level capacity. Patient flow optimization handles the micro-level: which specific bed does this specific patient get today?
[0m[49m[38;5;10m+    654[0m:[38;5;10m[49m - **Recipe 7.3: Geographic Risk Stratification** — Predictive analytics for identifying high-risk populations by geography. The demand modeling layer in network design uses similar geographic analysis techniques.
[0m[49m[38;5;10m+    655[0m:[38;5;10m[49m - **Recipe 14.8: Ambulance Routing and Dispatch** — Emergency transport routing is directly affected by facility locations. Network design decisions change the ambulance routing problem.
[0m[49m[38;5;10m+    656[0m:[38;5;10m[49m 
[0m[49m[38;5;10m+    657[0m:[38;5;10m[49m ---
[0m[49m[38;5;10m+    658[0m:[38;5;10m[49m 
[0m[49m[38;5;10m+    659[0m:[38;5;10m[49m ## Additional Resources
[0m[49m[38;5;10m+    660[0m:[38;5;10m[49m 
[0m[49m[38;5;10m+    661[0m:[38;5;10m[49m ### AWS Documentation
[0m[49m[38;5;10m+    662[0m:[38;5;10m[49m 
[0m[49m[38;5;10m+    663[0m:[38;5;10m[49m - [Amazon SageMaker Developer Guide](https://docs.aws.amazon.com/sagemaker/latest/dg/whatis.html) — Training demand forecasting and patient choice models
[0m[49m[38;5;10m+    664[0m:[38;5;10m[49m - [AWS Batch User Guide](https://docs.aws.amazon.com/batch/latest/userguide/what-is-batch.html) — Running solver containers for scenario batches
[0m[49m[38;5;10m+    665[0m:[38;5;10m[49m - [AWS Step Functions Developer Guide](https://docs.aws.amazon.com/step-functions/latest/dg/welcome.html) — Orchestrating multi-step optimization workflows
[0m[49m[38;5;10m+    666[0m:[38;5;10m[49m - [Amazon Location Service Developer Guide](https://docs.aws.amazon.com/location/latest/developerguide/welcome.html) — Computing drive-time matrices and isochrones
[0m[49m[38;5;10m+    667[0m:[38;5;10m[49m - [Amazon QuickSight User Guide](https://docs.aws.amazon.com/quicksight/latest/user/welcome.html) — Building scenario comparison dashboards
[0m[49m[38;5;10m+    668[0m:[38;5;10m[49m 
[0m[49m[38;5;10m+    669[0m:[38;5;10m[49m ### Optimization Solver Documentation
[0m[49m[38;5;10m+    670[0m:[38;5;10m[49m 
[0m[49m[38;5;10m+    671[0m:[38;5;10m[49m - [HiGHS Documentation](https://ergo-code.github.io/HiGHS/) — Open-source MIP solver, increasingly competitive with commercial options
[0m[49m[38;5;10m+    672[0m:[38;5;10m[49m - [Google OR-Tools](https://developers.google.com/optimization) — Open-source optimization suite with Python bindings
[0m[49m[38;5;10m+    673[0m:[38;5;10m[49m - TODO: Verify current Gurobi cloud licensing options for AWS deployment
[0m[49m[38;5;10m+    674[0m:[38;5;10m[49m 
[0m[49m[38;5;10m+    675[0m:[38;5;10m[49m ### Healthcare Network Design References
[0m[49m[38;5;10m+    676[0m:[38;5;10m[49m 
[0m[49m[38;5;10m+    677[0m:[38;5;10m[49m - TODO: Verify specific AWS healthcare solutions library entries for facility planning
[0m[49m[38;5;10m+    678[0m:[38;5;10m[49m - TODO: Verify AWS blog posts on healthcare optimization use cases
[0m[49m[38;5;10m+    679[0m:[38;5;10m[49m 
[0m[49m[38;5;10m+    680[0m:[38;5;10m[49m ---
[0m[49m[38;5;10m+    681[0m:[38;5;10m[49m 
[0m[49m[38;5;10m+    682[0m:[38;5;10m[49m ## Estimated Implementation Time
[0m[49m[38;5;10m+    683[0m:[38;5;10m[49m 
[0m[49m[38;5;10m+    684[0m:[38;5;10m[49m | Phase | Duration |
[0m[49m[38;5;10m+    685[0m:[38;5;10m[49m |-------|----------|
[0m[49m[38;5;10m+    686[0m:[38;5;10m[49m | Basic (single service line, static demand, manual scenario definition) | 8-12 weeks |
[0m[49m[38;5;10m+    687[0m:[38;5;10m[49m | Production-ready (multi-service, demand forecasting, scenario platform, dashboards) | 16-24 weeks |
[0m[49m[38;5;10m+    688[0m:[38;5;10m[49m | With variations (multi-period, workforce integration, telehealth hybrid) | 24-36 weeks |
[0m[49m[38;5;10m+    689[0m:[38;5;10m[49m 
[0m[49m[38;5;10m+    690[0m:[38;5;10m[49m ---
[0m[49m[38;5;10m+    691[0m:[38;5;10m[49m 
[0m[49m[38;5;10m+    692[0m:[38;5;10m[49m ## Tags
[0m[49m[38;5;10m+    693[0m:[38;5;10m[49m 
[0m[49m[38;5;10m+    694[0m:[38;5;10m[49m `optimization` `facility-location` `network-design` `strategic-planning` `MIP` `mixed-integer-programming` `demand-forecasting` `patient-choice-model` `scenario-analysis` `geographic-access` `capacity-planning` `healthcare-strategy`
[0m[49m[38;5;10m+    695[0m:[38;5;10m[49m 
[0m[49m[38;5;10m+    696[0m:[38;5;10m[49m ---
[0m[49m[38;5;10m+    697[0m:[38;5;10m[49m 
[0m[49m[38;5;10m+    698[0m:[38;5;10m[49m | [← 14.9: Chemotherapy Scheduling](chapter14.09-chemotherapy-scheduling) | [Chapter 14 Index](chapter14-index) | [Chapter 15 →](chapter15-preface) |
[0m[K
Creating: [38;5;141m/tmp/ralph-worktrees/iter-1081/chapter14.10-health-system-network-design.md[0m
[38;5;244m - Completed in 0.0s[0m

[38;5;141m> [0mNow let me update the [38;5;10m_Sidebar.md[0m to include this new recipe:[0m[0m
Searching: [38;5;141m/tmp/ralph-worktrees/iter-1081/_Sidebar.md[0m for pattern: [38;5;141m14.09[0m[38;5;244m (using tool: read)[0m
[38;5;10m ✓ [0mFound 2 matches for pattern '14.09' in /tmp/ralph-worktrees/iter-1081/_Sidebar.md
[38;5;244m - Completed in 0.0s[0m

I'll modify the following file: [38;5;141m_Sidebar.md[0m[38;5;244m (using tool: write)[0m

[49m[39m  0, 0[0m:[39m[49m * [14.9 — Chemotherapy Scheduling](chapter14.09-chemotherapy-scheduling)
[0m[49m[39m  1, 1[0m:[39m[49m   * [Python Example](chapter14.09-python-example)
[0m[49m[38;5;10m+    2[0m:[38;5;10m[49m * [14.10 — Health System Network Design](chapter14.10-health-system-network-design)
[0m[49m[38;5;10m+    3[0m:[38;5;10m[49m   * [Python Example](chapter14.10-python-example)
[0m[49m[39m  2, 4[0m:[39m[49m 
[0m[49m[39m  3, 5[0m:[39m[49m ---
[0m[K
Updating: [38;5;141m_Sidebar.md[0m
[38;5;244m - Completed in 0.0s[0m

[38;5;141m> [0mThe recipe is complete. Let me verify the file was written correctly:[0m[0m
I will run the following command: [38;5;141mwc -l /tmp/ralph-worktrees/iter-1081/chapter14.10-health-system-network-design.md[0m[38;5;244m (using tool: shell)[0m
Purpose: Check line count of the new recipe

698 /tmp/ralph-worktrees/iter-1081/chapter14.10-health-system-network-design.md
[38;5;244m - Completed in 0.9s[0m

[38;5;141m> [0mRecipe 14.10 is complete at 698 lines. Here's what was delivered:[0m[0m
[0m[0m
[1mFile created:[22m [38;5;10mchapter14.10-health-system-network-design.md[0m[0m[0m
[0m[0m
[1mStructure follows the recipe guide:[22m[0m[0m
- **The Problem** — Passionate framing of why health system network decisions are high-stakes, expensive, and currently driven by politics over data[0m[0m
- **The Technology** — Vendor-agnostic deep dive into facility location problems, demand modeling (gravity/Huff models), MIP formulation, solver selection, and scenario planning workflows[0m[0m
- **General Architecture Pattern** — Conceptual pipeline from data layer through optimization engine to presentation[0m[0m
- **AWS-Specific Section** — Service selection rationale, architecture diagram (Mermaid), prerequisites table, ingredients table[0m[0m
- **Pseudocode Walkthrough** — 6 steps covering demand modeling, distance matrix computation, MIP formulation, scenario batches, post-processing/Pareto analysis, and sensitivity analysis[0m[0m
- **Expected Results** — Sample JSON output, performance benchmarks, honest failure modes[0m[0m
- **The Honest Take** — Real lessons about data being harder than math, scenario comparison over optimization, distance decay sensitivity, CON laws, and equity requirements[0m[0m
- **Variations** — Multi-period phased implementation, workforce integration, telehealth-hybrid networks[0m[0m
- **Related Recipes, Resources, Tags, Navigation** — All present[0m[0m
[0m[0m
[1mSidebar updated[22m with the new recipe entry.[0m[0m
[0m[0m
[38;5;252m[0m[?25l[?25l[?25l[0m[0m[?25l[0m[?25l[0m[0m[?25l[0m[?25l[?25l[0m[0m[?25l[0m[?25l[?25l[0m[0m[?25l[0m[?25l[0m[0m[?25l[0m[?25l[0m[0m[?25l[0m[?25l[0m[0m[?25l[0m[?25l[0m[0m[?25l[0m[0m[0m
[38;5;8m
 ▸ Credits: 10.24 • Time: 4m 7s

[0m[1G[0m[0m[?25h[1mTODOs inserted[22m for claims that need verification (Gurobi licensing, AWS-specific blog/solution links).[38;5;11mWARNING: [0mDuplicate agent with name [38;5;10mmeshclaw-lite[0m was found in the global directory.
[0m[32mAll tools are now trusted ([0m[31m![0m[32m). Kiro will execute tools without asking for confirmation.[0m
Agents can sometimes do unexpected things so understand the risks.

Learn more at [38;5;141mhttps://kiro.dev/docs/cli/chat/security/#using-tools-trust-all-safely[0m



[38;5;252m[0m[?25l[?25l[0m[0m[1mTool validation failed: [0m
[38;5;9mFailed to validate tool parameters: '/tmp/ralph-worktrees/iter-1081/chapters/14-optimization/recipe-10-health-system-network-design.md' does not exist
Searching for files: [38;5;141m**/*network-design*[0m in [38;5;141m/tmp/ralph-worktrees/iter-1081[0m[38;5;244m (using tool: glob)[0mSearching for files: [38;5;141m**/*14*10*[0m in [38;5;141m/tmp/ralph-worktrees/iter-1081[0m[38;5;244m (using tool: glob)[0m
[38;5;10m ✓ [0mSuccessfully found [38;5;244m1 files[0m under /tmp/ralph-worktrees/iter-1081
[38;5;244m - Completed in 0.11s[0m


[38;5;10m ✓ [0mSuccessfully found [38;5;244m6 files[0m under /tmp/ralph-worktrees/iter-1081
[38;5;244m - Completed in 0.9s[0m

Reading file: [38;5;141m/tmp/ralph-worktrees/iter-1081/chapter14.10-health-system-network-design.md[0m, all lines[38;5;244m (using tool: read)[0m
[38;5;10m ✓ [0mSuccessfully read [38;5;244m40073 bytes[0m from /tmp/ralph-worktrees/iter-1081/chapter14.10-health-system-network-design.md
[38;5;244m - Completed in 0.0s[0m

[38;5;141m> [0mNow I need to check for em dashes in the content and verify all required sections are present.[0m[0m
[0m[0m
Let me check for em dashes (the character [38;5;10m—[0m):[0m[0m
[0m[0m
The document contains multiple em dashes. Let me search for them:[0m[0m
Searching for: [38;5;141m—[0m in [38;5;141m/tmp/ralph-worktrees/iter-1081/chapter14.10-health-system-network-design.md[0m[38;5;244m (using tool: grep)[0m
[38;5;10m ✓ [0mSuccessfully found [38;5;244m11 matches[0m in [38;5;244m1 files[0m under /tmp/ralph-worktrees/iter-1081/chapter14.10-health-system-network-design.md (result is truncated)
[38;5;244m - Completed in 0.0s[0m

Searching for: [38;5;141m—[0m in [38;5;141m/tmp/ralph-worktrees/iter-1081/chapter14.10-health-system-network-design.md[0m[38;5;244m (using tool: grep)[0m
[38;5;10m ✓ [0mSuccessfully found [38;5;244m11 matches[0m in [38;5;244m1 files[0m under /tmp/ralph-worktrees/iter-1081/chapter14.10-health-system-network-design.md
[38;5;244m - Completed in 0.0s[0m

[38;5;141m> [0mThe document contains 11 em dashes ([38;5;10m—[0m). The pass condition explicitly states "Prose matches project voice with no em dashes."[0m[0m
[0m[0m
[0m[?25l[?25l[0m[0m[?25l[0m[?25l[0m[0m[?25l[0m[?25l[0m[0m[?25l[0m[?25l[0m[0m[?25l[0m[0m[0m
[38;5;8m
 ▸ Credits: 3.31 • Time: 24s

[0m[1G[0m[0m[?25h{"verdict": "fail", "rationale": "Document contains 11 em dashes (in Related Recipes descriptions and Additional Resources annotations), violating the 'no em dashes' requirement of the project voice."}