# parallel_worker header: concurrency_limit=2 batch_id=batch-1779680354614-000002-2eaa7044204aaac6 iteration=164 task_id=ch11-r08-expert-review persona=TechExpertReviewer
[32mAll tools are now trusted ([0m[31m![0m[32m). Kiro will execute tools without asking for confirmation.[0m
Agents can sometimes do unexpected things so understand the risks.

Learn more at [38;5;141mhttps://kiro.dev/docs/cli/chat/security/#using-tools-trust-all-safely[0m



Reading directory: [38;5;141mC:\Users\lawsnic\OneDrive - amazon.com\Documents\HCLS-ai-book\.ralph\worktrees\iter-164[0m[38;5;244m (using tool: read, max depth: 0, max entries: 1000, excluding: defaults)[0m
[38;5;10m ✓ [0mSuccessfully read directory [38;5;141mC:\Users\lawsnic\OneDrive - amazon.com\Documents\HCLS-ai-book\.ralph\worktrees\iter-164[0m [38;5;244m(168 entries)[0m
[38;5;244m - Completed in 0.3s[0m

Batch fs_read operation with [38;5;141m3[0m operations[38;5;244m (using tool: read)[0m

↱ Operation 1: Reading file: [38;5;141mC:\Users\lawsnic\OneDrive - amazon.com\Documents\HCLS-ai-book\.ralph\worktrees\iter-164\chapter11.08-mental-health-support-bot.md[0m, all lines
↱ Operation 2: Reading file: [38;5;141mC:\Users\lawsnic\OneDrive - amazon.com\Documents\HCLS-ai-book\.ralph\worktrees\iter-164\STYLE-GUIDE.md[0m, all lines
↱ Operation 3: Reading file: [38;5;141mC:\Users\lawsnic\OneDrive - amazon.com\Documents\HCLS-ai-book\.ralph\worktrees\iter-164\RECIPE-GUIDE.md[0m, all lines
[38;5;10m ✓ [0mSuccessfully read [38;5;244m211204 bytes[0m from C:\Users\lawsnic\OneDrive - amazon.com\Documents\HCLS-ai-book\.ralph\worktrees\iter-164\chapter11.08-mental-health-support-bot.md

[38;5;10m ✓ [0mSuccessfully read [38;5;244m3731 bytes[0m from C:\Users\lawsnic\OneDrive - amazon.com\Documents\HCLS-ai-book\.ralph\worktrees\iter-164\STYLE-GUIDE.md

[38;5;10m ✓ [0mSuccessfully read [38;5;244m9026 bytes[0m from C:\Users\lawsnic\OneDrive - amazon.com\Documents\HCLS-ai-book\.ralph\worktrees\iter-164\RECIPE-GUIDE.md

 ⋮ 

[38;5;244m- [0mSummary: 3 operations processed, 3 successful, 0 failed
[38;5;244m - Completed in 0.3s[0m

Reading directory: [38;5;141mC:\Users\lawsnic\OneDrive - amazon.com\Documents\HCLS-ai-book\.ralph\worktrees\iter-164\reviews[0m[38;5;244m (using tool: read, max depth: 0, max entries: 50, excluding: defaults)[0m
[38;5;10m ✓ [0mSuccessfully read directory [38;5;141mC:\Users\lawsnic\OneDrive - amazon.com\Documents\HCLS-ai-book\.ralph\worktrees\iter-164\reviews[0m [38;5;244m(showing 50 of 132 entries, offset: 0)[0m
[38;5;244m - Completed in 0.4s[0m

Searching for: [38;5;141mchapter11\.07-expert-review[0m in [38;5;141mC:\Users\lawsnic\OneDrive - amazon.com\Documents\HCLS-ai-book\.ralph\worktrees\iter-164\reviews[0m[38;5;244m (using tool: grep)[0mSearching for files: [38;5;141mreviews/chapter11.*-expert-review.md[0m[38;5;244m (using tool: glob)[0m
[38;5;9m ❗ [0mNo matches found for pattern: [38;5;244mchapter11\.07-expert-review[0m under C:\Users\lawsnic\OneDrive - amazon.com\Documents\HCLS-ai-book\.ralph\worktrees\iter-164\reviews
[38;5;244m - Completed in 0.61s[0m


[38;5;10m ✓ [0mSuccessfully found [38;5;244m7 files[0m under current directory
[38;5;244m - Completed in 0.7s[0m

Reading file: [38;5;141mC:\Users\lawsnic\OneDrive - amazon.com\Documents\HCLS-ai-book\.ralph\worktrees\iter-164\reviews\chapter11.07-expert-review.md[0m, all lines[38;5;244m (using tool: read)[0m
[38;5;10m ✓ [0mSuccessfully read [38;5;244m181718 bytes[0m from C:\Users\lawsnic\OneDrive - amazon.com\Documents\HCLS-ai-book\.ralph\worktrees\iter-164\reviews\chapter11.07-expert-review.md
[38;5;244m - Completed in 0.1s[0m

Reading file: [38;5;141mC:\Users\lawsnic\OneDrive - amazon.com\Documents\HCLS-ai-book\.ralph\worktrees\iter-164\reviews\chapter11.06-expert-review.md[0m, from line [38;5;141m1[0m to [38;5;141m200[0m[38;5;244m (using tool: read)[0m
[38;5;10m ✓ [0mSuccessfully read [38;5;244m53226 bytes[0m from C:\Users\lawsnic\OneDrive - amazon.com\Documents\HCLS-ai-book\.ralph\worktrees\iter-164\reviews\chapter11.06-expert-review.md
[38;5;244m - Completed in 0.1s[0m

[38;5;141m> [0mI've reviewed the Recipe 11.8 draft, the style guide, the recipe guide, and the prior expert reviews (especially 11.6 and 11.7) for chapter pattern. Now I'll write the expert review.[0m[0m
[38;5;141m> [0mI'll write the expert review now, keeping it focused and concise following the chapter pattern.[0m[0m
