# parallel_worker header: concurrency_limit=4 batch_id=batch-1781748628369-000017-eac2e3a40a146f64 iteration=1507 task_id=ch06-r03-archsplit persona=TechEditor
[38;5;11mWARNING: [0mDuplicate agent with name [38;5;10mmeshclaw-lite[0m was found in the global directory.
[0m[38;5;9mError: [0mJson supplied at /home/lawsnic/.kiro/agents/AmazonBuilderCoreAIAgents-amzn-builder.json is invalid: unknown field `permissions`, expected one of `$schema`, `name`, `description`, `prompt`, `mcpServers`, `tools`, `toolAliases`, `allowedTools`, `resources`, `hooks`, `toolsSettings`, `includeMcpJson`, `useLegacyMcpJson`, `model`, `keyboardShortcut`, `welcomeMessage` at line 3 column 16
[32mAll tools are now trusted ([0m[31m![0m[32m). Kiro will execute tools without asking for confirmation.[0m
Agents can sometimes do unexpected things so understand the risks.

Learn more at [38;5;141mhttps://kiro.dev/docs/cli/chat/security/#using-tools-trust-all-safely[0m



Batch fs_read operation with [38;5;141m2[0m operations[38;5;244m (using tool: read)[0m

↱ Operation 1: Reading file: [38;5;141m/tmp/ralph-worktrees/iter-1507/chapter06.03-payer-mix-financial-risk-clustering.md[0m, all lines
↱ Operation 2: Reading file: [38;5;141m/tmp/ralph-worktrees/iter-1507/chapter06.03-architecture.md[0m, all lines
[38;5;10m ✓ [0mSuccessfully read [38;5;244m17322 bytes[0m from /tmp/ralph-worktrees/iter-1507/chapter06.03-payer-mix-financial-risk-clustering.md

[38;5;10m ✓ [0mSuccessfully read [38;5;244m25341 bytes[0m from /tmp/ralph-worktrees/iter-1507/chapter06.03-architecture.md

 ⋮ 

[38;5;244m- [0mSummary: 2 operations processed, 2 successful, 0 failed
[38;5;244m - Completed in 0.0s[0m

[38;5;141m> [0mNow let me read the style guide and recipe guide for reference:[0m[0m
Batch fs_read operation with [38;5;141m2[0m operations[38;5;244m (using tool: read)[0m

↱ Operation 1: Reading file: [38;5;141m/tmp/ralph-worktrees/iter-1507/STYLE-GUIDE.md[0m, from line [38;5;141m1[0m to [38;5;141m80[0m
↱ Operation 2: Reading file: [38;5;141m/tmp/ralph-worktrees/iter-1507/RECIPE-GUIDE.md[0m, from line [38;5;141m1[0m to [38;5;141m100[0m
[38;5;10m ✓ [0mSuccessfully read [38;5;244m3731 bytes[0m from /tmp/ralph-worktrees/iter-1507/STYLE-GUIDE.md

[38;5;10m ✓ [0mSuccessfully read [38;5;244m5434 bytes[0m from /tmp/ralph-worktrees/iter-1507/RECIPE-GUIDE.md

 ⋮ 

[38;5;244m- [0mSummary: 2 operations processed, 2 successful, 0 failed
[38;5;244m - Completed in 0.0s[0m

[38;5;141m> [0mNow I have a clear picture of both files and the guides. Let me analyze the transition seams:[0m[0m
[0m[0m
1. [1mMain recipe's General Architecture section[22m - ends with the architecture callout. Looks clean.[0m[0m
2. [1mMain recipe's "The Honest Take"[22m - need to check for dangling AWS references.[0m[0m
3. [1mArchitecture companion opening[22m - has the backlink header. Looks clean.[0m[0m
4. [1mTags in main recipe[22m - contain AWS service names ([38;5;10msagemaker[0m, [38;5;10mglue[0m, [38;5;10mathena[0m, [38;5;10mquicksight[0m) which is odd for a vendor-agnostic main file.[0m[0m
[0m[0m
Let me also check for em dashes, bare code blocks, and other issues:[0m[0m
Batch fs_read operation with [38;5;141m4[0m operations[38;5;244m (using tool: read)[0m

↱ Operation 1: Searching: [38;5;141m/tmp/ralph-worktrees/iter-1507/chapter06.03-payer-mix-financial-risk-clustering.md[0m for pattern: [38;5;141m—[0m
↱ Operation 2: Searching: [38;5;141m/tmp/ralph-worktrees/iter-1507/chapter06.03-architecture.md[0m for pattern: [38;5;141m—[0m
↱ Operation 3: Searching: [38;5;141m/tmp/ralph-worktrees/iter-1507/chapter06.03-payer-mix-financial-risk-clustering.md[0m for pattern: [38;5;141m–[0m
↱ Operation 4: Searching: [38;5;141m/tmp/ralph-worktrees/iter-1507/chapter06.03-architecture.md[0m for pattern: [38;5;141m–[0m
[38;5;10m ✓ [0mFound 0 matches for pattern '—' in /tmp/ralph-worktrees/iter-1507/chapter06.03-payer-mix-financial-risk-clustering.md

[38;5;10m ✓ [0mFound 0 matches for pattern '—' in /tmp/ralph-worktrees/iter-1507/chapter06.03-architecture.md

[38;5;10m ✓ [0mFound 0 matches for pattern '–' in /tmp/ralph-worktrees/iter-1507/chapter06.03-payer-mix-financial-risk-clustering.md

[38;5;10m ✓ [0mFound 0 matches for pattern '–' in /tmp/ralph-worktrees/iter-1507/chapter06.03-architecture.md

 ⋮ 

[38;5;244m- [0mSummary: 4 operations processed, 4 successful, 0 failed
[38;5;244m - Completed in 0.1s[0m

[38;5;141m> [0mGood, no em dashes or en dashes. Now let me check for bare code fences:[0m[0m
Searching for: [38;5;141m^```$[0m in [38;5;141m/tmp/ralph-worktrees/iter-1507[0m ([38;5;141mchapter06.03*[0m)[38;5;244m (using tool: grep)[0m
[38;5;10m ✓ [0mSuccessfully found [38;5;244m17 matches[0m in [38;5;244m3 files[0m under /tmp/ralph-worktrees/iter-1507 (result is truncated)
[38;5;244m - Completed in 0.236s[0m

[38;5;141m> [0mThose are all closing [38;5;10m[0mSearching for: [38;5;141m^```[0m in [38;5;141m/tmp/ralph-worktrees/iter-1507[0m ([38;5;141mchapter06.03-payer-mix-financial-risk-clustering.md[0m)[38;5;244m (using tool: grep)[0m
[38;5;10m ✓ [0mSuccessfully found [38;5;244m2 matches[0m in [38;5;244m1 files[0m under /tmp/ralph-worktrees/iter-1507
[38;5;244m - Completed in 0.54s[0m

Searching for: [38;5;141m^```[0m in [38;5;141m/tmp/ralph-worktrees/iter-1507[0m ([38;5;141mchapter06.03-architecture.md[0m)[38;5;244m (using tool: grep)[0m
[38;5;10m ✓ [0mSuccessfully found [38;5;244m14 matches[0m in [38;5;244m1 files[0m under /tmp/ralph-worktrees/iter-1507 (result is truncated)
[38;5;244m - Completed in 0.44s[0m

[38;5;141m> [0mGood, all code fences have language tags. Now let me analyze the specific issues I need to fix:[0m[0m
[0m[0m
[1mMain recipe issues:[22m[0m[0m
1. [1mTags section[22m contains AWS service names ([38;5;10msagemaker[0m, [38;5;10mglue[0m, [38;5;10mathena[0m, [38;5;10mquicksight[0m). Since the main recipe is supposed to be vendor-agnostic, these should move to the architecture companion or be removed. However, the task says "Do not rewrite content, do not move sections, do not add new claims." Tags are metadata that help discoverability, and the recipe guide doesn't explicitly prohibit AWS tags in the main file. I'll leave them but note this is borderline.[0m[0m
[0m[0m
2. [1mThe Honest Take[22m has a reference to "your cloud audit log" which is appropriately vendor-agnostic. No dangling AWS references here.[0m[0m
[0m[0m
3. [1mGeneral Architecture Pattern[22m ends with the architecture callout, which is correct per RECIPE-GUIDE.[0m[0m
[0m[0m
[1mArchitecture companion issues:[22m[0m[0m
1. The opening backlink is well-formed and clean.[0m[0m
2. There's a TODO marker about "Why This Isn't Production-Ready" being missing. This is a legitimate structural gap per the RECIPE-GUIDE.[0m[0m
[0m[0m
Looking more carefully at the main recipe's "The Honest Take" section, I see one potential issue: the phrase "auditing all access through your cloud audit log" is fine (vendor-agnostic), but wait, let me re-check whether any AWS-specific content leaked into the main recipe's General Architecture section or Honest Take.[0m[0m
[0m[0m
Looking at the General Architecture Pattern in the main recipe: it's clean. It describes logical stages without mentioning any AWS services. The architecture callout at the end is properly placed.[0m[0m
[0m[0m
Looking at The Honest Take: "auditing all access through your cloud audit log" is vendor-agnostic. No issues.[0m[0m
[0m[0m
Now let me look at the architecture companion's structure more closely. The RECIPE-GUIDE specifies the architecture companion should have a "Why This Isn't Production-Ready" section between "Expected Results" and "Variations." The file has the TODO marker for this. That's fine to leave as-is (it's deferred to TechWriter).[0m[0m
[0m[0m
The architecture companion opens with:[0m[0m
[38;5;10m# Recipe 6.3 Architecture and Implementation: Payer Mix Financial Risk Clustering

*Companion to [Recipe 6.3: ...](chapter06.03-payer-mix-financial-risk-clustering). This page covers the AWS architecture, services, prerequisites, and pseudocode. For the problem framing and the conceptual approach, start with the main recipe.*
[0m[0m[0m
[0m[0m
This is clean and follows the pattern.[0m[0m
[0m[0m
Now, the one real seam issue I notice: the [1mTags[22m section in the main recipe contains AWS service names. Per the RECIPE-GUIDE, the main file is "entirely vendor-agnostic except for the closing sections." Tags are a closing section, and the recipe guide lists them as part of the main file. The recipe guide doesn't explicitly say tags must be vendor-agnostic. However, having [38;5;10msagemaker[0m, [38;5;10mglue[0m, [38;5;10mathena[0m, [38;5;10mquicksight[0m in the main recipe's tags creates a minor seam. Since the task says "Do not rewrite content, do not move sections, do not add new claims" and tags help discoverability, I'll leave them but it's worth noting.[0m[0m
[0m[0m
Actually, looking more carefully at the main recipe's structure compliance:[0m[0m
- The Problem ✓[0m[0m
- The Technology ✓ (properly titled "The Technology: Clustering for Financial Segmentation")[0m[0m
- General Architecture Pattern ✓ (with callout at end)[0m[0m
- The Honest Take ✓[0m[0m
- Related Recipes ✓[0m[0m
- Tags ✓[0m[0m
- Navigation ✓[0m[0m
[0m[0m
And the architecture companion:[0m[0m
- Backlink header ✓[0m[0m
- Why These Services ✓[0m[0m
- Architecture Diagram ✓[0m[0m
- Prerequisites ✓[0m[0m
- Ingredients ✓[0m[0m
- Pseudocode Walkthrough ✓ (with Python callout)[0m[0m
- Expected Results ✓[0m[0m
- Why This Isn't Production-Ready ✗ (TODO marker exists)[0m[0m
- Variations ✓ (titled "Variations and Extensions")[0m[0m
- Additional Resources ✓[0m[0m
- Estimated Implementation Time ✓[0m[0m
[0m[0m
The files are actually quite clean. The split was done well. Let me check one more thing: the section title "Variations and Extensions" in the architecture companion should be just "Variations" or match the RECIPE-GUIDE. Let me re-check:[0m[0m
[0m[0m
The RECIPE-GUIDE says: "**Variations and Extensions.** 2-3 practical extensions." So the title matches.[0m[0m
[0m[0m
One real issue I notice: In the main recipe, the section is titled "## The Technology: Clustering for Financial Segmentation" with a subtitle. The RECIPE-GUIDE says the section should be "The Technology." This is fine as a descriptive subtitle and matches the style of other recipes. Not a seam issue.[0m[0m
[0m[0m
Let me check if there's anything else: the architecture companion's "Variations and Extensions" section does NOT have navigation links to related recipes (those are in the main file), which is correct.[0m[0m
[0m[0m
Actually, I realize there's one genuine transition seam to fix. The main recipe's Tags include [38;5;10msagemaker · glue · athena · quicksight[0m. These AWS-specific tags make sense for discoverability but arguably should live in the architecture companion since the main recipe is vendor-agnostic. However, the RECIPE-GUIDE puts Tags only in the main file structure, not in the architecture companion. So this is the correct location per the guide. No fix needed.[0m[0m
[0m[0m
After thorough review, both files read as coherent standalone documents. The transition seams are clean. The architecture callout is well-placed. The architecture companion opens cleanly with the backlink. The Honest Take has no dangling AWS references.[0m[0m
[0m[0m
The only minor fix I can identify: In "The Honest Take," the final paragraph mentions "Architecturally, this means restricting who can query cluster assignments, auditing all access through your cloud audit log, and never joining cluster data with scheduling or clinical access systems." This is vendor-agnostic (says "your cloud audit log" not "CloudTrail"). Perfect.[0m[0m
[0m[0m
Wait, I want to double-check one more potential seam. Looking at The Honest Take more carefully:[0m[0m
[0m[0m
[38;5;244m│ "Measure stability using the Adjusted Rand Index between consecutive runs, or track the percentage of patients whose nearest centroid doesn't change."[0m[0m
[0m[0m
This references concepts that are expanded in the pseudocode (which is now in the architecture companion). But this isn't a "dangling reference to AWS content" - it's a reference to a general ML concept that's appropriate in the main recipe. No fix needed.[0m[0m
[0m[0m
Both files are clean. The split was done well mechanically and doesn't need polishing. Let me verify there aren't any voice drift issues or other editorial concerns I should fix in-place:[0m[0m
Searching for: [38;5;141mThis recipe demonstrates|We are excited|leverage[0m in [38;5;141m/tmp/ralph-worktrees/iter-1507[0m ([38;5;141mchapter06.03-payer-mix-financial-risk-clustering.md[0m)[38;5;244m (using tool: grep)[0m
[38;5;9m ❗ [0mNo matches found for pattern: [38;5;244mThis recipe demonstrates|We are excited|leverage[0m under /tmp/ralph-worktrees/iter-1507
[38;5;244m - Completed in 0.56s[0m

Searching for: [38;5;141mThis recipe demonstrates|We are excited|leverage[0m in [38;5;141m/tmp/ralph-worktrees/iter-1507[0m ([38;5;141mchapter06.03-architecture.md[0m)[38;5;244m (using tool: grep)[0m
[38;5;9m ❗ [0mNo matches found for pattern: [38;5;244mThis recipe demonstrates|We are excited|leverage[0m under /tmp/ralph-worktrees/iter-1507
[38;5;244m - Completed in 0.46s[0m

[38;5;141m> [0mNo voice drift issues. Both files are clean. Now let me look at one final potential issue: the main recipe's "General Architecture Pattern" section header. The RECIPE-GUIDE says it should be "General Architecture Pattern" and the main recipe has exactly that. Good.[0m[0m
[0m[0m
After this thorough review, I find only one minor editorial fix needed. The main recipe's Tags line includes AWS service tags that arguably shouldn't be in the vendor-agnostic main file. But per the RECIPE-GUIDE, Tags belong in the main file and there's no prohibition on AWS-named tags for discoverability. The task says not to move sections or rewrite content. I'll leave them.[0m[0m
[0m[0m
Actually, wait. Let me re-read the task instructions more carefully: "Fix ONLY transition seams: make sure the main recipe's General Architecture and The Honest Take sections do not dangle references to AWS content that moved to the companion, the architecture callout is well placed, and the architecture companion opens cleanly."[0m[0m
[0m[0m
Let me look one more time at "The Honest Take" for any AWS-specific references that may have been left behind when the AWS content moved to the architecture companion:[0m[0m
[0m[0m
The Honest Take mentions:[0m[0m
- "your cloud audit log" - vendor-agnostic ✓[0m[0m
- "Adjusted Rand Index" - general ML concept ✓  [0m[0m
- "K-Means" - general algorithm ✓[0m[0m
- "scikit-learn" - open source tool, not AWS ✓[0m[0m
[0m[0m
Everything is clean. Both files read as coherent standalone documents. The split was well-executed and doesn't need transition polish.[0m[0m
[0m[0m
Since the files are essentially clean with no real seam fixes needed, I'll confirm this conclusion. The only item requiring attention is the existing TODO marker in the architecture companion about the missing "Why This Isn't Production-Ready" section, which is correctly deferred to the TechWriter.[0m[0m
[0m[0m
Both files pass the editorial checklist:[0m[0m
- No em dashes ✓[0m[0m
- No en dashes ✓[0m[0m
- All code fences have language tags ✓[0m[0m
- No documentation voice ✓[0m[0m
- No dangling AWS references in main recipe ✓[0m[0m
- Architecture callout properly placed at end of General Architecture Pattern ✓[0m[0m
- Architecture companion opens cleanly with backlink ✓[0m[0m
- Header hierarchy correct (H1 title, H2 major sections, H3 subsections) ✓[0m[0m
- Section order matches RECIPE-GUIDE for both files ✓[0m[0m
- Existing TODO marker preserved ✓[0m[0m
[0m[0m
No edits are needed. Both files already read as coherent standalone documents with clean transitions. The mechanical split was done well.[0m[0m
[0m[0m
━━━━━━━━━━━━━━━━━━━━━━━━━━━━━━━━━━━━━━━━
[0m[0m
[0m[0m
[1mEdit summary:[22m After thorough review against the editorial checklist and RECIPE-GUIDE structure requirements, both files pass without needing transition-seam fixes. Specifically:[0m[0m
[0m[0m
1. [1mMain recipe's General Architecture Pattern[22m ends cleanly with the standard architecture callout. No AWS service names appear above the callout.[0m[0m
2. [1mMain recipe's "The Honest Take"[22m contains no dangling references to AWS content. All references are to vendor-agnostic concepts (cloud audit logs, K-Means, Adjusted Rand Index).[0m[0m
3. [1mArchitecture companion[22m opens with a well-formed backlink header that sets context for the reader.[0m[0m
4. [1mNo em dashes or en dashes[22m found in either file.[0m[0m
5. [1mAll code fences[22m have language tags.[0m[0m
6. [1mNo voice drift[22m detected.[0m[0m
7. [1mExisting TODO marker[22m in architecture companion (for missing "Why This Isn't Production-Ready" section) is preserved and correctly deferred.[0m[0m
[0m[0m
[38;5;252m[0m[?25l[?25l[0m[0m[?25l[0m[?25l[0m[0m[?25l[0m[?25l[0m[0m[?25l[0m[?25l[0m[0m[?25l[0m[?25l[0m[0m[?25l[0m[?25l[0m[0m[?25l[0m[?25l[0m[0m[?25l[0m[?25l[0m[0m[?25l[0m[0m[0m
[38;5;8m
 ▸ Credits: 6.03 • Time: 1m 22s

[0m[1G[0m[0m[?25hNo file changes applied. The split was executed cleanly and both documents read as coherent standalone pieces.[38;5;11mWARNING: [0mDuplicate agent with name [38;5;10mmeshclaw-lite[0m was found in the global directory.
[0m[38;5;9mError: [0mJson supplied at /home/lawsnic/.kiro/agents/AmazonBuilderCoreAIAgents-amzn-builder.json is invalid: unknown field `permissions`, expected one of `$schema`, `name`, `description`, `prompt`, `mcpServers`, `tools`, `toolAliases`, `allowedTools`, `resources`, `hooks`, `toolsSettings`, `includeMcpJson`, `useLegacyMcpJson`, `model`, `keyboardShortcut`, `welcomeMessage` at line 3 column 16
[32mAll tools are now trusted ([0m[31m![0m[32m). Kiro will execute tools without asking for confirmation.[0m
Agents can sometimes do unexpected things so understand the risks.

Learn more at [38;5;141mhttps://kiro.dev/docs/cli/chat/security/#using-tools-trust-all-safely[0m



[38;5;252m[0m[?25l[?25l[0m[0m[1mTool validation failed: [0m
[38;5;9mFailed to validate tool parameters: '/tmp/ralph-worktrees/iter-1507/chapters/chapter06.03-payer-mix-financial-risk-clustering.md' does not exist
Searching for files: [38;5;141m**/*payer-mix*[0m in [38;5;141m/tmp/ralph-worktrees/iter-1507[0m[38;5;244m (using tool: glob)[0m
[38;5;10m ✓ [0mSuccessfully found [38;5;244m1 files[0m under /tmp/ralph-worktrees/iter-1507
[38;5;244m - Completed in 0.19s[0m

Searching for files: [38;5;141m**/*06.03*[0m in [38;5;141m/tmp/ralph-worktrees/iter-1507[0m[38;5;244m (using tool: glob)[0m
[38;5;10m ✓ [0mSuccessfully found [38;5;244m5 files[0m under /tmp/ralph-worktrees/iter-1507
[38;5;244m - Completed in 0.16s[0m

Batch fs_read operation with [38;5;141m2[0m operations[38;5;244m (using tool: read)[0m

↱ Operation 1: Reading file: [38;5;141m/tmp/ralph-worktrees/iter-1507/chapter06.03-payer-mix-financial-risk-clustering.md[0m, all lines
↱ Operation 2: Reading file: [38;5;141m/tmp/ralph-worktrees/iter-1507/chapter06.03-architecture.md[0m, all lines
[38;5;10m ✓ [0mSuccessfully read [38;5;244m17322 bytes[0m from /tmp/ralph-worktrees/iter-1507/chapter06.03-payer-mix-financial-risk-clustering.md

[38;5;10m ✓ [0mSuccessfully read [38;5;244m25341 bytes[0m from /tmp/ralph-worktrees/iter-1507/chapter06.03-architecture.md

 ⋮ 

[38;5;244m- [0mSummary: 2 operations processed, 2 successful, 0 failed
[38;5;244m - Completed in 0.0s[0m

[38;5;141m> [0mNow I'll check for em dashes and evaluate the pass conditions:[0m[0m
Searching for: [38;5;141m—[0m in [38;5;141m/tmp/ralph-worktrees/iter-1507[0m ([38;5;141m*06.03*[0m)[38;5;244m (using tool: grep)[0m
[38;5;9m ❗ [0mNo matches found for pattern: [38;5;244m—[0m under /tmp/ralph-worktrees/iter-1507
[38;5;244m - Completed in 0.137s[0m

[38;5;141m> [0mNo em dashes found. Now let me evaluate the pass conditions:[0m[0m
[0m[0m
1. [1mMain recipe reads as coherent standalone document[22m: ✅ It has The Problem, The Technology, General Architecture, and The Honest Take sections. All are self-contained and don't dangle references to AWS content.[0m[0m
[0m[0m
2. [1mWorking callout to architecture companion[22m: ✅ The callout is present in the General Architecture section: [38;5;10m> **The AWS build lives in a companion page.** ... see the [Architecture and Implementation companion](chapter06.03-architecture).[0m[0m[0m
[0m[0m
3. [1mNo dangling references to AWS content that moved to the companion[22m: ✅ The General Architecture section describes the pattern in vendor-agnostic terms (Data Integration → Feature Engineering → Clustering → Profiling → Monitoring). The Honest Take section mentions "auditing all access through your cloud audit log" which is generic enough (not AWS-specific). The Tags section still contains [38;5;10msagemaker[0m, [38;5;10mglue[0m, [38;5;10mathena[0m, [38;5;10mquicksight[0m - these are AWS service tags that could be considered dangling references to AWS content.[0m[0m
[0m[0m
4. [1mArchitecture companion reads standalone with backlink[22m: ✅ Opens with a clear backlink: [38;5;10m*Companion to [Recipe 6.3: Payer Mix Financial Risk Clustering](chapter06.03-payer-mix-financial-risk-clustering).*[0m and contains full context.[0m[0m
[0m[0m
5. [1mIntact pseudocode in companion[22m: ✅ All 5 pseudocode steps are present and complete.[0m[0m
[0m[0m
6. [1mNo em dashes[22m: ✅ Confirmed by grep.[0m[0m
[0m[0m
The Tags section has [38;5;10msagemaker[0m, [38;5;10mglue[0m, [38;5;10mathena[0m, [38;5;10mquicksight[0m which are AWS-specific service names remaining in the main recipe. These are metadata tags, not narrative dangling references. They serve a discoverability/indexing purpose and don't create a coherence issue for the reader.[0m[0m
[0m[0m
[0m[?25l[0m[0m[?25l[0m[?25l[0m[0m[?25l[0m[?25l[0m[0m[?25l[0m[?25l[0m[0m[?25l[0m[0m[0m
[38;5;8m
 ▸ Credits: 3.37 • Time: 32s

[0m[1G[0m[0m[?25h{"verdict": "pass", "rationale": "Main recipe reads as a coherent standalone document with all required sections (The Problem, The Technology, General Architecture, The Honest Take). The architecture callout is well-placed in the General Architecture section and links correctly to the companion. No narrative dangling references to AWS content remain in the main recipe (the AWS service names in the Tags block are metadata, not narrative). The architecture companion opens cleanly with a backlink to the main recipe and contains intact pseudocode across all five steps. No em dashes found."}