# parallel_worker header: concurrency_limit=2 batch_id=batch-1779722534336-000069-bd033695f6228cac iteration=299 task_id=ch11-r09-draft persona=TechWriter
[32mAll tools are now trusted ([0m[31m![0m[32m). Kiro will execute tools without asking for confirmation.[0m
Agents can sometimes do unexpected things so understand the risks.

Learn more at [38;5;141mhttps://kiro.dev/docs/cli/chat/security/#using-tools-trust-all-safely[0m



Reading directory: [38;5;141mC:\Users\lawsnic\OneDrive - amazon.com\Documents\HCLS-ai-book\.ralph\worktrees\iter-299[0m[38;5;244m (using tool: read, max depth: 1, max entries: 1000, excluding: defaults)[0m
[38;5;10m ✓ [0mSuccessfully read directory [38;5;141mC:\Users\lawsnic\OneDrive - amazon.com\Documents\HCLS-ai-book\.ralph\worktrees\iter-299[0m [38;5;244m(showing 1000 of 1258 entries, offset: 0)[0m
[38;5;244m - Completed in 0.30s[0m

Searching for files: [38;5;141m*.md[0m in [38;5;141mC:\Users\lawsnic\OneDrive - amazon.com\Documents\HCLS-ai-book\.ralph\worktrees\iter-299[0m[38;5;244m (using tool: glob)[0mSearching for files: [38;5;141mcategories/11*.md[0m in [38;5;141mC:\Users\lawsnic\OneDrive - amazon.com\Documents\HCLS-ai-book\.ralph\worktrees\iter-299[0m[38;5;244m (using tool: glob)[0mSearching for files: [38;5;141mchapter11.*.md[0m in [38;5;141mC:\Users\lawsnic\OneDrive - amazon.com\Documents\HCLS-ai-book\.ralph\worktrees\iter-299[0m[38;5;244m (using tool: glob)[0m
[38;5;10m ✓ [0mSuccessfully found [38;5;244m151 files[0m under C:\Users\lawsnic\OneDrive - amazon.com\Documents\HCLS-ai-book\.ralph\worktrees\iter-299
[38;5;244m - Completed in 0.13s[0m


[38;5;10m ✓ [0mSuccessfully found [38;5;244m1 files[0m under C:\Users\lawsnic\OneDrive - amazon.com\Documents\HCLS-ai-book\.ralph\worktrees\iter-299
[38;5;244m - Completed in 0.8s[0m


[38;5;10m ✓ [0mSuccessfully found [38;5;244m30 files[0m under C:\Users\lawsnic\OneDrive - amazon.com\Documents\HCLS-ai-book\.ralph\worktrees\iter-299
[38;5;244m - Completed in 0.22s[0m

Batch fs_read operation with [38;5;141m3[0m operations[38;5;244m (using tool: read)[0m

↱ Operation 1: Reading file: [38;5;141mC:\Users\lawsnic\OneDrive - amazon.com\Documents\HCLS-ai-book\.ralph\worktrees\iter-299\STYLE-GUIDE.md[0m, all lines
↱ Operation 2: Reading file: [38;5;141mC:\Users\lawsnic\OneDrive - amazon.com\Documents\HCLS-ai-book\.ralph\worktrees\iter-299\RECIPE-GUIDE.md[0m, all lines
↱ Operation 3: Reading file: [38;5;141mC:\Users\lawsnic\OneDrive - amazon.com\Documents\HCLS-ai-book\.ralph\worktrees\iter-299\categories\11-conversational-ai.md[0m, all lines
[38;5;10m ✓ [0mSuccessfully read [38;5;244m3731 bytes[0m from C:\Users\lawsnic\OneDrive - amazon.com\Documents\HCLS-ai-book\.ralph\worktrees\iter-299\STYLE-GUIDE.md

[38;5;10m ✓ [0mSuccessfully read [38;5;244m9026 bytes[0m from C:\Users\lawsnic\OneDrive - amazon.com\Documents\HCLS-ai-book\.ralph\worktrees\iter-299\RECIPE-GUIDE.md

[38;5;10m ✓ [0mSuccessfully read [38;5;244m4623 bytes[0m from C:\Users\lawsnic\OneDrive - amazon.com\Documents\HCLS-ai-book\.ralph\worktrees\iter-299\categories\11-conversational-ai.md

 ⋮ 

[38;5;244m- [0mSummary: 3 operations processed, 3 successful, 0 failed
[38;5;244m - Completed in 0.2s[0m

Reading file: [38;5;141mC:\Users\lawsnic\OneDrive - amazon.com\Documents\HCLS-ai-book\.ralph\worktrees\iter-299\chapter11.08-mental-health-support-bot.md[0m, all lines[38;5;244m (using tool: read)[0m
[38;5;10m ✓ [0mSuccessfully read [38;5;244m211204 bytes[0m from C:\Users\lawsnic\OneDrive - amazon.com\Documents\HCLS-ai-book\.ralph\worktrees\iter-299\chapter11.08-mental-health-support-bot.md
[38;5;244m - Completed in 0.2s[0m

Batch fs_read operation with [38;5;141m3[0m operations[38;5;244m (using tool: read)[0m

↱ Operation 1: Reading file: [38;5;141mC:\Users\lawsnic\OneDrive - amazon.com\Documents\HCLS-ai-book\.ralph\worktrees\iter-299\_Sidebar.md[0m, all lines
↱ Operation 2: Reading file: [38;5;141mC:\Users\lawsnic\OneDrive - amazon.com\Documents\HCLS-ai-book\.ralph\worktrees\iter-299\specs\ch11-r09-draft.md[0m, all lines
↱ Operation 3: Reading file: [38;5;141mC:\Users\lawsnic\OneDrive - amazon.com\Documents\HCLS-ai-book\.ralph\worktrees\iter-299\planning\phase2-11-conversational-ai.md[0m, all lines
[38;5;10m ✓ [0mSuccessfully read [38;5;244m10419 bytes[0m from C:\Users\lawsnic\OneDrive - amazon.com\Documents\HCLS-ai-book\.ralph\worktrees\iter-299\_Sidebar.md

[38;5;10m ✓ [0mSuccessfully read [38;5;244m857 bytes[0m from C:\Users\lawsnic\OneDrive - amazon.com\Documents\HCLS-ai-book\.ralph\worktrees\iter-299\specs\ch11-r09-draft.md

[38;5;10m ✓ [0mSuccessfully read [38;5;244m4623 bytes[0m from C:\Users\lawsnic\OneDrive - amazon.com\Documents\HCLS-ai-book\.ralph\worktrees\iter-299\planning\phase2-11-conversational-ai.md

 ⋮ 

[38;5;244m- [0mSummary: 3 operations processed, 3 successful, 0 failed
[38;5;244m - Completed in 0.1s[0m

[38;5;141m> [0mI have enough context. Let me look at one more reference (the chronic disease coach intro) to ensure consistent voice with adjacent recipes, then draft recipe 11.9.[0m[0m
Reading file: [38;5;141mC:\Users\lawsnic\OneDrive - amazon.com\Documents\HCLS-ai-book\.ralph\worktrees\iter-299\chapter11.07-chronic-disease-management-coach.md[0m, from line [38;5;141m1[0m to [38;5;141m80[0m[38;5;244m (using tool: read)[0m
[38;5;10m ✓ [0mSuccessfully read [38;5;244m25114 bytes[0m from C:\Users\lawsnic\OneDrive - amazon.com\Documents\HCLS-ai-book\.ralph\worktrees\iter-299\chapter11.07-chronic-disease-management-coach.md
[38;5;244m - Completed in 0.8s[0m

[38;5;141m> [0mI have a strong understanding of the project structure, voice, and required depth. Now I'll draft recipe 11.9 (Care Coordination Assistant) and update the sidebar.[0m[0m
[38;5;141m> [0mI'll split this into multiple writes. Starting with the file creation containing the opening and "The Problem" section.[0m[0m
I'll create the following file: [38;5;141mC:\Users\lawsnic\OneDrive - amazon.com\Documents\HCLS-ai-book\.ralph\worktrees\iter-299\chapter11.09-care-coordination-assistant.md[0m[38;5;244m (using tool: write)[0m
Purpose: Create recipe 11.9 file with The Problem section

[49m[38;5;10m+     1[0m:[38;5;10m[49m # Recipe 11.9: Care Coordination Assistant
[0m[49m[38;5;10m+     2[0m:[38;5;10m[49m 
[0m[49m[38;5;10m+     3[0m:[38;5;10m[49m **Complexity:** Complex · **Phase:** Regulated · **Estimated Cost:** ~$4-15 per active member per month (depends on engagement frequency, channel mix, model choice, RAG depth, multi-system integration breadth, and clinical-escalation overhead)
[0m[49m[38;5;10m+     4[0m:[38;5;10m[49m 
[0m[49m[38;5;10m+     5[0m:[38;5;10m[49m ---
[0m[49m[38;5;10m+     6[0m:[38;5;10m[49m 
[0m[49m[38;5;10m+     7[0m:[38;5;10m[49m ## The Problem
[0m[49m[38;5;10m+     8[0m:[38;5;10m[49m 
[0m[49m[38;5;10m+     9[0m:[38;5;10m[49m David is 67. Six months ago he started getting short of breath walking up the stairs in his house, the same stairs he had walked up every day for thirty-one years without thinking about them. He told his wife, who told him to call the doctor. The doctor's medical assistant put him on the schedule for the following Thursday. By Thursday, the shortness of breath had gotten worse, and David had also noticed his ankles were swelling in the evenings. The primary care physician listened to David's chest, looked at his ankles, ordered a chest X-ray and an EKG and a basic metabolic panel and a BNP, and called David two days later to tell him that the BNP was elevated, that the chest X-ray showed some fluid, that the EKG was abnormal in a way that could mean several things, and that David needed to see cardiology, get a transthoracic echocardiogram, and probably get a cardiac MRI to characterize what was going on.
[0m[49m[38;5;10m+    10[0m:[38;5;10m[49m 
[0m[49m[38;5;10m+    11[0m:[38;5;10m[49m This is where David's care journey, which had been simple up to this point, becomes the kind of journey that breaks the U.S. healthcare system in slow motion.
[0m[49m[38;5;10m+    12[0m:[38;5;10m[49m 
[0m[49m[38;5;10m+    13[0m:[38;5;10m[49m The primary care physician's office sent a referral to cardiology. The referral landed in the cardiology group's referral inbox. Three days later, the cardiology scheduling team called David to schedule a new-patient visit; the next available was eleven weeks out. David asked if there was anything sooner. The scheduling person checked, found a cancellation in seven weeks at a different cardiologist in the same group, and offered it; David took it. The scheduling person did not mention the echocardiogram or the cardiac MRI; those would be ordered by the cardiologist at the visit. David hung up and waited seven weeks.
[0m[49m[38;5;10m+    14[0m:[38;5;10m[49m 
[0m[49m[38;5;10m+    15[0m:[38;5;10m[49m In the seven weeks, David's shortness of breath got somewhat worse and the ankle swelling did not improve. David called the primary care physician's office twice. The first time, the medical assistant told him to take his diuretic, which his primary care physician had started him on, and to come in if it got worse. The second time, the medical assistant put him on the doctor's schedule for the following week, but the appointment was a phone visit because the doctor was double-booked. The phone visit was twelve minutes. The doctor told David that he was in the queue for cardiology and that he should keep taking the diuretic. David asked whether he should go to the emergency department. The doctor said no, not yet, but to go if the shortness of breath got significantly worse or if he could not lie flat to sleep.
[0m[49m[38;5;10m+    16[0m:[38;5;10m[49m 
[0m[49m[38;5;10m+    17[0m:[38;5;10m[49m The cardiology visit happened. The cardiologist confirmed that David had probable heart failure with reduced ejection fraction (HFrEF), based on the BNP and the chest X-ray and the EKG. The cardiologist ordered the echocardiogram and the cardiac MRI, started David on a beta blocker and an ACE inhibitor, and asked him to come back in six weeks. The cardiologist's office handed David two stacks of paperwork: the imaging order forms with the contact information for the imaging center, and the cardiac-rehabilitation referral and the heart-failure-clinic referral, neither of which the cardiologist had explained in detail because the visit ran long.
[0m[49m[38;5;10m+    18[0m:[38;5;10m[49m 
[0m[49m[38;5;10m+    19[0m:[38;5;10m[49m David went home with five medications (the diuretic from his PCP, the new beta blocker, the new ACE inhibitor, his blood pressure pill that he had been on for years, and his statin), two pending imaging studies, two pending specialty referrals he did not understand, and a vague sense that he was now a person with heart disease, which was scarier in concept than the shortness of breath had been in practice.
[0m[49m[38;5;10m+    20[0m:[38;5;10m[49m 
[0m[49m[38;5;10m+    21[0m:[38;5;10m[49m Over the next four months, the following things happened to David. He scheduled the echocardiogram at the imaging center the cardiologist's office had recommended, but discovered when he showed up that the imaging center was out of network for his insurance, and he ended up paying $1,800 out of pocket because the order had not been routed to a network facility. He never scheduled the cardiac MRI, because nobody followed up on it and the order form sat on his kitchen counter until his wife threw it out by accident in a kitchen reorganization. The cardiac-rehabilitation referral was never scheduled, because David did not understand what cardiac rehabilitation was, and the rehab program did not call him because referral processing in their workflow was patient-initiated. The heart-failure-clinic referral was never scheduled for the same reason. The beta blocker made David's heart rate too low and he felt dizzy in the mornings; he stopped taking it without telling anyone. The ACE inhibitor gave him a dry cough; he reduced the dose to every other day on his own initiative because he did not want to sound like he was complaining when he called the cardiologist's office, and the receptionist had been short with him the last time. He ran out of his diuretic refills because his PCP had written him a 90-day supply and he had not realized he needed to call for a refill until the day he ran out.
[0m[49m[38;5;10m+    22[0m:[38;5;10m[49m 
[0m[49m[38;5;10m+    23[0m:[38;5;10m[49m In month five, David had a heart-failure exacerbation. He went to the emergency department in the middle of the night because he could not breathe lying down. He was admitted to the hospital for four days. The hospitalists started him on intravenous diuretics, optimized his medications, talked to him about his diet, and discharged him with a fifteen-page printout of discharge instructions, a list of seven medications (some old, some new, some changed in dose), follow-up appointments to schedule with his PCP and his cardiologist, instructions to weigh himself daily, instructions to call the heart-failure-clinic number on the first page if his weight increased by more than two pounds in a day, and a slot in the cardiac-rehabilitation program that the hospitalist had managed to get him into directly. The discharge happened at 4 PM on a Friday. By 4 PM on Saturday, David could not remember the difference between the new heart-failure medication and the old one, was unsure whether he was supposed to keep taking the medication that the hospitalist had stopped, and could not find the heart-failure-clinic number on the discharge paperwork. His wife called the hospital's main number; the operator put her on hold for fifteen minutes and then transferred her to a voicemail. David did not call the heart-failure clinic.
[0m[49m[38;5;10m+    24[0m:[38;5;10m[49m 
[0m[49m[38;5;10m+    25[0m:[38;5;10m[49m Two weeks later, David's weight had gone up four pounds. He did not call the clinic. He thought it was probably just water weight, which was technically correct but exactly the wrong reason not to call. Three days after that, David went back to the emergency department, was readmitted, and stayed for six days this time.
[0m[49m[38;5;10m+    26[0m:[38;5;10m[49m 
[0m[49m[38;5;10m+    27[0m:[38;5;10m[49m This is the most expensive failure mode in U.S. healthcare. David had not been neglected by any individual clinician. His primary care physician had not been wrong. His cardiologist had not been wrong. The hospitalist team had not been wrong. The discharge planning team had done their job. The cardiac-rehab program had not been wrong. The imaging center had not been wrong. The pharmacy had not been wrong. Each of the people in David's care had executed reasonably, in their own twenty-minute or fifteen-minute or ten-minute slot, against the workflow they had been trained on. What had broken, comprehensively, was the connective tissue between them. The person who was supposed to make sure the cardiac MRI got scheduled was David. The person who was supposed to make sure the echocardiogram landed at an in-network facility was David. The person who was supposed to call the heart-failure-clinic number on the discharge paperwork was David. The person who was supposed to know that the dry cough from the ACE inhibitor was a known side effect that had a workaround (an ARB instead, a different dose, a willingness to wait it out) was David. The person who was supposed to coordinate David's primary care physician's diuretic, the cardiologist's beta blocker and ACE inhibitor, the hospitalist's medication-list reconciliation, and the heart-failure-clinic's planned medication titration was David. The person who was supposed to keep all of this together, despite being a 67-year-old man with new-onset heart failure who was scared and confused and tired, was David.
[0m[49m[38;5;10m+    28[0m:[38;5;10m[49m 
[0m[49m[38;5;10m+    29[0m:[38;5;10m[49m David is not unique. David is a substantial fraction of the chronic-disease population in the United States, and he is the dominant contributor to readmissions, to avoidable ED visits, to medication non-adherence, to diagnostic-cascade abandonment, and to the broader category of "patient was failed by care fragmentation rather than by clinical judgment." The clinical knowledge for managing David's heart failure is well-established. The medications work. The monitoring works. The cardiac rehab works. The reason David ended up in the ED twice in two months is not that the system did not know what to do for him; it's that the system depended on him to be the integrator across the seven specialists, the three buildings, the two health systems, the four electronic health records, the three pharmacies, the two imaging centers, the one home-health agency, the durable-medical-equipment vendor, the insurance utilization-management team, and the discharge-planning workflow that none of those entities owned in common. David, sitting on his couch holding a fifteen-page discharge instruction sheet, was the only person whose job description included "make sense of all of this and execute it."
[0m[49m[38;5;10m+    30[0m:[38;5;10m[49m 
[0m[49m[38;5;10m+    31[0m:[38;5;10m[49m This is care coordination, and it is the area of healthcare delivery where the gap between what the population needs and what the system delivers is, by some measures, the most expensive. The average Medicare beneficiary sees a substantial number of different physicians across multiple practices in a given year. <!-- TODO: verify; CMS and Medicare claims data document the typical number of distinct providers and care settings per beneficiary per year, with figures varying by patient acuity and methodology --> Patients with multiple chronic conditions or recent hospitalizations interact with many more clinicians, organizations, and systems than that. Care transitions (hospital to home, hospital to skilled nursing, ED to primary care, primary care to specialty care) are documented points of failure with measurable consequences for readmissions, medication errors, and patient outcomes. <!-- TODO: verify; the literature on care-transition failures documents elevated rates of medication errors, missed follow-up, and readmission in transitions of care; published studies and CMS post-discharge measures address this directly --> Referral closure rates (the proportion of referrals that result in a completed visit and a result back to the referring clinician) are persistently and embarrassingly low across the industry. <!-- TODO: verify; published referral-closure studies report substantial loss-to-follow-up rates with figures varying by specialty, payer, and integration depth between referring and receiving practices --> Care managers and care coordinators, the licensed clinical staff who specialize in this work, exist in many institutions but are reserved for the highest-risk members and the most complex patients; they are expensive, finite, and structurally cannot serve the broader population. <!-- TODO: verify; care management staffing and program reach data is published by NCQA, CMS, and various health-plan and ACO sources with substantial variation by program design and risk-stratification approach -->
[0m[49m[38;5;10m+    32[0m:[38;5;10m[49m 
[0m[49m[38;5;10m+    33[0m:[38;5;10m[49m The previous generations of digital care-coordination tools tried to address this with two main shapes. The first shape, roughly 2010 to 2018, was patient portals: the EHR vendor's web interface where patients could see test results, message their doctor, request appointments, and review care plans. The portals were useful for some patients, mostly those with high health literacy, stable internet access, and the patience to navigate user interfaces designed primarily to satisfy meaningful-use criteria. The portals were not useful for the patients who most needed help with care coordination, because the portals required the patient to know what to look for, when to look for it, and how to act on what they found. The second shape, roughly 2015 to 2023, was care-management workflow tools deployed within health plans and ACOs to support nurse care managers. These tools improved the productivity of the licensed-clinician workforce but did not extend that workforce to the broader population. The patients who got care management benefited; the patients who did not still had to be their own integrator.
[0m[49m[38;5;10m+    34[0m:[38;5;10m[49m 
[0m[49m[38;5;10m+    35[0m:[38;5;10m[49m What changed the workflow shape, around 2023, is conversational AI that can hold the integrator's mental model on behalf of the patient. A care-coordination assistant, deployed with careful institutional governance, can carry the patient's care plan, can track pending referrals and their status, can monitor scheduled imaging and labs and follow-ups, can reconcile medications across providers, can surface upcoming care transitions, can know when the patient has a discharge to navigate, can answer specific questions about which specialist does what, can flag when something is falling through the cracks, can hand off to a human care manager when the situation calls for one, and can do all of this for the broad population of patients with chronic conditions and complex care journeys, not just the highest-risk subset that the licensed care-management workforce can reach.
[0m[49m[38;5;10m+    36[0m:[38;5;10m[49m 
[0m[49m[38;5;10m+    37[0m:[38;5;10m[49m This recipe is about that system. The care coordination assistant is the conversational AI use case where the architectural patterns from the previous chapter 11 recipes (FAQ bot, scheduling, refills, intake, benefits navigator, triage, chronic disease coach, mental-health support) all converge into a multi-condition, multi-provider, multi-system longitudinal product, and where several entirely new patterns enter the picture: cross-organizational data integration (HIE, TEFCA, FHIR), referral-lifecycle tracking, care-transition checklist execution, multi-provider medication reconciliation, family- and caregiver-delegate access (with consent), structured task-and-event ledgers shared across the patient and care team, and a hand-off architecture that bridges to human care managers as a primary system component rather than a fallback.
[0m[49m[38;5;10m+    38[0m:[38;5;10m[49m 
[0m[49m[38;5;10m+    39[0m:[38;5;10m[49m A few things this recipe is and is not.
[0m[49m[38;5;10m+    40[0m:[38;5;10m[49m 
[0m[49m[38;5;10m+    41[0m:[38;5;10m[49m It is the assistant that maintains a longitudinal, cross-provider model of the patient's active care journey, tracks pending work (referrals, imaging, labs, follow-ups, prior authorizations, durable-medical-equipment deliveries, home-health activations, cardiac-rehab enrollment, behavioral-health referrals, social-work consults, transportation arrangements, pharmacy refills, community-resource connections), surfaces gaps and breakdowns to the patient and to the care team, helps the patient navigate care transitions (especially post-discharge), reconciles medications across providers, supports caregivers and family delegates with the patient's consent, and hands off to a human care manager when the situation requires one.
[0m[49m[38;5;10m+    42[0m:[38;5;10m[49m 
[0m[49m[38;5;10m+    43[0m:[38;5;10m[49m It is not the chronic-disease coach. Recipe 11.7 covers ongoing chronic-disease management for an established condition. The care coordinator's focus is the cross-cutting coordination work: making sure the right things happen, in the right order, across multiple providers and systems. The two often coexist in the same patient-facing product; the architectural patterns are complementary.
[0m[49m[38;5;10m+    44[0m:[38;5;10m[49m 
[0m[49m[38;5;10m+    45[0m:[38;5;10m[49m It is not a triage bot. Recipe 11.6 covers acute-symptom triage. The coordinator helps patients navigate planned care and active care journeys; when a patient surfaces an acute concern (chest pain, severe shortness of breath, suicidal ideation), the coordinator hands off to triage workflows, mental-health crisis pathways, or direct emergency routing. The coordinator does not try to do triage from scratch.
[0m[49m[38;5;10m+    46[0m:[38;5;10m[49m 
[0m[49m[38;5;10m+    47[0m:[38;5;10m[49m It is not a benefits navigator. Recipe 11.5 covers insurance benefits questions. The coordinator helps the patient execute their care plan; when benefits questions arise (is this referral in network, is this imaging covered, what is the cost-share, what is the prior-authorization status), the coordinator hands off to or invokes the benefits navigator.
[0m[49m[38;5;10m+    48[0m:[38;5;10m[49m 
[0m[49m[38;5;10m+    49[0m:[38;5;10m[49m It is not a substitute for the care team. The coordinator extends the care team's reach; it does not replace it. The patient still has their primary care physician, their specialists, their pharmacy, and (for higher-risk patients) their nurse care manager or social worker. The coordinator handles the day-to-day connective tissue work, freeing the licensed workforce to focus on the cases that need clinical judgment. The coordinator is not a doctor, not a nurse, not a social worker, and the patient is told this explicitly and frequently.
[0m[49m[38;5;10m+    50[0m:[38;5;10m[49m 
[0m[49m[38;5;10m+    51[0m:[38;5;10m[49m It is not a one-size-fits-all product. The needs of a recently-discharged heart-failure patient are different from the needs of a patient navigating a new cancer diagnosis. The needs of a Medicare beneficiary with five chronic conditions are different from the needs of a healthy 32-year-old with a single pending orthopedic surgery. Most institutional deployments target a defined population (typically Medicare or Medicare Advantage members, ACO-attributed patients, complex-case patients identified by risk stratification, or patients in specific care-transition windows) with population-specific protocols layered on a shared conversational core.
[0m[49m[38;5;10m+    52[0m:[38;5;10m[49m 
[0m[49m[38;5;10m+    53[0m:[38;5;10m[49m It is not a regulatory afterthought. Patient-facing care-coordination software, particularly when it advises on medications, transitions, or care decisions, sits on or near several regulatory boundaries: FDA Software-as-a-Medical-Device for clinical-recommendation behavior, HIPAA for PHI handling, state privacy laws for sensitive categories (mental health, substance use, reproductive, genetic), 42 CFR Part 2 where substance-use treatment information flows through the assistant, ONC interoperability and information-blocking rules, and CMS programmatic requirements where the deployment supports a CMS-recognized program (Transitional Care Management, Chronic Care Management, Principal Care Management, ACO quality measures). <!-- TODO: verify; the regulatory landscape for patient-facing care-coordination software touches FDA SaMD where clinical recommendations are produced, HIPAA for PHI, 42 CFR Part 2 for SUD information, ONC interoperability and information-blocking rules, and CMS billing-program rules; specific positioning depends on the deployment scope -->
[0m[49m[38;5;10m+    54[0m:[38;5;10m[49m 
[0m[49m[38;5;10m+    55[0m:[38;5;10m[49m It is not a quick win. The deployment timeline is measured in quarters and years, not sprints. The cross-organizational data-integration work is multi-quarter, the care-team-workflow integration is multi-quarter, the regulatory work is multi-quarter, and the outcome demonstration (readmission rate reductions, ED-utilization reductions, completion-of-recommended-care rates) is multi-year.
[0m[49m[38;5;10m+    56[0m:[38;5;10m[49m 
[0m[49m[38;5;10m+    57[0m:[38;5;10m[49m The thing to understand before building this is that the coordinator's value is not in the cleverness of any single response. The value is in three places: the visibility it gives the patient and the care team into the active care journey (referrals pending, imaging scheduled, follow-ups due, medications reconciled), the loss-prevention work it does (catching the cardiac MRI that would otherwise sit on the kitchen counter, the out-of-network imaging order that would otherwise generate an $1,800 surprise bill, the discharge follow-up that would otherwise be missed), and the relationship it maintains with the patient across the discontinuities of the care journey. A coordinator evaluated on per-conversation engagement metrics will be optimized for the wrong thing. A coordinator evaluated on referral-closure rates, medication-reconciliation completeness, post-discharge follow-up completion, time-to-first-post-discharge-touch, readmission rates, ED-utilization rates, completion-of-recommended-care rates, and patient-reported burden of care navigation is being evaluated correctly, and the architectural decisions follow from there.
[0m[49m[38;5;10m+    58[0m:[38;5;10m[49m 
[0m[49m[38;5;10m+    59[0m:[38;5;10m[49m Let's get into it.
[0m[49m[38;5;10m+    60[0m:[38;5;10m[49m 
[0m[49m[38;5;10m+    61[0m:[38;5;10m[49m ---
[0m[K
Creating: [38;5;141mC:\Users\lawsnic\OneDrive - amazon.com\Documents\HCLS-ai-book\.ralph\worktrees\iter-299\chapter11.09-care-coordination-assistant.md[0m
[38;5;244m - Completed in 0.33s[0m

[38;5;141m> [0mNow appending The Technology section.[0m[0m
