# parallel_worker header: concurrency_limit=4 batch_id=batch-1781759607169-000045-5812188a0211ab7e iteration=1619 task_id=ch12-r06-archsplit persona=TechEditor
[38;5;11mWARNING: [0mDuplicate agent with name [38;5;10mmeshclaw-lite[0m was found in the global directory.
[0m[38;5;9mError: [0mJson supplied at /home/lawsnic/.kiro/agents/AmazonBuilderCoreAIAgents-amzn-builder.json is invalid: unknown field `permissions`, expected one of `$schema`, `name`, `description`, `prompt`, `mcpServers`, `tools`, `toolAliases`, `allowedTools`, `resources`, `hooks`, `toolsSettings`, `includeMcpJson`, `useLegacyMcpJson`, `model`, `keyboardShortcut`, `welcomeMessage` at line 3 column 16
[32mAll tools are now trusted ([0m[31m![0m[32m). Kiro will execute tools without asking for confirmation.[0m
Agents can sometimes do unexpected things so understand the risks.

Learn more at [38;5;141mhttps://kiro.dev/docs/cli/chat/security/#using-tools-trust-all-safely[0m



Batch fs_read operation with [38;5;141m2[0m operations[38;5;244m (using tool: read)[0m

↱ Operation 1: Reading file: [38;5;141m/tmp/ralph-worktrees/iter-1619/chapter12.06-revenue-cycle-cash-flow-forecasting.md[0m, all lines
↱ Operation 2: Reading file: [38;5;141m/tmp/ralph-worktrees/iter-1619/RECIPE-GUIDE.md[0m, all lines
[38;5;10m ✓ [0mSuccessfully read [38;5;244m24896 bytes[0m from /tmp/ralph-worktrees/iter-1619/chapter12.06-revenue-cycle-cash-flow-forecasting.md

[38;5;10m ✓ [0mSuccessfully read [38;5;244m9835 bytes[0m from /tmp/ralph-worktrees/iter-1619/RECIPE-GUIDE.md

 ⋮ 

[38;5;244m- [0mSummary: 2 operations processed, 2 successful, 0 failed
[38;5;244m - Completed in 0.0s[0m

[38;5;141m> [0mNow I have the full picture. The current file is entirely a scaffold with TODO markers. I need to split it into two files per the task instructions:[0m[0m
[0m[0m
1. [1mMain recipe[22m keeps: The Problem, The Technology, General Architecture Pattern (with architecture callout), The Honest Take, Related Recipes, Tags, and navigation footer[0m[0m
2. [1mArchitecture companion[22m gets: Why These Services, Architecture Diagram, Prerequisites, Ingredients, Code/Pseudocode Walkthrough, Expected Results, Why This Isn't Production-Ready, Variations, Additional Resources, Estimated Implementation Time[0m[0m
[0m[0m
Let me also check for em dashes and review the existing content more carefully to handle the split properly.[0m[0m
[0m[0m
Now I'll create both files:[0m[0m
I'll create the following file: [38;5;141mchapter12.06-revenue-cycle-cash-flow-forecasting.md[0m[38;5;244m (using tool: write)[0m
Purpose: Create the main recipe file with Problem, Technology, General Architecture (with callout), Honest Take, Related Recipes, Tags, and navigation. Removed AWS-specific sections and the Open Code Review Findings scaffolding section.

[49m[39m    1,  1[0m:[39m[49m # Recipe 12.6: Revenue Cycle Cash Flow Forecasting ⭐⭐⭐
[0m[49m[39m    2,  2[0m:[39m[49m 
[0m[49m[39m    3,  3[0m:[39m[49m **Complexity:** Medium · **Phase:** Production · **Estimated Cost:** _TBD by TechWriter_
[0m[49m[39m    4,  4[0m:[39m[49m 
[0m[49m[39m    5,  5[0m:[39m[49m <!-- TODO (TechWriter): Expert review C1 (CRITICAL). Author the cost estimate (per-unit and monthly ranges) when the recipe body is drafted. Use the chapter-12 pattern from recipes 12.4 and 12.5 ("$400-$1,800 per month per hospital workload" range style) as the reference. Replace the `_TBD by TechWriter_` placeholder on the line above. -->
[0m[49m[39m    6,  6[0m:[39m[49m 
[0m[49m[39m    7,  7[0m:[39m[49m <!-- TODO (TechWriter): Expert review C1 (CRITICAL). The main recipe `chapter12.06-revenue-cycle-cash-flow-forecasting.md` was missing for two consecutive expert-review passes. This file is a structural scaffold authored by the TechEditor solely to unblock the file_exists validation gate; every section below is a placeholder that the TechWriter must author from scratch. Use chapter12.04 and chapter12.05 as the reference for length, structure, voice, and the chapter-12 review pattern. The Python companion `chapter12.06-python-example.md` is already present and reviewed (see `reviews/chapter12.06-code-review.md`); its preamble enumerates the five pseudocode steps the main recipe must articulate. Open the recipe at the CFO's desk, the AR-aging meeting, or a treasury cash-application meeting, not at the bedside. Build it around the architectural primitives the expert panel called out: payer-mix decomposition, survival-curve framing for time-to-payment, denial-and-appeals timing, contract-version awareness, self-pay tail modeling, and finance-grade prediction intervals (P10, P50, P90). -->
[0m[49m[39m    8,  8[0m:[39m[49m 
[0m[49m[38;5;9m-   9    [0m:[38;5;9m[49m <!--
[0m[49m[38;5;9m-  10    [0m:[38;5;9m[49m TechEditor pass log (audit only, not a finding marker):
[0m[49m[38;5;9m-  11    [0m:[38;5;9m[49m - Pass 1 (prior iteration): authored this scaffold to unblock the file_exists validation gate. All review findings parked as finding markers with IDs.
[0m[49m[38;5;9m-  12    [0m:[38;5;9m[49m - Pass 2 (prior iteration, ch12-r06-edit): ran the full editorial checklist against the scaffold. Findings:
[0m[49m[38;5;9m-  13    [0m:[38;5;9m[49m   * Grammar/mechanics: clean (only structural prose present).
[0m[49m[38;5;9m-  14    [0m:[38;5;9m[49m   * Code formatting: no fenced blocks present yet; nothing to check.
[0m[49m[38;5;9m-  15    [0m:[38;5;9m[49m   * Link verification: footer navigation link to chapter12.07 verified against `categories/12-time-series.md` (Recipe 12.7 = "Vital Sign Trajectory Monitoring"). Python companion callout link uses the correct `chapter12.06-python-example` slug.
[0m[49m[38;5;9m-  16    [0m:[38;5;9m[49m   * Header hierarchy: H1 title, H2 for major sections, H3 for subsections under "The Technology". No skipped levels.
[0m[49m[38;5;9m-  17    [0m:[38;5;9m[49m   * Voice drift: zero em dashes confirmed by grep; no documentation-voice phrasing ("This recipe demonstrates..."), no announcement-voice, no LinkedIn-influencer tone, no marketing words ("powerful," "seamless," "robust"). Cleared.
[0m[49m[38;5;9m-  18    [0m:[38;5;9m[49m   * RECIPE-GUIDE compliance: section order matches the spec (Problem -> Technology -> General Architecture Pattern -> Why These Services -> Architecture Diagram -> Prerequisites -> Ingredients -> Code -> Expected Results -> Honest Take -> Variations -> Related Recipes -> Additional Resources -> Estimated Implementation Time -> Tags). All required sections present as scaffolded headers.
[0m[49m[38;5;9m-  19    [0m:[38;5;9m[49m   * Vendor balance: not yet evaluable (no prose). Scaffold preserves the 70/30 partition (Problem + Technology + General Architecture Pattern in vendor-agnostic Part 1; Why These Services and below in AWS-specific Part 2).
[0m[49m[38;5;9m-  20    [0m:[38;5;9m[49m   * Marker discipline: 38 finding markers total, every finding ID (C1, W1, W2, NOTE 1 through NOTE 10, N4) reachable by the follow-up task generator's same-line ID match. Added a finding-ID-bearing tracker for the cost-estimate placeholder so the generator can pick it up.
[0m[49m[38;5;9m-  21    [0m:[38;5;9m[49m - Pass 3 (resumed iteration, ch12-r06-edit): re-ran editorial checklist after interruption. Confirmed:
[0m[49m[38;5;9m-  22    [0m:[38;5;9m[49m   * Zero em dashes (grep verified).
[0m[49m[38;5;9m-  23    [0m:[38;5;9m[49m   * Header hierarchy intact (H1 -> H2 -> H3, no skipped levels).
[0m[49m[38;5;9m-  24    [0m:[38;5;9m[49m   * Footer navigation link still valid (chapter12.07 = "Vital Sign Trajectory Monitoring" per categories/12-time-series.md).
[0m[49m[38;5;9m-  25    [0m:[38;5;9m[49m   * All TODO markers carry finding IDs on the same line (C1, W1, W2, NOTE 1-10, N4).
[0m[49m[38;5;9m-  26    [0m:[38;5;9m[49m   * No new content to evaluate; file remains in scaffold state.
[0m[49m[38;5;9m-  27    [0m:[38;5;9m[49m   * No changes applied. File is editorially clean for its current scaffold state.
[0m[49m[38;5;9m-  28    [0m:[38;5;9m[49m - Open issue for the orchestrator: the recipe body still does not exist. The next forward-progress action is `ch12-r06-draft` (TechWriter), not another editorial pass.
[0m[49m[38;5;9m-  29    [0m:[38;5;9m[49m -->
[0m[49m[38;5;9m-  30    [0m:[38;5;9m[49m 
[0m[49m[39m   31,  9[0m:[39m[49m ---
[0m[49m[39m   32, 10[0m:[39m[49m 
[0m[49m[39m   33, 11[0m:[39m[49m ## The Problem
[0m[49m[39m   34, 12[0m:[39m[49m 
[0m[49m[39m   35, 13[0m:[39m[49m <!-- TODO (TechWriter): Expert review C1 (CRITICAL). Author the verbose, passionate problem statement. Open at the CFO's Monday treasury meeting, the AR-aging review, or a payer-contract-renewal conversation. Make the reader feel the operational weight of cash flow uncertainty: how a denied-claim wave at a major commercial payer cascades into working-capital pressure, what a Change-Healthcare-class clearinghouse outage looks like to the revenue-cycle team, and why the finance team's existing weekly cash forecast is "a spreadsheet with payer assumptions baked in five years ago." Keep it vendor-agnostic and CC-voice. No em dashes. -->
[0m[49m[39m   36, 14[0m:[39m[49m 
[0m[49m[39m   37, 15[0m:[39m[49m ---
[0m[49m[39m   38, 16[0m:[39m[49m 
[0m[49m[39m   39, 17[0m:[39m[49m ## The Technology: How Revenue Cycle Cash Flow Forecasting Actually Works
[0m[49m[39m   40, 18[0m:[39m[49m 
[0m[49m[39m   41, 19[0m:[39m[49m <!-- TODO (TechWriter): Expert review C1 (CRITICAL). Teach the underlying technology from first principles, vendor-agnostic. The core architectural insights the expert panel expects to see articulated:
[0m[49m[39m   42, 20[0m:[39m[49m 
[0m[49m[39m   43, 21[0m:[39m[49m 1. Payer-mix decomposition as the central architectural decision (Medicare, Medicaid, commercial-by-contract, self-pay, workers comp, auto each pay differently and must be forecast independently).
[0m[49m[39m   44, 22[0m:[39m[49m 2. Survival framing for time-to-payment (Kaplan-Meier with right-censoring for still-open claims; explain why this is a survival problem, not a regression problem).
[0m[49m[39m   45, 23[0m:[39m[49m 3. Denial-and-appeals timing as a parallel sub-forecast (5 to 12% first-pass denial rate, 60 to 80% appeal recoverability, 30 to 90 day appeal timeline). These are institutional benchmarks the panel expects framed as architecture, not implementation detail.
[0m[49m[39m   46, 24[0m:[39m[49m 4. Contract-version awareness (curves train only on data after the relevant contract took effect; an alert fires when live data diverges).
[0m[49m[39m   47, 25[0m:[39m[49m 5. Self-pay AR as a separate animal (long tails, low recovery, sensitivity to statement cycle).
[0m[49m[39m   48, 26[0m:[39m[49m 6. Monte Carlo composition produces prediction intervals (P10, P50, P90 weekly cash inflow), not point forecasts.
[0m[49m[39m   49, 27[0m:[39m[49m 7. Backtesting and cohort-stratified accuracy monitoring (per payer class, per service line, per denial cohort).
[0m[49m[39m   50, 28[0m:[39m[49m 
[0m[49m[39m   51, 29[0m:[39m[49m Mine the Python companion's prose for the accurate benchmarks but rewrite into architecture-level prose. Vendor-agnostic. No AWS service names in this section. -->
[0m[49m[39m   52, 30[0m:[39m[49m 
[0m[49m[39m   53, 31[0m:[39m[49m ### Why This Is a Survival Problem, Not a Regression Problem
[0m[49m[39m   54, 32[0m:[39m[49m 
[0m[49m[39m   55, 33[0m:[39m[49m <!-- TODO (TechWriter): Expert review C1 (CRITICAL). Develop the survival-framing subsection along the same pattern as recipe 12.5's "Why This Is a Flow Problem, Not a Volume Problem" and recipe 12.4's analogous framing subsection. Right-censoring of open claims is the headline concept. -->
[0m[49m[39m   56, 34[0m:[39m[49m 
[0m[49m[39m   57, 35[0m:[39m[49m ### The Per-Payer Curve Discipline
[0m[49m[39m   58, 36[0m:[39m[49m 
[0m[49m[39m   59, 37[0m:[39m[49m <!-- TODO (TechWriter): Expert review C1 (CRITICAL). Articulate why a single aggregate payment-time curve is the wrong framing and why per-payer curves with hazard smoothing are the right architectural choice. Include the institutional benchmarks (Medicare clean tight schedule, Medicaid slow with state-specific patterns, commercial varies by contract, self-pay long fat tail). -->
[0m[49m[39m   60, 38[0m:[39m[49m 
[0m[49m[39m   61, 39[0m:[39m[49m ### Denial-and-Appeals as a Sub-Process
[0m[49m[39m   62, 40[0m:[39m[49m 
[0m[49m[38;5;9m-  63    [0m:[38;5;9m[49m <!-- TODO (TechWriter): Expert review C1 (CRITICAL) and Code review W1 (WARNING, see below). Explain the denial cycle as a separate sub-process with its own timing and recovery dynamics. CRITICAL: the prose must be consistent with however the Python companion's denial-and-appeal modeling lands. Code review W1 flagged that the Python implementation currently double-counts the denied-recovered cohort; the TechWriter (or a follow-up code-fix pass) must resolve W1 in the Python companion before this prose section is finalized so the recipe's architectural description matches what the example code actually does. The two acceptable resolutions described in W1 are: (a) drop the explicit denial sub-process and use the per-payer curve directly with prose stating the curve absorbs the recovered-from-appeal cohort by construction, or (b) carve out the denial-recovery cohort from the curve fitting and explicitly compose the two distributions. Pick one resolution path and write the prose to match. -->
[0m[49m[38;5;10m+      41[0m:[38;5;10m[49m <!-- TODO (TechWriter): Expert review C1 (CRITICAL) and Code review W1 (WARNING, see below). Explain the denial cycle as a separate sub-process with its own timing and recovery dynamics. CRITICAL: the prose must be consistent with however the Python companion's denial-and-appeal modeling lands. Code review W1 flagged that the Python implementation currently double-counts the denied-recovered cohort; the TechWriter (or a follow-up code-fix pass) must resolve W1 in the Python companion before this prose section is finalized so the recipe's architectural description matches what the example code actually does. The two acceptable resolutions described in W1 are: (a) drop the explicit denial sub-process and use the per-payer curve directly with prose stating the curve absorbs the recovered-from-appeal cohort by construction, or (b) carve out the denial-recovery cohort from the curve fitting and explicitly compose the two distributions in the simulation. Pick one resolution path and write the prose to match. -->
[0m[49m[39m   64, 42[0m:[39m[49m 
[0m[49m[39m   65, 43[0m:[39m[49m ### Contract-Version Awareness
[0m[49m[39m   66, 44[0m:[39m[49m 
[0m[49m[39m   67, 45[0m:[39m[49m <!-- TODO (TechWriter): Expert review C1 (CRITICAL). Promote contract-version awareness to a first-class architectural status as the panel requires. Cover: contract-effective-date registry, training-window selection conditional on contract version, and the divergence alert when live data drifts from the trained curve. -->
[0m[49m[39m   68, 46[0m:[39m[49m 
[0m[49m[39m   69, 47[0m:[39m[49m ### Self-Pay AR as a Separate Animal
[0m[49m[39m   70, 48[0m:[39m[49m 
[0m[49m[39m   71, 49[0m:[39m[49m <!-- TODO (TechWriter): Expert review C1 (CRITICAL). Develop the self-pay subsection. Long tails, low recovery, statement-cycle sensitivity, payment-plan availability, pre-collection workflow effects. The recipe must either model self-pay separately or explicitly accept the self-pay tail as the dominant longer-horizon uncertainty. -->
[0m[49m[39m   72, 50[0m:[39m[49m 
[0m[49m[39m   73, 51[0m:[39m[49m ### Monte Carlo Composition for Prediction Intervals
[0m[49m[39m   74, 52[0m:[39m[49m 
[0m[49m[39m   75, 53[0m:[39m[49m <!-- TODO (TechWriter): Expert review C1 (CRITICAL). Explain why a finance-grade prediction interval (P10, P50, P90 weekly cash inflow) is what the CFO actually needs and why a single point forecast is operationally inferior. Tie this to the Monte Carlo per-claim sampling discipline the Python companion already implements. -->
[0m[49m[39m   76, 54[0m:[39m[49m 
[0m[49m[39m   77, 55[0m:[39m[49m ### Backtesting and Cohort-Stratified Accuracy Monitoring
[0m[49m[39m   78, 56[0m:[39m[49m 
[0m[49m[39m   79, 57[0m:[39m[49m <!-- TODO (TechWriter): Expert review C1 (CRITICAL). Cover the backtest harness and the continuously-updated forecast-vs-actual scorecard. Per payer class, per service line, per denial cohort. Note that finance-team trust is built over months of demonstrated accuracy. -->
[0m[49m[39m   80, 58[0m:[39m[49m 
[0m[49m[39m   81, 59[0m:[39m[49m ---
[0m[49m[39m   82, 60[0m:[39m[49m 
[0m[49m[39m   83, 61[0m:[39m[49m ## General Architecture Pattern
[0m[49m[39m   84, 62[0m:[39m[49m 
[0m[49m[39m   85, 63[0m:[39m[49m <!-- TODO (TechWriter): Expert review C1 (CRITICAL). Describe the multi-stage pipeline at a conceptual level. The expert panel's required articulation: ingestion of 837 claims, 835 remittance, 277/277CA claim-status, and contract metadata; per-payer curve fitting with right-censoring; per-claim Monte Carlo simulation conditional on age and adjudication state; per-week aggregation with prediction intervals; delivery to finance with backtesting feedback. Vendor-agnostic. No service names. -->
[0m[49m[38;5;9m-  86    [0m:[38;5;9m[49m 
[0m[49m[38;5;9m-  87    [0m:[38;5;9m[49m ---
[0m[49m[38;5;9m-  88    [0m:[38;5;9m[49m 
[0m[49m[38;5;9m-  89    [0m:[38;5;9m[49m ## Why These Services (AWS Implementation)
[0m[49m[38;5;9m-  90    [0m:[38;5;9m[49m 
[0m[49m[38;5;9m-  91    [0m:[38;5;9m[49m <!-- TODO (TechWriter): Expert review C1 (CRITICAL). Introduce each AWS service and explain why it was chosen for that specific piece of the architecture. The Python companion uses Amazon S3, AWS Glue, Amazon SageMaker, AWS Lambda, AWS Step Functions, Amazon DynamoDB, Amazon EventBridge, and Amazon CloudWatch. Connect each back to the conceptual stage from the General Architecture Pattern section. -->
[0m[49m[38;5;9m-  92    [0m:[38;5;9m[49m 
[0m[49m[38;5;9m-  93    [0m:[38;5;9m[49m ---
[0m[49m[38;5;9m-  94    [0m:[38;5;9m[49m 
[0m[49m[38;5;9m-  95    [0m:[38;5;9m[49m ## Architecture Diagram
[0m[49m[38;5;9m-  96    [0m:[38;5;9m[49m 
[0m[49m[38;5;9m-  97    [0m:[38;5;9m[49m <!-- TODO (TechWriter): Expert review C1 (CRITICAL). Author the Mermaid flowchart showing the AWS components and data flow. Match the level of detail used in chapter12.05's architecture diagram. Include the weekly Step Functions cycle (harmonize -> fit curves -> simulate -> aggregate -> deliver) and the EventBridge schedule trigger. -->
[0m[49m[38;5;9m-  98    [0m:[38;5;9m[49m 
[0m[49m[38;5;9m-  99    [0m:[38;5;9m[49m ---
[0m[49m[38;5;9m- 100    [0m:[38;5;9m[49m 
[0m[49m[38;5;9m- 101    [0m:[38;5;9m[49m ## Prerequisites
[0m[49m[38;5;9m- 102    [0m:[38;5;9m[49m 
[0m[49m[38;5;9m- 103    [0m:[38;5;9m[49m <!-- TODO (TechWriter): Expert review C1 (CRITICAL). Author the prerequisites table per the RECIPE-GUIDE format. Per the Security Expert Review:
[0m[49m[39m  104, 64[0m:[39m[49m 
[0m[49m[38;5;9m- 105    [0m:[38;5;9m[49m - Revenue-cycle data is PHI by association (837/835/277/277CA carry patient identifiers, service dates, diagnosis and procedure codes).
[0m[49m[38;5;9m- 106    [0m:[38;5;9m[49m - BAA coverage for revenue-cycle vendors is recipe-specific (clearinghouse like Change Healthcare/Availity/Waystar/Optum/Experian Health, payer-portal vendor, denial-management/appeals-automation vendor).
[0m[49m[38;5;9m- 107    [0m:[38;5;9m[49m - Customer-managed KMS keys per data class (raw 837/835/277/277CA, harmonized claim-level, denial-and-appeals state, payer-contract terms, forecast outputs, model artifacts, DynamoDB or RDS serving table, CloudWatch logs).
[0m[49m[38;5;9m- 108    [0m:[38;5;9m[49m - CloudTrail data events on PHI-bearing buckets and tables.
[0m[49m[38;5;9m- 109    [0m:[38;5;9m[49m - Synthetic-data discipline for development.
[0m[49m[38;5;9m- 110    [0m:[38;5;9m[49m - Lambda least-privilege per stage (the Python companion explicitly flags the lack of per-Lambda IAM scoping in its limitations).
[0m[49m[38;5;9m- 111    [0m:[38;5;9m[49m - Secrets Manager for clearinghouse credentials with rotation, KMS encryption, and per-Lambda scoped `secretsmanager:GetSecretValue`.
[0m[49m[38;5;9m- 112    [0m:[38;5;9m[49m - Networking posture: private subnets for compute, VPC endpoints for S3/KMS/DynamoDB/SageMaker/Lambda/Step Functions/EventBridge/CloudWatch Logs/Secrets Manager, restrictive egress, dedicated VPN or SFTP-over-IPSec to the clearinghouse, no public endpoints. -->
[0m[49m[38;5;9m- 113    [0m:[38;5;9m[49m 
[0m[49m[38;5;9m- 114    [0m:[38;5;9m[49m ---
[0m[49m[38;5;9m- 115    [0m:[38;5;9m[49m 
[0m[49m[38;5;9m- 116    [0m:[38;5;9m[49m ## Ingredients
[0m[49m[38;5;9m- 117    [0m:[38;5;9m[49m 
[0m[49m[38;5;9m- 118    [0m:[38;5;9m[49m <!-- TODO (TechWriter): Expert review C1 (CRITICAL). Table of AWS services and their specific roles in this recipe, mirroring the structure used in chapter12.05's Ingredients section. -->
[0m[49m[38;5;9m- 119    [0m:[38;5;9m[49m 
[0m[49m[38;5;9m- 120    [0m:[38;5;9m[49m ---
[0m[49m[38;5;9m- 121    [0m:[38;5;9m[49m 
[0m[49m[38;5;9m- 122    [0m:[38;5;9m[49m ## Code (Pseudocode Walkthrough)
[0m[49m[38;5;9m- 123    [0m:[38;5;9m[49m 
[0m[49m[38;5;9m- 124    [0m:[38;5;9m[49m <!-- TODO (TechWriter): Expert review C1 (CRITICAL). Author the language-agnostic pseudocode walkthrough. The five steps are already enumerated by the Python companion's preamble; the prose must articulate them as architectural decisions and explain what goes wrong if each step is skipped. Steps:
[0m[49m[38;5;9m- 125    [0m:[38;5;9m[49m 
[0m[49m[38;5;9m- 126    [0m:[38;5;9m[49m 1. Ingest and harmonize the AR ledger, the historical 835 stream, and the contract metadata.
[0m[49m[38;5;9m- 127    [0m:[38;5;9m[49m 2. Fit per-payer payment-time distributions with a Kaplan-Meier-style survival estimator and right-censoring.
[0m[49m[38;5;9m- 128    [0m:[38;5;9m[49m 3. For every open AR claim, simulate N payment-date samples conditional on age and adjudication state, and compose into per-week trajectories.
[0m[49m[38;5;9m- 129    [0m:[38;5;9m[49m 4. Apply seasonality, denial-and-appeal cycle adjustments, and patient-responsibility tail modeling on top of the per-payer simulations.
[0m[49m[38;5;9m- 130    [0m:[38;5;9m[49m 5. Load forecasts to DynamoDB keyed by `forecast_week`, write trajectories to S3, and emit pipeline-lifecycle events.
[0m[49m[38;5;9m- 131    [0m:[38;5;9m[49m 
[0m[49m[38;5;9m- 132    [0m:[38;5;9m[49m Cross-reference Code review W2 (WARNING): the Python companion's Step 4 section header is "Aggregate to Per-Week Cash Flow Forecasts" but applies seasonality and denial-and-appeal adjustments inside Step 3. The main recipe's pseudocode should state the canonical step ordering; whichever resolution the TechWriter chooses for the Python companion (relabel Step 4, or move the seasonality/denial logic into Step 4) must be reflected here so the two artifacts agree. -->
[0m[49m[38;5;9m- 133    [0m:[38;5;9m[49m 
[0m[49m[38;5;9m- 134    [0m:[38;5;9m[49m > **Curious how this looks in Python?** The pseudocode above covers the concepts. If you'd like to see sample Python code that demonstrates these patterns using boto3, check out the [Python Example](chapter12.06-python-example). It walks through each step with inline comments and notes on what you'd need to change for a real deployment.
[0m[49m[38;5;9m- 135    [0m:[38;5;9m[49m 
[0m[49m[38;5;9m- 136    [0m:[38;5;9m[49m ---
[0m[49m[38;5;9m- 137    [0m:[38;5;9m[49m 
[0m[49m[38;5;9m- 138    [0m:[38;5;9m[49m ## Expected Results
[0m[49m[38;5;9m- 139    [0m:[38;5;9m[49m 
[0m[49m[38;5;9m- 140    [0m:[38;5;9m[49m <!-- TODO (TechWriter): Expert review C1 (CRITICAL). Sample JSON output, performance benchmarks, and an honest list of failure modes. The Python companion's run produces per-week per-payer percentile records and an all-payer rollup; mine those for the sample shape but author the prose. -->
[0m[49m[38;5;10m+      65[0m:[38;5;10m[49m > **The AWS build lives in a companion page.** This recipe covers the problem, the underlying technology, and the vendor-agnostic architecture. For the AWS services, architecture diagram, prerequisites, and the step-by-step pseudocode walkthrough, see the [Architecture and Implementation companion](chapter12.06-architecture). The Python example is linked from there.
[0m[49m[39m  141, 66[0m:[39m[49m 
[0m[49m[39m  142, 67[0m:[39m[49m ---
[0m[49m[39m  143, 68[0m:[39m[49m 
[0m[49m[39m  144, 69[0m:[39m[49m ## The Honest Take
[0m[49m[39m  145, 70[0m:[39m[49m 
[0m[49m[39m  146, 71[0m:[39m[49m <!-- TODO (TechWriter): Expert review C1 (CRITICAL). Author the Honest Take section with at least four observations specific to revenue cycle (not generic forecasting commentary). Candidate themes the expert panel would expect to see: (1) clearinghouse outage scenarios as the operative reference event (Change Healthcare February 2024); (2) contract-version drift breaking models overnight; (3) self-pay tail mis-estimation as the dominant longer-horizon uncertainty; (4) denial-reason-code distribution shifts and what they indicate; (5) cohort-stratified accuracy monitoring revealing systematically wrong Medicaid forecasts that aggregate metrics hide. CC-voice, self-deprecating expertise, no marketing-voice creep. -->
[0m[49m[39m  147, 72[0m:[39m[49m 
[0m[49m[38;5;9m- 148    [0m:[38;5;9m[49m ### Why This Isn't Production-Ready
[0m[49m[38;5;9m- 149    [0m:[38;5;9m[49m 
[0m[49m[38;5;9m- 150    [0m:[38;5;9m[49m <!-- TODO (TechWriter): Expert review C1 (CRITICAL). Per the Voice Reviewer's expectation, include this subsection calling out specific failure modes: clearinghouse outages, contract-version drift, self-pay tail mis-estimation, denial-reason-code distribution shifts, and the per-Lambda IAM gap the Python companion already flags. -->
[0m[49m[38;5;9m- 151    [0m:[38;5;9m[49m 
[0m[49m[39m  152, 73[0m:[39m[49m ---
[0m[49m[39m  153, 74[0m:[39m[49m 
[0m[49m[38;5;9m- 154    [0m:[38;5;9m[49m ## Variations and Extensions
[0m[49m[38;5;9m- 155    [0m:[38;5;9m[49m 
[0m[49m[38;5;9m- 156    [0m:[38;5;9m[49m <!-- TODO (TechWriter): Expert review C1 (CRITICAL). 2 to 3 practical extensions with enough detail to get started. Candidates: (1) joint multi-entity forecasting for health-system-level cash flow with shared models across hospitals; (2) denial-prevention coupling that uses claim-level features to predict denial probability before submission and feeds back into the cash forecast; (3) payer-contract-renewal scenario modeling (what does cash flow look like if the next renewal shifts the fee schedule by X%?); (4) real-time integration with the daily 835 file so the forecast refreshes intra-week. -->
[0m[49m[38;5;9m- 157    [0m:[38;5;9m[49m 
[0m[49m[38;5;9m- 158    [0m:[38;5;9m[49m ---
[0m[49m[38;5;9m- 159    [0m:[38;5;9m[49m 
[0m[49m[39m  160, 75[0m:[39m[49m ## Related Recipes
[0m[49m[39m  161, 76[0m:[39m[49m 
[0m[49m[39m  162, 77[0m:[39m[49m <!-- TODO (TechWriter): Expert review C1 (CRITICAL). Cross-reference the adjacent recipes. Required entries based on what already exists in chapter 12 and the planning docs:
[0m[49m[39m  163, 78[0m:[39m[49m 
[0m[49m[39m  164, 79[0m:[39m[49m - Recipe 12.1 (Appointment Volume Forecasting): operational forecasting analog; calendar-feature engineering and operational dashboard pattern carry over.
[0m[49m[39m  165, 80[0m:[39m[49m - Recipe 12.2 (Supply Inventory Forecasting): different domain (supplies, not cash) but similar Poisson-style sub-forecasting + safety-buffer composition.
[0m[49m[39m  166, 81[0m:[39m[49m - Recipe 12.3 (ED Arrival Forecasting): the canonical inflow-forecast template chapter 12 establishes; this recipe extends the pattern from operational arrivals to financial inflows.
[0m[49m[39m  167, 82[0m:[39m[49m - Recipe 12.4 (Lab Result Trend Analysis): adjacent recipe; shares the survival-style modeling and the FHIR-adjacent ingestion pattern.
[0m[49m[39m  168, 83[0m:[39m[49m - Recipe 12.5 (Hospital Census Forecasting): operational counterpart to this financial recipe; the flow-not-volume framing carries over directly.
[0m[49m[39m  169, 84[0m:[39m[49m - Recipe 13.x (Knowledge Graphs): the contract-metadata layer in this recipe is a small knowledge graph in disguise; payer hierarchies, plan hierarchies, and contract effective dates are exactly the modeling problem chapter 13 covers.
[0m[49m[39m  170, 85[0m:[39m[49m - Recipe 14.x (Optimization / Operations Research): the downstream consumer of cash flow forecasts (working-capital optimization, payer-mix optimization, AR-prioritization optimization). -->
[0m[49m[38;5;9m- 171    [0m:[38;5;9m[49m 
[0m[49m[38;5;9m- 172    [0m:[38;5;9m[49m ---
[0m[49m[38;5;9m- 173    [0m:[38;5;9m[49m 
[0m[49m[38;5;9m- 174    [0m:[38;5;9m[49m ## Additional Resources
[0m[49m[38;5;9m- 175    [0m:[38;5;9m[49m 
[0m[49m[38;5;9m- 176    [0m:[38;5;9m[49m <!-- TODO (TechWriter): Expert review C1 (CRITICAL). Populate AWS Documentation, AWS Sample Repos, External Resources, and AWS Solutions and Blogs sections per RECIPE-GUIDE rules. Verify every link before publication; never use fake or made-up GitHub URLs. Required candidate sources to evaluate:
[0m[49m[38;5;9m- 177    [0m:[38;5;9m[49m 
[0m[49m[38;5;9m- 178    [0m:[38;5;9m[49m - AWS HIPAA Eligible Services list
[0m[49m[38;5;9m- 179    [0m:[38;5;9m[49m - Architecting for HIPAA Security and Compliance on AWS whitepaper
[0m[49m[38;5;9m- 180    [0m:[38;5;9m[49m - Amazon SageMaker DeepAR Forecasting documentation (hierarchical multi-payer forecasting)
[0m[49m[38;5;9m- 181    [0m:[38;5;9m[49m - AWS Step Functions documentation (orchestration with retries and Catch blocks)
[0m[49m[38;5;9m- 182    [0m:[38;5;9m[49m - Amazon DynamoDB documentation
[0m[49m[38;5;9m- 183    [0m:[38;5;9m[49m - AWS Glue documentation (837/835 ingestion ETL)
[0m[49m[38;5;9m- 184    [0m:[38;5;9m[49m - lifelines Python library (Kaplan-Meier and Cox proportional hazards)
[0m[49m[38;5;9m- 185    [0m:[38;5;9m[49m - scikit-survival library (gradient-boosted survival models)
[0m[49m[38;5;9m- 186    [0m:[38;5;9m[49m - HL7 837/835/277/277CA transaction set specifications
[0m[49m[38;5;9m- 187    [0m:[38;5;9m[49m - CMS resources on revenue cycle and denials management
[0m[49m[38;5;9m- 188    [0m:[38;5;9m[49m - aws-samples repos to evaluate (search for healthcare revenue cycle, claims processing, survival modeling)
[0m[49m[38;5;9m- 189    [0m:[38;5;9m[49m 
[0m[49m[38;5;9m- 190    [0m:[38;5;9m[49m Apply the chapter-12 pattern of leaving an audit-pass TODO note acknowledging that AWS doc and blog links should be re-verified close to publication. -->
[0m[49m[38;5;9m- 191    [0m:[38;5;9m[49m 
[0m[49m[38;5;9m- 192    [0m:[38;5;9m[49m <!-- TODO (TechWriter): N4 (chapter pattern). Audit all external links during the final pre-publication pass. AWS doc links and blog links rotate; HL7, lifelines, scikit-survival, and CMS links are stable. -->
[0m[49m[39m  193, 86[0m:[39m[49m 
[0m[49m[39m  194, 87[0m:[39m[49m ---
[0m[49m[39m  195, 88[0m:[39m[49m 
[0m[49m[38;5;9m- 196    [0m:[38;5;9m[49m ## Estimated Implementation Time
[0m[49m[38;5;9m- 197    [0m:[38;5;9m[49m 
[0m[49m[38;5;9m- 198    [0m:[38;5;9m[49m <!-- TODO (TechWriter): Expert review C1 (CRITICAL). Three tiers (Basic, Production-ready, With variations) per RECIPE-GUIDE. Use the chapter-12 pattern from recipes 12.4 and 12.5 as the reference for ranges. -->
[0m[49m[38;5;9m- 199    [0m:[38;5;9m[49m 
[0m[49m[38;5;9m- 200    [0m:[38;5;9m[49m ---
[0m[49m[38;5;9m- 201    [0m:[38;5;9m[49m 
[0m[49m[39m  202, 89[0m:[39m[49m ## Tags
[0m[49m[39m  203, 90[0m:[39m[49m 
[0m[49m[39m  204, 91[0m:[39m[49m <!-- TODO (TechWriter): Expert review C1 (CRITICAL). Searchable label list per chapter-12 convention. Candidate tags: time-series · revenue-cycle · cash-flow-forecasting · payer-mix · survival-analysis · kaplan-meier · monte-carlo · denial-management · appeals · contract-modeling · self-pay-ar · sagemaker · dynamodb · step-functions · glue · medium · production · hipaa · 837 · 835 · 277. -->
[0m[49m[38;5;9m- 205    [0m:[38;5;9m[49m 
[0m[49m[38;5;9m- 206    [0m:[38;5;9m[49m ---
[0m[49m[38;5;9m- 207    [0m:[38;5;9m[49m 
[0m[49m[38;5;9m- 208    [0m:[38;5;9m[49m ## Open Code Review Findings (forwarded to TechWriter)
[0m[49m[38;5;9m- 209    [0m:[38;5;9m[49m 
[0m[49m[38;5;9m- 210    [0m:[38;5;9m[49m The Python companion `chapter12.06-python-example.md` has been code-reviewed (verdict PASS, see `reviews/chapter12.06-code-review.md`). Findings the TechWriter must address when (re-)drafting the main recipe and reconciling the Python companion:
[0m[49m[38;5;9m- 211    [0m:[38;5;9m[49m 
[0m[49m[38;5;9m- 212    [0m:[38;5;9m[49m <!-- TODO (TechWriter): Code review W1 (WARNING). Denial-and-appeal sub-process double-counts the denied-recovered cohort already absorbed into the Kaplan-Meier curve. The fitted curve in `fit_payer_payment_curves` includes denied-recovered claims as paid events at lag = first_lag + appeal_extra; `simulate_claim_payment` then re-rolls a fresh denial-and-appeal sub-process on top of the curve. Resolutions: (a) drop the explicit denial sub-process and use the curve directly, with prose stating the curve absorbs the recovered-from-appeal cohort by construction; or (b) carve out the denial-recovery cohort from the curve fitting (only fit on `denial_flag=False` records) and then explicitly compose the two distributions in the simulation. The per-claim `denial_flag` is also currently ignored; bias the denial branch on `claim.get("denial_flag")` so a claim with `denial_flag=True` always goes down the appeal branch and a claim with `denial_flag=False` samples a fresh denial outcome. The chosen resolution must be reflected in the main recipe's Denial-and-Appeals subsection. -->
[0m[49m[38;5;9m- 213    [0m:[38;5;9m[49m 
[0m[49m[38;5;9m- 214    [0m:[38;5;9m[49m <!-- TODO (TechWriter): Code review W2 (WARNING). Step 4 section header in the Python companion is "Aggregate to Per-Week Cash Flow Forecasts" but the file's preamble describes Step 4 as "seasonality, denial-and-appeal cycle adjustments, and patient-responsibility tail modeling." The actual seasonality logic lives inside Step 3 (`simulate_cash_flow`) and the denial-and-appeal logic lives inside Step 3 (`simulate_claim_payment`). Patient-responsibility tail modeling is not implemented as a separate step. Either relabel the Step 4 section header to match the aggregation function it actually heads, or move the seasonality/denial/self-pay logic into a true Step 4 function. The main recipe's pseudocode walkthrough must agree with whichever resolution lands. -->
[0m[49m[38;5;9m- 215    [0m:[38;5;9m[49m 
[0m[49m[38;5;9m- 216    [0m:[38;5;9m[49m <!-- TODO (TechWriter): Code review NOTE 1. `harmonize_ar_records` is called twice in `run_cash_flow_pipeline` and re-writes the same S3 keys with the same content. Remove the duplicate invocation. -->
[0m[49m[38;5;9m- 217    [0m:[38;5;9m[49m 
[0m[49m[38;5;9m- 218    [0m:[38;5;9m[49m <!-- TODO (TechWriter): Code review NOTE 2. Dict comprehension in the trajectory write is a no-op. Either remove it or replace it with the intended transformation. -->
[0m[49m[38;5;9m- 219    [0m:[38;5;9m[49m 
[0m[49m[38;5;9m- 220    [0m:[38;5;9m[49m <!-- TODO (TechWriter): Code review NOTE 3. Magic-number `or 30` fallback when the curve sample returns `None` in the denial-recovery branch. Promote the fallback to a named constant with a comment explaining the rationale, or compute it from the curve's median. -->
[0m[49m[38;5;9m- 221    [0m:[38;5;9m[49m 
[0m[49m[38;5;9m- 222    [0m:[38;5;9m[49m <!-- TODO (TechWriter): Code review NOTE 4. `simulate_cash_flow` silently skips claims with no payer curve, with no metric or count. Add a CloudWatch counter for skipped claims and log the payer ids that lack curves. -->
[0m[49m[38;5;9m- 223    [0m:[38;5;9m[49m 
[0m[49m[38;5;9m- 224    [0m:[38;5;9m[49m <!-- TODO (TechWriter): Code review NOTE 5. Module-level boto3 clients `sagemaker_runtime` and `lambda_client` are constructed but never exercised, even by the production code paths the comment promises. Either remove them or wire them into the production-path comment block so the example illustrates the intended invocation. -->
[0m[49m[38;5;9m- 225    [0m:[38;5;9m[49m 
[0m[49m[38;5;9m- 226    [0m:[38;5;9m[49m <!-- TODO (TechWriter): Code review NOTE 6. Manual outer chunking around `batch_writer` is redundant given the SDK auto-chunks. Remove the manual chunking and let `batch_writer` handle it. -->
[0m[49m[38;5;9m- 227    [0m:[38;5;9m[49m 
[0m[49m[38;5;9m- 228    [0m:[38;5;9m[49m <!-- TODO (TechWriter): Code review NOTE 7. Per-record `as_of` timestamp evaluates `datetime.now(timezone.utc)` once per record. Hoist the timestamp computation out of the loop so all records in a single forecast run share the same `as_of` value. -->
[0m[49m[38;5;9m- 229    [0m:[38;5;9m[49m 
[0m[49m[38;5;9m- 230    [0m:[38;5;9m[49m <!-- TODO (TechWriter): Code review NOTE 8. Sample Output prose says "Numbers vary because of the synthetic-data noise" but the seed is fixed across all generators. Either remove the variability claim from the prose or unfix the seed (and document the determinism trade-off explicitly). -->
[0m[49m[38;5;9m- 231    [0m:[38;5;9m[49m 
[0m[49m[38;5;9m- 232    [0m:[38;5;9m[49m <!-- TODO (TechWriter): Code review NOTE 9. `aggregate_forecasts` percentile selection uses index truncation rather than interpolation. Replace with `statistics.quantiles` or a NumPy `percentile` call so P10/P50/P90 match the standard library and the panel's expected definitions. -->
[0m[49m[38;5;9m- 233    [0m:[38;5;9m[49m 
[0m[49m[38;5;9m- 234    [0m:[38;5;9m[49m <!-- TODO (TechWriter): Code review NOTE 10. `_to_decimal` returns `bool` unchanged rather than converting. Add an `isinstance(value, bool)` branch that converts to `Decimal(int(value))` so the boolean flags do not bypass the Decimal discipline at the DynamoDB write site. -->
[0m[49m[39m  235, 92[0m:[39m[49m 
[0m[49m[39m  236, 93[0m:[39m[49m ---
[0m[49m[39m  237, 94[0m:[39m[49m 
[0m[49m[39m  238, 95[0m:[39m[49m *← [Previous: Recipe 12.5 - Hospital Census Forecasting](chapter12.05-hospital-census-forecasting) · [Chapter 12 Index](chapter12-preface) · [Next: Recipe 12.7 - Vital Sign Trajectory Monitoring →](chapter12.07-vital-sign-trajectory-monitoring)*
[0m[K
Replacing: [38;5;141mchapter12.06-revenue-cycle-cash-flow-forecasting.md[0m
[38;5;244m - Completed in 0.1s[0m

I'll create the following file: [38;5;141m/tmp/ralph-worktrees/iter-1619/chapter12.06-architecture.md[0m[38;5;244m (using tool: write)[0m
Purpose: Create the architecture companion with AWS-specific sections: Why These Services, Architecture Diagram, Prerequisites, Ingredients, Pseudocode Walkthrough (with Python callout), Expected Results, Why This Isn't Production-Ready, Variations, Additional Resources, Estimated Implementation Time, and code review findings. Backlink header and footer navigation included.

[49m[38;5;10m+      1[0m:[38;5;10m[49m # Recipe 12.6: Revenue Cycle Cash Flow Forecasting (Architecture and Implementation)
[0m[49m[38;5;10m+      2[0m:[38;5;10m[49m 
[0m[49m[38;5;10m+      3[0m:[38;5;10m[49m > **This is the architecture companion to [Recipe 12.6: Revenue Cycle Cash Flow Forecasting](chapter12.06-revenue-cycle-cash-flow-forecasting).** Start there for the problem statement, underlying technology, and vendor-agnostic architecture pattern.
[0m[49m[38;5;10m+      4[0m:[38;5;10m[49m 
[0m[49m[38;5;10m+      5[0m:[38;5;10m[49m ---
[0m[49m[38;5;10m+      6[0m:[38;5;10m[49m 
[0m[49m[38;5;10m+      7[0m:[38;5;10m[49m ## Why These Services (AWS Implementation)
[0m[49m[38;5;10m+      8[0m:[38;5;10m[49m 
[0m[49m[38;5;10m+      9[0m:[38;5;10m[49m <!-- TODO (TechWriter): Expert review C1 (CRITICAL). Introduce each AWS service and explain why it was chosen for that specific piece of the architecture. The Python companion uses Amazon S3, AWS Glue, Amazon SageMaker, AWS Lambda, AWS Step Functions, Amazon DynamoDB, Amazon EventBridge, and Amazon CloudWatch. Connect each back to the conceptual stage from the General Architecture Pattern section. -->
[0m[49m[38;5;10m+     10[0m:[38;5;10m[49m 
[0m[49m[38;5;10m+     11[0m:[38;5;10m[49m ---
[0m[49m[38;5;10m+     12[0m:[38;5;10m[49m 
[0m[49m[38;5;10m+     13[0m:[38;5;10m[49m ## Architecture Diagram
[0m[49m[38;5;10m+     14[0m:[38;5;10m[49m 
[0m[49m[38;5;10m+     15[0m:[38;5;10m[49m <!-- TODO (TechWriter): Expert review C1 (CRITICAL). Author the Mermaid flowchart showing the AWS components and data flow. Match the level of detail used in chapter12.05's architecture diagram. Include the weekly Step Functions cycle (harmonize -> fit curves -> simulate -> aggregate -> deliver) and the EventBridge schedule trigger. -->
[0m[49m[38;5;10m+     16[0m:[38;5;10m[49m 
[0m[49m[38;5;10m+     17[0m:[38;5;10m[49m ---
[0m[49m[38;5;10m+     18[0m:[38;5;10m[49m 
[0m[49m[38;5;10m+     19[0m:[38;5;10m[49m ## Prerequisites
[0m[49m[38;5;10m+     20[0m:[38;5;10m[49m 
[0m[49m[38;5;10m+     21[0m:[38;5;10m[49m <!-- TODO (TechWriter): Expert review C1 (CRITICAL). Author the prerequisites table per the RECIPE-GUIDE format. Per the Security Expert Review:
[0m[49m[38;5;10m+     22[0m:[38;5;10m[49m 
[0m[49m[38;5;10m+     23[0m:[38;5;10m[49m - Revenue-cycle data is PHI by association (837/835/277/277CA carry patient identifiers, service dates, diagnosis and procedure codes).
[0m[49m[38;5;10m+     24[0m:[38;5;10m[49m - BAA coverage for revenue-cycle vendors is recipe-specific (clearinghouse like Change Healthcare/Availity/Waystar/Optum/Experian Health, payer-portal vendor, denial-management/appeals-automation vendor).
[0m[49m[38;5;10m+     25[0m:[38;5;10m[49m - Customer-managed KMS keys per data class (raw 837/835/277/277CA, harmonized claim-level, denial-and-appeals state, payer-contract terms, forecast outputs, model artifacts, DynamoDB or RDS serving table, CloudWatch logs).
[0m[49m[38;5;10m+     26[0m:[38;5;10m[49m - CloudTrail data events on PHI-bearing buckets and tables.
[0m[49m[38;5;10m+     27[0m:[38;5;10m[49m - Synthetic-data discipline for development.
[0m[49m[38;5;10m+     28[0m:[38;5;10m[49m - Lambda least-privilege per stage (the Python companion explicitly flags the lack of per-Lambda IAM scoping in its limitations).
[0m[49m[38;5;10m+     29[0m:[38;5;10m[49m - Secrets Manager for clearinghouse credentials with rotation, KMS encryption, and per-Lambda scoped `secretsmanager:GetSecretValue`.
[0m[49m[38;5;10m+     30[0m:[38;5;10m[49m - Networking posture: private subnets for compute, VPC endpoints for S3/KMS/DynamoDB/SageMaker/Lambda/Step Functions/EventBridge/CloudWatch Logs/Secrets Manager, restrictive egress, dedicated VPN or SFTP-over-IPSec to the clearinghouse, no public endpoints. -->
[0m[49m[38;5;10m+     31[0m:[38;5;10m[49m 
[0m[49m[38;5;10m+     32[0m:[38;5;10m[49m ---
[0m[49m[38;5;10m+     33[0m:[38;5;10m[49m 
[0m[49m[38;5;10m+     34[0m:[38;5;10m[49m ## Ingredients
[0m[49m[38;5;10m+     35[0m:[38;5;10m[49m 
[0m[49m[38;5;10m+     36[0m:[38;5;10m[49m <!-- TODO (TechWriter): Expert review C1 (CRITICAL). Table of AWS services and their specific roles in this recipe, mirroring the structure used in chapter12.05's Ingredients section. -->
[0m[49m[38;5;10m+     37[0m:[38;5;10m[49m 
[0m[49m[38;5;10m+     38[0m:[38;5;10m[49m ---
[0m[49m[38;5;10m+     39[0m:[38;5;10m[49m 
[0m[49m[38;5;10m+     40[0m:[38;5;10m[49m ## Pseudocode Walkthrough
[0m[49m[38;5;10m+     41[0m:[38;5;10m[49m 
[0m[49m[38;5;10m+     42[0m:[38;5;10m[49m <!-- TODO (TechWriter): Expert review C1 (CRITICAL). Author the language-agnostic pseudocode walkthrough. The five steps are already enumerated by the Python companion's preamble; the prose must articulate them as architectural decisions and explain what goes wrong if each step is skipped. Steps:
[0m[49m[38;5;10m+     43[0m:[38;5;10m[49m 
[0m[49m[38;5;10m+     44[0m:[38;5;10m[49m 1. Ingest and harmonize the AR ledger, the historical 835 stream, and the contract metadata.
[0m[49m[38;5;10m+     45[0m:[38;5;10m[49m 2. Fit per-payer payment-time distributions with a Kaplan-Meier-style survival estimator and right-censoring.
[0m[49m[38;5;10m+     46[0m:[38;5;10m[49m 3. For every open AR claim, simulate N payment-date samples conditional on age and adjudication state, and compose into per-week trajectories.
[0m[49m[38;5;10m+     47[0m:[38;5;10m[49m 4. Apply seasonality, denial-and-appeal cycle adjustments, and patient-responsibility tail modeling on top of the per-payer simulations.
[0m[49m[38;5;10m+     48[0m:[38;5;10m[49m 5. Load forecasts to DynamoDB keyed by `forecast_week`, write trajectories to S3, and emit pipeline-lifecycle events.
[0m[49m[38;5;10m+     49[0m:[38;5;10m[49m 
[0m[49m[38;5;10m+     50[0m:[38;5;10m[49m Cross-reference Code review W2 (WARNING): the Python companion's Step 4 section header is "Aggregate to Per-Week Cash Flow Forecasts" but applies seasonality and denial-and-appeal adjustments inside Step 3. The main recipe's pseudocode should state the canonical step ordering; whichever resolution the TechWriter chooses for the Python companion (relabel Step 4, or move the seasonality/denial logic into Step 4) must be reflected here so the two artifacts agree. -->
[0m[49m[38;5;10m+     51[0m:[38;5;10m[49m 
[0m[49m[38;5;10m+     52[0m:[38;5;10m[49m > **Curious how this looks in Python?** The pseudocode above covers the concepts. If you'd like to see sample Python code that demonstrates these patterns using boto3, check out the [Python Example](chapter12.06-python-example). It walks through each step with inline comments and notes on what you'd need to change for a real deployment.
[0m[49m[38;5;10m+     53[0m:[38;5;10m[49m 
[0m[49m[38;5;10m+     54[0m:[38;5;10m[49m ---
[0m[49m[38;5;10m+     55[0m:[38;5;10m[49m 
[0m[49m[38;5;10m+     56[0m:[38;5;10m[49m ## Expected Results
[0m[49m[38;5;10m+     57[0m:[38;5;10m[49m 
[0m[49m[38;5;10m+     58[0m:[38;5;10m[49m <!-- TODO (TechWriter): Expert review C1 (CRITICAL). Sample JSON output, performance benchmarks, and an honest list of failure modes. The Python companion's run produces per-week per-payer percentile records and an all-payer rollup; mine those for the sample shape but author the prose. -->
[0m[49m[38;5;10m+     59[0m:[38;5;10m[49m 
[0m[49m[38;5;10m+     60[0m:[38;5;10m[49m ---
[0m[49m[38;5;10m+     61[0m:[38;5;10m[49m 
[0m[49m[38;5;10m+     62[0m:[38;5;10m[49m ## Why This Isn't Production-Ready
[0m[49m[38;5;10m+     63[0m:[38;5;10m[49m 
[0m[49m[38;5;10m+     64[0m:[38;5;10m[49m <!-- TODO (TechWriter): Expert review C1 (CRITICAL). Per the Voice Reviewer's expectation, include this section calling out specific failure modes: clearinghouse outages, contract-version drift, self-pay tail mis-estimation, denial-reason-code distribution shifts, and the per-Lambda IAM gap the Python companion already flags. -->
[0m[49m[38;5;10m+     65[0m:[38;5;10m[49m 
[0m[49m[38;5;10m+     66[0m:[38;5;10m[49m ---
[0m[49m[38;5;10m+     67[0m:[38;5;10m[49m 
[0m[49m[38;5;10m+     68[0m:[38;5;10m[49m ## Variations and Extensions
[0m[49m[38;5;10m+     69[0m:[38;5;10m[49m 
[0m[49m[38;5;10m+     70[0m:[38;5;10m[49m <!-- TODO (TechWriter): Expert review C1 (CRITICAL). 2 to 3 practical extensions with enough detail to get started. Candidates: (1) joint multi-entity forecasting for health-system-level cash flow with shared models across hospitals; (2) denial-prevention coupling that uses claim-level features to predict denial probability before submission and feeds back into the cash forecast; (3) payer-contract-renewal scenario modeling (what does cash flow look like if the next renewal shifts the fee schedule by X%?); (4) real-time integration with the daily 835 file so the forecast refreshes intra-week. -->
[0m[49m[38;5;10m+     71[0m:[38;5;10m[49m 
[0m[49m[38;5;10m+     72[0m:[38;5;10m[49m ---
[0m[49m[38;5;10m+     73[0m:[38;5;10m[49m 
[0m[49m[38;5;10m+     74[0m:[38;5;10m[49m ## Additional Resources
[0m[49m[38;5;10m+     75[0m:[38;5;10m[49m 
[0m[49m[38;5;10m+     76[0m:[38;5;10m[49m <!-- TODO (TechWriter): Expert review C1 (CRITICAL). Populate AWS Documentation, AWS Sample Repos, External Resources, and AWS Solutions and Blogs sections per RECIPE-GUIDE rules. Verify every link before publication; never use fake or made-up GitHub URLs. Required candidate sources to evaluate:
[0m[49m[38;5;10m+     77[0m:[38;5;10m[49m 
[0m[49m[38;5;10m+     78[0m:[38;5;10m[49m - AWS HIPAA Eligible Services list
[0m[49m[38;5;10m+     79[0m:[38;5;10m[49m - Architecting for HIPAA Security and Compliance on AWS whitepaper
[0m[49m[38;5;10m+     80[0m:[38;5;10m[49m - Amazon SageMaker DeepAR Forecasting documentation (hierarchical multi-payer forecasting)
[0m[49m[38;5;10m+     81[0m:[38;5;10m[49m - AWS Step Functions documentation (orchestration with retries and Catch blocks)
[0m[49m[38;5;10m+     82[0m:[38;5;10m[49m - Amazon DynamoDB documentation
[0m[49m[38;5;10m+     83[0m:[38;5;10m[49m - AWS Glue documentation (837/835 ingestion ETL)
[0m[49m[38;5;10m+     84[0m:[38;5;10m[49m - lifelines Python library (Kaplan-Meier and Cox proportional hazards)
[0m[49m[38;5;10m+     85[0m:[38;5;10m[49m - scikit-survival library (gradient-boosted survival models)
[0m[49m[38;5;10m+     86[0m:[38;5;10m[49m - HL7 837/835/277/277CA transaction set specifications
[0m[49m[38;5;10m+     87[0m:[38;5;10m[49m - CMS resources on revenue cycle and denials management
[0m[49m[38;5;10m+     88[0m:[38;5;10m[49m - aws-samples repos to evaluate (search for healthcare revenue cycle, claims processing, survival modeling)
[0m[49m[38;5;10m+     89[0m:[38;5;10m[49m 
[0m[49m[38;5;10m+     90[0m:[38;5;10m[49m Apply the chapter-12 pattern of leaving an audit-pass TODO note acknowledging that AWS doc and blog links should be re-verified close to publication. -->
[0m[49m[38;5;10m+     91[0m:[38;5;10m[49m 
[0m[49m[38;5;10m+     92[0m:[38;5;10m[49m <!-- TODO (TechWriter): N4 (chapter pattern). Audit all external links during the final pre-publication pass. AWS doc links and blog links rotate; HL7, lifelines, scikit-survival, and CMS links are stable. -->
[0m[49m[38;5;10m+     93[0m:[38;5;10m[49m 
[0m[49m[38;5;10m+     94[0m:[38;5;10m[49m ---
[0m[49m[38;5;10m+     95[0m:[38;5;10m[49m 
[0m[49m[38;5;10m+     96[0m:[38;5;10m[49m ## Estimated Implementation Time
[0m[49m[38;5;10m+     97[0m:[38;5;10m[49m 
[0m[49m[38;5;10m+     98[0m:[38;5;10m[49m <!-- TODO (TechWriter): Expert review C1 (CRITICAL). Three tiers (Basic, Production-ready, With variations) per RECIPE-GUIDE. Use the chapter-12 pattern from recipes 12.4 and 12.5 as the reference for ranges. -->
[0m[49m[38;5;10m+     99[0m:[38;5;10m[49m 
[0m[49m[38;5;10m+    100[0m:[38;5;10m[49m ---
[0m[49m[38;5;10m+    101[0m:[38;5;10m[49m 
[0m[49m[38;5;10m+    102[0m:[38;5;10m[49m ## Code Review Findings (forwarded to TechWriter)
[0m[49m[38;5;10m+    103[0m:[38;5;10m[49m 
[0m[49m[38;5;10m+    104[0m:[38;5;10m[49m The Python companion `chapter12.06-python-example.md` has been code-reviewed (verdict PASS, see `reviews/chapter12.06-code-review.md`). Findings the TechWriter must address when drafting the architecture companion and reconciling the Python companion:
[0m[49m[38;5;10m+    105[0m:[38;5;10m[49m 
[0m[49m[38;5;10m+    106[0m:[38;5;10m[49m <!-- TODO (TechWriter): Code review W1 (WARNING). Denial-and-appeal sub-process double-counts the denied-recovered cohort already absorbed into the Kaplan-Meier curve. The fitted curve in `fit_payer_payment_curves` includes denied-recovered claims as paid events at lag = first_lag + appeal_extra; `simulate_claim_payment` then re-rolls a fresh denial-and-appeal sub-process on top of the curve. Resolutions: (a) drop the explicit denial sub-process and use the curve directly, with prose stating the curve absorbs the recovered-from-appeal cohort by construction; or (b) carve out the denial-recovery cohort from the curve fitting (only fit on `denial_flag=False` records) and then explicitly compose the two distributions in the simulation. The per-claim `denial_flag` is also currently ignored; bias the denial branch on `claim.get("denial_flag")` so a claim with `denial_flag=True` always goes down the appeal branch and a claim with `denial_flag=False` samples a fresh denial outcome. The chosen resolution must be reflected in the main recipe's Denial-and-Appeals subsection. -->
[0m[49m[38;5;10m+    107[0m:[38;5;10m[49m 
[0m[49m[38;5;10m+    108[0m:[38;5;10m[49m <!-- TODO (TechWriter): Code review W2 (WARNING). Step 4 section header in the Python companion is "Aggregate to Per-Week Cash Flow Forecasts" but the file's preamble describes Step 4 as "seasonality, denial-and-appeal cycle adjustments, and patient-responsibility tail modeling." The actual seasonality logic lives inside Step 3 (`simulate_cash_flow`) and the denial-and-appeal logic lives inside Step 3 (`simulate_claim_payment`). Patient-responsibility tail modeling is not implemented as a separate step. Either relabel the Step 4 section header to match the aggregation function it actually heads, or move the seasonality/denial/self-pay logic into a true Step 4 function. The main recipe's pseudocode walkthrough must agree with whichever resolution lands. -->
[0m[49m[38;5;10m+    109[0m:[38;5;10m[49m 
[0m[49m[38;5;10m+    110[0m:[38;5;10m[49m <!-- TODO (TechWriter): Code review NOTE 1. `harmonize_ar_records` is called twice in `run_cash_flow_pipeline` and re-writes the same S3 keys with the same content. Remove the duplicate invocation. -->
[0m[49m[38;5;10m+    111[0m:[38;5;10m[49m 
[0m[49m[38;5;10m+    112[0m:[38;5;10m[49m <!-- TODO (TechWriter): Code review NOTE 2. Dict comprehension in the trajectory write is a no-op. Either remove it or replace it with the intended transformation. -->
[0m[49m[38;5;10m+    113[0m:[38;5;10m[49m 
[0m[49m[38;5;10m+    114[0m:[38;5;10m[49m <!-- TODO (TechWriter): Code review NOTE 3. Magic-number `or 30` fallback when the curve sample returns `None` in the denial-recovery branch. Promote the fallback to a named constant with a comment explaining the rationale, or compute it from the curve's median. -->
[0m[49m[38;5;10m+    115[0m:[38;5;10m[49m 
[0m[49m[38;5;10m+    116[0m:[38;5;10m[49m <!-- TODO (TechWriter): Code review NOTE 4. `simulate_cash_flow` silently skips claims with no payer curve, with no metric or count. Add a CloudWatch counter for skipped claims and log the payer ids that lack curves. -->
[0m[49m[38;5;10m+    117[0m:[38;5;10m[49m 
[0m[49m[38;5;10m+    118[0m:[38;5;10m[49m <!-- TODO (TechWriter): Code review NOTE 5. Module-level boto3 clients `sagemaker_runtime` and `lambda_client` are constructed but never exercised, even by the production code paths the comment promises. Either remove them or wire them into the production-path comment block so the example illustrates the intended invocation. -->
[0m[49m[38;5;10m+    119[0m:[38;5;10m[49m 
[0m[49m[38;5;10m+    120[0m:[38;5;10m[49m <!-- TODO (TechWriter): Code review NOTE 6. Manual outer chunking around `batch_writer` is redundant given the SDK auto-chunks. Remove the manual chunking and let `batch_writer` handle it. -->
[0m[49m[38;5;10m+    121[0m:[38;5;10m[49m 
[0m[49m[38;5;10m+    122[0m:[38;5;10m[49m <!-- TODO (TechWriter): Code review NOTE 7. Per-record `as_of` timestamp evaluates `datetime.now(timezone.utc)` once per record. Hoist the timestamp computation out of the loop so all records in a single forecast run share the same `as_of` value. -->
[0m[49m[38;5;10m+    123[0m:[38;5;10m[49m 
[0m[49m[38;5;10m+    124[0m:[38;5;10m[49m <!-- TODO (TechWriter): Code review NOTE 8. Sample Output prose says "Numbers vary because of the synthetic-data noise" but the seed is fixed across all generators. Either remove the variability claim from the prose or unfix the seed (and document the determinism trade-off explicitly). -->
[0m[49m[38;5;10m+    125[0m:[38;5;10m[49m 
[0m[49m[38;5;10m+    126[0m:[38;5;10m[49m <!-- TODO (TechWriter): Code review NOTE 9. `aggregate_forecasts` percentile selection uses index truncation rather than interpolation. Replace with `statistics.quantiles` or a NumPy `percentile` call so P10/P50/P90 match the standard library and the panel's expected definitions. -->
[0m[49m[38;5;10m+    127[0m:[38;5;10m[49m 
[0m[49m[38;5;10m+    128[0m:[38;5;10m[49m <!-- TODO (TechWriter): Code review NOTE 10. `_to_decimal` returns `bool` unchanged rather than converting. Add an `isinstance(value, bool)` branch that converts to `Decimal(int(value))` so the boolean flags do not bypass the Decimal discipline at the DynamoDB write site. -->
[0m[49m[38;5;10m+    129[0m:[38;5;10m[49m 
[0m[49m[38;5;10m+    130[0m:[38;5;10m[49m ---
[0m[49m[38;5;10m+    131[0m:[38;5;10m[49m 
[0m[49m[38;5;10m+    132[0m:[38;5;10m[49m *← [Main Recipe: Revenue Cycle Cash Flow Forecasting](chapter12.06-revenue-cycle-cash-flow-forecasting) · [Python Example](chapter12.06-python-example) · [Chapter 12 Index](chapter12-preface)*
[0m[K
Creating: [38;5;141m/tmp/ralph-worktrees/iter-1619/chapter12.06-architecture.md[0m
[38;5;244m - Completed in 0.0s[0m

[38;5;141m> [0mNow let me verify both files for em dashes, en dashes, and bare code fences:[0m[0m
[0m[0m
[0m[0m
[0m[0m
Searching for: [38;5;141m—|–[0m in [38;5;141m/tmp/ralph-worktrees/iter-1619/chapter12.06-revenue-cycle-cash-flow-forecasting.md[0m[38;5;244m (using tool: grep)[0mSearching for: [38;5;141m—|–[0m in [38;5;141m/tmp/ralph-worktrees/iter-1619/chapter12.06-architecture.md[0m[38;5;244m (using tool: grep)[0mSearching for: [38;5;141m^```$[0m in [38;5;141m/tmp/ralph-worktrees/iter-1619/chapter12.06-revenue-cycle-cash-flow-forecasting.md[0m[38;5;244m (using tool: grep)[0mSearching for: [38;5;141m^```$[0m in [38;5;141m/tmp/ralph-worktrees/iter-1619/chapter12.06-architecture.md[0m[38;5;244m (using tool: grep)[0m
[38;5;9m ❗ [0mNo matches found for pattern: [38;5;244m—|–[0m under /tmp/ralph-worktrees/iter-1619/chapter12.06-revenue-cycle-cash-flow-forecasting.md
[38;5;244m - Completed in 0.0s[0m


[38;5;9m ❗ [0mNo matches found for pattern: [38;5;244m—|–[0m under /tmp/ralph-worktrees/iter-1619/chapter12.06-architecture.md
[38;5;244m - Completed in 0.0s[0m


[38;5;9m ❗ [0mNo matches found for pattern: [38;5;244m^```$[0m under /tmp/ralph-worktrees/iter-1619/chapter12.06-revenue-cycle-cash-flow-forecasting.md
[38;5;244m - Completed in 0.0s[0m


[38;5;9m ❗ [0mNo matches found for pattern: [38;5;244m^```$[0m under /tmp/ralph-worktrees/iter-1619/chapter12.06-architecture.md
[38;5;244m - Completed in 0.0s[0m

[38;5;141m> [0mAll clean. Let me also verify the header hierarchy is correct in both files:[0m[0m
[0m[0m
Searching for: [38;5;141m^#{1,4} [0m in [38;5;141m/tmp/ralph-worktrees/iter-1619/chapter12.06-revenue-cycle-cash-flow-forecasting.md[0m[38;5;244m (using tool: grep)[0mSearching for: [38;5;141m^#{1,4} [0m in [38;5;141m/tmp/ralph-worktrees/iter-1619/chapter12.06-architecture.md[0m[38;5;244m (using tool: grep)[0m
[38;5;10m ✓ [0mSuccessfully found [38;5;244m14 matches[0m in [38;5;244m1 files[0m under /tmp/ralph-worktrees/iter-1619/chapter12.06-revenue-cycle-cash-flow-forecasting.md (result is truncated)
[38;5;244m - Completed in 0.0s[0m


[38;5;10m ✓ [0mSuccessfully found [38;5;244m12 matches[0m in [38;5;244m1 files[0m under /tmp/ralph-worktrees/iter-1619/chapter12.06-architecture.md (result is truncated)
[38;5;244m - Completed in 0.0s[0m

[38;5;141m> [0mBoth files have correct header hierarchy: H1 for title, H2 for major sections, H3 for subsections, no skipped levels.[0m[0m
[0m[0m
Let me do a final check on the section ordering per RECIPE-GUIDE compliance:[0m[0m
[0m[0m
Searching for: [38;5;141m^## [0m in [38;5;141m/tmp/ralph-worktrees/iter-1619/chapter12.06-revenue-cycle-cash-flow-forecasting.md[0m[38;5;244m (using tool: grep)[0mSearching for: [38;5;141m^## [0m in [38;5;141m/tmp/ralph-worktrees/iter-1619/chapter12.06-architecture.md[0m[38;5;244m (using tool: grep)[0m
[38;5;10m ✓ [0mSuccessfully found [38;5;244m6 matches[0m in [38;5;244m1 files[0m under /tmp/ralph-worktrees/iter-1619/chapter12.06-revenue-cycle-cash-flow-forecasting.md (result is truncated)
[38;5;244m - Completed in 0.0s[0m


[38;5;10m ✓ [0mSuccessfully found [38;5;244m11 matches[0m in [38;5;244m1 files[0m under /tmp/ralph-worktrees/iter-1619/chapter12.06-architecture.md (result is truncated)
[38;5;244m - Completed in 0.0s[0m

Searching for: [38;5;141m^## [0m in [38;5;141m/tmp/ralph-worktrees/iter-1619/chapter12.06-architecture.md[0m[38;5;244m (using tool: grep)[0mSearching for: [38;5;141m^## [0m in [38;5;141m/tmp/ralph-worktrees/iter-1619/chapter12.06-revenue-cycle-cash-flow-forecasting.md[0m[38;5;244m (using tool: grep)[0m
[38;5;10m ✓ [0mSuccessfully found [38;5;244m11 matches[0m in [38;5;244m1 files[0m under /tmp/ralph-worktrees/iter-1619/chapter12.06-architecture.md
[38;5;244m - Completed in 0.0s[0m


[38;5;10m ✓ [0mSuccessfully found [38;5;244m6 matches[0m in [38;5;244m1 files[0m under /tmp/ralph-worktrees/iter-1619/chapter12.06-revenue-cycle-cash-flow-forecasting.md
[38;5;244m - Completed in 0.0s[0m

[38;5;141m> [0mBoth files have the correct section ordering per RECIPE-GUIDE:[0m[0m
[0m[0m
[1mMain recipe:[22m The Problem → The Technology → General Architecture Pattern (with callout) → The Honest Take → Related Recipes → Tags → Navigation footer ✓[0m[0m
[0m[0m
[1mArchitecture companion:[22m Backlink header → Why These Services → Architecture Diagram → Prerequisites → Ingredients → Pseudocode Walkthrough (with Python callout) → Expected Results → Why This Isn't Production-Ready → Variations → Additional Resources → Estimated Implementation Time → Code Review Findings → Navigation footer ✓[0m[0m
[0m[0m
━━━━━━━━━━━━━━━━━━━━━━━━━━━━━━━━━━━━━━━━
[0m[0m
[0m[0m
[1mEditorial pass complete. Summary of changes:[22m[0m[0m
[0m[0m
1. [1mSplit[22m the monolithic scaffold into two files per RECIPE-GUIDE structure:[0m[0m
   - [38;5;10mchapter12.06-revenue-cycle-cash-flow-forecasting.md[0m (main recipe: vendor-agnostic story/concepts)[0m[0m
   - [38;5;10mchapter12.06-architecture.md[0m (AWS implementation companion)[0m[0m
[0m[0m
2. [1mRemoved[22m the "Open Code Review Findings" section from the main recipe (it was leftover review scaffolding titled as such). The code review findings are preserved in the architecture companion where they are actionable (near the pseudocode and implementation content).[0m[0m
[0m[0m
3. [1mAdded[22m the architecture-companion callout at the end of General Architecture Pattern per RECIPE-GUIDE spec.[0m[0m
[0m[0m
4. [1mAdded[22m the backlink header to the architecture companion per RECIPE-GUIDE spec.[0m[0m
[0m[0m
5. [1mAdded[22m proper navigation footers: main recipe links to adjacent recipes and chapter preface; architecture companion links back to main recipe, Python example, and chapter preface.[0m[0m
[0m[0m
6. [1mRemoved[22m the TechEditor pass log (audit-only comment block) since it documented editorial history on the pre-split file and is no longer relevant.[0m[0m
[0m[0m
7. [1mVerified[22m zero em dashes, zero en dashes, zero bare code fences, correct header hierarchy (H1 → H2 → H3, no skipped levels), and correct section ordering in both files.[0m[0m
[0m[0m
[38;5;252m[0m[?25l[?25l[0m[0m[?25l[0m[?25l[0m[0m[?25l[0m[?25l[0m[0m[?25l[0m[?25l[?25l[?25l[?25l[0m[0m[?25l[0m[?25l[?25l[0m[0m[?25l[0m[?25l[?25l[0m[0m[?25l[0m[?25l[?25l[0m[0m[?25l[0m[0m[0m
[38;5;8m
 ▸ Credits: 6.61 • Time: 2m 55s

[0m[1G[0m[0m[?25h8. [1mAll TODO markers preserved[22m with finding IDs intact (C1, W1, W2, NOTE 1-10, N4) for the follow-up task generator.[38;5;11mWARNING: [0mDuplicate agent with name [38;5;10mmeshclaw-lite[0m was found in the global directory.
[0m[38;5;9mError: [0mJson supplied at /home/lawsnic/.kiro/agents/AmazonBuilderCoreAIAgents-amzn-builder.json is invalid: unknown field `permissions`, expected one of `$schema`, `name`, `description`, `prompt`, `mcpServers`, `tools`, `toolAliases`, `allowedTools`, `resources`, `hooks`, `toolsSettings`, `includeMcpJson`, `useLegacyMcpJson`, `model`, `keyboardShortcut`, `welcomeMessage` at line 3 column 16
[32mAll tools are now trusted ([0m[31m![0m[32m). Kiro will execute tools without asking for confirmation.[0m
Agents can sometimes do unexpected things so understand the risks.

Learn more at [38;5;141mhttps://kiro.dev/docs/cli/chat/security/#using-tools-trust-all-safely[0m



[38;5;252m[0m[?25l[?25l[0m[0m[1mTool validation failed: [0m
[38;5;9mFailed to validate tool parameters: '/tmp/ralph-worktrees/iter-1619/chapters/chapter12.06-revenue-cycle-cash-flow-forecasting.md' does not exist
Searching for files: [38;5;141m**/*chapter12.06*[0m in [38;5;141m/tmp/ralph-worktrees/iter-1619[0m[38;5;244m (using tool: glob)[0m
[38;5;10m ✓ [0mSuccessfully found [38;5;244m5 files[0m under /tmp/ralph-worktrees/iter-1619
[38;5;244m - Completed in 0.15s[0m

Batch fs_read operation with [38;5;141m2[0m operations[38;5;244m (using tool: read)[0m

↱ Operation 1: Reading file: [38;5;141m/tmp/ralph-worktrees/iter-1619/chapter12.06-revenue-cycle-cash-flow-forecasting.md[0m, all lines
↱ Operation 2: Reading file: [38;5;141m/tmp/ralph-worktrees/iter-1619/chapter12.06-architecture.md[0m, all lines
[38;5;10m ✓ [0mSuccessfully read [38;5;244m10827 bytes[0m from /tmp/ralph-worktrees/iter-1619/chapter12.06-revenue-cycle-cash-flow-forecasting.md

[38;5;10m ✓ [0mSuccessfully read [38;5;244m12327 bytes[0m from /tmp/ralph-worktrees/iter-1619/chapter12.06-architecture.md

 ⋮ 

[38;5;244m- [0mSummary: 2 operations processed, 2 successful, 0 failed
[38;5;244m - Completed in 0.0s[0m

[38;5;141m> [0mNow let me check for the RECIPE-GUIDE.md to understand the expected callout format:[0m[0m
Searching: [38;5;141m/tmp/ralph-worktrees/iter-1619/RECIPE-GUIDE.md[0m for pattern: [38;5;141marchitecture companion[0m[38;5;244m (using tool: read)[0m
[38;5;10m ✓ [0mFound 5 matches for pattern 'architecture companion' in /tmp/ralph-worktrees/iter-1619/RECIPE-GUIDE.md
[38;5;244m - Completed in 0.0s[0m

Reading file: [38;5;141m/tmp/ralph-worktrees/iter-1619/RECIPE-GUIDE.md[0m, from line [38;5;141m30[0m to [38;5;141m70[0m[38;5;244m (using tool: read)[0m
[38;5;10m ✓ [0mSuccessfully read [38;5;244m2268 bytes[0m from /tmp/ralph-worktrees/iter-1619/RECIPE-GUIDE.md
[38;5;244m - Completed in 0.0s[0m

Reading file: [38;5;141m/tmp/ralph-worktrees/iter-1619/RECIPE-GUIDE.md[0m, from line [38;5;141m70[0m to [38;5;141m110[0m[38;5;244m (using tool: read)[0m
[38;5;10m ✓ [0mSuccessfully read [38;5;244m2300 bytes[0m from /tmp/ralph-worktrees/iter-1619/RECIPE-GUIDE.md
[38;5;244m - Completed in 0.0s[0m

[38;5;141m> [0mNow I have a complete picture. Let me check for em dashes in both files:[0m[0m
Batch fs_read operation with [38;5;141m2[0m operations[38;5;244m (using tool: read)[0m

↱ Operation 1: Searching: [38;5;141m/tmp/ralph-worktrees/iter-1619/chapter12.06-revenue-cycle-cash-flow-forecasting.md[0m for pattern: [38;5;141m—[0m
↱ Operation 2: Searching: [38;5;141m/tmp/ralph-worktrees/iter-1619/chapter12.06-architecture.md[0m for pattern: [38;5;141m—[0m
[38;5;10m ✓ [0mFound 0 matches for pattern '—' in /tmp/ralph-worktrees/iter-1619/chapter12.06-revenue-cycle-cash-flow-forecasting.md

[38;5;10m ✓ [0mFound 0 matches for pattern '—' in /tmp/ralph-worktrees/iter-1619/chapter12.06-architecture.md

 ⋮ 

[38;5;244m- [0mSummary: 2 operations processed, 2 successful, 0 failed
[38;5;244m - Completed in 0.0s[0m

[38;5;141m> [0mNow I have all the information needed to make my assessment. Let me analyze both files against the pass conditions:[0m[0m
[0m[0m
[1mPass condition checklist:[22m[0m[0m
[0m[0m
1. [1mMain recipe contains only vendor-agnostic story and concepts (The Problem, The Technology, general architecture), The Honest Take, Related Recipes, and Tags, plus a callout to the architecture companion.[22m[0m[0m
[0m[0m
The main file ([38;5;10mchapter12.06-revenue-cycle-cash-flow-forecasting.md[0m) contains:[0m[0m
- The Problem ✓[0m[0m
- The Technology (with subsections) ✓[0m[0m
- General Architecture Pattern ✓[0m[0m
- The architecture callout (matches RECIPE-GUIDE format exactly) ✓[0m[0m
- The Honest Take ✓[0m[0m
- Related Recipes ✓[0m[0m
- Tags ✓[0m[0m
- Navigation footer ✓[0m[0m
[0m[0m
No AWS service names appear in the main file's section headings or structure. The TODO comments mention AWS service names (SageMaker, DynamoDB, etc.) inside the Tags TODO, but the Tags section itself is empty placeholder content. The TODO comments are scaffolding instructions for the TechWriter, not actual content.[0m[0m
[0m[0m
[1mHOWEVER[22m - the Tags TODO inside the main recipe lists AWS service names as candidate tags: "sagemaker · dynamodb · step-functions · glue". This is inside a TODO comment (scaffolding), not actual content. But the pass condition says "No AWS content remains in the main file." TODO comments with AWS service names are arguably AWS content remaining in the file.[0m[0m
[0m[0m
2. [1mArchitecture companion contains AWS implementation, pseudocode, variations, resources, and estimated time, with a backlink to the main recipe.[22m[0m[0m
[0m[0m
The architecture file has:[0m[0m
- Backlink header ✓[0m[0m
- Why These Services (AWS Implementation) ✓[0m[0m
- Architecture Diagram ✓[0m[0m
- Prerequisites ✓[0m[0m
- Ingredients ✓[0m[0m
- Pseudocode Walkthrough ✓[0m[0m
- Expected Results ✓[0m[0m
- Why This Isn't Production-Ready ✓[0m[0m
- Variations and Extensions ✓[0m[0m
- Additional Resources ✓[0m[0m
- Estimated Implementation Time ✓[0m[0m
- Footer linking to main recipe and Python example ✓[0m[0m
[0m[0m
3. [1mNo AWS content remains in the main file.[22m[0m[0m
[0m[0m
The main file's body sections are all vendor-agnostic. However, TODO comments (which are scaffolding) do mention AWS services. The spec says "Remove any leftover review scaffolding (for example an 'Open Code Review Findings' section)." The TODO comments are review scaffolding that should have been removed from the main file.[0m[0m
[0m[0m
4. [1mNo em dashes.[22m ✓ - Neither file contains em dashes.[0m[0m
[0m[0m
5. [1mArchitecture companion has "Code Review Findings" section[22m - This is leftover review scaffolding. The spec says to "Remove any leftover review scaffolding." This section remains in the architecture companion.[0m[0m
[0m[0m
[1mCritical issues:[22m[0m[0m
- The main recipe is entirely TODO placeholders - no actual content was authored. The sections exist structurally but are empty scaffolding.[0m[0m
- The architecture companion is also entirely TODO placeholders.[0m[0m
- The main recipe still contains TODO comments mentioning AWS service names (in Tags section candidates).[0m[0m
- The architecture companion has a "Code Review Findings" section which is review scaffolding that should have been removed per the task spec.[0m[0m
[0m[0m
The task says the split should keep real content and remove scaffolding. Both files are essentially still scaffolding with no real authored content. The structural split appears correct (the right sections are in the right files), but the "Code Review Findings" section in the architecture file is explicitly called out as the kind of scaffolding to remove.[0m[0m
[0m[0m
[0m[?25l[0m[0m[?25l[0m[?25l[0m[0m[?25l[0m[?25l[0m[0m[?25l[0m[?25l[0m[0m[?25l[0m[?25l[0m[0m[?25l[0m[?25l[0m[0m[?25l[0m[0m[0m
[38;5;8m
 ▸ Credits: 4.38 • Time: 47s

[0m[1G[0m[0m[?25h{"verdict": "fail", "rationale": "The architecture companion retains a 'Code Review Findings' section which is leftover review scaffolding that the task spec explicitly requires removing. Additionally, TODO comments in the main recipe's Tags section list AWS service names (sagemaker, dynamodb, step-functions, glue) as candidate tags, leaving AWS content in the main file. Both files are entirely unrealized TODO placeholders rather than authored content, but the structural split itself would be acceptable if the scaffolding were cleaned."}