# parallel_worker header: concurrency_limit=2 batch_id=batch-1780298769782-000144-7b760865a865227f iteration=1070 task_id=ch14-r08-edit persona=TechEditor
[38;5;11mWARNING: [0mDuplicate agent with name [38;5;10mmeshclaw-lite[0m was found in the global directory.
[0m[32mAll tools are now trusted ([0m[31m![0m[32m). Kiro will execute tools without asking for confirmation.[0m
Agents can sometimes do unexpected things so understand the risks.

Learn more at [38;5;141mhttps://kiro.dev/docs/cli/chat/security/#using-tools-trust-all-safely[0m



[38;5;141m> [0mI'll start by reading the current draft, the reviews, and the style/recipe guides to understand what needs to be edited.[0m[0m
Batch fs_read operation with [38;5;141m3[0m operations[38;5;244m (using tool: read)[0m

↱ Operation 1: Reading file: [38;5;141m/tmp/ralph-worktrees/iter-1070/chapter14.08-ambulance-routing-dispatch.md[0m, all lines
↱ Operation 2: Reading file: [38;5;141m/tmp/ralph-worktrees/iter-1070/STYLE-GUIDE.md[0m, all lines
↱ Operation 3: Reading file: [38;5;141m/tmp/ralph-worktrees/iter-1070/RECIPE-GUIDE.md[0m, all lines
[38;5;10m ✓ [0mSuccessfully read [38;5;244m42764 bytes[0m from /tmp/ralph-worktrees/iter-1070/chapter14.08-ambulance-routing-dispatch.md

[38;5;10m ✓ [0mSuccessfully read [38;5;244m3731 bytes[0m from /tmp/ralph-worktrees/iter-1070/STYLE-GUIDE.md

[38;5;10m ✓ [0mSuccessfully read [38;5;244m9026 bytes[0m from /tmp/ralph-worktrees/iter-1070/RECIPE-GUIDE.md

 ⋮ 

[38;5;244m- [0mSummary: 3 operations processed, 3 successful, 0 failed
[38;5;244m - Completed in 0.0s[0m

[38;5;141m> [0mNow let me read the reviews for this recipe:[0m[0m
Searching for files: [38;5;141mreviews/chapter14.08*[0m[38;5;244m (using tool: glob)[0m
[38;5;10m ✓ [0mSuccessfully found [38;5;244m2 files[0m under current directory
[38;5;244m - Completed in 0.10s[0m

Batch fs_read operation with [38;5;141m2[0m operations[38;5;244m (using tool: read)[0m

↱ Operation 1: Reading file: [38;5;141m/tmp/ralph-worktrees/iter-1070/reviews/chapter14.08-code-review.md[0m, all lines
↱ Operation 2: Reading file: [38;5;141m/tmp/ralph-worktrees/iter-1070/reviews/chapter14.08-expert-review.md[0m, all lines
[38;5;10m ✓ [0mSuccessfully read [38;5;244m7981 bytes[0m from /tmp/ralph-worktrees/iter-1070/reviews/chapter14.08-code-review.md

[38;5;10m ✓ [0mSuccessfully read [38;5;244m27707 bytes[0m from /tmp/ralph-worktrees/iter-1070/reviews/chapter14.08-expert-review.md

 ⋮ 

[38;5;244m- [0mSummary: 2 operations processed, 2 successful, 0 failed
[38;5;244m - Completed in 0.0s[0m

[38;5;141m> [0mNow let me also check the Python companion to understand the full picture:[0m[0m
Reading file: [38;5;141m/tmp/ralph-worktrees/iter-1070/chapter14.08-python-example.md[0m, from line [38;5;141m1[0m to [38;5;141m50[0m[38;5;244m (using tool: read)[0m
[38;5;10m ✓ [0mSuccessfully read [38;5;244m2578 bytes[0m from /tmp/ralph-worktrees/iter-1070/chapter14.08-python-example.md
[38;5;244m - Completed in 0.0s[0m

[38;5;141m> [0mI have enough context now. Let me review the findings and apply the editorial changes. Let me look at a Chapter 1 recipe for reference on formatting patterns:[0m[0m
Reading file: [38;5;141m/tmp/ralph-worktrees/iter-1070/chapter01.01-insurance-card-scanning.md[0m, from line [38;5;141m1[0m to [38;5;141m40[0m[38;5;244m (using tool: read)[0m
[38;5;10m ✓ [0mSuccessfully read [38;5;244m3034 bytes[0m from /tmp/ralph-worktrees/iter-1070/chapter01.01-insurance-card-scanning.md
[38;5;244m - Completed in 0.0s[0m

[38;5;141m> [0mGood. Now I have a clear picture of the style, structure, and what the reviews are asking for. Let me now produce the final edited version of the recipe. I'll address the review findings as follows:[0m[0m
[0m[0m
[1mFindings I'll fix directly:[22m[0m[0m
- S3 (ElastiCache wildcard permission) - fix the IAM row[0m[0m
- V2 (documentation-voice in Location Service paragraph) - rewrite lead sentence[0m[0m
- A4 (conditional write exception handling) - add comment to pseudocode[0m[0m
- N2 (NAT Gateway vs VPC endpoint) - strengthen VPC endpoint recommendation[0m[0m
- A3 (provisioned concurrency) - strengthen the Lambda paragraph[0m[0m
[0m[0m
[1mFindings I'll defer as TODOs (too substantial for editor to add new technical content):[22m[0m[0m
- A1 (failover strategy) - HIGH, needs new section from TechWriter[0m[0m
- A2 (dispatcher override mechanism) - HIGH, needs architectural changes from TechWriter[0m[0m
- N1 (GPS ingestion security) - MEDIUM, needs new content[0m[0m
- S2 (KMS key management details) - MEDIUM, needs new content[0m[0m
- S6/S3 (audit trail specification) - MEDIUM, needs new content[0m[0m
- V1 (unverified links) - MEDIUM, needs verification by TechWriter[0m[0m
[0m[0m
[1mCode review findings:[22m All were NOTE or WARNING severity with no required fixes. I'll leave those for the Python companion editor.[0m[0m
I'll create the following file: [38;5;141mchapter14.08-ambulance-routing-dispatch.md[0m[38;5;244m (using tool: write)[0m
Purpose: Final edited version of Recipe 14.8 incorporating review feedback

[49m[39m    1,   1[0m:[39m[49m # Recipe 14.8: Ambulance Routing and Dispatch
[0m[49m[39m    2,   2[0m:[39m[49m 
[0m[49m[39m    3,   3[0m:[39m[49m **Complexity:** Complex · **Phase:** Production · **Estimated Cost:** ~$2,000–8,000/month depending on fleet size and call volume
[0m[49m[39m    4,   4[0m:[39m[49m 
[0m[49m[39m    5,   5[0m:[39m[49m ---
[0m[49m[39m    6,   6[0m:[39m[49m 
[0m[49m[39m    7,   7[0m:[39m[49m ## The Problem
[0m[49m[39m    8,   8[0m:[39m[49m 
[0m[49m[39m    9,   9[0m:[39m[49m A 911 call comes in. Chest pain, 67-year-old male, residential address on the east side of town. The dispatcher has maybe 30 seconds to make a decision that could determine whether this person lives or dies. Which ambulance do you send? The closest one by straight-line distance? The one that's actually closest by road, accounting for the construction on Main Street? The one that's already en route back from a hospital drop-off and will be available in 90 seconds? The one with a paramedic certified in cardiac interventions versus the BLS unit that's technically closer?
[0m[49m[39m   10,  10[0m:[39m[49m 
[0m[49m[39m   11,  11[0m:[39m[49m And once you've picked the ambulance, which hospital do you route them to? The nearest ED? The one with a cath lab that's not currently on diversion? The one that's 4 minutes farther but has an open bed in the cardiac unit?
[0m[49m[39m   12,  12[0m:[39m[49m 
[0m[49m[39m   13,  13[0m:[39m[49m This is not a simple "find the nearest vehicle" problem. It's a multi-objective, real-time optimization problem with life-safety stakes, incomplete information, and decisions that cascade. Every minute of response time in a cardiac event correlates with measurably worse outcomes. The National Association of EMS Physicians targets under 8 minutes for urban response to life-threatening calls. Many systems struggle to hit that consistently, not because they lack ambulances, but because they lack the optimization infrastructure to deploy them intelligently.
[0m[49m[39m   14,  14[0m:[39m[49m 
[0m[49m[39m   15,  15[0m:[39m[49m Most dispatch systems today still rely on a combination of CAD (Computer-Aided Dispatch) software that does basic proximity matching and human dispatchers making judgment calls based on experience. The dispatchers are often excellent. But they're making decisions with incomplete information, under time pressure, across a fleet that might span dozens of units. They can't simultaneously evaluate 15 possible assignments against 8 constraints in real time. A computer can.
[0m[49m[39m   16,  16[0m:[39m[49m 
[0m[49m[39m   17,  17[0m:[39m[49m The optimization opportunity here is enormous. Studies in operations research have shown that intelligent dispatch and positioning can reduce average response times by 1 to 3 minutes without adding a single ambulance to the fleet. In cardiac arrest, that's the difference between a 30% survival rate and a 50% survival rate.
[0m[49m[39m   18,  18[0m:[39m[49m 
[0m[49m[39m   19,  19[0m:[39m[49m Let's talk about how to build this.
[0m[49m[39m   20,  20[0m:[39m[49m 
[0m[49m[39m   21,  21[0m:[39m[49m ---
[0m[49m[39m   22,  22[0m:[39m[49m 
[0m[49m[39m   23,  23[0m:[39m[49m ## The Technology: Vehicle Routing and Real-Time Dispatch Optimization
[0m[49m[39m   24,  24[0m:[39m[49m 
[0m[49m[39m   25,  25[0m:[39m[49m ### The Vehicle Routing Problem (VRP)
[0m[49m[39m   26,  26[0m:[39m[49m 
[0m[49m[39m   27,  27[0m:[39m[49m At its core, ambulance dispatch is a variant of the Vehicle Routing Problem, one of the most studied problems in operations research. The classic VRP asks: given a set of vehicles at various locations and a set of requests to serve, what's the optimal assignment and routing? The ambulance version adds several twists that make it significantly harder.
[0m[49m[39m   28,  28[0m:[39m[49m 
[0m[49m[39m   29,  29[0m:[39m[49m The standard VRP is already NP-hard (meaning there's no known algorithm that solves it optimally in polynomial time for large instances). The ambulance variant adds:
[0m[49m[39m   30,  30[0m:[39m[49m 
[0m[49m[39m   31,  31[0m:[39m[49m - **Dynamic arrivals.** Calls arrive unpredictably. You can't batch them and solve once. Every new call potentially invalidates your current plan.
[0m[49m[39m   32,  32[0m:[39m[49m - **Stochastic travel times.** Traffic changes minute to minute. The 6-minute route at 2 PM might be 12 minutes at 5 PM.
[0m[49m[39m   33,  33[0m:[39m[49m - **Heterogeneous vehicles.** ALS (Advanced Life Support) units carry paramedics and cardiac equipment. BLS (Basic Life Support) units have EMTs. You can't send a BLS unit to a STEMI.
[0m[49m[39m   34,  34[0m:[39m[49m - **Preemption.** A higher-priority call might need to reassign a unit that's currently responding to a lower-priority call.
[0m[49m[39m   35,  35[0m:[39m[49m - **Redeployment.** When you send Unit 7 to the east side, you've created a coverage gap. Should you reposition Unit 3 to cover that gap? This is the "move-up" or "system status management" problem.
[0m[49m[39m   36,  36[0m:[39m[49m - **Destination selection.** Unlike package delivery, the "destination" (hospital) is itself a decision variable, not a given.
[0m[49m[39m   37,  37[0m:[39m[49m 
[0m[49m[39m   38,  38[0m:[39m[49m ### Constraint Formulation
[0m[49m[39m   39,  39[0m:[39m[49m 
[0m[49m[39m   40,  40[0m:[39m[49m The mathematical formulation looks something like this (simplified for readability):
[0m[49m[39m   41,  41[0m:[39m[49m 
[0m[49m[39m   42,  42[0m:[39m[49m **Decision variables:**
[0m[49m[39m   43,  43[0m:[39m[49m - Which unit responds to which call (assignment)
[0m[49m[39m   44,  44[0m:[39m[49m - Which route each unit takes (routing)
[0m[49m[39m   45,  45[0m:[39m[49m - Which hospital receives the patient (destination)
[0m[49m[39m   46,  46[0m:[39m[49m - Which idle units reposition to cover gaps (redeployment)
[0m[49m[39m   47,  47[0m:[39m[49m 
[0m[49m[39m   48,  48[0m:[39m[49m **Objective function (what we're minimizing):**
[0m[49m[39m   49,  49[0m:[39m[49m - Primary: Response time to the highest-acuity calls
[0m[49m[39m   50,  50[0m:[39m[49m - Secondary: Average response time across all calls
[0m[49m[39m   51,  51[0m:[39m[49m - Tertiary: Coverage equity (no neighborhood consistently underserved)
[0m[49m[39m   52,  52[0m:[39m[49m 
[0m[49m[39m   53,  53[0m:[39m[49m **Hard constraints (must be satisfied):**
[0m[49m[39m   54,  54[0m:[39m[49m - Every call gets a response (no call left unassigned)
[0m[49m[39m   55,  55[0m:[39m[49m - Unit capability matches call acuity (ALS for ALS-required calls)
[0m[49m[39m   56,  56[0m:[39m[49m - Hospital capability matches patient needs (trauma center for trauma, cath lab for STEMI)
[0m[49m[39m   57,  57[0m:[39m[49m - Hospital not on diversion status
[0m[49m[39m   58,  58[0m:[39m[49m - Unit availability (can't assign a unit that's already transporting)
[0m[49m[39m   59,  59[0m:[39m[49m 
[0m[49m[39m   60,  60[0m:[39m[49m **Soft constraints (prefer to satisfy, but can violate with penalty):**
[0m[49m[39m   61,  61[0m:[39m[49m - Response time under 8 minutes for Priority 1 calls
[0m[49m[39m   62,  62[0m:[39m[49m - Maintain minimum coverage levels in each zone
[0m[49m[39m   63,  63[0m:[39m[49m - Minimize total fleet miles (fuel, wear)
[0m[49m[39m   64,  64[0m:[39m[49m - Respect crew hour limits and shift boundaries
[0m[49m[39m   65,  65[0m:[39m[49m 
[0m[49m[39m   66,  66[0m:[39m[49m ### Solver Selection
[0m[49m[39m   67,  67[0m:[39m[49m 
[0m[49m[39m   68,  68[0m:[39m[49m For real-time dispatch (decisions needed in seconds), you have a few solver categories:
[0m[49m[39m   69,  69[0m:[39m[49m 
[0m[49m[39m   70,  70[0m:[39m[49m **Heuristic dispatchers.** The simplest approach: send the closest available, capable unit. Fast (milliseconds), but ignores system-level effects. Sending the closest unit to a low-priority call might leave a high-demand zone uncovered. Most legacy CAD systems work this way.
[0m[49m[39m   71,  71[0m:[39m[49m 
[0m[49m[39m   72,  72[0m:[39m[49m **Greedy with lookahead.** Evaluate the top N candidate units, score each assignment against multiple criteria (response time, coverage impact, unit fatigue), pick the best. Still fast (tens of milliseconds), much better than pure proximity. This is the sweet spot for most real-time dispatch decisions.
[0m[49m[39m   73,  73[0m:[39m[49m 
[0m[49m[39m   74,  74[0m:[39m[49m **Mixed-Integer Programming (MIP).** Formulate the full problem mathematically and solve with a commercial solver (CPLEX, Gurobi) or open-source solver (SCIP, HiGHS, OR-Tools). Gives provably optimal or near-optimal solutions. The catch: solve times range from seconds to minutes depending on problem size. Works well for the redeployment/repositioning problem (which is less time-critical) but may be too slow for immediate dispatch of a Priority 1 call.
[0m[49m[39m   75,  75[0m:[39m[49m 
[0m[49m[39m   76,  76[0m:[39m[49m **Metaheuristics.** Genetic algorithms, simulated annealing, tabu search. Good for large instances where MIP is too slow but you want better-than-greedy solutions. Solve times are tunable (you decide how long to search). Common for shift-level fleet positioning plans.
[0m[49m[39m   77,  77[0m:[39m[49m 
[0m[49m[39m   78,  78[0m:[39m[49m **Reinforcement learning.** Train a policy that maps system state to dispatch decisions. Fast at inference time (milliseconds). Requires extensive simulation and training. Promising for the redeployment problem where the action space is large and the reward signal (future response times) is delayed. Still emerging in production EMS systems.
[0m[49m[39m   79,  79[0m:[39m[49m 
[0m[49m[39m   80,  80[0m:[39m[49m ### Real-Time vs. Batch Optimization
[0m[49m[39m   81,  81[0m:[39m[49m 
[0m[49m[39m   82,  82[0m:[39m[49m The ambulance problem actually has two optimization layers that operate on different timescales:
[0m[49m[39m   83,  83[0m:[39m[49m 
[0m[49m[39m   84,  84[0m:[39m[49m **Real-time dispatch (seconds).** A call comes in, you need an assignment now. The solver must return a decision in under 5 seconds (ideally under 1 second). This favors heuristics or pre-computed lookup tables. You're optimizing a single assignment given the current system state.
[0m[49m[39m   85,  85[0m:[39m[49m 
[0m[49m[39m   86,  86[0m:[39m[49m **Batch repositioning (minutes).** Every few minutes, or whenever the system state changes significantly (a unit becomes available, a call is completed), you re-solve the positioning problem: given current demand patterns and unit locations, where should idle units be stationed to minimize expected future response times? This can tolerate 30 to 60 seconds of solve time because it's not blocking an active emergency.
[0m[49m[39m   87,  87[0m:[39m[49m 
[0m[49m[39m   88,  88[0m:[39m[49m **Strategic planning (hours/days).** Where should stations be located? How many units per shift? What's the optimal shift schedule? These are solved offline with full MIP or simulation-based optimization. Not real-time at all, but they set the parameters that the real-time system operates within.
[0m[49m[39m   89,  89[0m:[39m[49m 
[0m[49m[39m   90,  90[0m:[39m[49m The architecture needs to support all three layers, with the real-time layer being the most latency-sensitive.
[0m[49m[39m   91,  91[0m:[39m[49m 
[0m[49m[39m   92,  92[0m:[39m[49m ### The Coverage Problem
[0m[49m[39m   93,  93[0m:[39m[49m 
[0m[49m[39m   94,  94[0m:[39m[49m One concept that's central to EMS optimization and not obvious until you dig in: the "coverage" problem. Coverage means: for any point in the service area, is there at least one available unit that can reach it within the target response time?
[0m[49m[39m   95,  95[0m:[39m[49m 
[0m[49m[39m   96,  96[0m:[39m[49m When you dispatch Unit 7 to a call on the east side, you've potentially reduced coverage on the east side. If another call comes in nearby before Unit 7 is available again, response time will be longer. System Status Management (SSM) is the practice of dynamically repositioning idle units to maintain coverage as the fleet state changes.
[0m[49m[39m   97,  97[0m:[39m[49m 
[0m[49m[39m   98,  98[0m:[39m[49m The coverage calculation requires:
[0m[49m[39m   99,  99[0m:[39m[49m - A travel time model (how long from point A to point B, right now, accounting for traffic)
[0m[49m[39m  100, 100[0m:[39m[49m - A demand model (where are calls likely to come from in the next 30 minutes?)
[0m[49m[39m  101, 101[0m:[39m[49m - A threshold (what response time defines "covered"?)
[0m[49m[39m  102, 102[0m:[39m[49m 
[0m[49m[39m  103, 103[0m:[39m[49m This is where the batch optimization layer lives. It's constantly asking: "Given where our units are right now and where calls are likely to come from, are there coverage gaps? If so, which unit should move where?"
[0m[49m[39m  104, 104[0m:[39m[49m 
[0m[49m[39m  105, 105[0m:[39m[49m ### Travel Time Estimation
[0m[49m[39m  106, 106[0m:[39m[49m 
[0m[49m[39m  107, 107[0m:[39m[49m You cannot do ambulance routing with straight-line distance. You need actual road-network travel times, and ideally real-time traffic-adjusted travel times. An ambulance 2 miles away across a river with no bridge is not "close." An ambulance 4 miles away on an open highway might arrive in 3 minutes.
[0m[49m[39m  108, 108[0m:[39m[49m 
[0m[49m[39m  109, 109[0m:[39m[49m Travel time estimation approaches:
[0m[49m[39m  110, 110[0m:[39m[49m - **Static road network.** Pre-compute shortest paths on the road graph. Fast lookup, but doesn't account for traffic. Acceptable for rural areas with predictable travel times.
[0m[49m[39m  111, 111[0m:[39m[49m - **Historical traffic patterns.** Adjust travel times by time-of-day and day-of-week based on historical data. Much better for urban areas. "This road is 3 minutes at 2 AM but 12 minutes at 5 PM."
[0m[49m[39m  112, 112[0m:[39m[49m - **Real-time traffic.** Integrate live traffic feeds to get current conditions. Best accuracy, but adds a dependency on an external data source and introduces latency in the lookup.
[0m[49m[39m  113, 113[0m:[39m[49m - **Emergency vehicle adjustments.** Ambulances with lights and sirens don't obey the same traffic patterns as civilian vehicles. They're faster on open roads but still constrained by congestion, intersections, and physical barriers. A common approach: apply a speed multiplier (1.2x to 1.5x) to civilian travel times for emergency responses. This is a rough heuristic. Some systems build separate EMS-specific travel time models from GPS traces of actual ambulance runs.
[0m[49m[39m  114, 114[0m:[39m[49m 
[0m[49m[39m  115, 115[0m:[39m[49m ---
[0m[49m[39m  116, 116[0m:[39m[49m 
[0m[49m[39m  117, 117[0m:[39m[49m ## General Architecture Pattern
[0m[49m[39m  118, 118[0m:[39m[49m 
[0m[49m[39m  119, 119[0m:[39m[49m ```
[0m[49m[39m  120, 120[0m:[39m[49m [Call Intake] → [Demand Classifier] → [Dispatch Optimizer] → [Unit Assignment]
[0m[49m[39m  121, 121[0m:[39m[49m                                               ↑
[0m[49m[39m  122, 122[0m:[39m[49m                                     [Fleet State Tracker]
[0m[49m[39m  123, 123[0m:[39m[49m                                               ↑
[0m[49m[39m  124, 124[0m:[39m[49m                         [GPS Feeds] + [Hospital Status] + [Traffic Data]
[0m[49m[39m  125, 125[0m:[39m[49m 
[0m[49m[39m  126, 126[0m:[39m[49m [Background: Repositioning Optimizer] → [Move-Up Commands]
[0m[49m[39m  127, 127[0m:[39m[49m                      ↑
[0m[49m[39m  128, 128[0m:[39m[49m           [Demand Forecast Model] + [Coverage Calculator]
[0m[49m[39m  129, 129[0m:[39m[49m ```
[0m[49m[39m  130, 130[0m:[39m[49m 
[0m[49m[39m  131, 131[0m:[39m[49m **Call intake.** 911 call arrives, gets triaged (MPDS or similar protocol), produces a structured dispatch request: location, priority level, required capability (ALS/BLS), nature of call.
[0m[49m[39m  132, 132[0m:[39m[49m 
[0m[49m[39m  133, 133[0m:[39m[49m **Fleet state tracker.** Maintains real-time state of every unit: location (GPS), status (available, en route, on scene, transporting, at hospital), capability level, crew certifications, time on shift.
[0m[49m[39m  134, 134[0m:[39m[49m 
[0m[49m[39m  135, 135[0m:[39m[49m **Dispatch optimizer.** Takes the dispatch request plus current fleet state, evaluates candidate assignments, returns the optimal unit and route. For Priority 1 calls, this must complete in under 2 seconds.
[0m[49m[39m  136, 136[0m:[39m[49m 
[0m[49m[39m  137, 137[0m:[39m[49m **Repositioning optimizer.** Runs continuously in the background. Monitors coverage levels across the service area. When coverage drops below threshold in a zone, identifies the best idle unit to reposition and issues a move-up command.
[0m[49m[39m  138, 138[0m:[39m[49m 
[0m[49m[39m  139, 139[0m:[39m[49m **Hospital selection.** Evaluates destination hospitals based on: patient needs (trauma center, cath lab, stroke center), hospital capacity (ED census, diversion status), transport time, and patient/family preference when clinically appropriate.
[0m[49m[39m  140, 140[0m:[39m[49m 
[0m[49m[39m  141, 141[0m:[39m[49m **Demand forecast.** Predicts call volume and spatial distribution for the next 1 to 4 hours based on historical patterns, time of day, day of week, weather, and special events. Feeds the repositioning optimizer.
[0m[49m[39m  142, 142[0m:[39m[49m 
[0m[49m[39m  143, 143[0m:[39m[49m The key architectural insight: separate the real-time dispatch decision (latency-critical, simple scoring) from the background optimization (latency-tolerant, complex solver). They share state but operate on different timescales.
[0m[49m[39m  144, 144[0m:[39m[49m 
[0m[49m[39m  145, 145[0m:[39m[49m ---
[0m[49m[39m  146, 146[0m:[39m[49m 
[0m[49m[39m  147, 147[0m:[39m[49m ## The AWS Implementation
[0m[49m[39m  148, 148[0m:[39m[49m 
[0m[49m[38;5;10m+      149[0m:[38;5;10m[49m <!-- TODO (TechWriter): Expert review A1 (HIGH). Add a failover/degradation strategy section. The CAD system must retain native proximity-based dispatch as a fallback when the optimization layer is unavailable (timeout >3 seconds triggers fallback). This is mandatory for a life-safety system. Include fallback rate monitoring and alerting thresholds. -->
[0m[49m[38;5;10m+      150[0m:[38;5;10m[49m 
[0m[49m[38;5;10m+      151[0m:[38;5;10m[49m <!-- TODO (TechWriter): Expert review A2 (HIGH). Add dispatcher-in-the-loop mechanism to the architecture. The "Honest Take" section correctly advises recommendation mode, but the architecture shows direct assignment to MDT with no human confirmation step. Define auto-dispatch vs. recommendation mode by priority level, add dispatcher console component, log accept/reject actions for model improvement. -->
[0m[49m[38;5;10m+      152[0m:[38;5;10m[49m 
[0m[49m[39m  149, 153[0m:[39m[49m ### Why These Services
[0m[49m[39m  150, 154[0m:[39m[49m 
[0m[49m[38;5;9m- 151     [0m:[38;5;9m[49m **Amazon Location Service for travel time and routing.** Location Service provides route calculation with real-time traffic awareness. It can compute travel times between arbitrary points on the road network, accounting for current conditions. For the dispatch optimizer, this replaces the need to build and maintain your own road network graph. It supports route matrices (many-to-many travel times), which is exactly what you need when evaluating multiple candidate units against a call location.
[0m[49m[38;5;10m+      155[0m:[38;5;10m[49m **Amazon Location Service for travel time and routing.** You need road-network travel times that account for current traffic conditions. Amazon Location Service gives you this: route calculations between arbitrary points with real-time traffic awareness, including route matrices (many-to-many travel times), which is exactly what you need when evaluating multiple candidate units against a call location. It replaces the need to build and maintain your own road network graph.
[0m[49m[39m  152, 156[0m:[39m[49m 
[0m[49m[38;5;9m- 153     [0m:[38;5;9m[49m **AWS Lambda for the real-time dispatch function.** The dispatch decision is a short-lived, stateless computation: take the current fleet state and call details, score candidate units, return the best assignment. Lambda gives you sub-second cold starts (with provisioned concurrency for the dispatch function, you eliminate cold starts entirely), automatic scaling during high-call-volume periods, and no infrastructure to manage. The dispatch function must complete in under 2 seconds; Lambda's execution model fits this perfectly.
[0m[49m[38;5;10m+      157[0m:[38;5;10m[49m **AWS Lambda for the real-time dispatch function.** The dispatch decision is a short-lived, stateless computation: take the current fleet state and call details, score candidate units, return the best assignment. Lambda gives you automatic scaling during high-call-volume periods and no infrastructure to manage. Provisioned concurrency is mandatory for the dispatch function (not optional). A cold start adding 2 seconds to a cardiac arrest dispatch is unacceptable. Set provisioned concurrency to handle your peak simultaneous dispatch rate (typically 3-5x your average concurrent dispatches to handle multi-casualty incident bursts). Monitor the `ProvisionedConcurrencySpilloverInvocations` metric; any spillover means a dispatch request hit a cold start. Target: zero spillover invocations.
[0m[49m[39m  154, 158[0m:[39m[49m 
[0m[49m[39m  155, 159[0m:[39m[49m **Amazon DynamoDB for fleet state.** Unit locations, statuses, and capabilities change constantly. DynamoDB's single-digit-millisecond reads and writes make it ideal for the fleet state store. The dispatch function reads current state on every call; DynamoDB handles this access pattern without breaking a sweat. DynamoDB Streams can trigger downstream processing when state changes (e.g., a unit becomes available, triggering a coverage recalculation).
[0m[49m[39m  156, 160[0m:[39m[49m 
[0m[49m[39m  157, 161[0m:[39m[49m **Amazon ElastiCache (Redis) for pre-computed travel time matrices.** Computing travel times on every dispatch call adds latency. For the most common origin-destination pairs (station locations to high-demand zones), pre-compute and cache travel times in Redis. Update the cache every few minutes with fresh traffic data. The dispatch function checks the cache first; only falls back to Location Service for cache misses.
[0m[49m[39m  158, 162[0m:[39m[49m 
[0m[49m[39m  159, 163[0m:[39m[49m **AWS Step Functions for the repositioning workflow.** The background repositioning optimizer is a multi-step workflow: gather current fleet state, compute coverage levels, identify gaps, run the solver, issue move-up commands, wait for acknowledgment. Step Functions orchestrates this cleanly with built-in retry logic and state management.
[0m[49m[39m  160, 164[0m:[39m[49m 
[0m[49m[39m  161, 165[0m:[39m[49m **Amazon SageMaker for demand forecasting.** The demand forecast model (predicting where calls will come from in the next few hours) is a time-series ML model trained on historical call data. SageMaker hosts the trained model behind a real-time endpoint that the repositioning optimizer queries.
[0m[49m[39m  162, 166[0m:[39m[49m 
[0m[49m[39m  163, 167[0m:[39m[49m **Amazon Kinesis Data Streams for GPS ingestion.** Ambulance GPS units report location every 5 to 15 seconds. That's a high-throughput stream of small messages. Kinesis ingests these, and a Lambda consumer updates the fleet state in DynamoDB. This decouples the GPS feed from the state store and handles burst traffic gracefully.
[0m[49m[39m  164, 168[0m:[39m[49m 
[0m[49m[38;5;10m+      169[0m:[38;5;10m[49m <!-- TODO (TechWriter): Expert review N1 (MEDIUM). Add discussion of GPS device authentication and data validation. GPS/AVL devices typically connect through a vendor gateway that forwards to Kinesis via an authenticated API (API Gateway with API keys or IAM auth). Validate coordinates (within service area bounds, speed physically plausible, timestamp recent). Flag impossible movement patterns as potential device malfunction or spoofing. -->
[0m[49m[38;5;10m+      170[0m:[38;5;10m[49m 
[0m[49m[39m  165, 171[0m:[39m[49m **Amazon EventBridge for hospital status updates.** Hospitals publish diversion status, ED census, and bed availability through various mechanisms. EventBridge provides a clean event bus for these updates, routing them to the appropriate consumers (the hospital selection component of the dispatch optimizer).
[0m[49m[39m  166, 172[0m:[39m[49m 
[0m[49m[39m  167, 173[0m:[39m[49m ### Architecture Diagram
[0m[49m[39m  168, 174[0m:[39m[49m 
[0m[49m[39m  169, 175[0m:[39m[49m ```mermaid
[0m[49m[39m  170, 176[0m:[39m[49m flowchart TB
[0m[49m[39m  171, 177[0m:[39m[49m     subgraph "Real-Time Dispatch (< 2 sec)"
[0m[49m[39m  172, 178[0m:[39m[49m         A[911 Call / CAD] -->|Dispatch Request| B[API Gateway]
[0m[49m[39m  173, 179[0m:[39m[49m         B --> C[Lambda: Dispatch Optimizer]
[0m[49m[39m  174, 180[0m:[39m[49m         C -->|Read Fleet State| D[DynamoDB: Fleet State]
[0m[49m[39m  175, 181[0m:[39m[49m         C -->|Travel Times| E[ElastiCache: Route Matrix]
[0m[49m[39m  176, 182[0m:[39m[49m         C -->|Fallback| F[Amazon Location Service]
[0m[49m[39m  177, 183[0m:[39m[49m         C -->|Hospital Status| G[DynamoDB: Hospital Status]
[0m[49m[39m  178, 184[0m:[39m[49m         C -->|Assignment| H[CAD System / MDT]
[0m[49m[39m  179, 185[0m:[39m[49m     end
[0m[49m[39m  180, 186[0m:[39m[49m 
[0m[49m[39m  181, 187[0m:[39m[49m     subgraph "Fleet Tracking"
[0m[49m[39m  182, 188[0m:[39m[49m         I[Ambulance GPS] -->|Location Stream| J[Kinesis Data Streams]
[0m[49m[39m  183, 189[0m:[39m[49m         J --> K[Lambda: GPS Processor]
[0m[49m[39m  184, 190[0m:[39m[49m         K -->|Update Position| D
[0m[49m[39m  185, 191[0m:[39m[49m     end
[0m[49m[39m  186, 192[0m:[39m[49m 
[0m[49m[39m  187, 193[0m:[39m[49m     subgraph "Background Optimization (every 2-5 min)"
[0m[49m[39m  188, 194[0m:[39m[49m         L[EventBridge: Schedule] --> M[Step Functions: Repositioning]
[0m[49m[39m  189, 195[0m:[39m[49m         M -->|Current State| D
[0m[49m[39m  190, 196[0m:[39m[49m         M -->|Demand Forecast| N[SageMaker Endpoint]
[0m[49m[39m  191, 197[0m:[39m[49m         M -->|Solve Coverage| O[Lambda: MIP Solver]
[0m[49m[39m  192, 198[0m:[39m[49m         O -->|Move-Up Commands| H
[0m[49m[39m  193, 199[0m:[39m[49m     end
[0m[49m[39m  194, 200[0m:[39m[49m 
[0m[49m[39m  195, 201[0m:[39m[49m     subgraph "Hospital Integration"
[0m[49m[39m  196, 202[0m:[39m[49m         P[Hospital Systems] -->|Diversion/Census| Q[EventBridge]
[0m[49m[39m  197, 203[0m:[39m[49m         Q --> R[Lambda: Hospital Status Updater]
[0m[49m[39m  198, 204[0m:[39m[49m         R --> G
[0m[49m[39m  199, 205[0m:[39m[49m     end
[0m[49m[39m  200, 206[0m:[39m[49m 
[0m[49m[39m  201, 207[0m:[39m[49m     style C fill:#ff9,stroke:#333
[0m[49m[39m  202, 208[0m:[39m[49m     style D fill:#9ff,stroke:#333
[0m[49m[39m  203, 209[0m:[39m[49m     style N fill:#f9f,stroke:#333
[0m[49m[39m  204, 210[0m:[39m[49m ```
[0m[49m[39m  205, 211[0m:[39m[49m 
[0m[49m[39m  206, 212[0m:[39m[49m ### Prerequisites
[0m[49m[39m  207, 213[0m:[39m[49m 
[0m[49m[39m  208, 214[0m:[39m[49m | Requirement | Details |
[0m[49m[39m  209, 215[0m:[39m[49m |-------------|---------|
[0m[49m[39m  210, 216[0m:[39m[49m | **AWS Services** | Amazon Location Service, AWS Lambda, Amazon DynamoDB, Amazon ElastiCache (Redis), AWS Step Functions, Amazon SageMaker, Amazon Kinesis Data Streams, Amazon EventBridge, Amazon API Gateway |
[0m[49m[38;5;9m- 211     [0m:[38;5;9m[49m | **IAM Permissions** | `geo:CalculateRoute`, `geo:CalculateRouteMatrix`, `dynamodb:GetItem`, `dynamodb:PutItem`, `dynamodb:Query`, `kinesis:PutRecord`, `kinesis:GetRecords`, `sagemaker:InvokeEndpoint`, `states:StartExecution`, `elasticache:*` (cluster-scoped) |
[0m[49m[38;5;10m+      217[0m:[38;5;10m[49m | **IAM Permissions** | `geo:CalculateRoute`, `geo:CalculateRouteMatrix`, `dynamodb:GetItem`, `dynamodb:PutItem`, `dynamodb:Query`, `kinesis:PutRecord`, `kinesis:GetRecords`, `sagemaker:InvokeEndpoint`, `states:StartExecution`. ElastiCache Redis access is controlled via security groups (Lambda in the same VPC/subnet with appropriate SG rules). If using IAM-based authentication (Redis 7.0+), scope `elasticache:Connect` to the specific replication group ARN. |
[0m[49m[39m  212, 218[0m:[39m[49m | **BAA** | Required. Patient location, call details, and destination hospital are PHI under HIPAA. |
[0m[49m[38;5;9m- 213     [0m:[38;5;9m[49m | **Encryption** | DynamoDB: encryption at rest (default). ElastiCache: in-transit and at-rest encryption enabled. Kinesis: server-side encryption with KMS. All API calls over TLS. |
[0m[49m[38;5;9m- 214     [0m:[38;5;9m[49m | **VPC** | Production: Lambda functions in VPC with VPC endpoints for DynamoDB, Kinesis, SageMaker, and CloudWatch Logs. ElastiCache must be in VPC (it always is). Location Service accessed via VPC endpoint or NAT Gateway. |
[0m[49m[38;5;10m+      219[0m:[38;5;10m[49m | **Encryption** | DynamoDB: encryption at rest (default). ElastiCache: in-transit and at-rest encryption enabled. Kinesis: server-side encryption with customer-managed KMS CMK (automatic annual rotation enabled); restrict `kms:Decrypt` to the GPS processor Lambda execution role. All API calls over TLS. |
[0m[49m[38;5;10m+      220[0m:[38;5;10m[49m | **VPC** | Production: Lambda functions in VPC with VPC endpoints for DynamoDB, Kinesis, SageMaker, and CloudWatch Logs. ElastiCache must be in VPC (it always is). Location Service accessed via VPC endpoint (preferred; keeps all traffic within the AWS network). Use NAT Gateway only if the Location Service VPC endpoint is not available in your region. |
[0m[49m[39m  215, 221[0m:[39m[49m | **CloudTrail** | Enabled for all API calls. Dispatch decisions are auditable events. |
[0m[49m[39m  216, 222[0m:[39m[49m | **Sample Data** | Synthetic call records with timestamps, locations, priorities. Synthetic fleet positions. Never use real patient data in dev. NEMSIS (National EMS Information System) provides de-identified dataset structures for testing. |
[0m[49m[39m  217, 223[0m:[39m[49m | **Cost Estimate** | Location Service route calculations: $0.04 per request (batch matrix calls reduce this). Lambda: negligible at typical call volumes. DynamoDB: on-demand pricing, ~$50-200/month for a mid-size fleet. SageMaker endpoint: ~$100-500/month depending on instance. ElastiCache: ~$50-200/month for a small Redis cluster. Total: $2,000-8,000/month for a metro-area EMS system. |
[0m[49m[39m  218, 224[0m:[39m[49m 
[0m[49m[38;5;10m+      225[0m:[38;5;10m[49m <!-- TODO (TechWriter): Expert review S6 (MEDIUM). Add dispatch decision audit trail specification. Every dispatch decision must be logged as an immutable audit record (full decision payload with all candidate scores, fleet state snapshot, travel times used, final assignment, and dispatcher accept/reject action). Store in DynamoDB table or S3 with object lock. Retention: minimum 7-10 years (state EMS record retention requirements vary). These records are legal documents and may be subpoenaed in malpractice cases. -->
[0m[49m[38;5;10m+      226[0m:[38;5;10m[49m 
[0m[49m[39m  219, 227[0m:[39m[49m ### Ingredients
[0m[49m[39m  220, 228[0m:[39m[49m 
[0m[49m[39m  221, 229[0m:[39m[49m | AWS Service | Role |
[0m[49m[39m  222, 230[0m:[39m[49m |------------|------|
[0m[49m[39m  223, 231[0m:[39m[49m | **Amazon Location Service** | Road-network travel time calculations with real-time traffic |
[0m[49m[39m  224, 232[0m:[39m[49m | **AWS Lambda** | Real-time dispatch scoring, GPS processing, hospital status updates |
[0m[49m[39m  225, 233[0m:[39m[49m | **Amazon DynamoDB** | Fleet state store (unit positions, statuses, capabilities) and hospital status |
[0m[49m[39m  226, 234[0m:[39m[49m | **Amazon ElastiCache (Redis)** | Cached travel time matrices for low-latency dispatch lookups |
[0m[49m[39m  227, 235[0m:[39m[49m | **AWS Step Functions** | Orchestrates background repositioning optimization workflow |
[0m[49m[39m  228, 236[0m:[39m[49m | **Amazon SageMaker** | Hosts demand forecast model for coverage optimization |
[0m[49m[39m  229, 237[0m:[39m[49m | **Amazon Kinesis Data Streams** | Ingests high-throughput GPS location stream from fleet |
[0m[49m[39m  230, 238[0m:[39m[49m | **Amazon EventBridge** | Routes hospital status events and triggers scheduled repositioning |
[0m[49m[39m  231, 239[0m:[39m[49m | **Amazon API Gateway** | Exposes dispatch API to CAD system integration |
[0m[49m[39m  232, 240[0m:[39m[49m | **AWS KMS** | Encryption key management for all data stores |
[0m[49m[39m  233, 241[0m:[39m[49m | **Amazon CloudWatch** | Metrics, alarms, dashboards for response time monitoring |
[0m[49m[39m  234, 242[0m:[39m[49m 
[0m[49m[39m  235, 243[0m:[39m[49m ### Code
[0m[49m[39m  236, 244[0m:[39m[49m 
[0m[49m[39m  237, 245[0m:[39m[49m #### Walkthrough
[0m[49m[39m  238, 246[0m:[39m[49m 
[0m[49m[39m  239, 247[0m:[39m[49m **Step 1: Ingest fleet GPS and maintain state.** Every ambulance reports its GPS position every 5 to 15 seconds. These positions flow through Kinesis into a Lambda processor that updates the fleet state table. The state table is the single source of truth for "where is every unit right now and what are they doing?" Without this real-time state, the dispatch optimizer is working with stale information, and stale information in EMS means sending a unit that's actually 15 minutes away instead of the one that's 3 minutes away. The state table also tracks unit status transitions: available, dispatched, en route, on scene, transporting, at hospital, returning. Each transition updates the record and potentially triggers a coverage recalculation.
[0m[49m[39m  240, 248[0m:[39m[49m 
[0m[49m[39m  241, 249[0m:[39m[49m ```
[0m[49m[39m  242, 250[0m:[39m[49m FUNCTION process_gps_update(gps_event):
[0m[49m[39m  243, 251[0m:[39m[49m     // GPS event contains: unit_id, latitude, longitude, timestamp, speed, heading
[0m[49m[39m  244, 252[0m:[39m[49m     unit_id   = gps_event.unit_id
[0m[49m[39m  245, 253[0m:[39m[49m     latitude  = gps_event.latitude
[0m[49m[39m  246, 254[0m:[39m[49m     longitude = gps_event.longitude
[0m[49m[39m  247, 255[0m:[39m[49m     timestamp = gps_event.timestamp
[0m[49m[39m  248, 256[0m:[39m[49m 
[0m[49m[39m  249, 257[0m:[39m[49m     // Update the fleet state table with the new position.
[0m[49m[39m  250, 258[0m:[39m[49m     // Use a conditional write to avoid overwriting with an older GPS fix
[0m[49m[39m  251, 259[0m:[39m[49m     // (out-of-order delivery is possible with streaming systems).
[0m[49m[39m  252, 260[0m:[39m[49m     UPDATE fleet_state_table
[0m[49m[39m  253, 261[0m:[39m[49m         SET latitude      = latitude,
[0m[49m[39m  254, 262[0m:[39m[49m             longitude     = longitude,
[0m[49m[39m  255, 263[0m:[39m[49m             last_gps_time = timestamp,
[0m[49m[39m  256, 264[0m:[39m[49m             speed         = gps_event.speed,
[0m[49m[39m  257, 265[0m:[39m[49m             heading       = gps_event.heading
[0m[49m[39m  258, 266[0m:[39m[49m         WHERE unit_id = unit_id
[0m[49m[39m  259, 267[0m:[39m[49m         AND last_gps_time < timestamp   // only accept newer fixes
[0m[49m[38;5;10m+      268[0m:[38;5;10m[49m     // If conditional write fails (out-of-order fix), catch the exception and discard.
[0m[49m[38;5;10m+      269[0m:[38;5;10m[49m     // This is expected behavior, not an error. Log at DEBUG level for troubleshooting.
[0m[49m[38;5;10m+      270[0m:[38;5;10m[49m     // Do NOT retry or raise; the newer fix is already in the table.
[0m[49m[39m  260, 271[0m:[39m[49m 
[0m[49m[39m  261, 272[0m:[39m[49m     // If the unit is currently en route to a call, recalculate ETA.
[0m[49m[39m  262, 273[0m:[39m[49m     unit_record = GET fleet_state_table WHERE unit_id = unit_id
[0m[49m[39m  263, 274[0m:[39m[49m     IF unit_record.status == "EN_ROUTE":
[0m[49m[39m  264, 275[0m:[39m[49m         new_eta = calculate_travel_time(latitude, longitude, unit_record.destination)
[0m[49m[39m  265, 276[0m:[39m[49m         UPDATE fleet_state_table SET current_eta = new_eta WHERE unit_id = unit_id
[0m[49m[39m  266, 277[0m:[39m[49m ```
[0m[49m[39m  267, 278[0m:[39m[49m 
[0m[49m[39m  268, 279[0m:[39m[49m **Step 2: Score candidate units for dispatch.** When a call comes in, the dispatch optimizer needs to evaluate every available unit that meets the capability requirement. For each candidate, it computes a composite score that balances response time (primary), coverage impact (secondary), and operational factors (crew fatigue, fuel level, time remaining on shift). The scoring function is the heart of the system. A pure "closest unit" approach is fast but myopic. The scoring function adds system-level awareness: "yes, Unit 3 is closest, but sending it leaves the entire north zone uncovered, and Unit 5 is only 90 seconds farther." This is where optimization beats human intuition at scale.
[0m[49m[39m  269, 280[0m:[39m[49m 
[0m[49m[39m  270, 281[0m:[39m[49m ```
[0m[49m[39m  271, 282[0m:[39m[49m FUNCTION score_candidates(call, available_units, fleet_state, coverage_model):
[0m[49m[39m  272, 283[0m:[39m[49m     // call contains: location (lat/lng), priority (1-5), required_capability (ALS/BLS),
[0m[49m[39m  273, 284[0m:[39m[49m     //               nature_code, patient_age
[0m[49m[39m  274, 285[0m:[39m[49m     candidates = []
[0m[49m[39m  275, 286[0m:[39m[49m 
[0m[49m[39m  276, 287[0m:[39m[49m     FOR each unit in available_units:
[0m[49m[39m  277, 288[0m:[39m[49m         // Filter: unit must meet capability requirement
[0m[49m[39m  278, 289[0m:[39m[49m         IF call.required_capability == "ALS" AND unit.capability != "ALS":
[0m[49m[39m  279, 290[0m:[39m[49m             CONTINUE  // skip this unit, it can't handle this call
[0m[49m[39m  280, 291[0m:[39m[49m 
[0m[49m[39m  281, 292[0m:[39m[49m         // Get travel time from unit's current position to call location.
[0m[49m[39m  282, 293[0m:[39m[49m         // Check cache first; fall back to routing service for cache miss.
[0m[49m[39m  283, 294[0m:[39m[49m         travel_time = get_travel_time(
[0m[49m[39m  284, 295[0m:[39m[49m             origin      = (unit.latitude, unit.longitude),
[0m[49m[39m  285, 296[0m:[39m[49m             destination = call.location
[0m[49m[39m  286, 297[0m:[39m[49m         )
[0m[49m[39m  287, 298[0m:[39m[49m 
[0m[49m[39m  288, 299[0m:[39m[49m         // Calculate coverage impact: what happens to system coverage if we send this unit?
[0m[49m[39m  289, 300[0m:[39m[49m         // This is the key differentiator from simple proximity dispatch.
[0m[49m[39m  290, 301[0m:[39m[49m         coverage_impact = coverage_model.evaluate_removal(unit.unit_id, unit.zone)
[0m[49m[39m  291, 302[0m:[39m[49m         // coverage_impact is a score from 0 (no impact) to 1 (critical gap created)
[0m[49m[39m  292, 303[0m:[39m[49m 
[0m[49m[39m  293, 304[0m:[39m[49m         // Operational factors
[0m[49m[39m  294, 305[0m:[39m[49m         hours_on_shift  = (current_time - unit.shift_start) / 3600
[0m[49m[39m  295, 306[0m:[39m[49m         fatigue_penalty = 0.0
[0m[49m[39m  296, 307[0m:[39m[49m         IF hours_on_shift > 10:
[0m[49m[39m  297, 308[0m:[39m[49m             fatigue_penalty = 0.1 * (hours_on_shift - 10)  // slight penalty for long shifts
[0m[49m[39m  298, 309[0m:[39m[49m 
[0m[49m[39m  299, 310[0m:[39m[49m         // Composite score (lower is better)
[0m[49m[39m  300, 311[0m:[39m[49m         // Weights are configurable and should be tuned per system
[0m[49m[39m  301, 312[0m:[39m[49m         score = (
[0m[49m[39m  302, 313[0m:[39m[49m             0.60 * normalize(travel_time, max=20)     // response time (dominant factor)
[0m[49m[39m  303, 314[0m:[39m[49m           + 0.25 * coverage_impact                     // coverage preservation
[0m[49m[39m  304, 315[0m:[39m[49m           + 0.10 * fatigue_penalty                     // crew welfare
[0m[49m[39m  305, 316[0m:[39m[49m           + 0.05 * normalize(unit.calls_today, max=10) // workload balance
[0m[49m[39m  306, 317[0m:[39m[49m         )
[0m[49m[39m  307, 318[0m:[39m[49m 
[0m[49m[39m  308, 319[0m:[39m[49m         // Priority 1 calls: override coverage concern, pure speed matters
[0m[49m[39m  309, 320[0m:[39m[49m         IF call.priority == 1:
[0m[49m[39m  310, 321[0m:[39m[49m             score = 0.90 * normalize(travel_time, max=20) + 0.10 * coverage_impact
[0m[49m[39m  311, 322[0m:[39m[49m 
[0m[49m[39m  312, 323[0m:[39m[49m         candidates.append({
[0m[49m[39m  313, 324[0m:[39m[49m             unit_id:      unit.unit_id,
[0m[49m[39m  314, 325[0m:[39m[49m             travel_time:  travel_time,
[0m[49m[39m  315, 326[0m:[39m[49m             score:        score,
[0m[49m[39m  316, 327[0m:[39m[49m             coverage_gap: coverage_impact
[0m[49m[39m  317, 328[0m:[39m[49m         })
[0m[49m[39m  318, 329[0m:[39m[49m 
[0m[49m[39m  319, 330[0m:[39m[49m     // Sort by score (ascending = best first)
[0m[49m[39m  320, 331[0m:[39m[49m     SORT candidates BY score ASC
[0m[49m[39m  321, 332[0m:[39m[49m     RETURN candidates
[0m[49m[39m  322, 333[0m:[39m[49m ```
[0m[49m[39m  323, 334[0m:[39m[49m 
[0m[49m[39m  324, 335[0m:[39m[49m **Step 3: Select destination hospital.** Once a unit is assigned and the patient is assessed on scene, the system recommends a destination hospital. This is not always "the closest ED." A STEMI patient needs a cath lab. A stroke patient needs a certified stroke center. A trauma patient needs a Level I or II trauma center. And even when multiple hospitals meet the clinical requirement, you want to factor in current capacity: an ED with 40 patients boarding in the hallway and a 3-hour wait is not a good destination even if it's 2 minutes closer. Hospital diversion status, ED census, and specialty availability all feed into this decision.
[0m[49m[39m  325, 336[0m:[39m[49m 
[0m[49m[39m  326, 337[0m:[39m[49m ```
[0m[49m[39m  327, 338[0m:[39m[49m FUNCTION select_hospital(patient_needs, unit_location, hospital_status_table):
[0m[49m[39m  328, 339[0m:[39m[49m     // patient_needs contains: required_capabilities (list), acuity_level, special_requirements
[0m[49m[39m  329, 340[0m:[39m[49m     // Example: required_capabilities = ["cath_lab", "interventional_cardiology"]
[0m[49m[39m  330, 341[0m:[39m[49m 
[0m[49m[39m  331, 342[0m:[39m[49m     eligible_hospitals = []
[0m[49m[39m  332, 343[0m:[39m[49m 
[0m[49m[39m  333, 344[0m:[39m[49m     FOR each hospital in hospital_status_table:
[0m[49m[39m  334, 345[0m:[39m[49m         // Hard filter: hospital must have required capabilities
[0m[49m[39m  335, 346[0m:[39m[49m         IF NOT all(cap in hospital.capabilities FOR cap in patient_needs.required_capabilities):
[0m[49m[39m  336, 347[0m:[39m[49m             CONTINUE
[0m[49m[39m  337, 348[0m:[39m[49m 
[0m[49m[39m  338, 349[0m:[39m[49m         // Hard filter: hospital must not be on diversion for this patient type
[0m[49m[39m  339, 350[0m:[39m[49m         IF hospital.diversion_status == "FULL_DIVERSION":
[0m[49m[39m  340, 351[0m:[39m[49m             CONTINUE
[0m[49m[39m  341, 352[0m:[39m[49m         IF hospital.diversion_status == "CONDITIONAL" AND patient_needs.acuity_level < 3:
[0m[49m[39m  342, 353[0m:[39m[49m             CONTINUE  // conditional diversion: only accepting critical patients
[0m[49m[39m  343, 354[0m:[39m[49m 
[0m[49m[39m  344, 355[0m:[39m[49m         // Calculate transport time from unit's current location to hospital
[0m[49m[39m  345, 356[0m:[39m[49m         transport_time = get_travel_time(unit_location, hospital.location)
[0m[49m[39m  346, 357[0m:[39m[49m 
[0m[49m[39m  347, 358[0m:[39m[49m         // Capacity score: lower ED census relative to capacity is better
[0m[49m[39m  348, 359[0m:[39m[49m         capacity_ratio = hospital.current_ed_census / hospital.ed_capacity
[0m[49m[39m  349, 360[0m:[39m[49m         capacity_score = capacity_ratio  // 0.0 = empty, 1.0 = at capacity
[0m[49m[39m  350, 361[0m:[39m[49m 
[0m[49m[39m  351, 362[0m:[39m[49m         // Composite destination score (lower is better)
[0m[49m[39m  352, 363[0m:[39m[49m         dest_score = (
[0m[49m[39m  353, 364[0m:[39m[49m             0.50 * normalize(transport_time, max=30)  // transport time matters most
[0m[49m[39m  354, 365[0m:[39m[49m           + 0.35 * capacity_score                      // avoid overwhelmed EDs
[0m[49m[39m  355, 366[0m:[39m[49m           + 0.15 * (1.0 IF hospital.has_specialty_bed ELSE 0.5)  // specialty bed availability
[0m[49m[39m  356, 367[0m:[39m[49m         )
[0m[49m[39m  357, 368[0m:[39m[49m 
[0m[49m[39m  358, 369[0m:[39m[49m         eligible_hospitals.append({
[0m[49m[39m  359, 370[0m:[39m[49m             hospital_id:    hospital.id,
[0m[49m[39m  360, 371[0m:[39m[49m             name:           hospital.name,
[0m[49m[39m  361, 372[0m:[39m[49m             transport_time: transport_time,
[0m[49m[39m  362, 373[0m:[39m[49m             score:          dest_score,
[0m[49m[39m  363, 374[0m:[39m[49m             capabilities:   hospital.capabilities
[0m[49m[39m  364, 375[0m:[39m[49m         })
[0m[49m[39m  365, 376[0m:[39m[49m 
[0m[49m[39m  366, 377[0m:[39m[49m     SORT eligible_hospitals BY score ASC
[0m[49m[39m  367, 378[0m:[39m[49m     RETURN eligible_hospitals[0]  // recommend the best option
[0m[49m[39m  368, 379[0m:[39m[49m ```
[0m[49m[39m  369, 380[0m:[39m[49m 
[0m[49m[39m  370, 381[0m:[39m[49m **Step 4: Background coverage optimization (repositioning).** This runs every 2 to 5 minutes, or whenever a significant state change occurs (unit dispatched, unit becomes available, demand spike detected). It solves the coverage problem: given current unit positions and predicted demand, are there zones where response time would exceed the target if a call came in? If so, which idle unit should reposition to close the gap? This is where the heavier optimization lives. Because it's not blocking an active emergency, it can take 10 to 30 seconds to solve. The solver formulates this as a set-covering problem: minimize the number of unit moves while ensuring every demand zone has at least one unit within the target response time.
[0m[49m[39m  371, 382[0m:[39m[49m 
[0m[49m[39m  372, 383[0m:[39m[49m ```
[0m[49m[39m  373, 384[0m:[39m[49m FUNCTION optimize_repositioning(fleet_state, demand_forecast, coverage_threshold):
[0m[49m[39m  374, 385[0m:[39m[49m     // Get all idle (available) units and their current positions
[0m[49m[39m  375, 386[0m:[39m[49m     idle_units = [u FOR u IN fleet_state WHERE u.status == "AVAILABLE"]
[0m[49m[39m  376, 387[0m:[39m[49m 
[0m[49m[39m  377, 388[0m:[39m[49m     // Get demand zones with predicted call probability for next 30 minutes
[0m[49m[39m  378, 389[0m:[39m[49m     demand_zones = demand_forecast.get_zone_probabilities(horizon_minutes=30)
[0m[49m[39m  379, 390[0m:[39m[49m 
[0m[49m[39m  380, 391[0m:[39m[49m     // For each demand zone, check if any idle unit can reach it within threshold
[0m[49m[39m  381, 392[0m:[39m[49m     uncovered_zones = []
[0m[49m[39m  382, 393[0m:[39m[49m     FOR each zone in demand_zones:
[0m[49m[39m  383, 394[0m:[39m[49m         IF zone.predicted_calls < 0.1:
[0m[49m[39m  384, 395[0m:[39m[49m             CONTINUE  // very low probability, don't worry about it
[0m[49m[39m  385, 396[0m:[39m[49m 
[0m[49m[39m  386, 397[0m:[39m[49m         // Find the fastest unit that could reach this zone's centroid
[0m[49m[39m  387, 398[0m:[39m[49m         min_time = INFINITY
[0m[49m[39m  388, 399[0m:[39m[49m         FOR each unit in idle_units:
[0m[49m[39m  389, 400[0m:[39m[49m             time = get_travel_time(unit.location, zone.centroid)
[0m[49m[39m  390, 401[0m:[39m[49m             min_time = MIN(min_time, time)
[0m[49m[39m  391, 402[0m:[39m[49m 
[0m[49m[39m  392, 403[0m:[39m[49m         IF min_time > coverage_threshold:
[0m[49m[39m  393, 404[0m:[39m[49m             uncovered_zones.append({
[0m[49m[39m  394, 405[0m:[39m[49m                 zone:           zone,
[0m[49m[39m  395, 406[0m:[39m[49m                 current_best:   min_time,
[0m[49m[39m  396, 407[0m:[39m[49m                 demand_weight:  zone.predicted_calls
[0m[49m[39m  397, 408[0m:[39m[49m             })
[0m[49m[39m  398, 409[0m:[39m[49m 
[0m[49m[39m  399, 410[0m:[39m[49m     IF uncovered_zones is empty:
[0m[49m[39m  400, 411[0m:[39m[49m         RETURN []  // coverage is adequate, no moves needed
[0m[49m[39m  401, 412[0m:[39m[49m 
[0m[49m[39m  402, 413[0m:[39m[49m     // Solve: which idle units should move where to cover the gaps?
[0m[49m[39m  403, 414[0m:[39m[49m     // Formulate as assignment problem: minimize total repositioning cost
[0m[49m[39m  404, 415[0m:[39m[49m     // while covering all high-priority gaps.
[0m[49m[39m  405, 416[0m:[39m[49m     moves = solve_coverage_assignment(
[0m[49m[39m  406, 417[0m:[39m[49m         units           = idle_units,
[0m[49m[39m  407, 418[0m:[39m[49m         gaps            = uncovered_zones,
[0m[49m[39m  408, 419[0m:[39m[49m         max_moves       = 3,              // don't move more than 3 units at once
[0m[49m[39m  409, 420[0m:[39m[49m         move_cost_weight = 0.3,           // penalize long repositioning drives
[0m[49m[39m  410, 421[0m:[39m[49m         coverage_weight  = 0.7            // prioritize closing coverage gaps
[0m[49m[39m  411, 422[0m:[39m[49m     )
[0m[49m[39m  412, 423[0m:[39m[49m 
[0m[49m[39m  413, 424[0m:[39m[49m     // Issue move-up commands
[0m[49m[39m  414, 425[0m:[39m[49m     FOR each move in moves:
[0m[49m[39m  415, 426[0m:[39m[49m         SEND move_up_command(
[0m[49m[39m  416, 427[0m:[39m[49m             unit_id     = move.unit_id,
[0m[49m[39m  417, 428[0m:[39m[49m             destination = move.target_position,
[0m[49m[39m  418, 429[0m:[39m[49m             reason      = "Coverage gap in zone " + move.zone.id
[0m[49m[39m  419, 430[0m:[39m[49m         )
[0m[49m[39m  420, 431[0m:[39m[49m 
[0m[49m[39m  421, 432[0m:[39m[49m     RETURN moves
[0m[49m[39m  422, 433[0m:[39m[49m ```
[0m[49m[39m  423, 434[0m:[39m[49m 
[0m[49m[39m  424, 435[0m:[39m[49m **Step 5: Demand forecasting.** The repositioning optimizer needs to know where calls are likely to come from. This is a spatial-temporal forecasting problem. Historical call data shows strong patterns: more calls in residential areas during evenings, more in commercial districts during business hours, spikes near bars after midnight on weekends, seasonal patterns around holidays. The forecast model takes time-of-day, day-of-week, weather, and special events as inputs and produces a probability distribution over the service area grid. This doesn't need to be perfect. Even a rough forecast that captures the major patterns dramatically improves proactive positioning versus purely reactive dispatch.
[0m[49m[39m  425, 436[0m:[39m[49m 
[0m[49m[39m  426, 437[0m:[39m[49m ```
[0m[49m[39m  427, 438[0m:[39m[49m FUNCTION forecast_demand(current_time, weather, special_events, historical_data):
[0m[49m[39m  428, 439[0m:[39m[49m     // Divide service area into grid zones (typically 1km x 1km for urban, larger for rural)
[0m[49m[39m  429, 440[0m:[39m[49m     // For each zone, predict call probability in the next 30-minute window
[0m[49m[39m  430, 441[0m:[39m[49m 
[0m[49m[39m  431, 442[0m:[39m[49m     features = {
[0m[49m[39m  432, 443[0m:[39m[49m         hour_of_day:    current_time.hour,
[0m[49m[39m  433, 444[0m:[39m[49m         day_of_week:    current_time.weekday,
[0m[49m[39m  434, 445[0m:[39m[49m         month:          current_time.month,
[0m[49m[39m  435, 446[0m:[39m[49m         is_holiday:     check_holiday_calendar(current_time),
[0m[49m[39m  436, 447[0m:[39m[49m         temperature:    weather.temperature,
[0m[49m[39m  437, 448[0m:[39m[49m         precipitation:  weather.precipitation_mm,
[0m[49m[39m  438, 449[0m:[39m[49m         special_events: encode_events(special_events)  // concerts, sports, etc.
[0m[49m[39m  439, 450[0m:[39m[49m     }
[0m[49m[39m  440, 451[0m:[39m[49m 
[0m[49m[39m  441, 452[0m:[39m[49m     // Call the trained ML model (hosted on SageMaker endpoint)
[0m[49m[39m  442, 453[0m:[39m[49m     zone_predictions = invoke_sagemaker_endpoint(
[0m[49m[39m  443, 454[0m:[39m[49m         endpoint_name = "ems-demand-forecast",
[0m[49m[39m  444, 455[0m:[39m[49m         payload       = features
[0m[49m[39m  445, 456[0m:[39m[49m     )
[0m[49m[39m  446, 457[0m:[39m[49m 
[0m[49m[39m  447, 458[0m:[39m[49m     // zone_predictions is a map: zone_id -> predicted_call_count (float, 0 to N)
[0m[49m[39m  448, 459[0m:[39m[49m     // Normalize to probabilities for the coverage optimizer
[0m[49m[39m  449, 460[0m:[39m[49m     total_predicted = SUM(zone_predictions.values())
[0m[49m[39m  450, 461[0m:[39m[49m     zone_probabilities = {
[0m[49m[39m  451, 462[0m:[39m[49m         zone_id: count / total_predicted
[0m[49m[39m  452, 463[0m:[39m[49m         FOR zone_id, count IN zone_predictions
[0m[49m[39m  453, 464[0m:[39m[49m     }
[0m[49m[39m  454, 465[0m:[39m[49m 
[0m[49m[39m  455, 466[0m:[39m[49m     RETURN zone_probabilities
[0m[49m[39m  456, 467[0m:[39m[49m ```
[0m[49m[39m  457, 468[0m:[39m[49m 
[0m[49m[39m  458, 469[0m:[39m[49m > **Curious how this looks in Python?** The pseudocode above covers the concepts. If you'd like to see sample Python code that demonstrates these patterns using boto3, check out the [Python Example](chapter14.08-python-example). It walks through each step with inline comments and notes on what you'd need to change for a real deployment.
[0m[49m[39m  459, 470[0m:[39m[49m 
[0m[49m[39m  460, 471[0m:[39m[49m ### Expected Results
[0m[49m[39m  461, 472[0m:[39m[49m 
[0m[49m[39m  462, 473[0m:[39m[49m **Sample dispatch decision output:**
[0m[49m[39m  463, 474[0m:[39m[49m 
[0m[49m[39m  464, 475[0m:[39m[49m ```json
[0m[49m[39m  465, 476[0m:[39m[49m {
[0m[49m[39m  466, 477[0m:[39m[49m   "call_id": "CAD-2026-0601-1847",
[0m[49m[39m  467, 478[0m:[39m[49m   "call_priority": 1,
[0m[49m[39m  468, 479[0m:[39m[49m   "call_location": {"lat": 38.9072, "lng": -77.0369},
[0m[49m[39m  469, 480[0m:[39m[49m   "nature_code": "CHEST_PAIN",
[0m[49m[39m  470, 481[0m:[39m[49m   "assigned_unit": {
[0m[49m[39m  471, 482[0m:[39m[49m     "unit_id": "MEDIC-7",
[0m[49m[39m  472, 483[0m:[39m[49m     "capability": "ALS",
[0m[49m[39m  473, 484[0m:[39m[49m     "estimated_response_time_seconds": 312,
[0m[49m[39m  474, 485[0m:[39m[49m     "current_location": {"lat": 38.9121, "lng": -77.0298},
[0m[49m[39m  475, 486[0m:[39m[49m     "route_distance_km": 2.1
[0m[49m[39m  476, 487[0m:[39m[49m   },
[0m[49m[39m  477, 488[0m:[39m[49m   "recommended_hospital": {
[0m[49m[39m  478, 489[0m:[39m[49m     "hospital_id": "HOSP-GWU",
[0m[49m[39m  479, 490[0m:[39m[49m     "name": "GW University Hospital",
[0m[49m[39m  480, 491[0m:[39m[49m     "capabilities": ["cath_lab", "interventional_cardiology", "level_1_trauma"],
[0m[49m[39m  481, 492[0m:[39m[49m     "estimated_transport_minutes": 8,
[0m[49m[39m  482, 493[0m:[39m[49m     "current_ed_census": 24,
[0m[49m[39m  483, 494[0m:[39m[49m     "ed_capacity": 45
[0m[49m[39m  484, 495[0m:[39m[49m   },
[0m[49m[39m  485, 496[0m:[39m[49m   "coverage_impact": {
[0m[49m[39m  486, 497[0m:[39m[49m     "zone_gap_created": false,
[0m[49m[39m  487, 498[0m:[39m[49m     "nearest_backup_unit": "MEDIC-12",
[0m[49m[39m  488, 499[0m:[39m[49m     "backup_response_time_seconds": 480
[0m[49m[39m  489, 500[0m:[39m[49m   },
[0m[49m[39m  490, 501[0m:[39m[49m   "decision_timestamp": "2026-06-01T18:47:03.221Z",
[0m[49m[39m  491, 502[0m:[39m[49m   "solver_time_ms": 847
[0m[49m[39m  492, 503[0m:[39m[49m }
[0m[49m[39m  493, 504[0m:[39m[49m ```
[0m[49m[39m  494, 505[0m:[39m[49m 
[0m[49m[39m  495, 506[0m:[39m[49m **Performance benchmarks:**
[0m[49m[39m  496, 507[0m:[39m[49m 
[0m[49m[39m  497, 508[0m:[39m[49m | Metric | Typical Value |
[0m[49m[39m  498, 509[0m:[39m[49m |--------|---------------|
[0m[49m[39m  499, 510[0m:[39m[49m | Dispatch decision latency | 500ms to 2 seconds |
[0m[49m[39m  500, 511[0m:[39m[49m | GPS state update latency | < 200ms (Kinesis to DynamoDB) |
[0m[49m[39m  501, 512[0m:[39m[49m | Repositioning solve time | 10 to 30 seconds |
[0m[49m[39m  502, 513[0m:[39m[49m | Demand forecast inference | < 500ms |
[0m[49m[39m  503, 514[0m:[39m[49m | Response time improvement vs. proximity-only | 1 to 3 minutes average reduction |
[0m[49m[39m  504, 515[0m:[39m[49m | Coverage maintenance | > 95% of zones within threshold |
[0m[49m[39m  505, 516[0m:[39m[49m | Hospital selection accuracy | > 90% agreement with retrospective clinical review |
[0m[49m[39m  506, 517[0m:[39m[49m 
[0m[49m[39m  507, 518[0m:[39m[49m **Where it struggles:**
[0m[49m[39m  508, 519[0m:[39m[49m 
[0m[49m[39m  509, 520[0m:[39m[49m - **Simultaneous multi-casualty incidents.** The optimizer is designed for steady-state operations. A mass casualty event (MCI) overwhelms the model because it violates the assumption of independent, sequential calls. MCI protocols require a different decision framework entirely.
[0m[49m[39m  510, 521[0m:[39m[49m - **GPS dead zones.** Parking garages, tunnels, dense urban canyons. If you lose GPS for 2 minutes, the fleet state is stale and dispatch decisions degrade.
[0m[49m[39m  511, 522[0m:[39m[49m - **Rapid demand spikes.** A sudden weather event or large-scale accident can generate a burst of calls that exceeds fleet capacity. The optimizer can only assign units that exist; it can't create new ones.
[0m[49m[39m  512, 523[0m:[39m[49m - **Inter-agency coordination.** Many metro areas have overlapping EMS jurisdictions (fire department, private ambulance, hospital-based EMS). The optimizer only controls units it can see. Mutual aid decisions still require human coordination.
[0m[49m[39m  513, 524[0m:[39m[49m 
[0m[49m[39m  514, 525[0m:[39m[49m ---
[0m[49m[39m  515, 526[0m:[39m[49m 
[0m[49m[39m  516, 527[0m:[39m[49m ## The Honest Take
[0m[49m[39m  517, 528[0m:[39m[49m 
[0m[49m[39m  518, 529[0m:[39m[49m Here's what I'd tell you over coffee about building this system:
[0m[49m[39m  519, 530[0m:[39m[49m 
[0m[49m[39m  520, 531[0m:[39m[49m The dispatch scoring function is the easy part. Seriously. You can get a working "score candidates by travel time plus coverage impact" prototype in a week. The hard parts are everything around it.
[0m[49m[39m  521, 532[0m:[39m[49m 
[0m[49m[39m  522, 533[0m:[39m[49m **Data integration is 70% of the project.** Getting real-time GPS from every unit in a consistent format. Getting hospital diversion status (which is often communicated by fax or phone call, not API). Getting traffic data that's actually current. Getting CAD system integration that doesn't add 10 seconds of latency. Each of these integrations is its own multi-month project.
[0m[49m[39m  523, 534[0m:[39m[49m 
[0m[49m[39m  524, 535[0m:[39m[49m **The travel time model makes or breaks you.** If your travel times are wrong by 2 minutes on average, your "optimal" dispatch is no better than proximity-based. And travel times for emergency vehicles are genuinely hard to model. Lights-and-sirens driving doesn't follow civilian traffic patterns. The only reliable approach is to build your model from actual GPS traces of your own fleet's historical runs. That requires months of data collection before you can even start optimizing.
[0m[49m[39m  525, 536[0m:[39m[49m 
[0m[49m[39m  526, 537[0m:[39m[49m **Dispatchers will resist.** Not because they're Luddites, but because they've been doing this job for 20 years and they're good at it. They know things the model doesn't: that Unit 7's crew is having a bad day, that the bridge on Oak Street floods when it rains, that the nursing home on Elm always has a 5-minute delay getting the patient to the ambulance bay. Build the system as a recommendation engine, not an override. Let dispatchers accept or reject suggestions. Track acceptance rates. Improve the model based on rejections.
[0m[49m[39m  527, 538[0m:[39m[49m 
[0m[49m[39m  528, 539[0m:[39m[49m **The coverage model is where the real value lives.** Ironically, the biggest response time improvements don't come from smarter dispatch (picking the right unit for a given call). They come from smarter positioning (having units in the right places before calls happen). The repositioning optimizer is less glamorous than the real-time dispatch engine, but it delivers more impact. Invest there.
[0m[49m[39m  529, 540[0m:[39m[49m 
[0m[49m[39m  530, 541[0m:[39m[49m **You will need a simulation environment.** You cannot test dispatch optimization changes in production. "Let's see if this new scoring function works better" is not something you try on live 911 calls. Build a discrete-event simulator that replays historical call patterns against your fleet model. Run thousands of simulated days. Compare response time distributions. Only then deploy to production.
[0m[49m[39m  531, 542[0m:[39m[49m 
[0m[49m[39m  532, 543[0m:[39m[49m ---
[0m[49m[39m  533, 544[0m:[39m[49m 
[0m[49m[39m  534, 545[0m:[39m[49m ## Variations and Extensions
[0m[49m[39m  535, 546[0m:[39m[49m 
[0m[49m[39m  536, 547[0m:[39m[49m ### Multi-Agency Coordination
[0m[49m[39m  537, 548[0m:[39m[49m 
[0m[49m[39m  538, 549[0m:[39m[49m In metro areas with multiple EMS providers (fire-based, hospital-based, private), extend the optimizer to consider mutual aid units. This requires data sharing agreements, standardized status reporting across agencies, and a shared dispatch protocol. The technical challenge is modest (just more units in the candidate pool). The organizational challenge is enormous. Start with a read-only view of partner agency positions, then graduate to cross-agency dispatch recommendations.
[0m[49m[39m  539, 550[0m:[39m[49m 
[0m[49m[39m  540, 551[0m:[39m[49m ### Predictive Dispatch (Pre-Positioning for Events)
[0m[49m[39m  541, 552[0m:[39m[49m 
[0m[49m[39m  542, 553[0m:[39m[49m For planned events (concerts, sporting events, parades), pre-position units based on historical call patterns for similar events. This is a batch optimization problem: given the event location, expected attendance, duration, and historical incident rates for similar events, where should you stage units and how many? Solve this hours or days in advance. The demand forecast model can be extended with event features to improve predictions.
[0m[49m[39m  543, 554[0m:[39m[49m 
[0m[49m[39m  544, 555[0m:[39m[49m ### Dynamic Routing with Real-Time Traffic Rerouting
[0m[49m[39m  545, 556[0m:[39m[49m 
[0m[49m[39m  546, 557[0m:[39m[49m Once a unit is dispatched and en route, continue monitoring the route for traffic changes. If an accident blocks the planned route, automatically compute an alternative and push it to the unit's MDT (Mobile Data Terminal). This requires continuous route monitoring (not just a one-time calculation at dispatch) and integration with the in-vehicle navigation system. The marginal improvement is small (maybe 30 seconds saved on rare occasions), but in cardiac arrest, 30 seconds matters.
[0m[49m[39m  547, 558[0m:[39m[49m 
[0m[49m[39m  548, 559[0m:[39m[49m ---
[0m[49m[39m  549, 560[0m:[39m[49m 
[0m[49m[39m  550, 561[0m:[39m[49m ## Related Recipes
[0m[49m[39m  551, 562[0m:[39m[49m 
[0m[49m[39m  552, 563[0m:[39m[49m - **Recipe 14.4 (Nurse Staffing Optimization):** Similar constraint-based scheduling, different domain. The solver patterns and constraint formulation techniques transfer directly.
[0m[49m[39m  553, 564[0m:[39m[49m - **Recipe 14.6 (Patient Flow / Bed Assignment):** The hospital capacity data used for destination selection here is the same data that drives bed assignment optimization. These systems should share a hospital status feed.
[0m[49m[39m  554, 565[0m:[39m[49m - **Recipe 14.7 (OR Case Sequencing):** Another real-time optimization problem with dynamic replanning. The architecture pattern of "fast heuristic for immediate decisions, heavier solver for background optimization" applies to both.
[0m[49m[39m  555, 566[0m:[39m[49m - **Recipe 12.3 (ED Arrival Forecasting):** The demand forecasting component here is closely related to ED arrival prediction. Similar features, similar models, different spatial granularity.
[0m[49m[39m  556, 567[0m:[39m[49m - **Recipe 7.4 (ED Visit Prediction):** Predicting which patients will need emergency services feeds into the demand model for ambulance positioning.
[0m[49m[39m  557, 568[0m:[39m[49m 
[0m[49m[39m  558, 569[0m:[39m[49m ---
[0m[49m[39m  559, 570[0m:[39m[49m 
[0m[49m[39m  560, 571[0m:[39m[49m ## Additional Resources
[0m[49m[39m  561, 572[0m:[39m[49m 
[0m[49m[39m  562, 573[0m:[39m[49m ### AWS Documentation
[0m[49m[39m  563, 574[0m:[39m[49m 
[0m[49m[39m  564, 575[0m:[39m[49m - [Amazon Location Service Route Calculator](https://docs.aws.amazon.com/location/latest/developerguide/route-calculator.html): Route calculation API including travel time matrices
[0m[49m[39m  565, 576[0m:[39m[49m - [Amazon Location Service Pricing](https://aws.amazon.com/location/pricing/): Per-request pricing for route calculations
[0m[49m[39m  566, 577[0m:[39m[49m - [Amazon Kinesis Data Streams Developer Guide](https://docs.aws.amazon.com/streams/latest/dev/introduction.html): High-throughput streaming ingestion for GPS data
[0m[49m[39m  567, 578[0m:[39m[49m - [Amazon SageMaker Real-Time Inference](https://docs.aws.amazon.com/sagemaker/latest/dg/realtime-endpoints.html): Hosting ML models for low-latency prediction
[0m[49m[39m  568, 579[0m:[39m[49m - [AWS Step Functions Developer Guide](https://docs.aws.amazon.com/step-functions/latest/dg/welcome.html): Orchestrating multi-step optimization workflows
[0m[49m[39m  569, 580[0m:[39m[49m - [Amazon ElastiCache for Redis](https://docs.aws.amazon.com/AmazonElastiCache/latest/red-ug/WhatIs.html): In-memory caching for travel time lookups
[0m[49m[39m  570, 581[0m:[39m[49m - [DynamoDB Streams](https://docs.aws.amazon.com/amazondynamodb/latest/developerguide/Streams.html): Change data capture for fleet state events
[0m[49m[39m  571, 582[0m:[39m[49m 
[0m[49m[39m  572, 583[0m:[39m[49m ### Industry References
[0m[49m[39m  573, 584[0m:[39m[49m 
[0m[49m[39m  574, 585[0m:[39m[49m - [NEMSIS (National EMS Information System)](https://nemsis.org/): National standard for EMS data collection and reporting. Useful for understanding data structures and benchmarking.
[0m[49m[38;5;9m- 575     [0m:[38;5;9m[49m - TODO: Verify link for NAEMD response time standards documentation
[0m[49m[38;5;9m- 576     [0m:[38;5;9m[49m - TODO: Verify link for specific OR papers on ambulance dispatch optimization (Gendreau et al., Brotcorne et al.)
[0m[49m[38;5;10m+      586[0m:[38;5;10m[49m <!-- TODO (TechWriter): Expert review V1 (MEDIUM). Verify and add links for NAEMD response time standards documentation and OR papers on ambulance dispatch optimization (Gendreau et al. 2001, Brotcorne et al. 2003). Provide DOI links rather than potentially unstable URLs. -->
[0m[49m[39m  577, 587[0m:[39m[49m 
[0m[49m[39m  578, 588[0m:[39m[49m ### Related Concepts
[0m[49m[39m  579, 589[0m:[39m[49m 
[0m[49m[39m  580, 590[0m:[39m[49m - Vehicle Routing Problem (VRP) and its dynamic variants
[0m[49m[39m  581, 591[0m:[39m[49m - Set Covering Location Problem (SCLP) for station placement
[0m[49m[39m  582, 592[0m:[39m[49m - System Status Management (SSM) for dynamic redeployment
[0m[49m[39m  583, 593[0m:[39m[49m - Medical Priority Dispatch System (MPDS) for call triage protocols
[0m[49m[39m  584, 594[0m:[39m[49m 
[0m[49m[39m  585, 595[0m:[39m[49m ---
[0m[49m[39m  586, 596[0m:[39m[49m 
[0m[49m[39m  587, 597[0m:[39m[49m ## Estimated Implementation Time
[0m[49m[39m  588, 598[0m:[39m[49m 
[0m[49m[39m  589, 599[0m:[39m[49m | Phase | Duration | What You Get |
[0m[49m[39m  590, 600[0m:[39m[49m |-------|----------|--------------|
[0m[49m[39m  591, 601[0m:[39m[49m | **Basic** | 3-4 months | Proximity-based dispatch with travel time (replaces straight-line distance), basic fleet state tracking, single-hospital recommendation |
[0m[49m[39m  592, 602[0m:[39m[49m | **Production-ready** | 8-12 months | Full scoring function with coverage awareness, background repositioning, demand forecasting, hospital capacity integration, dispatcher UI, simulation environment |
[0m[49m[39m  593, 603[0m:[39m[49m | **With variations** | 14-18 months | Multi-agency coordination, predictive pre-positioning for events, dynamic rerouting, full analytics dashboard with response time reporting |
[0m[49m[39m  594, 604[0m:[39m[49m 
[0m[49m[39m  595, 605[0m:[39m[49m ---
[0m[49m[39m  596, 606[0m:[39m[49m 
[0m[49m[39m  597, 607[0m:[39m[49m **Tags:** `optimization` · `vehicle-routing` · `real-time` · `ems` · `dispatch` · `geospatial` · `operations-research` · `coverage` · `fleet-management`
[0m[49m[39m  598, 608[0m:[39m[49m 
[0m[49m[39m  599, 609[0m:[39m[49m ---
[0m[49m[39m  600, 610[0m:[39m[49m 
[0m[49m[39m  601, 611[0m:[39m[49m | [← 14.7: OR Case Sequencing](chapter14.07-or-case-sequencing) | [Chapter 14 Index](chapter14-index) | [14.9: Chemotherapy Scheduling →](chapter14.09-chemotherapy-scheduling) |
[0m[K
Replacing: [38;5;141mchapter14.08-ambulance-routing-dispatch.md[0m
[38;5;244m - Completed in 0.1s[0m

[38;5;141m> [0mNow let me verify the file was written correctly by checking a few key sections:[0m[0m
Batch fs_read operation with [38;5;141m3[0m operations[38;5;244m (using tool: read)[0m

↱ Operation 1: Searching: [38;5;141m/tmp/ralph-worktrees/iter-1070/chapter14.08-ambulance-routing-dispatch.md[0m for pattern: [38;5;141mtodo[0m
↱ Operation 2: Searching: [38;5;141m/tmp/ralph-worktrees/iter-1070/chapter14.08-ambulance-routing-dispatch.md[0m for pattern: [38;5;141mem dash[0m
↱ Operation 3: Searching: [38;5;141m/tmp/ralph-worktrees/iter-1070/chapter14.08-ambulance-routing-dispatch.md[0m for pattern: [38;5;141m—[0m
[38;5;10m ✓ [0mFound 5 matches for pattern 'TODO' in /tmp/ralph-worktrees/iter-1070/chapter14.08-ambulance-routing-dispatch.md

[38;5;10m ✓ [0mFound 0 matches for pattern 'em dash' in /tmp/ralph-worktrees/iter-1070/chapter14.08-ambulance-routing-dispatch.md

[38;5;10m ✓ [0mFound 0 matches for pattern '—' in /tmp/ralph-worktrees/iter-1070/chapter14.08-ambulance-routing-dispatch.md

 ⋮ 

[38;5;244m- [0mSummary: 3 operations processed, 3 successful, 0 failed
[38;5;244m - Completed in 0.1s[0m

[38;5;141m> [0mNo em dashes found. All TODO markers are properly placed with finding IDs. Let me do a final check on the key edits I made:[0m[0m
Batch fs_read operation with [38;5;141m3[0m operations[38;5;244m (using tool: read)[0m

↱ Operation 1: Reading file: [38;5;141m/tmp/ralph-worktrees/iter-1070/chapter14.08-ambulance-routing-dispatch.md[0m, from line [38;5;141m153[0m to [38;5;141m160[0m
↱ Operation 2: Reading file: [38;5;141m/tmp/ralph-worktrees/iter-1070/chapter14.08-ambulance-routing-dispatch.md[0m, from line [38;5;141m209[0m to [38;5;141m220[0m
↱ Operation 3: Reading file: [38;5;141m/tmp/ralph-worktrees/iter-1070/chapter14.08-ambulance-routing-dispatch.md[0m, from line [38;5;141m253[0m to [38;5;141m265[0m
[38;5;10m ✓ [0mSuccessfully read [38;5;244m1753 bytes[0m from /tmp/ralph-worktrees/iter-1070/chapter14.08-ambulance-routing-dispatch.md

[38;5;10m ✓ [0mSuccessfully read [38;5;244m1548 bytes[0m from /tmp/ralph-worktrees/iter-1070/chapter14.08-ambulance-routing-dispatch.md

[38;5;10m ✓ [0mSuccessfully read [38;5;244m543 bytes[0m from /tmp/ralph-worktrees/iter-1070/chapter14.08-ambulance-routing-dispatch.md

 ⋮ 

[38;5;244m- [0mSummary: 3 operations processed, 3 successful, 0 failed
[38;5;244m - Completed in 0.0s[0m

[38;5;141m> [0mThe edits are clean. Here's a summary of what was done:[0m[0m
[0m[0m
[38;5;252m[1m## Edit Summary[0m[0m
[0m[0m
[1mFixes applied directly:[22m[0m[0m
[0m[0m
1. [1mS3 (HIGH) - ElastiCache wildcard permission:[22m Replaced [38;5;10melasticache:*[0m with explanation that Redis access is SG-controlled, with IAM auth guidance for Redis 7.0+. Consistent with the action-level specificity of other permissions.[0m[0m
[0m[0m
2. [1mV2 (LOW) - Documentation-voice in Location Service paragraph:[22m Rewrote to lead with the architectural need ("You need road-network travel times...") rather than product-description voice ("Location Service provides...").[0m[0m
[0m[0m
3. [1mA3 (MEDIUM) - Provisioned concurrency:[22m Strengthened from parenthetical mention to explicit mandatory requirement with sizing guidance (3-5x average for MCI bursts), metric to monitor ([38;5;10mProvisionedConcurrencySpilloverInvocations[0m), and zero-tolerance target.[0m[0m
[0m[0m
4. [1mA4 (LOW) - Conditional write exception handling:[22m Added comment in Step 1 pseudocode explaining that failed conditional writes should be caught and discarded (not retried).[0m[0m
[0m[0m
5. [1mN2 (LOW) - VPC endpoint vs NAT Gateway:[22m Changed from equal alternatives to VPC endpoint as preferred path, NAT Gateway only as regional fallback.[0m[0m
[0m[0m
6. [1mS2 (MEDIUM) - KMS key management:[22m Added customer-managed CMK with auto-rotation and restricted [38;5;10mkms:Decrypt[0m grants to the Encryption row.[0m[0m
[0m[0m
7. [1mV1 (MEDIUM) - Unverified TODO links:[22m Replaced the two bare TODO lines with a single properly formatted TODO marker including the finding ID for tracking.[0m[0m
[0m[0m
[1mDeferred as TODO markers (require new technical content from TechWriter):[22m[0m[0m
[0m[0m
- [38;5;10mA1[0m (HIGH): Failover/degradation strategy section[0m[0m
- [38;5;10mA2[0m (HIGH): Dispatcher-in-the-loop mechanism[0m[0m
- [38;5;10mN1[0m (MEDIUM): GPS device authentication and validation[0m[0m
- [38;5;10mS6[0m (MEDIUM): Dispatch decision audit trail specification[0m[0m
- [38;5;10mV1[0m (MEDIUM): Verify and add academic citations[0m[0m
[0m[0m
[38;5;252m[0m[?25l[?25l[0m[0m[?25l[0m[?25l[0m[0m[?25l[0m[?25l[0m[0m[?25l[0m[?25l[0m[0m[?25l[0m[?25l[0m[0m[?25l[0m[?25l[0m[0m[?25l[0m[?25l[0m[0m[?25l[0m[?25l[0m[0m[?25l[0m[0m[0m
[38;5;8m
 ▸ Credits: 9.32 • Time: 4m 55s

[0m[1G[0m[0m[?25h[1mNo em dashes, no documentation-voice, header hierarchy correct (H1 title, H2 major sections, H3 subsections), all required RECIPE-GUIDE sections present in correct order, vendor balance maintained at ~70/30.[22m[38;5;11mWARNING: [0mDuplicate agent with name [38;5;10mmeshclaw-lite[0m was found in the global directory.
[0m[32mAll tools are now trusted ([0m[31m![0m[32m). Kiro will execute tools without asking for confirmation.[0m
Agents can sometimes do unexpected things so understand the risks.

Learn more at [38;5;141mhttps://kiro.dev/docs/cli/chat/security/#using-tools-trust-all-safely[0m



[38;5;252m[0m[?25l[?25l[0m[0m[1mTool validation failed: [0m
[38;5;9mFailed to validate tool parameters: '/tmp/ralph-worktrees/iter-1070/chapters/14-optimization/recipe-08-ambulance-routing.md' does not exist
Reading file: [38;5;141m/tmp/ralph-worktrees/iter-1070/STYLE-GUIDE.md[0m, all lines[38;5;244m (using tool: read)[0mSearching for files: [38;5;141m**/14*ambulance*[0m[38;5;244m (using tool: glob)[0mSearching for files: [38;5;141m**/recipe*08*[0m[38;5;244m (using tool: glob)[0m
[38;5;10m ✓ [0mSuccessfully read [38;5;244m3731 bytes[0m from /tmp/ralph-worktrees/iter-1070/STYLE-GUIDE.md
[38;5;244m - Completed in 0.0s[0m


[38;5;9m ❗ [0mNo files found matching pattern: [38;5;244m**/14*ambulance*[0m under current directory
[38;5;244m - Completed in 0.13s[0m


[38;5;9m ❗ [0mNo files found matching pattern: [38;5;244m**/recipe*08*[0m under current directory
[38;5;244m - Completed in 0.12s[0m

Searching for files: [38;5;141m**/14*/**[0m[38;5;244m (using tool: glob)[0mSearching for files: [38;5;141m**/optimization/**[0m[38;5;244m (using tool: glob)[0mSearching for files: [38;5;141m**/ambulance*[0m[38;5;244m (using tool: glob)[0m
[38;5;9m ❗ [0mNo files found matching pattern: [38;5;244m**/14*/**[0m under current directory
[38;5;244m - Completed in 0.9s[0m


[38;5;9m ❗ [0mNo files found matching pattern: [38;5;244m**/optimization/**[0m under current directory
[38;5;244m - Completed in 0.11s[0m


[38;5;9m ❗ [0mNo files found matching pattern: [38;5;244m**/ambulance*[0m under current directory
[38;5;244m - Completed in 0.10s[0m

Reading directory: [38;5;141m/tmp/ralph-worktrees/iter-1070[0m[38;5;244m (using tool: read, max depth: 2, max entries: 1000, excluding: defaults)[0m
[38;5;10m ✓ [0mSuccessfully read directory [38;5;141m/tmp/ralph-worktrees/iter-1070[0m [38;5;244m(showing 1000 of 2575 entries, offset: 0)[0m
[38;5;244m - Completed in 0.119s[0m

[38;5;141m> [0mNow I found the file. Let me read it along with the relevant reviews.[0m[0m
[0m[0m
[0m[0m
Reading file: [38;5;141m/tmp/ralph-worktrees/iter-1070/chapter14.08-ambulance-routing-dispatch.md[0m, from line [38;5;141m1[0m to [38;5;141m100[0m[38;5;244m (using tool: read)[0mReading file: [38;5;141m/tmp/ralph-worktrees/iter-1070/reviews/chapter14.08-expert-review.md[0m, from line [38;5;141m1[0m to [38;5;141m100[0m[38;5;244m (using tool: read)[0mReading file: [38;5;141m/tmp/ralph-worktrees/iter-1070/reviews/chapter14.08-code-review.md[0m, from line [38;5;141m1[0m to [38;5;141m100[0m[38;5;244m (using tool: read)[0m
[38;5;10m ✓ [0mSuccessfully read [38;5;244m8962 bytes[0m from /tmp/ralph-worktrees/iter-1070/chapter14.08-ambulance-routing-dispatch.md
[38;5;244m - Completed in 0.0s[0m


[38;5;10m ✓ [0mSuccessfully read [38;5;244m10540 bytes[0m from /tmp/ralph-worktrees/iter-1070/reviews/chapter14.08-expert-review.md
[38;5;244m - Completed in 0.0s[0m


[38;5;10m ✓ [0mSuccessfully read [38;5;244m7981 bytes[0m from /tmp/ralph-worktrees/iter-1070/reviews/chapter14.08-code-review.md
[38;5;244m - Completed in 0.0s[0m

Reading file: [38;5;141m/tmp/ralph-worktrees/iter-1070/chapter14.08-ambulance-routing-dispatch.md[0m, from line [38;5;141m100[0m to [38;5;141m300[0m[38;5;244m (using tool: read)[0m
[38;5;10m ✓ [0mSuccessfully read [38;5;244m17343 bytes[0m from /tmp/ralph-worktrees/iter-1070/chapter14.08-ambulance-routing-dispatch.md
[38;5;244m - Completed in 0.0s[0m

Searching: [38;5;141m/tmp/ralph-worktrees/iter-1070/chapter14.08-ambulance-routing-dispatch.md[0m for pattern: [38;5;141m—[0m[38;5;244m (using tool: read)[0m
[38;5;10m ✓ [0mFound 0 matches for pattern '—' in /tmp/ralph-worktrees/iter-1070/chapter14.08-ambulance-routing-dispatch.md
[38;5;244m - Completed in 0.0s[0m

Reading file: [38;5;141m/tmp/ralph-worktrees/iter-1070/chapter14.08-ambulance-routing-dispatch.md[0m, from line [38;5;141m300[0m to [38;5;141m600[0m[38;5;244m (using tool: read)[0m
[38;5;10m ✓ [0mSuccessfully read [38;5;244m18478 bytes[0m from /tmp/ralph-worktrees/iter-1070/chapter14.08-ambulance-routing-dispatch.md
[38;5;244m - Completed in 0.0s[0m

Reading file: [38;5;141m/tmp/ralph-worktrees/iter-1070/chapter14.08-ambulance-routing-dispatch.md[0m, from line [38;5;141m600[0m to end of file[38;5;244m (using tool: read)[0m
[38;5;10m ✓ [0mSuccessfully read [38;5;244m938 bytes[0m from /tmp/ralph-worktrees/iter-1070/chapter14.08-ambulance-routing-dispatch.md
[38;5;244m - Completed in 0.0s[0m

[38;5;141m> [0mNow I have all the information needed to render a verdict. Let me check for em dashes (already confirmed none), verify header hierarchy, check code blocks for language tags, and assess the review findings incorporation.[0m[0m
[0m[0m
Key observations:[0m[0m
1. [1mNo em dashes[22m found (search returned empty).[0m[0m
2. [1mHeader hierarchy[22m is correct: [38;5;10m#[0m for title, [38;5;10m##[0m for major sections (The Problem, The Technology, etc.), [38;5;10m###[0m for subsections, [38;5;10m####[0m for sub-subsections. No skipped levels.[0m[0m
3. [1mCode blocks[22m: The pseudocode blocks use bare triple-backtick fences without language tags. The [38;5;10mjson[0m block has a tag. The [38;5;10mmermaid[0m block has a tag. But the pseudocode blocks (5+ of them) have no language tag.[0m[0m
4. [1mVoice[22m: Consistent with STYLE-GUIDE.md (passionate, engineer-explaining-over-coffee tone, parenthetical asides, self-deprecating honesty).[0m[0m
5. [1mReview findings incorporation[22m: The HIGH findings from expert review (A1: failover strategy, A2: dispatcher override) are explicitly flagged as [38;5;10m<!-- TODO (TechWriter): ... -->[0m markers. The MEDIUM findings (S2, S3, N1, V1) are also flagged as TODOs. The HIGH finding S1 (ElastiCache IAM) has been directly incorporated into the Prerequisites table (the text now reads "ElastiCache Redis access is controlled via security groups..." which addresses the expert's concern).[0m[0m
[0m[0m
The [1mcritical issue[22m is the missing language tags on pseudocode blocks. The style guide doesn't explicitly mention code block language tags, but the pass condition states "all code blocks have language tags." The pseudocode blocks use bare [38;5;10m[0m[38;5;10m without any language identifier.

[0m[?25l[?25l[?25l[0m[0m[?25l[0m[?25l[?25l[?25l[0m[0m[?25l[0m[?25l[0m[0m[?25l[0m[?25l[?25l[?25l[0m[0m[?25l[0m[?25l[0m[0m[?25l[0m[?25l[0m[0m[?25l[0m[?25l[0m[0m[?25l[0m[?25l[0m[0m[?25l[0m[0m[0m
[38;5;8m
 ▸ Credits: 7.49 • Time: 54s

[0m[1G[0m[0m[?25h{"verdict": "fail", "rationale": "Multiple pseudocode blocks (Steps 1-5) use bare triple-backtick fences without language tags. The pass condition requires all code blocks have language tags. These should be tagged (e.g., [0m[38;5;10m[0mtext or [38;5;10m[0m