# parallel_worker header: concurrency_limit=2 batch_id=batch-1780310470894-000177-51303acb27ce9867 iteration=1136 task_id=ch15-r06-edit persona=TechEditor
[38;5;11mWARNING: [0mDuplicate agent with name [38;5;10mmeshclaw-lite[0m was found in the global directory.
[0m[32mAll tools are now trusted ([0m[31m![0m[32m). Kiro will execute tools without asking for confirmation.[0m
Agents can sometimes do unexpected things so understand the risks.

Learn more at [38;5;141mhttps://kiro.dev/docs/cli/chat/security/#using-tools-trust-all-safely[0m



Reading directory: [38;5;141m/tmp/ralph-worktrees/iter-1136[0m[38;5;244m (using tool: read, max depth: 1, max entries: 1000, excluding: defaults)[0m
[38;5;10m ✓ [0mSuccessfully read directory [38;5;141m/tmp/ralph-worktrees/iter-1136[0m [38;5;244m(showing 1000 of 2592 entries, offset: 0)[0m
[38;5;244m - Completed in 0.155s[0m

[38;5;141m> [0mLet me read the main recipe file, the code review, and the expert review for chapter 15 recipe 6.[0m[0m
[0m[0m
Batch fs_read operation with [38;5;141m2[0m operations[38;5;244m (using tool: read)[0m

↱ Operation 1: Reading file: [38;5;141m/tmp/ralph-worktrees/iter-1136/reviews/chapter15.06-code-review.md[0m, all lines
↱ Operation 2: Reading file: [38;5;141m/tmp/ralph-worktrees/iter-1136/reviews/chapter15.06-expert-review.md[0m, all linesSearching for files: [38;5;141m**/chapter15.06*[0m in [38;5;141m/tmp/ralph-worktrees/iter-1136[0m[38;5;244m (using tool: glob)[0m
[38;5;10m ✓ [0mSuccessfully read [38;5;244m8404 bytes[0m from /tmp/ralph-worktrees/iter-1136/reviews/chapter15.06-code-review.md

[38;5;10m ✓ [0mSuccessfully read [38;5;244m30049 bytes[0m from /tmp/ralph-worktrees/iter-1136/reviews/chapter15.06-expert-review.md

 ⋮ 

[38;5;244m- [0mSummary: 2 operations processed, 2 successful, 0 failed
[38;5;244m - Completed in 0.0s[0m


[38;5;10m ✓ [0mSuccessfully found [38;5;244m4 files[0m under /tmp/ralph-worktrees/iter-1136
[38;5;244m - Completed in 0.13s[0m

[38;5;141m> [0mNow let me read the main recipe file and the style guide:[0m[0m
Batch fs_read operation with [38;5;141m3[0m operations[38;5;244m (using tool: read)[0m

↱ Operation 1: Reading file: [38;5;141m/tmp/ralph-worktrees/iter-1136/chapter15.06-glucose-control-icu.md[0m, all lines
↱ Operation 2: Reading file: [38;5;141m/tmp/ralph-worktrees/iter-1136/STYLE-GUIDE.md[0m, all lines
↱ Operation 3: Reading file: [38;5;141m/tmp/ralph-worktrees/iter-1136/RECIPE-GUIDE.md[0m, all lines
[38;5;10m ✓ [0mSuccessfully read [38;5;244m39408 bytes[0m from /tmp/ralph-worktrees/iter-1136/chapter15.06-glucose-control-icu.md

[38;5;10m ✓ [0mSuccessfully read [38;5;244m3731 bytes[0m from /tmp/ralph-worktrees/iter-1136/STYLE-GUIDE.md

[38;5;10m ✓ [0mSuccessfully read [38;5;244m9026 bytes[0m from /tmp/ralph-worktrees/iter-1136/RECIPE-GUIDE.md

 ⋮ 

[38;5;244m- [0mSummary: 3 operations processed, 3 successful, 0 failed
[38;5;244m - Completed in 0.0s[0m

[38;5;141m> [0mNow I have all the context I need. Let me read the Python companion to check for any issues there too:[0m[0m
Reading file: [38;5;141m/tmp/ralph-worktrees/iter-1136/chapter15.06-python-example.md[0m, from line [38;5;141m1[0m to [38;5;141m50[0m[38;5;244m (using tool: read)[0m
[38;5;10m ✓ [0mSuccessfully read [38;5;244m2656 bytes[0m from /tmp/ralph-worktrees/iter-1136/chapter15.06-python-example.md
[38;5;244m - Completed in 0.0s[0m

[38;5;141m> [0mI have enough context. Let me now produce the final edited version of the main recipe. Based on my review:[0m[0m
[0m[0m
[1mKey findings to address:[22m[0m[0m
1. Expert review S1 (HIGH): IAM permissions not least-privilege - needs TODO marker (structural change, TechWriter territory)[0m[0m
2. Expert review A1 (HIGH): No error handling/circuit breaker - needs TODO marker[0m[0m
3. Expert review S2 (MEDIUM): Audit trail tamper protection - needs TODO marker[0m[0m
4. Expert review S3 (MEDIUM): De-identification for retraining - needs TODO marker[0m[0m
5. Expert review A2 (MEDIUM): No model rollback/canary strategy - needs TODO marker[0m[0m
6. Expert review A3 (MEDIUM): Latency budget not specified - needs TODO marker[0m[0m
7. Expert review V2 (MEDIUM): TODO markers in Additional Resources - I can fix these by formatting as proper references without fake URLs[0m[0m
8. Expert review A4 (MEDIUM): Concurrent patient handling - needs TODO marker[0m[0m
9. Code review issues 1-5: All are NOTE/WARNING about comments in the Python file (not this file)[0m[0m
10. Voice V3 (LOW): Slight repetition in Problem section - minor, can tighten[0m[0m
[0m[0m
[1mWhat I can fix directly:[22m[0m[0m
- V2: Remove "TODO: Verify and add link to" prefixes, format as proper citations[0m[0m
- V3: Tighten the transition in paragraphs 3-4 of The Problem[0m[0m
- Grammar/mechanics pass[0m[0m
- Em dash check (the en dash in cost estimate is fine)[0m[0m
[0m[0m
[1mWhat needs TODO markers (HIGH/MEDIUM findings requiring new content):[22m[0m[0m
- S1, A1, S2, S3, A2, A3, A4[0m[0m
I'll create the following file: [38;5;141mchapter15.06-glucose-control-icu.md[0m[38;5;244m (using tool: write)[0m
Purpose: Final edited version of recipe 15.6 incorporating review feedback

[49m[39m    1,   1[0m:[39m[49m # Recipe 15.6: Glucose Control in ICU
[0m[49m[39m    2,   2[0m:[39m[49m 
[0m[49m[39m    3,   3[0m:[39m[49m **Complexity:** Medium-Complex · **Phase:** Research/Pilot · **Estimated Cost:** ~$2,000–5,000/month (training infrastructure)
[0m[49m[39m    4,   4[0m:[39m[49m 
[0m[49m[39m    5,   5[0m:[39m[49m ---
[0m[49m[39m    6,   6[0m:[39m[49m 
[0m[49m[39m    7,   7[0m:[39m[49m ## The Problem
[0m[49m[39m    8,   8[0m:[39m[49m 
[0m[49m[39m    9,   9[0m:[39m[49m Here's a scenario that plays out thousands of times a day in ICUs around the world. A critically ill patient's blood glucose is 220 mg/dL. The nurse checks the sliding scale protocol taped to the wall, administers 4 units of insulin, and moves on to the next patient. Four hours later, the glucose is 65 mg/dL. Hypoglycemia. Now there's a code situation, dextrose is being pushed, and the patient who was already fighting sepsis has a new physiological insult to recover from.
[0m[49m[39m   10,  10[0m:[39m[49m 
[0m[49m[39m   11,  11[0m:[39m[49m The fundamental tension in ICU glucose management is brutal: hyperglycemia (too high) causes organ damage, impairs immune function, and worsens outcomes. Hypoglycemia (too low) causes seizures, brain damage, and death. The target window is narrow (typically 140-180 mg/dL, though protocols vary), and every patient responds differently to insulin based on their illness severity, medications, nutritional intake, renal function, and a dozen other factors that change hour to hour.
[0m[49m[39m   12,  12[0m:[39m[49m 
[0m[49m[39m   13,  13[0m:[39m[49m Standard sliding scale protocols treat every patient the same. They say "if glucose is between 200-250, give 4 units." They don't account for the fact that this particular patient has been trending downward for the last three readings, or that their nutrition was just increased, or that their vasopressor dose changed (which affects insulin sensitivity). The protocol is a lookup table. The problem demands a controller.
[0m[49m[39m   14,  14[0m:[39m[49m 
[0m[49m[38;5;9m-  15     [0m:[38;5;9m[49m Tight glycemic control trials (like NICE-SUGAR) showed that aggressive glucose targets actually increased mortality, largely because the protocols caused too much hypoglycemia. The problem wasn't the goal of better glucose control. The problem was that static protocols can't adapt to individual patient dynamics in real time.
[0m[49m[38;5;9m-  16     [0m:[38;5;9m[49m 
[0m[49m[38;5;9m-  17     [0m:[38;5;9m[49m This is a sequential decision problem. Every 1-4 hours, someone decides how much insulin to give. That decision depends on the current state (glucose level, trend, nutrition, medications) and affects future states. The consequences of each decision unfold over hours. And the penalty for getting it wrong is severe in one direction (hypoglycemia) and gradual in the other (sustained hyperglycemia). This is exactly the kind of problem reinforcement learning was designed for.
[0m[49m[38;5;10m+       15[0m:[38;5;10m[49m The NICE-SUGAR trial demonstrated this gap definitively: tight glycemic control protocols actually increased mortality, largely because static protocols caused too much hypoglycemia. The problem wasn't the goal of better glucose control. The problem was that fixed rules can't adapt to individual patient dynamics in real time. Every 1-4 hours, someone decides how much insulin to give. That decision depends on the current state (glucose level, trend, nutrition, medications) and affects future states. The consequences of each decision unfold over hours. And the penalty for getting it wrong is severe in one direction (hypoglycemia) and gradual in the other (sustained hyperglycemia). This is exactly the kind of sequential decision problem that reinforcement learning was designed for.
[0m[49m[39m   18,  16[0m:[39m[49m 
[0m[49m[39m   19,  17[0m:[39m[49m ---
[0m[49m[39m   20,  18[0m:[39m[49m 
[0m[49m[39m   21,  19[0m:[39m[49m ## The Technology: Reinforcement Learning for Sequential Medical Decisions
[0m[49m[39m   22,  20[0m:[39m[49m 
[0m[49m[39m   23,  21[0m:[39m[49m ### What Reinforcement Learning Actually Is
[0m[49m[39m   24,  22[0m:[39m[49m 
[0m[49m[39m   25,  23[0m:[39m[49m Reinforcement learning (RL) is a framework for learning optimal sequential decision-making from experience. Unlike supervised learning (where you have labeled examples of correct answers), RL learns by trial and error: take an action, observe the outcome, adjust the strategy.
[0m[49m[39m   26,  24[0m:[39m[49m 
[0m[49m[39m   27,  25[0m:[39m[49m The core components:
[0m[49m[39m   28,  26[0m:[39m[49m 
[0m[49m[39m   29,  27[0m:[39m[49m **State.** A representation of the current situation. In glucose control, this includes the current glucose reading, recent glucose trend, insulin on board, nutrition rate, patient acuity, and relevant medications.
[0m[49m[39m   30,  28[0m:[39m[49m 
[0m[49m[39m   31,  29[0m:[39m[49m **Action.** What the agent can do. Here, it's the insulin dose to administer (and potentially the timing of the next measurement).
[0m[49m[39m   32,  30[0m:[39m[49m 
[0m[49m[39m   33,  31[0m:[39m[49m **Reward.** A numerical signal indicating how good the outcome was. In glucose control, you want to reward time in the target range and heavily penalize hypoglycemia.
[0m[49m[39m   34,  32[0m:[39m[49m 
[0m[49m[39m   35,  33[0m:[39m[49m **Policy.** The learned mapping from states to actions. This is what you're trying to optimize: given this patient state, what insulin dose maximizes long-term outcomes?
[0m[49m[39m   36,  34[0m:[39m[49m 
[0m[49m[39m   37,  35[0m:[39m[49m **Value function.** The expected cumulative future reward from a given state. This is what makes RL different from greedy optimization: it considers not just the immediate effect of a dose, but the downstream consequences over the next 24-48 hours.
[0m[49m[39m   38,  36[0m:[39m[49m 
[0m[49m[39m   39,  37[0m:[39m[49m ### Why This Is Hard in Healthcare
[0m[49m[39m   40,  38[0m:[39m[49m 
[0m[49m[39m   41,  39[0m:[39m[49m RL was originally developed for games and robotics, where you can run millions of simulated episodes. Healthcare has fundamental constraints that make direct application dangerous:
[0m[49m[39m   42,  40[0m:[39m[49m 
[0m[49m[39m   43,  41[0m:[39m[49m **You can't explore freely.** In a video game, the agent can try random actions to discover what works. In an ICU, "let's try a random insulin dose and see what happens" is malpractice. Every action affects a real patient. This means you need to learn from historical data (offline RL) rather than live experimentation (online RL).
[0m[49m[39m   44,  42[0m:[39m[49m 
[0m[49m[39m   45,  43[0m:[39m[49m **Offline RL has distribution shift.** When you learn a policy from historical data, you're learning from the actions that clinicians actually took. If your learned policy recommends an action that clinicians rarely took, you have no data to evaluate whether that action is actually good. You're extrapolating beyond your training distribution. This is called distributional shift, and it's the central challenge of offline RL.
[0m[49m[39m   46,  44[0m:[39m[49m 
[0m[49m[39m   47,  45[0m:[39m[49m **Rewards are delayed and sparse.** The consequence of an insulin dose at 2 PM might not be fully apparent until 6 PM. The "reward" (patient outcome) unfolds over hours or days, not immediately after each action.
[0m[49m[39m   48,  46[0m:[39m[49m 
[0m[49m[39m   49,  47[0m:[39m[49m **Patient dynamics are nonstationary.** A patient's insulin sensitivity changes as their illness evolves. What worked on day 1 of their ICU stay may be wrong on day 3. The environment is not stationary, which violates a core assumption of many RL algorithms.
[0m[49m[39m   50,  48[0m:[39m[49m 
[0m[49m[39m   51,  49[0m:[39m[49m **Safety constraints are hard constraints, not soft preferences.** In most RL formulations, you optimize expected reward. In healthcare, you need constraint satisfaction: the policy must never (or almost never) cause hypoglycemia, regardless of what the expected reward says. This requires constrained RL or conservative policy approaches.
[0m[49m[39m   52,  50[0m:[39m[49m 
[0m[49m[39m   53,  51[0m:[39m[49m ### The State of the Field
[0m[49m[39m   54,  52[0m:[39m[49m 
[0m[49m[39m   55,  53[0m:[39m[49m Glucose control with RL has been studied extensively in the research literature since the mid-2010s. Key developments:
[0m[49m[39m   56,  54[0m:[39m[49m 
[0m[49m[39m   57,  55[0m:[39m[49m **Batch/offline RL approaches** (like Fitted Q-Iteration, Conservative Q-Learning, and Batch Constrained Q-Learning) learn policies from retrospective ICU data without requiring live experimentation. These are the most clinically feasible approaches.
[0m[49m[39m   58,  56[0m:[39m[49m 
[0m[49m[39m   59,  57[0m:[39m[49m **Physiological simulators** (like the FDA-accepted UVA/Padova Type 1 Diabetes Simulator for outpatient settings, and various ICU glucose-insulin models) allow policy evaluation in silico before any clinical deployment. These simulators are imperfect but provide a safety layer.
[0m[49m[39m   60,  58[0m:[39m[49m 
[0m[49m[39m   61,  59[0m:[39m[49m **Constrained RL formulations** explicitly encode safety constraints (e.g., "probability of glucose < 70 mg/dL must be below 2%") into the optimization objective. This is more principled than just adding a penalty term to the reward.
[0m[49m[39m   62,  60[0m:[39m[49m 
[0m[49m[39m   63,  61[0m:[39m[49m **Off-policy evaluation (OPE)** methods estimate how a new policy would have performed on historical patients without actually deploying it. Importance sampling, doubly robust estimators, and fitted Q-evaluation are the main tools. OPE is imperfect but essential for safety validation.
[0m[49m[39m   64,  62[0m:[39m[49m 
[0m[49m[39m   65,  63[0m:[39m[49m The honest status: no RL-based glucose controller is in routine clinical use as of 2026. Several have been validated retrospectively and in simulation. A few have undergone small pilot studies. The gap between "works in retrospective analysis" and "deployed in an ICU" remains large, primarily due to safety validation requirements and regulatory uncertainty.
[0m[49m[39m   66,  64[0m:[39m[49m 
[0m[49m[39m   67,  65[0m:[39m[49m ### The General Architecture Pattern
[0m[49m[39m   68,  66[0m:[39m[49m 
[0m[49m[39m   69,  67[0m:[39m[49m At a conceptual level, an RL-based glucose control system has these components:
[0m[49m[39m   70,  68[0m:[39m[49m 
[0m[49m[39m   71,  69[0m:[39m[49m ```
[0m[49m[39m   72,  70[0m:[39m[49m [Historical Data] → [State Construction] → [Offline Policy Learning] → [Policy Evaluation]
[0m[49m[39m   73,  71[0m:[39m[49m                                                                               ↓
[0m[49m[39m   74,  72[0m:[39m[49m [Simulator Validation] → [Constrained Policy Refinement] → [Clinical Decision Support]
[0m[49m[39m   75,  73[0m:[39m[49m                                                                               ↓
[0m[49m[39m   76,  74[0m:[39m[49m                                                               [Clinician Override + Logging]
[0m[49m[39m   77,  75[0m:[39m[49m ```
[0m[49m[39m   78,  76[0m:[39m[49m 
[0m[49m[39m   79,  77[0m:[39m[49m **Historical data pipeline.** Extract glucose measurements, insulin administrations, nutrition data, medication records, and patient acuity scores from the EHR. Align these temporally into episodes (one ICU stay = one episode, discretized into decision intervals).
[0m[49m[39m   80,  78[0m:[39m[49m 
[0m[49m[39m   81,  79[0m:[39m[49m **State construction.** Transform raw clinical data into a state representation suitable for RL. This includes current glucose, glucose velocity (trend), insulin on board (accounting for pharmacokinetics), nutrition rate, vasopressor dose, and patient features that affect insulin sensitivity.
[0m[49m[39m   82,  80[0m:[39m[49m 
[0m[49m[39m   83,  81[0m:[39m[49m **Offline policy learning.** Train an RL agent on the historical episodes using an offline RL algorithm that handles distributional shift. The agent learns a policy that maps patient states to recommended insulin doses.
[0m[49m[39m   84,  82[0m:[39m[49m 
[0m[49m[39m   85,  83[0m:[39m[49m **Policy evaluation.** Use off-policy evaluation methods to estimate how the learned policy would have performed compared to the historical clinician policy. Compare time-in-range, hypoglycemia rates, and glucose variability.
[0m[49m[39m   86,  84[0m:[39m[49m 
[0m[49m[39m   87,  85[0m:[39m[49m **Simulator validation.** Run the learned policy through a physiological glucose-insulin simulator to stress-test it under conditions not well-represented in the historical data (e.g., rapid nutrition changes, extreme insulin resistance).
[0m[49m[39m   88,  86[0m:[39m[49m 
[0m[49m[39m   89,  87[0m:[39m[49m **Constrained policy refinement.** Apply safety constraints to the policy: cap maximum doses, enforce minimum glucose thresholds, require conservative actions when uncertainty is high.
[0m[49m[39m   90,  88[0m:[39m[49m 
[0m[49m[39m   91,  89[0m:[39m[49m **Clinical decision support deployment.** Deploy the policy as a recommendation system (not autonomous control). The system suggests a dose; the clinician accepts, modifies, or overrides. Log everything for ongoing evaluation.
[0m[49m[39m   92,  90[0m:[39m[49m 
[0m[49m[39m   93,  91[0m:[39m[49m ---
[0m[49m[39m   94,  92[0m:[39m[49m 
[0m[49m[39m   95,  93[0m:[39m[49m ## The AWS Implementation
[0m[49m[39m   96,  94[0m:[39m[49m 
[0m[49m[39m   97,  95[0m:[39m[49m ### Why These Services
[0m[49m[39m   98,  96[0m:[39m[49m 
[0m[49m[39m   99,  97[0m:[39m[49m **Amazon SageMaker for model training and hosting.** RL model training requires GPU instances for batch processing of historical episodes, hyperparameter tuning across reward formulations, and model versioning. SageMaker provides managed training jobs with spot instance support (RL training is fault-tolerant and restartable), model registry for versioning policies, and real-time endpoints for inference. The SageMaker RL toolkit supports custom environments, which you'll need for the glucose simulator integration.
[0m[49m[39m  100,  98[0m:[39m[49m 
[0m[49m[39m  101,  99[0m:[39m[49m **Amazon S3 for episode storage.** Historical patient episodes (state-action-reward sequences) are large, immutable datasets that get reprocessed as you iterate on state representations and reward functions. S3 is the natural landing zone: durable, versioned, and directly accessible from SageMaker training jobs.
[0m[49m[39m  102, 100[0m:[39m[49m 
[0m[49m[39m  103, 101[0m:[39m[49m **AWS Lambda for real-time inference orchestration.** When a nurse enters a new glucose reading, the system needs to construct the current state, call the policy endpoint, apply safety constraints, and return a recommendation within seconds. Lambda handles this stateless orchestration cleanly.
[0m[49m[39m  104, 102[0m:[39m[49m 
[0m[49m[39m  105, 103[0m:[39m[49m **Amazon DynamoDB for patient state tracking.** The RL agent needs the patient's recent history (last N glucose readings, current insulin infusion rate, nutrition status) to construct the state vector. DynamoDB provides low-latency key-value access for per-patient state that updates with each new measurement.
[0m[49m[39m  106, 104[0m:[39m[49m 
[0m[49m[39m  107, 105[0m:[39m[49m **Amazon CloudWatch for monitoring and alerting.** Track recommendation acceptance rates, override patterns, glucose outcomes for patients where recommendations were followed vs. overridden, and model drift indicators. Alert on anomalous recommendation patterns (e.g., consistently recommending maximum doses).
[0m[49m[39m  108, 106[0m:[39m[49m 
[0m[49m[39m  109, 107[0m:[39m[49m **AWS Step Functions for the training pipeline.** The offline training pipeline (data extraction, episode construction, training, evaluation, model registration) is a multi-step workflow that runs periodically as new data accumulates. Step Functions orchestrates this cleanly with error handling and retry logic.
[0m[49m[39m  110, 108[0m:[39m[49m 
[0m[49m[39m  111, 109[0m:[39m[49m ### Architecture Diagram
[0m[49m[39m  112, 110[0m:[39m[49m 
[0m[49m[39m  113, 111[0m:[39m[49m ```mermaid
[0m[49m[39m  114, 112[0m:[39m[49m flowchart TB
[0m[49m[39m  115, 113[0m:[39m[49m     subgraph Data Pipeline
[0m[49m[39m  116, 114[0m:[39m[49m         A[EHR Data Lake\nS3] -->|Extract Episodes| B[Step Functions\nEpisode Builder]
[0m[49m[39m  117, 115[0m:[39m[49m         B --> C[S3\nTraining Episodes]
[0m[49m[39m  118, 116[0m:[39m[49m     end
[0m[49m[39m  119, 117[0m:[39m[49m 
[0m[49m[39m  120, 118[0m:[39m[49m     subgraph Training
[0m[49m[39m  121, 119[0m:[39m[49m         C --> D[SageMaker Training\nOffline RL]
[0m[49m[39m  122, 120[0m:[39m[49m         D --> E[SageMaker Model Registry\nPolicy Versions]
[0m[49m[39m  123, 121[0m:[39m[49m         D --> F[SageMaker Endpoint\nPolicy Inference]
[0m[49m[39m  124, 122[0m:[39m[49m     end
[0m[49m[39m  125, 123[0m:[39m[49m 
[0m[49m[39m  126, 124[0m:[39m[49m     subgraph Real-Time Inference
[0m[49m[39m  127, 125[0m:[39m[49m         G[New Glucose Reading] --> H[Lambda\nState Constructor]
[0m[49m[39m  128, 126[0m:[39m[49m         H -->|Fetch History| I[DynamoDB\nPatient State]
[0m[49m[39m  129, 127[0m:[39m[49m         H -->|Get Recommendation| F
[0m[49m[39m  130, 128[0m:[39m[49m         F --> J[Lambda\nSafety Constraints]
[0m[49m[39m  131, 129[0m:[39m[49m         J --> K[Recommendation\nto Clinician]
[0m[49m[39m  132, 130[0m:[39m[49m     end
[0m[49m[39m  133, 131[0m:[39m[49m 
[0m[49m[39m  134, 132[0m:[39m[49m     subgraph Monitoring
[0m[49m[39m  135, 133[0m:[39m[49m         K --> L[CloudWatch\nOutcome Tracking]
[0m[49m[39m  136, 134[0m:[39m[49m         L --> M[Alarm\nDrift Detection]
[0m[49m[39m  137, 135[0m:[39m[49m     end
[0m[49m[39m  138, 136[0m:[39m[49m 
[0m[49m[39m  139, 137[0m:[39m[49m     style C fill:#f9f,stroke:#333
[0m[49m[39m  140, 138[0m:[39m[49m     style F fill:#ff9,stroke:#333
[0m[49m[39m  141, 139[0m:[39m[49m     style I fill:#9ff,stroke:#333
[0m[49m[39m  142, 140[0m:[39m[49m ```
[0m[49m[39m  143, 141[0m:[39m[49m 
[0m[49m[38;5;10m+      142[0m:[38;5;10m[49m <!-- TODO (TechWriter): Expert review A1 (HIGH). Add error handling and circuit breaker pattern to the inference path. Specify behavior when SageMaker endpoint is unavailable or DynamoDB read fails (return explicit "no recommendation available, use standard protocol" rather than failing silently). Add CloudWatch alarms on Lambda error rates and endpoint 5xx responses. -->
[0m[49m[38;5;10m+      143[0m:[38;5;10m[49m 
[0m[49m[38;5;10m+      144[0m:[38;5;10m[49m <!-- TODO (TechWriter): Expert review A2 (MEDIUM). Add model rollback and canary deployment strategy. Describe SageMaker production variants for canary deployment, override rate monitoring, and automatic rollback triggers when new model underperforms. -->
[0m[49m[38;5;10m+      145[0m:[38;5;10m[49m 
[0m[49m[39m  144, 146[0m:[39m[49m ### Prerequisites
[0m[49m[39m  145, 147[0m:[39m[49m 
[0m[49m[39m  146, 148[0m:[39m[49m | Requirement | Details |
[0m[49m[39m  147, 149[0m:[39m[49m |-------------|---------|
[0m[49m[39m  148, 150[0m:[39m[49m | **AWS Services** | Amazon SageMaker, Amazon S3, AWS Lambda, Amazon DynamoDB, AWS Step Functions, Amazon CloudWatch |
[0m[49m[39m  149, 151[0m:[39m[49m | **IAM Permissions** | `sagemaker:CreateTrainingJob`, `sagemaker:InvokeEndpoint`, `s3:GetObject`, `s3:PutObject`, `dynamodb:GetItem`, `dynamodb:PutItem`, `states:StartExecution` |
[0m[49m[39m  150, 152[0m:[39m[49m | **BAA** | AWS BAA signed (required: glucose readings and insulin doses are PHI) |
[0m[49m[39m  151, 153[0m:[39m[49m | **Encryption** | S3: SSE-KMS; DynamoDB: encryption at rest; SageMaker: KMS for training volumes and endpoints; all API calls over TLS |
[0m[49m[38;5;9m- 152     [0m:[38;5;9m[49m | **VPC** | Production: Lambda and SageMaker in VPC with VPC endpoints for S3, DynamoDB, SageMaker Runtime, and CloudWatch Logs |
[0m[49m[38;5;10m+      154[0m:[38;5;10m[49m | **VPC** | Production: Lambda and SageMaker in VPC with VPC endpoints for S3, DynamoDB, SageMaker Runtime, CloudWatch Logs, Step Functions, and KMS |
[0m[49m[39m  153, 155[0m:[39m[49m | **CloudTrail** | Enabled: log all SageMaker and DynamoDB API calls for audit trail |
[0m[49m[39m  154, 156[0m:[39m[49m | **Historical Data** | Minimum 5,000-10,000 ICU stays with hourly glucose measurements, insulin administration records, nutrition data, and outcome labels. De-identified for development; BAA-covered for production. |
[0m[49m[39m  155, 157[0m:[39m[49m | **Cost Estimate** | Training: ~$50-200 per training run (ml.g4dn.xlarge spot instances, 4-8 hours). Inference endpoint: ~$100/month (ml.m5.large). DynamoDB and Lambda: negligible at clinical volumes. |
[0m[49m[39m  156, 158[0m:[39m[49m 
[0m[49m[38;5;10m+      159[0m:[38;5;10m[49m <!-- TODO (TechWriter): Expert review S1 (HIGH). Replace the flat IAM permission list with role-separated guidance. Separate into at least 4 roles: (1) State Constructor Lambda with scoped DynamoDB and SageMaker InvokeEndpoint access, (2) Safety Constraint Lambda with read-only patient state and write to recommendation store, (3) Training Pipeline role with S3 and SageMaker training permissions, (4) Monitoring role with CloudWatch access. Add resource ARN constraints to all permissions. -->
[0m[49m[38;5;10m+      160[0m:[38;5;10m[49m 
[0m[49m[38;5;10m+      161[0m:[38;5;10m[49m <!-- TODO (TechWriter): Expert review A3 (MEDIUM). Add latency budget note: target end-to-end < 3 seconds. State construction ~50-200ms, SageMaker inference ~50-200ms, safety constraints ~10ms. Recommend provisioned concurrency on Lambda and minimum instance count of 1 on SageMaker endpoint. -->
[0m[49m[38;5;10m+      162[0m:[38;5;10m[49m 
[0m[49m[38;5;10m+      163[0m:[38;5;10m[49m <!-- TODO (TechWriter): Expert review A4 (MEDIUM). Add capacity planning note for concurrent patient handling. Typical ICU (20-50 patients, checks every 1-4 hours) produces low peak concurrency (< 10/minute). Single ml.m5.large sufficient for one ICU; configure auto-scaling for hospital-wide deployment. -->
[0m[49m[38;5;10m+      164[0m:[38;5;10m[49m 
[0m[49m[39m  157, 165[0m:[39m[49m ### Ingredients
[0m[49m[39m  158, 166[0m:[39m[49m 
[0m[49m[39m  159, 167[0m:[39m[49m | AWS Service | Role |
[0m[49m[39m  160, 168[0m:[39m[49m |------------|------|
[0m[49m[39m  161, 169[0m:[39m[49m | **Amazon SageMaker** | Trains offline RL policy, hosts inference endpoint, manages model versions |
[0m[49m[39m  162, 170[0m:[39m[49m | **Amazon S3** | Stores training episodes, model artifacts, evaluation results |
[0m[49m[39m  163, 171[0m:[39m[49m | **AWS Lambda** | Constructs patient state, orchestrates inference, applies safety constraints |
[0m[49m[39m  164, 172[0m:[39m[49m | **Amazon DynamoDB** | Tracks per-patient state history for real-time state construction |
[0m[49m[39m  165, 173[0m:[39m[49m | **AWS Step Functions** | Orchestrates periodic retraining pipeline |
[0m[49m[39m  166, 174[0m:[39m[49m | **Amazon CloudWatch** | Monitors recommendation patterns, outcome tracking, drift detection |
[0m[49m[39m  167, 175[0m:[39m[49m | **AWS KMS** | Manages encryption keys for all PHI-containing services |
[0m[49m[39m  168, 176[0m:[39m[49m 
[0m[49m[39m  169, 177[0m:[39m[49m ### Code
[0m[49m[39m  170, 178[0m:[39m[49m 
[0m[49m[39m  171, 179[0m:[39m[49m #### Walkthrough
[0m[49m[39m  172, 180[0m:[39m[49m 
[0m[49m[38;5;9m- 173     [0m:[38;5;9m[49m **Step 1: Episode construction from EHR data.** The first challenge is transforming raw EHR data into RL episodes. An episode is one ICU stay, discretized into decision intervals (typically 1-4 hours). At each timestep, you need the state (what the clinician observed), the action (what they did), and the reward (how things turned out). This step is where most of the engineering effort lives. EHR data is messy: glucose measurements arrive at irregular intervals, insulin orders don't always align with administration times, and nutrition changes happen asynchronously. You need to bin everything into consistent time windows and handle missing data gracefully. Skip this step or do it poorly, and your RL agent learns from garbage.
[0m[49m[38;5;10m+      181[0m:[38;5;10m[49m **Step 1: Episode construction from EHR data.** The first challenge is transforming raw EHR data into RL episodes. An episode is one ICU stay, discretized into decision intervals (typically 1-4 hours). At each timestep, you need the state (what the clinician observed), the action (what they did), and the reward (how things turned out). This step is where most of the engineering effort lives. EHR data is messy: glucose measurements come from different sources (point-of-care meters, arterial blood gas analyzers, continuous glucose monitors) with different accuracies and different timestamps. Insulin orders don't always align with administration times, and nutrition changes happen asynchronously. You need to bin everything into consistent time windows and handle missing data gracefully. Skip this step or do it poorly, and your RL agent learns from garbage.
[0m[49m[39m  174, 182[0m:[39m[49m 
[0m[49m[39m  175, 183[0m:[39m[49m ```
[0m[49m[39m  176, 184[0m:[39m[49m FUNCTION build_episode(patient_icu_stay):
[0m[49m[39m  177, 185[0m:[39m[49m     // Discretize the ICU stay into fixed-length decision intervals.
[0m[49m[39m  178, 186[0m:[39m[49m     // 4 hours is common: it matches typical glucose check frequency.
[0m[49m[39m  179, 187[0m:[39m[49m     timestep_hours = 4
[0m[49m[39m  180, 188[0m:[39m[49m     episode = empty list
[0m[49m[39m  181, 189[0m:[39m[49m 
[0m[49m[39m  182, 190[0m:[39m[49m     FOR each interval in partition_stay(patient_icu_stay, timestep_hours):
[0m[49m[39m  183, 191[0m:[39m[49m 
[0m[49m[39m  184, 192[0m:[39m[49m         // Construct the state vector: everything the clinician could observe
[0m[49m[39m  185, 193[0m:[39m[49m         // at the start of this interval.
[0m[49m[39m  186, 194[0m:[39m[49m         state = {
[0m[49m[39m  187, 195[0m:[39m[49m             glucose_current:     most recent glucose in this interval (mg/dL),
[0m[49m[39m  188, 196[0m:[39m[49m             glucose_prev_1:      glucose from previous interval,
[0m[49m[39m  189, 197[0m:[39m[49m             glucose_prev_2:      glucose from 2 intervals ago,
[0m[49m[39m  190, 198[0m:[39m[49m             glucose_velocity:    (glucose_current - glucose_prev_1) / timestep_hours,
[0m[49m[39m  191, 199[0m:[39m[49m             insulin_on_board:    total insulin given in last 4 hours (units),
[0m[49m[39m  192, 200[0m:[39m[49m             insulin_infusion:    current insulin drip rate (units/hour) or 0 if subcutaneous,
[0m[49m[39m  193, 201[0m:[39m[49m             nutrition_rate:      current enteral/parenteral nutrition (kcal/hour),
[0m[49m[39m  194, 202[0m:[39m[49m             vasopressor_dose:    norepinephrine equivalent dose (mcg/kg/min),
[0m[49m[39m  195, 203[0m:[39m[49m             steroid_flag:        1 if on corticosteroids (these spike glucose), 0 otherwise,
[0m[49m[39m  196, 204[0m:[39m[49m             creatinine:          most recent value (renal function affects insulin clearance),
[0m[49m[39m  197, 205[0m:[39m[49m             bmi:                 patient BMI (affects insulin sensitivity),
[0m[49m[39m  198, 206[0m:[39m[49m             apache_score:        illness severity score at admission
[0m[49m[39m  199, 207[0m:[39m[49m         }
[0m[49m[39m  200, 208[0m:[39m[49m 
[0m[49m[39m  201, 209[0m:[39m[49m         // The action: what insulin dose was actually given during this interval.
[0m[49m[39m  202, 210[0m:[39m[49m         // Discretize into bins for tabular RL, or keep continuous for actor-critic methods.
[0m[49m[39m  203, 211[0m:[39m[49m         action = total_insulin_given_in_interval(interval)  // units
[0m[49m[39m  204, 212[0m:[39m[49m 
[0m[49m[39m  205, 213[0m:[39m[49m         // The reward: how good was the glucose outcome?
[0m[49m[39m  206, 214[0m:[39m[49m         // Heavily penalize hypoglycemia. Mildly penalize hyperglycemia.
[0m[49m[39m  207, 215[0m:[39m[49m         // Reward time in target range.
[0m[49m[39m  208, 216[0m:[39m[49m         next_glucose = first glucose measurement in next interval
[0m[49m[39m  209, 217[0m:[39m[49m         reward = compute_reward(next_glucose)
[0m[49m[39m  210, 218[0m:[39m[49m 
[0m[49m[39m  211, 219[0m:[39m[49m         append to episode: (state, action, reward)
[0m[49m[39m  212, 220[0m:[39m[49m 
[0m[49m[39m  213, 221[0m:[39m[49m     RETURN episode
[0m[49m[39m  214, 222[0m:[39m[49m ```
[0m[49m[39m  215, 223[0m:[39m[49m 
[0m[49m[39m  216, 224[0m:[39m[49m **Step 2: Reward function design.** This is the most consequential design decision in the entire system. The reward function encodes what "good glucose control" means numerically. Get it wrong and your agent optimizes for the wrong thing. The key insight: hypoglycemia and hyperglycemia are not symmetric risks. A glucose of 60 mg/dL is immediately life-threatening. A glucose of 200 mg/dL is harmful over hours but not acutely dangerous. Your reward function must reflect this asymmetry. Most published work uses a piecewise function with a steep penalty below 70 mg/dL, a mild penalty above 180 mg/dL, and a positive reward in the 80-180 mg/dL range. The exact shape matters enormously and should be calibrated with clinical input.
[0m[49m[39m  217, 225[0m:[39m[49m 
[0m[49m[39m  218, 226[0m:[39m[49m ```
[0m[49m[39m  219, 227[0m:[39m[49m FUNCTION compute_reward(glucose_mg_dl):
[0m[49m[39m  220, 228[0m:[39m[49m     // Asymmetric reward function reflecting clinical risk.
[0m[49m[39m  221, 229[0m:[39m[49m     // Hypoglycemia is immediately dangerous; hyperglycemia is gradually harmful.
[0m[49m[39m  222, 230[0m:[39m[49m 
[0m[49m[39m  223, 231[0m:[39m[49m     IF glucose_mg_dl < 40:
[0m[49m[39m  224, 232[0m:[39m[49m         // Severe hypoglycemia. Seizures, brain damage, death.
[0m[49m[39m  225, 233[0m:[39m[49m         // Maximum penalty. This should almost never happen.
[0m[49m[39m  226, 234[0m:[39m[49m         RETURN -100
[0m[49m[39m  227, 235[0m:[39m[49m 
[0m[49m[39m  228, 236[0m:[39m[49m     ELSE IF glucose_mg_dl < 70:
[0m[49m[39m  229, 237[0m:[39m[49m         // Hypoglycemia. Dangerous. Requires immediate intervention.
[0m[49m[39m  230, 238[0m:[39m[49m         // Steep penalty proportional to severity.
[0m[49m[39m  231, 239[0m:[39m[49m         RETURN -50 * (70 - glucose_mg_dl) / 30
[0m[49m[39m  232, 240[0m:[39m[49m 
[0m[49m[39m  233, 241[0m:[39m[49m     ELSE IF glucose_mg_dl < 80:
[0m[49m[39m  234, 242[0m:[39m[49m         // Below target but not hypoglycemic. Mild concern.
[0m[49m[39m  235, 243[0m:[39m[49m         RETURN -5
[0m[49m[39m  236, 244[0m:[39m[49m 
[0m[49m[39m  237, 245[0m:[39m[49m     ELSE IF glucose_mg_dl >= 80 AND glucose_mg_dl <= 180:
[0m[49m[39m  238, 246[0m:[39m[49m         // Target range. Reward proportional to how centered the value is.
[0m[49m[39m  239, 247[0m:[39m[49m         // Peak reward at 120-140 mg/dL (the "sweet spot").
[0m[49m[39m  240, 248[0m:[39m[49m         center = 130
[0m[49m[39m  241, 249[0m:[39m[49m         distance_from_center = abs(glucose_mg_dl - center)
[0m[49m[39m  242, 250[0m:[39m[49m         RETURN 10 - (distance_from_center / 50) * 5
[0m[49m[39m  243, 251[0m:[39m[49m 
[0m[49m[39m  244, 252[0m:[39m[49m     ELSE IF glucose_mg_dl <= 250:
[0m[49m[39m  245, 253[0m:[39m[49m         // Mild hyperglycemia. Harmful over time but not acutely dangerous.
[0m[49m[39m  246, 254[0m:[39m[49m         RETURN -2 * (glucose_mg_dl - 180) / 70
[0m[49m[39m  247, 255[0m:[39m[49m 
[0m[49m[39m  248, 256[0m:[39m[49m     ELSE:
[0m[49m[39m  249, 257[0m:[39m[49m         // Severe hyperglycemia. Osmotic complications, DKA risk.
[0m[49m[39m  250, 258[0m:[39m[49m         RETURN -10 - (glucose_mg_dl - 250) / 50
[0m[49m[39m  251, 259[0m:[39m[49m ```
[0m[49m[39m  252, 260[0m:[39m[49m 
[0m[49m[39m  253, 261[0m:[39m[49m **Step 3: Offline RL training with safety constraints.** Standard RL algorithms (DQN, PPO) assume online interaction with the environment. We can't do that. We need offline RL: learning a policy purely from historical data without additional environment interaction. The key challenge is distributional shift. If the historical clinicians never gave 20 units of insulin to a patient with glucose of 150, your agent has no data to evaluate that action. Naive offline RL might still recommend it if the Q-function extrapolates incorrectly. Conservative Q-Learning (CQL) addresses this by adding a penalty for actions that are far from the historical data distribution. Batch Constrained Q-Learning (BCQ) restricts the policy to only recommend actions that were actually observed in similar states. Either approach prevents the dangerous extrapolation problem.
[0m[49m[39m  254, 262[0m:[39m[49m 
[0m[49m[39m  255, 263[0m:[39m[49m ```
[0m[49m[39m  256, 264[0m:[39m[49m FUNCTION train_offline_rl_policy(episodes, safety_constraints):
[0m[49m[39m  257, 265[0m:[39m[49m     // Use Conservative Q-Learning (CQL) to learn a policy
[0m[49m[39m  258, 266[0m:[39m[49m     // that stays close to the historical data distribution.
[0m[49m[39m  259, 267[0m:[39m[49m 
[0m[49m[39m  260, 268[0m:[39m[49m     // Initialize Q-network (maps state-action pairs to expected cumulative reward)
[0m[49m[39m  261, 269[0m:[39m[49m     Q_network = initialize_neural_network(
[0m[49m[39m  262, 270[0m:[39m[49m         input_size  = state_dimension + action_dimension,
[0m[49m[39m  263, 271[0m:[39m[49m         hidden_layers = [256, 256, 128],
[0m[49m[39m  264, 272[0m:[39m[49m         output_size = 1
[0m[49m[39m  265, 273[0m:[39m[49m     )
[0m[49m[39m  266, 274[0m:[39m[49m 
[0m[49m[39m  267, 275[0m:[39m[49m     // Initialize policy network (maps states to action distributions)
[0m[49m[39m  268, 276[0m:[39m[49m     policy_network = initialize_neural_network(
[0m[49m[39m  269, 277[0m:[39m[49m         input_size  = state_dimension,
[0m[49m[39m  270, 278[0m:[39m[49m         hidden_layers = [256, 256],
[0m[49m[39m  271, 279[0m:[39m[49m         output_size = action_dimension  // continuous: mean and std of dose
[0m[49m[39m  272, 280[0m:[39m[49m     )
[0m[49m[39m  273, 281[0m:[39m[49m 
[0m[49m[39m  274, 282[0m:[39m[49m     FOR each training_iteration in range(num_iterations):
[0m[49m[39m  275, 283[0m:[39m[49m 
[0m[49m[39m  276, 284[0m:[39m[49m         // Sample a batch of transitions from the historical episodes
[0m[49m[39m  277, 285[0m:[39m[49m         batch = sample_random_transitions(episodes, batch_size=256)
[0m[49m[39m  278, 286[0m:[39m[49m 
[0m[49m[39m  279, 287[0m:[39m[49m         // Standard Bellman backup: estimate Q-values for observed transitions
[0m[49m[39m  280, 288[0m:[39m[49m         bellman_loss = compute_bellman_error(Q_network, batch, discount=0.99)
[0m[49m[39m  281, 289[0m:[39m[49m 
[0m[49m[39m  282, 290[0m:[39m[49m         // CQL penalty: push down Q-values for actions NOT in the dataset.
[0m[49m[39m  283, 291[0m:[39m[49m         // This prevents the policy from recommending untested actions.
[0m[49m[39m  284, 292[0m:[39m[49m         // Sample random actions and penalize their Q-values.
[0m[49m[39m  285, 293[0m:[39m[49m         random_actions = sample_uniform_actions(batch_size=256)
[0m[49m[39m  286, 294[0m:[39m[49m         cql_penalty = mean(Q_network(batch.states, random_actions))
[0m[49m[39m  287, 295[0m:[39m[49m                     - mean(Q_network(batch.states, batch.actions))
[0m[49m[39m  288, 296[0m:[39m[49m 
[0m[49m[39m  289, 297[0m:[39m[49m         // Combined loss: standard RL + conservative penalty
[0m[49m[39m  290, 298[0m:[39m[49m         total_loss = bellman_loss + alpha * cql_penalty
[0m[49m[39m  291, 299[0m:[39m[49m         // alpha controls how conservative the policy is.
[0m[49m[39m  292, 300[0m:[39m[49m         // Higher alpha = stays closer to historical behavior.
[0m[49m[39m  293, 301[0m:[39m[49m         // Lower alpha = more willing to deviate (riskier but potentially better).
[0m[49m[39m  294, 302[0m:[39m[49m 
[0m[49m[39m  295, 303[0m:[39m[49m         update Q_network to minimize total_loss
[0m[49m[39m  296, 304[0m:[39m[49m 
[0m[49m[39m  297, 305[0m:[39m[49m         // Update policy to maximize Q-values subject to safety constraints
[0m[49m[39m  298, 306[0m:[39m[49m         policy_loss = -mean(Q_network(batch.states, policy_network(batch.states)))
[0m[49m[39m  299, 307[0m:[39m[49m 
[0m[49m[39m  300, 308[0m:[39m[49m         // Safety constraint: penalize policies that produce hypoglycemia
[0m[49m[39m  301, 309[0m:[39m[49m         // in the training data (using a learned dynamics model or historical outcomes)
[0m[49m[39m  302, 310[0m:[39m[49m         safety_penalty = estimate_hypoglycemia_probability(
[0m[49m[39m  303, 311[0m:[39m[49m             policy_network, batch.states, safety_constraints
[0m[49m[39m  304, 312[0m:[39m[49m         )
[0m[49m[39m  305, 313[0m:[39m[49m 
[0m[49m[39m  306, 314[0m:[39m[49m         update policy_network to minimize (policy_loss + lambda * safety_penalty)
[0m[49m[39m  307, 315[0m:[39m[49m 
[0m[49m[39m  308, 316[0m:[39m[49m     RETURN policy_network
[0m[49m[39m  309, 317[0m:[39m[49m ```
[0m[49m[39m  310, 318[0m:[39m[49m 
[0m[49m[39m  311, 319[0m:[39m[49m **Step 4: Off-policy evaluation.** Before deploying any learned policy, you need to estimate how it would have performed on historical patients. This is off-policy evaluation (OPE). The core idea: if the learned policy would have recommended the same action the clinician took, we can directly use the observed outcome. If it would have recommended a different action, we need to reweight the observation using importance sampling. OPE is imperfect (high variance, relies on overlap between policies), but it's the best tool available for safety validation without live experimentation. Run OPE on a held-out test set of episodes that were not used for training.
[0m[49m[39m  312, 320[0m:[39m[49m 
[0m[49m[39m  313, 321[0m:[39m[49m ```
[0m[49m[39m  314, 322[0m:[39m[49m FUNCTION evaluate_policy_offline(learned_policy, test_episodes, behavior_policy):
[0m[49m[39m  315, 323[0m:[39m[49m     // Weighted Importance Sampling (WIS) estimator for policy value.
[0m[49m[39m  316, 324[0m:[39m[49m     // Estimates what the cumulative reward would have been if the learned
[0m[49m[39m  317, 325[0m:[39m[49m     // policy had been followed instead of the historical clinician policy.
[0m[49m[39m  318, 326[0m:[39m[49m 
[0m[49m[39m  319, 327[0m:[39m[49m     episode_returns = empty list
[0m[49m[39m  320, 328[0m:[39m[49m 
[0m[49m[39m  321, 329[0m:[39m[49m     FOR each episode in test_episodes:
[0m[49m[39m  322, 330[0m:[39m[49m         cumulative_importance_weight = 1.0
[0m[49m[39m  323, 331[0m:[39m[49m         cumulative_reward = 0.0
[0m[49m[39m  324, 332[0m:[39m[49m 
[0m[49m[39m  325, 333[0m:[39m[49m         FOR each (state, action, reward) in episode:
[0m[49m[39m  326, 334[0m:[39m[49m             // How likely is this action under the learned policy?
[0m[49m[39m  327, 335[0m:[39m[49m             pi_prob = learned_policy.probability(action | state)
[0m[49m[39m  328, 336[0m:[39m[49m 
[0m[49m[39m  329, 337[0m:[39m[49m             // How likely was this action under the historical clinician behavior?
[0m[49m[39m  330, 338[0m:[39m[49m             mu_prob = behavior_policy.probability(action | state)
[0m[49m[39m  331, 339[0m:[39m[49m 
[0m[49m[39m  332, 340[0m:[39m[49m             // Importance ratio: reweights this transition
[0m[49m[39m  333, 341[0m:[39m[49m             // If learned policy strongly agrees with clinician: ratio near 1
[0m[49m[39m  334, 342[0m:[39m[49m             // If learned policy disagrees: ratio far from 1 (high variance)
[0m[49m[39m  335, 343[0m:[39m[49m             ratio = pi_prob / mu_prob
[0m[49m[39m  336, 344[0m:[39m[49m 
[0m[49m[39m  337, 345[0m:[39m[49m             // Clip ratio to prevent extreme weights (variance reduction)
[0m[49m[39m  338, 346[0m:[39m[49m             ratio = clip(ratio, 0.01, 100.0)
[0m[49m[39m  339, 347[0m:[39m[49m 
[0m[49m[39m  340, 348[0m:[39m[49m             cumulative_importance_weight = cumulative_importance_weight * ratio
[0m[49m[39m  341, 349[0m:[39m[49m             cumulative_reward = cumulative_reward + (discount ^ timestep) * reward
[0m[49m[39m  342, 350[0m:[39m[49m 
[0m[49m[39m  343, 351[0m:[39m[49m         // Weighted return for this episode
[0m[49m[39m  344, 352[0m:[39m[49m         append cumulative_importance_weight * cumulative_reward to episode_returns
[0m[49m[39m  345, 353[0m:[39m[49m 
[0m[49m[39m  346, 354[0m:[39m[49m     // Normalize by sum of weights (self-normalized importance sampling)
[0m[49m[39m  347, 355[0m:[39m[49m     estimated_policy_value = sum(episode_returns) / sum(weights)
[0m[49m[39m  348, 356[0m:[39m[49m 
[0m[49m[39m  349, 357[0m:[39m[49m     // Also compute per-metric estimates
[0m[49m[39m  350, 358[0m:[39m[49m     estimated_time_in_range = compute_weighted_metric("time_in_range", ...)
[0m[49m[39m  351, 359[0m:[39m[49m     estimated_hypo_rate     = compute_weighted_metric("hypoglycemia_rate", ...)
[0m[49m[39m  352, 360[0m:[39m[49m 
[0m[49m[39m  353, 361[0m:[39m[49m     RETURN {
[0m[49m[39m  354, 362[0m:[39m[49m         policy_value:   estimated_policy_value,
[0m[49m[39m  355, 363[0m:[39m[49m         time_in_range:  estimated_time_in_range,
[0m[49m[39m  356, 364[0m:[39m[49m         hypo_rate:      estimated_hypo_rate,
[0m[49m[39m  357, 365[0m:[39m[49m         confidence_interval: bootstrap_ci(episode_returns, alpha=0.05)
[0m[49m[39m  358, 366[0m:[39m[49m     }
[0m[49m[39m  359, 367[0m:[39m[49m ```
[0m[49m[39m  360, 368[0m:[39m[49m 
[0m[49m[39m  361, 369[0m:[39m[49m **Step 5: Safety constraint layer.** Even after training with safety-aware objectives and validating with OPE, the deployed system needs a hard safety layer. This is the last line of defense: regardless of what the RL policy recommends, certain actions are never allowed. Think of it as a safety envelope around the policy. The policy operates freely within the envelope; anything outside gets clipped or rejected. This layer encodes clinical knowledge that should never be violated, even if the data-driven policy disagrees.
[0m[49m[39m  362, 370[0m:[39m[49m 
[0m[49m[39m  363, 371[0m:[39m[49m ```
[0m[49m[39m  364, 372[0m:[39m[49m FUNCTION apply_safety_constraints(recommended_dose, patient_state, constraints):
[0m[49m[39m  365, 373[0m:[39m[49m     // Hard safety constraints that override the RL policy.
[0m[49m[39m  366, 374[0m:[39m[49m     // These are non-negotiable clinical rules.
[0m[49m[39m  367, 375[0m:[39m[49m 
[0m[49m[39m  368, 376[0m:[39m[49m     safe_dose = recommended_dose
[0m[49m[39m  369, 377[0m:[39m[49m 
[0m[49m[39m  370, 378[0m:[39m[49m     // Constraint 1: Maximum single dose cap.
[0m[49m[39m  371, 379[0m:[39m[49m     // No matter what the policy says, never exceed this.
[0m[49m[39m  372, 380[0m:[39m[49m     // Clinical rationale: prevents catastrophic hypoglycemia from a single error.
[0m[49m[39m  373, 381[0m:[39m[49m     IF safe_dose > constraints.max_single_dose:  // e.g., 20 units
[0m[49m[39m  374, 382[0m:[39m[49m         safe_dose = constraints.max_single_dose
[0m[49m[39m  375, 383[0m:[39m[49m         log_constraint_activation("max_dose_cap", recommended_dose, safe_dose)
[0m[49m[39m  376, 384[0m:[39m[49m 
[0m[49m[39m  377, 385[0m:[39m[49m     // Constraint 2: If glucose is already trending down rapidly, reduce dose.
[0m[49m[39m  378, 386[0m:[39m[49m     // Clinical rationale: insulin already on board will continue lowering glucose.
[0m[49m[39m  379, 387[0m:[39m[49m     IF patient_state.glucose_velocity < constraints.rapid_decline_threshold:  // e.g., -30 mg/dL/hr
[0m[49m[39m  380, 388[0m:[39m[49m         safe_dose = safe_dose * 0.5
[0m[49m[39m  381, 389[0m:[39m[49m         log_constraint_activation("rapid_decline_reduction", recommended_dose, safe_dose)
[0m[49m[39m  382, 390[0m:[39m[49m 
[0m[49m[39m  383, 391[0m:[39m[49m     // Constraint 3: If glucose is near hypoglycemic range, no insulin.
[0m[49m[39m  384, 392[0m:[39m[49m     // Clinical rationale: giving insulin to someone at 85 mg/dL is reckless.
[0m[49m[39m  385, 393[0m:[39m[49m     IF patient_state.glucose_current < constraints.no_insulin_threshold:  // e.g., 100 mg/dL
[0m[49m[39m  386, 394[0m:[39m[49m         safe_dose = 0
[0m[49m[39m  387, 395[0m:[39m[49m         log_constraint_activation("hypo_prevention_hold", recommended_dose, safe_dose)
[0m[49m[39m  388, 396[0m:[39m[49m 
[0m[49m[39m  389, 397[0m:[39m[49m     // Constraint 4: Maximum dose change from previous interval.
[0m[49m[39m  390, 398[0m:[39m[49m     // Clinical rationale: prevents wild swings in dosing.
[0m[49m[39m  391, 399[0m:[39m[49m     max_change = constraints.max_dose_change_per_interval  // e.g., 5 units
[0m[49m[39m  392, 400[0m:[39m[49m     IF abs(safe_dose - patient_state.previous_dose) > max_change:
[0m[49m[39m  393, 401[0m:[39m[49m         safe_dose = patient_state.previous_dose + sign(safe_dose - patient_state.previous_dose) * max_change
[0m[49m[39m  394, 402[0m:[39m[49m         log_constraint_activation("max_change_cap", recommended_dose, safe_dose)
[0m[49m[39m  395, 403[0m:[39m[49m 
[0m[49m[39m  396, 404[0m:[39m[49m     // Constraint 5: If renal function is severely impaired, reduce dose.
[0m[49m[39m  397, 405[0m:[39m[49m     // Clinical rationale: kidneys clear insulin; impaired clearance means longer effect.
[0m[49m[39m  398, 406[0m:[39m[49m     IF patient_state.creatinine > constraints.renal_impairment_threshold:  // e.g., 3.0 mg/dL
[0m[49m[39m  399, 407[0m:[39m[49m         safe_dose = safe_dose * 0.7
[0m[49m[39m  400, 408[0m:[39m[49m         log_constraint_activation("renal_adjustment", recommended_dose, safe_dose)
[0m[49m[39m  401, 409[0m:[39m[49m 
[0m[49m[39m  402, 410[0m:[39m[49m     RETURN {
[0m[49m[39m  403, 411[0m:[39m[49m         final_dose:         safe_dose,
[0m[49m[39m  404, 412[0m:[39m[49m         original_recommendation: recommended_dose,
[0m[49m[39m  405, 413[0m:[39m[49m         constraints_activated: get_activated_constraints(),
[0m[49m[39m  406, 414[0m:[39m[49m         confidence:         compute_recommendation_confidence(patient_state)
[0m[49m[39m  407, 415[0m:[39m[49m     }
[0m[49m[39m  408, 416[0m:[39m[49m ```
[0m[49m[39m  409, 417[0m:[39m[49m 
[0m[49m[39m  410, 418[0m:[39m[49m **Step 6: Clinical decision support interface.** The RL policy is deployed as a recommendation system, not an autonomous controller. The clinician sees the recommendation, the reasoning behind it, and can accept, modify, or override. Every interaction is logged for ongoing evaluation. This is critical: the system learns from clinician overrides (they indicate where the policy disagrees with expert judgment) and the outcomes of both followed and overridden recommendations provide ongoing validation data.
[0m[49m[39m  411, 419[0m:[39m[49m 
[0m[49m[38;5;10m+      420[0m:[38;5;10m[49m <!-- TODO (TechWriter): Expert review S2 (MEDIUM). Add tamper-evident audit trail guidance after the store_recommendation call. Recommendation logs should also be written to S3 with Object Lock (compliance mode) or CloudWatch Logs with a resource policy preventing deletion. The operational store (DynamoDB) serves real-time reads; the immutable archive serves compliance. -->
[0m[49m[38;5;10m+      421[0m:[38;5;10m[49m 
[0m[49m[39m  412, 422[0m:[39m[49m ```
[0m[49m[39m  413, 423[0m:[39m[49m FUNCTION generate_recommendation(patient_id, new_glucose_reading):
[0m[49m[39m  414, 424[0m:[39m[49m     // Called when a new glucose measurement is entered for an ICU patient.
[0m[49m[39m  415, 425[0m:[39m[49m 
[0m[49m[39m  416, 426[0m:[39m[49m     // Fetch the patient's recent history from the state store
[0m[49m[39m  417, 427[0m:[39m[49m     patient_history = fetch_from_dynamodb(table="patient-glucose-state", key=patient_id)
[0m[49m[39m  418, 428[0m:[39m[49m 
[0m[49m[39m  419, 429[0m:[39m[49m     // Update history with new reading
[0m[49m[39m  420, 430[0m:[39m[49m     update_patient_state(patient_history, new_glucose_reading)
[0m[49m[39m  421, 431[0m:[39m[49m 
[0m[49m[39m  422, 432[0m:[39m[49m     // Construct the state vector for the RL policy
[0m[49m[39m  423, 433[0m:[39m[49m     state_vector = build_state_vector(patient_history)
[0m[49m[39m  424, 434[0m:[39m[49m 
[0m[49m[39m  425, 435[0m:[39m[49m     // Get the RL policy's recommendation
[0m[49m[39m  426, 436[0m:[39m[49m     raw_recommendation = invoke_sagemaker_endpoint(
[0m[49m[39m  427, 437[0m:[39m[49m         endpoint = "glucose-rl-policy-v2",
[0m[49m[39m  428, 438[0m:[39m[49m         payload  = state_vector
[0m[49m[39m  429, 439[0m:[39m[49m     )
[0m[49m[39m  430, 440[0m:[39m[49m 
[0m[49m[39m  431, 441[0m:[39m[49m     // Apply hard safety constraints
[0m[49m[39m  432, 442[0m:[39m[49m     safe_recommendation = apply_safety_constraints(
[0m[49m[39m  433, 443[0m:[39m[49m         raw_recommendation.dose,
[0m[49m[39m  434, 444[0m:[39m[49m         patient_history,
[0m[49m[39m  435, 445[0m:[39m[49m         SAFETY_CONSTRAINTS
[0m[49m[39m  436, 446[0m:[39m[49m     )
[0m[49m[39m  437, 447[0m:[39m[49m 
[0m[49m[39m  438, 448[0m:[39m[49m     // Package for clinical display
[0m[49m[39m  439, 449[0m:[39m[49m     recommendation = {
[0m[49m[39m  440, 450[0m:[39m[49m         patient_id:          patient_id,
[0m[49m[39m  441, 451[0m:[39m[49m         timestamp:           current_utc_timestamp(),
[0m[49m[39m  442, 452[0m:[39m[49m         recommended_dose:    safe_recommendation.final_dose,
[0m[49m[39m  443, 453[0m:[39m[49m         dose_units:          "units insulin (regular)",
[0m[49m[39m  444, 454[0m:[39m[49m         confidence:          safe_recommendation.confidence,
[0m[49m[39m  445, 455[0m:[39m[49m         reasoning: {
[0m[49m[39m  446, 456[0m:[39m[49m             current_glucose:     new_glucose_reading,
[0m[49m[39m  447, 457[0m:[39m[49m             trend:               patient_history.glucose_velocity,
[0m[49m[39m  448, 458[0m:[39m[49m             insulin_on_board:    patient_history.insulin_on_board,
[0m[49m[39m  449, 459[0m:[39m[49m             constraints_active:  safe_recommendation.constraints_activated
[0m[49m[39m  450, 460[0m:[39m[49m         },
[0m[49m[39m  451, 461[0m:[39m[49m         clinician_action:    "PENDING"  // updated when clinician responds
[0m[49m[39m  452, 462[0m:[39m[49m     }
[0m[49m[39m  453, 463[0m:[39m[49m 
[0m[49m[39m  454, 464[0m:[39m[49m     // Store recommendation for audit and outcome tracking
[0m[49m[39m  455, 465[0m:[39m[49m     store_recommendation(recommendation)
[0m[49m[39m  456, 466[0m:[39m[49m 
[0m[49m[39m  457, 467[0m:[39m[49m     RETURN recommendation
[0m[49m[39m  458, 468[0m:[39m[49m ```
[0m[49m[39m  459, 469[0m:[39m[49m 
[0m[49m[39m  460, 470[0m:[39m[49m > **Curious how this looks in Python?** The pseudocode above covers the concepts. If you'd like to see sample Python code that demonstrates these patterns using boto3, check out the [Python Example](chapter15.06-python-example). It walks through each step with inline comments and notes on what you'd need to change for a real deployment.
[0m[49m[39m  461, 471[0m:[39m[49m 
[0m[49m[39m  462, 472[0m:[39m[49m ### Expected Results
[0m[49m[39m  463, 473[0m:[39m[49m 
[0m[49m[39m  464, 474[0m:[39m[49m **Sample recommendation output:**
[0m[49m[39m  465, 475[0m:[39m[49m 
[0m[49m[39m  466, 476[0m:[39m[49m ```json
[0m[49m[39m  467, 477[0m:[39m[49m {
[0m[49m[39m  468, 478[0m:[39m[49m   "patient_id": "ICU-2026-04821",
[0m[49m[39m  469, 479[0m:[39m[49m   "timestamp": "2026-03-15T14:30:00Z",
[0m[49m[39m  470, 480[0m:[39m[49m   "recommended_dose": 6.0,
[0m[49m[39m  471, 481[0m:[39m[49m   "dose_units": "units insulin (regular)",
[0m[49m[39m  472, 482[0m:[39m[49m   "confidence": 0.82,
[0m[49m[39m  473, 483[0m:[39m[49m   "reasoning": {
[0m[49m[39m  474, 484[0m:[39m[49m     "current_glucose": 195,
[0m[49m[39m  475, 485[0m:[39m[49m     "trend": -8.5,
[0m[49m[39m  476, 486[0m:[39m[49m     "insulin_on_board": 4.0,
[0m[49m[39m  477, 487[0m:[39m[49m     "constraints_active": []
[0m[49m[39m  478, 488[0m:[39m[49m   },
[0m[49m[39m  479, 489[0m:[39m[49m   "clinician_action": "PENDING"
[0m[49m[39m  480, 490[0m:[39m[49m }
[0m[49m[39m  481, 491[0m:[39m[49m ```
[0m[49m[39m  482, 492[0m:[39m[49m 
[0m[49m[39m  483, 493[0m:[39m[49m **Performance benchmarks (retrospective evaluation):**
[0m[49m[39m  484, 494[0m:[39m[49m 
[0m[49m[39m  485, 495[0m:[39m[49m | Metric | Historical Protocol | RL Policy (OPE Estimate) |
[0m[49m[39m  486, 496[0m:[39m[49m |--------|--------------------|-----------------------------|
[0m[49m[39m  487, 497[0m:[39m[49m | Time in range (80-180 mg/dL) | 55-65% | 70-78% |
[0m[49m[39m  488, 498[0m:[39m[49m | Hypoglycemia rate (< 70 mg/dL) | 5-8% of measurements | 2-3% of measurements |
[0m[49m[39m  489, 499[0m:[39m[49m | Severe hypoglycemia (< 40 mg/dL) | 0.5-1% | < 0.2% |
[0m[49m[39m  490, 500[0m:[39m[49m | Glucose variability (CV) | 35-45% | 25-35% |
[0m[49m[39m  491, 501[0m:[39m[49m | Mean glucose | 160-180 mg/dL | 140-160 mg/dL |
[0m[49m[39m  492, 502[0m:[39m[49m 
[0m[49m[39m  493, 503[0m:[39m[49m **Where it struggles:**
[0m[49m[39m  494, 504[0m:[39m[49m 
[0m[49m[39m  495, 505[0m:[39m[49m - Patients with rapidly changing insulin sensitivity (new steroid initiation, sepsis resolution)
[0m[49m[39m  496, 506[0m:[39m[49m - Transitions between enteral nutrition and NPO status (nutrition changes dominate glucose dynamics)
[0m[49m[39m  497, 507[0m:[39m[49m - Patients on insulin drips vs. subcutaneous insulin (different pharmacokinetics)
[0m[49m[39m  498, 508[0m:[39m[49m - Very short ICU stays (< 24 hours) where there's insufficient data to personalize
[0m[49m[39m  499, 509[0m:[39m[49m - Patients with Type 1 diabetes in the ICU (fundamentally different physiology)
[0m[49m[39m  500, 510[0m:[39m[49m 
[0m[49m[39m  501, 511[0m:[39m[49m ---
[0m[49m[39m  502, 512[0m:[39m[49m 
[0m[49m[39m  503, 513[0m:[39m[49m ## Why This Isn't Production-Ready
[0m[49m[39m  504, 514[0m:[39m[49m 
[0m[49m[39m  505, 515[0m:[39m[49m **Regulatory pathway is unclear.** An RL-based dosing recommendation system likely falls under FDA regulation as a clinical decision support tool. The regulatory pathway for adaptive/learning systems is still evolving. You'd need to demonstrate safety through extensive retrospective validation, simulation testing, and likely a prospective clinical trial.
[0m[49m[39m  506, 516[0m:[39m[49m 
[0m[49m[39m  507, 517[0m:[39m[49m **Off-policy evaluation has high variance.** OPE estimates are noisy, especially for policies that deviate significantly from historical behavior. The confidence intervals on "time in range improvement" may be wide enough to be clinically meaningless. You need large datasets (thousands of ICU stays) to get tight estimates.
[0m[49m[39m  508, 518[0m:[39m[49m 
[0m[49m[39m  509, 519[0m:[39m[49m **Behavior policy estimation is hard.** Importance sampling requires knowing the probability of each historical action under the clinician's behavior policy. Clinicians don't follow a single policy; they vary by experience, shift, patient acuity, and institutional culture. Estimating the behavior policy from data introduces its own errors.
[0m[49m[39m  510, 520[0m:[39m[49m 
[0m[49m[39m  511, 521[0m:[39m[49m **Model drift.** Clinical practice changes over time (new protocols, new medications, different patient populations). A policy trained on 2020-2023 data may not be optimal for 2026 patients. You need ongoing monitoring and periodic retraining.
[0m[49m[39m  512, 522[0m:[39m[49m 
[0m[49m[38;5;10m+      523[0m:[38;5;10m[49m <!-- TODO (TechWriter): Expert review S3 (MEDIUM). Add note about de-identification requirements for production data feeding back into retraining. Clarify pseudonymization requirements for episode logs, IRB coverage for retraining pipeline, and PHI status of temporal glucose patterns (re-identification risk persists even after pseudonymization). -->
[0m[49m[38;5;10m+      524[0m:[38;5;10m[49m 
[0m[49m[39m  513, 525[0m:[39m[49m ---
[0m[49m[39m  514, 526[0m:[39m[49m 
[0m[49m[39m  515, 527[0m:[39m[49m ## The Honest Take
[0m[49m[39m  516, 528[0m:[39m[49m 
[0m[49m[39m  517, 529[0m:[39m[49m Here's what I've learned from working on this class of problem: the RL formulation is the easy part. Getting the data pipeline right is 70% of the work.
[0m[49m[39m  518, 530[0m:[39m[49m 
[0m[49m[39m  519, 531[0m:[39m[49m EHR data for glucose control is a mess. Glucose measurements come from different sources (point-of-care meters, arterial blood gas analyzers, continuous glucose monitors) with different accuracies and different timestamps. Insulin orders don't always match insulin administrations (a nurse might hold a dose if the patient is eating). Nutrition data is often incomplete or delayed in charting. You'll spend months cleaning and aligning temporal data before you can train anything.
[0m[49m[39m  520, 532[0m:[39m[49m 
[0m[49m[39m  521, 533[0m:[39m[49m The reward function is where clinical and ML expertise must collaborate. I've seen teams spend weeks tuning the reward shape, only to realize that their hypoglycemia penalty wasn't steep enough and the policy was trading a 2% increase in time-in-range for a 1% increase in hypoglycemia. That's a terrible trade clinically, but the numbers looked good on the aggregate metric. Always report hypoglycemia rates separately from time-in-range. Never let them get averaged into a single score.
[0m[49m[39m  522, 534[0m:[39m[49m 
[0m[49m[39m  523, 535[0m:[39m[49m The biggest surprise: the safety constraint layer often matters more than the RL policy itself. A simple PID controller with good safety constraints can outperform a sophisticated RL policy with weak constraints. The constraints encode decades of clinical knowledge about what's dangerous. The RL policy adds value at the margins (better personalization, better anticipation of trends), but the constraints keep patients alive.
[0m[49m[39m  524, 536[0m:[39m[49m 
[0m[49m[39m  525, 537[0m:[39m[49m Clinician trust is the deployment bottleneck, not model accuracy. Even if your OPE shows a 15% improvement in time-in-range, ICU nurses and physicians won't follow recommendations from a system they don't understand. Plan for extensive education, transparent reasoning displays, and a long period of "shadow mode" where the system makes recommendations that are logged but not displayed.
[0m[49m[39m  526, 538[0m:[39m[49m 
[0m[49m[39m  527, 539[0m:[39m[49m ---
[0m[49m[39m  528, 540[0m:[39m[49m 
[0m[49m[39m  529, 541[0m:[39m[49m ## Variations and Extensions
[0m[49m[39m  530, 542[0m:[39m[49m 
[0m[49m[39m  531, 543[0m:[39m[49m **Continuous glucose monitor (CGM) integration.** If your ICU uses CGMs (increasingly common), you get glucose readings every 5 minutes instead of every 4 hours. This dramatically changes the state representation (you have a full glucose trajectory, not point measurements) and enables much tighter control. The RL formulation shifts from "what dose to give every 4 hours" to "what infusion rate to set every 15-30 minutes." The action space becomes continuous rate adjustments rather than discrete bolus doses.
[0m[49m[39m  532, 544[0m:[39m[49m 
[0m[49m[39m  533, 545[0m:[39m[49m **Multi-objective optimization.** Beyond glucose control, consider jointly optimizing for nutrition delivery (patients need calories for healing) and insulin minimization (less insulin means fewer hypoglycemic events and less nursing workload). This becomes a constrained multi-objective RL problem where you're balancing glucose control, nutritional adequacy, and intervention burden.
[0m[49m[39m  534, 546[0m:[39m[49m 
[0m[49m[39m  535, 547[0m:[39m[49m **Transfer learning across patient populations.** Train a base policy on your general ICU population, then fine-tune for specific subpopulations (cardiac surgery patients, trauma patients, diabetic ketoacidosis patients) who have distinct glucose dynamics. This addresses the "one policy doesn't fit all" problem without requiring massive datasets for each subpopulation.
[0m[49m[39m  536, 548[0m:[39m[49m 
[0m[49m[39m  537, 549[0m:[39m[49m ---
[0m[49m[39m  538, 550[0m:[39m[49m 
[0m[49m[39m  539, 551[0m:[39m[49m ## Related Recipes
[0m[49m[39m  540, 552[0m:[39m[49m 
[0m[49m[39m  541, 553[0m:[39m[49m - **Recipe 15.4 (Sepsis Treatment Optimization):** Uses the same offline RL framework for a different clinical decision (fluids and vasopressors). Shares the OPE and safety constraint patterns.
[0m[49m[39m  542, 554[0m:[39m[49m - **Recipe 15.5 (Ventilator Weaning Protocols):** Another sequential ICU decision problem with safety constraints. Similar architecture, different state/action spaces.
[0m[49m[39m  543, 555[0m:[39m[49m - **Recipe 12.4 (Lab Result Trend Analysis):** The glucose trend computation in the state vector uses time series techniques covered here.
[0m[49m[39m  544, 556[0m:[39m[49m - **Recipe 7.9 (Mortality Risk Scoring, ICU):** Patient acuity scores used in the state vector are produced by models like this.
[0m[49m[39m  545, 557[0m:[39m[49m - **Recipe 15.1 (Alert Threshold Optimization):** A simpler RL application that shares the offline learning and safety constraint patterns in a lower-stakes setting.
[0m[49m[39m  546, 558[0m:[39m[49m 
[0m[49m[39m  547, 559[0m:[39m[49m ---
[0m[49m[39m  548, 560[0m:[39m[49m 
[0m[49m[39m  549, 561[0m:[39m[49m ## Additional Resources
[0m[49m[39m  550, 562[0m:[39m[49m 
[0m[49m[39m  551, 563[0m:[39m[49m **AWS Documentation:**
[0m[49m[39m  552, 564[0m:[39m[49m - [Amazon SageMaker RL Documentation](https://docs.aws.amazon.com/sagemaker/latest/dg/reinforcement-learning.html)
[0m[49m[39m  553, 565[0m:[39m[49m - [Amazon SageMaker Model Registry](https://docs.aws.amazon.com/sagemaker/latest/dg/model-registry.html)
[0m[49m[39m  554, 566[0m:[39m[49m - [Amazon SageMaker Real-Time Inference](https://docs.aws.amazon.com/sagemaker/latest/dg/realtime-endpoints.html)
[0m[49m[39m  555, 567[0m:[39m[49m - [AWS HIPAA Eligible Services](https://aws.amazon.com/compliance/hipaa-eligible-services-reference/)
[0m[49m[39m  556, 568[0m:[39m[49m - [Amazon SageMaker Pricing](https://aws.amazon.com/sagemaker/pricing/)
[0m[49m[39m  557, 569[0m:[39m[49m 
[0m[49m[39m  558, 570[0m:[39m[49m **Research References:**
[0m[49m[38;5;9m- 559     [0m:[38;5;9m[49m - TODO: Verify and add link to the NICE-SUGAR trial publication (NEJM 2009) on intensive vs. conventional glucose control
[0m[49m[38;5;9m- 560     [0m:[38;5;9m[49m - TODO: Verify and add link to Conservative Q-Learning (CQL) paper by Kumar et al. 2020
[0m[49m[38;5;9m- 561     [0m:[38;5;9m[49m - TODO: Verify and add link to Batch Constrained Q-Learning (BCQ) paper by Fujimoto et al. 2019
[0m[49m[38;5;9m- 562     [0m:[38;5;9m[49m - TODO: Verify and add link to UVA/Padova Type 1 Diabetes Simulator documentation
[0m[49m[38;5;10m+      571[0m:[38;5;10m[49m - NICE-SUGAR Study Investigators. "Intensive versus Conventional Glucose Control in Critically Ill Patients." *New England Journal of Medicine* 360 (2009): 1283-1297.
[0m[49m[38;5;10m+      572[0m:[38;5;10m[49m - Kumar, A., Zhou, A., Tucker, G., Levine, S. "Conservative Q-Learning for Offline Reinforcement Learning." *NeurIPS* (2020).
[0m[49m[38;5;10m+      573[0m:[38;5;10m[49m - Fujimoto, S., Meger, D., Precup, D. "Off-Policy Deep Reinforcement Learning without Exploration." *ICML* (2019).
[0m[49m[38;5;10m+      574[0m:[38;5;10m[49m - UVA/Padova Type 1 Diabetes Metabolic Simulator (FDA-accepted research platform for glucose control algorithm development).
[0m[49m[39m  563, 575[0m:[39m[49m 
[0m[49m[39m  564, 576[0m:[39m[49m **Clinical Context:**
[0m[49m[38;5;9m- 565     [0m:[38;5;9m[49m - TODO: Verify and add link to Society of Critical Care Medicine glucose management guidelines
[0m[49m[38;5;9m- 566     [0m:[38;5;9m[49m - TODO: Verify and add link to ADA Standards of Care for inpatient glycemic management
[0m[49m[38;5;10m+      577[0m:[38;5;10m[49m - Society of Critical Care Medicine (SCCM). Guidelines for the Use of an Insulin Infusion for the Management of Hyperglycemia in Critically Ill Patients.
[0m[49m[38;5;10m+      578[0m:[38;5;10m[49m - American Diabetes Association. Standards of Care in Diabetes: Diabetes Care in the Hospital (updated annually).
[0m[49m[39m  567, 579[0m:[39m[49m 
[0m[49m[39m  568, 580[0m:[39m[49m ---
[0m[49m[39m  569, 581[0m:[39m[49m 
[0m[49m[39m  570, 582[0m:[39m[49m ## Estimated Implementation Time
[0m[49m[39m  571, 583[0m:[39m[49m 
[0m[49m[39m  572, 584[0m:[39m[49m | Phase | Duration |
[0m[49m[39m  573, 585[0m:[39m[49m |-------|----------|
[0m[49m[39m  574, 586[0m:[39m[49m | **Basic** (data pipeline + offline RL training + retrospective evaluation) | 4-6 months |
[0m[49m[39m  575, 587[0m:[39m[49m | **Production-ready** (safety constraints + OPE validation + shadow mode deployment + clinician interface) | 12-18 months |
[0m[49m[39m  576, 588[0m:[39m[49m | **With variations** (CGM integration + multi-objective + transfer learning + prospective validation) | 24-36 months |
[0m[49m[39m  577, 589[0m:[39m[49m 
[0m[49m[39m  578, 590[0m:[39m[49m ---
[0m[49m[39m  579, 591[0m:[39m[49m 
[0m[49m[39m  580, 592[0m:[39m[49m **Tags:** `reinforcement-learning`, `offline-rl`, `glucose-control`, `icu`, `insulin-dosing`, `safety-constraints`, `clinical-decision-support`, `sequential-decision-making`, `off-policy-evaluation`
[0m[49m[39m  581, 593[0m:[39m[49m 
[0m[49m[39m  582, 594[0m:[39m[49m ---
[0m[49m[39m  583, 595[0m:[39m[49m 
[0m[49m[39m  584, 596[0m:[39m[49m | [← 15.5: Ventilator Weaning Protocols](chapter15.05-ventilator-weaning-protocols) | [Chapter 15 Index](chapter15-index) | [15.7: Chronic Disease Treatment Personalization →](chapter15.07-chronic-disease-treatment-personalization) |
[0m[49m[39m  585, 597[0m:[39m[49m |:---|:---:|---:|
[0m[K
Replacing: [38;5;141mchapter15.06-glucose-control-icu.md[0m
[38;5;244m - Completed in 0.1s[0m

[38;5;141m> [0mNow let me write the edit status file documenting what was done:[0m[0m
I'll create the following file: [38;5;141m/tmp/ralph-worktrees/iter-1136/reviews/chapter15.06-edit-status.md[0m[38;5;244m (using tool: write)[0m
Purpose: Edit status documenting changes made and findings deferred

[49m[38;5;10m+     1[0m:[38;5;10m[49m # Edit Status: Recipe 15.6 - Glucose Control in ICU
[0m[49m[38;5;10m+     2[0m:[38;5;10m[49m 
[0m[49m[38;5;10m+     3[0m:[38;5;10m[49m ## Edit Summary
[0m[49m[38;5;10m+     4[0m:[38;5;10m[49m 
[0m[49m[38;5;10m+     5[0m:[38;5;10m[49m Final edit pass completed. Recipe is publication-ready pending resolution of deferred TODO markers.
[0m[49m[38;5;10m+     6[0m:[38;5;10m[49m 
[0m[49m[38;5;10m+     7[0m:[38;5;10m[49m ## Changes Applied
[0m[49m[38;5;10m+     8[0m:[38;5;10m[49m 
[0m[49m[38;5;10m+     9[0m:[38;5;10m[49m 1. **V2 (MEDIUM) - RESOLVED:** Removed six "TODO: Verify and add link to" drafting artifacts from Additional Resources. Replaced with properly formatted academic citations (NICE-SUGAR: NEJM 2009;360:1283-97, CQL: Kumar et al. NeurIPS 2020, BCQ: Fujimoto et al. ICML 2019, UVA/Padova simulator, SCCM guidelines, ADA Standards of Care). No hyperlinks added since URLs could not be verified, but citations are complete and findable.
[0m[49m[38;5;10m+    10[0m:[38;5;10m[49m 
[0m[49m[38;5;10m+    11[0m:[38;5;10m[49m 2. **V3 (LOW) - RESOLVED:** Tightened paragraphs 3-4 of The Problem section. Merged the "static protocols fail" argument into a single flow: sliding scale limitations -> NICE-SUGAR evidence -> therefore sequential decision-making is needed. Eliminated the circular restatement.
[0m[49m[38;5;10m+    12[0m:[38;5;10m[49m 
[0m[49m[38;5;10m+    13[0m:[38;5;10m[49m 3. **N1 (LOW) - RESOLVED:** Added Step Functions and KMS to the VPC endpoint list in Prerequisites table.
[0m[49m[38;5;10m+    14[0m:[38;5;10m[49m 
[0m[49m[38;5;10m+    15[0m:[38;5;10m[49m 4. **Grammar/mechanics pass:** Minor cleanup in Step 1 walkthrough (merged a sentence about EHR data messiness that was split awkwardly between the prose and the pseudocode comment).
[0m[49m[38;5;10m+    16[0m:[38;5;10m[49m 
[0m[49m[38;5;10m+    17[0m:[38;5;10m[49m 5. **Em dash check:** PASS. No em dashes found. En dashes in cost ranges are correct.
[0m[49m[38;5;10m+    18[0m:[38;5;10m[49m 
[0m[49m[38;5;10m+    19[0m:[38;5;10m[49m 6. **Header hierarchy:** PASS. H1 title, H2 major sections, H3 subsections, no skipped levels.
[0m[49m[38;5;10m+    20[0m:[38;5;10m[49m 
[0m[49m[38;5;10m+    21[0m:[38;5;10m[49m 7. **Voice drift check:** PASS. No documentation-voice, no feature-list formatting, no announcement statements, no LinkedIn-influencer tone.
[0m[49m[38;5;10m+    22[0m:[38;5;10m[49m 
[0m[49m[38;5;10m+    23[0m:[38;5;10m[49m 8. **Vendor balance:** PASS. Technology section is fully vendor-agnostic. AWS appears only in implementation section. Approximately 70/30 split maintained.
[0m[49m[38;5;10m+    24[0m:[38;5;10m[49m 
[0m[49m[38;5;10m+    25[0m:[38;5;10m[49m ## Deferred Findings (TODO markers placed)
[0m[49m[38;5;10m+    26[0m:[38;5;10m[49m 
[0m[49m[38;5;10m+    27[0m:[38;5;10m[49m | Finding | Severity | Location | Reason Deferred |
[0m[49m[38;5;10m+    28[0m:[38;5;10m[49m |---------|----------|----------|-----------------|
[0m[49m[38;5;10m+    29[0m:[38;5;10m[49m | S1 | HIGH | After Prerequisites table | Requires new content: role-separated IAM guidance with resource ARN constraints |
[0m[49m[38;5;10m+    30[0m:[38;5;10m[49m | A1 | HIGH | After Architecture Diagram | Requires new content: error handling, circuit breaker pattern, failure mode documentation |
[0m[49m[38;5;10m+    31[0m:[38;5;10m[49m | S2 | MEDIUM | Before Step 6 pseudocode | Requires new content: tamper-evident audit trail architecture (S3 Object Lock) |
[0m[49m[38;5;10m+    32[0m:[38;5;10m[49m | S3 | MEDIUM | After "Why This Isn't Production-Ready" | Requires new content: de-identification requirements for retraining pipeline |
[0m[49m[38;5;10m+    33[0m:[38;5;10m[49m | A2 | MEDIUM | After Architecture Diagram | Requires new content: canary deployment and rollback strategy |
[0m[49m[38;5;10m+    34[0m:[38;5;10m[49m | A3 | MEDIUM | After Prerequisites table | Requires new content: latency budget specification and provisioned concurrency guidance |
[0m[49m[38;5;10m+    35[0m:[38;5;10m[49m | A4 | MEDIUM | After Prerequisites table | Requires new content: concurrent patient handling and capacity planning |
[0m[49m[38;5;10m+    36[0m:[38;5;10m[49m 
[0m[49m[38;5;10m+    37[0m:[38;5;10m[49m ## Findings Not Applicable to Main Recipe
[0m[49m[38;5;10m+    38[0m:[38;5;10m[49m 
[0m[49m[38;5;10m+    39[0m:[38;5;10m[49m Code review issues 1-6 all pertain to the Python companion file (`chapter15.06-python-example.md`) and involve adding clarifying comments. These should be addressed in a separate edit pass on that file.
[0m[49m[38;5;10m+    40[0m:[38;5;10m[49m 
[0m[49m[38;5;10m+    41[0m:[38;5;10m[49m ## Verdict
[0m[49m[38;5;10m+    42[0m:[38;5;10m[49m 
[0m[49m[38;5;10m+    43[0m:[38;5;10m[49m Recipe is publication-ready for the main content. Seven TODO markers remain for TechWriter to address with new technical content (2 HIGH, 5 MEDIUM). No structural or voice issues remain.
[0m[K
Creating: [38;5;141m/tmp/ralph-worktrees/iter-1136/reviews/chapter15.06-edit-status.md[0m
[38;5;244m - Completed in 0.0s[0m

[38;5;141m> [0mEdit complete. Here's what I did:[0m[0m
[0m[0m
[1mDirectly fixed:[22m[0m[0m
- **V2 (MEDIUM):** Replaced 6 "TODO: Verify and add link to..." drafting artifacts with proper academic citations (no fabricated URLs)[0m[0m
- **V3 (LOW):** Tightened The Problem section paragraphs 3-4, merging the circular "static protocols fail" argument into a single logical flow[0m[0m
- **N1 (LOW):** Added Step Functions and KMS to the VPC endpoint list in Prerequisites[0m[0m
- Grammar/mechanics pass, em dash check (clean), header hierarchy (clean), voice drift check (clean)[0m[0m
[0m[0m
[1mDeferred with TODO markers (7 findings requiring new technical content):[22m[0m[0m
- S1 (HIGH): IAM least-privilege role separation[0m[0m
- A1 (HIGH): Error handling/circuit breaker for inference path[0m[0m
- S2 (MEDIUM): Tamper-evident audit trail[0m[0m
- S3 (MEDIUM): De-identification for retraining data[0m[0m
- A2 (MEDIUM): Model rollback/canary deployment[0m[0m
- A3 (MEDIUM): Latency budget specification[0m[0m
- A4 (MEDIUM): Concurrent patient handling[0m[0m
[0m[0m
[38;5;252m[0m[?25l[?25l[0m[0m[?25l[0m[?25l[?25l[0m[0m[?25l[0m[?25l[0m[0m[?25l[0m[?25l[0m[0m[?25l[0m[?25l[0m[0m[?25l[0m[?25l[0m[0m[?25l[0m[0m[0m
[38;5;8m
 ▸ Credits: 9.77 • Time: 4m 37s

[0m[1G[0m[0m[?25hCode review findings (issues 1-6) all target the Python companion file and were noted in the edit status as requiring a separate pass.[38;5;11mWARNING: [0mDuplicate agent with name [38;5;10mmeshclaw-lite[0m was found in the global directory.
[0m[32mAll tools are now trusted ([0m[31m![0m[32m). Kiro will execute tools without asking for confirmation.[0m
Agents can sometimes do unexpected things so understand the risks.

Learn more at [38;5;141mhttps://kiro.dev/docs/cli/chat/security/#using-tools-trust-all-safely[0m



[38;5;252m[0m[?25l[?25l[0m[0m[1mTool validation failed: [0m
[38;5;9mFailed to validate tool parameters: '/tmp/ralph-worktrees/iter-1136/chapters/15-reinforcement-learning/recipe-06-glucose-control-icu.md' does not exist
[0m[?25l[0m[0m[1mTool validation failed: [0m
[38;5;9mFailed to validate tool parameters: Directory not found: /tmp/ralph-worktrees/iter-1136/chapters/15-reinforcement-learning
[0m[?25l[0m[0m[1mTool validation failed: [0m
[38;5;9mFailed to validate tool parameters: Directory not found: /tmp/ralph-worktrees/iter-1136/chapters
Reading directory: [38;5;141m/tmp/ralph-worktrees/iter-1136[0m[38;5;244m (using tool: read, max depth: 1, max entries: 1000, excluding: defaults)[0m
[38;5;10m ✓ [0mSuccessfully read directory [38;5;141m/tmp/ralph-worktrees/iter-1136[0m [38;5;244m(showing 1000 of 2593 entries, offset: 0)[0m
[38;5;244m - Completed in 0.130s[0m

[38;5;141m> [0mNow I can see the relevant files. Let me read the STYLE-GUIDE.md, the recipe file, the edit status, and the expert/code reviews for chapter 15.06.[0m[0m
Batch fs_read operation with [38;5;141m3[0m operations[38;5;244m (using tool: read)[0m

↱ Operation 1: Reading file: [38;5;141m/tmp/ralph-worktrees/iter-1136/STYLE-GUIDE.md[0m, all lines
↱ Operation 2: Reading file: [38;5;141m/tmp/ralph-worktrees/iter-1136/reviews/chapter15.06-edit-status.md[0m, all lines
↱ Operation 3: Reading file: [38;5;141m/tmp/ralph-worktrees/iter-1136/reviews/chapter15.06-expert-review.md[0m, from line [38;5;141m1[0m to [38;5;141m150[0m
[38;5;10m ✓ [0mSuccessfully read [38;5;244m3731 bytes[0m from /tmp/ralph-worktrees/iter-1136/STYLE-GUIDE.md

[38;5;10m ✓ [0mSuccessfully read [38;5;244m3149 bytes[0m from /tmp/ralph-worktrees/iter-1136/reviews/chapter15.06-edit-status.md

[38;5;10m ✓ [0mSuccessfully read [38;5;244m15135 bytes[0m from /tmp/ralph-worktrees/iter-1136/reviews/chapter15.06-expert-review.md

 ⋮ 

[38;5;244m- [0mSummary: 3 operations processed, 3 successful, 0 failed
[38;5;244m - Completed in 0.0s[0m

[38;5;141m> [0mNow let me read the beginning of the recipe file and check for em dashes and code blocks:[0m[0m
Reading file: [38;5;141m/tmp/ralph-worktrees/iter-1136/chapter15.06-glucose-control-icu.md[0m, from line [38;5;141m1[0m to [38;5;141m100[0m[38;5;244m (using tool: read)[0m
[38;5;10m ✓ [0mSuccessfully read [38;5;244m10213 bytes[0m from /tmp/ralph-worktrees/iter-1136/chapter15.06-glucose-control-icu.md
[38;5;244m - Completed in 0.0s[0m

Searching: [38;5;141m/tmp/ralph-worktrees/iter-1136/chapter15.06-glucose-control-icu.md[0m for pattern: [38;5;141m—[0m[38;5;244m (using tool: read)[0m
[38;5;10m ✓ [0mFound 0 matches for pattern '—' in /tmp/ralph-worktrees/iter-1136/chapter15.06-glucose-control-icu.md
[38;5;244m - Completed in 0.0s[0m

Batch fs_read operation with [38;5;141m2[0m operations[38;5;244m (using tool: read)[0m

↱ Operation 1: Searching: [38;5;141m/tmp/ralph-worktrees/iter-1136/chapter15.06-glucose-control-icu.md[0m for pattern: [38;5;141m```[0m
↱ Operation 2: Searching: [38;5;141m/tmp/ralph-worktrees/iter-1136/chapter15.06-glucose-control-icu.md[0m for pattern: [38;5;141mtodo[0m
[38;5;10m ✓ [0mFound 18 matches for pattern '```' in /tmp/ralph-worktrees/iter-1136/chapter15.06-glucose-control-icu.md

[38;5;10m ✓ [0mFound 7 matches for pattern 'TODO' in /tmp/ralph-worktrees/iter-1136/chapter15.06-glucose-control-icu.md

 ⋮ 

[38;5;244m- [0mSummary: 2 operations processed, 2 successful, 0 failed
[38;5;244m - Completed in 0.0s[0m

[38;5;141m> [0mNow I have enough information to make my assessment. Let me verify the code blocks without language tags:[0m[0m
Batch fs_read operation with [38;5;141m7[0m operations[38;5;244m (using tool: read)[0m

↱ Operation 1: Reading file: [38;5;141m/tmp/ralph-worktrees/iter-1136/chapter15.06-glucose-control-icu.md[0m, from line [38;5;141m69[0m to [38;5;141m70[0m
↱ Operation 2: Reading file: [38;5;141m/tmp/ralph-worktrees/iter-1136/chapter15.06-glucose-control-icu.md[0m, from line [38;5;141m183[0m to [38;5;141m184[0m
↱ Operation 3: Reading file: [38;5;141m/tmp/ralph-worktrees/iter-1136/chapter15.06-glucose-control-icu.md[0m, from line [38;5;141m226[0m to [38;5;141m227[0m
↱ Operation 4: Reading file: [38;5;141m/tmp/ralph-worktrees/iter-1136/chapter15.06-glucose-control-icu.md[0m, from line [38;5;141m263[0m to [38;5;141m264[0m
↱ Operation 5: Reading file: [38;5;141m/tmp/ralph-worktrees/iter-1136/chapter15.06-glucose-control-icu.md[0m, from line [38;5;141m321[0m to [38;5;141m322[0m
↱ Operation 6: Reading file: [38;5;141m/tmp/ralph-worktrees/iter-1136/chapter15.06-glucose-control-icu.md[0m, from line [38;5;141m371[0m to [38;5;141m372[0m
↱ Operation 7: Reading file: [38;5;141m/tmp/ralph-worktrees/iter-1136/chapter15.06-glucose-control-icu.md[0m, from line [38;5;141m422[0m to [38;5;141m423[0m
[38;5;10m ✓ [0mSuccessfully read [38;5;244m100 bytes[0m from /tmp/ralph-worktrees/iter-1136/chapter15.06-glucose-control-icu.md

[38;5;10m ✓ [0mSuccessfully read [38;5;244m45 bytes[0m from /tmp/ralph-worktrees/iter-1136/chapter15.06-glucose-control-icu.md

[38;5;10m ✓ [0mSuccessfully read [38;5;244m43 bytes[0m from /tmp/ralph-worktrees/iter-1136/chapter15.06-glucose-control-icu.md

[38;5;10m ✓ [0mSuccessfully read [38;5;244m67 bytes[0m from /tmp/ralph-worktrees/iter-1136/chapter15.06-glucose-control-icu.md

[38;5;10m ✓ [0mSuccessfully read [38;5;244m85 bytes[0m from /tmp/ralph-worktrees/iter-1136/chapter15.06-glucose-control-icu.md

[38;5;10m ✓ [0mSuccessfully read [38;5;244m84 bytes[0m from /tmp/ralph-worktrees/iter-1136/chapter15.06-glucose-control-icu.md

[38;5;10m ✓ [0mSuccessfully read [38;5;244m70 bytes[0m from /tmp/ralph-worktrees/iter-1136/chapter15.06-glucose-control-icu.md

 ⋮ 

[38;5;244m- [0mSummary: 7 operations processed, 7 successful, 0 failed
[38;5;244m - Completed in 0.1s[0m

[38;5;141m> [0mI've found the issue. Multiple code blocks lack language tags. The style guide requires "all code blocks have language tags" per the pass condition. Let me count:[0m[0m
[0m[0m
- Line 69: [38;5;10m [0m[38;5;10m[0m [38;5;10m (no language tag - ASCII diagram)
- Line 111: [0m [38;5;10m[0m[38;5;10mmermaid [0m (has tag - OK)[0m[0m
- Line 183: [38;5;10m [0m[38;5;10m[0m [38;5;10m (no language tag - pseudocode)
- Line 226: [0m [38;5;10m[0m[38;5;10m [0m (no language tag - pseudocode)[0m[0m
- Line 263: [38;5;10m [0m[38;5;10m[0m [38;5;10m (no language tag - pseudocode)
- Line 321: [0m [38;5;10m[0m[38;5;10m [0m (no language tag - pseudocode)[0m[0m
- Line 371: [38;5;10m [0m[38;5;10m[0m [38;5;10m (no language tag - pseudocode)
- Line 422: [0m [38;5;10m[0m[38;5;10m [0m (no language tag - pseudocode)[0m[0m
- Line 476: [38;5;10m [0m[38;5;10m[0mjson [38;5;10m (has tag - OK)

That's 7 code blocks without language tags. This is a clear style guide violation per the pass condition.

[0m[?25l[0m[0m[?25l[0m[?25l[0m[0m[?25l[0m[?25l[0m[0m[?25l[0m[?25l[0m[0m[?25l[0m[?25l[0m[0m[?25l[0m[?25l[0m[0m[?25l[0m[0m[0m
[38;5;8m
 ▸ Credits: 7.27 • Time: 49s

[0m[1G[0m[0m[?25h{"verdict": "fail", "rationale": "Seven code blocks (lines 69, 183, 226, 263, 321, 371, 422) lack language tags. The pass condition requires all code blocks have language tags. These pseudocode blocks should use a tag such as [0m[38;5;10m[0mtext or [38;5;10m[0m