# parallel_worker header: concurrency_limit=2 batch_id=batch-1780273027875-000061-8b4267e17005f075 iteration=904 task_id=ch09-r06-edit persona=TechEditor
[38;5;11mWARNING: [0mDuplicate agent with name [38;5;10mmeshclaw-lite[0m was found in the global directory.
[0m[32mAll tools are now trusted ([0m[31m![0m[32m). Kiro will execute tools without asking for confirmation.[0m
Agents can sometimes do unexpected things so understand the risks.

Learn more at [38;5;141mhttps://kiro.dev/docs/cli/chat/security/#using-tools-trust-all-safely[0m



Reading directory: [38;5;141m/tmp/ralph-worktrees/iter-904[0m[38;5;244m (using tool: read, max depth: 1, max entries: 1000, excluding: defaults)[0m
[38;5;10m ✓ [0mSuccessfully read directory [38;5;141m/tmp/ralph-worktrees/iter-904[0m [38;5;244m(showing 1000 of 2226 entries, offset: 0)[0m
[38;5;244m - Completed in 0.128s[0m

[38;5;141m> [0mLet me read the recipe file, the reviews, and the style guide to perform the edit.[0m[0m
Batch fs_read operation with [38;5;141m5[0m operations[38;5;244m (using tool: read)[0m

↱ Operation 1: Reading file: [38;5;141m/tmp/ralph-worktrees/iter-904/chapter09.06-diabetic-retinopathy-screening.md[0m, all lines
↱ Operation 2: Reading file: [38;5;141m/tmp/ralph-worktrees/iter-904/reviews/chapter09.06-expert-review.md[0m, all lines
↱ Operation 3: Reading file: [38;5;141m/tmp/ralph-worktrees/iter-904/reviews/chapter09.06-code-review.md[0m, all lines
↱ Operation 4: Reading file: [38;5;141m/tmp/ralph-worktrees/iter-904/STYLE-GUIDE.md[0m, from line [38;5;141m1[0m to [38;5;141m80[0m
↱ Operation 5: Reading file: [38;5;141m/tmp/ralph-worktrees/iter-904/RECIPE-GUIDE.md[0m, from line [38;5;141m1[0m to [38;5;141m80[0m
[38;5;10m ✓ [0mSuccessfully read [38;5;244m32387 bytes[0m from /tmp/ralph-worktrees/iter-904/chapter09.06-diabetic-retinopathy-screening.md

[38;5;10m ✓ [0mSuccessfully read [38;5;244m22102 bytes[0m from /tmp/ralph-worktrees/iter-904/reviews/chapter09.06-expert-review.md

[38;5;10m ✓ [0mSuccessfully read [38;5;244m9895 bytes[0m from /tmp/ralph-worktrees/iter-904/reviews/chapter09.06-code-review.md

[38;5;10m ✓ [0mSuccessfully read [38;5;244m3731 bytes[0m from /tmp/ralph-worktrees/iter-904/STYLE-GUIDE.md

[38;5;10m ✓ [0mSuccessfully read [38;5;244m4128 bytes[0m from /tmp/ralph-worktrees/iter-904/RECIPE-GUIDE.md

 ⋮ 

[38;5;244m- [0mSummary: 5 operations processed, 5 successful, 0 failed
[38;5;244m - Completed in 0.1s[0m

[38;5;141m> [0mNow let me read the RECIPE-GUIDE.md further to check section order requirements, and also look at a completed Chapter 1 recipe for reference on the final edit format:[0m[0m
Reading file: [38;5;141m/tmp/ralph-worktrees/iter-904/RECIPE-GUIDE.md[0m, from line [38;5;141m80[0m to [38;5;141m140[0m[38;5;244m (using tool: read)[0m
[38;5;10m ✓ [0mSuccessfully read [38;5;244m3050 bytes[0m from /tmp/ralph-worktrees/iter-904/RECIPE-GUIDE.md
[38;5;244m - Completed in 0.0s[0m

[38;5;141m> [0mI now have all the context I need. Let me analyze the findings and apply the editorial fixes. The key issues from the reviews:[0m[0m
[0m[0m
[1mExpert Review (HIGH):[22m[0m[0m
- S1: IAM permissions missing Step Functions execution role[0m[0m
- A1: Cost estimate doesn't address low-volume scenarios[0m[0m
- N1: Missing VPC endpoint for Step Functions[0m[0m
[0m[0m
[1mExpert Review (MEDIUM):[22m[0m[0m
- S2: DynamoDB encryption not specified as customer-managed key[0m[0m
- A2: No DLQ on SNS notifications[0m[0m
- A3: Lambda memory/timeout not specified[0m[0m
- V1: TODO placeholders in Additional Resources[0m[0m
[0m[0m
[1mCode Review (WARNING):[22m[0m[0m
- Finding 1: scipy not in prerequisites (Python companion, not this file)[0m[0m
- Finding 2: image_key not passed to reading queue (Python companion)[0m[0m
[0m[0m
For the main recipe edit, I'll:[0m[0m
1. Fix the IAM permissions (S1) - add Step Functions role[0m[0m
2. Add cost guidance for low-volume (A1) - brief note[0m[0m
3. Fix VPC endpoints (N1) - add Step Functions[0m[0m
4. Fix DynamoDB encryption (S2) - specify CMK[0m[0m
5. Add DLQ note (A2) - brief addition[0m[0m
6. Add Lambda config note (A3) - brief addition[0m[0m
7. Leave TODO placeholders as-is with TODO markers (V1) - these need URL verification I can't do[0m[0m
8. Check for em dashes and voice issues[0m[0m
9. Check header hierarchy and formatting[0m[0m
[0m[0m
Let me now produce the edited file:[0m[0m
Searching: [38;5;141m/tmp/ralph-worktrees/iter-904/chapter09.06-diabetic-retinopathy-screening.md[0m for pattern: [38;5;141m—[0m[38;5;244m (using tool: read)[0m
[38;5;10m ✓ [0mFound 0 matches for pattern '—' in /tmp/ralph-worktrees/iter-904/chapter09.06-diabetic-retinopathy-screening.md
[38;5;244m - Completed in 0.0s[0m

[38;5;141m> [0mGood, no em dashes. Now let me apply the fixes. I'll make targeted edits to address the review findings:[0m[0m
I'll modify the following file: [38;5;141mchapter09.06-diabetic-retinopathy-screening.md[0m[38;5;244m (using tool: write)[0m
Purpose: Fix S1 (HIGH): Split IAM permissions into Lambda role, Step Functions role, and EventBridge trigger role

[49m[38;5;9m- 123     [0m:[38;5;9m[49m | **IAM Permissions** | `sagemaker:InvokeEndpoint`, `s3:GetObject`, `s3:PutObject`, `dynamodb:PutItem`, `dynamodb:GetItem`, `sns:Publish`, `states:StartExecution` |
[0m[49m[38;5;10m+      123[0m:[38;5;10m[49m | **IAM Permissions** | **Lambda execution role:** `sagemaker:InvokeEndpoint`, `s3:GetObject`, `s3:PutObject`, `dynamodb:PutItem`, `dynamodb:GetItem`, `sns:Publish`. **Step Functions execution role:** `lambda:InvokeFunction` (scoped to screening Lambda ARNs). **EventBridge rule role:** `states:StartExecution` (S3 event triggers Step Functions via EventBridge). |
[0m[K
Updating: [38;5;141mchapter09.06-diabetic-retinopathy-screening.md[0m
[38;5;244m - Completed in 0.0s[0m

I'll modify the following file: [38;5;141mchapter09.06-diabetic-retinopathy-screening.md[0m[38;5;244m (using tool: write)[0m
Purpose: Fix S2 (MEDIUM): Specify customer-managed KMS key for DynamoDB, consistent with S3 and SageMaker

[49m[38;5;9m- 125     [0m:[38;5;9m[49m | **Encryption** | S3: SSE-KMS; DynamoDB: encryption at rest; SageMaker endpoint: KMS encryption for model artifacts and inference data; all API calls over TLS |
[0m[49m[38;5;10m+      125[0m:[38;5;10m[49m | **Encryption** | S3: SSE-KMS; DynamoDB: encryption at rest with customer-managed KMS key (CMK); SageMaker endpoint: KMS encryption for model artifacts and inference data; all API calls over TLS |
[0m[K
Updating: [38;5;141mchapter09.06-diabetic-retinopathy-screening.md[0m
[38;5;244m - Completed in 0.0s[0m

I'll modify the following file: [38;5;141mchapter09.06-diabetic-retinopathy-screening.md[0m[38;5;244m (using tool: write)[0m
Purpose: Fix N1 (HIGH): Add Step Functions VPC endpoint. Fix N2 (LOW): Note NAT Gateway for external EHR calls.

[49m[38;5;9m- 126     [0m:[38;5;9m[49m | **VPC** | Production: SageMaker endpoint in VPC, Lambda in VPC with VPC endpoints for S3, DynamoDB, SageMaker Runtime, SNS, and CloudWatch Logs |
[0m[49m[38;5;10m+      126[0m:[38;5;10m[49m | **VPC** | Production: SageMaker endpoint in VPC, Lambda in VPC with VPC endpoints for S3, DynamoDB, SageMaker Runtime, Step Functions, SNS, and CloudWatch Logs. If EHR integration requires outbound HTTPS to external endpoints, configure a NAT Gateway or place the integration Lambda in a subnet with internet access. |
[0m[K
Updating: [38;5;141mchapter09.06-diabetic-retinopathy-screening.md[0m
[38;5;244m - Completed in 0.1s[0m

I'll modify the following file: [38;5;141mchapter09.06-diabetic-retinopathy-screening.md[0m[38;5;244m (using tool: write)[0m
Purpose: Fix A1 (HIGH): Add cost guidance for low-volume deployments with async/serverless alternatives

[49m[38;5;9m- 131     [0m:[38;5;9m[49m | **Cost Estimate** | SageMaker GPU endpoint (ml.g4dn.xlarge): ~$0.74/hour. At 100 images/day with 5-second inference: endpoint cost dominates at ~$530/month. S3 and DynamoDB negligible at this scale. |
[0m[49m[38;5;10m+      131[0m:[38;5;10m[49m | **Cost Estimate** | SageMaker GPU endpoint (ml.g4dn.xlarge): ~$0.74/hour. At 100 images/day with 5-second inference: endpoint cost dominates at ~$530/month. For programs processing fewer than 50 images/day, consider SageMaker Asynchronous Inference or Serverless Inference endpoints (scale to zero when idle, 10-30 second latency). The always-on real-time endpoint becomes cost-effective above ~200 images/day. S3 and DynamoDB negligible at screening scale. |
[0m[K
Updating: [38;5;141mchapter09.06-diabetic-retinopathy-screening.md[0m
[38;5;244m - Completed in 0.0s[0m

[38;5;141m> [0mNow let me add the Lambda configuration note and DLQ guidance. I'll add the Lambda config note to the "Why These Services" Lambda paragraph:[0m[0m
I'll modify the following file: [38;5;141mchapter09.06-diabetic-retinopathy-screening.md[0m[38;5;244m (using tool: write)[0m
Purpose: Fix A3 (MEDIUM): Add Lambda memory/timeout specification for quality check

[49m[38;5;9m- 91    [0m:[38;5;9m[49m **AWS Lambda for orchestration.** The screening workflow (receive image, check quality, invoke model, apply decision logic, store results, trigger notifications) is a sequence of short-lived operations. Lambda handles the orchestration without persistent infrastructure. For the quality assessment step, a lightweight model can run on Lambda with up to 10GB ephemeral storage.
[0m[49m[38;5;10m+     91[0m:[38;5;10m[49m **AWS Lambda for orchestration.** The screening workflow (receive image, check quality, invoke model, apply decision logic, store results, trigger notifications) is a sequence of short-lived operations. Lambda handles the orchestration without persistent infrastructure. For the quality assessment step, a lightweight model can run on Lambda with up to 10GB ephemeral storage. Configure the quality assessment Lambda with at least 2048MB memory and 30-second timeout; a CNN-based quality model on full-resolution fundus images needs the headroom. Consider provisioned concurrency to avoid cold-start latency on the first screening of the day.
[0m[K
Updating: [38;5;141mchapter09.06-diabetic-retinopathy-screening.md[0m
[38;5;244m - Completed in 0.0s[0m

[38;5;141m> [0mNow add the DLQ note to the SNS paragraph:[0m[0m
I'll modify the following file: [38;5;141mchapter09.06-diabetic-retinopathy-screening.md[0m[38;5;244m (using tool: write)[0m
Purpose: Fix A2 (MEDIUM): Add DLQ and alarm guidance for SNS notification reliability

[49m[38;5;9m- 95    [0m:[38;5;9m[49m **Amazon SNS for notifications.** When a screening result requires urgent referral (proliferative DR or significant DME), the system needs to notify the ordering provider immediately. SNS provides reliable message delivery to multiple channels (email, SMS, webhook to EHR).
[0m[49m[38;5;10m+     95[0m:[38;5;10m[49m **Amazon SNS for notifications.** When a screening result requires urgent referral (proliferative DR or significant DME), the system needs to notify the ordering provider immediately. SNS provides reliable message delivery to multiple channels (email, SMS, webhook to EHR). Configure a dead-letter queue (SQS) on each SNS topic. For the urgent-referrals topic, add a CloudWatch alarm on the DLQ message count so failed notifications trigger an immediate operational alert.
[0m[K
Updating: [38;5;141mchapter09.06-diabetic-retinopathy-screening.md[0m
[38;5;244m - Completed in 0.1s[0m

[38;5;141m> [0mNow let me add a brief S3 bucket policy note (S3 LOW finding):[0m[0m
I'll modify the following file: [38;5;141mchapter09.06-diabetic-retinopathy-screening.md[0m[38;5;244m (using tool: write)[0m
Purpose: Fix S3 (LOW): Add bucket policy note for PHI-containing S3 bucket

[49m[38;5;9m- 89    [0m:[38;5;9m[49m **Amazon S3 for image storage.** Fundus images are large (typically 2-10MB each) and must be retained for regulatory compliance, quality audits, and potential reprocessing when models are updated. S3 with SSE-KMS encryption provides durable, compliant storage with lifecycle policies for long-term retention.
[0m[49m[38;5;10m+     89[0m:[38;5;10m[49m **Amazon S3 for image storage.** Fundus images are large (typically 2-10MB each) and must be retained for regulatory compliance, quality audits, and potential reprocessing when models are updated. S3 with SSE-KMS encryption provides durable, compliant storage with lifecycle policies for long-term retention. Apply a bucket policy enforcing SSE-KMS on all uploads (`aws:SecureTransport` condition) and restricting access to the Lambda execution role and authorized administrative principals.
[0m[K
Updating: [38;5;141mchapter09.06-diabetic-retinopathy-screening.md[0m
[38;5;244m - Completed in 0.1s[0m

[38;5;141m> [0mNow let me handle the TODO placeholders in Additional Resources. The expert review (V1, MEDIUM) flagged these. Since I cannot verify URLs, I'll leave them as TODO markers with the proper format for the TechWriter to resolve:[0m[0m
I'll modify the following file: [38;5;141mchapter09.06-diabetic-retinopathy-screening.md[0m[38;5;244m (using tool: write)[0m
Purpose: Add TODO marker for V1 (MEDIUM): URL verification needed before publication

[49m[39m  417, 417[0m:[39m[49m **Clinical and Regulatory References:**
[0m[49m[38;5;10m+      418[0m:[38;5;10m[49m <!-- TODO (TechWriter): Expert review V1 (MEDIUM). Verify and fill all six URLs below before publication. Remove entries where URLs cannot be confirmed. -->
[0m[49m[39m  418, 419[0m:[39m[49m - TODO: Verify current FDA guidance document URL for AI/ML-based Software as a Medical Device (SaMD)
[0m[49m[39m  419, 420[0m:[39m[49m - TODO: Verify URL for IDx-DR (Digital Diagnostics) FDA De Novo clearance summary
[0m[49m[39m  420, 421[0m:[39m[49m - TODO: Verify URL for AAO Diabetic Retinopathy Preferred Practice Pattern
[0m[49m[39m  421, 422[0m:[39m[49m 
[0m[49m[39m  422, 423[0m:[39m[49m **Public Datasets (for development only):**
[0m[49m[39m  423, 424[0m:[39m[49m - TODO: Verify current Kaggle EyePACS dataset URL
[0m[49m[39m  424, 425[0m:[39m[49m - TODO: Verify Messidor-2 dataset access URL
[0m[49m[39m  425, 426[0m:[39m[49m - TODO: Verify APTOS 2019 Blindness Detection challenge URL
[0m[K
Updating: [38;5;141mchapter09.06-diabetic-retinopathy-screening.md[0m
[38;5;244m - Completed in 0.1s[0m

[38;5;141m> [0mNow let me verify the final file looks correct by checking the modified sections:[0m[0m
Batch fs_read operation with [38;5;141m5[0m operations[38;5;244m (using tool: read)[0m

↱ Operation 1: Searching: [38;5;141m/tmp/ralph-worktrees/iter-904/chapter09.06-diabetic-retinopathy-screening.md[0m for pattern: [38;5;141miam permissions[0m
↱ Operation 2: Searching: [38;5;141m/tmp/ralph-worktrees/iter-904/chapter09.06-diabetic-retinopathy-screening.md[0m for pattern: [38;5;141mvpc[0m
↱ Operation 3: Searching: [38;5;141m/tmp/ralph-worktrees/iter-904/chapter09.06-diabetic-retinopathy-screening.md[0m for pattern: [38;5;141mcost estimate[0m
↱ Operation 4: Searching: [38;5;141m/tmp/ralph-worktrees/iter-904/chapter09.06-diabetic-retinopathy-screening.md[0m for pattern: [38;5;141mdead-letter[0m
↱ Operation 5: Searching: [38;5;141m/tmp/ralph-worktrees/iter-904/chapter09.06-diabetic-retinopathy-screening.md[0m for pattern: [38;5;141mtodo[0m
[38;5;10m ✓ [0mFound 1 matches for pattern 'IAM Permissions' in /tmp/ralph-worktrees/iter-904/chapter09.06-diabetic-retinopathy-screening.md

[38;5;10m ✓ [0mFound 1 matches for pattern 'VPC' in /tmp/ralph-worktrees/iter-904/chapter09.06-diabetic-retinopathy-screening.md

[38;5;10m ✓ [0mFound 1 matches for pattern 'Cost Estimate' in /tmp/ralph-worktrees/iter-904/chapter09.06-diabetic-retinopathy-screening.md

[38;5;10m ✓ [0mFound 1 matches for pattern 'dead-letter' in /tmp/ralph-worktrees/iter-904/chapter09.06-diabetic-retinopathy-screening.md

[38;5;10m ✓ [0mFound 7 matches for pattern 'TODO' in /tmp/ralph-worktrees/iter-904/chapter09.06-diabetic-retinopathy-screening.md

 ⋮ 

[38;5;244m- [0mSummary: 5 operations processed, 5 successful, 0 failed
[38;5;244m - Completed in 0.1s[0m

[38;5;141m> [0mAll fixes are applied correctly. Let me do a final check for any remaining issues: em dashes, header hierarchy, and overall structure:[0m[0m
Batch fs_read operation with [38;5;141m2[0m operations[38;5;244m (using tool: read)[0m

↱ Operation 1: Searching: [38;5;141m/tmp/ralph-worktrees/iter-904/chapter09.06-diabetic-retinopathy-screening.md[0m for pattern: [38;5;141m^#[0m
↱ Operation 2: Searching: [38;5;141m/tmp/ralph-worktrees/iter-904/chapter09.06-diabetic-retinopathy-screening.md[0m for pattern: [38;5;141mthis recipe demonstrates[0m
[38;5;10m ✓ [0mFound 0 matches for pattern '^#' in /tmp/ralph-worktrees/iter-904/chapter09.06-diabetic-retinopathy-screening.md

[38;5;10m ✓ [0mFound 0 matches for pattern 'This recipe demonstrates' in /tmp/ralph-worktrees/iter-904/chapter09.06-diabetic-retinopathy-screening.md

 ⋮ 

[38;5;244m- [0mSummary: 2 operations processed, 2 successful, 0 failed
[38;5;244m - Completed in 0.0s[0m

[38;5;141m> [0mThe grep for [38;5;10m^#[0m returned empty because the search is case-insensitive line matching, not regex anchored. Let me check headers properly:[0m[0m
Searching for: [38;5;141m^#{1,4} [0m in [38;5;141m/tmp/ralph-worktrees/iter-904/chapter09.06-diabetic-retinopathy-screening.md[0m[38;5;244m (using tool: grep)[0m
[38;5;10m ✓ [0mSuccessfully found [38;5;244m23 matches[0m in [38;5;244m1 files[0m under /tmp/ralph-worktrees/iter-904/chapter09.06-diabetic-retinopathy-screening.md (result is truncated)
[38;5;244m - Completed in 0.0s[0m

Searching for: [38;5;141m^#{1,4} [0m in [38;5;141m/tmp/ralph-worktrees/iter-904/chapter09.06-diabetic-retinopathy-screening.md[0m[38;5;244m (using tool: grep)[0m
[38;5;10m ✓ [0mSuccessfully found [38;5;244m23 matches[0m in [38;5;244m1 files[0m under /tmp/ralph-worktrees/iter-904/chapter09.06-diabetic-retinopathy-screening.md
[38;5;244m - Completed in 0.0s[0m

[38;5;141m> [0mHeader hierarchy is correct: H1 for title, H2 for major sections, H3 for subsections, H4 for sub-subsections. No skipped levels.[0m[0m
[0m[0m
Let me verify the section order matches RECIPE-GUIDE requirements:[0m[0m
1. The Problem ✓[0m[0m
2. The Technology ✓ (vendor-agnostic)[0m[0m
3. The General Architecture Pattern ✓ (vendor-agnostic)[0m[0m
4. The AWS Implementation ✓ (with Why These Services, Architecture Diagram, Prerequisites, Ingredients, Code, Expected Results)[0m[0m
5. The Honest Take ✓[0m[0m
6. Variations and Extensions ✓[0m[0m
7. Related Recipes ✓[0m[0m
8. Additional Resources ✓[0m[0m
9. Estimated Implementation Time ✓[0m[0m
10. Tags ✓[0m[0m
11. Navigation ✓[0m[0m
[0m[0m
All sections present and in correct order. The edit is complete.[0m[0m
[0m[0m
━━━━━━━━━━━━━━━━━━━━━━━━━━━━━━━━━━━━━━━━
[0m[0m
[0m[0m
[1mEdit summary for recipe 9.6 (Diabetic Retinopathy Screening):[22m[0m[0m
[0m[0m
Changes applied:[0m[0m
- **S1 (HIGH) fixed:** Split IAM Permissions into three distinct roles (Lambda execution role, Step Functions execution role, EventBridge rule role) with correct permission scoping[0m[0m
- **A1 (HIGH) fixed:** Added cost guidance for low-volume deployments, noting SageMaker Async/Serverless Inference alternatives for <50 images/day[0m[0m
- **N1 (HIGH) fixed:** Added Step Functions VPC endpoint to the VPC prerequisites[0m[0m
- **S2 (MEDIUM) fixed:** Specified customer-managed KMS key for DynamoDB encryption, consistent with S3 and SageMaker[0m[0m
- **A2 (MEDIUM) fixed:** Added DLQ (SQS) and CloudWatch alarm guidance for SNS notification reliability[0m[0m
- **A3 (MEDIUM) fixed:** Added Lambda memory (2048MB), timeout (30s), and provisioned concurrency guidance[0m[0m
- **V1 (MEDIUM) deferred:** Added TODO marker for TechWriter to verify and fill six URLs before publication[0m[0m
- **S3 (LOW) fixed:** Added bucket policy note for PHI-containing S3 bucket[0m[0m
- **N2 (LOW) fixed:** Added NAT Gateway note for external EHR integration calls[0m[0m
- **V2 (LOW):** No action taken per reviewer recommendation (table format constrains voice)[0m[0m
[0m[0m
[38;5;252m[0m[?25l[?25l[0m[0m[?25l[0m[?25l[0m[0m[?25l[0m[?25l[0m[0m[?25l[0m[?25l[0m[0m[?25l[0m[?25l[0m[0m[?25l[0m[?25l[0m[0m[?25l[0m[?25l[0m[0m[?25l[0m[?25l[0m[0m[?25l[0m[?25l[0m[0m[?25l[0m[?25l[0m[0m[?25l[0m[?25l[0m[0m[?25l[0m[?25l[0m[0m[?25l[0m[?25l[0m[0m[?25l[0m[?25l[0m[0m[?25l[0m[?25l[0m[0m[?25l[0m[?25l[0m[0m[?25l[0m[0m[0m
[38;5;8m
 ▸ Credits: 14.88 • Time: 2m 0s

[0m[1G[0m[0m[?25hNo em dashes found. No documentation-voice detected. Header hierarchy correct. Section order matches RECIPE-GUIDE. Voice consistent with STYLE-GUIDE throughout.[38;5;11mWARNING: [0mDuplicate agent with name [38;5;10mmeshclaw-lite[0m was found in the global directory.
[0m[32mAll tools are now trusted ([0m[31m![0m[32m). Kiro will execute tools without asking for confirmation.[0m
Agents can sometimes do unexpected things so understand the risks.

Learn more at [38;5;141mhttps://kiro.dev/docs/cli/chat/security/#using-tools-trust-all-safely[0m



[38;5;252m[0m[?25l[?25l[0m[0m[1mTool validation failed: [0m
[38;5;9mFailed to validate tool parameters: '/tmp/ralph-worktrees/iter-904/chapters/09-computer-vision/recipe-06-diabetic-retinopathy.md' does not exist
[0m[?25l[0m[0m[1mTool validation failed: [0m
[38;5;9mFailed to validate tool parameters: Directory not found: /tmp/ralph-worktrees/iter-904/chapters/09-computer-vision
[0m[?25l[0m[0m[1mTool validation failed: [0m
[38;5;9mFailed to validate tool parameters: Directory not found: /tmp/ralph-worktrees/iter-904/chapters
Reading directory: [38;5;141m/tmp/ralph-worktrees/iter-904[0m[38;5;244m (using tool: read, max depth: 1, max entries: 1000, excluding: defaults)[0m
[38;5;10m ✓ [0mSuccessfully read directory [38;5;141m/tmp/ralph-worktrees/iter-904[0m [38;5;244m(showing 1000 of 2226 entries, offset: 0)[0m
[38;5;244m - Completed in 0.122s[0m

[38;5;141m> [0mNow I can see the file. Let me read the STYLE-GUIDE.md and the chapter file, plus the relevant review files.[0m[0m
Batch fs_read operation with [38;5;141m2[0m operations[38;5;244m (using tool: read)[0m

↱ Operation 1: Reading file: [38;5;141m/tmp/ralph-worktrees/iter-904/STYLE-GUIDE.md[0m, all lines
↱ Operation 2: Reading file: [38;5;141m/tmp/ralph-worktrees/iter-904/chapter09.06-diabetic-retinopathy-screening.md[0m, from line [38;5;141m1[0m to [38;5;141m100[0m
[38;5;10m ✓ [0mSuccessfully read [38;5;244m3731 bytes[0m from /tmp/ralph-worktrees/iter-904/STYLE-GUIDE.md

[38;5;10m ✓ [0mSuccessfully read [38;5;244m11587 bytes[0m from /tmp/ralph-worktrees/iter-904/chapter09.06-diabetic-retinopathy-screening.md

 ⋮ 

[38;5;244m- [0mSummary: 2 operations processed, 2 successful, 0 failed
[38;5;244m - Completed in 0.0s[0m

Reading file: [38;5;141m/tmp/ralph-worktrees/iter-904/chapter09.06-diabetic-retinopathy-screening.md[0m, from line [38;5;141m101[0m to [38;5;141m250[0m[38;5;244m (using tool: read)[0m
[38;5;10m ✓ [0mSuccessfully read [38;5;244m10066 bytes[0m from /tmp/ralph-worktrees/iter-904/chapter09.06-diabetic-retinopathy-screening.md
[38;5;244m - Completed in 0.0s[0m

Reading file: [38;5;141m/tmp/ralph-worktrees/iter-904/chapter09.06-diabetic-retinopathy-screening.md[0m, from line [38;5;141m251[0m to [38;5;141m450[0m[38;5;244m (using tool: read)[0m
[38;5;10m ✓ [0mSuccessfully read [38;5;244m12205 bytes[0m from /tmp/ralph-worktrees/iter-904/chapter09.06-diabetic-retinopathy-screening.md
[38;5;244m - Completed in 0.0s[0m

[38;5;141m> [0mNow let me check the relevant review files for this recipe:[0m[0m
Batch fs_read operation with [38;5;141m2[0m operations[38;5;244m (using tool: read)[0m

↱ Operation 1: Reading file: [38;5;141m/tmp/ralph-worktrees/iter-904/reviews/chapter09.06-expert-review.md[0m, all lines
↱ Operation 2: Reading file: [38;5;141m/tmp/ralph-worktrees/iter-904/reviews/chapter09.06-code-review.md[0m, all lines
[38;5;10m ✓ [0mSuccessfully read [38;5;244m22102 bytes[0m from /tmp/ralph-worktrees/iter-904/reviews/chapter09.06-expert-review.md

[38;5;10m ✓ [0mSuccessfully read [38;5;244m9895 bytes[0m from /tmp/ralph-worktrees/iter-904/reviews/chapter09.06-code-review.md

 ⋮ 

[38;5;244m- [0mSummary: 2 operations processed, 2 successful, 0 failed
[38;5;244m - Completed in 0.0s[0m

[38;5;141m> [0mNow I have all the information needed to perform the review. Let me check for em dashes and other style issues in the recipe:[0m[0m
Searching: [38;5;141m/tmp/ralph-worktrees/iter-904/chapter09.06-diabetic-retinopathy-screening.md[0m for pattern: [38;5;141m—[0m[38;5;244m (using tool: read)[0m
[38;5;10m ✓ [0mFound 0 matches for pattern '—' in /tmp/ralph-worktrees/iter-904/chapter09.06-diabetic-retinopathy-screening.md
[38;5;244m - Completed in 0.0s[0m

[38;5;141m> [0mGood, no em dashes. Now let me verify the header hierarchy and code block language tags by scanning the full file structure:[0m[0m
Searching: [38;5;141m/tmp/ralph-worktrees/iter-904/chapter09.06-diabetic-retinopathy-screening.md[0m for pattern: [38;5;141m^```[0m[38;5;244m (using tool: read)[0m
[38;5;10m ✓ [0mFound 0 matches for pattern '^```' in /tmp/ralph-worktrees/iter-904/chapter09.06-diabetic-retinopathy-screening.md
[38;5;244m - Completed in 0.0s[0m

Searching for: [38;5;141m^```[0m in [38;5;141m/tmp/ralph-worktrees/iter-904/chapter09.06-diabetic-retinopathy-screening.md[0m[38;5;244m (using tool: grep)[0m
[38;5;10m ✓ [0mSuccessfully found [38;5;244m14 matches[0m in [38;5;244m1 files[0m under /tmp/ralph-worktrees/iter-904/chapter09.06-diabetic-retinopathy-screening.md (result is truncated)
[38;5;244m - Completed in 0.0s[0m

Searching for: [38;5;141m^```$[0m in [38;5;141m/tmp/ralph-worktrees/iter-904/chapter09.06-diabetic-retinopathy-screening.md[0m[38;5;244m (using tool: grep)[0m
[38;5;10m ✓ [0mSuccessfully found [38;5;244m12 matches[0m in [38;5;244m1 files[0m under /tmp/ralph-worktrees/iter-904/chapter09.06-diabetic-retinopathy-screening.md (result is truncated)
[38;5;244m - Completed in 0.0s[0m

[38;5;141m> [0mLet me check the opening code fences to see which ones have language tags:[0m[0m
Searching for: [38;5;141m^```[a-zA-Z][0m in [38;5;141m/tmp/ralph-worktrees/iter-904/chapter09.06-diabetic-retinopathy-screening.md[0m[38;5;244m (using tool: grep)[0m
[38;5;10m ✓ [0mSuccessfully found [38;5;244m2 matches[0m in [38;5;244m1 files[0m under /tmp/ralph-worktrees/iter-904/chapter09.06-diabetic-retinopathy-screening.md
[38;5;244m - Completed in 0.0s[0m

[38;5;141m> [0mThere are code blocks without language tags. Let me check what's at line 67 and the pseudocode blocks:[0m[0m
Reading file: [38;5;141m/tmp/ralph-worktrees/iter-904/chapter09.06-diabetic-retinopathy-screening.md[0m, from line [38;5;141m65[0m to [38;5;141m70[0m[38;5;244m (using tool: read)[0m
[38;5;10m ✓ [0mSuccessfully read [38;5;244m156 bytes[0m from /tmp/ralph-worktrees/iter-904/chapter09.06-diabetic-retinopathy-screening.md
[38;5;244m - Completed in 0.0s[0m

[38;5;141m> [0mThat's a plain text diagram without a language tag. Let me check the pseudocode blocks:[0m[0m
Reading file: [38;5;141m/tmp/ralph-worktrees/iter-904/chapter09.06-diabetic-retinopathy-screening.md[0m, from line [38;5;141m150[0m to [38;5;141m155[0m[38;5;244m (using tool: read)[0m
[38;5;10m ✓ [0mSuccessfully read [38;5;244m916 bytes[0m from /tmp/ralph-worktrees/iter-904/chapter09.06-diabetic-retinopathy-screening.md
[38;5;244m - Completed in 0.0s[0m

[38;5;141m> [0mThe pseudocode blocks use bare [38;5;10m[0mSearching for: [38;5;141m^#{1,6} [0m in [38;5;141m/tmp/ralph-worktrees/iter-904/chapter09.06-diabetic-retinopathy-screening.md[0m[38;5;244m (using tool: grep)[0m
[38;5;10m ✓ [0mSuccessfully found [38;5;244m23 matches[0m in [38;5;244m1 files[0m under /tmp/ralph-worktrees/iter-904/chapter09.06-diabetic-retinopathy-screening.md (result is truncated)
[38;5;244m - Completed in 0.0s[0m

Searching for: [38;5;141m^#{1,6} [0m in [38;5;141m/tmp/ralph-worktrees/iter-904/chapter09.06-diabetic-retinopathy-screening.md[0m[38;5;244m (using tool: grep)[0m
[38;5;10m ✓ [0mSuccessfully found [38;5;244m23 matches[0m in [38;5;244m1 files[0m under /tmp/ralph-worktrees/iter-904/chapter09.06-diabetic-retinopathy-screening.md (result is truncated)
[38;5;244m - Completed in 0.1s[0m

Searching for: [38;5;141m^#{1,6} [0m in [38;5;141m/tmp/ralph-worktrees/iter-904/chapter09.06-diabetic-retinopathy-screening.md[0m[38;5;244m (using tool: grep)[0m
[38;5;10m ✓ [0mSuccessfully found [38;5;244m23 matches[0m in [38;5;244m1 files[0m under /tmp/ralph-worktrees/iter-904/chapter09.06-diabetic-retinopathy-screening.md
[38;5;244m - Completed in 0.0s[0m

[38;5;141m> [0mThe header hierarchy is correct: H1 (Recipe title) → H2 (major sections) → H3 (subsections) → H4 (Walkthrough under Code). No skipped levels.[0m[0m
[0m[0m
Now I have all the information needed to render my verdict. Let me check the key pass conditions:[0m[0m
[0m[0m
1. [1mNo em dashes:[22m Confirmed - zero em dashes found.[0m[0m
2. [1mCorrect header hierarchy:[22m H1 → H2 → H3 → H4, no skipped levels. ✓[0m[0m
3. [1mCode blocks with language tags:[22m FAIL - There are pseudocode blocks (lines 67, 152, etc.) using bare [38;5;10m[0m[38;5;10m without language tags. The [0mmermaid[38;5;10m and [0mjson[38;5;10m blocks have tags, but the pseudocode blocks and the architecture pattern text block do not.
4. **Voice consistent with STYLE-GUIDE.md:** Strong voice throughout per expert review.
5. **HIGH/MEDIUM technical findings incorporated or flagged as TODO:** Let me verify this against the expert review findings.

Looking at the expert review findings:
- HIGH S1 (IAM permissions): The recipe now shows "**Step Functions execution role:** [0mlambda:InvokeFunction[38;5;10m (scoped to screening Lambda ARNs). **EventBridge rule role:** [0mstates:StartExecution[38;5;10m" - this is incorporated.
- HIGH A1 (Cost for low-volume): The recipe now includes "For programs processing fewer than 50 images/day, consider SageMaker Asynchronous Inference or Serverless Inference endpoints (scale to zero when idle, 10-30 second latency). The always-on real-time endpoint becomes cost-effective above ~200 images/day." - incorporated.
- HIGH N1 (VPC endpoint for Step Functions): The VPC row now includes "Step Functions" in the list - incorporated.
- MEDIUM S2 (DynamoDB CMK): The encryption row now says "DynamoDB: encryption at rest with customer-managed KMS key (CMK)" - incorporated.
- MEDIUM A2 (DLQ on SNS): The SNS section now says "Configure a dead-letter queue (SQS) on each SNS topic. For the urgent-referrals topic, add a CloudWatch alarm on the DLQ message count so failed notifications trigger an immediate operational alert." - incorporated.
- MEDIUM A3 (Lambda memory/timeout): The Lambda section now says "Configure the quality assessment Lambda with at least 2048MB memory and 30-second timeout... Consider provisioned concurrency to avoid cold-start latency on the first screening of the day." - incorporated.
- MEDIUM V1 (TODO placeholders): The Additional Resources section still has TODO items, but they are explicitly marked with [0m<!-- TODO (TechWriter): Expert review V1 (MEDIUM). Verify and fill all six URLs below before publication. Remove entries where URLs cannot be confirmed. -->[38;5;10m - this is properly flagged as a TODO marker for the TechWriter.

The code block language tag issue is a style guide violation. The STYLE-GUIDE says "all code blocks have language tags" is a pass condition. The pseudocode blocks use bare [0m[38;5;10m[0m without a language tag like [38;5;10mtext[0m or [38;5;10mpseudocode[0m.[0m[0m
[0m[0m
[0m[?25l[0m[0m[?25l[0m[?25l[0m[0m[?25l[0m[?25l[0m[0m[?25l[0m[?25l[0m[0m[?25l[0m[?25l[0m[0m[?25l[0m[?25l[0m[0m[?25l[0m[?25l[0m[0m[?25l[0m[?25l[0m[0m[?25l[0m[?25l[0m[0m[?25l[0m[?25l[0m[0m[?25l[0m[?25l[0m[0m[?25l[0m[?25l[0m[0m[?25l[0m[?25l[0m[0m[?25l[0m[?25l[0m[0m[?25l[0m[?25l[0m[0m[?25l[0m[0m[0m
[38;5;8m
 ▸ Credits: 14.19 • Time: 1m 32s

[0m[1G[0m[0m[?25h{"verdict": "fail", "rationale": "Code blocks at lines 67, 152, 181, 213, 251, and 283 use bare [38;5;10m[0m[38;5;10m without language tags. The style guide pass condition requires all code blocks to have language tags. The pseudocode blocks should use a language identifier (e.g., [0m[38;5;10m[0mtext or [38;5;10m[0m