# parallel_worker header: concurrency_limit=4 batch_id=batch-1779677862079-000012-a977d8ff02fda6b2 iteration=152 task_id=ch11-r10-draft persona=TechWriter
[32mAll tools are now trusted ([0m[31m![0m[32m). Kiro will execute tools without asking for confirmation.[0m
Agents can sometimes do unexpected things so understand the risks.

Learn more at [38;5;141mhttps://kiro.dev/docs/cli/chat/security/#using-tools-trust-all-safely[0m



[38;5;252m[0m[?25l[38;5;11m
WARNING: [0mRetry #2, retrying within 10.0s..
Reading directory: [38;5;141mC:\Users\lawsnic\OneDrive - amazon.com\Documents\HCLS-ai-book\.ralph\worktrees\iter-152[0m[38;5;244m (using tool: read, max depth: 1, max entries: 1000, excluding: defaults)[0m
[38;5;10m ✓ [0mSuccessfully read directory [38;5;141mC:\Users\lawsnic\OneDrive - amazon.com\Documents\HCLS-ai-book\.ralph\worktrees\iter-152[0m [38;5;244m(showing 1000 of 1258 entries, offset: 0)[0m
[38;5;244m - Completed in 0.22s[0m

[38;5;141m> [0mLet me look at the key reference files and existing chapter 11 recipes to understand the structure.[0m[0m
[0m[0m
[0m[0m
Searching for files: [38;5;141m**/chapter11*.md[0m[38;5;244m (using tool: glob)[0mSearching for files: [38;5;141m**/{STYLE-GUIDE,RECIPE-GUIDE}.md[0m[38;5;244m (using tool: glob)[0mSearching for files: [38;5;141m**/categories/11-*.md[0m[38;5;244m (using tool: glob)[0m
[38;5;10m ✓ [0mSuccessfully found [38;5;244m31 files[0m under current directory
[38;5;244m - Completed in 0.24s[0m


[38;5;10m ✓ [0mSuccessfully found [38;5;244m2 files[0m under current directory
[38;5;244m - Completed in 0.18s[0m


[38;5;10m ✓ [0mSuccessfully found [38;5;244m1 files[0m under current directory
[38;5;244m - Completed in 0.18s[0m

Searching for files: [38;5;141m**/chapter11.09*.md[0m[38;5;244m (using tool: glob)[0mSearching for files: [38;5;141m**/_Sidebar.md[0m[38;5;244m (using tool: glob)[0m
[38;5;9m ❗ [0mNo files found matching pattern: [38;5;244m**/chapter11.09*.md[0m under current directory
[38;5;244m - Completed in 0.15s[0m


[38;5;10m ✓ [0mSuccessfully found [38;5;244m1 files[0m under current directory
[38;5;244m - Completed in 0.20s[0m

Batch fs_read operation with [38;5;141m4[0m operations[38;5;244m (using tool: read)[0m

↱ Operation 1: Reading file: [38;5;141mC:\Users\lawsnic\OneDrive - amazon.com\Documents\HCLS-ai-book\.ralph\worktrees\iter-152\STYLE-GUIDE.md[0m, all lines
↱ Operation 2: Reading file: [38;5;141mC:\Users\lawsnic\OneDrive - amazon.com\Documents\HCLS-ai-book\.ralph\worktrees\iter-152\RECIPE-GUIDE.md[0m, all lines
↱ Operation 3: Reading file: [38;5;141mC:\Users\lawsnic\OneDrive - amazon.com\Documents\HCLS-ai-book\.ralph\worktrees\iter-152\categories\11-conversational-ai.md[0m, all lines
↱ Operation 4: Reading file: [38;5;141mC:\Users\lawsnic\OneDrive - amazon.com\Documents\HCLS-ai-book\.ralph\worktrees\iter-152\_Sidebar.md[0m, all lines
[38;5;10m ✓ [0mSuccessfully read [38;5;244m3731 bytes[0m from C:\Users\lawsnic\OneDrive - amazon.com\Documents\HCLS-ai-book\.ralph\worktrees\iter-152\STYLE-GUIDE.md

[38;5;10m ✓ [0mSuccessfully read [38;5;244m9026 bytes[0m from C:\Users\lawsnic\OneDrive - amazon.com\Documents\HCLS-ai-book\.ralph\worktrees\iter-152\RECIPE-GUIDE.md

[38;5;10m ✓ [0mSuccessfully read [38;5;244m4623 bytes[0m from C:\Users\lawsnic\OneDrive - amazon.com\Documents\HCLS-ai-book\.ralph\worktrees\iter-152\categories\11-conversational-ai.md

[38;5;10m ✓ [0mSuccessfully read [38;5;244m10419 bytes[0m from C:\Users\lawsnic\OneDrive - amazon.com\Documents\HCLS-ai-book\.ralph\worktrees\iter-152\_Sidebar.md

 ⋮ 

[38;5;244m- [0mSummary: 4 operations processed, 4 successful, 0 failed
[38;5;244m - Completed in 0.2s[0m

[38;5;141m> [0mLet me look at the recent complex chapter 11 recipes (11.07 and 11.08) for style reference:[0m[0m
Reading file: [38;5;141mC:\Users\lawsnic\OneDrive - amazon.com\Documents\HCLS-ai-book\.ralph\worktrees\iter-152\chapter11.08-mental-health-support-bot.md[0m, all lines[38;5;244m (using tool: read)[0m
[38;5;10m ✓ [0mSuccessfully read [38;5;244m211204 bytes[0m from C:\Users\lawsnic\OneDrive - amazon.com\Documents\HCLS-ai-book\.ralph\worktrees\iter-152\chapter11.08-mental-health-support-bot.md
[38;5;244m - Completed in 0.1s[0m

[38;5;141m> [0mLet me look at the planning details for 11.10, plus a slightly less complex recipe for additional reference points:[0m[0m
Batch fs_read operation with [38;5;141m3[0m operations[38;5;244m (using tool: read)[0m

↱ Operation 1: Searching: [38;5;141mC:\Users\lawsnic\OneDrive - amazon.com\Documents\HCLS-ai-book\.ralph\worktrees\iter-152\planning\phase2-11-conversational-ai.md[0m for pattern: [38;5;141m11.10|clinical trial|recruitment[0m
↱ Operation 2: Searching: [38;5;141mC:\Users\lawsnic\OneDrive - amazon.com\Documents\HCLS-ai-book\.ralph\worktrees\iter-152\specs\ch11-r10-draft.md[0m for pattern: [38;5;141m.[0m
↱ Operation 3: Searching: [38;5;141mC:\Users\lawsnic\OneDrive - amazon.com\Documents\HCLS-ai-book\.ralph\worktrees\iter-152\specs\ch11-r09-draft.md[0m for pattern: [38;5;141m.[0m
[38;5;10m ✓ [0mFound 0 matches for pattern '11.10|Clinical Trial|Recruitment' in C:\Users\lawsnic\OneDrive - amazon.com\Documents\HCLS-ai-book\.ralph\worktrees\iter-152\planning\phase2-11-conversational-ai.md

[38;5;10m ✓ [0mFound 4 matches for pattern '.' in C:\Users\lawsnic\OneDrive - amazon.com\Documents\HCLS-ai-book\.ralph\worktrees\iter-152\specs\ch11-r10-draft.md

[38;5;10m ✓ [0mFound 4 matches for pattern '.' in C:\Users\lawsnic\OneDrive - amazon.com\Documents\HCLS-ai-book\.ralph\worktrees\iter-152\specs\ch11-r09-draft.md

 ⋮ 

[38;5;244m- [0mSummary: 3 operations processed, 3 successful, 0 failed
[38;5;244m - Completed in 0.2s[0m

Batch fs_read operation with [38;5;141m2[0m operations[38;5;244m (using tool: read)[0m

↱ Operation 1: Searching: [38;5;141mC:\Users\lawsnic\OneDrive - amazon.com\Documents\HCLS-ai-book\.ralph\worktrees\iter-152\planning\phase2-11-conversational-ai.md[0m for pattern: [38;5;141mtrial|11\.10|recruitment[0m
↱ Operation 2: Reading file: [38;5;141mC:\Users\lawsnic\OneDrive - amazon.com\Documents\HCLS-ai-book\.ralph\worktrees\iter-152\chapter11-preface.md[0m, all lines
[38;5;10m ✓ [0mFound 0 matches for pattern 'Trial|11\.10|Recruitment' in C:\Users\lawsnic\OneDrive - amazon.com\Documents\HCLS-ai-book\.ralph\worktrees\iter-152\planning\phase2-11-conversational-ai.md

[38;5;10m ✓ [0mSuccessfully read [38;5;244m48962 bytes[0m from C:\Users\lawsnic\OneDrive - amazon.com\Documents\HCLS-ai-book\.ralph\worktrees\iter-152\chapter11-preface.md

 ⋮ 

[38;5;244m- [0mSummary: 2 operations processed, 2 successful, 0 failed
[38;5;244m - Completed in 0.1s[0m

[38;5;141m> [0mI have all the context I need. The chapter 11 recipes are extremely thorough (~10,000+ words for the complex ones like 11.8). Let me now draft recipe 11.10 with comparable depth, focused specifically on clinical trial recruitment.[0m[0m
