# parallel_worker header: concurrency_limit=2 batch_id=batch-1780503617194-000020-777d041b0e078f1b iteration=1192 task_id=ch07-r05-edit persona=TechEditor
[38;5;11mWARNING: [0mDuplicate agent with name [38;5;10mmeshclaw-lite[0m was found in the global directory.
[0m[32mAll tools are now trusted ([0m[31m![0m[32m). Kiro will execute tools without asking for confirmation.[0m
Agents can sometimes do unexpected things so understand the risks.

Learn more at [38;5;141mhttps://kiro.dev/docs/cli/chat/security/#using-tools-trust-all-safely[0m



[38;5;141m> [0mI'll start by reading the current draft, the reviews, and the style/recipe guides to understand what needs to be edited.[0m[0m
Batch fs_read operation with [38;5;141m4[0m operations[38;5;244m (using tool: read)[0m

↱ Operation 1: Reading file: [38;5;141m/tmp/ralph-worktrees/iter-1192/chapter07.05-30-day-readmission-risk.md[0m, all lines
↱ Operation 2: Reading file: [38;5;141m/tmp/ralph-worktrees/iter-1192/chapter07.05-python-example.md[0m, all lines
↱ Operation 3: Reading file: [38;5;141m/tmp/ralph-worktrees/iter-1192/STYLE-GUIDE.md[0m, all lines
↱ Operation 4: Reading file: [38;5;141m/tmp/ralph-worktrees/iter-1192/RECIPE-GUIDE.md[0m, all lines
[38;5;10m ✓ [0mSuccessfully read [38;5;244m50591 bytes[0m from /tmp/ralph-worktrees/iter-1192/chapter07.05-30-day-readmission-risk.md

[38;5;10m ✓ [0mSuccessfully read [38;5;244m42437 bytes[0m from /tmp/ralph-worktrees/iter-1192/chapter07.05-python-example.md

[38;5;10m ✓ [0mSuccessfully read [38;5;244m3731 bytes[0m from /tmp/ralph-worktrees/iter-1192/STYLE-GUIDE.md

[38;5;10m ✓ [0mSuccessfully read [38;5;244m9026 bytes[0m from /tmp/ralph-worktrees/iter-1192/RECIPE-GUIDE.md

 ⋮ 

[38;5;244m- [0mSummary: 4 operations processed, 4 successful, 0 failed
[38;5;244m - Completed in 0.2s[0m

[38;5;141m> [0mNow let me read the review files for this recipe:[0m[0m
Reading directory: [38;5;141m/tmp/ralph-worktrees/iter-1192/reviews[0m[38;5;244m (using tool: read, max depth: 1, max entries: 1000, excluding: defaults)[0m
[38;5;10m ✓ [0mSuccessfully read directory [38;5;141m/tmp/ralph-worktrees/iter-1192/reviews[0m [38;5;244m(301 entries)[0m
[38;5;244m - Completed in 0.43s[0m

[38;5;141m> [0mNow let me read the specific reviews for recipe 7.05:[0m[0m
Batch fs_read operation with [38;5;141m3[0m operations[38;5;244m (using tool: read)[0m

↱ Operation 1: Reading file: [38;5;141m/tmp/ralph-worktrees/iter-1192/reviews/chapter07.05-expert-review.md[0m, all lines
↱ Operation 2: Reading file: [38;5;141m/tmp/ralph-worktrees/iter-1192/reviews/chapter07.05-code-review.md[0m, all lines
↱ Operation 3: Reading file: [38;5;141m/tmp/ralph-worktrees/iter-1192/reviews/chapter07.05-edit-status.md[0m, all lines
[38;5;10m ✓ [0mSuccessfully read [38;5;244m23292 bytes[0m from /tmp/ralph-worktrees/iter-1192/reviews/chapter07.05-expert-review.md

[38;5;10m ✓ [0mSuccessfully read [38;5;244m7288 bytes[0m from /tmp/ralph-worktrees/iter-1192/reviews/chapter07.05-code-review.md

[38;5;10m ✓ [0mSuccessfully read [38;5;244m3506 bytes[0m from /tmp/ralph-worktrees/iter-1192/reviews/chapter07.05-edit-status.md

 ⋮ 

[38;5;244m- [0mSummary: 3 operations processed, 3 successful, 0 failed
[38;5;244m - Completed in 0.1s[0m

[38;5;141m> [0mI can see from the edit status that the draft has already been edited with most findings addressed. The current files on disk already incorporate the fixes (S1, S2, A1, S3, A4, N1, A5, S5, N2, V1 from expert review; W1, W2 from code review). The edit status document confirms the edit is COMPLETE.[0m[0m
[0m[0m
Let me verify the current state of the files against the editorial checklist by running my final mandatory checks:[0m[0m
[0m[0m
[0m[0m
Searching for: [38;5;141m—[0m in [38;5;141m/tmp/ralph-worktrees/iter-1192/chapter07.05-30-day-readmission-risk.md[0m[38;5;244m (using tool: grep)[0mSearching for: [38;5;141m–[0m in [38;5;141m/tmp/ralph-worktrees/iter-1192/chapter07.05-30-day-readmission-risk.md[0m[38;5;244m (using tool: grep)[0mSearching for: [38;5;141m^```$[0m in [38;5;141m/tmp/ralph-worktrees/iter-1192/chapter07.05-30-day-readmission-risk.md[0m[38;5;244m (using tool: grep)[0m
[38;5;9m ❗ [0mNo matches found for pattern: [38;5;244m—[0m under /tmp/ralph-worktrees/iter-1192/chapter07.05-30-day-readmission-risk.md
[38;5;244m - Completed in 0.2s[0m


[38;5;9m ❗ [0mNo matches found for pattern: [38;5;244m–[0m under /tmp/ralph-worktrees/iter-1192/chapter07.05-30-day-readmission-risk.md
[38;5;244m - Completed in 0.0s[0m


[38;5;10m ✓ [0mSuccessfully found [38;5;244m8 matches[0m in [38;5;244m1 files[0m under /tmp/ralph-worktrees/iter-1192/chapter07.05-30-day-readmission-risk.md (result is truncated)
[38;5;244m - Completed in 0.0s[0m

[38;5;141m> [0mThere are bare [38;5;10m[0mBatch fs_read operation with [38;5;141m5[0m operations[38;5;244m (using tool: read)[0m

↱ Operation 1: Reading file: [38;5;141m/tmp/ralph-worktrees/iter-1192/chapter07.05-30-day-readmission-risk.md[0m, from line [38;5;141m88[0m to [38;5;141m93[0m
↱ Operation 2: Reading file: [38;5;141m/tmp/ralph-worktrees/iter-1192/chapter07.05-30-day-readmission-risk.md[0m, from line [38;5;141m168[0m to [38;5;141m173[0m
↱ Operation 3: Reading file: [38;5;141m/tmp/ralph-worktrees/iter-1192/chapter07.05-30-day-readmission-risk.md[0m, from line [38;5;141m247[0m to [38;5;141m252[0m
↱ Operation 4: Reading file: [38;5;141m/tmp/ralph-worktrees/iter-1192/chapter07.05-30-day-readmission-risk.md[0m, from line [38;5;141m334[0m to [38;5;141m339[0m
↱ Operation 5: Reading file: [38;5;141m/tmp/ralph-worktrees/iter-1192/chapter07.05-30-day-readmission-risk.md[0m, from line [38;5;141m379[0m to [38;5;141m384[0m
[38;5;10m ✓ [0mSuccessfully read [38;5;244m561 bytes[0m from /tmp/ralph-worktrees/iter-1192/chapter07.05-30-day-readmission-risk.md

[38;5;10m ✓ [0mSuccessfully read [38;5;244m900 bytes[0m from /tmp/ralph-worktrees/iter-1192/chapter07.05-30-day-readmission-risk.md

[38;5;10m ✓ [0mSuccessfully read [38;5;244m164 bytes[0m from /tmp/ralph-worktrees/iter-1192/chapter07.05-30-day-readmission-risk.md

[38;5;10m ✓ [0mSuccessfully read [38;5;244m198 bytes[0m from /tmp/ralph-worktrees/iter-1192/chapter07.05-30-day-readmission-risk.md

[38;5;10m ✓ [0mSuccessfully read [38;5;244m140 bytes[0m from /tmp/ralph-worktrees/iter-1192/chapter07.05-30-day-readmission-risk.md

 ⋮ 

[38;5;244m- [0mSummary: 5 operations processed, 5 successful, 0 failed
[38;5;244m - Completed in 0.2s[0m

[38;5;141m> [0mGood. Those are all closing [38;5;10m[0m[38;5;10m fences, not opening ones. The grep matched closing fences (which are always bare). Let me search specifically for opening bare fences (bare [0m[38;5;10m[0m followed by a newline at the start of a code block, without a language tag):[0m[0m
[0m[0m
Searching for: [38;5;141m^```\s*$[0m in [38;5;141m/tmp/ralph-worktrees/iter-1192/chapter07.05-30-day-readmission-risk.md[0m[38;5;244m (using tool: grep)[0mSearching for: [38;5;141m^```\s*$[0m in [38;5;141m/tmp/ralph-worktrees/iter-1192/chapter07.05-python-example.md[0m[38;5;244m (using tool: grep)[0m
[38;5;10m ✓ [0mSuccessfully found [38;5;244m8 matches[0m in [38;5;244m1 files[0m under /tmp/ralph-worktrees/iter-1192/chapter07.05-30-day-readmission-risk.md (result is truncated)
[38;5;244m - Completed in 0.0s[0m


[38;5;10m ✓ [0mSuccessfully found [38;5;244m11 matches[0m in [38;5;244m1 files[0m under /tmp/ralph-worktrees/iter-1192/chapter07.05-python-example.md (result is truncated)
[38;5;244m - Completed in 0.0s[0m

[38;5;141m> [0mI need to check context to determine if these are opening or closing fences. Let me verify by looking at what's around them:[0m[0m
Batch fs_read operation with [38;5;141m2[0m operations[38;5;244m (using tool: read)[0m

↱ Operation 1: Reading file: [38;5;141m/tmp/ralph-worktrees/iter-1192/chapter07.05-30-day-readmission-risk.md[0m, from line [38;5;141m89[0m to [38;5;141m92[0m
↱ Operation 2: Reading file: [38;5;141m/tmp/ralph-worktrees/iter-1192/chapter07.05-30-day-readmission-risk.md[0m, from line [38;5;141m86[0m to [38;5;141m92[0m
[38;5;10m ✓ [0mSuccessfully read [38;5;244m136 bytes[0m from /tmp/ralph-worktrees/iter-1192/chapter07.05-30-day-readmission-risk.md

[38;5;10m ✓ [0mSuccessfully read [38;5;244m193 bytes[0m from /tmp/ralph-worktrees/iter-1192/chapter07.05-30-day-readmission-risk.md

 ⋮ 

[38;5;244m- [0mSummary: 2 operations processed, 2 successful, 0 failed
[38;5;244m - Completed in 0.1s[0m

[38;5;141m> [0mThe opening fences have language tags ([38;5;10m[0m[38;5;10mtext, [0m[38;5;10m[0mmermaid, [38;5;10m[0m[38;5;10mpseudocode, etc.). The bare [0m[38;5;10m[0m on lines 91, 171, 250, 337, 382 are all [1mclosing[22m fences (which are always bare). That's correct Markdown. Let me do one more check to be sure all opening fences have tags:[0m[0m
Searching for: [38;5;141m^```[0m in [38;5;141m/tmp/ralph-worktrees/iter-1192/chapter07.05-30-day-readmission-risk.md[0m[38;5;244m (using tool: grep)[0m
[38;5;10m ✓ [0mSuccessfully found [38;5;244m16 matches[0m in [38;5;244m1 files[0m under /tmp/ralph-worktrees/iter-1192/chapter07.05-30-day-readmission-risk.md (result is truncated)
[38;5;244m - Completed in 0.0s[0m

[38;5;141m> [0mLet me get all matches:[0m[0m
[0m[0m
Searching for: [38;5;141m^```[0m in [38;5;141m/tmp/ralph-worktrees/iter-1192/chapter07.05-30-day-readmission-risk.md[0m[38;5;244m (using tool: grep)[0mSearching for: [38;5;141m^```[0m in [38;5;141m/tmp/ralph-worktrees/iter-1192/chapter07.05-python-example.md[0m[38;5;244m (using tool: grep)[0m
[38;5;10m ✓ [0mSuccessfully found [38;5;244m16 matches[0m in [38;5;244m1 files[0m under /tmp/ralph-worktrees/iter-1192/chapter07.05-30-day-readmission-risk.md (result is truncated)
[38;5;244m - Completed in 0.0s[0m


[38;5;10m ✓ [0mSuccessfully found [38;5;244m22 matches[0m in [38;5;244m1 files[0m under /tmp/ralph-worktrees/iter-1192/chapter07.05-python-example.md (result is truncated)
[38;5;244m - Completed in 0.0s[0m

[38;5;141m> [0mLet me get the full list with a higher limit:[0m[0m
[0m[0m
Searching for: [38;5;141m^```[0m in [38;5;141m/tmp/ralph-worktrees/iter-1192/chapter07.05-30-day-readmission-risk.md[0m[38;5;244m (using tool: grep)[0mSearching for: [38;5;141m^```[0m in [38;5;141m/tmp/ralph-worktrees/iter-1192/chapter07.05-python-example.md[0m[38;5;244m (using tool: grep)[0m
[38;5;10m ✓ [0mSuccessfully found [38;5;244m16 matches[0m in [38;5;244m1 files[0m under /tmp/ralph-worktrees/iter-1192/chapter07.05-30-day-readmission-risk.md
[38;5;244m - Completed in 0.0s[0m


[38;5;10m ✓ [0mSuccessfully found [38;5;244m22 matches[0m in [38;5;244m1 files[0m under /tmp/ralph-worktrees/iter-1192/chapter07.05-python-example.md
[38;5;244m - Completed in 0.0s[0m

[38;5;141m> [0mAll opening fences have language tags. The bare [38;5;10m[0mSearching for: [38;5;141m—[0m in [38;5;141m/tmp/ralph-worktrees/iter-1192/chapter07.05-python-example.md[0m[38;5;244m (using tool: grep)[0mSearching for: [38;5;141m–[0m in [38;5;141m/tmp/ralph-worktrees/iter-1192/chapter07.05-python-example.md[0m[38;5;244m (using tool: grep)[0m
[38;5;9m ❗ [0mNo matches found for pattern: [38;5;244m—[0m under /tmp/ralph-worktrees/iter-1192/chapter07.05-python-example.md
[38;5;244m - Completed in 0.3s[0m


[38;5;9m ❗ [0mNo matches found for pattern: [38;5;244m–[0m under /tmp/ralph-worktrees/iter-1192/chapter07.05-python-example.md
[38;5;244m - Completed in 0.0s[0m

[38;5;141m> [0mNo em dashes or en dashes in either file. Let me verify the TODO markers are properly formatted with finding IDs:[0m[0m
[0m[0m
Searching for: [38;5;141mTODO[0m in [38;5;141m/tmp/ralph-worktrees/iter-1192/chapter07.05-30-day-readmission-risk.md[0m[38;5;244m (using tool: grep)[0mSearching for: [38;5;141mTODO[0m in [38;5;141m/tmp/ralph-worktrees/iter-1192/chapter07.05-python-example.md[0m[38;5;244m (using tool: grep)[0m
[38;5;10m ✓ [0mSuccessfully found [38;5;244m3 matches[0m in [38;5;244m1 files[0m under /tmp/ralph-worktrees/iter-1192/chapter07.05-30-day-readmission-risk.md
[38;5;244m - Completed in 0.0s[0m


[38;5;9m ❗ [0mNo matches found for pattern: [38;5;244mTODO[0m under /tmp/ralph-worktrees/iter-1192/chapter07.05-python-example.md
[38;5;244m - Completed in 0.0s[0m

[38;5;141m> [0mAll three TODO markers have finding IDs (A3, A2, S4) on the same line as "TODO". They're properly formatted for the follow-up task generator.[0m[0m
[0m[0m
Let me verify the S4 TODO inside the code block uses the correct comment format:[0m[0m
Reading file: [38;5;141m/tmp/ralph-worktrees/iter-1192/chapter07.05-30-day-readmission-risk.md[0m, from line [38;5;141m445[0m to [38;5;141m452[0m[38;5;244m (using tool: read)[0m
[38;5;10m ✓ [0mSuccessfully read [38;5;244m427 bytes[0m from /tmp/ralph-worktrees/iter-1192/chapter07.05-30-day-readmission-risk.md
[38;5;244m - Completed in 0.1s[0m

[38;5;141m> [0mGood. The S4 TODO is inside a pseudocode block and uses [38;5;10m//[0m comment syntax as required.[0m[0m
[0m[0m
Now let me do a final spot check on voice, doc-voice patterns, and general readability. Let me check the first few paragraphs and the "Why These Services" section for any issues:[0m[0m
Reading file: [38;5;141m/tmp/ralph-worktrees/iter-1192/chapter07.05-30-day-readmission-risk.md[0m, from line [38;5;141m98[0m to [38;5;141m120[0m[38;5;244m (using tool: read)[0m
[38;5;10m ✓ [0mSuccessfully read [38;5;244m3095 bytes[0m from /tmp/ralph-worktrees/iter-1192/chapter07.05-30-day-readmission-risk.md
[38;5;244m - Completed in 0.0s[0m

[38;5;141m> [0mEverything looks good. The V1 fix is in place ("gives you" instead of "provides"). The voice is consistent throughout. Let me verify the header hierarchy quickly:[0m[0m
Searching for: [38;5;141m^#{1,4} [0m in [38;5;141m/tmp/ralph-worktrees/iter-1192/chapter07.05-30-day-readmission-risk.md[0m[38;5;244m (using tool: grep)[0m
[38;5;10m ✓ [0mSuccessfully found [38;5;244m36 matches[0m in [38;5;244m1 files[0m under /tmp/ralph-worktrees/iter-1192/chapter07.05-30-day-readmission-risk.md (result is truncated)
[38;5;244m - Completed in 0.0s[0m

[38;5;141m> [0mHeader hierarchy is correct: H1 for title, H2 for major sections, H3 for subsections, H4 for steps. No skipped levels.[0m[0m
[0m[0m
Let me also quickly verify there are no "This recipe demonstrates" or similar doc-voice patterns:[0m[0m
Searching for: [38;5;141m(This recipe demonstrates|We are excited|architects, we need to talk)[0m in [38;5;141m/tmp/ralph-worktrees/iter-1192/chapter07.05-30-day-readmission-risk.md[0m[38;5;244m (using tool: grep)[0m
[38;5;9m ❗ [0mNo matches found for pattern: [38;5;244m(This recipe demonstrates|We are excited|architects, we need to talk)[0m under /tmp/ralph-worktrees/iter-1192/chapter07.05-30-day-readmission-risk.md
[38;5;244m - Completed in 0.2s[0m

[38;5;141m> [0mClean. The files are in good shape. Based on my review, the edit status document confirms all changes have been properly applied. Both files pass the full editorial checklist. The recipe is publication-ready.[0m[0m
[0m[0m
The files are already in their final edited state. No additional changes needed. Here's my summary:[0m[0m
[0m[0m
━━━━━━━━━━━━━━━━━━━━━━━━━━━━━━━━━━━━━━━━
[0m[0m
[0m[0m
[1mEdit complete for Recipe 7.5: 30-Day Readmission Risk[22m[0m[0m
[0m[0m
[1mVerification results:[22m[0m[0m
- Zero em dashes (U+2014) or en dashes (U+2013) in either file[0m[0m
- All code fences have language tags (text, mermaid, pseudocode, json, python, bash); closing fences correctly bare[0m[0m
- Header hierarchy correct (H1 → H2 → H3 → H4, no skips)[0m[0m
- No documentation-voice, announcement statements, or LinkedIn-influencer tone detected[0m[0m
- RECIPE-GUIDE sections all present in correct order[0m[0m
- Vendor balance maintained (~70/30)[0m[0m
- 3 TODO markers preserved with finding IDs (A3, A2, S4) properly formatted for follow-up tracking[0m[0m
[0m[0m
[1mFindings addressed inline (no TODO needed):[22m[0m[0m
- S1 (HIGH): IAM permissions include resource-level scoping guidance[0m[0m
- S2 (HIGH): SNS section includes PHI endpoint restriction guidance  [0m[0m
- A1 (HIGH): Model versioning/rollback paragraph added[0m[0m
- S3, A4, N1, A5, S5, N2, V1: All addressed in the draft[0m[0m
[0m[0m
[1mCode review fixes applied:[22m[0m[0m
- W1: [38;5;10mscore_patient[0m comment clarified about imputation requirement[0m[0m
- W2: [38;5;10mstore_risk_score[0m nested numerics wrapped in Decimal[0m[0m
[0m[0m
[1m3 deferred TODOs for TechWriter follow-up:[22m[0m[0m
1. A3 (MEDIUM): Dead letter queue guidance[0m[0m
2. A2 (MEDIUM): Feature store architecture clarification  [0m[0m
[38;5;252m[0m[?25l[?25l[0m[0m[?25l[0m[?25l[0m[0m[?25l[0m[?25l[0m[0m[?25l[0m[?25l[?25l[?25l[0m[0m[?25l[0m[?25l[0m[0m[?25l[0m[?25l[?25l[0m[0m[?25l[0m[?25l[0m[0m[?25l[0m[?25l[0m[0m[?25l[0m[?25l[?25l[0m[0m[?25l[0m[?25l[?25l[0m[0m[?25l[0m[?25l[?25l[0m[0m[?25l[0m[?25l[?25l[0m[0m[?25l[0m[?25l[0m[0m[?25l[0m[?25l[0m[0m[?25l[0m[?25l[0m[0m[?25l[0m[?25l[0m[0m[?25l[0m[0m[0m
[38;5;8m
 ▸ Credits: 13.37 • Time: 1m 44s

[0m[1G[0m[0m[?25h3. S4 (MEDIUM): Compliance retention requirements