# parallel_worker header: concurrency_limit=4 batch_id=batch-1781747500806-000014-0502a5061d4cea1c iteration=1497 task_id=ch06-r03-archsplit persona=TechEditor
[38;5;11mWARNING: [0mDuplicate agent with name [38;5;10mmeshclaw-lite[0m was found in the global directory.
[0m[38;5;9mError: [0mJson supplied at /home/lawsnic/.kiro/agents/AmazonBuilderCoreAIAgents-amzn-builder.json is invalid: unknown field `permissions`, expected one of `$schema`, `name`, `description`, `prompt`, `mcpServers`, `tools`, `toolAliases`, `allowedTools`, `resources`, `hooks`, `toolsSettings`, `includeMcpJson`, `useLegacyMcpJson`, `model`, `keyboardShortcut`, `welcomeMessage` at line 3 column 16
[32mAll tools are now trusted ([0m[31m![0m[32m). Kiro will execute tools without asking for confirmation.[0m
Agents can sometimes do unexpected things so understand the risks.

Learn more at [38;5;141mhttps://kiro.dev/docs/cli/chat/security/#using-tools-trust-all-safely[0m



Batch fs_read operation with [38;5;141m2[0m operations[38;5;244m (using tool: read)[0m

↱ Operation 1: Reading file: [38;5;141m/tmp/ralph-worktrees/iter-1497/chapter06.03-payer-mix-financial-risk-clustering.md[0m, all lines
↱ Operation 2: Reading file: [38;5;141m/tmp/ralph-worktrees/iter-1497/chapter06.03-architecture.md[0m, all lines
[38;5;10m ✓ [0mSuccessfully read [38;5;244m17305 bytes[0m from /tmp/ralph-worktrees/iter-1497/chapter06.03-payer-mix-financial-risk-clustering.md

[38;5;10m ✓ [0mSuccessfully read [38;5;244m25127 bytes[0m from /tmp/ralph-worktrees/iter-1497/chapter06.03-architecture.md

 ⋮ 

[38;5;244m- [0mSummary: 2 operations processed, 2 successful, 0 failed
[38;5;244m - Completed in 0.0s[0m

[38;5;141m> [0mNow let me read the style guide and recipe guide for reference:[0m[0m
Batch fs_read operation with [38;5;141m2[0m operations[38;5;244m (using tool: read)[0m

↱ Operation 1: Reading file: [38;5;141m/tmp/ralph-worktrees/iter-1497/STYLE-GUIDE.md[0m, from line [38;5;141m1[0m to [38;5;141m80[0m
↱ Operation 2: Reading file: [38;5;141m/tmp/ralph-worktrees/iter-1497/RECIPE-GUIDE.md[0m, from line [38;5;141m1[0m to [38;5;141m100[0m
[38;5;10m ✓ [0mSuccessfully read [38;5;244m3731 bytes[0m from /tmp/ralph-worktrees/iter-1497/STYLE-GUIDE.md

[38;5;10m ✓ [0mSuccessfully read [38;5;244m5434 bytes[0m from /tmp/ralph-worktrees/iter-1497/RECIPE-GUIDE.md

 ⋮ 

[38;5;244m- [0mSummary: 2 operations processed, 2 successful, 0 failed
[38;5;244m - Completed in 0.0s[0m

[38;5;141m> [0mNow let me check for the specific issues the task describes. Let me look at the main recipe's architecture callout placement and The Honest Take for dangling AWS references:[0m[0m
Batch fs_read operation with [38;5;141m2[0m operations[38;5;244m (using tool: read)[0m

↱ Operation 1: Searching: [38;5;141m/tmp/ralph-worktrees/iter-1497/chapter06.03-payer-mix-financial-risk-clustering.md[0m for pattern: [38;5;141m—[0m
↱ Operation 2: Searching: [38;5;141m/tmp/ralph-worktrees/iter-1497/chapter06.03-architecture.md[0m for pattern: [38;5;141m—[0m
[38;5;10m ✓ [0mFound 0 matches for pattern '—' in /tmp/ralph-worktrees/iter-1497/chapter06.03-payer-mix-financial-risk-clustering.md

[38;5;10m ✓ [0mFound 0 matches for pattern '—' in /tmp/ralph-worktrees/iter-1497/chapter06.03-architecture.md

 ⋮ 

[38;5;244m- [0mSummary: 2 operations processed, 2 successful, 0 failed
[38;5;244m - Completed in 0.0s[0m

[38;5;141m> [0mGood, no em dashes. Let me check for en dashes:[0m[0m
Batch fs_read operation with [38;5;141m2[0m operations[38;5;244m (using tool: read)[0m

↱ Operation 1: Searching: [38;5;141m/tmp/ralph-worktrees/iter-1497/chapter06.03-payer-mix-financial-risk-clustering.md[0m for pattern: [38;5;141m–[0m
↱ Operation 2: Searching: [38;5;141m/tmp/ralph-worktrees/iter-1497/chapter06.03-architecture.md[0m for pattern: [38;5;141m–[0m
[38;5;10m ✓ [0mFound 0 matches for pattern '–' in /tmp/ralph-worktrees/iter-1497/chapter06.03-payer-mix-financial-risk-clustering.md

[38;5;10m ✓ [0mFound 0 matches for pattern '–' in /tmp/ralph-worktrees/iter-1497/chapter06.03-architecture.md

 ⋮ 

[38;5;244m- [0mSummary: 2 operations processed, 2 successful, 0 failed
[38;5;244m - Completed in 0.0s[0m

[38;5;141m> [0mGood. Let me check for bare code fences without language tags:[0m[0m
Batch fs_read operation with [38;5;141m2[0m operations[38;5;244m (using tool: read)[0m

↱ Operation 1: Searching: [38;5;141m/tmp/ralph-worktrees/iter-1497/chapter06.03-payer-mix-financial-risk-clustering.md[0m for pattern: [38;5;141m^```$[0m
↱ Operation 2: Searching: [38;5;141m/tmp/ralph-worktrees/iter-1497/chapter06.03-architecture.md[0m for pattern: [38;5;141m^```$[0m
[38;5;10m ✓ [0mFound 0 matches for pattern '^```$' in /tmp/ralph-worktrees/iter-1497/chapter06.03-payer-mix-financial-risk-clustering.md

[38;5;10m ✓ [0mFound 0 matches for pattern '^```$' in /tmp/ralph-worktrees/iter-1497/chapter06.03-architecture.md

 ⋮ 

[38;5;244m- [0mSummary: 2 operations processed, 2 successful, 0 failed
[38;5;244m - Completed in 0.0s[0m

[38;5;141m> [0mGood. Now let me analyze the seam issues:[0m[0m
[0m[0m
1. [1mMain recipe's General Architecture section[22m: Ends with the architecture callout block. Looks clean and self-contained. The section describes conceptual pipeline stages without AWS service names. Good.[0m[0m
[0m[0m
2. [1mMain recipe's The Honest Take[22m: Let me check for AWS-specific references that should have moved to the companion.[0m[0m
[0m[0m
Looking at the main recipe's "The Honest Take" section, I see this line:[0m[0m
[38;5;244m│ "Architecturally, this means restricting who can query cluster assignments, auditing all access via CloudTrail, and never joining cluster data with scheduling or clinical access systems."[0m[0m
[0m[0m
"CloudTrail" is an AWS service name in the main recipe's Honest Take, which per the RECIPE-GUIDE should be vendor-agnostic. This is a dangling AWS reference that should be generalized.[0m[0m
[0m[0m
3. [1mMain recipe tags[22m: Include [38;5;10msagemaker[0m, [38;5;10mglue[0m, [38;5;10mathena[0m, [38;5;10mquicksight[0m which are AWS service names. However, tags are metadata/searchable labels and are fine to include AWS terms.[0m[0m
[0m[0m
4. [1mArchitecture companion opening[22m: Opens with a backlink header and context sentence. Looks clean.[0m[0m
[0m[0m
5. [1mArchitecture companion structure check against RECIPE-GUIDE[22m: Missing "Why This Isn't Production-Ready" section. The companion has "The AWS Implementation" as a wrapper header with subsections inside. Let me check the structure more carefully.[0m[0m
[0m[0m
Looking at the architecture companion structure:[0m[0m
- ✅ Backlink header (opening line links back)[0m[0m
- ✅ Why These Services (nested under "The AWS Implementation")[0m[0m
- ✅ Architecture Diagram[0m[0m
- ✅ Prerequisites[0m[0m
- ✅ Ingredients[0m[0m
- ✅ Pseudocode Walkthrough (labeled "Code" > "Walkthrough") with Python callout[0m[0m
- ✅ Expected Results[0m[0m
- ❌ Missing "Why This Isn't Production-Ready" section[0m[0m
- ✅ Variations and Extensions[0m[0m
- ✅ Additional Resources[0m[0m
- ✅ Estimated Implementation Time[0m[0m
[0m[0m
The missing "Why This Isn't Production-Ready" section is a structural issue but the task says "do not move sections, do not add new claims." I'll flag this with a TODO.[0m[0m
[0m[0m
Also, the architecture companion has a wrapping [38;5;10m## The AWS Implementation[0m header with [38;5;10m### Why These Services[0m inside, then later jumps to [38;5;10m### Architecture Diagram[0m, [38;5;10m### Prerequisites[0m, etc. The RECIPE-GUIDE expects these as H2 sections. But again, the task says not to move sections, so I'll flag it minimally.[0m[0m
[0m[0m
Let me now fix the single dangling AWS reference in The Honest Take and verify everything else is clean:[0m[0m
I'll modify the following file: [38;5;141mchapter06.03-payer-mix-financial-risk-clustering.md[0m[38;5;244m (using tool: write)[0m
Purpose: Replace AWS-specific "CloudTrail" reference in The Honest Take with vendor-agnostic language, since this section should remain general per the split structure.

[49m[38;5;9m- 127     [0m:[38;5;9m[49m Architecturally, this means restricting who can query cluster assignments, auditing all access via CloudTrail, and never joining cluster data with scheduling or clinical access systems.
[0m[49m[38;5;10m+      127[0m:[38;5;10m[49m Architecturally, this means restricting who can query cluster assignments, auditing all access through your cloud audit log, and never joining cluster data with scheduling or clinical access systems.
[0m[K
Updating: [38;5;141mchapter06.03-payer-mix-financial-risk-clustering.md[0m
[38;5;244m - Completed in 0.0s[0m

[38;5;141m> [0mNow let me check the main recipe's General Architecture section for the [38;5;10m[0m[38;5;10m[0m\nSearching: [38;5;141m/tmp/ralph-worktrees/iter-1497/chapter06.03-payer-mix-financial-risk-clustering.md[0m for pattern: [38;5;141m^```[0m[38;5;244m (using tool: read)[0m
[38;5;10m ✓ [0mFound 0 matches for pattern '^```' in /tmp/ralph-worktrees/iter-1497/chapter06.03-payer-mix-financial-risk-clustering.md
[38;5;244m - Completed in 0.0s[0m

Searching for: [38;5;141m^```[0m in [38;5;141m/tmp/ralph-worktrees/iter-1497/chapter06.03-payer-mix-financial-risk-clustering.md[0m[38;5;244m (using tool: grep)[0m
[38;5;10m ✓ [0mSuccessfully found [38;5;244m2 matches[0m in [38;5;244m1 files[0m under /tmp/ralph-worktrees/iter-1497/chapter06.03-payer-mix-financial-risk-clustering.md
[38;5;244m - Completed in 0.0s[0m

Reading file: [38;5;141m/tmp/ralph-worktrees/iter-1497/chapter06.03-payer-mix-financial-risk-clustering.md[0m, from line [38;5;141m101[0m to [38;5;141m106[0m[38;5;244m (using tool: read)[0m
[38;5;10m ✓ [0mSuccessfully read [38;5;244m387 bytes[0m from /tmp/ralph-worktrees/iter-1497/chapter06.03-payer-mix-financial-risk-clustering.md
[38;5;244m - Completed in 0.0s[0m

[38;5;141m> [0mThat code block at line 102-104 has no language tag. It's a simple pipeline diagram. Let me fix it:[0m[0m
I'll modify the following file: [38;5;141mchapter06.03-payer-mix-financial-risk-clustering.md[0m[38;5;244m (using tool: write)[0m
Purpose: Add language tag to bare code fence (text for the pipeline diagram)

[49m[38;5;9m- 102     [0m:[38;5;9m[49m ```
[0m[49m[38;5;10m+      102[0m:[38;5;10m[49m ```text
[0m[49m[39m  103, 103[0m:[39m[49m [Data Integration] → [Feature Engineering] → [Clustering] → [Profiling] → [Monitoring]
[0m[49m[39m  104, 104[0m:[39m[49m ```
[0m[K
Updating: [38;5;141mchapter06.03-payer-mix-financial-risk-clustering.md[0m
[38;5;244m - Completed in 0.0s[0m

[38;5;141m> [0mNow let me check the architecture companion for bare code fences more carefully:[0m[0m
Searching for: [38;5;141m^```[0m in [38;5;141m/tmp/ralph-worktrees/iter-1497/chapter06.03-architecture.md[0m[38;5;244m (using tool: grep)[0m
[38;5;10m ✓ [0mSuccessfully found [38;5;244m14 matches[0m in [38;5;244m1 files[0m under /tmp/ralph-worktrees/iter-1497/chapter06.03-architecture.md (result is truncated)
[38;5;244m - Completed in 0.0s[0m

Searching for: [38;5;141m^```[0m in [38;5;141m/tmp/ralph-worktrees/iter-1497/chapter06.03-architecture.md[0m[38;5;244m (using tool: grep)[0m
[38;5;10m ✓ [0mSuccessfully found [38;5;244m14 matches[0m in [38;5;244m1 files[0m under /tmp/ralph-worktrees/iter-1497/chapter06.03-architecture.md (result is truncated)
[38;5;244m - Completed in 0.0s[0m

Searching for: [38;5;141m^```[0m in [38;5;141m/tmp/ralph-worktrees/iter-1497/chapter06.03-architecture.md[0m[38;5;244m (using tool: grep)[0m
[38;5;10m ✓ [0mSuccessfully found [38;5;244m14 matches[0m in [38;5;244m1 files[0m under /tmp/ralph-worktrees/iter-1497/chapter06.03-architecture.md
[38;5;244m - Completed in 0.0s[0m

[38;5;141m> [0mLet me look at the code block openings that don't have language tags (line 78, 118, 122, 190, 194, 221, 225, 256, 262, 297). First the closings at 42, 78, 118, etc. Let me check context around these:[0m[0m
Batch fs_read operation with [38;5;141m6[0m operations[38;5;244m (using tool: read)[0m

↱ Operation 1: Reading file: [38;5;141m/tmp/ralph-worktrees/iter-1497/chapter06.03-architecture.md[0m, from line [38;5;141m76[0m to [38;5;141m80[0m
↱ Operation 2: Reading file: [38;5;141m/tmp/ralph-worktrees/iter-1497/chapter06.03-architecture.md[0m, from line [38;5;141m116[0m to [38;5;141m124[0m
↱ Operation 3: Reading file: [38;5;141m/tmp/ralph-worktrees/iter-1497/chapter06.03-architecture.md[0m, from line [38;5;141m188[0m to [38;5;141m196[0m
↱ Operation 4: Reading file: [38;5;141m/tmp/ralph-worktrees/iter-1497/chapter06.03-architecture.md[0m, from line [38;5;141m219[0m to [38;5;141m227[0m
↱ Operation 5: Reading file: [38;5;141m/tmp/ralph-worktrees/iter-1497/chapter06.03-architecture.md[0m, from line [38;5;141m254[0m to [38;5;141m264[0m
↱ Operation 6: Reading file: [38;5;141m/tmp/ralph-worktrees/iter-1497/chapter06.03-architecture.md[0m, from line [38;5;141m295[0m to [38;5;141m299[0m
[38;5;10m ✓ [0mSuccessfully read [38;5;244m858 bytes[0m from /tmp/ralph-worktrees/iter-1497/chapter06.03-architecture.md

[38;5;10m ✓ [0mSuccessfully read [38;5;244m718 bytes[0m from /tmp/ralph-worktrees/iter-1497/chapter06.03-architecture.md

[38;5;10m ✓ [0mSuccessfully read [38;5;244m755 bytes[0m from /tmp/ralph-worktrees/iter-1497/chapter06.03-architecture.md

[38;5;10m ✓ [0mSuccessfully read [38;5;244m689 bytes[0m from /tmp/ralph-worktrees/iter-1497/chapter06.03-architecture.md

[38;5;10m ✓ [0mSuccessfully read [38;5;244m1129 bytes[0m from /tmp/ralph-worktrees/iter-1497/chapter06.03-architecture.md

[38;5;10m ✓ [0mSuccessfully read [38;5;244m362 bytes[0m from /tmp/ralph-worktrees/iter-1497/chapter06.03-architecture.md

 ⋮ 

[38;5;244m- [0mSummary: 6 operations processed, 6 successful, 0 failed
[38;5;244m - Completed in 0.1s[0m

[38;5;141m> [0mThe pseudocode blocks at lines 78, 122, 194, 225, 262, 297 all open with bare [38;5;10m [0m[38;5;10m[0m Reading file: [38;5;141m/tmp/ralph-worktrees/iter-1497/chapter06.03-architecture.md[0m, from line [38;5;141m78[0m to [38;5;141m79[0m[38;5;244m (using tool: read)[0m
[38;5;10m ✓ [0mSuccessfully read [38;5;244m56 bytes[0m from /tmp/ralph-worktrees/iter-1497/chapter06.03-architecture.md
[38;5;244m - Completed in 0.0s[0m

[38;5;141m> [0mI need to replace each bare [38;5;10m [0m[38;5;10m[0m [38;5;10m opening before a [0mFUNCTION[38;5;10m or pseudocode with [0m [38;5;10m[0m[38;5;10mpseudocode [0m. Let me do each one. There are 5 pseudocode blocks (Steps 1-5). Let me do them:[0m[0m
I'll modify the following file: [38;5;141mchapter06.03-architecture.md[0m[38;5;244m (using tool: write)[0m
Purpose: Add language tag to Step 1 pseudocode block

[49m[38;5;9m- 78    [0m:[38;5;9m[49m ```
[0m[49m[38;5;10m+     78[0m:[38;5;10m[49m ```pseudocode
[0m[49m[39m  79, 79[0m:[39m[49m FUNCTION extract_patient_financial_data(date_range):
[0m[K
Updating: [38;5;141mchapter06.03-architecture.md[0m
[38;5;244m - Completed in 0.0s[0m

I'll modify the following file: [38;5;141mchapter06.03-architecture.md[0m[38;5;244m (using tool: write)[0m
Purpose: Add language tag to Step 2 pseudocode block

[49m[38;5;9m- 122     [0m:[38;5;9m[49m ```
[0m[49m[38;5;10m+      122[0m:[38;5;10m[49m ```pseudocode
[0m[49m[39m  123, 123[0m:[39m[49m FUNCTION engineer_features(patient_features):
[0m[K
Updating: [38;5;141mchapter06.03-architecture.md[0m
[38;5;244m - Completed in 0.0s[0m

I'll modify the following file: [38;5;141mchapter06.03-architecture.md[0m[38;5;244m (using tool: write)[0m
Purpose: Add language tag to Step 3 pseudocode block

[49m[38;5;9m- 194     [0m:[38;5;9m[49m ```
[0m[49m[38;5;10m+      194[0m:[38;5;10m[49m ```pseudocode
[0m[49m[39m  195, 195[0m:[39m[49m FUNCTION cluster_patients(feature_matrix, k_range=[3,4,5,6,7,8]):
[0m[K
Updating: [38;5;141mchapter06.03-architecture.md[0m
[38;5;244m - Completed in 0.0s[0m

I'll modify the following file: [38;5;141mchapter06.03-architecture.md[0m[38;5;244m (using tool: write)[0m
Purpose: Add language tag to Step 4 pseudocode block

[49m[38;5;9m- 225     [0m:[38;5;9m[49m ```
[0m[49m[38;5;10m+      225[0m:[38;5;10m[49m ```pseudocode
[0m[49m[39m  226, 226[0m:[39m[49m FUNCTION profile_clusters(patient_data, labels, feature_columns):
[0m[K
Updating: [38;5;141mchapter06.03-architecture.md[0m
[38;5;244m - Completed in 0.0s[0m

I'll modify the following file: [38;5;141mchapter06.03-architecture.md[0m[38;5;244m (using tool: write)[0m
Purpose: Add language tag to Step 5 pseudocode block

[49m[38;5;9m- 262     [0m:[38;5;9m[49m ```
[0m[49m[38;5;10m+      262[0m:[38;5;10m[49m ```pseudocode
[0m[49m[39m  263, 263[0m:[39m[49m FUNCTION detect_population_shift(current_distribution, previous_distribution, threshold=5.0):
[0m[K
Updating: [38;5;141mchapter06.03-architecture.md[0m
[38;5;244m - Completed in 0.0s[0m

[38;5;141m> [0mNow let me check the architecture companion's structure against RECIPE-GUIDE. The missing "Why This Isn't Production-Ready" section needs to be flagged. Also, the header hierarchy uses H3 under an H2 "The AWS Implementation" wrapper, while the RECIPE-GUIDE expects H2 sections directly. Let me add the TODO for the missing section. Let me find where it should go (after Expected Results, before Variations):[0m[0m
Reading file: [38;5;141m/tmp/ralph-worktrees/iter-1497/chapter06.03-architecture.md[0m, from line [38;5;141m360[0m to [38;5;141m370[0m[38;5;244m (using tool: read)[0m
[38;5;10m ✓ [0mSuccessfully read [38;5;244m165 bytes[0m from /tmp/ralph-worktrees/iter-1497/chapter06.03-architecture.md
[38;5;244m - Completed in 0.0s[0m

Reading file: [38;5;141m/tmp/ralph-worktrees/iter-1497/chapter06.03-architecture.md[0m, from line [38;5;141m378[0m to [38;5;141m395[0m[38;5;244m (using tool: read)[0m
[38;5;10m ✓ [0mSuccessfully read [38;5;244m1950 bytes[0m from /tmp/ralph-worktrees/iter-1497/chapter06.03-architecture.md
[38;5;244m - Completed in 0.0s[0m

[38;5;141m> [0mI need to add a TODO for the missing "Why This Isn't Production-Ready" section between "Expected Results" and "Variations and Extensions":[0m[0m
I'll modify the following file: [38;5;141mchapter06.03-architecture.md[0m[38;5;244m (using tool: write)[0m
Purpose: Add TODO for missing Why This Isn't Production-Ready section per RECIPE-GUIDE

[49m[39m  378, 378[0m:[39m[49m **Where it struggles:** Patients with very short history (new to the system, less than 6 months of data). Populations with highly uniform payer mix (if 90% of your patients are Medicare, clustering won't find much structure). Rapid coverage transitions (a patient who just lost commercial coverage and hasn't yet enrolled in Medicaid is temporarily unclassifiable). And the fundamental limitation: past payment behavior doesn't perfectly predict future behavior, especially during economic disruptions.
[0m[49m[39m  379, 379[0m:[39m[49m 
[0m[49m[39m  380, 380[0m:[39m[49m ---
[0m[49m[39m  381, 381[0m:[39m[49m 
[0m[49m[38;5;10m+      382[0m:[38;5;10m[49m <!-- TODO (TechWriter): RECIPE-GUIDE requires a "Why This Isn't Production-Ready" section between Expected Results and Variations. Add this section covering gaps a production deployment must close. -->
[0m[49m[38;5;10m+      383[0m:[38;5;10m[49m 
[0m[49m[39m  382, 384[0m:[39m[49m ## Variations and Extensions
[0m[K
Updating: [38;5;141mchapter06.03-architecture.md[0m
[38;5;244m - Completed in 0.0s[0m

[38;5;141m> [0mNow let me check the architecture companion's header hierarchy. The RECIPE-GUIDE says these should be H2 sections, but currently they're nested under [38;5;10m## The AWS Implementation[0m as H3. Let me check:[0m[0m
Searching for: [38;5;141m^#{1,3} [0m in [38;5;141m/tmp/ralph-worktrees/iter-1497/chapter06.03-architecture.md[0m[38;5;244m (using tool: grep)[0m
[38;5;10m ✓ [0mSuccessfully found [38;5;244m11 matches[0m in [38;5;244m1 files[0m under /tmp/ralph-worktrees/iter-1497/chapter06.03-architecture.md (result is truncated)
[38;5;244m - Completed in 0.0s[0m

Searching for: [38;5;141m^#{1,3} [0m in [38;5;141m/tmp/ralph-worktrees/iter-1497/chapter06.03-architecture.md[0m[38;5;244m (using tool: grep)[0m
[38;5;10m ✓ [0mSuccessfully found [38;5;244m11 matches[0m in [38;5;244m1 files[0m under /tmp/ralph-worktrees/iter-1497/chapter06.03-architecture.md
[38;5;244m - Completed in 0.0s[0m

[38;5;141m> [0mThe structure issue: "Why These Services" through "Expected Results" are H3 nested under [38;5;10m## The AWS Implementation[0m, while "Variations and Extensions", "Additional Resources", and "Estimated Implementation Time" are H2. The RECIPE-GUIDE expects these to all be at the same H2 level. However, the task says "do not move sections." This is a pre-existing structural choice, not a seam from the split. I won't restructure headers since the task explicitly limits changes to transition seams only.[0m[0m
[0m[0m
Now let me also verify the architecture companion's opening is clean. Let me re-read lines 1-5:[0m[0m
Reading file: [38;5;141m/tmp/ralph-worktrees/iter-1497/chapter06.03-architecture.md[0m, from line [38;5;141m1[0m to [38;5;141m7[0m[38;5;244m (using tool: read)[0m
[38;5;10m ✓ [0mSuccessfully read [38;5;244m391 bytes[0m from /tmp/ralph-worktrees/iter-1497/chapter06.03-architecture.md
[38;5;244m - Completed in 0.0s[0m

[38;5;141m> [0mThe opening is clean. Clear backlink, clear purpose statement, no dangling references to content that stayed in the main recipe.[0m[0m
[0m[0m
Now let me check the main recipe's callout placement one more time. Per RECIPE-GUIDE, it should appear at the end of General Architecture Pattern:[0m[0m
Reading file: [38;5;141m/tmp/ralph-worktrees/iter-1497/chapter06.03-payer-mix-financial-risk-clustering.md[0m, from line [38;5;141m108[0m to [38;5;141m120[0m[38;5;244m (using tool: read)[0m
[38;5;10m ✓ [0mSuccessfully read [38;5;244m1716 bytes[0m from /tmp/ralph-worktrees/iter-1497/chapter06.03-payer-mix-financial-risk-clustering.md
[38;5;244m - Completed in 0.0s[0m

[38;5;141m> [0mThe callout is well placed: right after the General Architecture Pattern section closes (after the [38;5;10m---[0m), before The Honest Take. This matches the RECIPE-GUIDE's instruction to end General Architecture Pattern with the callout.[0m[0m
[0m[0m
However, looking more closely, the [38;5;10m---[0m horizontal rule creates a visual break, and the callout sits between the General Architecture section and The Honest Take but outside of any section header. Let me check what comes after:[0m[0m
Reading file: [38;5;141m/tmp/ralph-worktrees/iter-1497/chapter06.03-payer-mix-financial-risk-clustering.md[0m, from line [38;5;141m120[0m to [38;5;141m128[0m[38;5;244m (using tool: read)[0m
[38;5;10m ✓ [0mSuccessfully read [38;5;244m1493 bytes[0m from /tmp/ralph-worktrees/iter-1497/chapter06.03-payer-mix-financial-risk-clustering.md
[38;5;244m - Completed in 0.0s[0m

[38;5;141m> [0mGood. The placement is clean. The callout bridges from the vendor-agnostic General Architecture to The Honest Take naturally.[0m[0m
[0m[0m
Let me also verify there are no remaining AWS service names in the main recipe outside of tags and the companion callout link:[0m[0m
Searching for: [38;5;141mSageMaker|S3|Glue|Athena|QuickSight|Lambda|EventBridge|SNS|KMS|CloudTrail[0m in [38;5;141m/tmp/ralph-worktrees/iter-1497/chapter06.03-payer-mix-financial-risk-clustering.md[0m[38;5;244m (using tool: grep)[0m
[38;5;10m ✓ [0mSuccessfully found [38;5;244m1 matches[0m in [38;5;244m1 files[0m under /tmp/ralph-worktrees/iter-1497/chapter06.03-payer-mix-financial-risk-clustering.md
[38;5;244m - Completed in 0.2s[0m

[38;5;141m> [0mOnly in the Tags section, which is fine (searchable metadata).[0m[0m
[0m[0m
Now let me do a final verification pass on both files:[0m[0m
Searching for: [38;5;141m\u2014|\u2013[0m in [38;5;141m/tmp/ralph-worktrees/iter-1497/chapter06.03-payer-mix-financial-risk-clustering.md[0m[38;5;244m (using tool: grep)[0m
[38;5;9m ❗ [0mNo matches found for pattern: [38;5;244m\u2014|\u2013[0m under /tmp/ralph-worktrees/iter-1497/chapter06.03-payer-mix-financial-risk-clustering.md
[38;5;244m - Completed in 0.0s[0m

Searching for: [38;5;141m\u2014|\u2013[0m in [38;5;141m/tmp/ralph-worktrees/iter-1497/chapter06.03-architecture.md[0m[38;5;244m (using tool: grep)[0m
[38;5;9m ❗ [0mNo matches found for pattern: [38;5;244m\u2014|\u2013[0m under /tmp/ralph-worktrees/iter-1497/chapter06.03-architecture.md
[38;5;244m - Completed in 0.0s[0m

Searching for: [38;5;141m^```$[0m in [38;5;141m/tmp/ralph-worktrees/iter-1497/chapter06.03-payer-mix-financial-risk-clustering.md[0m[38;5;244m (using tool: grep)[0m
[38;5;10m ✓ [0mSuccessfully found [38;5;244m1 matches[0m in [38;5;244m1 files[0m under /tmp/ralph-worktrees/iter-1497/chapter06.03-payer-mix-financial-risk-clustering.md
[38;5;244m - Completed in 0.0s[0m

[38;5;141m> [0mThat's the closing fence for the [38;5;10mtext[0m block. Let me confirm:[0m[0m
Reading file: [38;5;141m/tmp/ralph-worktrees/iter-1497/chapter06.03-payer-mix-financial-risk-clustering.md[0m, from line [38;5;141m101[0m to [38;5;141m105[0m[38;5;244m (using tool: read)[0m
[38;5;10m ✓ [0mSuccessfully read [38;5;244m108 bytes[0m from /tmp/ralph-worktrees/iter-1497/chapter06.03-payer-mix-financial-risk-clustering.md
[38;5;244m - Completed in 0.0s[0m

[38;5;141m> [0mYes, that's the closing fence. Fine.[0m[0m
Searching for: [38;5;141m^```$[0m in [38;5;141m/tmp/ralph-worktrees/iter-1497/chapter06.03-architecture.md[0m[38;5;244m (using tool: grep)[0m
[38;5;10m ✓ [0mSuccessfully found [38;5;244m7 matches[0m in [38;5;244m1 files[0m under /tmp/ralph-worktrees/iter-1497/chapter06.03-architecture.md (result is truncated)
[38;5;244m - Completed in 0.0s[0m

Searching for: [38;5;141m^```$[0m in [38;5;141m/tmp/ralph-worktrees/iter-1497/chapter06.03-architecture.md[0m[38;5;244m (using tool: grep)[0m
[38;5;10m ✓ [0mSuccessfully found [38;5;244m7 matches[0m in [38;5;244m1 files[0m under /tmp/ralph-worktrees/iter-1497/chapter06.03-architecture.md
[38;5;244m - Completed in 0.0s[0m

[38;5;141m> [0mThese are all closing fences for the code blocks (mermaid at 42, pseudocode blocks at 118, 190, 221, 256, 297, and json at 365). Let me verify by checking the opening tags were all applied. The openings should be on the lines before the FUNCTION lines which are now tagged:[0m[0m
Searching for: [38;5;141m^```[a-z][0m in [38;5;141m/tmp/ralph-worktrees/iter-1497/chapter06.03-architecture.md[0m[38;5;244m (using tool: grep)[0m
[38;5;10m ✓ [0mSuccessfully found [38;5;244m7 matches[0m in [38;5;244m1 files[0m under /tmp/ralph-worktrees/iter-1497/chapter06.03-architecture.md (result is truncated)
[38;5;244m - Completed in 0.0s[0m

Searching for: [38;5;141m^```[a-z][0m in [38;5;141m/tmp/ralph-worktrees/iter-1497/chapter06.03-architecture.md[0m[38;5;244m (using tool: grep)[0m
[38;5;10m ✓ [0mSuccessfully found [38;5;244m7 matches[0m in [38;5;244m1 files[0m under /tmp/ralph-worktrees/iter-1497/chapter06.03-architecture.md
[38;5;244m - Completed in 0.0s[0m

[38;5;141m> [0m7 opening tags, 7 closing tags. All code blocks are properly tagged. [0m[0m
[0m[0m
Let me now do a final read of both files to make sure everything flows correctly after my edits:[0m[0m
Reading file: [38;5;141m/tmp/ralph-worktrees/iter-1497/chapter06.03-payer-mix-financial-risk-clustering.md[0m, from line [38;5;141m128[0m to [38;5;141m135[0m[38;5;244m (using tool: read)[0m
[38;5;10m ✓ [0mSuccessfully read [38;5;244m911 bytes[0m from /tmp/ralph-worktrees/iter-1497/chapter06.03-payer-mix-financial-risk-clustering.md
[38;5;244m - Completed in 0.0s[0m

[38;5;141m> [0mEverything looks clean. Let me verify the edited line in The Honest Take reads well in context:[0m[0m
Reading file: [38;5;141m/tmp/ralph-worktrees/iter-1497/chapter06.03-payer-mix-financial-risk-clustering.md[0m, from line [38;5;141m124[0m to [38;5;141m128[0m[38;5;244m (using tool: read)[0m
[38;5;10m ✓ [0mSuccessfully read [38;5;244m1180 bytes[0m from /tmp/ralph-worktrees/iter-1497/chapter06.03-payer-mix-financial-risk-clustering.md
[38;5;244m - Completed in 0.0s[0m

[38;5;141m> [0mGood. Reads naturally and stays vendor-agnostic.[0m[0m
[0m[0m
Here's a summary of the edits made:[0m[0m
[0m[0m
[1mMain recipe ([38;5;10mchapter06.03-payer-mix-financial-risk-clustering.md[0m):[22m[0m[0m
1. Replaced "CloudTrail" with "your cloud audit log" in The Honest Take to remove a dangling AWS-specific reference that belongs in the architecture companion, not the vendor-agnostic main recipe.[0m[0m
2. Added [38;5;10mtext[0m language tag to the bare code fence around the pipeline diagram in General Architecture Pattern.[0m[0m
[0m[0m
[1mArchitecture companion ([38;5;10mchapter06.03-architecture.md[0m):[22m[0m[0m
1. Added [38;5;10mpseudocode[0m language tags to all 5 bare code fences (Steps 1-5 walkthrough blocks).[0m[0m
2. Added a TODO marker for the missing "Why This Isn't Production-Ready" section required by RECIPE-GUIDE (between Expected Results and Variations).[0m[0m
[0m[0m
[1mVerified clean:[22m[0m[0m
- Zero em dashes (U+2014) in either file[0m[0m
- Zero en dashes (U+2013) in either file[0m[0m
- Zero bare code fences without language tags[0m[0m
- Architecture callout is well placed at end of General Architecture Pattern[0m[0m
- Architecture companion opens cleanly with backlink and purpose statement[0m[0m
[38;5;252m[0m[?25l[?25l[0m[0m[?25l[0m[?25l[0m[0m[?25l[0m[?25l[0m[0m[?25l[0m[?25l[0m[0m[?25l[0m[?25l[0m[0m[?25l[0m[?25l[0m[0m[?25l[0m[?25l[0m[0m[?25l[0m[?25l[0m[0m[?25l[0m[?25l[0m[0m[?25l[0m[?25l[0m[0m[?25l[0m[?25l[0m[0m[?25l[0m[?25l[0m[0m[?25l[0m[?25l[0m[0m[?25l[0m[?25l[0m[0m[?25l[0m[?25l[0m[0m[?25l[0m[?25l[0m[0m[?25l[0m[?25l[0m[0m[?25l[0m[?25l[0m[0m[?25l[0m[?25l[0m[0m[?25l[0m[?25l[0m[0m[?25l[0m[?25l[0m[0m[?25l[0m[?25l[0m[0m[?25l[0m[?25l[0m[0m[?25l[0m[?25l[0m[0m[?25l[0m[?25l[0m[0m[?25l[0m[?25l[0m[0m[?25l[0m[?25l[0m[0m[?25l[0m[?25l[0m[0m[?25l[0m[?25l[0m[0m[?25l[0m[?25l[0m[0m[?25l[0m[?25l[0m[0m[?25l[0m[?25l[0m[0m[?25l[0m[?25l[0m[0m[?25l[0m[?25l[0m[0m[?25l[0m[?25l[0m[0m[?25l[0m[?25l[0m[0m[?25l[0m[?25l[0m[0m[?25l[0m[?25l[0m[0m[?25l[0m[?25l[0m[0m[?25l[0m[0m[0m
[38;5;8m
 ▸ Credits: 23.52 • Time: 3m 20s

[0m[1G[0m[0m[?25h- No AWS service names leak into the main recipe's narrative sections (only in Tags, which is appropriate)[38;5;11mWARNING: [0mDuplicate agent with name [38;5;10mmeshclaw-lite[0m was found in the global directory.
[0m[38;5;9mError: [0mJson supplied at /home/lawsnic/.kiro/agents/AmazonBuilderCoreAIAgents-amzn-builder.json is invalid: unknown field `permissions`, expected one of `$schema`, `name`, `description`, `prompt`, `mcpServers`, `tools`, `toolAliases`, `allowedTools`, `resources`, `hooks`, `toolsSettings`, `includeMcpJson`, `useLegacyMcpJson`, `model`, `keyboardShortcut`, `welcomeMessage` at line 3 column 16
[32mAll tools are now trusted ([0m[31m![0m[32m). Kiro will execute tools without asking for confirmation.[0m
Agents can sometimes do unexpected things so understand the risks.

Learn more at [38;5;141mhttps://kiro.dev/docs/cli/chat/security/#using-tools-trust-all-safely[0m



[38;5;252m[0m[?25l[?25l[0m[0m[1mTool validation failed: [0m
[38;5;9mFailed to validate tool parameters: '/tmp/ralph-worktrees/iter-1497/chapters/chapter06.03-payer-mix-financial-risk-clustering.md' does not exist
Searching for files: [38;5;141m**/*payer-mix*[0m in [38;5;141m/tmp/ralph-worktrees/iter-1497[0m[38;5;244m (using tool: glob)[0m
[38;5;10m ✓ [0mSuccessfully found [38;5;244m1 files[0m under /tmp/ralph-worktrees/iter-1497
[38;5;244m - Completed in 0.18s[0m

Searching for files: [38;5;141m**/*06.03*[0m in [38;5;141m/tmp/ralph-worktrees/iter-1497[0m[38;5;244m (using tool: glob)[0m
[38;5;10m ✓ [0mSuccessfully found [38;5;244m5 files[0m under /tmp/ralph-worktrees/iter-1497
[38;5;244m - Completed in 0.19s[0m

Batch fs_read operation with [38;5;141m2[0m operations[38;5;244m (using tool: read)[0m

↱ Operation 1: Reading file: [38;5;141m/tmp/ralph-worktrees/iter-1497/chapter06.03-payer-mix-financial-risk-clustering.md[0m, all lines
↱ Operation 2: Reading file: [38;5;141m/tmp/ralph-worktrees/iter-1497/chapter06.03-architecture.md[0m, all lines
[38;5;10m ✓ [0mSuccessfully read [38;5;244m17323 bytes[0m from /tmp/ralph-worktrees/iter-1497/chapter06.03-payer-mix-financial-risk-clustering.md

[38;5;10m ✓ [0mSuccessfully read [38;5;244m25380 bytes[0m from /tmp/ralph-worktrees/iter-1497/chapter06.03-architecture.md

 ⋮ 

[38;5;244m- [0mSummary: 2 operations processed, 2 successful, 0 failed
[38;5;244m - Completed in 0.0s[0m

[38;5;141m> [0mNow I'll check for em dashes and evaluate the pass conditions:[0m[0m
Searching for: [38;5;141m—[0m in [38;5;141m/tmp/ralph-worktrees/iter-1497[0m ([38;5;141m*06.03*[0m)[38;5;244m (using tool: grep)[0m
[38;5;9m ❗ [0mNo matches found for pattern: [38;5;244m—[0m under /tmp/ralph-worktrees/iter-1497
[38;5;244m - Completed in 0.232s[0m

[38;5;141m> [0mNo em dashes found. Now let me verify the key structural requirements:[0m[0m
[0m[0m
1. [1mMain recipe structure[22m: Has "The Problem", "The Technology" (detailed), "General Architecture Pattern", a callout to the architecture companion, and "The Honest Take" - all present.[0m[0m
[0m[0m
2. [1mCallout to architecture companion[22m: Present as a blockquote between General Architecture Pattern and The Honest Take: [38;5;10m> **The AWS build lives in a companion page.** ... see the [Architecture and Implementation companion](chapter06.03-architecture).[0m[0m[0m
[0m[0m
3. [1mNo dangling references to AWS content in main recipe[22m: The main recipe's "General Architecture Pattern" is vendor-agnostic (no AWS service mentions). "The Honest Take" mentions "cloud audit log" generically rather than CloudTrail specifically. The Tags section still contains [38;5;10msagemaker[0m, [38;5;10mglue[0m, [38;5;10mathena[0m, [38;5;10mquicksight[0m which are AWS service names that have moved to the companion.[0m[0m
[0m[0m
4. [1mArchitecture companion[22m: Opens with a title, a backlink to the main recipe ([38;5;10m*Companion to [Recipe 6.3: Payer Mix Financial Risk Clustering](chapter06.03-payer-mix-financial-risk-clustering)...*[0m), and has intact pseudocode throughout.[0m[0m
[0m[0m
The main issue is the Tags section in the main recipe still contains AWS service-specific tags ([38;5;10msagemaker[0m, [38;5;10mglue[0m, [38;5;10mathena[0m, [38;5;10mquicksight[0m) that reference content that moved to the companion. These are dangling references to AWS content.[0m[0m
[0m[0m
[0m[?25l[0m[0m[?25l[0m[?25l[0m[0m[?25l[0m[?25l[0m[0m[?25l[0m[?25l[0m[0m[?25l[0m[0m[0m
[38;5;8m
 ▸ Credits: 3.34 • Time: 30s

[0m[1G[0m[0m[?25h{"verdict": "fail", "rationale": "The main recipe's Tags section still contains AWS-specific tags (sagemaker, glue, athena, quicksight) that reference content now residing solely in the architecture companion. These are dangling references to AWS content that moved to the companion, violating the pass condition."}