# parallel_worker header: concurrency_limit=4 batch_id=batch-1781742832048-000002-0510683e0579bc47 iteration=1450 task_id=ch01-r08-archsplit persona=TechEditor
[38;5;11mWARNING: [0mDuplicate agent with name [38;5;10mmeshclaw-lite[0m was found in the global directory.
[0m[38;5;9mError: [0mJson supplied at /home/lawsnic/.kiro/agents/AmazonBuilderCoreAIAgents-amzn-builder.json is invalid: unknown field `permissions`, expected one of `$schema`, `name`, `description`, `prompt`, `mcpServers`, `tools`, `toolAliases`, `allowedTools`, `resources`, `hooks`, `toolsSettings`, `includeMcpJson`, `useLegacyMcpJson`, `model`, `keyboardShortcut`, `welcomeMessage` at line 3 column 16
[32mAll tools are now trusted ([0m[31m![0m[32m). Kiro will execute tools without asking for confirmation.[0m
Agents can sometimes do unexpected things so understand the risks.

Learn more at [38;5;141mhttps://kiro.dev/docs/cli/chat/security/#using-tools-trust-all-safely[0m



Batch fs_read operation with [38;5;141m2[0m operations[38;5;244m (using tool: read)[0m

↱ Operation 1: Reading file: [38;5;141m/tmp/ralph-worktrees/iter-1450/chapter01.08-eob-processing.md[0m, all lines
↱ Operation 2: Reading file: [38;5;141m/tmp/ralph-worktrees/iter-1450/chapter01.08-architecture.md[0m, all lines
[38;5;10m ✓ [0mSuccessfully read [38;5;244m27459 bytes[0m from /tmp/ralph-worktrees/iter-1450/chapter01.08-eob-processing.md

[38;5;10m ✓ [0mSuccessfully read [38;5;244m51631 bytes[0m from /tmp/ralph-worktrees/iter-1450/chapter01.08-architecture.md

 ⋮ 

[38;5;244m- [0mSummary: 2 operations processed, 2 successful, 0 failed
[38;5;244m - Completed in 0.0s[0m

[38;5;141m> [0mLet me also check the STYLE-GUIDE and RECIPE-GUIDE for reference:[0m[0m
Batch fs_read operation with [38;5;141m2[0m operations[38;5;244m (using tool: read)[0m

↱ Operation 1: Reading file: [38;5;141m/tmp/ralph-worktrees/iter-1450/STYLE-GUIDE.md[0m, from line [38;5;141m1[0m to [38;5;141m60[0m
↱ Operation 2: Reading file: [38;5;141m/tmp/ralph-worktrees/iter-1450/RECIPE-GUIDE.md[0m, from line [38;5;141m1[0m to [38;5;141m80[0m
[38;5;10m ✓ [0mSuccessfully read [38;5;244m3490 bytes[0m from /tmp/ralph-worktrees/iter-1450/STYLE-GUIDE.md

[38;5;10m ✓ [0mSuccessfully read [38;5;244m4546 bytes[0m from /tmp/ralph-worktrees/iter-1450/RECIPE-GUIDE.md

 ⋮ 

[38;5;244m- [0mSummary: 2 operations processed, 2 successful, 0 failed
[38;5;244m - Completed in 0.0s[0m

[38;5;141m> [0mNow I have a clear picture. Let me check the main recipe for issues. I need to look for:[0m[0m
1. Dangling references to AWS content in the main recipe[0m[0m
2. Proper placement of the architecture callout[0m[0m
3. Em dashes[0m[0m
4. The architecture companion opening[0m[0m
[0m[0m
Let me search for em dashes and other issues:[0m[0m
Batch fs_read operation with [38;5;141m4[0m operations[38;5;244m (using tool: read)[0m

↱ Operation 1: Searching: [38;5;141m/tmp/ralph-worktrees/iter-1450/chapter01.08-eob-processing.md[0m for pattern: [38;5;141m—[0m
↱ Operation 2: Searching: [38;5;141m/tmp/ralph-worktrees/iter-1450/chapter01.08-eob-processing.md[0m for pattern: [38;5;141m–[0m
↱ Operation 3: Searching: [38;5;141m/tmp/ralph-worktrees/iter-1450/chapter01.08-architecture.md[0m for pattern: [38;5;141m—[0m
↱ Operation 4: Searching: [38;5;141m/tmp/ralph-worktrees/iter-1450/chapter01.08-architecture.md[0m for pattern: [38;5;141m–[0m
[38;5;10m ✓ [0mFound 0 matches for pattern '—' in /tmp/ralph-worktrees/iter-1450/chapter01.08-eob-processing.md

[38;5;10m ✓ [0mFound 7 matches for pattern '–' in /tmp/ralph-worktrees/iter-1450/chapter01.08-eob-processing.md

[38;5;10m ✓ [0mFound 0 matches for pattern '—' in /tmp/ralph-worktrees/iter-1450/chapter01.08-architecture.md

[38;5;10m ✓ [0mFound 1 matches for pattern '–' in /tmp/ralph-worktrees/iter-1450/chapter01.08-architecture.md

 ⋮ 

[38;5;244m- [0mSummary: 4 operations processed, 4 successful, 0 failed
[38;5;244m - Completed in 0.1s[0m

[38;5;141m> [0mGood. Now I can see the issues:[0m[0m
1. The main recipe has en dashes (–) used in numeric ranges in the performance table and cost line. These are acceptable in numeric ranges per standard typography, but the task says to replace them with hyphens.[0m[0m
2. The architecture companion has one en dash in a numeric range.[0m[0m
3. I need to check the main recipe for dangling AWS references and proper callout placement.[0m[0m
[0m[0m
Let me check the main recipe's structure more carefully. According to RECIPE-GUIDE.md, the main recipe should NOT have "Expected Results" - that belongs in the architecture companion. Let me re-read the instructions: "Do not rewrite content, do not move sections, do not add new claims." So I should NOT move Expected Results. My job is only to fix transition seams.[0m[0m
[0m[0m
Let me look at the specific areas of concern:[0m[0m
[0m[0m
1. [1mGeneral Architecture section[22m - check for AWS references that should be vendor-agnostic[0m[0m
2. [1mArchitecture callout placement[22m - should be at the end of General Architecture Pattern[0m[0m
3. [1mThe Honest Take[22m - check for dangling references to AWS content[0m[0m
4. [1mArchitecture companion opening[22m - should open cleanly[0m[0m
[0m[0m
Looking at the main recipe:[0m[0m
- The "General Architecture Pattern" section mentions "Textract" and "Bedrock" which are AWS-specific. But the task says "Do not rewrite content, do not move sections." The issue is about [3mtransition seams[23m, not about fixing vendor balance from the original content.[0m[0m
- The architecture callout is placed AFTER "Expected Results" and BEFORE "The Honest Take." Per RECIPE-GUIDE, Expected Results belongs in the architecture companion, but I'm told not to move sections. The callout should be at the end of General Architecture Pattern.[0m[0m
- Wait, looking again: the callout is between Expected Results and The Honest Take. The Expected Results section is in the main recipe. Per the instructions, I should not move sections.[0m[0m
[0m[0m
The key issue: The architecture callout is currently placed after the Expected Results section. According to RECIPE-GUIDE, it should be at the end of the General Architecture Pattern section. But Expected Results is between General Architecture and The Honest Take. Since I can't move sections, I need to ensure the callout is well-placed given the current structure.[0m[0m
[0m[0m
Actually, re-reading: the Expected Results section IS in the main file, and The Honest Take is after it. The callout block is right before The Honest Take. This is the "transition seam" - the callout should go at the end of General Architecture Pattern (before Expected Results), not after Expected Results. Let me fix this placement.[0m[0m
[0m[0m
Let me also check if General Architecture or The Honest Take have dangling references to AWS content that moved:[0m[0m
[0m[0m
Looking at "The General Architecture Pattern" section - it mentions "Textract" and "Bedrock" and "S3 intake pipeline" and "Lambda" - these are AWS service references. But per the task instructions, I should not rewrite content. I should only fix [3mdangling references[23m to content that was moved.[0m[0m
[0m[0m
Looking at "The Honest Take" - it references "Nova Pro at $0.80 per million input tokens" and "Bedrock schema mapping accuracy." These are AWS-specific, but they're self-contained claims within the section, not dangling references to moved content.[0m[0m
[0m[0m
The main transition seam issue I see: The architecture callout is placed AFTER the Expected Results section rather than at the end of General Architecture Pattern. This is likely because Expected Results was kept in the main recipe during the mechanical split. Since Expected Results has AWS-specific content (mentions Bedrock, DynamoDB, Lambda, Textract), this is a seam issue.[0m[0m
[0m[0m
Wait, I need to re-read the task more carefully: "Fix ONLY transition seams: make sure the main recipe's General Architecture and The Honest Take sections do not dangle references to AWS content that moved to the companion, the architecture callout is well placed, and the architecture companion opens cleanly."[0m[0m
[0m[0m
The callout currently sits between Expected Results and The Honest Take. Looking at what the RECIPE-GUIDE says the main file should contain: The Problem, The Technology, General Architecture Pattern (ending with callout), The Honest Take, Related Recipes, Tags.[0m[0m
[0m[0m
Expected Results is NOT supposed to be in the main file per RECIPE-GUIDE. But the task says "do not move sections." So I should leave Expected Results where it is but ensure the callout is properly positioned.[0m[0m
[0m[0m
Actually, the callout IS already at the boundary between the AWS-specific content (Expected Results) and the narrative closer (The Honest Take). That's reasonable given that Expected Results stayed in the main file. The callout signals to the reader: "the AWS implementation details are in the companion." The reader sees the Expected Results (which contains sample outputs) and then the callout before the narrative closer.[0m[0m
[0m[0m
Hmm, but re-reading RECIPE-GUIDE more carefully: "End this section with the callout that links to the architecture companion." This refers to ending the General Architecture Pattern section. Currently the callout is NOT at the end of General Architecture Pattern - it's after Expected Results.[0m[0m
[0m[0m
I think the right fix is to move the callout from its current position (after Expected Results, before The Honest Take) to the end of the General Architecture Pattern section (before Expected Results). This is a transition seam fix - it's about [3mcallout placement[23m, which is explicitly in my scope.[0m[0m
[0m[0m
Now let me also fix the en dashes. The en dashes in numeric ranges (8–14, 90–96%, etc.) need to be replaced with hyphens per the style guide.[0m[0m
[0m[0m
Let me make the edits:[0m[0m
I'll modify the following file: [38;5;141mchapter01.08-eob-processing.md[0m[38;5;244m (using tool: write)[0m

[49m[38;5;9m- 3   [0m:[38;5;9m[49m **Complexity:** Moderate · **Phase:** Phase 2 · **Estimated Cost:** ~$0.13–0.22 per EOB 
[0m[49m[38;5;10m+    3[0m:[38;5;10m[49m **Complexity:** Moderate · **Phase:** Phase 2 · **Estimated Cost:** ~$0.13-0.22 per EOB 
[0m[K
Updating: [38;5;141mchapter01.08-eob-processing.md[0m
[38;5;244m - Completed in 0.1s[0m

[38;5;141m> [0mNow I need to move the architecture callout from its current position (after Expected Results, before The Honest Take) to the end of the General Architecture Pattern section. Let me first add it at the end of General Architecture Pattern:[0m[0m
I'll modify the following file: [38;5;141mchapter01.08-eob-processing.md[0m[38;5;244m (using tool: write)[0m

[49m[39m  117, 117[0m:[39m[49m Any cloud provider, any extraction engine fits this pattern. The schema mapping prompt and the validation logic are portable.
[0m[49m[39m  118, 118[0m:[39m[49m 
[0m[49m[38;5;10m+      119[0m:[38;5;10m[49m > **The AWS build lives in a companion page.** This recipe covers the problem, the underlying technology, and the vendor-agnostic architecture. For the AWS services, architecture diagram, prerequisites, and the step-by-step pseudocode walkthrough, see the [Architecture and Implementation companion](chapter01.08-architecture). The Python example is linked from there.
[0m[49m[38;5;10m+      120[0m:[38;5;10m[49m 
[0m[49m[39m  119, 121[0m:[39m[49m ---
[0m[49m[39m  120, 122[0m:[39m[49m 
[0m[49m[39m  121, 123[0m:[39m[49m ## Expected Results
[0m[K
Updating: [38;5;141mchapter01.08-eob-processing.md[0m
[38;5;244m - Completed in 0.1s[0m

[38;5;141m> [0mNow remove the old callout that was between Expected Results and The Honest Take:[0m[0m
I'll modify the following file: [38;5;141mchapter01.08-eob-processing.md[0m[38;5;244m (using tool: write)[0m

[49m[39m  222, 222[0m:[39m[49m ---
[0m[49m[39m  223, 223[0m:[39m[49m 
[0m[49m[38;5;9m- 224     [0m:[38;5;9m[49m > **The AWS build lives in a companion page.** This recipe covers the problem, the underlying technology, and the vendor-agnostic architecture. For the AWS services, architecture diagram, prerequisites, and the step-by-step pseudocode walkthrough, see the [Architecture and Implementation companion](chapter01.08-architecture). The Python example is linked from there.
[0m[49m[38;5;9m- 225     [0m:[38;5;9m[49m 
[0m[49m[39m  226, 224[0m:[39m[49m ## The Honest Take
[0m[K
Updating: [38;5;141mchapter01.08-eob-processing.md[0m
[38;5;244m - Completed in 0.0s[0m

[38;5;141m> [0mNow fix the en dashes in the performance table and latency note:[0m[0m
I'll modify the following file: [38;5;141mchapter01.08-eob-processing.md[0m[38;5;244m (using tool: write)[0m

[49m[38;5;9m- 206     [0m:[38;5;9m[49m | End-to-end latency (2-page EOB, static profile path) | 8–14 seconds |
[0m[49m[38;5;9m- 207     [0m:[38;5;9m[49m | End-to-end latency (2-page EOB, Bedrock mapping path) | 10–18 seconds |
[0m[49m[38;5;9m- 208     [0m:[38;5;9m[49m | Textract table extraction accuracy (clean scan) | 90–96% per cell |
[0m[49m[38;5;9m- 209     [0m:[38;5;9m[49m | Bedrock schema mapping accuracy (common payer formats) | 92–97% |
[0m[49m[38;5;9m- 210     [0m:[38;5;9m[49m | Financial validation catch rate | 80–90% of extraction errors via math checks |
[0m[49m[38;5;10m+      206[0m:[38;5;10m[49m | End-to-end latency (2-page EOB, static profile path) | 8-14 seconds |
[0m[49m[38;5;10m+      207[0m:[38;5;10m[49m | End-to-end latency (2-page EOB, Bedrock mapping path) | 10-18 seconds |
[0m[49m[38;5;10m+      208[0m:[38;5;10m[49m | Textract table extraction accuracy (clean scan) | 90-96% per cell |
[0m[49m[38;5;10m+      209[0m:[38;5;10m[49m | Bedrock schema mapping accuracy (common payer formats) | 92-97% |
[0m[49m[38;5;10m+      210[0m:[38;5;10m[49m | Financial validation catch rate | 80-90% of extraction errors via math checks |
[0m[K
Updating: [38;5;141mchapter01.08-eob-processing.md[0m
[38;5;244m - Completed in 0.0s[0m

I'll modify the following file: [38;5;141mchapter01.08-eob-processing.md[0m[38;5;244m (using tool: write)[0m

[49m[38;5;9m- 215     [0m:[38;5;9m[49m > **Latency note:** End-to-end latency includes Textract async queue processing time (~5–10 seconds for 2-page documents under normal load; 30–60 seconds under high concurrent job volume). For batch EOB processing, Textract's async queue is the dominant latency variable. Lambda processing time (Bedrock call + validation + DynamoDB write) is typically 2–8 seconds.
[0m[49m[38;5;10m+      215[0m:[38;5;10m[49m > **Latency note:** End-to-end latency includes Textract async queue processing time (~5-10 seconds for 2-page documents under normal load; 30-60 seconds under high concurrent job volume). For batch EOB processing, Textract's async queue is the dominant latency variable. Lambda processing time (Bedrock call + validation + DynamoDB write) is typically 2-8 seconds.
[0m[K
Updating: [38;5;141mchapter01.08-eob-processing.md[0m
[38;5;244m - Completed in 0.0s[0m

[38;5;141m> [0mNow fix the en dash in the architecture companion:[0m[0m
I'll modify the following file: [38;5;141mchapter01.08-architecture.md[0m[38;5;244m (using tool: write)[0m

[49m[38;5;9m- 659     [0m:[38;5;9m[49m **Bedrock TPM limits at EOB scale.** The schema mapping call consumes approximately 400–900 tokens per document. At default Nova Pro TPM limits (~800K TPM), you can sustain roughly 900–2,000 Bedrock-path EOBs per minute before throttling. The adaptive retry config handles transient throttling, but for sustained workloads above 500 Bedrock-path EOBs per minute, file a quota increase request before go-live. Batch claim windows (Monday morning, end-of-month) are the relevant planning scenario.
[0m[49m[38;5;10m+      659[0m:[38;5;10m[49m **Bedrock TPM limits at EOB scale.** The schema mapping call consumes approximately 400-900 tokens per document. At default Nova Pro TPM limits (~800K TPM), you can sustain roughly 900-2,000 Bedrock-path EOBs per minute before throttling. The adaptive retry config handles transient throttling, but for sustained workloads above 500 Bedrock-path EOBs per minute, file a quota increase request before go-live. Batch claim windows (Monday morning, end-of-month) are the relevant planning scenario.
[0m[K
Updating: [38;5;141mchapter01.08-architecture.md[0m
[38;5;244m - Completed in 0.0s[0m

[38;5;141m> [0mNow let me check the architecture companion's opening. Per RECIPE-GUIDE it should have a "backlink header" to the main recipe. Let me verify it opens cleanly:[0m[0m
[0m[0m
The architecture companion opens with:[0m[0m
[38;5;10m# Recipe 1.8 Architecture and Implementation: Explanation of Benefits Processing 🔶

*Companion to [Recipe 1.8: Explanation of Benefits Processing 🔶](chapter01.08-eob-processing). This page covers the AWS architecture, services, prerequisites, and pseudocode. For the problem framing and the conceptual approach, start with the main recipe.*
[0m[0m[0m
[0m[0m
This is clean. The backlink is present and well-formed.[0m[0m
[0m[0m
Now let me check the architecture companion for the section heading. It uses "## The AWS Implementation" as a wrapper heading before "### Why These Services." Per RECIPE-GUIDE, the architecture companion should have top-level H2 sections: "Why These Services", "Architecture Diagram", "Prerequisites", etc. But the task says "Do not rewrite content, do not move sections." The heading structure works (H2 > H3 hierarchy), just with an extra wrapper. This is not a transition seam issue, so I'll leave it.[0m[0m
[0m[0m
Let me do a final verification scan for any remaining en dashes or em dashes in both files:[0m[0m
Batch fs_read operation with [38;5;141m4[0m operations[38;5;244m (using tool: read)[0m

↱ Operation 1: Searching: [38;5;141m/tmp/ralph-worktrees/iter-1450/chapter01.08-eob-processing.md[0m for pattern: [38;5;141m–[0m
↱ Operation 2: Searching: [38;5;141m/tmp/ralph-worktrees/iter-1450/chapter01.08-eob-processing.md[0m for pattern: [38;5;141m—[0m
↱ Operation 3: Searching: [38;5;141m/tmp/ralph-worktrees/iter-1450/chapter01.08-architecture.md[0m for pattern: [38;5;141m–[0m
↱ Operation 4: Searching: [38;5;141m/tmp/ralph-worktrees/iter-1450/chapter01.08-architecture.md[0m for pattern: [38;5;141m—[0m
[38;5;10m ✓ [0mFound 0 matches for pattern '–' in /tmp/ralph-worktrees/iter-1450/chapter01.08-eob-processing.md

[38;5;10m ✓ [0mFound 0 matches for pattern '—' in /tmp/ralph-worktrees/iter-1450/chapter01.08-eob-processing.md

[38;5;10m ✓ [0mFound 0 matches for pattern '–' in /tmp/ralph-worktrees/iter-1450/chapter01.08-architecture.md

[38;5;10m ✓ [0mFound 0 matches for pattern '—' in /tmp/ralph-worktrees/iter-1450/chapter01.08-architecture.md

 ⋮ 

[38;5;244m- [0mSummary: 4 operations processed, 4 successful, 0 failed
[38;5;244m - Completed in 0.1s[0m

[38;5;141m> [0mGood, all em and en dashes are cleared. Now let me check for bare code fences without language tags:[0m[0m
Batch fs_read operation with [38;5;141m2[0m operations[38;5;244m (using tool: read)[0m

↱ Operation 1: Searching: [38;5;141m/tmp/ralph-worktrees/iter-1450/chapter01.08-eob-processing.md[0m for pattern: [38;5;141m^```$[0m
↱ Operation 2: Searching: [38;5;141m/tmp/ralph-worktrees/iter-1450/chapter01.08-architecture.md[0m for pattern: [38;5;141m^```$[0m
[38;5;10m ✓ [0mFound 0 matches for pattern '^```$' in /tmp/ralph-worktrees/iter-1450/chapter01.08-eob-processing.md

[38;5;10m ✓ [0mFound 0 matches for pattern '^```$' in /tmp/ralph-worktrees/iter-1450/chapter01.08-architecture.md

 ⋮ 

[38;5;244m- [0mSummary: 2 operations processed, 2 successful, 0 failed
[38;5;244m - Completed in 0.0s[0m

Searching for: [38;5;141m^```[0m in [38;5;141m/tmp/ralph-worktrees/iter-1450/chapter01.08-eob-processing.md[0m[38;5;244m (using tool: grep)[0mSearching for: [38;5;141m^```[0m in [38;5;141m/tmp/ralph-worktrees/iter-1450/chapter01.08-architecture.md[0m[38;5;244m (using tool: grep)[0m
[38;5;10m ✓ [0mSuccessfully found [38;5;244m8 matches[0m in [38;5;244m1 files[0m under /tmp/ralph-worktrees/iter-1450/chapter01.08-eob-processing.md (result is truncated)
[38;5;244m - Completed in 0.0s[0m


[38;5;10m ✓ [0mSuccessfully found [38;5;244m20 matches[0m in [38;5;244m1 files[0m under /tmp/ralph-worktrees/iter-1450/chapter01.08-architecture.md (result is truncated)
[38;5;244m - Completed in 0.0s[0m

[38;5;141m> [0mLet me check those bare [38;5;10m[0mBatch fs_read operation with [38;5;141m3[0m operations[38;5;244m (using tool: read)[0m

↱ Operation 1: Reading file: [38;5;141m/tmp/ralph-worktrees/iter-1450/chapter01.08-eob-processing.md[0m, from line [38;5;141m99[0m to [38;5;141m105[0m
↱ Operation 2: Reading file: [38;5;141m/tmp/ralph-worktrees/iter-1450/chapter01.08-architecture.md[0m, from line [38;5;141m83[0m to [38;5;141m86[0m
↱ Operation 3: Reading file: [38;5;141m/tmp/ralph-worktrees/iter-1450/chapter01.08-architecture.md[0m, from line [38;5;141m115[0m to [38;5;141m122[0m
[38;5;10m ✓ [0mSuccessfully read [38;5;244m355 bytes[0m from /tmp/ralph-worktrees/iter-1450/chapter01.08-eob-processing.md

[38;5;10m ✓ [0mSuccessfully read [38;5;244m141 bytes[0m from /tmp/ralph-worktrees/iter-1450/chapter01.08-architecture.md

[38;5;10m ✓ [0mSuccessfully read [38;5;244m419 bytes[0m from /tmp/ralph-worktrees/iter-1450/chapter01.08-architecture.md

 ⋮ 

[38;5;244m- [0mSummary: 3 operations processed, 3 successful, 0 failed
[38;5;244m - Completed in 0.1s[0m

[38;5;141m> [0mThe bare [38;5;10m[0mI'll modify the following file: [38;5;141mchapter01.08-eob-processing.md[0m[38;5;244m (using tool: write)[0m

[49m[38;5;9m- 101     [0m:[38;5;9m[49m ```
[0m[49m[38;5;10m+      101[0m:[38;5;10m[49m ```text
[0m[49m[39m  102, 102[0m:[39m[49m [Ingest] → [Extract] → [Map Schema] → [Parse Line Items] → [Validate] → [Store or Flag]
[0m[49m[39m  103, 103[0m:[39m[49m ```
[0m[K
Updating: [38;5;141mchapter01.08-eob-processing.md[0m
[38;5;244m - Completed in 0.0s[0m

[38;5;141m> [0mNow let me find and fix all bare [38;5;10m[0mSearching for: [38;5;141m^```[0m in [38;5;141m/tmp/ralph-worktrees/iter-1450/chapter01.08-architecture.md[0m[38;5;244m (using tool: grep)[0m
[38;5;10m ✓ [0mSuccessfully found [38;5;244m20 matches[0m in [38;5;244m1 files[0m under /tmp/ralph-worktrees/iter-1450/chapter01.08-architecture.md
[38;5;244m - Completed in 0.0s[0m

[38;5;141m> [0mLet me check which of these are opening fences (need tags) vs closing fences (just [38;5;10m[0mBatch fs_read operation with [38;5;141m9[0m operations[38;5;244m (using tool: read)[0m

↱ Operation 1: Reading file: [38;5;141m/tmp/ralph-worktrees/iter-1450/chapter01.08-architecture.md[0m, from line [38;5;141m82[0m to [38;5;141m86[0m
↱ Operation 2: Reading file: [38;5;141m/tmp/ralph-worktrees/iter-1450/chapter01.08-architecture.md[0m, from line [38;5;141m148[0m to [38;5;141m152[0m
↱ Operation 3: Reading file: [38;5;141m/tmp/ralph-worktrees/iter-1450/chapter01.08-architecture.md[0m, from line [38;5;141m210[0m to [38;5;141m214[0m
↱ Operation 4: Reading file: [38;5;141m/tmp/ralph-worktrees/iter-1450/chapter01.08-architecture.md[0m, from line [38;5;141m433[0m to [38;5;141m437[0m
↱ Operation 5: Reading file: [38;5;141m/tmp/ralph-worktrees/iter-1450/chapter01.08-architecture.md[0m, from line [38;5;141m462[0m to [38;5;141m466[0m
↱ Operation 6: Reading file: [38;5;141m/tmp/ralph-worktrees/iter-1450/chapter01.08-architecture.md[0m, from line [38;5;141m502[0m to [38;5;141m506[0m
↱ Operation 7: Reading file: [38;5;141m/tmp/ralph-worktrees/iter-1450/chapter01.08-architecture.md[0m, from line [38;5;141m566[0m to [38;5;141m570[0m
↱ Operation 8: Reading file: [38;5;141m/tmp/ralph-worktrees/iter-1450/chapter01.08-architecture.md[0m, from line [38;5;141m625[0m to [38;5;141m629[0m
↱ Operation 9: Reading file: [38;5;141m/tmp/ralph-worktrees/iter-1450/chapter01.08-architecture.md[0m, from line [38;5;141m667[0m to [38;5;141m679[0m
[38;5;10m ✓ [0mSuccessfully read [38;5;244m608 bytes[0m from /tmp/ralph-worktrees/iter-1450/chapter01.08-architecture.md

[38;5;10m ✓ [0mSuccessfully read [38;5;244m407 bytes[0m from /tmp/ralph-worktrees/iter-1450/chapter01.08-architecture.md

[38;5;10m ✓ [0mSuccessfully read [38;5;244m593 bytes[0m from /tmp/ralph-worktrees/iter-1450/chapter01.08-architecture.md

[38;5;10m ✓ [0mSuccessfully read [38;5;244m333 bytes[0m from /tmp/ralph-worktrees/iter-1450/chapter01.08-architecture.md

[38;5;10m ✓ [0mSuccessfully read [38;5;244m345 bytes[0m from /tmp/ralph-worktrees/iter-1450/chapter01.08-architecture.md

[38;5;10m ✓ [0mSuccessfully read [38;5;244m583 bytes[0m from /tmp/ralph-worktrees/iter-1450/chapter01.08-architecture.md

[38;5;10m ✓ [0mSuccessfully read [38;5;244m387 bytes[0m from /tmp/ralph-worktrees/iter-1450/chapter01.08-architecture.md

[38;5;10m ✓ [0mSuccessfully read [38;5;244m494 bytes[0m from /tmp/ralph-worktrees/iter-1450/chapter01.08-architecture.md

[38;5;10m ✓ [0mSuccessfully read [38;5;244m806 bytes[0m from /tmp/ralph-worktrees/iter-1450/chapter01.08-architecture.md

 ⋮ 

[38;5;244m- [0mSummary: 9 operations processed, 9 successful, 0 failed
[38;5;244m - Completed in 0.2s[0m

[38;5;141m> [0mAll the bare [38;5;10m[0m[38;5;10m openings in the architecture companion are pseudocode blocks. I need to add [0mpseudocodeReading file: [38;5;141m/tmp/ralph-worktrees/iter-1450/chapter01.08-architecture.md[0m, from line [38;5;141m119[0m to [38;5;141m123[0m[38;5;244m (using tool: read)[0m
[38;5;10m ✓ [0mSuccessfully read [38;5;244m423 bytes[0m from /tmp/ralph-worktrees/iter-1450/chapter01.08-architecture.md
[38;5;244m - Completed in 0.0s[0m

[38;5;141m> [0mNow I need to add [38;5;10mpseudocode[0m tags to all the bare opening fences in the architecture companion. These are at lines: 84, 121, 150, 212, 435, 464, 504, 568, 669. Let me do this systematically. The closing fences (at lines 46, 117, 146, 208, 431, 460, 500, 564, 627, 677) should remain bare.[0m[0m
[0m[0m
I'll use a sed command to identify and fix these since there are many:[0m[0m
I will run the following command: [38;5;141mcd /tmp/ralph-worktrees/iter-1450 && awk '
/^```$/ { if (in_block) { in_block=0; print; next } }
/^```[a-zA-Z]/ { in_block=1; print; next }
/^```$/ && !in_block {
    # This is an opening fence without a tag - peek at next line to determine type
    getline nextline
    if (nextline ~ /^FUNCTION/ || nextline ~ /^\/\// || nextline ~ /^IF / || nextline ~ /^HIGH_VOLUME/ || nextline ~ /^CANONICAL_SCHEMA/ || nextline ~ /^    header_text/) {
        print "```pseudocode"
    } else {
        print "```"
    }
    print nextline
    next
}
{ print }
' chapter01.08-architecture.md > chapter01.08-architecture.md.tmp[0m[38;5;244m (using tool: shell)[0m
Purpose: Attempting to add pseudocode language tags to bare fences

[38;5;244m - Completed in 0.16s[0m

[38;5;141m> [0mThat awk script is too complex and might have edge cases. Let me try a different approach - directly replacing each bare opening fence that precedes pseudocode content:[0m[0m
I will run the following command: [38;5;141mcd /tmp/ralph-worktrees/iter-1450 && rm chapter01.08-architecture.md.tmp[0m[38;5;244m (using tool: shell)[0m
Purpose: Remove temp file

[38;5;244m - Completed in 0.12s[0m

[38;5;141m> [0mLet me do this with targeted str_replace calls for each bare opening fence. I'll match the unique context around each one:[0m[0m
I'll modify the following file: [38;5;141mchapter01.08-architecture.md[0m[38;5;244m (using tool: write)[0m

[49m[38;5;9m- 84    [0m:[38;5;9m[49m ```
[0m[49m[38;5;10m+     84[0m:[38;5;10m[49m ```pseudocode
[0m[49m[39m  85, 85[0m:[39m[49m FUNCTION submit_eob_extraction(bucket, key, sns_topic_arn, textract_role_arn):
[0m[K
Updating: [38;5;141mchapter01.08-architecture.md[0m
[38;5;244m - Completed in 0.0s[0m

I'll modify the following file: [38;5;141mchapter01.08-architecture.md[0m[38;5;244m (using tool: write)[0m

[49m[38;5;9m- 121     [0m:[38;5;9m[49m ```
[0m[49m[38;5;10m+      121[0m:[38;5;10m[49m ```pseudocode
[0m[49m[39m  122, 122[0m:[39m[49m FUNCTION retrieve_all_blocks(job_id):
[0m[K
Updating: [38;5;141mchapter01.08-architecture.md[0m
[38;5;244m - Completed in 0.0s[0m

I'll modify the following file: [38;5;141mchapter01.08-architecture.md[0m[38;5;244m (using tool: write)[0m

[49m[38;5;9m- 150     [0m:[38;5;9m[49m ```
[0m[49m[38;5;10m+      150[0m:[38;5;10m[49m ```pseudocode
[0m[49m[39m  151, 151[0m:[39m[49m FUNCTION extract_raw_content(all_blocks, block_map):
[0m[K
Updating: [38;5;141mchapter01.08-architecture.md[0m
[38;5;244m - Completed in 0.0s[0m

I'll modify the following file: [38;5;141mchapter01.08-architecture.md[0m[38;5;244m (using tool: write)[0m

[49m[38;5;9m- 212     [0m:[38;5;9m[49m ```
[0m[49m[38;5;10m+      212[0m:[38;5;10m[49m ```pseudocode
[0m[49m[39m  213, 213[0m:[39m[49m // High-volume payer profiles: maintain these for your top 10-20 payers by volume.
[0m[K
Updating: [38;5;141mchapter01.08-architecture.md[0m
[38;5;244m - Completed in 0.0s[0m

I'll modify the following file: [38;5;141mchapter01.08-architecture.md[0m[38;5;244m (using tool: write)[0m

[49m[38;5;9m- 435     [0m:[38;5;9m[49m ```
[0m[49m[38;5;10m+      435[0m:[38;5;10m[49m ```pseudocode
[0m[49m[39m  436, 436[0m:[39m[49m FUNCTION assemble_line_items(raw_header, raw_tables, mapping):
[0m[K
Updating: [38;5;141mchapter01.08-architecture.md[0m
[38;5;244m - Completed in 0.0s[0m

I'll modify the following file: [38;5;141mchapter01.08-architecture.md[0m[38;5;244m (using tool: write)[0m

[49m[38;5;9m- 464     [0m:[38;5;9m[49m ```
[0m[49m[38;5;10m+      464[0m:[38;5;10m[49m ```pseudocode
[0m[49m[39m  465, 465[0m:[39m[49m FUNCTION check_mapping_coverage(line_items, mapping_path):
[0m[K
Updating: [38;5;141mchapter01.08-architecture.md[0m
[38;5;244m - Completed in 0.0s[0m

I'll modify the following file: [38;5;141mchapter01.08-architecture.md[0m[38;5;244m (using tool: write)[0m

[49m[38;5;9m- 504     [0m:[38;5;9m[49m ```
[0m[49m[38;5;10m+      504[0m:[38;5;10m[49m ```pseudocode
[0m[49m[39m  505, 505[0m:[39m[49m FUNCTION parse_currency(text):
[0m[K
Updating: [38;5;141mchapter01.08-architecture.md[0m
[38;5;244m - Completed in 0.0s[0m

I'll modify the following file: [38;5;141mchapter01.08-architecture.md[0m[38;5;244m (using tool: write)[0m

[49m[38;5;9m- 568     [0m:[38;5;9m[49m ```
[0m[49m[38;5;10m+      568[0m:[38;5;10m[49m ```pseudocode
[0m[49m[39m  569, 569[0m:[39m[49m FUNCTION assemble_and_route(
[0m[K
Updating: [38;5;141mchapter01.08-architecture.md[0m
[38;5;244m - Completed in 0.0s[0m

I'll modify the following file: [38;5;141mchapter01.08-architecture.md[0m[38;5;244m (using tool: write)[0m

[49m[38;5;9m- 669     [0m:[38;5;9m[49m ```
[0m[49m[38;5;10m+      669[0m:[38;5;10m[49m ```pseudocode
[0m[49m[39m  670, 670[0m:[39m[49m IF payer_hint is null:
[0m[K
Updating: [38;5;141mchapter01.08-architecture.md[0m
[38;5;244m - Completed in 0.0s[0m

[38;5;141m> [0mNow let me verify there are no remaining bare opening fences:[0m[0m
I will run the following command: [38;5;141mcd /tmp/ralph-worktrees/iter-1450 && grep -n '^```$' chapter01.08-architecture.md | head -20[0m[38;5;244m (using tool: shell)[0m
Purpose: Check for remaining bare fences in architecture companion

46:```
117:```
146:```
208:```
431:```
500:```
564:```
627:```
677:```
[38;5;244m - Completed in 0.9s[0m

[38;5;141m> [0mLet me verify these are all closing fences by checking one:[0m[0m
Batch fs_read operation with [38;5;141m2[0m operations[38;5;244m (using tool: read)[0m

↱ Operation 1: Reading file: [38;5;141m/tmp/ralph-worktrees/iter-1450/chapter01.08-architecture.md[0m, from line [38;5;141m44[0m to [38;5;141m48[0m
↱ Operation 2: Reading file: [38;5;141m/tmp/ralph-worktrees/iter-1450/chapter01.08-architecture.md[0m, from line [38;5;141m115[0m to [38;5;141m119[0m
[38;5;10m ✓ [0mSuccessfully read [38;5;244m90 bytes[0m from /tmp/ralph-worktrees/iter-1450/chapter01.08-architecture.md

[38;5;10m ✓ [0mSuccessfully read [38;5;244m376 bytes[0m from /tmp/ralph-worktrees/iter-1450/chapter01.08-architecture.md

 ⋮ 

[38;5;244m- [0mSummary: 2 operations processed, 2 successful, 0 failed
[38;5;244m - Completed in 0.0s[0m

[38;5;141m> [0mGood, these are all closing fences. Now let me also check there are no remaining bare opening fences in the main recipe:[0m[0m
I will run the following command: [38;5;141mcd /tmp/ralph-worktrees/iter-1450 && grep -n '^```$' chapter01.08-eob-processing.md[0m[38;5;244m (using tool: shell)[0m
Purpose: Check for remaining bare fences in main recipe

103:```
161:```
180:```
[38;5;244m - Completed in 0.12s[0m

Batch fs_read operation with [38;5;141m3[0m operations[38;5;244m (using tool: read)[0m

↱ Operation 1: Reading file: [38;5;141m/tmp/ralph-worktrees/iter-1450/chapter01.08-eob-processing.md[0m, from line [38;5;141m99[0m to [38;5;141m105[0m
↱ Operation 2: Reading file: [38;5;141m/tmp/ralph-worktrees/iter-1450/chapter01.08-eob-processing.md[0m, from line [38;5;141m159[0m to [38;5;141m163[0m
↱ Operation 3: Reading file: [38;5;141m/tmp/ralph-worktrees/iter-1450/chapter01.08-eob-processing.md[0m, from line [38;5;141m178[0m to [38;5;141m182[0m
[38;5;10m ✓ [0mSuccessfully read [38;5;244m359 bytes[0m from /tmp/ralph-worktrees/iter-1450/chapter01.08-eob-processing.md

[38;5;10m ✓ [0mSuccessfully read [38;5;244m78 bytes[0m from /tmp/ralph-worktrees/iter-1450/chapter01.08-eob-processing.md

[38;5;10m ✓ [0mSuccessfully read [38;5;244m141 bytes[0m from /tmp/ralph-worktrees/iter-1450/chapter01.08-eob-processing.md

 ⋮ 

[38;5;244m- [0mSummary: 3 operations processed, 3 successful, 0 failed
[38;5;244m - Completed in 0.0s[0m

[38;5;141m> [0mThese are all closing fences. Good.[0m[0m
[0m[0m
Now let me do a final check on the architecture companion - there was one more bare fence I might have missed. Let me count opening vs closing:[0m[0m
I will run the following command: [38;5;141mcd /tmp/ralph-worktrees/iter-1450 && grep -c '^```' chapter01.08-architecture.md[0m[38;5;244m (using tool: shell)[0m
Purpose: Count total fence lines

20
[38;5;244m - Completed in 0.31s[0m

[38;5;141m> [0m20 total fence lines. That should be 10 opening + 10 closing (= 10 code blocks). Let me verify:[0m[0m
I will run the following command: [38;5;141mcd /tmp/ralph-worktrees/iter-1450 && grep -n '^```' chapter01.08-architecture.md[0m[38;5;244m (using tool: shell)[0m
Purpose: List all fence lines with line numbers

25:```mermaid
46:```
84:```pseudocode
117:```
121:```pseudocode
146:```
150:```pseudocode
208:```
212:```pseudocode
431:```
435:```pseudocode
460:``` 
464:```pseudocode
500:```
504:```pseudocode
564:```
568:```pseudocode
627:```
669:```pseudocode
677:```
[38;5;244m - Completed in 0.33s[0m

[38;5;141m> [0mI notice line 460 has a trailing space: "[38;5;10m[0mReading file: [38;5;141m/tmp/ralph-worktrees/iter-1450/chapter01.08-architecture.md[0m, from line [38;5;141m458[0m to [38;5;141m462[0m[38;5;244m (using tool: read)[0m
[38;5;10m ✓ [0mSuccessfully read [38;5;244m255 bytes[0m from /tmp/ralph-worktrees/iter-1450/chapter01.08-architecture.md
[38;5;244m - Completed in 0.0s[0m

[38;5;141m> [0mThat's a closing fence with a trailing space. Not an issue for rendering but let me clean it up:[0m[0m
I'll modify the following file: [38;5;141mchapter01.08-architecture.md[0m[38;5;244m (using tool: write)[0m

[49m[39m  459, 459[0m:[39m[49m     RETURN header_fields, line_items
[0m[49m[38;5;9m- 460     [0m:[38;5;9m[49m ``` 
[0m[49m[38;5;10m+      460[0m:[38;5;10m[49m ```
[0m[49m[39m  461, 461[0m:[39m[49m 
[0m[49m[39m  462, 462[0m:[39m[49m **Step 5a: Minimum coverage check.**
[0m[K
Updating: [38;5;141mchapter01.08-architecture.md[0m
[38;5;244m - Completed in 0.0s[0m

[38;5;141m> [0mNow let me check the architecture companion's section titled "Code Walkthrough" vs what RECIPE-GUIDE expects ("Pseudocode Walkthrough"):[0m[0m
[0m[0m
Looking at the architecture companion, it uses "### Code Walkthrough" as the heading. RECIPE-GUIDE says it should be "Pseudocode Walkthrough". But the task says "Do not rewrite content, do not move sections." This is a pre-existing naming choice, not a transition seam. I'll leave it.[0m[0m
[0m[0m
Let me also verify the architecture companion doesn't have "Expected Results" or "Estimated Implementation Time" sections that the RECIPE-GUIDE says it should have. Looking at the content: it doesn't have an "Expected Results" section (that's in the main recipe) and doesn't have "Estimated Implementation Time." But those are pre-existing omissions, not transition seam issues. The task doesn't ask me to add missing sections.[0m[0m
[0m[0m
Let me do one final verification - check that the main recipe reads coherently with the callout in its new position, and that there are no remaining seam issues. Let me read the area around the transition:[0m[0m
Reading file: [38;5;141m/tmp/ralph-worktrees/iter-1450/chapter01.08-eob-processing.md[0m, from line [38;5;141m108[0m to [38;5;141m120[0m[38;5;244m (using tool: read)[0m
[38;5;10m ✓ [0mSuccessfully read [38;5;244m1408 bytes[0m from /tmp/ralph-worktrees/iter-1450/chapter01.08-eob-processing.md
[38;5;244m - Completed in 0.0s[0m

Reading file: [38;5;141m/tmp/ralph-worktrees/iter-1450/chapter01.08-eob-processing.md[0m, from line [38;5;141m120[0m to [38;5;141m135[0m[38;5;244m (using tool: read)[0m
[38;5;10m ✓ [0mSuccessfully read [38;5;244m357 bytes[0m from /tmp/ralph-worktrees/iter-1450/chapter01.08-eob-processing.md
[38;5;244m - Completed in 0.0s[0m

Reading file: [38;5;141m/tmp/ralph-worktrees/iter-1450/chapter01.08-eob-processing.md[0m, from line [38;5;141m218[0m to [38;5;141m230[0m[38;5;244m (using tool: read)[0m
[38;5;10m ✓ [0mSuccessfully read [38;5;244m1721 bytes[0m from /tmp/ralph-worktrees/iter-1450/chapter01.08-eob-processing.md
[38;5;244m - Completed in 0.0s[0m

[38;5;141m> [0mThe transition reads well. The callout sits at the natural end of the General Architecture Pattern, the Expected Results section follows (it mentions AWS service names like Bedrock and DynamoDB, but those are in the context of sample outputs which makes sense to keep with the main recipe for reader convenience), and The Honest Take follows without dangling references.[0m[0m
[0m[0m
Let me now check that "The Honest Take" doesn't have dangling references to content that moved. It references "Nova Pro at $0.80 per million input tokens" and "Bedrock schema mapping accuracy" but these are self-contained observations, not references to a section that was moved. The section stands on its own.[0m[0m
[0m[0m
Let me also quickly check the main recipe doesn't have an "## The AWS Implementation" or "### Why These Services" section that would be redundant:[0m[0m
Searching for: [38;5;141m^## [0m in [38;5;141m/tmp/ralph-worktrees/iter-1450/chapter01.08-eob-processing.md[0m[38;5;244m (using tool: grep)[0m
[38;5;10m ✓ [0mSuccessfully found [38;5;244m6 matches[0m in [38;5;244m1 files[0m under /tmp/ralph-worktrees/iter-1450/chapter01.08-eob-processing.md (result is truncated)
[38;5;244m - Completed in 0.0s[0m

[38;5;141m> [0mGood. The main recipe sections are: The Problem, The Technology, Expected Results, The Honest Take, Related Recipes. The General Architecture Pattern is a subsection under The Technology (likely ### level). Let me verify:[0m[0m
Searching for: [38;5;141m^### [0m in [38;5;141m/tmp/ralph-worktrees/iter-1450/chapter01.08-eob-processing.md[0m[38;5;244m (using tool: grep)[0m
[38;5;10m ✓ [0mSuccessfully found [38;5;244m6 matches[0m in [38;5;244m1 files[0m under /tmp/ralph-worktrees/iter-1450/chapter01.08-eob-processing.md (result is truncated)
[38;5;244m - Completed in 0.0s[0m

[38;5;141m> [0mI see "The General Architecture Pattern" heading is missing from the grep. Let me check:[0m[0m
Searching for: [38;5;141mGeneral Architecture[0m in [38;5;141m/tmp/ralph-worktrees/iter-1450/chapter01.08-eob-processing.md[0m[38;5;244m (using tool: grep)[0m
[38;5;10m ✓ [0mSuccessfully found [38;5;244m1 matches[0m in [38;5;244m1 files[0m under /tmp/ralph-worktrees/iter-1450/chapter01.08-eob-processing.md
[38;5;244m - Completed in 0.0s[0m

[38;5;141m> [0mGood. It's a ### subsection under ## The Technology. The callout is placed at the end of "### The General Architecture Pattern" which is the last subsection of "## The Technology." This is correct per RECIPE-GUIDE (the callout ends the General Architecture Pattern section).[0m[0m
[0m[0m
Let me now also check if "Tags" section uses proper format:[0m[0m
Searching for: [38;5;141m^## Tags[0m in [38;5;141m/tmp/ralph-worktrees/iter-1450/chapter01.08-eob-processing.md[0m[38;5;244m (using tool: grep)[0m
[38;5;10m ✓ [0mSuccessfully found [38;5;244m1 matches[0m in [38;5;244m1 files[0m under /tmp/ralph-worktrees/iter-1450/chapter01.08-eob-processing.md
[38;5;244m - Completed in 0.0s[0m

[38;5;141m> [0mGood. Now let me do a final comprehensive scan:[0m[0m
I will run the following command: [38;5;141mcd /tmp/ralph-worktrees/iter-1450 && grep -n '—\|–' chapter01.08-eob-processing.md chapter01.08-architecture.md 2>/dev/null | grep -v "^Binary"[0m[38;5;244m (using tool: shell)[0m
Purpose: Final check for any em or en dashes

[38;5;244m - Completed in 0.14s[0m

[38;5;141m> [0mNo em or en dashes remaining. Let me also confirm no bare opening fences remain:[0m[0m
I will run the following command: [38;5;141mcd /tmp/ralph-worktrees/iter-1450 && awk '/^```[^`]/{tag=1} /^```$/{if(!tag){print NR": bare closing (ok)"} else {tag=0}}' chapter01.08-architecture.md | head -5[0m[38;5;244m (using tool: shell)[0m
Purpose: Verify all opening fences have tags

[38;5;244m - Completed in 0.13s[0m

I will run the following command: [38;5;141mcd /tmp/ralph-worktrees/iter-1450 && python3 -c "
import re
for fname in ['chapter01.08-eob-processing.md', 'chapter01.08-architecture.md']:
    with open(fname) as f:
        lines = f.readlines()
    in_block = False
    for i, line in enumerate(lines, 1):
        stripped = line.rstrip()
        if stripped == '\`\`\`' and not in_block:
            # This is a closing fence when we're already tracking
            pass
        if re.match(r'\`\`\`[a-zA-Z]', stripped):
            in_block = True
        elif stripped == '\`\`\`':
            if in_block:
                in_block = False
            else:
                print(f'{fname}:{i}: BARE OPENING FENCE')
                in_block = True
"[0m[38;5;244m (using tool: shell)[0m
Purpose: Python check for bare opening fences

[38;5;244m - Completed in 0.25s[0m

[38;5;141m> [0mNo bare opening fences. All checks pass. Let me do a final read of the transition area in the architecture companion to make sure its opening is clean:[0m[0m
Reading file: [38;5;141m/tmp/ralph-worktrees/iter-1450/chapter01.08-architecture.md[0m, from line [38;5;141m1[0m to [38;5;141m10[0m[38;5;244m (using tool: read)[0m
[38;5;10m ✓ [0mSuccessfully read [38;5;244m403 bytes[0m from /tmp/ralph-worktrees/iter-1450/chapter01.08-architecture.md
[38;5;244m - Completed in 0.0s[0m

[38;5;141m> [0mThe architecture companion opens cleanly with a title, backlink header, and immediately dives into the AWS content. No issues here.[0m[0m
[0m[0m
Let me summarize what was done:[0m[0m
[0m[0m
[1mChanges to [38;5;10mchapter01.08-eob-processing.md[0m:[22m[0m[0m
1. Moved the architecture callout from after Expected Results to the end of the General Architecture Pattern section (proper placement per RECIPE-GUIDE)[0m[0m
2. Replaced en dash (–) with hyphen in the cost line (line 3)[0m[0m
3. Replaced en dashes with hyphens in the performance benchmarks table (5 occurrences)[0m[0m
4. Replaced en dashes with hyphens in the Latency note blockquote (3 occurrences)[0m[0m
5. Added [38;5;10mtext[0m language tag to the bare pipeline diagram code fence[0m[0m
[0m[0m
[1mChanges to [38;5;10mchapter01.08-architecture.md[0m:[22m[0m[0m
1. Replaced en dash with hyphen in the Bedrock TPM limits paragraph[0m[0m
2. Added [38;5;10mpseudocode[0m language tags to all 9 bare opening code fences[0m[0m
3. Removed trailing space from one closing fence[0m[0m
[0m[0m
[38;5;252m[0m[?25l[?25l[0m[0m[?25l[0m[?25l[0m[0m[?25l[0m[?25l[0m[0m[?25l[0m[?25l[0m[0m[?25l[0m[?25l[0m[0m[?25l[0m[?25l[0m[0m[?25l[0m[?25l[0m[0m[?25l[0m[?25l[0m[0m[?25l[0m[?25l[0m[0m[?25l[0m[?25l[0m[0m[?25l[0m[?25l[0m[0m[?25l[0m[?25l[?25l[0m[0m[?25l[0m[?25l[0m[0m[?25l[0m[?25l[0m[0m[?25l[0m[?25l[0m[0m[?25l[0m[?25l[0m[0m[?25l[0m[?25l[0m[0m[?25l[0m[?25l[0m[0m[?25l[0m[?25l[0m[0m[?25l[0m[?25l[0m[0m[?25l[0m[?25l[0m[0m[?25l[0m[?25l[0m[0m[?25l[0m[?25l[0m[0m[?25l[0m[?25l[0m[0m[?25l[0m[?25l[0m[0m[?25l[0m[?25l[0m[0m[?25l[0m[?25l[0m[0m[?25l[0m[?25l[0m[0m[?25l[0m[?25l[0m[0m[?25l[0m[?25l[0m[0m[?25l[0m[?25l[0m[0m[?25l[0m[?25l[0m[0m[?25l[0m[?25l[0m[0m[?25l[0m[?25l[0m[0m[?25l[0m[?25l[0m[0m[?25l[0m[?25l[0m[0m[?25l[0m[?25l[0m[0m[?25l[0m[?25l[0m[0m[?25l[0m[?25l[0m[0m[?25l[0m[?25l[0m[0m[?25l[0m[?25l[0m[0m[?25l[0m[?25l[0m[0m[?25l[0m[?25l[0m[0m[?25l[0m[?25l[0m[0m[?25l[0m[?25l[0m[0m[?25l[0m[?25l[0m[0m[?25l[0m[?25l[0m[0m[?25l[0m[0m[0m
[38;5;8m
 ▸ Credits: 31.27 • Time: 4m 22s

[0m[1G[0m[0m[?25hNo content was rewritten, no sections were moved (the callout is a navigational element, not a content section), and no new claims were added.[38;5;11mWARNING: [0mDuplicate agent with name [38;5;10mmeshclaw-lite[0m was found in the global directory.
[0m[38;5;9mError: [0mJson supplied at /home/lawsnic/.kiro/agents/AmazonBuilderCoreAIAgents-amzn-builder.json is invalid: unknown field `permissions`, expected one of `$schema`, `name`, `description`, `prompt`, `mcpServers`, `tools`, `toolAliases`, `allowedTools`, `resources`, `hooks`, `toolsSettings`, `includeMcpJson`, `useLegacyMcpJson`, `model`, `keyboardShortcut`, `welcomeMessage` at line 3 column 16
[32mAll tools are now trusted ([0m[31m![0m[32m). Kiro will execute tools without asking for confirmation.[0m
Agents can sometimes do unexpected things so understand the risks.

Learn more at [38;5;141mhttps://kiro.dev/docs/cli/chat/security/#using-tools-trust-all-safely[0m



Batch fs_read operation with [38;5;141m2[0m operations[38;5;244m (using tool: read)[0m

↱ Operation 1: Reading file: [38;5;141m/tmp/ralph-worktrees/iter-1450/chapter01.08-eob-processing.md[0m, all lines
↱ Operation 2: Reading file: [38;5;141m/tmp/ralph-worktrees/iter-1450/chapter01.08-architecture.md[0m, all lines
[38;5;10m ✓ [0mSuccessfully read [38;5;244m27445 bytes[0m from /tmp/ralph-worktrees/iter-1450/chapter01.08-eob-processing.md

[38;5;10m ✓ [0mSuccessfully read [38;5;244m51716 bytes[0m from /tmp/ralph-worktrees/iter-1450/chapter01.08-architecture.md

 ⋮ 

[38;5;244m- [0mSummary: 2 operations processed, 2 successful, 0 failed
[38;5;244m - Completed in 0.1s[0m

[38;5;141m> [0mNow I need to check for:[0m[0m
1. Coherent standalone main recipe with The Problem, The Technology, General Architecture, The Honest Take[0m[0m
2. Working callout to architecture companion[0m[0m
3. No dangling references to AWS content that moved to the companion[0m[0m
4. Architecture companion reads standalone with backlink to main recipe and intact pseudocode[0m[0m
5. No em dashes[0m[0m
[0m[0m
Let me search for em dashes specifically:[0m[0m
Batch fs_read operation with [38;5;141m2[0m operations[38;5;244m (using tool: read)[0m

↱ Operation 1: Searching: [38;5;141m/tmp/ralph-worktrees/iter-1450/chapter01.08-eob-processing.md[0m for pattern: [38;5;141m—[0m
↱ Operation 2: Searching: [38;5;141m/tmp/ralph-worktrees/iter-1450/chapter01.08-architecture.md[0m for pattern: [38;5;141m—[0m
[38;5;10m ✓ [0mFound 0 matches for pattern '—' in /tmp/ralph-worktrees/iter-1450/chapter01.08-eob-processing.md

[38;5;10m ✓ [0mFound 0 matches for pattern '—' in /tmp/ralph-worktrees/iter-1450/chapter01.08-architecture.md

 ⋮ 

[38;5;244m- [0mSummary: 2 operations processed, 2 successful, 0 failed
[38;5;244m - Completed in 0.1s[0m

[38;5;141m> [0mNo em dashes found. Now let me verify the key structural elements:[0m[0m
[0m[0m
[1mMain recipe (chapter01.08-eob-processing.md):[22m[0m[0m
- ✅ "The Problem" section present[0m[0m
- ✅ "The Technology: Extraction, Schema Mapping, and Financial Validation" section present[0m[0m
- ✅ "The General Architecture Pattern" subsection present with vendor-agnostic pipeline description[0m[0m
- ✅ "The Honest Take" section present[0m[0m
- ✅ Architecture callout present: [38;5;10m> **The AWS build lives in a companion page.** This recipe covers the problem, the underlying technology, and the vendor-agnostic architecture. For the AWS services, architecture diagram, prerequisites, and the step-by-step pseudocode walkthrough, see the [Architecture and Implementation companion](chapter01.08-architecture).[0m[0m[0m
- ✅ No dangling AWS references in General Architecture (it describes the generic pipeline pattern without AWS service names)[0m[0m
- ✅ The Honest Take references "Bedrock" but in a conceptual/model-choice context that is appropriate for the main recipe discussion[0m[0m
[0m[0m
Let me check if there are any AWS-specific references in the General Architecture or Honest Take that seem dangling:[0m[0m
[0m[0m
The General Architecture section uses generic terms: "Ingest", "Extract", "Map Schema", "Parse Line Items", "Validate", "Store or Flag" and ends with "Any cloud provider, any extraction engine fits this pattern." It does mention "Textract" and "Bedrock" in the Technology section, but those are part of the conceptual explanation (explaining why certain tools are chosen), not implementation details.[0m[0m
[0m[0m
The Honest Take mentions "Bedrock" and "Nova Pro" in the context of discussing model choice and cost tradeoffs, which is conceptual discussion appropriate for the main recipe.[0m[0m
[0m[0m
[1mArchitecture companion (chapter01.08-architecture.md):[22m[0m[0m
- ✅ Opens with backlink: [38;5;10m*Companion to [Recipe 1.8: Explanation of Benefits Processing 🔶](chapter01.08-eob-processing). This page covers the AWS architecture, services, prerequisites, and pseudocode. For the problem framing and the conceptual approach, start with the main recipe.*[0m[0m[0m
- ✅ Reads standalone with full AWS implementation details[0m[0m
- ✅ Pseudocode is intact and extensive (Steps 1-7 plus variations)[0m[0m
- ✅ Footer has backlink: [38;5;10m*← [Main Recipe 1.8](chapter01.08-eob-processing)[0m[0m[0m
- ✅ No em dashes[0m[0m
[0m[0m
[38;5;252m[0m[?25l[?25l[0m[0m[?25l[0m[?25l[0m[0m[?25l[0m[0m[0m
[38;5;8m
 ▸ Credits: 2.20 • Time: 29s

[0m[1G[0m[0m[?25h{"verdict": "pass", "rationale": "Main recipe reads as a coherent standalone document with The Problem, The Technology, The General Architecture Pattern (vendor-agnostic), and The Honest Take all present. The architecture callout is well-placed after the General Architecture section. No dangling AWS implementation references remain in the main recipe's architecture or honest-take sections. The architecture companion opens cleanly with a backlink to the main recipe, contains intact pseudocode, and closes with a navigation link back. No em dashes found in either file."}