# parallel_worker header: concurrency_limit=2 batch_id=batch-1779747243852-000017-faef76210461c1f1 iteration=376 task_id=ch11-r08-expert-review persona=TechExpertReviewer
[32mAll tools are now trusted ([0m[31m![0m[32m). Kiro will execute tools without asking for confirmation.[0m
Agents can sometimes do unexpected things so understand the risks.

Learn more at [38;5;141mhttps://kiro.dev/docs/cli/chat/security/#using-tools-trust-all-safely[0m



Reading directory: [38;5;141mC:\tmp\ralph-worktrees\iter-376[0m[38;5;244m (using tool: read, max depth: 1, max entries: 1000, excluding: defaults)[0m
[38;5;10m ✓ [0mSuccessfully read directory [38;5;141mC:\tmp\ralph-worktrees\iter-376[0m [38;5;244m(showing 1000 of 1458 entries, offset: 0)[0m
[38;5;244m - Completed in 0.44s[0m

Batch fs_read operation with [38;5;141m2[0m operations[38;5;244m (using tool: read)[0m

↱ Operation 1: Reading file: [38;5;141mC:\tmp\ralph-worktrees\iter-376\specs\ch11-r08-draft.md[0m, all lines
↱ Operation 2: Reading file: [38;5;141mC:\tmp\ralph-worktrees\iter-376\reviews\chapter11.07-expert-review.md[0m, all lines
[38;5;10m ✓ [0mSuccessfully read [38;5;244m849 bytes[0m from C:\tmp\ralph-worktrees\iter-376\specs\ch11-r08-draft.md

[38;5;10m ✓ [0mSuccessfully read [38;5;244m181718 bytes[0m from C:\tmp\ralph-worktrees\iter-376\reviews\chapter11.07-expert-review.md

 ⋮ 

[38;5;244m- [0mSummary: 2 operations processed, 2 successful, 0 failed
[38;5;244m - Completed in 0.2s[0m

Searching for files: [38;5;141m**/chapter11.08*[0m[38;5;244m (using tool: glob)[0m
[38;5;10m ✓ [0mSuccessfully found [38;5;244m2 files[0m under current directory
[38;5;244m - Completed in 0.36s[0m

I will run the following command: [38;5;141mpowershell -Command "(Get-Content 'C:\tmp\ralph-worktrees\iter-376\chapter11.08-mental-health-support-bot.md' | Measure-Object -Line).Lines"[0m[38;5;244m (using tool: shell)[0m
Purpose: Count lines in the recipe draft

1874
[38;5;244m - Completed in 2.324s[0m

Reading file: [38;5;141mC:\tmp\ralph-worktrees\iter-376\chapter11.08-mental-health-support-bot.md[0m, from line [38;5;141m1[0m to [38;5;141m250[0m[38;5;244m (using tool: read)[0m
[38;5;10m ✓ [0mSuccessfully read [38;5;244m59392 bytes[0m from C:\tmp\ralph-worktrees\iter-376\chapter11.08-mental-health-support-bot.md
[38;5;244m - Completed in 0.1s[0m

Reading file: [38;5;141mC:\tmp\ralph-worktrees\iter-376\chapter11.08-mental-health-support-bot.md[0m, from line [38;5;141m250[0m to [38;5;141m600[0m[38;5;244m (using tool: read)[0m
[38;5;10m ✓ [0mSuccessfully read [38;5;244m24083 bytes[0m from C:\tmp\ralph-worktrees\iter-376\chapter11.08-mental-health-support-bot.md
[38;5;244m - Completed in 0.1s[0m

Reading file: [38;5;141mC:\tmp\ralph-worktrees\iter-376\chapter11.08-mental-health-support-bot.md[0m, from line [38;5;141m600[0m to [38;5;141m1000[0m[38;5;244m (using tool: read)[0m
[38;5;10m ✓ [0mSuccessfully read [38;5;244m33632 bytes[0m from C:\tmp\ralph-worktrees\iter-376\chapter11.08-mental-health-support-bot.md
[38;5;244m - Completed in 0.1s[0m

Reading file: [38;5;141mC:\tmp\ralph-worktrees\iter-376\chapter11.08-mental-health-support-bot.md[0m, from line [38;5;141m1000[0m to [38;5;141m1400[0m[38;5;244m (using tool: read)[0m
[38;5;10m ✓ [0mSuccessfully read [38;5;244m15618 bytes[0m from C:\tmp\ralph-worktrees\iter-376\chapter11.08-mental-health-support-bot.md
[38;5;244m - Completed in 0.1s[0m

Reading file: [38;5;141mC:\tmp\ralph-worktrees\iter-376\chapter11.08-mental-health-support-bot.md[0m, from line [38;5;141m1400[0m to [38;5;141m1874[0m[38;5;244m (using tool: read)[0m
[38;5;10m ✓ [0mSuccessfully read [38;5;244m17818 bytes[0m from C:\tmp\ralph-worktrees\iter-376\chapter11.08-mental-health-support-bot.md
[38;5;244m - Completed in 0.1s[0m

Reading file: [38;5;141mC:\tmp\ralph-worktrees\iter-376\chapter11.08-mental-health-support-bot.md[0m, from line [38;5;141m1700[0m to [38;5;141m1874[0m[38;5;244m (using tool: read)[0m
[38;5;10m ✓ [0mSuccessfully read [38;5;244m5901 bytes[0m from C:\tmp\ralph-worktrees\iter-376\chapter11.08-mental-health-support-bot.md
[38;5;244m - Completed in 0.1s[0m

Reading file: [38;5;141mC:\tmp\ralph-worktrees\iter-376\chapter11.08-mental-health-support-bot.md[0m, from line [38;5;141m1856[0m to [38;5;141m1874[0m[38;5;244m (using tool: read)[0m
[38;5;10m ✓ [0mSuccessfully read [38;5;244m471 bytes[0m from C:\tmp\ralph-worktrees\iter-376\chapter11.08-mental-health-support-bot.md
[38;5;244m - Completed in 0.2s[0m

Searching for: [38;5;141m^##|^### [0m in [38;5;141mC:\tmp\ralph-worktrees\iter-376\chapter11.08-mental-health-support-bot.md[0m[38;5;244m (using tool: grep)[0m
[38;5;10m ✓ [0mSuccessfully found [38;5;244m24 matches[0m in [38;5;244m1 files[0m under C:\tmp\ralph-worktrees\iter-376\chapter11.08-mental-health-support-bot.md (result is truncated)
[38;5;244m - Completed in 0.3s[0m

Searching for: [38;5;141m^## |^### [0m in [38;5;141mC:\tmp\ralph-worktrees\iter-376\chapter11.08-mental-health-support-bot.md[0m[38;5;244m (using tool: grep)[0m
[38;5;10m ✓ [0mSuccessfully found [38;5;244m23 matches[0m in [38;5;244m1 files[0m under C:\tmp\ralph-worktrees\iter-376\chapter11.08-mental-health-support-bot.md
[38;5;244m - Completed in 0.1s[0m

I will run the following command: [38;5;141mpowershell -Command "(Get-Content 'C:\tmp\ralph-worktrees\iter-376\chapter11.08-mental-health-support-bot.md').Count"[0m[38;5;244m (using tool: shell)[0m
Purpose: Get exact line count

2284
[38;5;244m - Completed in 1.786s[0m

Reading file: [38;5;141mC:\tmp\ralph-worktrees\iter-376\chapter11.08-mental-health-support-bot.md[0m, from line [38;5;141m1874[0m to end of file[38;5;244m (using tool: read)[0m
[38;5;10m ✓ [0mSuccessfully read [38;5;244m61013 bytes[0m from C:\tmp\ralph-worktrees\iter-376\chapter11.08-mental-health-support-bot.md
[38;5;244m - Completed in 0.1s[0m

[38;5;141m> [0mNow I have a thorough understanding of the recipe. Let me also quickly check the STYLE-GUIDE and verify em dash count.[0m[0m
I will run the following command: [38;5;141mpowershell -Command "$content = Get-Content 'C:\tmp\ralph-worktrees\iter-376\chapter11.08-mental-health-support-bot.md' -Raw; ($content.ToCharArray() | Where-Object { $_ -eq [char]0x2014 }).Count"[0m[38;5;244m (using tool: shell)[0m
Purpose: Count em dashes in the recipe

At line:1 char:112
+ ... apter11.08-mental-health-support-bot.md' -Raw; (.ToCharArray() | Wher ...
+                                                                  ~
An expression was expected after '('.
    + CategoryInfo          : ParserError: (:) [], ParentContainsErrorRecordException
    + FullyQualifiedErrorId : ExpectedExpression
 
[38;5;244m - Completed in 1.205s[0m

I will run the following command: [38;5;141mpowershell -Command "$c = Get-Content 'C:\tmp\ralph-worktrees\iter-376\chapter11.08-mental-health-support-bot.md' -Raw; $count = 0; foreach ($ch in $c.ToCharArray()) { if ($ch -eq [char]0x2014) { $count++ } }; Write-Output $count"[0m[38;5;244m (using tool: shell)[0m
Purpose: Count em dashes

At line:1 char:113
+ ... pter11.08-mental-health-support-bot.md' -Raw;  = 0; foreach ( in .ToC ...
+                                                                  ~
Missing variable name after foreach.
At line:1 char:130
+ ... health-support-bot.md' -Raw;  = 0; foreach ( in .ToCharArray()) { if  ...
+                                                                  ~
An expression was expected after '('.
At line:1 char:131
+ ... alth-support-bot.md' -Raw;  = 0; foreach ( in .ToCharArray()) { if (  ...
+                                                                 ~
Unexpected token ')' in expression or statement.
At line:1 char:162
+ ... 0; foreach ( in .ToCharArray()) { if ( -eq [char]0x2014) { ++ } }; Wr ...
+                                                                  ~
Missing expression after unary operator '++'.
    + CategoryInfo          : ParserError: (:) [], ParentContainsErrorRecordException
    + FullyQualifiedErrorId : MissingVariableNameAfterForeach
 
[38;5;244m - Completed in 0.965s[0m

I will run the following command: [38;5;141mpowershell -Command "Select-String -Path 'C:\tmp\ralph-worktrees\iter-376\chapter11.08-mental-health-support-bot.md' -Pattern ([char]0x2014) -AllMatches | ForEach-Object { $_.Matches.Count } | Measure-Object -Sum"[0m[38;5;244m (using tool: shell)[0m
Purpose: Count em dashes via Select-String



Count    : 0
Average  : 
Sum      : 0
Maximum  : 
Minimum  : 
Property : 



[38;5;244m - Completed in 1.265s[0m

[38;5;141m> [0mEm dash count: 0 (verified). Now I'll write the expert review.[0m[0m
[38;5;141m> [0mConfirmed: em dash count is 0. Now writing the review directly.[0m[0m
[38;5;141m> [0mI'll write the review file now in one focused write.[0m[0m
