# parallel_worker header: concurrency_limit=2 batch_id=batch-1779756919323-000001-473a8e6251590611 iteration=417 task_id=ch11-r09-expert-review persona=TechExpertReviewer
[32mAll tools are now trusted ([0m[31m![0m[32m). Kiro will execute tools without asking for confirmation.[0m
Agents can sometimes do unexpected things so understand the risks.

Learn more at [38;5;141mhttps://kiro.dev/docs/cli/chat/security/#using-tools-trust-all-safely[0m



Reading directory: [38;5;141mC:\tmp\ralph-worktrees\iter-417[0m[38;5;244m (using tool: read, max depth: 0, max entries: 1000, excluding: defaults)[0m
[38;5;10m ✓ [0mSuccessfully read directory [38;5;141mC:\tmp\ralph-worktrees\iter-417[0m [38;5;244m(169 entries)[0m
[38;5;244m - Completed in 0.6s[0m

Reading directory: [38;5;141mC:\tmp\ralph-worktrees\iter-417\reviews[0m[38;5;244m (using tool: read, max depth: 0, max entries: 1000, excluding: defaults)[0m
[38;5;10m ✓ [0mSuccessfully read directory [38;5;141mC:\tmp\ralph-worktrees\iter-417\reviews[0m [38;5;244m(133 entries)[0m
[38;5;244m - Completed in 0.2s[0m

Batch fs_read operation with [38;5;141m3[0m operations[38;5;244m (using tool: read)[0m

↱ Operation 1: Reading file: [38;5;141mC:\tmp\ralph-worktrees\iter-417\chapter11.09-care-coordination-assistant.md[0m, all lines
↱ Operation 2: Reading file: [38;5;141mC:\tmp\ralph-worktrees\iter-417\STYLE-GUIDE.md[0m, all lines
↱ Operation 3: Reading file: [38;5;141mC:\tmp\ralph-worktrees\iter-417\RECIPE-GUIDE.md[0m, all lines
[38;5;10m ✓ [0mSuccessfully read [38;5;244m245959 bytes[0m from C:\tmp\ralph-worktrees\iter-417\chapter11.09-care-coordination-assistant.md

[38;5;10m ✓ [0mSuccessfully read [38;5;244m3731 bytes[0m from C:\tmp\ralph-worktrees\iter-417\STYLE-GUIDE.md

[38;5;10m ✓ [0mSuccessfully read [38;5;244m9026 bytes[0m from C:\tmp\ralph-worktrees\iter-417\RECIPE-GUIDE.md

 ⋮ 

[38;5;244m- [0mSummary: 3 operations processed, 3 successful, 0 failed
[38;5;244m - Completed in 0.3s[0m

Batch fs_read operation with [38;5;141m2[0m operations[38;5;244m (using tool: read)[0m

↱ Operation 1: Reading file: [38;5;141mC:\tmp\ralph-worktrees\iter-417\reviews\chapter11.08-expert-review.md[0m, all lines
↱ Operation 2: Reading file: [38;5;141mC:\tmp\ralph-worktrees\iter-417\reviews\chapter11.07-expert-review.md[0m, from line [38;5;141m1[0m to [38;5;141m60[0m
[38;5;10m ✓ [0mSuccessfully read [38;5;244m192396 bytes[0m from C:\tmp\ralph-worktrees\iter-417\reviews\chapter11.08-expert-review.md

[38;5;10m ✓ [0mSuccessfully read [38;5;244m25138 bytes[0m from C:\tmp\ralph-worktrees\iter-417\reviews\chapter11.07-expert-review.md

 ⋮ 

[38;5;244m- [0mSummary: 2 operations processed, 2 successful, 0 failed
[38;5;244m - Completed in 0.2s[0m

Searching for: [38;5;141m—[0m in [38;5;141mC:\tmp\ralph-worktrees\iter-417\chapter11.09-care-coordination-assistant.md[0m[38;5;244m (using tool: grep)[0mSearching for: [38;5;141mTODO \(TechWriter\): Expert review[0m in [38;5;141mC:\tmp\ralph-worktrees\iter-417\chapter11.09-care-coordination-assistant.md[0m[38;5;244m (using tool: grep)[0m
[38;5;9m ❗ [0mNo matches found for pattern: [38;5;244m—[0m under C:\tmp\ralph-worktrees\iter-417\chapter11.09-care-coordination-assistant.md
[38;5;244m - Completed in 0.1s[0m


[38;5;9m ❗ [0mNo matches found for pattern: [38;5;244mTODO \(TechWriter\): Expert review[0m under C:\tmp\ralph-worktrees\iter-417\chapter11.09-care-coordination-assistant.md
[38;5;244m - Completed in 0.1s[0m

[38;5;141m> [0mNow I have enough context. Let me write the expert review for recipe 11.9.[0m[0m
[38;5;141m> [0mI'll write the expert review directly without additional research, drawing on the recipe content I've already read.[0m[0m
