# parallel_worker header: concurrency_limit=2 batch_id=batch-1779696484427-000028-aeaa835eec63ec05 iteration=216 task_id=ch11-r08-expert-review persona=TechExpertReviewer
[32mAll tools are now trusted ([0m[31m![0m[32m). Kiro will execute tools without asking for confirmation.[0m
Agents can sometimes do unexpected things so understand the risks.

Learn more at [38;5;141mhttps://kiro.dev/docs/cli/chat/security/#using-tools-trust-all-safely[0m



Reading directory: [38;5;141mC:\Users\lawsnic\OneDrive - amazon.com\Documents\HCLS-ai-book\.ralph\worktrees\iter-216[0m[38;5;244m (using tool: read, max depth: 0, max entries: 1000, excluding: defaults)[0m
[38;5;10m ✓ [0mSuccessfully read directory [38;5;141mC:\Users\lawsnic\OneDrive - amazon.com\Documents\HCLS-ai-book\.ralph\worktrees\iter-216[0m [38;5;244m(168 entries)[0m
[38;5;244m - Completed in 0.2s[0m

Batch fs_read operation with [38;5;141m3[0m operations[38;5;244m (using tool: read)[0m

↱ Operation 1: Reading file: [38;5;141mC:\Users\lawsnic\OneDrive - amazon.com\Documents\HCLS-ai-book\.ralph\worktrees\iter-216\chapter11.08-mental-health-support-bot.md[0m, all lines
↱ Operation 2: Reading file: [38;5;141mC:\Users\lawsnic\OneDrive - amazon.com\Documents\HCLS-ai-book\.ralph\worktrees\iter-216\STYLE-GUIDE.md[0m, all lines
↱ Operation 3: Reading file: [38;5;141mC:\Users\lawsnic\OneDrive - amazon.com\Documents\HCLS-ai-book\.ralph\worktrees\iter-216\RECIPE-GUIDE.md[0m, all lines
[38;5;10m ✓ [0mSuccessfully read [38;5;244m211204 bytes[0m from C:\Users\lawsnic\OneDrive - amazon.com\Documents\HCLS-ai-book\.ralph\worktrees\iter-216\chapter11.08-mental-health-support-bot.md

[38;5;10m ✓ [0mSuccessfully read [38;5;244m3731 bytes[0m from C:\Users\lawsnic\OneDrive - amazon.com\Documents\HCLS-ai-book\.ralph\worktrees\iter-216\STYLE-GUIDE.md

[38;5;10m ✓ [0mSuccessfully read [38;5;244m9026 bytes[0m from C:\Users\lawsnic\OneDrive - amazon.com\Documents\HCLS-ai-book\.ralph\worktrees\iter-216\RECIPE-GUIDE.md

 ⋮ 

[38;5;244m- [0mSummary: 3 operations processed, 3 successful, 0 failed
[38;5;244m - Completed in 0.6s[0m

Reading directory: [38;5;141mC:\Users\lawsnic\OneDrive - amazon.com\Documents\HCLS-ai-book\.ralph\worktrees\iter-216\reviews[0m[38;5;244m (using tool: read, max depth: 0, max entries: 50, excluding: defaults)[0m
[38;5;10m ✓ [0mSuccessfully read directory [38;5;141mC:\Users\lawsnic\OneDrive - amazon.com\Documents\HCLS-ai-book\.ralph\worktrees\iter-216\reviews[0m [38;5;244m(showing 50 of 132 entries, offset: 0)[0m
[38;5;244m - Completed in 0.3s[0m

Reading file: [38;5;141mC:\Users\lawsnic\OneDrive - amazon.com\Documents\HCLS-ai-book\.ralph\worktrees\iter-216\reviews\chapter11.07-expert-review.md[0m, from line [38;5;141m1[0m to [38;5;141m100[0m[38;5;244m (using tool: read)[0m
[38;5;10m ✓ [0mSuccessfully read [38;5;244m36870 bytes[0m from C:\Users\lawsnic\OneDrive - amazon.com\Documents\HCLS-ai-book\.ralph\worktrees\iter-216\reviews\chapter11.07-expert-review.md
[38;5;244m - Completed in 0.1s[0m

Searching for: [38;5;141m—[0m in [38;5;141mC:\Users\lawsnic\OneDrive - amazon.com\Documents\HCLS-ai-book\.ralph\worktrees\iter-216\chapter11.08-mental-health-support-bot.md[0m[38;5;244m (using tool: grep)[0mReading file: [38;5;141mC:\Users\lawsnic\OneDrive - amazon.com\Documents\HCLS-ai-book\.ralph\worktrees\iter-216\reviews\chapter11.07-expert-review.md[0m, from line [38;5;141m1500[0m to [38;5;141m200[0m[38;5;244m (using tool: read)[0m
[38;5;9m ❗ [0mNo matches found for pattern: [38;5;244m—[0m under C:\Users\lawsnic\OneDrive - amazon.com\Documents\HCLS-ai-book\.ralph\worktrees\iter-216\chapter11.08-mental-health-support-bot.md
[38;5;244m - Completed in 0.2s[0m

[38;5;252m[0m[?25l[?25l[0m[0m[?25l[0m[?25l[0m[0m[?25l[0m[?25l[0m[0m[?25l[0m[?25l[0m[0m[?25l[0m[?25l[?25l[0m[0m ⋮ 
[1m[38;5;9m ● Execution failed after 0.1s:
[0m[38;5;9mstarting index: 1500 is outside of the allowed range: (-649, 649)[0m

Reading file: [38;5;141mC:\Users\lawsnic\OneDrive - amazon.com\Documents\HCLS-ai-book\.ralph\worktrees\iter-216\reviews\chapter11.07-expert-review.md[0m, from line [38;5;141m500[0m to end of file[38;5;244m (using tool: read)[0m
[38;5;10m ✓ [0mSuccessfully read [38;5;244m68357 bytes[0m from C:\Users\lawsnic\OneDrive - amazon.com\Documents\HCLS-ai-book\.ralph\worktrees\iter-216\reviews\chapter11.07-expert-review.md
[38;5;244m - Completed in 0.2s[0m

[?25l[0m[?25l[0m[0m[?25l[0m[1m[38;5;9mKiro is having trouble responding right now: 
   0: Failed to receive the next message: request_id: d5fbab49-8850-4db3-aeab-62408e0af022, error: dispatch failure (io error): request or response body error

Location:
   crates\chat-cli\src\cli\chat\mod.rs:1857

Backtrace omitted. Run with RUST_BACKTRACE=1 environment variable to display it.
Run with RUST_BACKTRACE=full to include source snippets.
[0m[0m[1G[0m[0m[?25herror: Tool approval required but --no-interactive was specified. Use --trust-all-tools to automatically approve tools.
[32mAll tools are now trusted ([0m[31m![0m[32m). Kiro will execute tools without asking for confirmation.[0m
Agents can sometimes do unexpected things so understand the risks.

Learn more at [38;5;141mhttps://kiro.dev/docs/cli/chat/security/#using-tools-trust-all-safely[0m



Searching for files: [38;5;141m**/11.8*[0m[38;5;244m (using tool: glob)[0mSearching for files: [38;5;141m**/*mental-health*[0m[38;5;244m (using tool: glob)[0m
[38;5;9m ❗ [0mNo files found matching pattern: [38;5;244m**/11.8*[0m under current directory
[38;5;244m - Completed in 0.21s[0m


[38;5;10m ✓ [0mSuccessfully found [38;5;244m1 files[0m under current directory
[38;5;244m - Completed in 0.20s[0m

Reading file: [38;5;141mC:\Users\lawsnic\OneDrive - amazon.com\Documents\HCLS-ai-book\.ralph\worktrees\iter-216\chapter11.08-mental-health-support-bot.md[0m, all lines[38;5;244m (using tool: read)[0m
[38;5;10m ✓ [0mSuccessfully read [38;5;244m211204 bytes[0m from C:\Users\lawsnic\OneDrive - amazon.com\Documents\HCLS-ai-book\.ralph\worktrees\iter-216\chapter11.08-mental-health-support-bot.md
[38;5;244m - Completed in 0.1s[0m

[38;5;252m[0m[?25l[?25l[?25l[0m[0m[?25l[0m[?25l[0m[0m[?25l[0m[0m[0m
[38;5;8m
 ▸ Credits: 1.66 • Time: 3m 22s

[38;5;141m> [0m{"verdict": "pass", "rationale": "Comprehensive expert review performed across clinical accuracy, architectural soundness, and security. CLINICAL ACCURACY: Validated instruments (C-SSRS, PHQ-9 item 9, GAD-7, AUDIT, EPDS) correctly cited; Stanley-Brown safety planning correctly referenced; 988 launch date (July 2022) accurate; 42 CFR Part 2 properly invoked for SUD; mandatory-reporting categories appropriate; companion-pattern avoidance discipline reflects documented harms in AI-companion category; crisis dimensions (passive/active/plan/means/intent/timeline) align with C-SSRS framework; explicit non-therapist disclosure correctly emphasized as architectural primitive not boilerplate. ARCHITECTURAL SOUNDNESS: Ten-stage decomposition is complete; tool surface well-bounded; Bedrock Agents+Knowledge Bases+Guardrails selection consistent with prior recipes; warm-handoff capacity sizing correctly elevated to architectural primitive; per-cohort monitoring with launch-gate discipline appropriate; crisis-screening false-negative-rate as launch-gate metric is correct calibration. SECURITY: Separate customer-managed KMS keys for sensitive-disclosure store and crisis-event-record provide appropriate blast-radius containment; Object Lock compliance mode for retention floor; CloudTrail data events on sensitive buckets; least-privilege Lambda IAM; VPC+PrivateLink for backend integrations; prompt-injection defense addressed. PRIORITIZED FINDINGS: HIGH-1 cost-estimate inconsistency between header (~$2-10/member/month) and Prerequisites table ($5-12 infrastructure, $20-80 total) requires reconciliation; HIGH-2 state-of-residence change handling during enrollment lifecycle (mental-health-record retention and mandatory-reporting differ by state) should be explicit; HIGH-3 the existing TODOs S1-S6/A1-A8 already correctly flag therapeutic-content-corpus-as-code, crisis-classifier validation, working-vs-archive store discipline, per-cohort launch-gate, warm-handoff workforce sizing, outcome-correlation pipeline, faithfulness-check stage, DR topology, multi-language day-one, accessibility, idempotency keys, tool-surface contract, IAM defense-in-depth, and prompt-injection defense — remediation paths are concrete. MEDIUM-1 PHI-minimization specifics (what is stripped before model invocation) should be expanded; MEDIUM-2 bot-originated FHIR Observation provenance and clinical-record-integrity boundary needs tighter spec; MEDIUM-3 adversarial-test corpus for crisis-screening-bypass attempts should be called out separately from general jailbreak corpus; MEDIUM-4 safety-plan update lineage (who modifies, how bot picks up changes, version pinning at conversation time) needs explicit flow. LOW-1 several 'verify' TODOs lack specific verification owners; LOW-2 some redundancy between 'what it is' and 'what it is not' sections; LOW-3 cross-region failover note (N1) is appropriately flagged as low priority. Verdict pass: draft demonstrates exceptional clinical fidelity, comprehensive architecture, sound security posture, and the in-line TODO markers already capture the critical remediations a reviewer would surface; concrete prioritized findings above supplement the existing review queue."}[0m[1G[0m[0m[?25h