# parallel_worker header: concurrency_limit=4 batch_id=batch-1781744739983-000007-ed3032b0debdcab6 iteration=1468 task_id=ch03-r06-archsplit persona=TechEditor
[38;5;11mWARNING: [0mDuplicate agent with name [38;5;10mmeshclaw-lite[0m was found in the global directory.
[0m[38;5;9mError: [0mJson supplied at /home/lawsnic/.kiro/agents/AmazonBuilderCoreAIAgents-amzn-builder.json is invalid: unknown field `permissions`, expected one of `$schema`, `name`, `description`, `prompt`, `mcpServers`, `tools`, `toolAliases`, `allowedTools`, `resources`, `hooks`, `toolsSettings`, `includeMcpJson`, `useLegacyMcpJson`, `model`, `keyboardShortcut`, `welcomeMessage` at line 3 column 16
[32mAll tools are now trusted ([0m[31m![0m[32m). Kiro will execute tools without asking for confirmation.[0m
Agents can sometimes do unexpected things so understand the risks.

Learn more at [38;5;141mhttps://kiro.dev/docs/cli/chat/security/#using-tools-trust-all-safely[0m



Batch fs_read operation with [38;5;141m2[0m operations[38;5;244m (using tool: read)[0m

↱ Operation 1: Reading file: [38;5;141m/tmp/ralph-worktrees/iter-1468/chapter03.06-healthcare-fraud-waste-abuse-detection.md[0m, all lines
↱ Operation 2: Reading file: [38;5;141m/tmp/ralph-worktrees/iter-1468/chapter03.06-architecture.md[0m, all lines
[38;5;10m ✓ [0mSuccessfully read [38;5;244m62240 bytes[0m from /tmp/ralph-worktrees/iter-1468/chapter03.06-healthcare-fraud-waste-abuse-detection.md

[38;5;10m ✓ [0mSuccessfully read [38;5;244m91507 bytes[0m from /tmp/ralph-worktrees/iter-1468/chapter03.06-architecture.md

 ⋮ 

[38;5;244m- [0mSummary: 2 operations processed, 2 successful, 0 failed
[38;5;244m - Completed in 0.1s[0m

[38;5;141m> [0mNow let me check for em dashes, en dashes in prose, and bare code fences in both files:[0m[0m
[0m[0m
Searching for: [38;5;141m—[0m in [38;5;141m/tmp/ralph-worktrees/iter-1468[0m ([38;5;141mchapter03.06*[0m)[38;5;244m (using tool: grep)[0mSearching for: [38;5;141m–[0m in [38;5;141m/tmp/ralph-worktrees/iter-1468[0m ([38;5;141mchapter03.06*[0m)[38;5;244m (using tool: grep)[0m
[38;5;10m ✓ [0mSuccessfully found [38;5;244m2 matches[0m in [38;5;244m1 files[0m under /tmp/ralph-worktrees/iter-1468
[38;5;244m - Completed in 0.228s[0m


[38;5;9m ❗ [0mNo matches found for pattern: [38;5;244m–[0m under /tmp/ralph-worktrees/iter-1468
[38;5;244m - Completed in 0.229s[0m

[38;5;141m> [0mThe em dashes are only in [38;5;10mreviews/chapter03.06-code-review.md[0m (a review file, not our target files). Let me now check for dangling AWS references in the main recipe's General Architecture and Honest Take sections, and verify the architecture callout placement. Let me also check the architecture companion's opening:[0m[0m
[0m[0m
Searching for: [38;5;141m```\n[0m in [38;5;141m/tmp/ralph-worktrees/iter-1468/chapter03.06-healthcare-fraud-waste-abuse-detection.md[0m[38;5;244m (using tool: grep)[0mSearching for: [38;5;141m```\n[0m in [38;5;141m/tmp/ralph-worktrees/iter-1468/chapter03.06-architecture.md[0m[38;5;244m (using tool: grep)[0m
[38;5;9m ❗ [0mNo matches found for pattern: [38;5;244m```\n[0m under /tmp/ralph-worktrees/iter-1468/chapter03.06-healthcare-fraud-waste-abuse-detection.md
[38;5;244m - Completed in 0.0s[0m


[38;5;9m ❗ [0mNo matches found for pattern: [38;5;244m```\n[0m under /tmp/ralph-worktrees/iter-1468/chapter03.06-architecture.md
[38;5;244m - Completed in 0.0s[0m

[38;5;141m> [0mGood. Let me search for bare code fences (opening [38;5;10m[0mSearching for: [38;5;141m^```$[0m in [38;5;141m/tmp/ralph-worktrees/iter-1468/chapter03.06-healthcare-fraud-waste-abuse-detection.md[0m[38;5;244m (using tool: grep)[0mSearching for: [38;5;141m^```$[0m in [38;5;141m/tmp/ralph-worktrees/iter-1468/chapter03.06-architecture.md[0m[38;5;244m (using tool: grep)[0m
[38;5;10m ✓ [0mSuccessfully found [38;5;244m2 matches[0m in [38;5;244m1 files[0m under /tmp/ralph-worktrees/iter-1468/chapter03.06-healthcare-fraud-waste-abuse-detection.md
[38;5;244m - Completed in 0.0s[0m


[38;5;10m ✓ [0mSuccessfully found [38;5;244m22 matches[0m in [38;5;244m1 files[0m under /tmp/ralph-worktrees/iter-1468/chapter03.06-architecture.md (result is truncated)
[38;5;244m - Completed in 0.0s[0m

[38;5;141m> [0mLet me look at the context around those bare code fences in the main recipe:[0m[0m
Batch fs_read operation with [38;5;141m2[0m operations[38;5;244m (using tool: read)[0m

↱ Operation 1: Reading file: [38;5;141m/tmp/ralph-worktrees/iter-1468/chapter03.06-healthcare-fraud-waste-abuse-detection.md[0m, from line [38;5;141m335[0m to [38;5;141m342[0m
↱ Operation 2: Reading file: [38;5;141m/tmp/ralph-worktrees/iter-1468/chapter03.06-healthcare-fraud-waste-abuse-detection.md[0m, from line [38;5;141m399[0m to [38;5;141m405[0m
[38;5;10m ✓ [0mSuccessfully read [38;5;244m888 bytes[0m from /tmp/ralph-worktrees/iter-1468/chapter03.06-healthcare-fraud-waste-abuse-detection.md

[38;5;10m ✓ [0mSuccessfully read [38;5;244m1025 bytes[0m from /tmp/ralph-worktrees/iter-1468/chapter03.06-healthcare-fraud-waste-abuse-detection.md

 ⋮ 

[38;5;244m- [0mSummary: 2 operations processed, 2 successful, 0 failed
[38;5;244m - Completed in 0.0s[0m

[38;5;141m> [0mThe bare code fences at lines 338 and 402 are the opening and closing of the ASCII-art block diagram in the main recipe. This is the existing convention from Chapter 1 and earlier Chapter 3 recipes (confirmed in the editor's sign-off comment). The [38;5;10mtext[0m language tag would be appropriate here.[0m[0m
[0m[0m
Now let me check the architecture companion's bare code fences:[0m[0m
Batch fs_read operation with [38;5;141m3[0m operations[38;5;244m (using tool: read)[0m

↱ Operation 1: Reading file: [38;5;141m/tmp/ralph-worktrees/iter-1468/chapter03.06-architecture.md[0m, from line [38;5;141m122[0m to [38;5;141m130[0m
↱ Operation 2: Reading file: [38;5;141m/tmp/ralph-worktrees/iter-1468/chapter03.06-architecture.md[0m, from line [38;5;141m188[0m to [38;5;141m195[0m
↱ Operation 3: Reading file: [38;5;141m/tmp/ralph-worktrees/iter-1468/chapter03.06-architecture.md[0m, from line [38;5;141m238[0m to [38;5;141m248[0m
[38;5;10m ✓ [0mSuccessfully read [38;5;244m179 bytes[0m from /tmp/ralph-worktrees/iter-1468/chapter03.06-architecture.md

[38;5;10m ✓ [0mSuccessfully read [38;5;244m559 bytes[0m from /tmp/ralph-worktrees/iter-1468/chapter03.06-architecture.md

[38;5;10m ✓ [0mSuccessfully read [38;5;244m469 bytes[0m from /tmp/ralph-worktrees/iter-1468/chapter03.06-architecture.md

 ⋮ 

[38;5;244m- [0mSummary: 3 operations processed, 3 successful, 0 failed
[38;5;244m - Completed in 0.1s[0m

[38;5;141m> [0mThe bare code fences in the architecture companion are the pseudocode blocks. These should have language tags. Per the task instructions, every fenced code block MUST have a language tag. The convention for pseudocode blocks is [38;5;10mpseudocode[0m (noted in the editorial checklist). Let me also check what's in the main recipe to confirm it has no other issues.[0m[0m
[0m[0m
Now let me look at the key areas of concern for this task:[0m[0m
[0m[0m
1. The main recipe's General Architecture section - does it dangle references to AWS content?[0m[0m
2. The architecture callout placement[0m[0m
3. The architecture companion's opening[0m[0m
[0m[0m
Looking at the main recipe's structure, the General Architecture section ends with the descriptive paragraphs about Ingest, Entity resolution, etc. Let me check where those end and where the callout is:[0m[0m
Reading file: [38;5;141m/tmp/ralph-worktrees/iter-1468/chapter03.06-healthcare-fraud-waste-abuse-detection.md[0m, from line [38;5;141m439[0m to [38;5;141m470[0m[38;5;244m (using tool: read)[0m
[38;5;10m ✓ [0mSuccessfully read [38;5;244m8026 bytes[0m from /tmp/ralph-worktrees/iter-1468/chapter03.06-healthcare-fraud-waste-abuse-detection.md
[38;5;244m - Completed in 0.0s[0m

[38;5;141m> [0mNow let me find the callout block and check where it sits relative to the General Architecture section:[0m[0m
Searching for: [38;5;141mAWS build lives|companion page|Architecture and Implementation[0m in [38;5;141m/tmp/ralph-worktrees/iter-1468/chapter03.06-healthcare-fraud-waste-abuse-detection.md[0m[38;5;244m (using tool: grep)[0m
[38;5;10m ✓ [0mSuccessfully found [38;5;244m1 matches[0m in [38;5;244m1 files[0m under /tmp/ralph-worktrees/iter-1468/chapter03.06-healthcare-fraud-waste-abuse-detection.md
[38;5;244m - Completed in 0.1s[0m

Reading file: [38;5;141m/tmp/ralph-worktrees/iter-1468/chapter03.06-healthcare-fraud-waste-abuse-detection.md[0m, from line [38;5;141m425[0m to [38;5;141m436[0m[38;5;244m (using tool: read)[0m
[38;5;10m ✓ [0mSuccessfully read [38;5;244m1263 bytes[0m from /tmp/ralph-worktrees/iter-1468/chapter03.06-healthcare-fraud-waste-abuse-detection.md
[38;5;244m - Completed in 0.0s[0m

[38;5;141m> [0mGood. The callout is placed between the General Architecture section (ends with the [38;5;10m---[0m after "Retraining and rule tuning") and The Honest Take section. This is the correct placement per RECIPE-GUIDE compliance: the General Architecture Pattern section ends with the architecture-companion callout.[0m[0m
[0m[0m
Now let me check the General Architecture section for any dangling AWS-specific references. Let me scan the section for mentions of specific AWS services:[0m[0m
Reading file: [38;5;141m/tmp/ralph-worktrees/iter-1468/chapter03.06-healthcare-fraud-waste-abuse-detection.md[0m, from line [38;5;141m403[0m to [38;5;141m432[0m[38;5;244m (using tool: read)[0m
[38;5;10m ✓ [0mSuccessfully read [38;5;244m5885 bytes[0m from /tmp/ralph-worktrees/iter-1468/chapter03.06-healthcare-fraud-waste-abuse-detection.md
[38;5;244m - Completed in 0.0s[0m

[38;5;141m> [0mThe General Architecture section is clean: it describes the pipeline in vendor-agnostic terms (data lake, feature store, graph database, rules engine, etc.) without specific AWS service names. No dangling references to AWS content.[0m[0m
[0m[0m
Now let me check The Honest Take for any AWS-specific dangling references:[0m[0m
Searching for: [38;5;141mNeptune|SageMaker|Lambda|EventBridge|DynamoDB|OpenSearch|Bedrock|Glue|EMR|Kinesis|Comprehend|Step Functions|QuickSight|Athena|Clean Rooms|CloudTrail|CloudWatch[0m in [38;5;141m/tmp/ralph-worktrees/iter-1468/chapter03.06-healthcare-fraud-waste-abuse-detection.md[0m[38;5;244m (using tool: grep)[0m
[38;5;10m ✓ [0mSuccessfully found [38;5;244m9 matches[0m in [38;5;244m1 files[0m under /tmp/ralph-worktrees/iter-1468/chapter03.06-healthcare-fraud-waste-abuse-detection.md (result is truncated)
[38;5;244m - Completed in 0.4s[0m

[38;5;141m> [0mLet me see the full results (not truncated):[0m[0m
Searching for: [38;5;141mNeptune|SageMaker|Lambda|EventBridge|DynamoDB|OpenSearch|Bedrock|Glue|EMR|Kinesis|Comprehend|Step Functions|QuickSight|Athena|Clean Rooms|CloudTrail|CloudWatch[0m in [38;5;141m/tmp/ralph-worktrees/iter-1468/chapter03.06-healthcare-fraud-waste-abuse-detection.md[0m[38;5;244m (using tool: grep)[0m
[38;5;10m ✓ [0mSuccessfully found [38;5;244m9 matches[0m in [38;5;244m1 files[0m under /tmp/ralph-worktrees/iter-1468/chapter03.06-healthcare-fraud-waste-abuse-detection.md (result is truncated)
[38;5;244m - Completed in 0.4s[0m

[38;5;141m> [0mAll matches are in the editor comment block at the top (lines 1-157), not in prose sections. Let me check the Tags section for AWS service names:[0m[0m
[38;5;252m[0m[?25l[?25l[0m[0m[?25l[0m[?25l[?25l[0m[0m[?25l[0m[?25l[?25l[0m[0m[?25l[0m[?25l[?25l[0m[0m[?25l[0m[?25l[0m[0m[?25l[0m[?25l[0m[0m[?25l[0m[?25l[0m[0m[?25l[0m[?25l[0m[0m[?25l[0m[?25l[0m[0m[?25l[0m[?25l[0m[0m[?25l[0m[?25l[0m[0m[?25l[0m[?25l[0m[0m[?25l[0m[?25l[0m[0m ⋮ 
[1m[38;5;9m ● Execution failed after 0.0s:
[0m[38;5;9mstarting index: 490 is outside of the allowed range: (-483, 483)[0m

Reading file: [38;5;141m/tmp/ralph-worktrees/iter-1468/chapter03.06-healthcare-fraud-waste-abuse-detection.md[0m, from line [38;5;141m490[0m to [38;5;141m500[0m[38;5;244m (using tool: read)[0mReading file: [38;5;141m/tmp/ralph-worktrees/iter-1468/chapter03.06-healthcare-fraud-waste-abuse-detection.md[0m, from line [38;5;141m475[0m to end of file[38;5;244m (using tool: read)[0m
[38;5;10m ✓ [0mSuccessfully read [38;5;244m841 bytes[0m from /tmp/ralph-worktrees/iter-1468/chapter03.06-healthcare-fraud-waste-abuse-detection.md
[38;5;244m - Completed in 0.0s[0m

[38;5;141m> [0mThe Tags section in the main recipe contains AWS service tags ([38;5;10mneptune[0m, [38;5;10msagemaker[0m, [38;5;10mopensearch[0m, [38;5;10mdynamodb[0m, [38;5;10mbedrock[0m, [38;5;10mcomprehend-medical[0m, [38;5;10mclean-rooms[0m, [38;5;10mclarify[0m, [38;5;10mknn-vector-search[0m). These are implementation-specific tags that arguably belong in the architecture companion rather than the main recipe, since the main recipe is now vendor-agnostic. However, the task says "Do not rewrite content, do not move sections, do not add new claims." Tags are a structural element that facilitates discovery. Given the instruction to fix ONLY transition seams (not restructure), I'll leave the tags as-is since they don't constitute a "dangling reference" in the reading flow sense.[0m[0m
[0m[0m
Now let me look at the architecture companion's opening to make sure it reads cleanly:[0m[0m
Reading file: [38;5;141m/tmp/ralph-worktrees/iter-1468/chapter03.06-architecture.md[0m, from line [38;5;141m1[0m to [38;5;141m10[0m[38;5;244m (using tool: read)[0m
[38;5;10m ✓ [0mSuccessfully read [38;5;244m437 bytes[0m from /tmp/ralph-worktrees/iter-1468/chapter03.06-architecture.md
[38;5;244m - Completed in 0.0s[0m

[38;5;141m> [0mThe architecture companion opens cleanly with a backlink header and a clear statement of scope. Good.[0m[0m
[0m[0m
Now let me verify the section structure in the architecture companion matches the RECIPE-GUIDE expectation. Let me check for all H2/H3 headers:[0m[0m
Searching for: [38;5;141m^##[0m in [38;5;141m/tmp/ralph-worktrees/iter-1468/chapter03.06-architecture.md[0m[38;5;244m (using tool: grep)[0m
[38;5;10m ✓ [0mSuccessfully found [38;5;244m12 matches[0m in [38;5;244m1 files[0m under /tmp/ralph-worktrees/iter-1468/chapter03.06-architecture.md (result is truncated)
[38;5;244m - Completed in 0.0s[0m

Searching for: [38;5;141m^#{2,4} [0m in [38;5;141m/tmp/ralph-worktrees/iter-1468/chapter03.06-architecture.md[0m[38;5;244m (using tool: grep)[0m
[38;5;10m ✓ [0mSuccessfully found [38;5;244m12 matches[0m in [38;5;244m1 files[0m under /tmp/ralph-worktrees/iter-1468/chapter03.06-architecture.md (result is truncated)
[38;5;244m - Completed in 0.0s[0m

Searching for: [38;5;141m^#{2,4}[0m in [38;5;141m/tmp/ralph-worktrees/iter-1468/chapter03.06-architecture.md[0m[38;5;244m (using tool: grep)[0m
[38;5;10m ✓ [0mSuccessfully found [38;5;244m12 matches[0m in [38;5;244m1 files[0m under /tmp/ralph-worktrees/iter-1468/chapter03.06-architecture.md
[38;5;244m - Completed in 0.0s[0m

[38;5;141m> [0mChecking against the RECIPE-GUIDE expected sections for architecture companion:[0m[0m
- ✅ Backlink header (line 3)[0m[0m
- ✅ Why These Services (line 9)[0m[0m
- ✅ Architecture Diagram (line 47)[0m[0m
- ✅ Prerequisites (line 127)[0m[0m
- ✅ Ingredients (line 145)[0m[0m
- ✅ Pseudocode Walkthrough (line 187, as "#### Walkthrough" under "### Code")[0m[0m
- ✅ Expected Results (line 976)[0m[0m
- ✅ Why This Isn't Production-Ready (line 1171)[0m[0m
- ✅ Variations (line 1245)[0m[0m
- ✅ Additional Resources (line 1271)[0m[0m
- ✅ Estimated Implementation Time (line 1330)[0m[0m
[0m[0m
The structure is correct. Now my main task is to add language tags to the bare code fences. Let me identify all of them in the architecture companion:[0m[0m
Searching for: [38;5;141m^```[0m in [38;5;141m/tmp/ralph-worktrees/iter-1468/chapter03.06-architecture.md[0m[38;5;244m (using tool: grep)[0m
[38;5;10m ✓ [0mSuccessfully found [38;5;244m26 matches[0m in [38;5;244m1 files[0m under /tmp/ralph-worktrees/iter-1468/chapter03.06-architecture.md
[38;5;244m - Completed in 0.0s[0m

[38;5;141m> [0mSo the mermaid block (line 49) has a tag, and the json blocks (989, 1032, 1084) have tags. The rest are bare openings or closings. Let me figure out which bare [38;5;10m[0m[38;5;10m are openings vs closings. Openings would be on lines followed by content; closings would be standalone after content. The pattern is: opening bare [0m[38;5;10m[0m on odd-numbered occurrences in the sequence (after the mermaid close at 125).[0m[0m
[0m[0m
Let me look at the pairs:[0m[0m
- Line 125: closing of mermaid (started at 49)[0m[0m
- Line 191: opening pseudocode (Step 1)[0m[0m
- Line 241: closing Step 1[0m[0m
- Line 245: opening (Step 2)[0m[0m
- Line 312: closing Step 2[0m[0m
- Line 331: opening (Step 3 is nearby...)[0m[0m
[0m[0m
Let me verify a few:[0m[0m
Batch fs_read operation with [38;5;141m4[0m operations[38;5;244m (using tool: read)[0m

↱ Operation 1: Reading file: [38;5;141m/tmp/ralph-worktrees/iter-1468/chapter03.06-architecture.md[0m, from line [38;5;141m190[0m to [38;5;141m193[0m
↱ Operation 2: Reading file: [38;5;141m/tmp/ralph-worktrees/iter-1468/chapter03.06-architecture.md[0m, from line [38;5;141m328[0m to [38;5;141m334[0m
↱ Operation 3: Reading file: [38;5;141m/tmp/ralph-worktrees/iter-1468/chapter03.06-architecture.md[0m, from line [38;5;141m441[0m to [38;5;141m447[0m
↱ Operation 4: Reading file: [38;5;141m/tmp/ralph-worktrees/iter-1468/chapter03.06-architecture.md[0m, from line [38;5;141m537[0m to [38;5;141m540[0m
[38;5;10m ✓ [0mSuccessfully read [38;5;244m119 bytes[0m from /tmp/ralph-worktrees/iter-1468/chapter03.06-architecture.md

[38;5;10m ✓ [0mSuccessfully read [38;5;244m257 bytes[0m from /tmp/ralph-worktrees/iter-1468/chapter03.06-architecture.md

[38;5;10m ✓ [0mSuccessfully read [38;5;244m331 bytes[0m from /tmp/ralph-worktrees/iter-1468/chapter03.06-architecture.md

[38;5;10m ✓ [0mSuccessfully read [38;5;244m203 bytes[0m from /tmp/ralph-worktrees/iter-1468/chapter03.06-architecture.md

 ⋮ 

[38;5;244m- [0mSummary: 4 operations processed, 4 successful, 0 failed
[38;5;244m - Completed in 0.2s[0m

[38;5;141m> [0mAll the bare [38;5;10m[0m[38;5;10m openings are pseudocode blocks. The pattern is:
- Line 191: opening pseudocode (Step 1)
- Line 241: closing
- Line 245: opening pseudocode (Step 2)  
- Line 312: closing
- Line 331: opening pseudocode (Step 3)
- Line 444: closing
- Line 448: opening pseudocode (Step 4)
- Line 537: closing
- Line 541: opening pseudocode (Step 5)
- Line 629: closing
- Line 633: opening pseudocode (Step 6)
- Line 731: closing
- Line 755: opening pseudocode (Step 7)
- Line 799: closing
- Line 830: opening pseudocode (Step 8)
- Line 897: closing
- Line 914: opening pseudocode (Step 9)
- Line 970: closing

Now for the main recipe, lines 338 and 402 are the ASCII-art block diagram. These need a [0mtextI'll modify the following file: [38;5;141mchapter03.06-healthcare-fraud-waste-abuse-detection.md[0m[38;5;244m (using tool: write)[0m
Purpose: Add 'text' language tag to the ASCII-art block diagram code fence in the main recipe

[49m[38;5;9m- 338     [0m:[38;5;9m[49m ```
[0m[49m[38;5;10m+      338[0m:[38;5;10m[49m ```text
[0m[49m[39m  339, 339[0m:[39m[49m ┌──────────────── FWA DETECTION PIPELINE ───────────────────────────┐
[0m[K
Updating: [38;5;141mchapter03.06-healthcare-fraud-waste-abuse-detection.md[0m
[38;5;244m - Completed in 0.1s[0m

[38;5;141m> [0mNow for the architecture companion, I need to add [38;5;10mpseudocode[0m tags to all the bare opening fences. Let me do them one by one using distinctive content:[0m[0m
I'll modify the following file: [38;5;141mchapter03.06-architecture.md[0m[38;5;244m (using tool: write)[0m
Purpose: Add pseudocode language tag to Step 1 code fence

[49m[38;5;9m- 191     [0m:[38;5;9m[49m ```
[0m[49m[38;5;10m+      191[0m:[38;5;10m[49m ```pseudocode
[0m[49m[39m  192, 192[0m:[39m[49m FUNCTION normalize_claim(raw_claim):
[0m[49m[39m  193, 193[0m:[39m[49m     // Parse the 837 or proprietary payload into a canonical claim structure.
[0m[49m[39m  194, 194[0m:[39m[49m     claim = parse_claim(raw_claim)
[0m[K
Updating: [38;5;141mchapter03.06-architecture.md[0m
[38;5;244m - Completed in 0.1s[0m

I'll modify the following file: [38;5;141mchapter03.06-architecture.md[0m[38;5;244m (using tool: write)[0m
Purpose: Add pseudocode language tag to Step 2 code fence

[49m[38;5;9m- 245     [0m:[38;5;9m[49m ```
[0m[49m[38;5;10m+      245[0m:[38;5;10m[49m ```pseudocode
[0m[49m[39m  246, 246[0m:[39m[49m FUNCTION resolve_providers(claims_batch, external_provider_data):
[0m[49m[39m  247, 247[0m:[39m[49m     // Standard identifiers are the starting point.
[0m[49m[39m  248, 248[0m:[39m[49m     // NPI is authoritative for individual providers when present and valid.
[0m[K
Updating: [38;5;141mchapter03.06-architecture.md[0m
[38;5;244m - Completed in 0.0s[0m

I'll modify the following file: [38;5;141mchapter03.06-architecture.md[0m[38;5;244m (using tool: write)[0m
Purpose: Add pseudocode language tag to Step 3 code fence

[49m[38;5;9m- 331     [0m:[38;5;9m[49m ```
[0m[49m[38;5;10m+      331[0m:[38;5;10m[49m ```pseudocode
[0m[49m[39m  332, 332[0m:[39m[49m FUNCTION refresh_graph(since_timestamp):
[0m[49m[39m  333, 333[0m:[39m[49m     // Incremental refresh: only process claims, enrollments, and external data
[0m[49m[39m  334, 334[0m:[39m[49m     // changed since the last refresh.
[0m[K
Updating: [38;5;141mchapter03.06-architecture.md[0m
[38;5;244m - Completed in 0.0s[0m

I'll modify the following file: [38;5;141mchapter03.06-architecture.md[0m[38;5;244m (using tool: write)[0m
Purpose: Add pseudocode language tag to Step 4 code fence

[49m[38;5;9m- 448     [0m:[38;5;9m[49m ```
[0m[49m[38;5;10m+      448[0m:[38;5;10m[49m ```pseudocode
[0m[49m[39m  449, 449[0m:[39m[49m FUNCTION run_rules_on_claim(canonical_claim, resolved_entities):
[0m[49m[39m  450, 450[0m:[39m[49m     flags = []
[0m[49m[39m  451, 451[0m:[39m[49m     rules = lab_rules.get_active_rules()
[0m[K
Updating: [38;5;141mchapter03.06-architecture.md[0m
[38;5;244m - Completed in 0.1s[0m

I'll modify the following file: [38;5;141mchapter03.06-architecture.md[0m[38;5;244m (using tool: write)[0m
Purpose: Add pseudocode language tag to Step 5 code fence

[49m[38;5;9m- 541     [0m:[38;5;9m[49m ```
[0m[49m[38;5;10m+      541[0m:[38;5;10m[49m ```pseudocode
[0m[49m[39m  542, 542[0m:[39m[49m FUNCTION score_provider_statistics(provider_id, evaluation_window):
[0m[49m[39m  543, 543[0m:[39m[49m     features = FeatureStore.GetRecord(
[0m[K
Updating: [38;5;141mchapter03.06-architecture.md[0m
[38;5;244m - Completed in 0.1s[0m

I'll modify the following file: [38;5;141mchapter03.06-architecture.md[0m[38;5;244m (using tool: write)[0m
Purpose: Add pseudocode language tag to Step 6 code fence

[49m[38;5;9m- 633     [0m:[38;5;9m[49m ```
[0m[49m[38;5;10m+      633[0m:[38;5;10m[49m ```pseudocode
[0m[49m[39m  634, 634[0m:[39m[49m FUNCTION run_graph_analytics():
[0m[49m[39m  635, 635[0m:[39m[49m     // Community detection on the full graph. Louvain is the standard.
[0m[K
Updating: [38;5;141mchapter03.06-architecture.md[0m
[38;5;244m - Completed in 0.1s[0m

[38;5;141m> [0mNow Step 7. Let me find it:[0m[0m
Reading file: [38;5;141m/tmp/ralph-worktrees/iter-1468/chapter03.06-architecture.md[0m, from line [38;5;141m752[0m to [38;5;141m758[0m[38;5;244m (using tool: read)[0m
[38;5;10m ✓ [0mSuccessfully read [38;5;244m279 bytes[0m from /tmp/ralph-worktrees/iter-1468/chapter03.06-architecture.md
[38;5;244m - Completed in 0.0s[0m

I'll modify the following file: [38;5;141mchapter03.06-architecture.md[0m[38;5;244m (using tool: write)[0m
Purpose: Add pseudocode language tag to Step 7 code fence

[49m[38;5;9m- 755     [0m:[38;5;9m[49m ```
[0m[49m[38;5;10m+      755[0m:[38;5;10m[49m ```pseudocode
[0m[49m[39m  756, 756[0m:[39m[49m FUNCTION on_flag_event(flag):
[0m[49m[39m  757, 757[0m:[39m[49m     // Determine the target entity (provider, organization, community, or patient).
[0m[49m[39m  758, 758[0m:[39m[49m     target = resolve_target(flag)
[0m[K
Updating: [38;5;141mchapter03.06-architecture.md[0m
[38;5;244m - Completed in 0.1s[0m

[38;5;141m> [0mNow Step 8:[0m[0m
Reading file: [38;5;141m/tmp/ralph-worktrees/iter-1468/chapter03.06-architecture.md[0m, from line [38;5;141m828[0m to [38;5;141m835[0m[38;5;244m (using tool: read)[0m
[38;5;10m ✓ [0mSuccessfully read [38;5;244m488 bytes[0m from /tmp/ralph-worktrees/iter-1468/chapter03.06-architecture.md
[38;5;244m - Completed in 0.0s[0m

I'll modify the following file: [38;5;141mchapter03.06-architecture.md[0m[38;5;244m (using tool: write)[0m
Purpose: Add pseudocode language tag to Step 8 code fence

[49m[38;5;9m- 830     [0m:[38;5;9m[49m ```
[0m[49m[38;5;10m+      830[0m:[38;5;10m[49m ```pseudocode
[0m[49m[39m  831, 831[0m:[39m[49m FUNCTION assist_documentation_review(case_id, medical_records_uri):
[0m[49m[39m  832, 832[0m:[39m[49m     // Load the medical records (already in S3, behind appropriate access controls).
[0m[49m[39m  833, 833[0m:[39m[49m     documents = load_documents(medical_records_uri)
[0m[K
Updating: [38;5;141mchapter03.06-architecture.md[0m
[38;5;244m - Completed in 0.2s[0m

[38;5;141m> [0mNow Step 9:[0m[0m
Reading file: [38;5;141m/tmp/ralph-worktrees/iter-1468/chapter03.06-architecture.md[0m, from line [38;5;141m912[0m to [38;5;141m918[0m[38;5;244m (using tool: read)[0m
[38;5;10m ✓ [0mSuccessfully read [38;5;244m317 bytes[0m from /tmp/ralph-worktrees/iter-1468/chapter03.06-architecture.md
[38;5;244m - Completed in 0.0s[0m

I'll modify the following file: [38;5;141mchapter03.06-architecture.md[0m[38;5;244m (using tool: write)[0m
Purpose: Add pseudocode language tag to Step 9 code fence

[49m[38;5;9m- 914     [0m:[38;5;9m[49m ```
[0m[49m[38;5;10m+      914[0m:[38;5;10m[49m ```pseudocode
[0m[49m[39m  915, 915[0m:[39m[49m FUNCTION on_case_outcome(case_id, outcome_event):
[0m[49m[39m  916, 916[0m:[39m[49m     // outcome_event: { case_id, investigator_id, outcome_type, confirmed_loss,
[0m[49m[39m  917, 917[0m:[39m[49m     //                  decision_rationale, supporting_flags, decision_date }
[0m[49m[39m  918, 918[0m:[39m[49m     case = CaseStore.Get(case_id)
[0m[K
Updating: [38;5;141mchapter03.06-architecture.md[0m
[38;5;244m - Completed in 0.7s[0m

[38;5;141m> [0mNow let me verify no bare opening fences remain:[0m[0m
Searching for: [38;5;141m^```[0m in [38;5;141m/tmp/ralph-worktrees/iter-1468/chapter03.06-architecture.md[0m[38;5;244m (using tool: grep)[0m
[38;5;10m ✓ [0mSuccessfully found [38;5;244m26 matches[0m in [38;5;244m1 files[0m under /tmp/ralph-worktrees/iter-1468/chapter03.06-architecture.md
[38;5;244m - Completed in 0.0s[0m

[38;5;141m> [0mThe remaining bare [38;5;10m[0mBatch fs_read operation with [38;5;141m2[0m operations[38;5;244m (using tool: read)[0m

↱ Operation 1: Reading file: [38;5;141m/tmp/ralph-worktrees/iter-1468/chapter03.06-architecture.md[0m, from line [38;5;141m123[0m to [38;5;141m127[0m
↱ Operation 2: Reading file: [38;5;141m/tmp/ralph-worktrees/iter-1468/chapter03.06-architecture.md[0m, from line [38;5;141m239[0m to [38;5;141m243[0m
[38;5;10m ✓ [0mSuccessfully read [38;5;244m92 bytes[0m from /tmp/ralph-worktrees/iter-1468/chapter03.06-architecture.md

[38;5;10m ✓ [0mSuccessfully read [38;5;244m263 bytes[0m from /tmp/ralph-worktrees/iter-1468/chapter03.06-architecture.md

 ⋮ 

[38;5;244m- [0mSummary: 2 operations processed, 2 successful, 0 failed
[38;5;244m - Completed in 0.2s[0m

[38;5;141m> [0mGood, these are all closing fences.[0m[0m
[0m[0m
Now let me verify the main recipe also has no remaining bare opening fences:[0m[0m
Searching for: [38;5;141m^```[0m in [38;5;141m/tmp/ralph-worktrees/iter-1468/chapter03.06-healthcare-fraud-waste-abuse-detection.md[0m[38;5;244m (using tool: grep)[0m
[38;5;10m ✓ [0mSuccessfully found [38;5;244m2 matches[0m in [38;5;244m1 files[0m under /tmp/ralph-worktrees/iter-1468/chapter03.06-healthcare-fraud-waste-abuse-detection.md
[38;5;244m - Completed in 0.0s[0m

[38;5;141m> [0mThe main recipe has one opening [38;5;10mtext[0m fence (338) and one closing fence (402). [0m[0m
[0m[0m
Now let me do a final em-dash and en-dash check on both files after edits:[0m[0m
I will run the following command: [38;5;141mgrep -n '—' /tmp/ralph-worktrees/iter-1468/chapter03.06-healthcare-fraud-waste-abuse-detection.md /tmp/ralph-worktrees/iter-1468/chapter03.06-architecture.md 2>/dev/null | grep -v '^.*:<!--' | head -20[0m[38;5;244m (using tool: shell)[0m
Purpose: Check for em dashes outside of HTML comments in both files

[38;5;244m - Completed in 0.42s[0m

I will run the following command: [38;5;141mgrep -n '–' /tmp/ralph-worktrees/iter-1468/chapter03.06-healthcare-fraud-waste-abuse-detection.md /tmp/ralph-worktrees/iter-1468/chapter03.06-architecture.md 2>/dev/null | head -20[0m[38;5;244m (using tool: shell)[0m
Purpose: Check for en dashes in both files

[38;5;244m - Completed in 0.15s[0m

[38;5;141m> [0mZero em dashes and zero en dashes in either file. [0m[0m
[0m[0m
Let me also confirm the architecture companion has no "AWS Implementation" section titled wrong (should not duplicate "The Honest Take" or story sections from the main):[0m[0m
Searching for: [38;5;141m^## The Problem|^## The Technology|^## The Honest Take|^## General Architecture[0m in [38;5;141m/tmp/ralph-worktrees/iter-1468/chapter03.06-architecture.md[0m[38;5;244m (using tool: grep)[0m
[38;5;9m ❗ [0mNo matches found for pattern: [38;5;244m^## The Problem|^## The Technology|^## The Honest Take|^## General Architecture[0m under /tmp/ralph-worktrees/iter-1468/chapter03.06-architecture.md
[38;5;244m - Completed in 0.1s[0m

[38;5;141m> [0mGood. The architecture companion correctly has none of the main recipe's story sections.[0m[0m
[0m[0m
Let me also confirm The Honest Take in the main recipe doesn't reference specific AWS services in its prose:[0m[0m
Reading file: [38;5;141m/tmp/ralph-worktrees/iter-1468/chapter03.06-healthcare-fraud-waste-abuse-detection.md[0m, from line [38;5;141m435[0m to [38;5;141m440[0m[38;5;244m (using tool: read)[0m
[38;5;10m ✓ [0mSuccessfully read [38;5;244m1300 bytes[0m from /tmp/ralph-worktrees/iter-1468/chapter03.06-healthcare-fraud-waste-abuse-detection.md
[38;5;244m - Completed in 0.0s[0m

[38;5;141m> [0mThe Honest Take is entirely vendor-agnostic. No dangling AWS references.[0m[0m
[0m[0m
Both files are now in good shape. Let me do one final sanity check on the overall structure:[0m[0m
Searching for: [38;5;141m^## [0m in [38;5;141m/tmp/ralph-worktrees/iter-1468/chapter03.06-healthcare-fraud-waste-abuse-detection.md[0m[38;5;244m (using tool: grep)[0m
[38;5;10m ✓ [0mSuccessfully found [38;5;244m6 matches[0m in [38;5;244m1 files[0m under /tmp/ralph-worktrees/iter-1468/chapter03.06-healthcare-fraud-waste-abuse-detection.md (result is truncated)
[38;5;244m - Completed in 0.0s[0m

Searching for: [38;5;141m^## [0m in [38;5;141m/tmp/ralph-worktrees/iter-1468/chapter03.06-healthcare-fraud-waste-abuse-detection.md[0m[38;5;244m (using tool: grep)[0m
[38;5;10m ✓ [0mSuccessfully found [38;5;244m6 matches[0m in [38;5;244m1 files[0m under /tmp/ralph-worktrees/iter-1468/chapter03.06-healthcare-fraud-waste-abuse-detection.md
[38;5;244m - Completed in 0.0s[0m

[38;5;141m> [0mMain recipe sections in order:[0m[0m
1. The Problem ✅[0m[0m
2. The Technology ✅[0m[0m
3. General Architecture Pattern (ending with the architecture-companion callout at line 433) ✅[0m[0m
4. The Honest Take ✅[0m[0m
5. Related Recipes ✅[0m[0m
6. Tags ✅[0m[0m
[0m[0m
This matches the RECIPE-GUIDE for the main file: The Problem, The Technology, General Architecture Pattern (ending with the architecture-companion callout), The Honest Take, Related Recipes, Tags. Correct.[0m[0m
[0m[0m
Both files read as coherent standalone documents:[0m[0m
- The main recipe covers the problem, the technology, the vendor-agnostic architecture, and the honest take, with a clear callout directing readers to the architecture companion for AWS specifics.[0m[0m
- The architecture companion opens with a backlink to the main recipe and states its scope clearly, then proceeds directly into AWS services and implementation.[0m[0m
[0m[0m
No transition seams remain. The only edits applied were adding language tags to bare code fences (a mechanical checklist requirement). The content, section order, and existing TODO markers are all preserved.[0m[0m
[0m[0m
━━━━━━━━━━━━━━━━━━━━━━━━━━━━━━━━━━━━━━━━
[0m[0m
[0m[0m
[1mSummary of changes:[22m[0m[0m
[0m[0m
1. [1mchapter03.06-healthcare-fraud-waste-abuse-detection.md:[22m Added [38;5;10mtext[0m language tag to the ASCII-art block-diagram code fence (line 338).[0m[0m
[0m[0m
2. [1mchapter03.06-architecture.md:[22m Added [38;5;10mpseudocode[0m language tag to all 9 pseudocode code fences (Steps 1-9).[0m[0m
[0m[0m
[1mVerification:[22m[0m[0m
- Zero em dashes (U+2014) in both files.[0m[0m
- Zero en dashes (U+2013) in both files.[0m[0m
- Zero bare opening code fences remaining.[0m[0m
- No dangling AWS references in the main recipe's General Architecture or Honest Take sections.[0m[0m
- Architecture callout correctly placed between General Architecture Pattern and The Honest Take.[0m[0m
- Architecture companion opens cleanly with backlink and scope statement.[0m[0m
- All existing TODO markers preserved (17 in main, multiple in architecture companion).[0m[0m
[?25l[0m[?25l[0m[0m[?25l[0m[?25l[0m[0m[?25l[0m[?25l[0m[0m[?25l[0m[?25l[0m[0m[?25l[0m[?25l[0m[0m[?25l[0m[?25l[0m[0m[?25l[0m[?25l[0m[0m[?25l[0m[?25l[0m[0m[?25l[0m[?25l[0m[0m[?25l[0m[?25l[0m[0m[?25l[0m[?25l[0m[0m[?25l[0m[?25l[0m[0m[?25l[0m[?25l[0m[0m[?25l[0m[?25l[0m[0m[?25l[0m[?25l[0m[0m[?25l[0m[?25l[0m[0m[?25l[0m[?25l[0m[0m[?25l[0m[?25l[0m[0m[?25l[0m[?25l[0m[0m[?25l[0m[?25l[0m[0m[?25l[0m[?25l[0m[0m[?25l[0m[?25l[0m[0m[?25l[0m[?25l[0m[0m[?25l[0m[?25l[0m[0m[?25l[0m[?25l[0m[0m[?25l[0m[?25l[0m[0m[?25l[0m[?25l[0m[0m[?25l[0m[?25l[0m[0m[?25l[0m[?25l[0m[0m[?25l[0m[0m[0m
[38;5;8m
 ▸ Credits: 30.08 • Time: 3m 39s

[0m[1G[0m[0m[?25h- Section order unchanged in both files.[38;5;11mWARNING: [0mDuplicate agent with name [38;5;10mmeshclaw-lite[0m was found in the global directory.
[0m[38;5;9mError: [0mJson supplied at /home/lawsnic/.kiro/agents/AmazonBuilderCoreAIAgents-amzn-builder.json is invalid: unknown field `permissions`, expected one of `$schema`, `name`, `description`, `prompt`, `mcpServers`, `tools`, `toolAliases`, `allowedTools`, `resources`, `hooks`, `toolsSettings`, `includeMcpJson`, `useLegacyMcpJson`, `model`, `keyboardShortcut`, `welcomeMessage` at line 3 column 16
[32mAll tools are now trusted ([0m[31m![0m[32m). Kiro will execute tools without asking for confirmation.[0m
Agents can sometimes do unexpected things so understand the risks.

Learn more at [38;5;141mhttps://kiro.dev/docs/cli/chat/security/#using-tools-trust-all-safely[0m



Batch fs_read operation with [38;5;141m2[0m operations[38;5;244m (using tool: read)[0m

↱ Operation 1: Reading file: [38;5;141m/tmp/ralph-worktrees/iter-1468/chapter03.06-healthcare-fraud-waste-abuse-detection.md[0m, all lines
↱ Operation 2: Reading file: [38;5;141m/tmp/ralph-worktrees/iter-1468/chapter03.06-architecture.md[0m, all lines
[38;5;10m ✓ [0mSuccessfully read [38;5;244m62244 bytes[0m from /tmp/ralph-worktrees/iter-1468/chapter03.06-healthcare-fraud-waste-abuse-detection.md

[38;5;10m ✓ [0mSuccessfully read [38;5;244m91597 bytes[0m from /tmp/ralph-worktrees/iter-1468/chapter03.06-architecture.md

 ⋮ 

[38;5;244m- [0mSummary: 2 operations processed, 2 successful, 0 failed
[38;5;244m - Completed in 0.2s[0m

[38;5;141m> [0mNow let me check both files for the specific pass conditions:[0m[0m
[0m[0m
1. [1mMain recipe[22m - needs a coherent standalone document with The Problem, The Technology, General Architecture, The Honest Take, a working callout to the architecture companion, and no dangling references to AWS content.[0m[0m
[0m[0m
2. [1mArchitecture companion[22m - needs to read standalone with a backlink to the main recipe and intact pseudocode.[0m[0m
[0m[0m
3. [1mNo em dashes[22m anywhere.[0m[0m
[0m[0m
Let me check for em dashes:[0m[0m
Searching for: [38;5;141m—[0m in [38;5;141m/tmp/ralph-worktrees/iter-1468[0m ([38;5;141mchapter03.06*[0m)[38;5;244m (using tool: grep)[0m
[38;5;10m ✓ [0mSuccessfully found [38;5;244m2 matches[0m in [38;5;244m1 files[0m under /tmp/ralph-worktrees/iter-1468
[38;5;244m - Completed in 0.306s[0m

[38;5;141m> [0mThe em dashes are only in the reviews file, not in the main recipe or architecture companion. Let me verify the two target files specifically:[0m[0m
[0m[0m
Searching for: [38;5;141m—[0m in [38;5;141m/tmp/ralph-worktrees/iter-1468/chapter03.06-healthcare-fraud-waste-abuse-detection.md[0m[38;5;244m (using tool: grep)[0mSearching for: [38;5;141m—[0m in [38;5;141m/tmp/ralph-worktrees/iter-1468/chapter03.06-architecture.md[0m[38;5;244m (using tool: grep)[0m
[38;5;9m ❗ [0mNo matches found for pattern: [38;5;244m—[0m under /tmp/ralph-worktrees/iter-1468/chapter03.06-healthcare-fraud-waste-abuse-detection.md
[38;5;244m - Completed in 0.0s[0m


[38;5;9m ❗ [0mNo matches found for pattern: [38;5;244m—[0m under /tmp/ralph-worktrees/iter-1468/chapter03.06-architecture.md
[38;5;244m - Completed in 0.0s[0m

[38;5;141m> [0mNo em dashes in either file. Now let me verify the key structural elements:[0m[0m
[0m[0m
[1mMain recipe checklist:[22m[0m[0m
1. ✅ Has "The Problem" section (line ~85)[0m[0m
2. ✅ Has "The Technology" section[0m[0m
3. ✅ Has "General Architecture Pattern" section with the ASCII-art block diagram[0m[0m
4. ✅ Has "The Honest Take" section[0m[0m
5. ✅ Has the architecture callout: [38;5;10m> **The AWS build lives in a companion page.** This recipe covers the problem, the underlying technology, and the vendor-agnostic architecture. For the AWS services, architecture diagram, prerequisites, and the step-by-step pseudocode walkthrough, see the [Architecture and Implementation companion](chapter03.06-architecture). The Python example is linked from there.[0m[0m[0m
6. ✅ The General Architecture section discusses conceptual layers without AWS-specific service references[0m[0m
7. ✅ The Honest Take does not reference AWS services or content that moved to the companion[0m[0m
[0m[0m
[1mArchitecture companion checklist:[22m[0m[0m
1. ✅ Opens with title and backlink: [38;5;10m*Companion to [Recipe 3.6: Healthcare Fraud, Waste, and Abuse Detection](chapter03.06-healthcare-fraud-waste-abuse-detection). This page covers the AWS architecture, services, prerequisites, and pseudocode. For the problem framing and the conceptual approach, start with the main recipe.*[0m[0m[0m
2. ✅ Has intact pseudocode (Steps 1-9 with full code blocks)[0m[0m
3. ✅ Reads standalone with its own complete AWS Implementation section[0m[0m
[0m[0m
[1mDangling references check in main recipe:[22m The General Architecture section uses vendor-neutral terms (data lake, feature store, graph database, rules engine, etc.) without referencing specific AWS services. The Honest Take section discusses operational principles without AWS references. The Tags section at the bottom does include AWS service names ([38;5;10mneptune[0m, [38;5;10msagemaker[0m, [38;5;10mclarify[0m, [38;5;10mopensearch[0m, [38;5;10mdynamodb[0m, [38;5;10mbedrock[0m, [38;5;10mcomprehend-medical[0m, [38;5;10mclean-rooms[0m), but these are metadata tags for discoverability, not dangling prose references.[0m[0m
[0m[0m
Let me verify that the Tags section is not problematic - it's standard metadata tagging that exists in all recipes and isn't a "dangling reference to AWS content that moved to the companion."[0m[0m
[0m[0m
Everything checks out.[0m[0m
[0m[0m
[38;5;252m[0m[?25l[?25l[0m[0m[?25l[0m[?25l[0m[0m[?25l[0m[?25l[?25l[0m[0m[?25l[0m[0m[0m
[38;5;8m
 ▸ Credits: 3.02 • Time: 33s

[0m[1G[0m[0m[?25h{"verdict": "pass", "rationale": "Main recipe reads as a coherent standalone document with The Problem, The Technology, General Architecture (vendor-agnostic ASCII block diagram), and The Honest Take sections. The architecture callout is well-placed between General Architecture and The Honest Take, clearly directing readers to the companion. No dangling prose references to AWS services in the main recipe's conceptual sections. The architecture companion opens with a clean backlink to the main recipe, reads standalone with full AWS Implementation, and has intact pseudocode (Steps 1-9). No em dashes in either file (confirmed via grep)."}