# parallel_worker header: concurrency_limit=4 batch_id=batch-1781746739532-000012-de754bbc430fb8fa iteration=1488 task_id=ch05-r06-archsplit persona=TechEditor
[38;5;11mWARNING: [0mDuplicate agent with name [38;5;10mmeshclaw-lite[0m was found in the global directory.
[0m[38;5;9mError: [0mJson supplied at /home/lawsnic/.kiro/agents/AmazonBuilderCoreAIAgents-amzn-builder.json is invalid: unknown field `permissions`, expected one of `$schema`, `name`, `description`, `prompt`, `mcpServers`, `tools`, `toolAliases`, `allowedTools`, `resources`, `hooks`, `toolsSettings`, `includeMcpJson`, `useLegacyMcpJson`, `model`, `keyboardShortcut`, `welcomeMessage` at line 3 column 16
[32mAll tools are now trusted ([0m[31m![0m[32m). Kiro will execute tools without asking for confirmation.[0m
Agents can sometimes do unexpected things so understand the risks.

Learn more at [38;5;141mhttps://kiro.dev/docs/cli/chat/security/#using-tools-trust-all-safely[0m



Batch fs_read operation with [38;5;141m2[0m operations[38;5;244m (using tool: read)[0m

↱ Operation 1: Reading file: [38;5;141m/tmp/ralph-worktrees/iter-1488/chapter05.06-claims-to-clinical-data-linkage.md[0m, all lines
↱ Operation 2: Reading file: [38;5;141m/tmp/ralph-worktrees/iter-1488/chapter05.06-architecture.md[0m, all lines
[38;5;10m ✓ [0mSuccessfully read [38;5;244m70018 bytes[0m from /tmp/ralph-worktrees/iter-1488/chapter05.06-claims-to-clinical-data-linkage.md

[38;5;10m ✓ [0mSuccessfully read [38;5;244m102440 bytes[0m from /tmp/ralph-worktrees/iter-1488/chapter05.06-architecture.md

 ⋮ 

[38;5;244m- [0mSummary: 2 operations processed, 2 successful, 0 failed
[38;5;244m - Completed in 0.1s[0m

[38;5;141m> [0mNow let me check for em dashes in both files and review the transition seams.[0m[0m
Searching for: [38;5;141m—|–[0m in [38;5;141m/tmp/ralph-worktrees/iter-1488[0m ([38;5;141mchapter05.06*[0m)[38;5;244m (using tool: grep)[0m
[38;5;9m ❗ [0mNo matches found for pattern: [38;5;244m—|–[0m under /tmp/ralph-worktrees/iter-1488
[38;5;244m - Completed in 0.261s[0m

[38;5;141m> [0mGood, no em dashes or en dashes. Now let me check for bare code fences without language tags:[0m[0m
Searching for: [38;5;141m^```$[0m in [38;5;141m/tmp/ralph-worktrees/iter-1488[0m ([38;5;141mchapter05.06*[0m)[38;5;244m (using tool: grep)[0m
[38;5;10m ✓ [0mSuccessfully found [38;5;244m31 matches[0m in [38;5;244m3 files[0m under /tmp/ralph-worktrees/iter-1488 (result is truncated)
[38;5;244m - Completed in 0.255s[0m

[38;5;141m> [0mThose [38;5;10m[0m[38;5;10m[0m [38;5;10m[0m[38;5;10m [0m[38;5;10m[0mSearching for: [38;5;141m^```[0m in [38;5;141m/tmp/ralph-worktrees/iter-1488[0m ([38;5;141mchapter05.06-claims-to-clinical-data-linkage.md[0m)[38;5;244m (using tool: grep)[0m
[38;5;10m ✓ [0mSuccessfully found [38;5;244m2 matches[0m in [38;5;244m1 files[0m under /tmp/ralph-worktrees/iter-1488
[38;5;244m - Completed in 0.63s[0m

Reading file: [38;5;141m/tmp/ralph-worktrees/iter-1488/chapter05.06-claims-to-clinical-data-linkage.md[0m, from line [38;5;141m115[0m to [38;5;141m120[0m[38;5;244m (using tool: read)[0m
[38;5;10m ✓ [0mSuccessfully read [38;5;244m666 bytes[0m from /tmp/ralph-worktrees/iter-1488/chapter05.06-claims-to-clinical-data-linkage.md
[38;5;244m - Completed in 0.0s[0m

[38;5;141m> [0mThe main recipe has a code block without a language tag (the architecture diagram in text art). Let me also check the architecture file's opening fences:[0m[0m
Searching for: [38;5;141m^```[0m in [38;5;141m/tmp/ralph-worktrees/iter-1488[0m ([38;5;141mchapter05.06-architecture.md[0m)[38;5;244m (using tool: grep)[0m
[38;5;10m ✓ [0mSuccessfully found [38;5;244m22 matches[0m in [38;5;244m1 files[0m under /tmp/ralph-worktrees/iter-1488
[38;5;244m - Completed in 0.48s[0m

[38;5;141m> [0mNow let me look at the code block openings that are just [38;5;10m [0m[38;5;10m[0m Batch fs_read operation with [38;5;141m6[0m operations[38;5;244m (using tool: read)[0m

↱ Operation 1: Reading file: [38;5;141m/tmp/ralph-worktrees/iter-1488/chapter05.06-architecture.md[0m, from line [38;5;141m186[0m to [38;5;141m190[0m
↱ Operation 2: Reading file: [38;5;141m/tmp/ralph-worktrees/iter-1488/chapter05.06-architecture.md[0m, from line [38;5;141m303[0m to [38;5;141m311[0m
↱ Operation 3: Reading file: [38;5;141m/tmp/ralph-worktrees/iter-1488/chapter05.06-architecture.md[0m, from line [38;5;141m428[0m to [38;5;141m436[0m
↱ Operation 4: Reading file: [38;5;141m/tmp/ralph-worktrees/iter-1488/chapter05.06-architecture.md[0m, from line [38;5;141m527[0m to [38;5;141m535[0m
↱ Operation 5: Reading file: [38;5;141m/tmp/ralph-worktrees/iter-1488/chapter05.06-architecture.md[0m, from line [38;5;141m691[0m to [38;5;141m699[0m
↱ Operation 6: Reading file: [38;5;141m/tmp/ralph-worktrees/iter-1488/chapter05.06-architecture.md[0m, from line [38;5;141m787[0m to [38;5;141m795[0m
[38;5;10m ✓ [0mSuccessfully read [38;5;244m924 bytes[0m from /tmp/ralph-worktrees/iter-1488/chapter05.06-architecture.md

[38;5;10m ✓ [0mSuccessfully read [38;5;244m1020 bytes[0m from /tmp/ralph-worktrees/iter-1488/chapter05.06-architecture.md

[38;5;10m ✓ [0mSuccessfully read [38;5;244m896 bytes[0m from /tmp/ralph-worktrees/iter-1488/chapter05.06-architecture.md

[38;5;10m ✓ [0mSuccessfully read [38;5;244m808 bytes[0m from /tmp/ralph-worktrees/iter-1488/chapter05.06-architecture.md

[38;5;10m ✓ [0mSuccessfully read [38;5;244m980 bytes[0m from /tmp/ralph-worktrees/iter-1488/chapter05.06-architecture.md

[38;5;10m ✓ [0mSuccessfully read [38;5;244m633 bytes[0m from /tmp/ralph-worktrees/iter-1488/chapter05.06-architecture.md

 ⋮ 

[38;5;244m- [0mSummary: 6 operations processed, 6 successful, 0 failed
[38;5;244m - Completed in 0.2s[0m

[38;5;141m> [0mThe architecture file's pseudocode blocks all use bare [38;5;10m [0m[38;5;10m[0m [38;5;10m without a language tag. They need [0mpseudocodeReading file: [38;5;141m/tmp/ralph-worktrees/iter-1488/chapter05.06-claims-to-clinical-data-linkage.md[0m, from line [38;5;141m346[0m to [38;5;141m350[0m[38;5;244m (using tool: read)[0m
[38;5;10m ✓ [0mSuccessfully read [38;5;244m627 bytes[0m from /tmp/ralph-worktrees/iter-1488/chapter05.06-claims-to-clinical-data-linkage.md
[38;5;244m - Completed in 0.0s[0m

[38;5;141m> [0mGood. Now let me focus on the transition seams. The key issues per the instructions:[0m[0m
[0m[0m
1. Main recipe's General Architecture and The Honest Take should not dangle references to AWS content that moved to the companion.[0m[0m
2. The architecture callout should be well-placed.[0m[0m
3. The architecture companion should open cleanly.[0m[0m
[0m[0m
Let me check The Honest Take for AWS references:[0m[0m
Searching for: [38;5;141mGlue|Step Functions|EventBridge|Lambda|DynamoDB|S3|SageMaker|Athena|HealthLake|QuickSight|Lake Formation[0m in [38;5;141m/tmp/ralph-worktrees/iter-1488[0m ([38;5;141mchapter05.06-claims-to-clinical-data-linkage.md[0m)[38;5;244m (using tool: grep)[0m
[38;5;10m ✓ [0mSuccessfully found [38;5;244m3 matches[0m in [38;5;244m1 files[0m under /tmp/ralph-worktrees/iter-1488
[38;5;244m - Completed in 0.63s[0m

[38;5;141m> [0mFound it. Line 378 in The Honest Take has a dangling AWS reference: "The orchestration is familiar (Glue jobs, Step Functions, EventBridge, the same pattern as the analytics-grade pipelines you have built before)." This explicitly references AWS services that are in the architecture companion now. Let me see the full context:[0m[0m
Reading file: [38;5;141m/tmp/ralph-worktrees/iter-1488/chapter05.06-claims-to-clinical-data-linkage.md[0m, from line [38;5;141m376[0m to [38;5;141m380[0m[38;5;244m (using tool: read)[0m
[38;5;10m ✓ [0mSuccessfully read [38;5;244m1947 bytes[0m from /tmp/ralph-worktrees/iter-1488/chapter05.06-claims-to-clinical-data-linkage.md
[38;5;244m - Completed in 0.0s[0m

[38;5;141m> [0mNow let me also check: the "Athena" on line 99 is referring to the OHDSI Athena vocabulary, not AWS Athena. That's fine. The tags on line 428 include AWS service names, but those are just tags and are appropriate.[0m[0m
[0m[0m
Now let me also check the architecture callout placement. Let me look at it:[0m[0m
Reading file: [38;5;141m/tmp/ralph-worktrees/iter-1488/chapter05.06-claims-to-clinical-data-linkage.md[0m, from line [38;5;141m370[0m to [38;5;141m376[0m[38;5;244m (using tool: read)[0m
[38;5;10m ✓ [0mSuccessfully read [38;5;244m395 bytes[0m from /tmp/ralph-worktrees/iter-1488/chapter05.06-claims-to-clinical-data-linkage.md
[38;5;244m - Completed in 0.0s[0m

[38;5;141m> [0mGood. The callout is placed between General Architecture and The Honest Take, which is correct per RECIPE-GUIDE compliance. Now let me check the architecture companion's opening:[0m[0m
Reading file: [38;5;141m/tmp/ralph-worktrees/iter-1488/chapter05.06-architecture.md[0m, from line [38;5;141m1[0m to [38;5;141m8[0m[38;5;244m (using tool: read)[0m
[38;5;10m ✓ [0mSuccessfully read [38;5;244m380 bytes[0m from /tmp/ralph-worktrees/iter-1488/chapter05.06-architecture.md
[38;5;244m - Completed in 0.0s[0m

[38;5;141m> [0mThe architecture companion opens cleanly. Now let me check the architecture companion's section labeled "Code" to see if it has the right heading level and a pseudocode walkthrough heading:[0m[0m
Searching for: [38;5;141m^##|^###[0m in [38;5;141m/tmp/ralph-worktrees/iter-1488[0m ([38;5;141mchapter05.06-architecture.md[0m)[38;5;244m (using tool: grep)[0m
[38;5;10m ✓ [0mSuccessfully found [38;5;244m12 matches[0m in [38;5;244m1 files[0m under /tmp/ralph-worktrees/iter-1488 (result is truncated)
[38;5;244m - Completed in 0.44s[0m

Searching for: [38;5;141m^##|^###[0m in [38;5;141m/tmp/ralph-worktrees/iter-1488[0m ([38;5;141mchapter05.06-architecture.md[0m)[38;5;244m (using tool: grep)[0m
[38;5;10m ✓ [0mSuccessfully found [38;5;244m12 matches[0m in [38;5;244m1 files[0m under /tmp/ralph-worktrees/iter-1488
[38;5;244m - Completed in 0.43s[0m

[38;5;141m> [0mNow I have a clear picture. Let me address the issues:[0m[0m
[0m[0m
1. [1mMain recipe line 378[22m: The Honest Take mentions "Glue jobs, Step Functions, EventBridge" which are AWS-specific services that now live in the companion. This is a dangling AWS reference.[0m[0m
2. [1mMain recipe line 117[22m: The text-art architecture diagram code block needs a [38;5;10mtext[0m language tag.[0m[0m
3. [1mArchitecture file[22m: All pseudocode blocks (lines 188, 309, 434, 533, 697, 793) need [38;5;10mpseudocode[0m language tags.[0m[0m
[0m[0m
Let me fix these now:[0m[0m
I'll modify the following file: [38;5;141mchapter05.06-claims-to-clinical-data-linkage.md[0m[38;5;244m (using tool: write)[0m

[49m[38;5;9m- 378     [0m:[38;5;9m[49m Claims-to-clinical data linkage is the recipe in this chapter where the technical complexity is moderate and the data-quality complexity is enormous. The matching techniques are familiar (you have seen the same probabilistic-record-linkage core in every recipe of this chapter). The orchestration is familiar (Glue jobs, Step Functions, EventBridge, the same pattern as the analytics-grade pipelines you have built before). The thing that makes this recipe hard is that the inputs disagree with each other in ways that are not bugs and cannot be fixed at the source.
[0m[49m[38;5;10m+      378[0m:[38;5;10m[49m Claims-to-clinical data linkage is the recipe in this chapter where the technical complexity is moderate and the data-quality complexity is enormous. The matching techniques are familiar (you have seen the same probabilistic-record-linkage core in every recipe of this chapter). The orchestration is familiar (batch ETL jobs, workflow orchestration, event buses, the same pattern as the analytics-grade pipelines you have built before). The thing that makes this recipe hard is that the inputs disagree with each other in ways that are not bugs and cannot be fixed at the source.
[0m[K
Updating: [38;5;141mchapter05.06-claims-to-clinical-data-linkage.md[0m
[38;5;244m - Completed in 0.1s[0m

[38;5;141m> [0mNow fix the bare code block in the main recipe (the text-art diagram):[0m[0m
I'll modify the following file: [38;5;141mchapter05.06-claims-to-clinical-data-linkage.md[0m[38;5;244m (using tool: write)[0m

[49m[38;5;9m- 117     [0m:[38;5;9m[49m ```
[0m[49m[38;5;10m+      117[0m:[38;5;10m[49m ```text
[0m[49m[39m  118, 118[0m:[39m[49m ┌────────────── INGEST ─────────────────────────────┐
[0m[K
Updating: [38;5;141mchapter05.06-claims-to-clinical-data-linkage.md[0m
[38;5;244m - Completed in 0.1s[0m

[38;5;141m> [0mNow fix the bare pseudocode blocks in the architecture file. Let me fix them one by one. First, let me get the exact lines:[0m[0m
Batch fs_read operation with [38;5;141m6[0m operations[38;5;244m (using tool: read)[0m

↱ Operation 1: Reading file: [38;5;141m/tmp/ralph-worktrees/iter-1488/chapter05.06-architecture.md[0m, from line [38;5;141m188[0m to [38;5;141m190[0m
↱ Operation 2: Reading file: [38;5;141m/tmp/ralph-worktrees/iter-1488/chapter05.06-architecture.md[0m, from line [38;5;141m309[0m to [38;5;141m311[0m
↱ Operation 3: Reading file: [38;5;141m/tmp/ralph-worktrees/iter-1488/chapter05.06-architecture.md[0m, from line [38;5;141m434[0m to [38;5;141m436[0m
↱ Operation 4: Reading file: [38;5;141m/tmp/ralph-worktrees/iter-1488/chapter05.06-architecture.md[0m, from line [38;5;141m533[0m to [38;5;141m535[0m
↱ Operation 5: Reading file: [38;5;141m/tmp/ralph-worktrees/iter-1488/chapter05.06-architecture.md[0m, from line [38;5;141m697[0m to [38;5;141m699[0m
↱ Operation 6: Reading file: [38;5;141m/tmp/ralph-worktrees/iter-1488/chapter05.06-architecture.md[0m, from line [38;5;141m793[0m to [38;5;141m795[0m
[38;5;10m ✓ [0mSuccessfully read [38;5;244m127 bytes[0m from /tmp/ralph-worktrees/iter-1488/chapter05.06-architecture.md

[38;5;10m ✓ [0mSuccessfully read [38;5;244m125 bytes[0m from /tmp/ralph-worktrees/iter-1488/chapter05.06-architecture.md

[38;5;10m ✓ [0mSuccessfully read [38;5;244m125 bytes[0m from /tmp/ralph-worktrees/iter-1488/chapter05.06-architecture.md

[38;5;10m ✓ [0mSuccessfully read [38;5;244m112 bytes[0m from /tmp/ralph-worktrees/iter-1488/chapter05.06-architecture.md

[38;5;10m ✓ [0mSuccessfully read [38;5;244m121 bytes[0m from /tmp/ralph-worktrees/iter-1488/chapter05.06-architecture.md

[38;5;10m ✓ [0mSuccessfully read [38;5;244m130 bytes[0m from /tmp/ralph-worktrees/iter-1488/chapter05.06-architecture.md

 ⋮ 

[38;5;244m- [0mSummary: 6 operations processed, 6 successful, 0 failed
[38;5;244m - Completed in 0.2s[0m

I'll modify the following file: [38;5;141mchapter05.06-architecture.md[0m[38;5;244m (using tool: write)[0m

[49m[38;5;9m- 188     [0m:[38;5;9m[49m ```
[0m[49m[38;5;10m+      188[0m:[38;5;10m[49m ```pseudocode
[0m[49m[39m  189, 189[0m:[39m[49m FUNCTION normalize_claims_and_clinical(input_partition_keys):
[0m[49m[39m  190, 190[0m:[39m[49m     // Each partition processed by a Glue job; partition keys
[0m[K
Updating: [38;5;141mchapter05.06-architecture.md[0m
[38;5;244m - Completed in 0.0s[0m

I'll modify the following file: [38;5;141mchapter05.06-architecture.md[0m[38;5;244m (using tool: write)[0m

[49m[38;5;9m- 309     [0m:[38;5;9m[49m ```
[0m[49m[38;5;10m+      309[0m:[38;5;10m[49m ```pseudocode
[0m[49m[39m  310, 310[0m:[39m[49m FUNCTION link_patient(claim_record, cross_reference_table, mpi):
[0m[49m[39m  311, 311[0m:[39m[49m     // Step 2A: deterministic match via cross-reference.
[0m[K
Updating: [38;5;141mchapter05.06-architecture.md[0m
[38;5;244m - Completed in 0.1s[0m

I'll modify the following file: [38;5;141mchapter05.06-architecture.md[0m[38;5;244m (using tool: write)[0m

[49m[38;5;9m- 434     [0m:[38;5;9m[49m ```
[0m[49m[38;5;10m+      434[0m:[38;5;10m[49m ```pseudocode
[0m[49m[39m  435, 435[0m:[39m[49m FUNCTION cluster_claims_by_encounter(patient_resolved_claims):
[0m[49m[39m  436, 436[0m:[39m[49m     // Group by patient first, then process each patient's
[0m[K
Updating: [38;5;141mchapter05.06-architecture.md[0m
[38;5;244m - Completed in 0.1s[0m

I'll modify the following file: [38;5;141mchapter05.06-architecture.md[0m[38;5;244m (using tool: write)[0m

[49m[38;5;9m- 533     [0m:[38;5;9m[49m ```
[0m[49m[38;5;10m+      533[0m:[38;5;10m[49m ```pseudocode
[0m[49m[39m  534, 534[0m:[39m[49m FUNCTION link_encounter(cluster, clinical_encounters_for_patient,
[0m[49m[39m  535, 535[0m:[39m[49m                           matcher_config):
[0m[K
Updating: [38;5;141mchapter05.06-architecture.md[0m
[38;5;244m - Completed in 0.1s[0m

I'll modify the following file: [38;5;141mchapter05.06-architecture.md[0m[38;5;244m (using tool: write)[0m

[49m[38;5;9m- 697     [0m:[38;5;9m[49m ```
[0m[49m[38;5;10m+      697[0m:[38;5;10m[49m ```pseudocode
[0m[49m[39m  698, 698[0m:[39m[49m FUNCTION attribute_care_events(linked_cluster, clinical_encounter,
[0m[49m[39m  699, 699[0m:[39m[49m                                   vocabulary_map):
[0m[K
Updating: [38;5;141mchapter05.06-architecture.md[0m
[38;5;244m - Completed in 0.1s[0m

I'll modify the following file: [38;5;141mchapter05.06-architecture.md[0m[38;5;244m (using tool: write)[0m

[49m[38;5;9m- 793     [0m:[38;5;9m[49m ```
[0m[49m[38;5;10m+      793[0m:[38;5;10m[49m ```pseudocode
[0m[49m[39m  794, 794[0m:[39m[49m FUNCTION persist_and_emit(linkage_decision, attribution_decision):
[0m[49m[39m  795, 795[0m:[39m[49m     // Step 6A: write the linkage record. The linkage table
[0m[K
Updating: [38;5;141mchapter05.06-architecture.md[0m
[38;5;244m - Completed in 0.1s[0m

[38;5;141m> [0mNow I need to check if there's a second function in the last pseudocode block (invalidate_on_event). Let me check:[0m[0m
Searching for: [38;5;141m^FUNCTION invalidate[0m in [38;5;141m/tmp/ralph-worktrees/iter-1488[0m ([38;5;141mchapter05.06-architecture.md[0m)[38;5;244m (using tool: grep)[0m
[38;5;10m ✓ [0mSuccessfully found [38;5;244m1 matches[0m in [38;5;244m1 files[0m under /tmp/ralph-worktrees/iter-1488
[38;5;244m - Completed in 0.42s[0m

[38;5;141m> [0mThat's inside the same code block (the persist_and_emit block that starts at 793 goes until line 953). Good, it's all one block.[0m[0m
[0m[0m
Now let me verify no bare code fences remain in the architecture file:[0m[0m
Searching for: [38;5;141m^```$[0m in [38;5;141m/tmp/ralph-worktrees/iter-1488[0m ([38;5;141mchapter05.06-architecture.md[0m)[38;5;244m (using tool: grep)[0m
[38;5;10m ✓ [0mSuccessfully found [38;5;244m11 matches[0m in [38;5;244m1 files[0m under /tmp/ralph-worktrees/iter-1488 (result is truncated)
[38;5;244m - Completed in 0.42s[0m

Searching for: [38;5;141m^```$[0m in [38;5;141m/tmp/ralph-worktrees/iter-1488[0m ([38;5;141mchapter05.06-architecture.md[0m)[38;5;244m (using tool: grep)[0m
[38;5;10m ✓ [0mSuccessfully found [38;5;244m11 matches[0m in [38;5;244m1 files[0m under /tmp/ralph-worktrees/iter-1488
[38;5;244m - Completed in 0.46s[0m

[38;5;141m> [0mThose are all closing fences. Let me verify by checking what opens above them (the opening fences should all have language tags now):[0m[0m
Searching for: [38;5;141m^```[0m in [38;5;141m/tmp/ralph-worktrees/iter-1488[0m ([38;5;141mchapter05.06-architecture.md[0m)[38;5;244m (using tool: grep)[0m
[38;5;10m ✓ [0mSuccessfully found [38;5;244m22 matches[0m in [38;5;244m1 files[0m under /tmp/ralph-worktrees/iter-1488
[38;5;244m - Completed in 0.43s[0m

[38;5;141m> [0mAll opening fences have language tags. The [38;5;10m [0m[38;5;10m[0m Searching for: [38;5;141m^```[0m in [38;5;141m/tmp/ralph-worktrees/iter-1488[0m ([38;5;141mchapter05.06-claims-to-clinical-data-linkage.md[0m)[38;5;244m (using tool: grep)[0m
[38;5;10m ✓ [0mSuccessfully found [38;5;244m2 matches[0m in [38;5;244m1 files[0m under /tmp/ralph-worktrees/iter-1488
[38;5;244m - Completed in 0.50s[0m

[38;5;141m> [0mOne opening with [38;5;10mtext[0m tag, one closing. Perfect.[0m[0m
[0m[0m
Now let me do a final em-dash and en-dash sweep on both files after edits:[0m[0m
Searching for: [38;5;141m—|–[0m in [38;5;141m/tmp/ralph-worktrees/iter-1488[0m ([38;5;141mchapter05.06-claims-to-clinical-data-linkage.md[0m)[38;5;244m (using tool: grep)[0m
[38;5;9m ❗ [0mNo matches found for pattern: [38;5;244m—|–[0m under /tmp/ralph-worktrees/iter-1488
[38;5;244m - Completed in 0.58s[0m

Searching for: [38;5;141m—|–[0m in [38;5;141m/tmp/ralph-worktrees/iter-1488[0m ([38;5;141mchapter05.06-architecture.md[0m)[38;5;244m (using tool: grep)[0m
[38;5;9m ❗ [0mNo matches found for pattern: [38;5;244m—|–[0m under /tmp/ralph-worktrees/iter-1488
[38;5;244m - Completed in 0.94s[0m

[38;5;141m> [0mClean. Let me also verify the main recipe has no other dangling AWS references in the General Architecture section that should have moved. Let me check the General Architecture section specifically:[0m[0m
Searching: [38;5;141m/tmp/ralph-worktrees/iter-1488/chapter05.06-claims-to-clinical-data-linkage.md[0m for pattern: [38;5;141maws|amazon|glue|lambda|dynamodb|step functions|eventbridge|sagemaker|s3 |athena|healthlake|quicksight|lake formation|kms|cloudtrail|cloudwatch[0m[38;5;244m (using tool: read)[0m
[38;5;10m ✓ [0mFound 0 matches for pattern 'AWS|Amazon|Glue|Lambda|DynamoDB|Step Functions|EventBridge|SageMaker|S3 |Athena|HealthLake|QuickSight|Lake Formation|KMS|CloudTrail|CloudWatch' in /tmp/ralph-worktrees/iter-1488/chapter05.06-claims-to-clinical-data-linkage.md
[38;5;244m - Completed in 0.0s[0m

Searching for: [38;5;141mAWS|Amazon|Glue|Lambda|DynamoDB|Step Function|EventBridge|SageMaker|Athena|HealthLake|QuickSight|Lake Formation|KMS|CloudTrail|CloudWatch[0m in [38;5;141m/tmp/ralph-worktrees/iter-1488[0m ([38;5;141mchapter05.06-claims-to-clinical-data-linkage.md[0m)[38;5;244m (using tool: grep)[0m
[38;5;10m ✓ [0mSuccessfully found [38;5;244m3 matches[0m in [38;5;244m1 files[0m under /tmp/ralph-worktrees/iter-1488
[38;5;244m - Completed in 0.58s[0m

[38;5;141m> [0mThe remaining AWS references are:[0m[0m
1. Line 99: "Athena" referring to OHDSI's Athena vocabulary store, not AWS Athena. Fine.[0m[0m
2. Line 374: The architecture callout block. This is intentional.[0m[0m
3. Line 428: Tags section. Tags appropriately include AWS service names for discoverability.[0m[0m
[0m[0m
All are appropriate. The General Architecture section and The Honest Take are now clean of dangling AWS references.[0m[0m
[0m[0m
Let me do one last check to verify the structure of the main recipe follows RECIPE-GUIDE compliance (correct sections present and in order):[0m[0m
Searching for: [38;5;141m^## [0m in [38;5;141m/tmp/ralph-worktrees/iter-1488[0m ([38;5;141mchapter05.06-claims-to-clinical-data-linkage.md[0m)[38;5;244m (using tool: grep)[0m
[38;5;10m ✓ [0mSuccessfully found [38;5;244m6 matches[0m in [38;5;244m1 files[0m under /tmp/ralph-worktrees/iter-1488 (result is truncated)
[38;5;244m - Completed in 0.89s[0m

Searching for: [38;5;141m^## [0m in [38;5;141m/tmp/ralph-worktrees/iter-1488[0m ([38;5;141mchapter05.06-claims-to-clinical-data-linkage.md[0m)[38;5;244m (using tool: grep)[0m
[38;5;10m ✓ [0mSuccessfully found [38;5;244m6 matches[0m in [38;5;244m1 files[0m under /tmp/ralph-worktrees/iter-1488
[38;5;244m - Completed in 0.87s[0m

[38;5;141m> [0mMain recipe structure: The Problem, The Technology, General Architecture Pattern (with callout at the end), The Honest Take, Related Recipes, Tags. This matches the expected RECIPE-GUIDE structure for the main file (no AWS sections).[0m[0m
[0m[0m
Let me verify the architecture companion's structure:[0m[0m
[0m[0m
The headings I found earlier: The AWS Implementation > Why These Services, Architecture Diagram, Prerequisites, Ingredients, Code > Walkthrough, Expected Results, Why This Isn't Production-Ready, Variations and Extensions, Additional Resources, Estimated Implementation Time. This matches the expected architecture-companion structure.[0m[0m
[0m[0m
All changes are complete. Let me summarize:[0m[0m
[0m[0m
[1mChanges made:[22m[0m[0m
[0m[0m
1. [1mMain recipe ([38;5;10mchapter05.06-claims-to-clinical-data-linkage.md[0m):[22m[0m[0m
   - Fixed dangling AWS reference in The Honest Take: replaced "Glue jobs, Step Functions, EventBridge" with vendor-agnostic equivalents "batch ETL jobs, workflow orchestration, event buses"[0m[0m
   - Added [38;5;10mtext[0m language tag to the bare code fence on the architecture diagram[0m[0m
[0m[0m
2. [1mArchitecture companion ([38;5;10mchapter05.06-architecture.md[0m):[22m[0m[0m
   - Added [38;5;10mpseudocode[0m language tags to all six bare pseudocode code blocks (Steps 1-6)[0m[0m
[0m[0m
[38;5;252m[0m[?25l[?25l[0m[0m[?25l[0m[?25l[0m[0m[?25l[0m[?25l[0m[0m[?25l[0m[?25l[0m[0m[?25l[0m[?25l[0m[0m[?25l[0m[?25l[0m[0m[?25l[0m[?25l[0m[0m[?25l[0m[?25l[0m[0m[?25l[0m[?25l[0m[0m[?25l[0m[?25l[0m[0m[?25l[0m[?25l[0m[0m[?25l[0m[?25l[0m[0m[?25l[0m[?25l[0m[0m[?25l[0m[?25l[0m[0m[?25l[0m[?25l[0m[0m[?25l[0m[?25l[0m[0m[?25l[0m[?25l[0m[0m[?25l[0m[?25l[0m[0m[?25l[0m[?25l[0m[0m[?25l[0m[?25l[0m[0m[?25l[0m[?25l[0m[0m[?25l[0m[?25l[0m[0m[?25l[0m[?25l[0m[0m[?25l[0m[?25l[0m[0m[?25l[0m[?25l[0m[0m[?25l[0m[?25l[0m[0m[?25l[0m[?25l[0m[0m[?25l[0m[?25l[0m[0m[?25l[0m[?25l[0m[0m[?25l[0m[?25l[0m[0m[?25l[0m[?25l[0m[0m[?25l[0m[?25l[0m[0m[?25l[0m[?25l[0m[0m[?25l[0m[?25l[0m[0m[?25l[0m[0m[0m
[38;5;8m
 ▸ Credits: 24.41 • Time: 2m 54s

[0m[1G[0m[0m[?25hNo content was moved, no sections were reordered, no new claims were introduced, and all existing TODO markers were preserved.[38;5;11mWARNING: [0mDuplicate agent with name [38;5;10mmeshclaw-lite[0m was found in the global directory.
[0m[38;5;9mError: [0mJson supplied at /home/lawsnic/.kiro/agents/AmazonBuilderCoreAIAgents-amzn-builder.json is invalid: unknown field `permissions`, expected one of `$schema`, `name`, `description`, `prompt`, `mcpServers`, `tools`, `toolAliases`, `allowedTools`, `resources`, `hooks`, `toolsSettings`, `includeMcpJson`, `useLegacyMcpJson`, `model`, `keyboardShortcut`, `welcomeMessage` at line 3 column 16
[32mAll tools are now trusted ([0m[31m![0m[32m). Kiro will execute tools without asking for confirmation.[0m
Agents can sometimes do unexpected things so understand the risks.

Learn more at [38;5;141mhttps://kiro.dev/docs/cli/chat/security/#using-tools-trust-all-safely[0m



[38;5;252m[0m[?25l[?25l[0m[0m[1mTool validation failed: [0m
[38;5;9mFailed to validate tool parameters: '/tmp/ralph-worktrees/iter-1488/chapters/chapter05.06-claims-to-clinical-data-linkage.md' does not exist
Searching for files: [38;5;141m**/*claims*clinical*[0m in [38;5;141m/tmp/ralph-worktrees/iter-1488[0m[38;5;244m (using tool: glob)[0m
[38;5;10m ✓ [0mSuccessfully found [38;5;244m1 files[0m under /tmp/ralph-worktrees/iter-1488
[38;5;244m - Completed in 0.17s[0m

Searching for files: [38;5;141m**/chapter05.06*[0m in [38;5;141m/tmp/ralph-worktrees/iter-1488[0m[38;5;244m (using tool: glob)[0m
[38;5;10m ✓ [0mSuccessfully found [38;5;244m5 files[0m under /tmp/ralph-worktrees/iter-1488
[38;5;244m - Completed in 0.20s[0m

Batch fs_read operation with [38;5;141m2[0m operations[38;5;244m (using tool: read)[0m

↱ Operation 1: Reading file: [38;5;141m/tmp/ralph-worktrees/iter-1488/chapter05.06-claims-to-clinical-data-linkage.md[0m, all lines
↱ Operation 2: Reading file: [38;5;141m/tmp/ralph-worktrees/iter-1488/chapter05.06-architecture.md[0m, all lines
[38;5;10m ✓ [0mSuccessfully read [38;5;244m70035 bytes[0m from /tmp/ralph-worktrees/iter-1488/chapter05.06-claims-to-clinical-data-linkage.md

[38;5;10m ✓ [0mSuccessfully read [38;5;244m102500 bytes[0m from /tmp/ralph-worktrees/iter-1488/chapter05.06-architecture.md

 ⋮ 

[38;5;244m- [0mSummary: 2 operations processed, 2 successful, 0 failed
[38;5;244m - Completed in 0.11s[0m

[38;5;141m> [0mNow I'll check for em dashes and evaluate the pass conditions.[0m[0m
Searching for: [38;5;141m—[0m in [38;5;141m/tmp/ralph-worktrees/iter-1488/chapter05.06-claims-to-clinical-data-linkage.md[0m[38;5;244m (using tool: grep)[0m
[38;5;9m ❗ [0mNo matches found for pattern: [38;5;244m—[0m under /tmp/ralph-worktrees/iter-1488/chapter05.06-claims-to-clinical-data-linkage.md
[38;5;244m - Completed in 0.0s[0m

Searching for: [38;5;141m—[0m in [38;5;141m/tmp/ralph-worktrees/iter-1488/chapter05.06-architecture.md[0m[38;5;244m (using tool: grep)[0m
[38;5;9m ❗ [0mNo matches found for pattern: [38;5;244m—[0m under /tmp/ralph-worktrees/iter-1488/chapter05.06-architecture.md
[38;5;244m - Completed in 0.0s[0m

[38;5;141m> [0mNow let me verify the key pass conditions:[0m[0m
[0m[0m
1. [1mNo em dashes[22m - Confirmed: no em dashes in either file.[0m[0m
[0m[0m
2. [1mMain recipe has a working callout to the architecture companion[22m - Found the callout:[0m[0m
  > [1mThe AWS build lives in a companion page.[22m This recipe covers the problem, the underlying technology, and the vendor-agnostic architecture. For the AWS services, architecture diagram, prerequisites, and the step-by-step pseudocode walkthrough, see the [Architecture and Implementation companion](chapter05.06-architecture). The Python example is linked from there.[0m[0m
[0m[0m
3. [1mNo dangling references to AWS content in the main recipe[22m - The main recipe's General Architecture section contains only vendor-agnostic architecture (text diagrams describing logical pipeline stages). The Honest Take section discusses concepts generically without referencing AWS services. The Tags section at the bottom still includes AWS service tags ([38;5;10mglue[0m, [38;5;10mspark[0m, [38;5;10mdynamodb[0m, [38;5;10mathena[0m, [38;5;10mlake-formation[0m, [38;5;10mhealthlake[0m, [38;5;10meventbridge[0m, [38;5;10mstep-functions[0m), but tags are metadata, not dangling prose references.[0m[0m
[0m[0m
4. [1mArchitecture companion reads standalone with a backlink to the main recipe[22m - The companion opens with:[0m[0m
  > [3mCompanion to [Recipe 5.6: Claims-to-Clinical Data Linkage](chapter05.06-claims-to-clinical-data-linkage). This page covers the AWS architecture, services, prerequisites, and pseudocode. For the problem framing and the conceptual approach, start with the main recipe.[23m[0m[0m
[0m[0m
5. [1mPseudocode intact in companion[22m - Yes, all 6 steps of pseudocode are present and complete.[0m[0m
[0m[0m
6. [1mMain recipe reads as coherent standalone[22m - It has The Problem, The Technology, General Architecture Pattern, The Honest Take, Related Recipes, and Tags. The flow is coherent.[0m[0m
[0m[0m
However, there's one issue: the Tags section in the main recipe includes AWS-specific service tags ([38;5;10mglue[0m, [38;5;10mspark[0m, [38;5;10mdynamodb[0m, [38;5;10mathena[0m, [38;5;10mlake-formation[0m, [38;5;10mhealthlake[0m, [38;5;10meventbridge[0m, [38;5;10mstep-functions[0m). These are references to AWS content that arguably should have moved to the companion. Let me check whether the pass condition is specifically about "dangling references" in the prose sections (The Problem, The Technology, General Architecture, The Honest Take) vs. metadata like tags.[0m[0m
[0m[0m
The pass condition states: "no dangling references to AWS content that moved to the companion." The tags are metadata markers and don't read as "dangling" - they don't reference content that's missing or create a broken reading experience. The document reads coherently from top to bottom despite the tags. This is a borderline issue but tags serve a different purpose (discoverability) and don't constitute a "dangling reference" in the prose sense.[0m[0m
[0m[0m
[0m[?25l[0m[0m[?25l[0m[?25l[0m[0m[?25l[0m[?25l[0m[0m[?25l[0m[?25l[0m[0m[?25l[0m[?25l[0m[0m[?25l[0m[0m[0m
[38;5;8m
 ▸ Credits: 4.45 • Time: 40s

[0m[1G[0m[0m[?25h{"verdict": "pass", "rationale": "The main recipe reads as a coherent standalone document with The Problem, The Technology, General Architecture (vendor-agnostic text diagrams), and The Honest Take all self-contained. The callout to the architecture companion is well-placed between General Architecture and The Honest Take. No prose in those sections dangles references to AWS services that moved to the companion. The architecture companion opens cleanly with a backlink to the main recipe and contains intact pseudocode for all six steps. No em dashes found in either file."}