# parallel_worker header: concurrency_limit=4 batch_id=batch-1779675788908-000006-926c4e4fcb55dc2b iteration=126 task_id=ch11-r08-expert-review persona=TechExpertReviewer
[32mAll tools are now trusted ([0m[31m![0m[32m). Kiro will execute tools without asking for confirmation.[0m
Agents can sometimes do unexpected things so understand the risks.

Learn more at [38;5;141mhttps://kiro.dev/docs/cli/chat/security/#using-tools-trust-all-safely[0m



Reading directory: [38;5;141mC:\Users\lawsnic\OneDrive - amazon.com\Documents\HCLS-ai-book\.ralph\worktrees\iter-126[0m[38;5;244m (using tool: read, max depth: 0, max entries: 1000, excluding: defaults)[0m
[38;5;10m ✓ [0mSuccessfully read directory [38;5;141mC:\Users\lawsnic\OneDrive - amazon.com\Documents\HCLS-ai-book\.ralph\worktrees\iter-126[0m [38;5;244m(167 entries)[0m
[38;5;244m - Completed in 0.4s[0m

Batch fs_read operation with [38;5;141m3[0m operations[38;5;244m (using tool: read)[0m

↱ Operation 1: Reading file: [38;5;141mC:\Users\lawsnic\OneDrive - amazon.com\Documents\HCLS-ai-book\.ralph\worktrees\iter-126\chapter11.08-mental-health-support-bot.md[0m, all lines
↱ Operation 2: Reading file: [38;5;141mC:\Users\lawsnic\OneDrive - amazon.com\Documents\HCLS-ai-book\.ralph\worktrees\iter-126\STYLE-GUIDE.md[0m, all lines
↱ Operation 3: Reading file: [38;5;141mC:\Users\lawsnic\OneDrive - amazon.com\Documents\HCLS-ai-book\.ralph\worktrees\iter-126\RECIPE-GUIDE.md[0m, all lines
[38;5;10m ✓ [0mSuccessfully read [38;5;244m211204 bytes[0m from C:\Users\lawsnic\OneDrive - amazon.com\Documents\HCLS-ai-book\.ralph\worktrees\iter-126\chapter11.08-mental-health-support-bot.md

[38;5;10m ✓ [0mSuccessfully read [38;5;244m3731 bytes[0m from C:\Users\lawsnic\OneDrive - amazon.com\Documents\HCLS-ai-book\.ralph\worktrees\iter-126\STYLE-GUIDE.md

[38;5;10m ✓ [0mSuccessfully read [38;5;244m9026 bytes[0m from C:\Users\lawsnic\OneDrive - amazon.com\Documents\HCLS-ai-book\.ralph\worktrees\iter-126\RECIPE-GUIDE.md

 ⋮ 

[38;5;244m- [0mSummary: 3 operations processed, 3 successful, 0 failed
[38;5;244m - Completed in 0.4s[0m

Reading directory: [38;5;141mC:\Users\lawsnic\OneDrive - amazon.com\Documents\HCLS-ai-book\.ralph\worktrees\iter-126\reviews[0m[38;5;244m (using tool: read, max depth: 0, max entries: 1000, excluding: defaults)[0m
[38;5;10m ✓ [0mSuccessfully read directory [38;5;141mC:\Users\lawsnic\OneDrive - amazon.com\Documents\HCLS-ai-book\.ralph\worktrees\iter-126\reviews[0m [38;5;244m(132 entries)[0m
[38;5;244m - Completed in 0.5s[0m

Reading file: [38;5;141mC:\Users\lawsnic\OneDrive - amazon.com\Documents\HCLS-ai-book\.ralph\worktrees\iter-126\reviews\chapter11.07-expert-review.md[0m, all lines[38;5;244m (using tool: read)[0m
[38;5;10m ✓ [0mSuccessfully read [38;5;244m181718 bytes[0m from C:\Users\lawsnic\OneDrive - amazon.com\Documents\HCLS-ai-book\.ralph\worktrees\iter-126\reviews\chapter11.07-expert-review.md
[38;5;244m - Completed in 0.1s[0m

[38;5;141m> [0mNow let me verify a few specific things before writing the review:[0m[0m
[0m[0m
Searching for: [38;5;141m—[0m in [38;5;141mC:\Users\lawsnic\OneDrive - amazon.com\Documents\HCLS-ai-book\.ralph\worktrees\iter-126\chapter11.08-mental-health-support-bot.md[0m[38;5;244m (using tool: grep)[0mSearching for: [38;5;141mTODO \(TechWriter\): Expert review[0m in [38;5;141mC:\Users\lawsnic\OneDrive - amazon.com\Documents\HCLS-ai-book\.ralph\worktrees\iter-126\chapter11.08-mental-health-support-bot.md[0m[38;5;244m (using tool: grep)[0m
[38;5;9m ❗ [0mNo matches found for pattern: [38;5;244m—[0m under C:\Users\lawsnic\OneDrive - amazon.com\Documents\HCLS-ai-book\.ralph\worktrees\iter-126\chapter11.08-mental-health-support-bot.md
[38;5;244m - Completed in 0.2s[0m


[38;5;10m ✓ [0mSuccessfully found [38;5;244m16 matches[0m in [38;5;244m1 files[0m under C:\Users\lawsnic\OneDrive - amazon.com\Documents\HCLS-ai-book\.ralph\worktrees\iter-126\chapter11.08-mental-health-support-bot.md (result is truncated)
[38;5;244m - Completed in 0.1s[0m

[38;5;141m> [0mI have everything I need. The recipe is exceptionally thoughtful, has zero em dashes, and contains 16 anticipated TODO markers (6 labeled HIGH by the author). Following the chapter-pattern from 11.7, I'll keep 3 HIGH findings and hold the recipe-author's other HIGH-labeled items at MEDIUM where appropriate (life-safety amplification noted explicitly).[0m[0m
