# parallel_worker header: concurrency_limit=2 batch_id=batch-1779760401610-000001-db93df28128f8b57 iteration=430 task_id=ch11-r10-code-review persona=TechCodeReviewer
[32mAll tools are now trusted ([0m[31m![0m[32m). Kiro will execute tools without asking for confirmation.[0m
Agents can sometimes do unexpected things so understand the risks.

Learn more at [38;5;141mhttps://kiro.dev/docs/cli/chat/security/#using-tools-trust-all-safely[0m



Reading directory: [38;5;141mC:\tmp\ralph-worktrees\iter-430[0m[38;5;244m (using tool: read, max depth: 1, max entries: 1000, excluding: defaults)[0m
[38;5;10m ✓ [0mSuccessfully read directory [38;5;141mC:\tmp\ralph-worktrees\iter-430[0m [38;5;244m(showing 1000 of 1583 entries, offset: 0)[0m
[38;5;244m - Completed in 0.46s[0m

[38;5;141m> [0mI see the task was previously interrupted. There's already a [38;5;10mchapter11.10-code-review.md[0m file. Let me check its current state and find the recipe files to review.[0m[0m
Batch fs_read operation with [38;5;141m2[0m operations[38;5;244m (using tool: read)[0m

↱ Operation 1: Reading file: [38;5;141mC:\tmp\ralph-worktrees\iter-430\reviews\chapter11.10-code-review.md[0m, all lines
↱ Operation 2: Reading directory: [38;5;141mC:\tmp\ralph-worktrees\iter-430[0m
[38;5;10m ✓ [0mSuccessfully read [38;5;244m24782 bytes[0m from C:\tmp\ralph-worktrees\iter-430\reviews\chapter11.10-code-review.md

[38;5;10m ✓ [0mSuccessfully read directory [38;5;141mC:\tmp\ralph-worktrees\iter-430[0m [38;5;244m(171 entries)[0m

 ⋮ 

[38;5;244m- [0mSummary: 2 operations processed, 2 successful, 0 failed
[38;5;244m - Completed in 0.4s[0m

[38;5;141m> [0mThe review file already exists and appears complete. Let me verify it covers all the required checks by spot-checking a few key claims against the actual Python file.[0m[0m
[0m[0m
Searching for: [38;5;141mput_item|put_object|s3_client\.put|leading|Decimal|_to_decimal[0m in [38;5;141mC:\tmp\ralph-worktrees\iter-430\chapter11.10-python-example.md[0m[38;5;244m (using tool: grep)[0mSearching for: [38;5;141mKey=f"/|Key="\/|Key=\"\\\\/[0m in [38;5;141mC:\tmp\ralph-worktrees\iter-430\chapter11.10-python-example.md[0m[38;5;244m (using tool: grep)[0m
[38;5;10m ✓ [0mSuccessfully found [38;5;244m57 matches[0m in [38;5;244m1 files[0m under C:\tmp\ralph-worktrees\iter-430\chapter11.10-python-example.md
[38;5;244m - Completed in 0.17s[0m


[38;5;9m ❗ [0mNo matches found for pattern: [38;5;244mKey=f"/|Key="\/|Key=\"\\\\/[0m under C:\tmp\ralph-worktrees\iter-430\chapter11.10-python-example.md
[38;5;244m - Completed in 0.5s[0m

[38;5;141m> [0mGood — no S3 keys with leading slashes (confirming the review's claim) and many Decimal/put_item/put_object calls present. The review file at [38;5;10mreviews/chapter11.10-code-review.md[0m is complete and satisfies all persona requirements:[0m[0m
[0m[0m
- **Verdict: PASS** with rationale[0m[0m
- **0 ERROR findings** (would auto-FAIL)[0m[0m
- **2 WARNING findings** (under the >3 FAIL threshold)[0m[0m
- **6 NOTE findings** for improvement[0m[0m
- **Pseudocode-to-Python mapping table** verifying all 10 steps[0m[0m
- **DynamoDB Decimal discipline** verified at every [38;5;10mput_item[0m site[0m[0m
- **S3 keys** verified to have no leading slashes[0m[0m
- **boto3 SDK accuracy** verified per-method (Bedrock Runtime, Bedrock Agent Runtime, DynamoDB, EventBridge, CloudWatch, S3, Connect, Step Functions)[0m[0m
- Each finding has severity, file/section reference, what's wrong, and how to fix[0m[0m
[0m[0m
The two WARNINGs are substantive and traceable to real pedagogical risks:[0m[0m
[0m[0m
1. [1mIssue 1[22m — [38;5;10mprescreen_state[0m ("IN_PROGRESS") leaks into the persisted [38;5;10mdisposition[0m field because the fallback [38;5;10mprescreen_state or DISPOSITION_LIKELY_ELIGIBLE[0m only catches None, not the in-progress sentinel string.[0m[0m
2. [1mIssue 2[22m — Demo turns 1 and 2 fire tool calls then fall through to a default mock response, breaking the agent-loop teaching pattern.[0m[0m
[0m[0m
Notes cover unused [38;5;10mrecord_funnel_stage[0m function, oversimplified disclosure check, unused clients/constants, an over-broad [38;5;10mzip5[0m PHI regex, post-hoc retrieve filter, and a skipped Guardrail call.[0m[0m
[0m[0m
[38;5;252m[0m[?25l[?25l[0m[0m[?25l[0m[?25l[0m[0m[?25l[0m[?25l[?25l[0m[0m[?25l[0m[0m[0m
[38;5;8m
 ▸ Credits: 2.32 • Time: 28s

[0m[1G[0m[0m[?25hTask complete. No edits to the recipe or Python files were made (per persona constraint). The review at [38;5;10mreviews/chapter11.10-code-review.md[0m is ready for the editor handoff.[32mAll tools are now trusted ([0m[31m![0m[32m). Kiro will execute tools without asking for confirmation.[0m
Agents can sometimes do unexpected things so understand the risks.

Learn more at [38;5;141mhttps://kiro.dev/docs/cli/chat/security/#using-tools-trust-all-safely[0m



Reading directory: [38;5;141mC:\tmp\ralph-worktrees\iter-430[0m[38;5;244m (using tool: read, max depth: 2, max entries: 1000, excluding: defaults)[0m
[38;5;10m ✓ [0mSuccessfully read directory [38;5;141mC:\tmp\ralph-worktrees\iter-430[0m [38;5;244m(showing 1000 of 1593 entries, offset: 0)[0m
[38;5;244m - Completed in 0.40s[0m

Batch fs_read operation with [38;5;141m3[0m operations[38;5;244m (using tool: read)[0m

↱ Operation 1: Reading file: [38;5;141mC:\tmp\ralph-worktrees\iter-430\reviews\chapter11.10-code-review.md[0m, all lines
↱ Operation 2: Reading file: [38;5;141mC:\tmp\ralph-worktrees\iter-430\specs\ch11-r10-code-review.md[0m, all lines
↱ Operation 3: Reading file: [38;5;141mC:\tmp\ralph-worktrees\iter-430\personas\tech_expert_reviewer.yaml[0m, all lines
[38;5;10m ✓ [0mSuccessfully read [38;5;244m24782 bytes[0m from C:\tmp\ralph-worktrees\iter-430\reviews\chapter11.10-code-review.md

[38;5;10m ✓ [0mSuccessfully read [38;5;244m833 bytes[0m from C:\tmp\ralph-worktrees\iter-430\specs\ch11-r10-code-review.md

[38;5;10m ✓ [0mSuccessfully read [38;5;244m2704 bytes[0m from C:\tmp\ralph-worktrees\iter-430\personas\tech_expert_reviewer.yaml

 ⋮ 

[38;5;244m- [0mSummary: 3 operations processed, 3 successful, 0 failed
[38;5;244m - Completed in 0.1s[0m

[38;5;252m[0m[?25l[?25l[0m[0m[?25l[0m[?25l[0m[0m[?25l[0m[0m[0m
[38;5;8m
 ▸ Credits: 1.55 • Time: 16s

[38;5;141m> [0m{"verdict": "pass", "rationale": "Review verifies AWS API correctness with explicit per-call boto3 shape validation (invoke_model, retrieve, put_item, put_events, put_metric_data, put_object, start_chat_contact, start_execution), identifies eight real issues with severity ratings (2 WARNING, 6 NOTE), and provides specific, actionable fixes for each — including code snippets showing the problematic code (e.g., the disposition propagation block, the zip5 regex, the post-hoc retrieval filter, the Guardrail-skip comment) and concrete remediation options (aggregator helper, additional queue_response calls, record_funnel_stage wiring at named call sites, expanded disclosure checks). Pseudocode-to-Python mapping table and a detailed What Was Verified section confirm structural correctness (Decimal discipline, S3 key construction, per-trial isolation, citation propagation, eligibility-rule coverage, redaction)."[0m[1G[0m[0m[?25h