# parallel_worker header: concurrency_limit=2 batch_id=batch-1780304143352-000160-693dac9ac5b9b469 iteration=1102 task_id=ch15-r02-edit persona=TechEditor
[38;5;11mWARNING: [0mDuplicate agent with name [38;5;10mmeshclaw-lite[0m was found in the global directory.
[0m[32mAll tools are now trusted ([0m[31m![0m[32m). Kiro will execute tools without asking for confirmation.[0m
Agents can sometimes do unexpected things so understand the risks.

Learn more at [38;5;141mhttps://kiro.dev/docs/cli/chat/security/#using-tools-trust-all-safely[0m



Reading directory: [38;5;141m/tmp/ralph-worktrees/iter-1102[0m[38;5;244m (using tool: read, max depth: 1, max entries: 1000, excluding: defaults)[0m
[38;5;10m ✓ [0mSuccessfully read directory [38;5;141m/tmp/ralph-worktrees/iter-1102[0m [38;5;244m(showing 1000 of 2538 entries, offset: 0)[0m
[38;5;244m - Completed in 0.131s[0m

[38;5;141m> [0mLet me read the main recipe file, the reviews, and the style/recipe guides.[0m[0m
Batch fs_read operation with [38;5;141m3[0m operations[38;5;244m (using tool: read)[0m

↱ Operation 1: Reading file: [38;5;141m/tmp/ralph-worktrees/iter-1102/chapter15.02-notification-timing-optimization.md[0m, all lines
↱ Operation 2: Reading file: [38;5;141m/tmp/ralph-worktrees/iter-1102/reviews/chapter15.02-expert-review.md[0m, all lines
↱ Operation 3: Reading file: [38;5;141m/tmp/ralph-worktrees/iter-1102/reviews/chapter15.02-code-review.md[0m, all lines
[38;5;10m ✓ [0mSuccessfully read [38;5;244m38310 bytes[0m from /tmp/ralph-worktrees/iter-1102/chapter15.02-notification-timing-optimization.md

[38;5;10m ✓ [0mSuccessfully read [38;5;244m24769 bytes[0m from /tmp/ralph-worktrees/iter-1102/reviews/chapter15.02-expert-review.md

[38;5;10m ✓ [0mSuccessfully read [38;5;244m9900 bytes[0m from /tmp/ralph-worktrees/iter-1102/reviews/chapter15.02-code-review.md

 ⋮ 

[38;5;244m- [0mSummary: 3 operations processed, 3 successful, 0 failed
[38;5;244m - Completed in 0.1s[0m

[38;5;141m> [0mNow let me read the STYLE-GUIDE and RECIPE-GUIDE for reference:[0m[0m
Batch fs_read operation with [38;5;141m2[0m operations[38;5;244m (using tool: read)[0m

↱ Operation 1: Reading file: [38;5;141m/tmp/ralph-worktrees/iter-1102/STYLE-GUIDE.md[0m, all lines
↱ Operation 2: Reading file: [38;5;141m/tmp/ralph-worktrees/iter-1102/RECIPE-GUIDE.md[0m, all lines
[38;5;10m ✓ [0mSuccessfully read [38;5;244m3731 bytes[0m from /tmp/ralph-worktrees/iter-1102/STYLE-GUIDE.md

[38;5;10m ✓ [0mSuccessfully read [38;5;244m9026 bytes[0m from /tmp/ralph-worktrees/iter-1102/RECIPE-GUIDE.md

 ⋮ 

[38;5;244m- [0mSummary: 2 operations processed, 2 successful, 0 failed
[38;5;244m - Completed in 0.0s[0m

[38;5;141m> [0mNow I have all the information I need. Let me analyze the reviews and apply the editorial fixes. The expert review has 4 HIGH findings, 6 MEDIUM, and 3 LOW. The code review passed with only warnings/notes. Let me apply the edits:[0m[0m
[0m[0m
Key findings to address:[0m[0m
- **SEC-1 (HIGH)**: PHI behavioral profile without access controls - needs TODO for TechWriter[0m[0m
- **ARCH-1 (HIGH)**: No offline policy evaluation methodology - needs TODO for TechWriter[0m[0m
- **ARCH-2 (HIGH)**: EventBridge Scheduler silent failure mode - can fix inline (add time validation note)[0m[0m
- **NET-1 (HIGH)**: VPC endpoint list incomplete - can fix inline[0m[0m
- **SEC-2 (MEDIUM)**: IAM permissions without resource scoping - can fix inline[0m[0m
- **SEC-3 (MEDIUM)**: Kinesis encryption not specified as CMK - can fix inline[0m[0m
- **ARCH-3 (MEDIUM)**: No model rollback strategy - needs TODO for TechWriter[0m[0m
- **ARCH-4 (MEDIUM)**: Multi-message coordination understated - needs TODO for TechWriter[0m[0m
- **NET-2 (MEDIUM)**: No egress control discussion - can add brief note[0m[0m
- **SEC-4 (LOW)**: No input validation on engagement events - can add brief note in pseudocode[0m[0m
- **VOICE-2 (LOW)**: Minor doc-voice in Prerequisites - can fix inline[0m[0m
- **VOICE-3 (LOW)**: Related recipes reference non-existent recipes - leave as-is (cross-refs are expected)[0m[0m
- **NET-3 (LOW)**: Pinpoint service-side integration clarification - can add brief note[0m[0m
[0m[0m
Let me also check for em dashes and other style issues, then produce the final edited version.[0m[0m
[38;5;252m[0m[?25l[?25l[0m[0m[?25l[0m[?25l[0m[0m[?25l[0m[?25l[0m[0m[?25l[0m[?25l[1m[38;5;9mKiro is having trouble responding right now: 
   0: Failed to receive the next message: request_id: b3cb4b7f-9989-4042-aa03-a0496a32af22, error: dispatch failure (io error): request or response body error

Location:
   crates/chat-cli/src/cli/chat/mod.rs:1788

Backtrace omitted. Run with RUST_BACKTRACE=1 environment variable to display it.
Run with RUST_BACKTRACE=full to include source snippets.
[0m[0m[1G[0m[0m[?25herror: Tool approval required but --no-interactive was specified. Use --trust-all-tools to automatically approve tools.
[38;5;11mWARNING: [0mDuplicate agent with name [38;5;10mmeshclaw-lite[0m was found in the global directory.
[0m[32mAll tools are now trusted ([0m[31m![0m[32m). Kiro will execute tools without asking for confirmation.[0m
Agents can sometimes do unexpected things so understand the risks.

Learn more at [38;5;141mhttps://kiro.dev/docs/cli/chat/security/#using-tools-trust-all-safely[0m



[38;5;252m[0m[?25l[?25l[0m[0m[1mTool validation failed: [0m
[38;5;9mFailed to validate tool parameters: '/tmp/ralph-worktrees/iter-1102/chapters/15-optimization/recipe-02-notification-timing.md' does not exist
Reading file: [38;5;141m/tmp/ralph-worktrees/iter-1102/STYLE-GUIDE.md[0m, all lines[38;5;244m (using tool: read)[0mSearching for files: [38;5;141m**/15*/**/*notification*[0m[38;5;244m (using tool: glob)[0mSearching for files: [38;5;141m**/recipe*02*[0m in [38;5;141m/tmp/ralph-worktrees/iter-1102[0m[38;5;244m (using tool: glob)[0m
[38;5;10m ✓ [0mSuccessfully read [38;5;244m3731 bytes[0m from /tmp/ralph-worktrees/iter-1102/STYLE-GUIDE.md
[38;5;244m - Completed in 0.0s[0m


[38;5;9m ❗ [0mNo files found matching pattern: [38;5;244m**/15*/**/*notification*[0m under current directory
[38;5;244m - Completed in 0.11s[0m


[38;5;9m ❗ [0mNo files found matching pattern: [38;5;244m**/recipe*02*[0m under /tmp/ralph-worktrees/iter-1102
[38;5;244m - Completed in 0.13s[0m

Searching for files: [38;5;141m**/notification*[0m in [38;5;141m/tmp/ralph-worktrees/iter-1102[0m[38;5;244m (using tool: glob)[0mSearching for files: [38;5;141m**/15*[0m in [38;5;141m/tmp/ralph-worktrees/iter-1102[0m[38;5;244m (using tool: glob)[0mSearching for files: [38;5;141m**/optim*[0m in [38;5;141m/tmp/ralph-worktrees/iter-1102[0m[38;5;244m (using tool: glob)[0m
[38;5;9m ❗ [0mNo files found matching pattern: [38;5;244m**/notification*[0m under /tmp/ralph-worktrees/iter-1102
[38;5;244m - Completed in 0.12s[0m


[38;5;10m ✓ [0mSuccessfully found [38;5;244m1 files[0m under /tmp/ralph-worktrees/iter-1102
[38;5;244m - Completed in 0.10s[0m


[38;5;9m ❗ [0mNo files found matching pattern: [38;5;244m**/optim*[0m under /tmp/ralph-worktrees/iter-1102
[38;5;244m - Completed in 0.9s[0m

Reading directory: [38;5;141m/tmp/ralph-worktrees/iter-1102[0m[38;5;244m (using tool: read, max depth: 2, max entries: 1000, excluding: defaults)[0m
[38;5;10m ✓ [0mSuccessfully read directory [38;5;141m/tmp/ralph-worktrees/iter-1102[0m [38;5;244m(showing 1000 of 2635 entries, offset: 0)[0m
[38;5;244m - Completed in 0.196s[0m

[38;5;141m> [0mNow let me find the actual recipe file and the relevant reviews:[0m[0m
Searching for files: [38;5;141m**/ch15*r02*[0m in [38;5;141m/tmp/ralph-worktrees/iter-1102[0m[38;5;244m (using tool: glob)[0m
[38;5;10m ✓ [0mSuccessfully found [38;5;244m5 files[0m under /tmp/ralph-worktrees/iter-1102
[38;5;244m - Completed in 0.14s[0m

Batch fs_read operation with [38;5;141m3[0m operations[38;5;244m (using tool: read)[0m

↱ Operation 1: Reading file: [38;5;141m/tmp/ralph-worktrees/iter-1102/specs/ch15-r02-edit.md[0m, all lines
↱ Operation 2: Reading file: [38;5;141m/tmp/ralph-worktrees/iter-1102/reviews/chapter15.02-expert-review.md[0m, all lines
↱ Operation 3: Reading file: [38;5;141m/tmp/ralph-worktrees/iter-1102/reviews/chapter15.02-code-review.md[0m, all lines
[38;5;10m ✓ [0mSuccessfully read [38;5;244m1050 bytes[0m from /tmp/ralph-worktrees/iter-1102/specs/ch15-r02-edit.md

[38;5;10m ✓ [0mSuccessfully read [38;5;244m24769 bytes[0m from /tmp/ralph-worktrees/iter-1102/reviews/chapter15.02-expert-review.md

[38;5;10m ✓ [0mSuccessfully read [38;5;244m9900 bytes[0m from /tmp/ralph-worktrees/iter-1102/reviews/chapter15.02-code-review.md

 ⋮ 

[38;5;244m- [0mSummary: 3 operations processed, 3 successful, 0 failed
[38;5;244m - Completed in 0.0s[0m

[38;5;141m> [0mNow let me find the actual recipe output file:[0m[0m
Searching for files: [38;5;141m**/chapter15.02*[0m in [38;5;141m/tmp/ralph-worktrees/iter-1102[0m[38;5;244m (using tool: glob)[0m
[38;5;10m ✓ [0mSuccessfully found [38;5;244m4 files[0m under /tmp/ralph-worktrees/iter-1102
[38;5;244m - Completed in 0.14s[0m

Reading file: [38;5;141m/tmp/ralph-worktrees/iter-1102/chapter15.02-notification-timing-optimization.md[0m, from line [38;5;141m1[0m to [38;5;141m150[0m[38;5;244m (using tool: read)[0m
[38;5;10m ✓ [0mSuccessfully read [38;5;244m13133 bytes[0m from /tmp/ralph-worktrees/iter-1102/chapter15.02-notification-timing-optimization.md
[38;5;244m - Completed in 0.0s[0m

Reading file: [38;5;141m/tmp/ralph-worktrees/iter-1102/chapter15.02-notification-timing-optimization.md[0m, from line [38;5;141m151[0m to [38;5;141m350[0m[38;5;244m (using tool: read)[0m
[38;5;10m ✓ [0mSuccessfully read [38;5;244m13195 bytes[0m from /tmp/ralph-worktrees/iter-1102/chapter15.02-notification-timing-optimization.md
[38;5;244m - Completed in 0.0s[0m

Reading file: [38;5;141m/tmp/ralph-worktrees/iter-1102/chapter15.02-notification-timing-optimization.md[0m, from line [38;5;141m351[0m to [38;5;141m500[0m[38;5;244m (using tool: read)[0m
[38;5;10m ✓ [0mSuccessfully read [38;5;244m9566 bytes[0m from /tmp/ralph-worktrees/iter-1102/chapter15.02-notification-timing-optimization.md
[38;5;244m - Completed in 0.0s[0m

Reading file: [38;5;141m/tmp/ralph-worktrees/iter-1102/chapter15.02-notification-timing-optimization.md[0m, from line [38;5;141m500[0m to end of file[38;5;244m (using tool: read)[0m
[38;5;10m ✓ [0mSuccessfully read [38;5;244m2414 bytes[0m from /tmp/ralph-worktrees/iter-1102/chapter15.02-notification-timing-optimization.md
[38;5;244m - Completed in 0.0s[0m

[38;5;141m> [0mNow I have the full recipe. Let me check for em dashes and verify the edit status against the review findings:[0m[0m
Searching: [38;5;141m/tmp/ralph-worktrees/iter-1102/chapter15.02-notification-timing-optimization.md[0m for pattern: [38;5;141m\u2014[0m[38;5;244m (using tool: read)[0m
[38;5;10m ✓ [0mFound 0 matches for pattern '\u2014' in /tmp/ralph-worktrees/iter-1102/chapter15.02-notification-timing-optimization.md
[38;5;244m - Completed in 0.0s[0m

[38;5;141m> [0mGood, no em dashes. Now let me check if there's an edit-status file that documents how the review findings were addressed:[0m[0m
Searching for files: [38;5;141m*15.02*edit*[0m in [38;5;141m/tmp/ralph-worktrees/iter-1102/reviews[0m[38;5;244m (using tool: glob)[0m
[38;5;9m ❗ [0mNo files found matching pattern: [38;5;244m*15.02*edit*[0m under /tmp/ralph-worktrees/iter-1102/reviews
[38;5;244m - Completed in 0.11s[0m

[38;5;141m> [0mNow let me verify the key review findings against the recipe content. The expert review had 4 HIGH findings:[0m[0m
[0m[0m
1. [1mSEC-1 (HIGH):[22m PHI behavioral profile without access controls/retention/deletion - Let me check if this was addressed[0m[0m
2. [1mARCH-1 (HIGH):[22m No offline policy evaluation methodology[0m[0m
3. [1mARCH-2 (HIGH):[22m EventBridge Scheduler silent failure mode[0m[0m
4. [1mNET-1 (HIGH):[22m VPC endpoint list incomplete[0m[0m
[0m[0m
Let me search for evidence these were incorporated or flagged as TODOs:[0m[0m
Batch fs_read operation with [38;5;141m5[0m operations[38;5;244m (using tool: read)[0m

↱ Operation 1: Searching: [38;5;141m/tmp/ralph-worktrees/iter-1102/chapter15.02-notification-timing-optimization.md[0m for pattern: [38;5;141mtodo[0m
↱ Operation 2: Searching: [38;5;141m/tmp/ralph-worktrees/iter-1102/chapter15.02-notification-timing-optimization.md[0m for pattern: [38;5;141mretention[0m
↱ Operation 3: Searching: [38;5;141m/tmp/ralph-worktrees/iter-1102/chapter15.02-notification-timing-optimization.md[0m for pattern: [38;5;141moffline policy[0m
↱ Operation 4: Searching: [38;5;141m/tmp/ralph-worktrees/iter-1102/chapter15.02-notification-timing-optimization.md[0m for pattern: [38;5;141mdoubly-robust[0m
↱ Operation 5: Searching: [38;5;141m/tmp/ralph-worktrees/iter-1102/chapter15.02-notification-timing-optimization.md[0m for pattern: [38;5;141meventbridge scheduler[0m
[38;5;10m ✓ [0mFound 1 matches for pattern 'TODO' in /tmp/ralph-worktrees/iter-1102/chapter15.02-notification-timing-optimization.md

[38;5;10m ✓ [0mFound 0 matches for pattern 'retention' in /tmp/ralph-worktrees/iter-1102/chapter15.02-notification-timing-optimization.md

[38;5;10m ✓ [0mFound 1 matches for pattern 'offline policy' in /tmp/ralph-worktrees/iter-1102/chapter15.02-notification-timing-optimization.md

[38;5;10m ✓ [0mFound 1 matches for pattern 'doubly-robust' in /tmp/ralph-worktrees/iter-1102/chapter15.02-notification-timing-optimization.md

[38;5;10m ✓ [0mFound 5 matches for pattern 'EventBridge Scheduler' in /tmp/ralph-worktrees/iter-1102/chapter15.02-notification-timing-optimization.md

 ⋮ 

[38;5;244m- [0mSummary: 5 operations processed, 5 successful, 0 failed
[38;5;244m - Completed in 0.2s[0m

[38;5;141m> [0mNow let me check the VPC endpoint list and whether the HIGH findings were addressed:[0m[0m
Batch fs_read operation with [38;5;141m3[0m operations[38;5;244m (using tool: read)[0m

↱ Operation 1: Searching: [38;5;141m/tmp/ralph-worktrees/iter-1102/chapter15.02-notification-timing-optimization.md[0m for pattern: [38;5;141mvpc[0m
↱ Operation 2: Searching: [38;5;141m/tmp/ralph-worktrees/iter-1102/chapter15.02-notification-timing-optimization.md[0m for pattern: [38;5;141mdeletion[0m
↱ Operation 3: Searching: [38;5;141m/tmp/ralph-worktrees/iter-1102/chapter15.02-notification-timing-optimization.md[0m for pattern: [38;5;141mttl[0m
[38;5;10m ✓ [0mFound 1 matches for pattern 'VPC' in /tmp/ralph-worktrees/iter-1102/chapter15.02-notification-timing-optimization.md

[38;5;10m ✓ [0mFound 0 matches for pattern 'deletion' in /tmp/ralph-worktrees/iter-1102/chapter15.02-notification-timing-optimization.md

[38;5;10m ✓ [0mFound 1 matches for pattern 'TTL' in /tmp/ralph-worktrees/iter-1102/chapter15.02-notification-timing-optimization.md

 ⋮ 

[38;5;244m- [0mSummary: 3 operations processed, 3 successful, 0 failed
[38;5;244m - Completed in 0.1s[0m

[38;5;141m> [0mNow I have enough information to make my assessment. Let me verify the header hierarchy and code block language tags:[0m[0m
Searching: [38;5;141m/tmp/ralph-worktrees/iter-1102/chapter15.02-notification-timing-optimization.md[0m for pattern: [38;5;141m^```[0m[38;5;244m (using tool: read)[0m
[38;5;10m ✓ [0mFound 0 matches for pattern '^```' in /tmp/ralph-worktrees/iter-1102/chapter15.02-notification-timing-optimization.md
[38;5;244m - Completed in 0.0s[0m

Searching for: [38;5;141m^```[0m in [38;5;141m/tmp/ralph-worktrees/iter-1102/chapter15.02-notification-timing-optimization.md[0m[38;5;244m (using tool: grep)[0m
[38;5;10m ✓ [0mSuccessfully found [38;5;244m18 matches[0m in [38;5;244m1 files[0m under /tmp/ralph-worktrees/iter-1102/chapter15.02-notification-timing-optimization.md (result is truncated)
[38;5;244m - Completed in 0.0s[0m

Searching for: [38;5;141m^```$[0m in [38;5;141m/tmp/ralph-worktrees/iter-1102/chapter15.02-notification-timing-optimization.md[0m[38;5;244m (using tool: grep)[0m
[38;5;10m ✓ [0mSuccessfully found [38;5;244m16 matches[0m in [38;5;244m1 files[0m under /tmp/ralph-worktrees/iter-1102/chapter15.02-notification-timing-optimization.md (result is truncated)
[38;5;244m - Completed in 0.0s[0m

[38;5;141m> [0mThere are code blocks that open with just [38;5;10m [0m[38;5;10m[0m Searching for: [38;5;141m^```\w[0m in [38;5;141m/tmp/ralph-worktrees/iter-1102/chapter15.02-notification-timing-optimization.md[0m[38;5;244m (using tool: grep)[0m
[38;5;10m ✓ [0mSuccessfully found [38;5;244m2 matches[0m in [38;5;244m1 files[0m under /tmp/ralph-worktrees/iter-1102/chapter15.02-notification-timing-optimization.md
[38;5;244m - Completed in 0.15s[0m

[38;5;141m> [0mSo there are 18 code fence openings total, but only 2 have language tags ([38;5;10mmermaid[0m and [38;5;10mjson[0m). The remaining code blocks (which contain pseudocode and the architecture diagram text) lack language tags. Let me verify what those untagged blocks contain:[0m[0m
Reading file: [38;5;141m/tmp/ralph-worktrees/iter-1102/chapter15.02-notification-timing-optimization.md[0m, from line [38;5;141m126[0m to [38;5;141m135[0m[38;5;244m (using tool: read)[0m
[38;5;10m ✓ [0mSuccessfully read [38;5;244m665 bytes[0m from /tmp/ralph-worktrees/iter-1102/chapter15.02-notification-timing-optimization.md
[38;5;244m - Completed in 0.0s[0m

[38;5;141m> [0mBased on my thorough review, I can now render my verdict. The key issues are:[0m[0m
[0m[0m
1. [1mCode blocks without language tags[22m: The ASCII architecture diagram (line 128) and all pseudocode blocks (Steps 1-6) use bare [38;5;10m [0m[38;5;10m[0m [38;5;10m without language tags. The pass condition explicitly requires "all code blocks have language tags."

2. **HIGH findings from expert review not incorporated or flagged as TODO**:
   - **SEC-1 (HIGH)**: PHI behavioral profile access controls, retention policy (90-180d TTL), deletion endpoint. The recipe only has a vague "TTL on engagement history entries keeps the table from growing unbounded" with no specific duration, no access control discussion, no deletion capability. Not addressed, not flagged as TODO.
   - **ARCH-1 (HIGH)**: No offline policy evaluation methodology added. The recipe mentions doubly-robust estimation in passing (line 102) but doesn't add the subsection the review demanded (OPE estimators, deployment gates, coverage limitations). Not addressed, not flagged as TODO.
   - **ARCH-2 (HIGH)**: EventBridge Scheduler silent failure mode (past-time schedules, message loss between SQS dequeue and schedule creation). The [0mschedule_delivery[38;5;10m pseudocode doesn't defer SQS deletion until schedule confirmation, doesn't validate time is in the future, doesn't mention DLQ. Not addressed, not flagged as TODO.
   - **NET-1 (HIGH)**: VPC endpoint list still only shows "DynamoDB, SQS, Kinesis, and Personalize" (line 197). Missing EventBridge Scheduler, Pinpoint, KMS, and CloudWatch Logs. Not addressed, not flagged as TODO.

[0m[?25l[?25l[?25l[0m[0m[?25l[0m[?25l[?25l[?25l[0m[0m[?25l[0m[?25l[0m[0m[?25l[0m[?25l[0m[0m[?25l[0m[?25l[0m[0m[?25l[0m[?25l[0m[0m[?25l[0m[?25l[0m[0m[?25l[0m[?25l[0m[0m[?25l[0m[?25l[0m[0m[?25l[0m[?25l[0m[0m[?25l[0m[?25l[0m[0m[?25l[0m[?25l[0m[0m[?25l[0m[?25l[0m[0m[?25l[0m[?25l[0m[0m[?25l[0m[?25l[0m[0m[?25l[0m[?25l[0m[0m[?25l[0m[?25l[0m[0m[?25l[0m[?25l[0m[0m[?25l[0m[?25l[0m[0m[?25l[0m[0m[0m
[38;5;8m
 ▸ Credits: 15.94 • Time: 1m 42s

[0m[1G[0m[0m[?25h{"verdict": "fail", "rationale": "Two blocking issues: (1) Multiple code blocks lack language tags (pseudocode blocks at Steps 1-6 and the ASCII architecture diagram use bare [0m[38;5;10m[0m without a language identifier). (2) All four HIGH findings from the expert review (SEC-1: PHI behavioral profile access controls/retention/deletion; ARCH-1: offline policy evaluation methodology; ARCH-2: EventBridge Scheduler silent failure mode and SQS message loss; NET-1: incomplete VPC endpoint list missing Scheduler, Pinpoint, KMS, CloudWatch Logs) are neither incorporated into the recipe text nor flagged with TODO markers for the TechWriter."}