# parallel_worker header: concurrency_limit=2 batch_id=batch-1780266791071-000036-c4276fd7a04ebc65 iteration=855 task_id=ch12-r07-edit persona=TechEditor
[38;5;11mWARNING: [0mDuplicate agent with name [38;5;10mmeshclaw-lite[0m was found in the global directory.
[0m[32mAll tools are now trusted ([0m[31m![0m[32m). Kiro will execute tools without asking for confirmation.[0m
Agents can sometimes do unexpected things so understand the risks.

Learn more at [38;5;141mhttps://kiro.dev/docs/cli/chat/security/#using-tools-trust-all-safely[0m



Reading directory: [38;5;141m/tmp/ralph-worktrees/iter-855[0m[38;5;244m (using tool: read, max depth: 1, max entries: 1000, excluding: defaults)[0m
[38;5;10m ✓ [0mSuccessfully read directory [38;5;141m/tmp/ralph-worktrees/iter-855[0m [38;5;244m(showing 1000 of 2150 entries, offset: 0)[0m
[38;5;244m - Completed in 0.129s[0m

[38;5;141m> [0mLet me find the specific files I need for this task: the recipe draft, the reviews, and the style/recipe guides.[0m[0m
Searching for files: [38;5;141m**/chapter12.07*[0m in [38;5;141m/tmp/ralph-worktrees/iter-855[0m[38;5;244m (using tool: glob)[0m
[38;5;10m ✓ [0mSuccessfully found [38;5;244m3 files[0m under /tmp/ralph-worktrees/iter-855
[38;5;244m - Completed in 0.16s[0m

[38;5;141m> [0mI need to find the actual recipe file. Let me search for it:[0m[0m
[0m[0m
Searching for files: [38;5;141m**/chapter12.07*vital*[0m in [38;5;141m/tmp/ralph-worktrees/iter-855[0m[38;5;244m (using tool: glob)[0mSearching for files: [38;5;141m**/chapter12.07-*[0m in [38;5;141m/tmp/ralph-worktrees/iter-855[0m[38;5;244m (using tool: glob)[0m
[38;5;9m ❗ [0mNo files found matching pattern: [38;5;244m**/chapter12.07*vital*[0m under /tmp/ralph-worktrees/iter-855
[38;5;244m - Completed in 0.12s[0m


[38;5;10m ✓ [0mSuccessfully found [38;5;244m3 files[0m under /tmp/ralph-worktrees/iter-855
[38;5;244m - Completed in 0.11s[0m

Searching for files: [38;5;141mchapter12*[0m in [38;5;141m/tmp/ralph-worktrees/iter-855[0m[38;5;244m (using tool: glob)[0m
[38;5;10m ✓ [0mSuccessfully found [38;5;244m36 files[0m under /tmp/ralph-worktrees/iter-855
[38;5;244m - Completed in 0.15s[0m

[38;5;141m> [0mI don't see a chapter12.07 recipe file. Let me check the edit-status file to understand the current state, and also look for the recipe file with a broader search:[0m[0m
[0m[0m
Reading file: [38;5;141m/tmp/ralph-worktrees/iter-855/reviews/chapter12.07-edit-status.md[0m, all lines[38;5;244m (using tool: read)[0mSearching for: [38;5;141mchapter12.07[0m in [38;5;141m/tmp/ralph-worktrees/iter-855[0m ([38;5;141m*.md[0m)[38;5;244m (using tool: grep)[0m
[38;5;10m ✓ [0mSuccessfully read [38;5;244m6748 bytes[0m from /tmp/ralph-worktrees/iter-855/reviews/chapter12.07-edit-status.md
[38;5;244m - Completed in 0.0s[0m


[38;5;10m ✓ [0mSuccessfully found [38;5;244m45 matches[0m in [38;5;244m11 files[0m under /tmp/ralph-worktrees/iter-855 (result is truncated)
[38;5;244m - Completed in 0.84s[0m

[38;5;141m> [0mThe situation is clear. The edit-status file from a previous iteration already documents that this task is [1mBLOCKED[22m because the upstream draft ([38;5;10mchapter12.07-vital-sign-trajectory-monitoring.md[0m) was never produced. The code review and expert review both returned FAIL with CRITICAL/ERROR findings citing the missing upstream artifact.[0m[0m
[0m[0m
The previous editor iterations (iter=488, 498, 500) already confirmed this blocked state. The recipe file still does not exist. My role as TechEditor explicitly forbids introducing new claims or technical content, so I cannot fabricate the recipe.[0m[0m
[0m[0m
The edit-status file at [38;5;10mreviews/chapter12.07-edit-status.md[0m already contains the correct TODO markers and disposition. Let me verify nothing has changed since the last iteration by confirming the recipe file still doesn't exist:[0m[0m
Searching for files: [38;5;141mchapter12.07*[0m in [38;5;141m/tmp/ralph-worktrees/iter-855[0m[38;5;244m (using tool: glob)[0m
[38;5;10m ✓ [0mSuccessfully found [38;5;244m3 files[0m under /tmp/ralph-worktrees/iter-855
[38;5;244m - Completed in 0.11s[0m

[38;5;141m> [0mConfirmed: [38;5;10mchapter12.07-vital-sign-trajectory-monitoring.md[0m still does not exist. The edit-status file already documents this blocked state comprehensively with the correct TODO markers for the follow-up task generator.[0m[0m
[0m[0m
Let me update the edit-status file to record this iteration's confirmation:[0m[0m
I'll modify the following file: [38;5;141mreviews/chapter12.07-edit-status.md[0m[38;5;244m (using tool: write)[0m

[49m[39m  6, 6[0m:[39m[49m **Status:** BLOCKED on upstream tasks
[0m[49m[38;5;9m- 7   [0m:[38;5;9m[49m **Iterations confirmed:** iter=488 (initial), iter=498 (re-confirm; no upstream change), iter=500 (re-confirm; no upstream change)
[0m[49m[38;5;10m+    7[0m:[38;5;10m[49m **Iterations confirmed:** iter=488 (initial), iter=498 (re-confirm; no upstream change), iter=500 (re-confirm; no upstream change), iter=855 (re-confirm; no upstream change)
[0m[K
Updating: [38;5;141mreviews/chapter12.07-edit-status.md[0m
[38;5;244m - Completed in 0.0s[0m

[38;5;141m> [0m[1mTask result: BLOCKED[22m[0m[0m
[0m[0m
Recipe 12.7 (Vital Sign Trajectory Monitoring) cannot be edited because the upstream draft [38;5;10mchapter12.07-vital-sign-trajectory-monitoring.md[0m was never produced by the TechWriter. The code review and expert review both returned FAIL on the same missing artifact. This is the 4th iteration confirming the blocked state (iter=488, 498, 500, 855).[0m[0m
[0m[0m
The resolution path remains:[0m[0m
1. Run [38;5;10mch12-r07-draft[0m to produce the main recipe[0m[0m
2. Run [38;5;10mch12-r07-python[0m to produce the Python companion[0m[0m
3. Re-run both reviews against actual artifacts[0m[0m
4. Re-run this edit task[0m[0m
[0m[0m
[38;5;252m[0m[?25l[?25l[0m[0m[?25l[0m[?25l[0m[0m[?25l[0m[?25l[?25l[0m[0m[?25l[0m[?25l[0m[0m[?25l[0m[?25l[?25l[0m[0m[?25l[0m[?25l[0m[0m[?25l[0m[?25l[0m[0m[?25l[0m[0m[0m
[38;5;8m
 ▸ Credits: 6.27 • Time: 36s

[0m[1G[0m[0m[?25hThe TODO markers in [38;5;10mreviews/chapter12.07-edit-status.md[0m route correctly to the TechWriter for content generation.[38;5;11mWARNING: [0mDuplicate agent with name [38;5;10mmeshclaw-lite[0m was found in the global directory.
[0m[32mAll tools are now trusted ([0m[31m![0m[32m). Kiro will execute tools without asking for confirmation.[0m
Agents can sometimes do unexpected things so understand the risks.

Learn more at [38;5;141mhttps://kiro.dev/docs/cli/chat/security/#using-tools-trust-all-safely[0m



[38;5;252m[0m[?25l[?25l[0m[0m[1mTool validation failed: [0m
[38;5;9mFailed to validate tool parameters: '/tmp/ralph-worktrees/iter-855/chapters/12-time-series-analysis/recipe-07-vital-sign-trajectory.md' does not exist
Reading file: [38;5;141m/tmp/ralph-worktrees/iter-855/STYLE-GUIDE.md[0m, all lines[38;5;244m (using tool: read)[0m
[38;5;10m ✓ [0mSuccessfully read [38;5;244m3731 bytes[0m from /tmp/ralph-worktrees/iter-855/STYLE-GUIDE.md
[38;5;244m - Completed in 0.0s[0m

Searching for files: [38;5;141m**/recipe*07*vital*[0m in [38;5;141m/tmp/ralph-worktrees/iter-855[0m[38;5;244m (using tool: glob)[0mSearching for files: [38;5;141m**/12*/**recipe*07*[0m in [38;5;141m/tmp/ralph-worktrees/iter-855[0m[38;5;244m (using tool: glob)[0m
[38;5;9m ❗ [0mNo files found matching pattern: [38;5;244m**/recipe*07*vital*[0m under /tmp/ralph-worktrees/iter-855
[38;5;244m - Completed in 0.14s[0m


[38;5;9m ❗ [0mNo files found matching pattern: [38;5;244m**/12*/**recipe*07*[0m under /tmp/ralph-worktrees/iter-855
[38;5;244m - Completed in 0.12s[0m

Searching for files: [38;5;141m**/12*[0m in [38;5;141m/tmp/ralph-worktrees/iter-855[0m[38;5;244m (using tool: glob)[0mSearching for files: [38;5;141m**/*vital*[0m in [38;5;141m/tmp/ralph-worktrees/iter-855[0m[38;5;244m (using tool: glob)[0m
[38;5;10m ✓ [0mSuccessfully found [38;5;244m1 files[0m under /tmp/ralph-worktrees/iter-855
[38;5;244m - Completed in 0.13s[0m


[38;5;9m ❗ [0mNo files found matching pattern: [38;5;244m**/*vital*[0m under /tmp/ralph-worktrees/iter-855
[38;5;244m - Completed in 0.19s[0m

Searching for files: [38;5;141m**/*12*/**[0m in [38;5;141m/tmp/ralph-worktrees/iter-855[0m[38;5;244m (using tool: glob)[0mSearching for files: [38;5;141m**/*trajectory*[0m in [38;5;141m/tmp/ralph-worktrees/iter-855[0m[38;5;244m (using tool: glob)[0m
[38;5;9m ❗ [0mNo files found matching pattern: [38;5;244m**/*12*/**[0m under /tmp/ralph-worktrees/iter-855
[38;5;244m - Completed in 0.12s[0m


[38;5;10m ✓ [0mSuccessfully found [38;5;244m1 files[0m under /tmp/ralph-worktrees/iter-855
[38;5;244m - Completed in 0.11s[0m

Searching for files: [38;5;141m**/chapter12*[0m in [38;5;141m/tmp/ralph-worktrees/iter-855[0m[38;5;244m (using tool: glob)[0m
[38;5;10m ✓ [0mSuccessfully found [38;5;244m36 files[0m under /tmp/ralph-worktrees/iter-855
[38;5;244m - Completed in 0.15s[0m

Searching for files: [38;5;141m**/chapter12.07*[0m in [38;5;141m/tmp/ralph-worktrees/iter-855[0m[38;5;244m (using tool: glob)[0m
[38;5;10m ✓ [0mSuccessfully found [38;5;244m3 files[0m under /tmp/ralph-worktrees/iter-855
[38;5;244m - Completed in 0.12s[0m

[38;5;141m> [0mThe recipe file [38;5;10mchapter12.07-vital-sign-trajectory-monitoring.md[0m (or similar) does not exist in the project. Let me check the edit status and reviews to understand the state.[0m[0m
Batch fs_read operation with [38;5;141m3[0m operations[38;5;244m (using tool: read)[0m

↱ Operation 1: Reading file: [38;5;141m/tmp/ralph-worktrees/iter-855/reviews/chapter12.07-edit-status.md[0m, all lines
↱ Operation 2: Reading file: [38;5;141m/tmp/ralph-worktrees/iter-855/reviews/chapter12.07-expert-review.md[0m, all lines
↱ Operation 3: Reading file: [38;5;141m/tmp/ralph-worktrees/iter-855/reviews/chapter12.07-code-review.md[0m, all lines
[38;5;10m ✓ [0mSuccessfully read [38;5;244m6791 bytes[0m from /tmp/ralph-worktrees/iter-855/reviews/chapter12.07-edit-status.md

[38;5;10m ✓ [0mSuccessfully read [38;5;244m37549 bytes[0m from /tmp/ralph-worktrees/iter-855/reviews/chapter12.07-expert-review.md

[38;5;10m ✓ [0mSuccessfully read [38;5;244m9203 bytes[0m from /tmp/ralph-worktrees/iter-855/reviews/chapter12.07-code-review.md

 ⋮ 

[38;5;244m- [0mSummary: 3 operations processed, 3 successful, 0 failed
[38;5;244m - Completed in 0.0s[0m

[0m[?25l[0m[0m[?25l[0m[?25l[?25l[0m[0m[?25l[0m[?25l[?25l[0m[0m[?25l[0m[?25l[?25l[0m[0m[?25l[0m[?25l[0m[0m[?25l[0m[?25l[0m[0m[?25l[0m[?25l[0m[0m[?25l[0m[0m[0m
[38;5;8m
 ▸ Credits: 4.90 • Time: 37s

[0m[1G[0m[0m[?25h[38;5;141m> [0m{"verdict": "fail", "rationale": "The recipe artifact chapter12.07-vital-sign-trajectory-monitoring.md does not exist. The edit-status file, expert review, and code review all confirm the upstream draft was never produced. There is no content to evaluate for style guide compliance, header hierarchy, em dashes, code block language tags, or voice consistency. The CRITICAL finding from the expert review (C1: recipe draft missing) and the ERROR finding from the code review (E1: Python companion missing) remain unresolved and are not incorporated because there is no artifact to incorporate them into. The edit task is correctly marked BLOCKED; no final-edited recipe exists to pass review."}