# parallel_worker header: concurrency_limit=2 batch_id=batch-1780296314021-000136-b46d4b257db82e5c iteration=1055 task_id=ch14-r06-expert-review persona=TechExpertReviewer
[38;5;11mWARNING: [0mDuplicate agent with name [38;5;10mmeshclaw-lite[0m was found in the global directory.
[0m[32mAll tools are now trusted ([0m[31m![0m[32m). Kiro will execute tools without asking for confirmation.[0m
Agents can sometimes do unexpected things so understand the risks.

Learn more at [38;5;141mhttps://kiro.dev/docs/cli/chat/security/#using-tools-trust-all-safely[0m



Batch fs_read operation with [38;5;141m3[0m operations[38;5;244m (using tool: read)[0m

↱ Operation 1: Reading file: [38;5;141m/tmp/ralph-worktrees/iter-1055/chapter14.06-patient-flow-bed-assignment.md[0m, all lines
↱ Operation 2: Reading file: [38;5;141m/tmp/ralph-worktrees/iter-1055/STYLE-GUIDE.md[0m, all lines
↱ Operation 3: Reading file: [38;5;141m/tmp/ralph-worktrees/iter-1055/RECIPE-GUIDE.md[0m, all lines
[38;5;10m ✓ [0mSuccessfully read [38;5;244m41626 bytes[0m from /tmp/ralph-worktrees/iter-1055/chapter14.06-patient-flow-bed-assignment.md

[38;5;10m ✓ [0mSuccessfully read [38;5;244m3731 bytes[0m from /tmp/ralph-worktrees/iter-1055/STYLE-GUIDE.md

[38;5;10m ✓ [0mSuccessfully read [38;5;244m9026 bytes[0m from /tmp/ralph-worktrees/iter-1055/RECIPE-GUIDE.md

 ⋮ 

[38;5;244m- [0mSummary: 3 operations processed, 3 successful, 0 failed
[38;5;244m - Completed in 0.1s[0m

[38;5;141m> [0mNow let me check for an example review to understand the expected format:[0m[0m
Searching for files: [38;5;141mreviews/chapter*-expert-review.md[0m[38;5;244m (using tool: glob)[0m
[38;5;10m ✓ [0mSuccessfully found [38;5;244m121 files[0m under current directory
[38;5;244m - Completed in 0.16s[0m

Reading file: [38;5;141m/tmp/ralph-worktrees/iter-1055/reviews/chapter14.04-expert-review.md[0m, all lines[38;5;244m (using tool: read)[0m
[38;5;10m ✓ [0mSuccessfully read [38;5;244m24221 bytes[0m from /tmp/ralph-worktrees/iter-1055/reviews/chapter14.04-expert-review.md
[38;5;244m - Completed in 0.0s[0m

[38;5;141m> [0mNow I have a thorough understanding of the recipe content, the style guide, the recipe guide, and the expected review format. Let me perform the expert review.[0m[0m
I'll create the following file: [38;5;141m/tmp/ralph-worktrees/iter-1055/reviews/chapter14.06-expert-review.md[0m[38;5;244m (using tool: write)[0m

[49m[38;5;10m+      1[0m:[38;5;10m[49m # Expert Review: Recipe 14.6 - Patient Flow and Bed Assignment
[0m[49m[38;5;10m+      2[0m:[38;5;10m[49m 
[0m[49m[38;5;10m+      3[0m:[38;5;10m[49m **Reviewed by:** Technical Expert Panel (Security, Architecture, Networking, Voice)
[0m[49m[38;5;10m+      4[0m:[38;5;10m[49m **Date:** 2026-06-01
[0m[49m[38;5;10m+      5[0m:[38;5;10m[49m **Recipe file:** `chapter14.06-patient-flow-bed-assignment.md`
[0m[49m[38;5;10m+      6[0m:[38;5;10m[49m 
[0m[49m[38;5;10m+      7[0m:[38;5;10m[49m ---
[0m[49m[38;5;10m+      8[0m:[38;5;10m[49m 
[0m[49m[38;5;10m+      9[0m:[38;5;10m[49m ## Overall Assessment
[0m[49m[38;5;10m+     10[0m:[38;5;10m[49m 
[0m[49m[38;5;10m+     11[0m:[38;5;10m[49m This is an outstanding recipe. The problem framing is one of the best in the book: the opening scenario (14 ED boarders, pending discharges, skill-mix mismatches, a direct admission arriving in 45 minutes) is viscerally real and immediately communicates why this problem is hard. The technology section is genuinely educational, covering the assignment problem formulation, constraint hierarchies, multi-objective optimization, solver selection for real-time problems, and the critical state estimation challenge. A reader on any cloud walks away understanding bed assignment optimization at a deep level.
[0m[49m[38;5;10m+     12[0m:[38;5;10m[49m 
[0m[49m[38;5;10m+     13[0m:[38;5;10m[49m The architecture is well-decomposed (five logical layers), the AWS implementation choices are justified, and the pseudocode is clear and well-commented. The "Honest Take" section delivers hard-won operational wisdom (data is 80% of the work, staff trust takes 6-12 months, cleaning time is the hidden bottleneck) that you won't find in vendor marketing materials.
[0m[49m[38;5;10m+     14[0m:[38;5;10m[49m 
[0m[49m[38;5;10m+     15[0m:[38;5;10m[49m The recipe correctly identifies that this is a dynamic, continuously re-solved problem (not a batch optimization), and the hybrid event-triggered-with-debouncing approach is the right architectural choice. The constraint formulation distinguishes hard safety constraints from operational constraints from soft preferences, which is exactly how real bed management works.
[0m[49m[38;5;10m+     16[0m:[38;5;10m[49m 
[0m[49m[38;5;10m+     17[0m:[38;5;10m[49m Issues found are primarily around security gaps in the real-time data handling (patient identifiers in WebSocket payloads, override audit completeness), one architectural concern around Redis as a single point of failure for the debounce/working-state layer, and minor completeness items. Nothing rises to CRITICAL.
[0m[49m[38;5;10m+     18[0m:[38;5;10m[49m 
[0m[49m[38;5;10m+     19[0m:[38;5;10m[49m **Verdict: PASS**
[0m[49m[38;5;10m+     20[0m:[38;5;10m[49m 
[0m[49m[38;5;10m+     21[0m:[38;5;10m[49m ---
[0m[49m[38;5;10m+     22[0m:[38;5;10m[49m 
[0m[49m[38;5;10m+     23[0m:[38;5;10m[49m ## Stage 1: Independent Expert Reviews
[0m[49m[38;5;10m+     24[0m:[38;5;10m[49m 
[0m[49m[38;5;10m+     25[0m:[38;5;10m[49m ---
[0m[49m[38;5;10m+     26[0m:[38;5;10m[49m 
[0m[49m[38;5;10m+     27[0m:[38;5;10m[49m ### Security Expert Review
[0m[49m[38;5;10m+     28[0m:[38;5;10m[49m 
[0m[49m[38;5;10m+     29[0m:[38;5;10m[49m #### What's Done Well
[0m[49m[38;5;10m+     30[0m:[38;5;10m[49m 
[0m[49m[38;5;10m+     31[0m:[38;5;10m[49m BAA requirement is correctly identified with a clear rationale: bed assignments reference patient identifiers, diagnoses, and isolation status. Encryption at rest (DynamoDB encryption, SSE-KMS) and in transit (TLS everywhere) are specified. CloudTrail is required for all assignment decisions and overrides. The "never use real PHI in dev" warning is present in the prerequisites. VPC is required for ElastiCache and EHR connectivity. The sample output uses a realistic but clearly synthetic patient identifier format.
[0m[49m[38;5;10m+     32[0m:[38;5;10m[49m 
[0m[49m[38;5;10m+     33[0m:[38;5;10m[49m #### Issue S1: WebSocket Payloads Contain PHI Without Content Minimization Guidance (HIGH)
[0m[49m[38;5;10m+     34[0m:[38;5;10m[49m 
[0m[49m[38;5;10m+     35[0m:[38;5;10m[49m **Location:** Step 5 pseudocode, `publish_recommendations` function; Expected Results sample JSON
[0m[49m[38;5;10m+     36[0m:[38;5;10m[49m 
[0m[49m[38;5;10m+     37[0m:[38;5;10m[49m **The problem:** The recommendation payload pushed via WebSocket includes `patient_name: "J. Martinez"`, `acuity: "STEP_DOWN"`, `isolation: "NONE"`, and clinical reasoning strings like "Nurse with cardiac drip certification available on shift" (which implies the patient needs a cardiac drip). This is PHI being pushed over a WebSocket connection to a browser-based dashboard.
[0m[49m[38;5;10m+     38[0m:[38;5;10m[49m 
[0m[49m[38;5;10m+     39[0m:[38;5;10m[49m While API Gateway WebSocket uses TLS in transit, the payload persists in browser memory, browser developer tools, and potentially browser local storage or session logs. The sample JSON shows more clinical detail than a bed coordinator needs to make an assignment decision. The reasoning array includes clinical information ("cardiac drip certification") that reveals the patient's treatment plan.
[0m[49m[38;5;10m+     40[0m:[38;5;10m[49m 
[0m[49m[38;5;10m+     41[0m:[38;5;10m[49m **Suggested fix:** Add guidance on PHI minimization in WebSocket payloads. The recommendation push should include: patient MRN (not name), bed assignment, confidence score, and a reasoning summary that references constraint categories ("clinical match: equipment requirement satisfied") rather than specific clinical details ("cardiac drip certification available"). Full clinical reasoning should be available on-demand via the REST API (authenticated, audited) when the coordinator clicks into a specific recommendation, not pushed proactively to all connected sessions.
[0m[49m[38;5;10m+     42[0m:[38;5;10m[49m 
[0m[49m[38;5;10m+     43[0m:[38;5;10m[49m #### Issue S2: Override Reason Free-Text Field Creates Unstructured PHI Risk (MEDIUM)
[0m[49m[38;5;10m+     44[0m:[38;5;10m[49m 
[0m[49m[38;5;10m+     45[0m:[38;5;10m[49m **Location:** Step 5 pseudocode, `handle_coordinator_response` function, `override_reason` parameter
[0m[49m[38;5;10m+     46[0m:[38;5;10m[49m 
[0m[49m[38;5;10m+     47[0m:[38;5;10m[49m **The problem:** When a coordinator overrides a recommendation, they provide a free-text `override_reason`. In practice, coordinators will write things like "Patient has history of violence, can't be near room 312" or "Family requested private room due to end-of-life care" or "Patient is a VIP (hospital board member)." This free-text field becomes an unstructured PHI repository that's harder to govern, audit, and redact than structured data.
[0m[49m[38;5;10m+     48[0m:[38;5;10m[49m 
[0m[49m[38;5;10m+     49[0m:[38;5;10m[49m The recipe stores this in DynamoDB and queues it for model review (`queue_for_model_review`). If this data is used for ML training or analytics, the PHI in override reasons needs to be identified and handled appropriately.
[0m[49m[38;5;10m+     50[0m:[38;5;10m[49m 
[0m[49m[38;5;10m+     51[0m:[38;5;10m[49m **Suggested fix:** Add a note recommending structured override reason codes (e.g., "SAFETY_CONCERN", "PATIENT_REQUEST", "EQUIPMENT_ISSUE", "STAFFING_CONSTRAINT", "OTHER") with an optional free-text field that is flagged as PHI-containing and subject to access controls and retention policies distinct from the structured assignment data. The model review pipeline should not ingest raw free-text override reasons without PHI scrubbing.
[0m[49m[38;5;10m+     52[0m:[38;5;10m[49m 
[0m[49m[38;5;10m+     53[0m:[38;5;10m[49m #### Issue S3: No Session Management or Authorization Model for WebSocket Connections (MEDIUM)
[0m[49m[38;5;10m+     54[0m:[38;5;10m[49m 
[0m[49m[38;5;10m+     55[0m:[38;5;10m[49m **Location:** Architecture section, "API Gateway + WebSocket API for the staff interface"
[0m[49m[38;5;10m+     56[0m:[38;5;10m[49m 
[0m[49m[38;5;10m+     57[0m:[38;5;10m[49m **The problem:** The recipe specifies WebSocket for real-time push to bed coordinators but doesn't address authentication, authorization, or session management. Questions unanswered: How are WebSocket connections authenticated? (API Gateway supports Lambda authorizers for WebSocket `$connect`.) Who can see which recommendations? (A charge nurse on 4-West should see only 4-West assignments, not the entire hospital.) How are stale connections handled? (A coordinator who walks away from their screen still has an open WebSocket receiving PHI.)
[0m[49m[38;5;10m+     58[0m:[38;5;10m[49m 
[0m[49m[38;5;10m+     59[0m:[38;5;10m[49m **Suggested fix:** Add a brief note in the architecture or prerequisites: WebSocket connections should use a Lambda authorizer on `$connect` that validates the user's session token and unit-level authorization. Implement connection TTLs (disconnect after 30 minutes of inactivity) and require re-authentication. Filter recommendation pushes by the coordinator's authorized units. This prevents a compromised or abandoned session from accumulating PHI.
[0m[49m[38;5;10m+     60[0m:[38;5;10m[49m 
[0m[49m[38;5;10m+     61[0m:[38;5;10m[49m #### Issue S4: Sample Output Includes Patient Name (LOW)
[0m[49m[38;5;10m+     62[0m:[38;5;10m[49m 
[0m[49m[38;5;10m+     63[0m:[38;5;10m[49m **Location:** Expected Results, sample JSON, `patient_name: "J. Martinez"`
[0m[49m[38;5;10m+     64[0m:[38;5;10m[49m 
[0m[49m[38;5;10m+     65[0m:[38;5;10m[49m **The problem:** The sample output includes a patient name field. While this is synthetic data in the recipe, it normalizes the pattern of including patient names in API responses. In production, bed management systems should use MRN or encounter ID as the identifier, with name resolution happening at the UI layer from a separate identity service. Including names in the optimization output means the optimization service has access to the patient identity service, which broadens its attack surface.
[0m[49m[38;5;10m+     66[0m:[38;5;10m[49m 
[0m[49m[38;5;10m+     67[0m:[38;5;10m[49m **Suggested fix:** Remove `patient_name` from the sample JSON or replace with a note: "// Name resolved at UI layer from MRN lookup." This models the principle of minimum necessary identifiers in service-to-service communication.
[0m[49m[38;5;10m+     68[0m:[38;5;10m[49m 
[0m[49m[38;5;10m+     69[0m:[38;5;10m[49m ---
[0m[49m[38;5;10m+     70[0m:[38;5;10m[49m 
[0m[49m[38;5;10m+     71[0m:[38;5;10m[49m ### Architecture Expert Review
[0m[49m[38;5;10m+     72[0m:[38;5;10m[49m 
[0m[49m[38;5;10m+     73[0m:[38;5;10m[49m #### What's Done Well
[0m[49m[38;5;10m+     74[0m:[38;5;10m[49m 
[0m[49m[38;5;10m+     75[0m:[38;5;10m[49m The five-layer architecture (State Ingestion, State Model, Optimization Engine, Recommendation Service, Staff Interface) is clean and well-decomposed. The hybrid event-triggered-with-debouncing approach is the correct choice for this problem class. The solver selection discussion (MIP vs. CP vs. greedy heuristics vs. hybrid) is excellent and correctly identifies CP as particularly well-suited for the heterogeneous constraint structure. The performance benchmarks (1-3 seconds for 400-bed hospital) are realistic for OR-Tools CP-SAT.
[0m[49m[38;5;10m+     76[0m:[38;5;10m[49m 
[0m[49m[38;5;10m+     77[0m:[38;5;10m[49m The state estimation discussion ("the current state of the hospital is surprisingly hard to know accurately") is one of the recipe's strongest sections and reflects genuine operational experience. The distinction between "soft availability" and actual availability is a real insight that most vendor presentations skip.
[0m[49m[38;5;10m+     78[0m:[38;5;10m[49m 
[0m[49m[38;5;10m+     79[0m:[38;5;10m[49m #### Issue A1: ElastiCache Redis as Single Point of Failure for Debounce and Working State (HIGH)
[0m[49m[38;5;10m+     80[0m:[38;5;10m[49m 
[0m[49m[38;5;10m+     81[0m:[38;5;10m[49m **Location:** Architecture section, ElastiCache role; Architecture diagram
[0m[49m[38;5;10m+     82[0m:[38;5;10m[49m 
[0m[49m[38;5;10m+     83[0m:[38;5;10m[49m **The problem:** Redis holds the debounce timers and in-flight recommendation state. If Redis becomes unavailable (node failure, failover, network partition), the system loses: (1) the ability to debounce state changes (every ADT event triggers a full optimization run, potentially overwhelming the solver), (2) knowledge of which recommendations are pending acceptance (coordinators see stale or duplicate recommendations), and (3) the working state that prevents re-recommending beds that are already in-flight.
[0m[49m[38;5;10m+     84[0m:[38;5;10m[49m 
[0m[49m[38;5;10m+     85[0m:[38;5;10m[49m The recipe doesn't mention Redis cluster mode, Multi-AZ replication, or a fallback strategy. A single-node Redis failure during a busy period (when the system is most needed) would degrade the entire optimization pipeline.
[0m[49m[38;5;10m+     86[0m:[38;5;10m[49m 
[0m[49m[38;5;10m+     87[0m:[38;5;10m[49m **Suggested fix:** Add a note specifying ElastiCache Redis with Multi-AZ replication (automatic failover) as the minimum production configuration. Additionally, the optimization Lambda should handle Redis unavailability gracefully: if the debounce timer can't be read, fall back to the periodic EventBridge schedule (every 5 minutes). If in-flight state can't be read, the solver should treat all beds as potentially available and flag recommendations with lower confidence. This degrades gracefully rather than failing completely.
[0m[49m[38;5;10m+     88[0m:[38;5;10m[49m 
[0m[49m[38;5;10m+     89[0m:[38;5;10m[49m #### Issue A2: No Dead Letter Queue for Kinesis Processing Failures (MEDIUM)
[0m[49m[38;5;10m+     90[0m:[38;5;10m[49m 
[0m[49m[38;5;10m+     91[0m:[38;5;10m[49m **Location:** Architecture diagram; Step 1 pseudocode, event processing
[0m[49m[38;5;10m+     92[0m:[38;5;10m[49m 
[0m[49m[38;5;10m+     93[0m:[38;5;10m[49m **The problem:** The Kinesis-to-Lambda event processing path has no error handling for events that fail processing. If an ADT event is malformed, references a bed ID that doesn't exist in DynamoDB, or triggers a Lambda error, the event is retried (Kinesis default behavior) and eventually ages out of the stream. There's no DLQ or error destination configured.
[0m[49m[38;5;10m+     94[0m:[38;5;10m[49m 
[0m[49m[38;5;10m+     95[0m:[38;5;10m[49m In a hospital environment, a lost ADT event means the state model diverges from reality. A discharge event that fails processing means a bed shows as occupied when it's actually empty. This is a silent failure that degrades optimization quality without any alert.
[0m[49m[38;5;10m+     96[0m:[38;5;10m[49m 
[0m[49m[38;5;10m+     97[0m:[38;5;10m[49m **Suggested fix:** Add Lambda event source mapping with a failure destination (SQS DLQ or SNS topic). Add a CloudWatch alarm on the DLQ depth. In the pseudocode, add a try/catch around event processing that sends failed events to the DLQ with the error context. Add a note: "Monitor the DLQ. Any event in it means your state model is diverging from reality. Investigate immediately."
[0m[49m[38;5;10m+     98[0m:[38;5;10m[49m 
[0m[49m[38;5;10m+     99[0m:[38;5;10m[49m #### Issue A3: Recommendation Expiry Without Re-Optimization Creates Gaps (MEDIUM)
[0m[49m[38;5;10m+    100[0m:[38;5;10m[49m 
[0m[49m[38;5;10m+    101[0m:[38;5;10m[49m **Location:** Step 5 pseudocode, `expires_at = NOW() + minutes(15)`
[0m[49m[38;5;10m+    102[0m:[38;5;10m[49m 
[0m[49m[38;5;10m+    103[0m:[38;5;10m[49m **The problem:** Recommendations expire after 15 minutes. If a coordinator doesn't act within 15 minutes, the recommendation disappears. But the recipe doesn't specify what happens next. Does the patient remain in the pending queue? Does the next optimization run automatically generate a new recommendation? What if the bed that was recommended is no longer available (assigned to someone else, or went into cleaning)?
[0m[49m[38;5;10m+    104[0m:[38;5;10m[49m 
[0m[49m[38;5;10m+    105[0m:[38;5;10m[49m The gap between "recommendation expired" and "next optimization run" could leave patients without recommendations if the system is in periodic mode and the next run isn't for several minutes.
[0m[49m[38;5;10m+    106[0m:[38;5;10m[49m 
[0m[49m[38;5;10m+    107[0m:[38;5;10m[49m **Suggested fix:** Add a note: expired recommendations should trigger an immediate re-optimization for the affected patient (not a full hospital re-solve, just a single-patient assignment). Alternatively, the periodic optimization run should always include patients whose previous recommendations expired without action. The patient should never silently fall out of the pending queue because a recommendation timed out.
[0m[49m[38;5;10m+    108[0m:[38;5;10m[49m 
[0m[49m[38;5;10m+    109[0m:[38;5;10m[49m #### Issue A4: No Capacity Planning Guidance for Kinesis Shard Count (LOW)
[0m[49m[38;5;10m+    110[0m:[38;5;10m[49m 
[0m[49m[38;5;10m+    111[0m:[38;5;10m[49m **Location:** Prerequisites, "Amazon Kinesis Data Streams for real-time state ingestion"
[0m[49m[38;5;10m+    112[0m:[38;5;10m[49m 
[0m[49m[38;5;10m+    113[0m:[38;5;10m[49m **The problem:** The recipe says Kinesis handles "hundreds to low thousands per hour" of ADT events. A single Kinesis shard supports 1,000 records/second (1 MB/second) write and 2 MB/second read. For the stated volume, a single shard is sufficient. But the recipe doesn't mention shard count, and a reader might over-provision (wasting money) or under-provision for a large health system with multiple facilities feeding the same stream.
[0m[49m[38;5;10m+    114[0m:[38;5;10m[49m 
[0m[49m[38;5;10m+    115[0m:[38;5;10m[49m **Suggested fix:** Add a brief note: "A single Kinesis shard is sufficient for most single-hospital deployments (up to ~3,600 events/hour). Multi-campus systems or those integrating real-time bed sensor data may need 2-4 shards. Partition by facility ID to maintain per-facility ordering."
[0m[49m[38;5;10m+    116[0m:[38;5;10m[49m 
[0m[49m[38;5;10m+    117[0m:[38;5;10m[49m ---
[0m[49m[38;5;10m+    118[0m:[38;5;10m[49m 
[0m[49m[38;5;10m+    119[0m:[38;5;10m[49m ### Networking Expert Review
[0m[49m[38;5;10m+    120[0m:[38;5;10m[49m 
[0m[49m[38;5;10m+    121[0m:[38;5;10m[49m #### What's Done Well
[0m[49m[38;5;10m+    122[0m:[38;5;10m[49m 
[0m[49m[38;5;10m+    123[0m:[38;5;10m[49m The prerequisites correctly specify VPC as required, with the rationale that ElastiCache must be in VPC and EHR integration likely requires VPC connectivity (Direct Connect or VPN). The architecture keeps PHI-containing data flows within the VPC boundary. TLS is specified for all connections. The ElastiCache in-transit encryption requirement is explicitly called out.
[0m[49m[38;5;10m+    124[0m:[38;5;10m[49m 
[0m[49m[38;5;10m+    125[0m:[38;5;10m[49m #### Issue N1: VPC Endpoint List Is Incomplete (MEDIUM)
[0m[49m[38;5;10m+    126[0m:[38;5;10m[49m 
[0m[49m[38;5;10m+    127[0m:[38;5;10m[49m **Location:** Prerequisites table, VPC row
[0m[49m[38;5;10m+    128[0m:[38;5;10m[49m 
[0m[49m[38;5;10m+    129[0m:[38;5;10m[49m **The problem:** The prerequisites state "ElastiCache must be in VPC. Lambda functions accessing Redis need VPC configuration. EHR integration likely requires VPC connectivity." But no VPC endpoints are listed. Lambda functions in a VPC need VPC endpoints to reach AWS services without a NAT gateway. The architecture uses DynamoDB, Kinesis, Step Functions, EventBridge, API Gateway (for WebSocket management API `execute-api:ManageConnections`), and CloudWatch Logs. Without endpoints, these calls either fail (no internet route) or traverse a NAT gateway (additional cost and a potential PHI egress path).
[0m[49m[38;5;10m+    130[0m:[38;5;10m[49m 
[0m[49m[38;5;10m+    131[0m:[38;5;10m[49m **Suggested fix:** Add to the VPC row: "Required VPC endpoints: DynamoDB (gateway), S3 (gateway, for any logging/artifacts), Kinesis (interface), Step Functions (interface), EventBridge (interface), CloudWatch Logs (interface), execute-api (interface, for WebSocket connection management), KMS (interface, for encryption operations). Interface endpoints cost ~$7-8/month each in a 3-AZ deployment; budget ~$50-60/month for the full set."
[0m[49m[38;5;10m+    132[0m:[38;5;10m[49m 
[0m[49m[38;5;10m+    133[0m:[38;5;10m[49m #### Issue N2: No Discussion of EHR Integration Network Path (MEDIUM)
[0m[49m[38;5;10m+    134[0m:[38;5;10m[49m 
[0m[49m[38;5;10m+    135[0m:[38;5;10m[49m **Location:** Architecture section, "State Ingestion" layer; Prerequisites, VPC row
[0m[49m[38;5;10m+    136[0m:[38;5;10m[49m 
[0m[49m[38;5;10m+    137[0m:[38;5;10m[49m **The problem:** The recipe mentions "EHR integration likely requires VPC connectivity (Direct Connect or VPN)" in passing but doesn't elaborate. The ADT event feed from the EHR is the most critical data path in the entire system. If this connection fails, the state model goes stale and the optimizer produces incorrect recommendations. The recipe should address: Is the EHR on-premises (requiring Direct Connect or Site-to-Site VPN)? Is it a cloud-hosted EHR (requiring VPC peering or PrivateLink)? What's the redundancy model for this connection?
[0m[49m[38;5;10m+    138[0m:[38;5;10m[49m 
[0m[49m[38;5;10m+    139[0m:[38;5;10m[49m **Suggested fix:** Add a brief paragraph in the State Ingestion section or prerequisites: "The ADT event feed is the system's lifeline. For on-premises EHRs, use AWS Direct Connect with a VPN backup for redundancy. For cloud-hosted EHRs (Epic on Azure, Cerner on AWS), use VPC peering or PrivateLink. Monitor the connection health and alert immediately on disconnection. If the ADT feed is down for more than 5 minutes, the system should surface a 'stale state' warning to coordinators and fall back to manual assignment."
[0m[49m[38;5;10m+    140[0m:[38;5;10m[49m 
[0m[49m[38;5;10m+    141[0m:[38;5;10m[49m #### Issue N3: WebSocket Connection Egress Path Not Specified (LOW)
[0m[49m[38;5;10m+    142[0m:[38;5;10m[49m 
[0m[49m[38;5;10m+    143[0m:[38;5;10m[49m **Location:** Architecture section, API Gateway WebSocket
[0m[49m[38;5;10m+    144[0m:[38;5;10m[49m 
[0m[49m[38;5;10m+    145[0m:[38;5;10m[49m **The problem:** The WebSocket API Gateway endpoint is internet-facing (coordinators connect from hospital workstations or mobile devices). The recipe doesn't discuss whether this should be a private API (accessible only from the hospital network) or a public API with authentication. For a system handling PHI-containing recommendations, the network exposure model matters.
[0m[49m[38;5;10m+    146[0m:[38;5;10m[49m 
[0m[49m[38;5;10m+    147[0m:[38;5;10m[49m **Suggested fix:** Add a note: "For hospitals with a defined network perimeter, deploy the WebSocket API as a private API accessible only via the hospital's VPN or Direct Connect path. For systems that need mobile access (coordinators on tablets throughout the hospital), use a public endpoint with mutual TLS or a WAF rule restricting source IPs to the hospital's network ranges."
[0m[49m[38;5;10m+    148[0m:[38;5;10m[49m 
[0m[49m[38;5;10m+    149[0m:[38;5;10m[49m ---
[0m[49m[38;5;10m+    150[0m:[38;5;10m[49m 
[0m[49m[38;5;10m+    151[0m:[38;5;10m[49m ### Voice Reviewer
[0m[49m[38;5;10m+    152[0m:[38;5;10m[49m 
[0m[49m[38;5;10m+    153[0m:[38;5;10m[49m #### What's Done Well
[0m[49m[38;5;10m+    154[0m:[38;5;10m[49m 
[0m[49m[38;5;10m+    155[0m:[38;5;10m[49m The voice is exceptional throughout. The opening scenario is one of the most vivid in the entire cookbook: it puts you in the charge nurse's shoes and makes you feel the chaos. The technology section maintains genuine enthusiasm ("This is where optimization gets interesting") without tipping into hype. The constraint taxonomy (hard/operational/preference) is taught with clear examples that a non-technical reader can follow. The "Honest Take" section is outstanding: "The data problem is 80% of the work," "Staff trust takes 6-12 months to build," and "Cleaning time is the hidden bottleneck" are all genuine operational insights delivered with CC's signature self-deprecating expertise.
[0m[49m[38;5;10m+    156[0m:[38;5;10m[49m 
[0m[49m[38;5;10m+    157[0m:[38;5;10m[49m The 70/30 vendor balance is well-maintained. The Technology section and General Architecture Pattern are entirely vendor-agnostic (approximately 65% of the recipe's prose). AWS services appear only in the implementation section. A reader on GCP or Azure would learn the full bed assignment optimization approach without needing to translate service names.
[0m[49m[38;5;10m+    158[0m:[38;5;10m[49m 
[0m[49m[38;5;10m+    159[0m:[38;5;10m[49m The pseudocode comments are accessible to non-coders while remaining technically accurate. The "If you skip this step" warnings before each pseudocode block are a nice touch that serves the mixed audience.
[0m[49m[38;5;10m+    160[0m:[38;5;10m[49m 
[0m[49m[38;5;10m+    161[0m:[38;5;10m[49m #### Issue V1: Zero Em Dashes Found
[0m[49m[38;5;10m+    162[0m:[38;5;10m[49m 
[0m[49m[38;5;10m+    163[0m:[38;5;10m[49m No em dashes anywhere in the recipe. Clean.
[0m[49m[38;5;10m+    164[0m:[38;5;10m[49m 
[0m[49m[38;5;10m+    165[0m:[38;5;10m[49m #### Issue V2: Two TODO Items in Additional Resources (LOW)
[0m[49m[38;5;10m+    166[0m:[38;5;10m[49m 
[0m[49m[38;5;10m+    167[0m:[38;5;10m[49m **Location:** Additional Resources section, "Healthcare Operations Research" subsection
[0m[49m[38;5;10m+    168[0m:[38;5;10m[49m 
[0m[49m[38;5;10m+    169[0m:[38;5;10m[49m **The problem:** Two entries read "TODO: Verify link for IHI patient flow resources" and "TODO: Verify link for AHRQ hospital capacity management toolkit." These are placeholder items that should not appear in a published recipe.
[0m[49m[38;5;10m+    170[0m:[38;5;10m[49m 
[0m[49m[38;5;10m+    171[0m:[38;5;10m[49m **Suggested fix:** Either verify and add the actual URLs, or remove these entries entirely before publication. The recipe already has sufficient resources from AWS docs and optimization library documentation.
[0m[49m[38;5;10m+    172[0m:[38;5;10m[49m 
[0m[49m[38;5;10m+    173[0m:[38;5;10m[49m #### Issue V3: "Where It Struggles" Section Could Be Slightly More Self-Deprecating (LOW)
[0m[49m[38;5;10m+    174[0m:[38;5;10m[49m 
[0m[49m[38;5;10m+    175[0m:[38;5;10m[49m **Location:** Expected Results, "Where It Struggles" subsection
[0m[49m[38;5;10m+    176[0m:[38;5;10m[49m 
[0m[49m[38;5;10m+    177[0m:[38;5;10m[49m **The problem:** The four bullet points in "Where It Struggles" are accurate and useful, but they read slightly more like documentation than CC's voice. Compare to the Honest Take section (which is perfectly voiced). The "Where It Struggles" bullets are factual but lack the personal "I learned this the hard way" energy that characterizes the rest of the recipe.
[0m[49m[38;5;10m+    178[0m:[38;5;10m[49m 
[0m[49m[38;5;10m+    179[0m:[38;5;10m[49m **Suggested fix:** Minor voice polish. For example, the behavioral health bullet could add: "We've seen 60%+ override rates for behavioral health placements. The model just doesn't have the context." The mass casualty bullet could add: "Don't try to optimize during a surge. Just place people safely and sort it out later." This is a polish item, not a structural issue.
[0m[49m[38;5;10m+    180[0m:[38;5;10m[49m 
[0m[49m[38;5;10m+    181[0m:[38;5;10m[49m ---
[0m[49m[38;5;10m+    182[0m:[38;5;10m[49m 
[0m[49m[38;5;10m+    183[0m:[38;5;10m[49m ## Stage 2: Expert Discussion
[0m[49m[38;5;10m+    184[0m:[38;5;10m[49m 
[0m[49m[38;5;10m+    185[0m:[38;5;10m[49m **S1 and N3 interaction:** The WebSocket PHI exposure (S1) and the WebSocket network path (N3) are related. If the WebSocket is internet-facing AND payloads contain clinical details, the risk surface is larger. If the WebSocket is restricted to the hospital network, the PHI exposure risk is reduced (though not eliminated, since hospital networks are not zero-trust). These should be addressed together: minimize payload content (S1) AND restrict network access (N3).
[0m[49m[38;5;10m+    186[0m:[38;5;10m[49m 
[0m[49m[38;5;10m+    187[0m:[38;5;10m[49m **A1 and A2 priority:** The Redis SPOF (A1) is HIGH because it affects the entire optimization pipeline during failure. The DLQ gap (A2) is MEDIUM because individual event failures are less catastrophic (the state model drifts slightly) but still need detection. A1 should be fixed first because Redis failure during peak hours (when the system is most needed) is a realistic scenario.
[0m[49m[38;5;10m+    188[0m:[38;5;10m[49m 
[0m[49m[38;5;10m+    189[0m:[38;5;10m[49m **S3 and the architecture:** The WebSocket authorization gap (S3) is a prerequisite for fixing S1. You can't minimize PHI in payloads effectively if you don't know who's receiving them. Unit-level authorization determines what each coordinator should see, which determines what the system should push.
[0m[49m[38;5;10m+    190[0m:[38;5;10m[49m 
[0m[49m[38;5;10m+    191[0m:[38;5;10m[49m **A3 and the operational model:** The recommendation expiry gap (A3) interacts with the "Honest Take" observation that coordinators are busy and may not respond immediately. A 15-minute expiry with no automatic re-queue means patients can fall through the cracks during busy periods, which is exactly when the system should be most helpful.
[0m[49m[38;5;10m+    192[0m:[38;5;10m[49m 
[0m[49m[38;5;10m+    193[0m:[38;5;10m[49m ---
[0m[49m[38;5;10m+    194[0m:[38;5;10m[49m 
[0m[49m[38;5;10m+    195[0m:[38;5;10m[49m ## Stage 3: Synthesized Feedback
[0m[49m[38;5;10m+    196[0m:[38;5;10m[49m 
[0m[49m[38;5;10m+    197[0m:[38;5;10m[49m **Verdict: PASS**
[0m[49m[38;5;10m+    198[0m:[38;5;10m[49m 
[0m[49m[38;5;10m+    199[0m:[38;5;10m[49m No CRITICAL findings. One HIGH finding (below the 3-HIGH threshold for FAIL). The recipe is architecturally sound, clinically grounded, exceptionally well-voiced, and deeply educational. The constraint formulation, solver selection guidance, and state estimation discussion are among the best technical teaching in the cookbook. The issues below improve production-readiness and security posture but don't indicate fundamental design flaws.
[0m[49m[38;5;10m+    200[0m:[38;5;10m[49m 
[0m[49m[38;5;10m+    201[0m:[38;5;10m[49m ### Prioritized Findings
[0m[49m[38;5;10m+    202[0m:[38;5;10m[49m 
[0m[49m[38;5;10m+    203[0m:[38;5;10m[49m | # | Severity | Expert | Location | Finding | Fix |
[0m[49m[38;5;10m+    204[0m:[38;5;10m[49m |---|----------|--------|----------|---------|-----|
[0m[49m[38;5;10m+    205[0m:[38;5;10m[49m | 1 | HIGH | Security | Step 5, WebSocket push; Expected Results JSON | WebSocket payloads contain patient names and clinical details (cardiac drip, isolation status) pushed to browser sessions without content minimization | Minimize payloads to MRN + bed + confidence; serve clinical reasoning on-demand via authenticated REST API |
[0m[49m[38;5;10m+    206[0m:[38;5;10m[49m | 2 | HIGH | Architecture | Architecture section, ElastiCache | Redis is SPOF for debounce timers and in-flight state; node failure during peak hours degrades entire pipeline | Specify Multi-AZ replication; add graceful degradation (fall back to periodic schedule if Redis unavailable) |
[0m[49m[38;5;10m+    207[0m:[38;5;10m[49m | 3 | MEDIUM | Security | Step 5, `handle_coordinator_response` | Override reason free-text field creates unstructured PHI repository used for model training without scrubbing | Add structured reason codes; flag free-text as PHI-containing with separate access controls and retention |
[0m[49m[38;5;10m+    208[0m:[38;5;10m[49m | 4 | MEDIUM | Security | Architecture, WebSocket API | No authentication, authorization, or session management model for WebSocket connections receiving PHI | Add Lambda authorizer on $connect; implement unit-level filtering; add connection TTLs |
[0m[49m[38;5;10m+    209[0m:[38;5;10m[49m | 5 | MEDIUM | Architecture | Architecture diagram, Kinesis-to-Lambda | No DLQ for failed ADT event processing; lost events cause silent state model divergence | Add SQS DLQ on Lambda event source mapping; alarm on DLQ depth; note that any DLQ message means state divergence |
[0m[49m[38;5;10m+    210[0m:[38;5;10m[49m | 6 | MEDIUM | Architecture | Step 5, recommendation expiry | 15-minute expiry with no automatic re-queue; patients can silently fall out of pending queue during busy periods | Expired recommendations trigger single-patient re-optimization or automatic re-queue for next batch run |
[0m[49m[38;5;10m+    211[0m:[38;5;10m[49m | 7 | MEDIUM | Networking | Prerequisites, VPC | No VPC endpoints listed; Lambda in VPC will fail to reach DynamoDB, Kinesis, Step Functions, EventBridge, CloudWatch without them | List all required endpoints (gateway and interface) with cost estimate (~$50-60/month) |
[0m[49m[38;5;10m+    212[0m:[38;5;10m[49m | 8 | MEDIUM | Networking | State Ingestion layer | EHR integration network path mentioned in passing but not elaborated; ADT feed is the system's lifeline with no redundancy discussion | Add paragraph on Direct Connect + VPN backup for on-premises EHR; monitoring and stale-state fallback |
[0m[49m[38;5;10m+    213[0m:[38;5;10m[49m | 9 | LOW | Security | Expected Results, sample JSON | `patient_name` field in sample output normalizes including names in service responses; should use MRN with UI-layer name resolution | Remove patient_name or replace with comment noting UI-layer resolution |
[0m[49m[38;5;10m+    214[0m:[38;5;10m[49m | 10 | LOW | Architecture | Prerequisites, Kinesis | No shard count guidance; readers may over- or under-provision | Add note: single shard sufficient for most single-hospital deployments; partition by facility for multi-campus |
[0m[49m[38;5;10m+    215[0m:[38;5;10m[49m | 11 | LOW | Networking | Architecture, WebSocket API | No discussion of whether WebSocket endpoint should be private (hospital network only) or public with restrictions | Add note on private API for network-perimeter hospitals; WAF/IP restriction for mobile access |
[0m[49m[38;5;10m+    216[0m:[38;5;10m[49m | 12 | LOW | Voice | Additional Resources | Two "TODO: Verify link" placeholders in published content | Verify and add URLs, or remove entries before publication |
[0m[49m[38;5;10m+    217[0m:[38;5;10m[49m | 13 | LOW | Voice | Expected Results, "Where It Struggles" | Bullets are accurate but slightly more doc-voice than the rest of the recipe; lacks CC's personal "learned this the hard way" energy | Minor voice polish: add personal observations to each bullet |
[0m[49m[38;5;10m+    218[0m:[38;5;10m[49m 
[0m[49m[38;5;10m+    219[0m:[38;5;10m[49m ### Priority Actions Before Publication
[0m[49m[38;5;10m+    220[0m:[38;5;10m[49m 
[0m[49m[38;5;10m+    221[0m:[38;5;10m[49m 1. **Fix S1/A1 (HIGH):** Address WebSocket PHI exposure and Redis SPOF together. Minimize WebSocket payloads to non-clinical identifiers and scores. Specify Redis Multi-AZ with graceful degradation. These are the two findings that could cause real problems in production.
[0m[49m[38;5;10m+    222[0m:[38;5;10m[49m 
[0m[49m[38;5;10m+    223[0m:[38;5;10m[49m 2. **Fix S3 + S2 (MEDIUM):** Add WebSocket authorization model (Lambda authorizer, unit-level filtering, connection TTLs). Add structured override reason codes. These are security hygiene items that should be in place before any PHI flows through the system.
[0m[49m[38;5;10m+    224[0m:[38;5;10m[49m 
[0m[49m[38;5;10m+    225[0m:[38;5;10m[49m 3. **Fix A2 + A3 (MEDIUM):** Add DLQ for Kinesis processing failures and automatic re-queue for expired recommendations. Both prevent silent failures that degrade system reliability during the busiest periods.
[0m[49m[38;5;10m+    226[0m:[38;5;10m[49m 
[0m[49m[38;5;10m+    227[0m:[38;5;10m[49m 4. **Fix N1 + N2 (MEDIUM):** List VPC endpoints and elaborate on EHR integration network path. These are deployment blockers for anyone following the recipe in a production VPC.
[0m[49m[38;5;10m+    228[0m:[38;5;10m[49m 
[0m[49m[38;5;10m+    229[0m:[38;5;10m[49m 5. **Remove TODOs (LOW):** Resolve or remove the two placeholder items in Additional Resources.
[0m[49m[38;5;10m+    230[0m:[38;5;10m[49m 
[0m[49m[38;5;10m+    231[0m:[38;5;10m[49m ---
[0m[49m[38;5;10m+    232[0m:[38;5;10m[49m 
[0m[49m[38;5;10m+    233[0m:[38;5;10m[49m *Review complete. Recipe 14.6 is one of the strongest entries in the optimization chapter. The problem framing is visceral, the technology teaching is deep and genuinely vendor-agnostic, the constraint formulation reflects real clinical operations, and the Honest Take delivers operational wisdom that would take years to learn firsthand. The state estimation discussion ("the current state of the hospital is surprisingly hard to know accurately") is a standout section that should resonate with anyone who has tried to build real-time hospital systems. The fixes above harden the security and resilience posture for production deployment but don't diminish the recipe's exceptional educational value.*
[0m[K
Creating: [38;5;141m/tmp/ralph-worktrees/iter-1055/reviews/chapter14.06-expert-review.md[0m
[38;5;244m - Completed in 0.1s[0m

[38;5;141m> [0mThe expert review for Recipe 14.6 (Patient Flow and Bed Assignment) is complete and written to [38;5;10mreviews/chapter14.06-expert-review.md[0m.[0m[0m
[0m[0m
[1mVerdict: PASS[22m[0m[0m
[0m[0m
Key findings summary:[0m[0m
- **2 HIGH findings** (below the 3-HIGH FAIL threshold): WebSocket payloads containing PHI without content minimization, and Redis as a single point of failure for the debounce/working-state layer[0m[0m
- **6 MEDIUM findings**: covering override reason PHI risk, WebSocket auth gaps, missing DLQ, recommendation expiry gaps, incomplete VPC endpoints, and EHR network path elaboration[0m[0m
- **5 LOW findings**: minor security modeling, capacity guidance, network exposure, and voice polish items[0m[0m
[0m[0m
[38;5;252m[0m[?25l[?25l[0m[0m[?25l[0m[?25l[0m[0m[?25l[0m[?25l[0m[0m[?25l[0m[?25l[0m[0m[?25l[0m[0m[0m
[38;5;8m
 ▸ Credits: 5.24 • Time: 2m 44s

[0m[1G[0m[0m[?25hThe recipe is exceptionally well-written with outstanding problem framing, deep vendor-agnostic technology teaching, and genuine operational wisdom. The constraint formulation accurately reflects real-world healthcare bed management operations. Fixes are production-hardening items, not fundamental design flaws.[38;5;11mWARNING: [0mDuplicate agent with name [38;5;10mmeshclaw-lite[0m was found in the global directory.
[0m[32mAll tools are now trusted ([0m[31m![0m[32m). Kiro will execute tools without asking for confirmation.[0m
Agents can sometimes do unexpected things so understand the risks.

Learn more at [38;5;141mhttps://kiro.dev/docs/cli/chat/security/#using-tools-trust-all-safely[0m



Reading directory: [38;5;141m/tmp/ralph-worktrees/iter-1055[0m[38;5;244m (using tool: read, max depth: 2, max entries: 1000, excluding: defaults)[0m
[38;5;10m ✓ [0mSuccessfully read directory [38;5;141m/tmp/ralph-worktrees/iter-1055[0m [38;5;244m(showing 1000 of 2548 entries, offset: 0)[0m
[38;5;244m - Completed in 0.234s[0m

[38;5;141m> [0mI can see the review file exists. Let me read it along with the relevant recipe content.[0m[0m
Reading file: [38;5;141m/tmp/ralph-worktrees/iter-1055/reviews/chapter14.06-expert-review.md[0m, all lines[38;5;244m (using tool: read)[0m
[38;5;10m ✓ [0mSuccessfully read [38;5;244m27039 bytes[0m from /tmp/ralph-worktrees/iter-1055/reviews/chapter14.06-expert-review.md
[38;5;244m - Completed in 0.0s[0m

[38;5;141m> [0mNow I have the full review content. Let me evaluate it against the pass criteria.[0m[0m
[0m[0m
The review must cover:[0m[0m
1. [1mClinical accuracy[22m ✓ — The review validates constraint formulation reflects real clinical operations, discusses override patterns for behavioral health, cleaning time as hidden bottleneck, and state estimation challenges.[0m[0m
2. [1mArchitectural soundness[22m ✓ — Detailed architecture review covering Redis SPOF (A1), DLQ gaps (A2), recommendation expiry (A3), Kinesis capacity (A4), and the five-layer decomposition.[0m[0m
3. [1mSecurity considerations[22m ✓ — Four security findings (S1-S4) covering PHI in WebSocket payloads, override free-text PHI, session management, and sample output patterns.[0m[0m
4. [1mPrioritized findings (HIGH/MEDIUM/LOW)[22m ✓ — 13 findings with clear severity levels in a summary table.[0m[0m
5. [1mConcrete remediation steps[22m ✓ — Each finding includes a specific "Suggested fix" with actionable implementation guidance.[0m[0m
[0m[0m
[38;5;252m[0m[?25l[?25l[0m[0m[?25l[0m[?25l[0m[0m[?25l[0m[0m[0m
[38;5;8m
 ▸ Credits: 2.67 • Time: 17s

[0m[1G[0m[0m[?25h{"verdict": "pass", "rationale": "Review comprehensively covers clinical accuracy (constraint formulation, override patterns, state estimation), architectural soundness (Redis SPOF, DLQ gaps, expiry handling, Kinesis sizing), security considerations (PHI in WebSocket payloads, unstructured PHI in overrides, session management, sample data patterns), and provides 13 prioritized findings (2 HIGH, 6 MEDIUM, 5 LOW) each with concrete remediation steps including specific implementation guidance."}