# parallel_worker header: concurrency_limit=2 batch_id=batch-1780272454312-000059-eabf27294dc9c26d iteration=901 task_id=ch09-r06-expert-review persona=TechExpertReviewer
[38;5;11mWARNING: [0mDuplicate agent with name [38;5;10mmeshclaw-lite[0m was found in the global directory.
[0m[32mAll tools are now trusted ([0m[31m![0m[32m). Kiro will execute tools without asking for confirmation.[0m
Agents can sometimes do unexpected things so understand the risks.

Learn more at [38;5;141mhttps://kiro.dev/docs/cli/chat/security/#using-tools-trust-all-safely[0m



Batch fs_read operation with [38;5;141m3[0m operations[38;5;244m (using tool: read)[0m

↱ Operation 1: Reading file: [38;5;141m/tmp/ralph-worktrees/iter-901/chapter09.06-diabetic-retinopathy-screening.md[0m, all lines
↱ Operation 2: Reading file: [38;5;141m/tmp/ralph-worktrees/iter-901/STYLE-GUIDE.md[0m, all lines
↱ Operation 3: Reading file: [38;5;141m/tmp/ralph-worktrees/iter-901/RECIPE-GUIDE.md[0m, all lines
[38;5;10m ✓ [0mSuccessfully read [38;5;244m32387 bytes[0m from /tmp/ralph-worktrees/iter-901/chapter09.06-diabetic-retinopathy-screening.md

[38;5;10m ✓ [0mSuccessfully read [38;5;244m3731 bytes[0m from /tmp/ralph-worktrees/iter-901/STYLE-GUIDE.md

[38;5;10m ✓ [0mSuccessfully read [38;5;244m9026 bytes[0m from /tmp/ralph-worktrees/iter-901/RECIPE-GUIDE.md

 ⋮ 

[38;5;244m- [0mSummary: 3 operations processed, 3 successful, 0 failed
[38;5;244m - Completed in 0.3s[0m

[38;5;141m> [0mNow let me check for an example review to understand the expected format:[0m[0m
Searching for files: [38;5;141mreviews/chapter01*expert*[0m[38;5;244m (using tool: glob)[0m
[38;5;10m ✓ [0mSuccessfully found [38;5;244m9 files[0m under current directory
[38;5;244m - Completed in 0.11s[0m

Reading file: [38;5;141m/tmp/ralph-worktrees/iter-901/reviews/chapter01.04-expert-review.md[0m, from line [38;5;141m1[0m to [38;5;141m80[0m[38;5;244m (using tool: read)[0m
[38;5;10m ✓ [0mSuccessfully read [38;5;244m10096 bytes[0m from /tmp/ralph-worktrees/iter-901/reviews/chapter01.04-expert-review.md
[38;5;244m - Completed in 0.0s[0m

[38;5;141m> [0mNow I have a good understanding of the format. Let me also check for em dashes in the recipe:[0m[0m
Searching: [38;5;141m/tmp/ralph-worktrees/iter-901/chapter09.06-diabetic-retinopathy-screening.md[0m for pattern: [38;5;141m—[0m[38;5;244m (using tool: read)[0m
[38;5;10m ✓ [0mFound 0 matches for pattern '—' in /tmp/ralph-worktrees/iter-901/chapter09.06-diabetic-retinopathy-screening.md
[38;5;244m - Completed in 0.0s[0m

[38;5;141m> [0mGood, no em dashes. Now let me check the recipe for specific security, architecture, and networking concerns more carefully by reviewing key sections:[0m[0m
Batch fs_read operation with [38;5;141m3[0m operations[38;5;244m (using tool: read)[0m

↱ Operation 1: Searching: [38;5;141m/tmp/ralph-worktrees/iter-901/chapter09.06-diabetic-retinopathy-screening.md[0m for pattern: [38;5;141mvpc[0m
↱ Operation 2: Searching: [38;5;141m/tmp/ralph-worktrees/iter-901/chapter09.06-diabetic-retinopathy-screening.md[0m for pattern: [38;5;141miam[0m
↱ Operation 3: Searching: [38;5;141m/tmp/ralph-worktrees/iter-901/chapter09.06-diabetic-retinopathy-screening.md[0m for pattern: [38;5;141mendpoint[0m
[38;5;10m ✓ [0mFound 1 matches for pattern 'VPC' in /tmp/ralph-worktrees/iter-901/chapter09.06-diabetic-retinopathy-screening.md

[38;5;10m ✓ [0mFound 1 matches for pattern 'IAM' in /tmp/ralph-worktrees/iter-901/chapter09.06-diabetic-retinopathy-screening.md

[38;5;10m ✓ [0mFound 15 matches for pattern 'endpoint' in /tmp/ralph-worktrees/iter-901/chapter09.06-diabetic-retinopathy-screening.md

 ⋮ 

[38;5;244m- [0mSummary: 3 operations processed, 3 successful, 0 failed
[38;5;244m - Completed in 0.1s[0m

[38;5;141m> [0mNow I have a thorough understanding of the recipe. Let me write the expert review:[0m[0m
I'll create the following file: [38;5;141m/tmp/ralph-worktrees/iter-901/reviews/chapter09.06-expert-review.md[0m[38;5;244m (using tool: write)[0m

[49m[38;5;10m+      1[0m:[38;5;10m[49m # Expert Review: Recipe 9.6 - Diabetic Retinopathy Screening
[0m[49m[38;5;10m+      2[0m:[38;5;10m[49m 
[0m[49m[38;5;10m+      3[0m:[38;5;10m[49m **Reviewed by:** Technical Expert Panel (Security, Architecture, Networking, Voice)
[0m[49m[38;5;10m+      4[0m:[38;5;10m[49m **Date:** 2026-05-31
[0m[49m[38;5;10m+      5[0m:[38;5;10m[49m **Recipe file:** `chapter09.06-diabetic-retinopathy-screening.md`
[0m[49m[38;5;10m+      6[0m:[38;5;10m[49m 
[0m[49m[38;5;10m+      7[0m:[38;5;10m[49m ---
[0m[49m[38;5;10m+      8[0m:[38;5;10m[49m 
[0m[49m[38;5;10m+      9[0m:[38;5;10m[49m ## Overall Assessment
[0m[49m[38;5;10m+     10[0m:[38;5;10m[49m 
[0m[49m[38;5;10m+     11[0m:[38;5;10m[49m This is an excellent recipe. The Problem section is genuinely compelling and well-motivated. The Technology section teaches fundus photography, the ICDR grading scale, and deep learning classification from first principles without vendor names. The clinical decision logic is thoughtful, with appropriate confidence gating and the critical DME detection pathway. The Honest Take section is one of the best in the book so far: the paradox about patients who most need screening being hardest to image is a real insight that demonstrates domain expertise.
[0m[49m[38;5;10m+     12[0m:[38;5;10m[49m 
[0m[49m[38;5;10m+     13[0m:[38;5;10m[49m The recipe handles the FDA regulatory dimension well, correctly distinguishing autonomous diagnosis (requires clearance) from physician-reviewed triage (different regulatory path). The architecture is sound for the stated scale.
[0m[49m[38;5;10m+     14[0m:[38;5;10m[49m 
[0m[49m[38;5;10m+     15[0m:[38;5;10m[49m However: there are IAM permission gaps that would leave a builder stuck, a missing VPC endpoint for Step Functions, a cost estimate that doesn't account for the always-on nature of GPU endpoints in low-volume deployments, and several TODO placeholders in the Additional Resources section that should not ship. No critical compliance issues found.
[0m[49m[38;5;10m+     16[0m:[38;5;10m[49m 
[0m[49m[38;5;10m+     17[0m:[38;5;10m[49m **Verdict: PASS**
[0m[49m[38;5;10m+     18[0m:[38;5;10m[49m 
[0m[49m[38;5;10m+     19[0m:[38;5;10m[49m Priority breakdown: 0 critical, 3 high, 4 medium, 3 low.
[0m[49m[38;5;10m+     20[0m:[38;5;10m[49m 
[0m[49m[38;5;10m+     21[0m:[38;5;10m[49m ---
[0m[49m[38;5;10m+     22[0m:[38;5;10m[49m 
[0m[49m[38;5;10m+     23[0m:[38;5;10m[49m ## Stage 1: Independent Expert Reviews
[0m[49m[38;5;10m+     24[0m:[38;5;10m[49m 
[0m[49m[38;5;10m+     25[0m:[38;5;10m[49m ---
[0m[49m[38;5;10m+     26[0m:[38;5;10m[49m 
[0m[49m[38;5;10m+     27[0m:[38;5;10m[49m ### Security Expert Review
[0m[49m[38;5;10m+     28[0m:[38;5;10m[49m 
[0m[49m[38;5;10m+     29[0m:[38;5;10m[49m #### What's Done Well
[0m[49m[38;5;10m+     30[0m:[38;5;10m[49m 
[0m[49m[38;5;10m+     31[0m:[38;5;10m[49m The PHI baseline is strong: BAA requirement explicitly stated with rationale (retinal images are PHI), SSE-KMS on S3, KMS encryption for SageMaker model artifacts and inference data, DynamoDB encryption at rest, TLS for all API calls, CloudTrail for audit trail. The recipe correctly identifies that retinal images are PHI (they are biometric identifiers under HIPAA Safe Harbor). The "never use real patient images in dev without IRB approval and proper de-identification" warning is appropriate and specific. The audit trail design (storing model version, raw predictions, and clinical decision together) supports FDA post-market surveillance requirements.
[0m[49m[38;5;10m+     32[0m:[38;5;10m[49m 
[0m[49m[38;5;10m+     33[0m:[38;5;10m[49m #### Issue S1: IAM Permissions Missing Step Functions Execution Role (HIGH)
[0m[49m[38;5;10m+     34[0m:[38;5;10m[49m 
[0m[49m[38;5;10m+     35[0m:[38;5;10m[49m **Location:** Prerequisites table, IAM Permissions row
[0m[49m[38;5;10m+     36[0m:[38;5;10m[49m 
[0m[49m[38;5;10m+     37[0m:[38;5;10m[49m **The problem:** The IAM permissions listed are: `sagemaker:InvokeEndpoint`, `s3:GetObject`, `s3:PutObject`, `dynamodb:PutItem`, `dynamodb:GetItem`, `sns:Publish`, `states:StartExecution`. These appear to be the permissions for the Lambda execution role. But the architecture uses Step Functions to orchestrate Lambda functions. The Step Functions state machine itself needs an execution role with `lambda:InvokeFunction` on each Lambda ARN. This is a separate IAM role from the Lambda execution role.
[0m[49m[38;5;10m+     38[0m:[38;5;10m[49m 
[0m[49m[38;5;10m+     39[0m:[38;5;10m[49m A builder following this recipe will create the Lambda role, create the Step Functions state machine, and get `States.TaskFailed` on the first Lambda invocation because the state machine has no permission to call Lambda.
[0m[49m[38;5;10m+     40[0m:[38;5;10m[49m 
[0m[49m[38;5;10m+     41[0m:[38;5;10m[49m **Suggested fix:** Split the IAM Permissions row into two: (1) Lambda execution role: `sagemaker:InvokeEndpoint`, `s3:GetObject`, `s3:PutObject`, `dynamodb:PutItem`, `dynamodb:GetItem`, `sns:Publish`; (2) Step Functions execution role: `lambda:InvokeFunction` scoped to the specific Lambda function ARNs, plus `states:StartExecution` if the Lambda needs to start the workflow (which is the trigger pattern shown in the architecture diagram where S3 event triggers Step Functions, not Lambda).
[0m[49m[38;5;10m+     42[0m:[38;5;10m[49m 
[0m[49m[38;5;10m+     43[0m:[38;5;10m[49m Additionally, `states:StartExecution` is listed as a Lambda permission but the architecture diagram shows S3 Event triggering Step Functions directly. If S3 triggers Step Functions via EventBridge, the EventBridge service role needs `states:StartExecution`, not Lambda. Clarify the trigger mechanism.
[0m[49m[38;5;10m+     44[0m:[38;5;10m[49m 
[0m[49m[38;5;10m+     45[0m:[38;5;10m[49m #### Issue S2: DynamoDB Encryption Not Specified as Customer-Managed Key (MEDIUM)
[0m[49m[38;5;10m+     46[0m:[38;5;10m[49m 
[0m[49m[38;5;10m+     47[0m:[38;5;10m[49m **Location:** Prerequisites table, Encryption row
[0m[49m[38;5;10m+     48[0m:[38;5;10m[49m 
[0m[49m[38;5;10m+     49[0m:[38;5;10m[49m **The problem:** The encryption row states "DynamoDB: encryption at rest" without specifying the key type. AWS default DynamoDB encryption uses AWS-owned keys, which do not appear in CloudTrail and cannot be revoked. For a table storing clinical screening results (severity grades, referral decisions, patient IDs), many HIPAA compliance programs require customer-managed KMS keys for audit visibility and key lifecycle control.
[0m[49m[38;5;10m+     50[0m:[38;5;10m[49m 
[0m[49m[38;5;10m+     51[0m:[38;5;10m[49m The S3 encryption correctly specifies "SSE-KMS" and the SageMaker encryption specifies "KMS encryption." DynamoDB should be consistent.
[0m[49m[38;5;10m+     52[0m:[38;5;10m[49m 
[0m[49m[38;5;10m+     53[0m:[38;5;10m[49m **Suggested fix:** Change to "DynamoDB: encryption at rest with customer-managed KMS key (CMK)" to align with the S3 and SageMaker encryption specifications. Note that the AWS-managed key (`aws/dynamodb`) is acceptable as a minimum but a dedicated CMK provides CloudTrail key-usage logging.
[0m[49m[38;5;10m+     54[0m:[38;5;10m[49m 
[0m[49m[38;5;10m+     55[0m:[38;5;10m[49m #### Issue S3: No Mention of S3 Bucket Policy Restricting Access (LOW)
[0m[49m[38;5;10m+     56[0m:[38;5;10m[49m 
[0m[49m[38;5;10m+     57[0m:[38;5;10m[49m **Location:** Prerequisites / S3 configuration
[0m[49m[38;5;10m+     58[0m:[38;5;10m[49m 
[0m[49m[38;5;10m+     59[0m:[38;5;10m[49m **The problem:** The recipe mentions SSE-KMS encryption for S3 but does not mention bucket policies. Retinal images are sensitive biometric PHI. The S3 bucket storing them should have a bucket policy that denies unencrypted uploads (`aws:SecureTransport` condition), enforces KMS encryption on PutObject, and restricts access to specific IAM roles/principals. This is standard for PHI-containing buckets.
[0m[49m[38;5;10m+     60[0m:[38;5;10m[49m 
[0m[49m[38;5;10m+     61[0m:[38;5;10m[49m **Suggested fix:** Add a brief note in the Prerequisites or in the "Why These Services" S3 paragraph: "Apply a bucket policy enforcing SSE-KMS on all uploads and restricting access to the Lambda execution role and authorized administrative principals."
[0m[49m[38;5;10m+     62[0m:[38;5;10m[49m 
[0m[49m[38;5;10m+     63[0m:[38;5;10m[49m ---
[0m[49m[38;5;10m+     64[0m:[38;5;10m[49m 
[0m[49m[38;5;10m+     65[0m:[38;5;10m[49m ### Architecture Expert Review
[0m[49m[38;5;10m+     66[0m:[38;5;10m[49m 
[0m[49m[38;5;10m+     67[0m:[38;5;10m[49m #### What's Done Well
[0m[49m[38;5;10m+     68[0m:[38;5;10m[49m 
[0m[49m[38;5;10m+     69[0m:[38;5;10m[49m The pipeline decomposition (Quality Assessment, Classification, Clinical Decision, Storage/Action) is clean and maps well to the general architecture pattern described in the vendor-agnostic section. The confidence gating with HUMAN_REVIEW_REQUIRED as a distinct decision path is architecturally sound and clinically appropriate. The DynamoDB partition key (patient_id) with sort key (screening_date) supports the primary access pattern (patient screening history) efficiently. The Step Functions choice for workflow orchestration is well-motivated given the branching logic. The cost estimate is grounded in real instance pricing.
[0m[49m[38;5;10m+     70[0m:[38;5;10m[49m 
[0m[49m[38;5;10m+     71[0m:[38;5;10m[49m #### Issue A1: Cost Estimate Assumes Endpoint Is Always Running But Doesn't Address Low-Volume Scenarios (HIGH)
[0m[49m[38;5;10m+     72[0m:[38;5;10m[49m 
[0m[49m[38;5;10m+     73[0m:[38;5;10m[49m **Location:** Prerequisites table, Cost Estimate row; also "Expected Results" cost per screening
[0m[49m[38;5;10m+     74[0m:[38;5;10m[49m 
[0m[49m[38;5;10m+     75[0m:[38;5;10m[49m **The problem:** The recipe states: "SageMaker GPU endpoint (ml.g4dn.xlarge): ~$0.74/hour. At 100 images/day with 5-second inference: endpoint cost dominates at ~$530/month." This is correct math ($0.74 * 24 * 30 = ~$533/month). But the recipe doesn't address the fundamental cost problem: a GPU endpoint running 24/7 for 100 images/day means you're paying for 24 hours of GPU time to process ~8 minutes of actual inference (100 images * 5 seconds = 500 seconds).
[0m[49m[38;5;10m+     76[0m:[38;5;10m[49m 
[0m[49m[38;5;10m+     77[0m:[38;5;10m[49m For a small clinic or pilot program doing 20-50 screenings per day, the always-on endpoint cost is the dominant expense and may be prohibitive. The recipe mentions SageMaker Batch Transform for "end-of-day reads" in the "Why These Services" section but doesn't integrate this into the cost analysis or architecture.
[0m[49m[38;5;10m+     78[0m:[38;5;10m[49m 
[0m[49m[38;5;10m+     79[0m:[38;5;10m[49m More importantly, SageMaker now supports Serverless Inference endpoints and asynchronous inference, both of which would dramatically reduce costs for low-volume screening programs (scale to zero when idle). For a screening program where latency of 10-30 seconds is acceptable (the patient is still in the clinic), asynchronous inference with auto-scaling to zero is a much better cost profile.
[0m[49m[38;5;10m+     80[0m:[38;5;10m[49m 
[0m[49m[38;5;10m+     81[0m:[38;5;10m[49m **Suggested fix:** Add a cost comparison note: "For programs processing fewer than 50 images/day, consider SageMaker Asynchronous Inference or Serverless Inference endpoints, which scale to zero when idle. The tradeoff is higher per-inference latency (10-30 seconds vs. 2-5 seconds) but dramatically lower monthly cost for low-volume deployments. The always-on real-time endpoint becomes cost-effective above approximately 200 images/day." This also strengthens the recipe's applicability to the rural/underserved settings described in the Problem section.
[0m[49m[38;5;10m+     82[0m:[38;5;10m[49m 
[0m[49m[38;5;10m+     83[0m:[38;5;10m[49m #### Issue A2: No Dead Letter Queue or Error Handling on SNS Notifications (MEDIUM)
[0m[49m[38;5;10m+     84[0m:[38;5;10m[49m 
[0m[49m[38;5;10m+     85[0m:[38;5;10m[49m **Location:** Architecture diagram and Step 4 pseudocode
[0m[49m[38;5;10m+     86[0m:[38;5;10m[49m 
[0m[49m[38;5;10m+     87[0m:[38;5;10m[49m **The problem:** The clinical decision logic publishes to SNS topics for urgent referrals, routine referrals, and normal results. If an SNS publish fails (throttling, misconfigured subscription, endpoint down), the screening result is stored in DynamoDB but the notification is lost. For urgent referrals (proliferative DR, sight-threatening disease), a lost notification means a patient who needs immediate ophthalmology care doesn't get flagged.
[0m[49m[38;5;10m+     88[0m:[38;5;10m[49m 
[0m[49m[38;5;10m+     89[0m:[38;5;10m[49m The recipe doesn't mention DLQs on the SNS topics, retry logic for failed publishes, or a reconciliation mechanism to detect screenings where the result was stored but the notification was never delivered.
[0m[49m[38;5;10m+     90[0m:[38;5;10m[49m 
[0m[49m[38;5;10m+     91[0m:[38;5;10m[49m **Suggested fix:** Add a note in the Step Functions workflow description: "Configure a dead-letter queue (SQS) on each SNS topic. For the urgent-referrals topic specifically, add a CloudWatch alarm on the DLQ message count: any message landing in the urgent referral DLQ should trigger an immediate operational alert. Consider a daily reconciliation Lambda that queries DynamoDB for URGENT_REFERRAL decisions and verifies corresponding notification delivery."
[0m[49m[38;5;10m+     92[0m:[38;5;10m[49m 
[0m[49m[38;5;10m+     93[0m:[38;5;10m[49m #### Issue A3: Quality Check Lambda May Exceed Memory/Timeout for Large Images (MEDIUM)
[0m[49m[38;5;10m+     94[0m:[38;5;10m[49m 
[0m[49m[38;5;10m+     95[0m:[38;5;10m[49m **Location:** "Why These Services" Lambda section and Step 1 pseudocode
[0m[49m[38;5;10m+     96[0m:[38;5;10m[49m 
[0m[49m[38;5;10m+     97[0m:[38;5;10m[49m **The problem:** The recipe states: "For the quality assessment step, a lightweight model can run on Lambda with up to 10GB ephemeral storage." Fundus images are 2-10MB, and the quality assessment involves computing Laplacian variance (sharpness), histogram analysis (illumination), and potentially a lightweight CNN for artifact detection. If the quality model is a CNN (even a small one like MobileNet), loading the model weights into Lambda memory on cold start could take several seconds, and inference on a high-resolution fundus image (typically 2048x1536 or larger) requires significant memory.
[0m[49m[38;5;10m+     98[0m:[38;5;10m[49m 
[0m[49m[38;5;10m+     99[0m:[38;5;10m[49m The recipe doesn't specify Lambda memory configuration or timeout. A default 128MB Lambda will fail immediately. Even at 1GB, a CNN-based quality check on a full-resolution fundus image may be tight.
[0m[49m[38;5;10m+    100[0m:[38;5;10m[49m 
[0m[49m[38;5;10m+    101[0m:[38;5;10m[49m **Suggested fix:** Add a note: "Configure the quality assessment Lambda with at least 2048MB memory and 30-second timeout. If using a CNN-based quality model, consider provisioned concurrency to avoid cold-start latency on the first screening of the day. Alternatively, run the quality check on the same SageMaker endpoint as a multi-model endpoint (quality model + DR classification model) to avoid Lambda memory constraints entirely."
[0m[49m[38;5;10m+    102[0m:[38;5;10m[49m 
[0m[49m[38;5;10m+    103[0m:[38;5;10m[49m ---
[0m[49m[38;5;10m+    104[0m:[38;5;10m[49m 
[0m[49m[38;5;10m+    105[0m:[38;5;10m[49m ### Networking Expert Review
[0m[49m[38;5;10m+    106[0m:[38;5;10m[49m 
[0m[49m[38;5;10m+    107[0m:[38;5;10m[49m #### What's Done Well
[0m[49m[38;5;10m+    108[0m:[38;5;10m[49m 
[0m[49m[38;5;10m+    109[0m:[38;5;10m[49m The VPC configuration is well-specified: "SageMaker endpoint in VPC, Lambda in VPC with VPC endpoints for S3, DynamoDB, SageMaker Runtime, SNS, and CloudWatch Logs." This covers the major services that handle PHI. The recipe correctly identifies that the SageMaker endpoint should be in a VPC (preventing internet-routable access to the inference endpoint).
[0m[49m[38;5;10m+    110[0m:[38;5;10m[49m 
[0m[49m[38;5;10m+    111[0m:[38;5;10m[49m #### Issue N1: Missing VPC Endpoint for Step Functions (HIGH)
[0m[49m[38;5;10m+    112[0m:[38;5;10m[49m 
[0m[49m[38;5;10m+    113[0m:[38;5;10m[49m **Location:** Prerequisites table, VPC row
[0m[49m[38;5;10m+    114[0m:[38;5;10m[49m 
[0m[49m[38;5;10m+    115[0m:[38;5;10m[49m **The problem:** The VPC row lists VPC endpoints for: S3, DynamoDB, SageMaker Runtime, SNS, and CloudWatch Logs. The architecture uses Step Functions as the orchestration layer, and Lambda (running in VPC) needs to interact with Step Functions (at minimum, Step Functions calls Lambda, and the S3 event trigger starts the state machine). If Lambda is in a VPC and needs to report task success/failure back to Step Functions (which is the case for callback patterns), it needs a VPC endpoint for Step Functions (`com.amazonaws.{region}.states`).
[0m[49m[38;5;10m+    116[0m:[38;5;10m[49m 
[0m[49m[38;5;10m+    117[0m:[38;5;10m[49m More importantly, if the S3 event triggers Step Functions via EventBridge (the modern pattern), EventBridge also needs a VPC endpoint or the trigger must be configured outside the VPC path. The recipe should clarify the trigger mechanism and ensure all service-to-service communication paths are covered.
[0m[49m[38;5;10m+    118[0m:[38;5;10m[49m 
[0m[49m[38;5;10m+    119[0m:[38;5;10m[49m **Suggested fix:** Add `Step Functions (com.amazonaws.{region}.states)` to the VPC endpoints list. If using EventBridge for the S3-to-Step Functions trigger, note that EventBridge rules execute in the AWS service plane and don't require a VPC endpoint for the trigger itself, but Lambda callbacks to Step Functions do require the endpoint.
[0m[49m[38;5;10m+    120[0m:[38;5;10m[49m 
[0m[49m[38;5;10m+    121[0m:[38;5;10m[49m #### Issue N2: No Mention of NAT Gateway or Internet Access Requirements (LOW)
[0m[49m[38;5;10m+    122[0m:[38;5;10m[49m 
[0m[49m[38;5;10m+    123[0m:[38;5;10m[49m **Location:** Prerequisites table, VPC row
[0m[49m[38;5;10m+    124[0m:[38;5;10m[49m 
[0m[49m[38;5;10m+    125[0m:[38;5;10m[49m **The problem:** The recipe places Lambda in a VPC with VPC endpoints for AWS services. This is correct for PHI isolation. However, if the screening system needs to send notifications to external systems (e.g., webhook to an EHR system, email via SES, or SMS via SNS to a provider's phone), the Lambda functions in a private subnet would need either a NAT Gateway or additional VPC endpoints.
[0m[49m[38;5;10m+    126[0m:[38;5;10m[49m 
[0m[49m[38;5;10m+    127[0m:[38;5;10m[49m The recipe mentions "webhook to EHR" as a notification channel but doesn't address how a VPC-isolated Lambda reaches an external EHR endpoint.
[0m[49m[38;5;10m+    128[0m:[38;5;10m[49m 
[0m[49m[38;5;10m+    129[0m:[38;5;10m[49m **Suggested fix:** Add a brief note: "If EHR integration requires outbound HTTPS calls to external endpoints (HL7 FHIR server, webhook), configure a NAT Gateway in the VPC or use a dedicated integration Lambda in a subnet with internet access. Keep the PHI-processing Lambdas in private subnets with no internet route."
[0m[49m[38;5;10m+    130[0m:[38;5;10m[49m 
[0m[49m[38;5;10m+    131[0m:[38;5;10m[49m ---
[0m[49m[38;5;10m+    132[0m:[38;5;10m[49m 
[0m[49m[38;5;10m+    133[0m:[38;5;10m[49m ### Voice Reviewer
[0m[49m[38;5;10m+    134[0m:[38;5;10m[49m 
[0m[49m[38;5;10m+    135[0m:[38;5;10m[49m #### What's Done Well
[0m[49m[38;5;10m+    136[0m:[38;5;10m[49m 
[0m[49m[38;5;10m+    137[0m:[38;5;10m[49m The voice is strong throughout. The Problem section is passionate and specific ("The reasons are depressingly predictable"). The Technology section teaches from first principles without vendor names (no AWS services mentioned until "The AWS Implementation"). The Honest Take is genuinely insightful, especially the closing paradox about patients who most need screening being hardest to image. The 70/30 vendor balance is well-maintained: the first ~3000 words are entirely vendor-agnostic.
[0m[49m[38;5;10m+    138[0m:[38;5;10m[49m 
[0m[49m[38;5;10m+    139[0m:[38;5;10m[49m Parenthetical asides are used effectively: "(those annoying drops that blur your vision for hours)", "(ok, this is a gross oversimplification, but stay with me)" energy without being forced.
[0m[49m[38;5;10m+    140[0m:[38;5;10m[49m 
[0m[49m[38;5;10m+    141[0m:[38;5;10m[49m #### Issue V1: TODO Placeholders in Additional Resources (MEDIUM)
[0m[49m[38;5;10m+    142[0m:[38;5;10m[49m 
[0m[49m[38;5;10m+    143[0m:[38;5;10m[49m **Location:** Additional Resources section, "Clinical and Regulatory References" and "Public Datasets"
[0m[49m[38;5;10m+    144[0m:[38;5;10m[49m 
[0m[49m[38;5;10m+    145[0m:[38;5;10m[49m **The problem:** The recipe contains six TODO items:
[0m[49m[38;5;10m+    146[0m:[38;5;10m[49m - "TODO: Verify current FDA guidance document URL for AI/ML-based Software as a Medical Device (SaMD)"
[0m[49m[38;5;10m+    147[0m:[38;5;10m[49m - "TODO: Verify URL for IDx-DR (Digital Diagnostics) FDA De Novo clearance summary"
[0m[49m[38;5;10m+    148[0m:[38;5;10m[49m - "TODO: Verify URL for AAO Diabetic Retinopathy Preferred Practice Pattern"
[0m[49m[38;5;10m+    149[0m:[38;5;10m[49m - "TODO: Verify current Kaggle EyePACS dataset URL"
[0m[49m[38;5;10m+    150[0m:[38;5;10m[49m - "TODO: Verify Messidor-2 dataset access URL"
[0m[49m[38;5;10m+    151[0m:[38;5;10m[49m - "TODO: Verify APTOS 2019 Blindness Detection challenge URL"
[0m[49m[38;5;10m+    152[0m:[38;5;10m[49m 
[0m[49m[38;5;10m+    153[0m:[38;5;10m[49m These are appropriate placeholders during drafting (the RECIPE-GUIDE.md says "Only real, verified URLs"), but they cannot ship. The recipe is otherwise complete and polished; these TODOs are the only unfinished elements.
[0m[49m[38;5;10m+    154[0m:[38;5;10m[49m 
[0m[49m[38;5;10m+    155[0m:[38;5;10m[49m **Suggested fix:** Verify and fill in all six URLs before publication. If a URL cannot be verified (e.g., dataset has moved or been taken down), remove the entry or replace with a description of how to find the resource.
[0m[49m[38;5;10m+    156[0m:[38;5;10m[49m 
[0m[49m[38;5;10m+    157[0m:[38;5;10m[49m #### Issue V2: One Instance of Documentation-Voice Creep (LOW)
[0m[49m[38;5;10m+    158[0m:[38;5;10m[49m 
[0m[49m[38;5;10m+    159[0m:[38;5;10m[49m **Location:** Ingredients table header description for Amazon SageMaker
[0m[49m[38;5;10m+    160[0m:[38;5;10m[49m 
[0m[49m[38;5;10m+    161[0m:[38;5;10m[49m **The problem:** "Hosts the DR classification model on GPU endpoint; provides model versioning and A/B testing" is slightly documentation-voice (feature listing). Compare to the "Why These Services" paragraph for SageMaker, which is conversational and well-motivated. The Ingredients table is inherently terse, so this is minor, but the semicolon-separated feature list reads like a product page.
[0m[49m[38;5;10m+    162[0m:[38;5;10m[49m 
[0m[49m[38;5;10m+    163[0m:[38;5;10m[49m **Suggested fix:** Minor. Could rephrase to "Runs the DR model on GPU; handles versioning when you retrain" but this is cosmetic and the table format constrains voice. No action required.
[0m[49m[38;5;10m+    164[0m:[38;5;10m[49m 
[0m[49m[38;5;10m+    165[0m:[38;5;10m[49m ---
[0m[49m[38;5;10m+    166[0m:[38;5;10m[49m 
[0m[49m[38;5;10m+    167[0m:[38;5;10m[49m ## Stage 2: Expert Discussion
[0m[49m[38;5;10m+    168[0m:[38;5;10m[49m 
[0m[49m[38;5;10m+    169[0m:[38;5;10m[49m ### Conflicts and Overlaps
[0m[49m[38;5;10m+    170[0m:[38;5;10m[49m 
[0m[49m[38;5;10m+    171[0m:[38;5;10m[49m **IAM/Architecture overlap (S1 + A2):** The IAM permissions gap (S1) and the missing DLQ concern (A2) are related. The Step Functions execution role issue means the entire workflow won't run as-is. The DLQ issue means that even once it runs, notification failures are silent. Together, these represent the two biggest "builder will get stuck" moments in the recipe. Priority: fix S1 first (it's a blocker), then A2 (it's a reliability gap).
[0m[49m[38;5;10m+    172[0m:[38;5;10m[49m 
[0m[49m[38;5;10m+    173[0m:[38;5;10m[49m **Networking/Architecture overlap (N1 + A3):** The missing Step Functions VPC endpoint (N1) compounds with the Lambda configuration gap (A3). A Lambda in a VPC without the Step Functions endpoint cannot report task completion back to Step Functions, causing the workflow to hang. These should be addressed together.
[0m[49m[38;5;10m+    174[0m:[38;5;10m[49m 
[0m[49m[38;5;10m+    175[0m:[38;5;10m[49m **Cost/Architecture alignment (A1):** The cost issue is architecturally significant because the recipe's Problem section emphasizes rural and underserved settings where cost sensitivity is highest. The always-on GPU endpoint at $530/month may be prohibitive for exactly the deployment scenarios the recipe motivates. This is a coherence issue between the Problem framing and the Implementation.
[0m[49m[38;5;10m+    176[0m:[38;5;10m[49m 
[0m[49m[38;5;10m+    177[0m:[38;5;10m[49m ### Priority Resolution
[0m[49m[38;5;10m+    178[0m:[38;5;10m[49m 
[0m[49m[38;5;10m+    179[0m:[38;5;10m[49m The three HIGH findings are all "builder will get stuck or make a bad decision" issues rather than compliance violations. None rise to CRITICAL because:
[0m[49m[38;5;10m+    180[0m:[38;5;10m[49m - S1 (IAM): Builder will hit an error and can debug it, but it's a frustrating gap in a recipe that should be copy-paste ready
[0m[49m[38;5;10m+    181[0m:[38;5;10m[49m - A1 (Cost): Doesn't affect correctness but could lead to a failed pilot due to budget
[0m[49m[38;5;10m+    182[0m:[38;5;10m[49m - N1 (VPC endpoint): Builder will hit a timeout and can debug it, but it's a gap in the networking prerequisites
[0m[49m[38;5;10m+    183[0m:[38;5;10m[49m 
[0m[49m[38;5;10m+    184[0m:[38;5;10m[49m No CRITICAL findings. The recipe is compliant, clinically sound, and architecturally reasonable. The issues are completeness gaps, not fundamental flaws.
[0m[49m[38;5;10m+    185[0m:[38;5;10m[49m 
[0m[49m[38;5;10m+    186[0m:[38;5;10m[49m ---
[0m[49m[38;5;10m+    187[0m:[38;5;10m[49m 
[0m[49m[38;5;10m+    188[0m:[38;5;10m[49m ## Stage 3: Synthesized Feedback
[0m[49m[38;5;10m+    189[0m:[38;5;10m[49m 
[0m[49m[38;5;10m+    190[0m:[38;5;10m[49m ### Verdict: **PASS**
[0m[49m[38;5;10m+    191[0m:[38;5;10m[49m 
[0m[49m[38;5;10m+    192[0m:[38;5;10m[49m The recipe is well-written, clinically accurate, architecturally sound, and appropriately handles the FDA regulatory dimension. The vendor-agnostic Technology section is one of the strongest in the book. The three HIGH findings are completeness gaps that would cause builder friction but do not represent compliance violations or fundamental architectural errors.
[0m[49m[38;5;10m+    193[0m:[38;5;10m[49m 
[0m[49m[38;5;10m+    194[0m:[38;5;10m[49m ---
[0m[49m[38;5;10m+    195[0m:[38;5;10m[49m 
[0m[49m[38;5;10m+    196[0m:[38;5;10m[49m ### Prioritized Findings
[0m[49m[38;5;10m+    197[0m:[38;5;10m[49m 
[0m[49m[38;5;10m+    198[0m:[38;5;10m[49m | # | Severity | Expert | Location | Finding | Fix |
[0m[49m[38;5;10m+    199[0m:[38;5;10m[49m |---|----------|--------|----------|---------|-----|
[0m[49m[38;5;10m+    200[0m:[38;5;10m[49m | 1 | HIGH | Security | Prerequisites, IAM Permissions | Step Functions execution role missing. Builder will get `States.TaskFailed` on first Lambda invocation. Also, `states:StartExecution` is listed as Lambda permission but the trigger mechanism (S3 event to Step Functions) is unclear. | Split IAM into Lambda role and Step Functions role. Clarify trigger: S3 Event → EventBridge → Step Functions (EventBridge needs `states:StartExecution`). |
[0m[49m[38;5;10m+    201[0m:[38;5;10m[49m | 2 | HIGH | Architecture | Prerequisites, Cost Estimate | Always-on GPU endpoint at $530/month is cost-prohibitive for low-volume/rural deployments that the Problem section motivates. No mention of serverless or async inference alternatives. | Add cost comparison noting SageMaker Async/Serverless Inference for <50 images/day. Note the always-on endpoint becomes cost-effective above ~200 images/day. |
[0m[49m[38;5;10m+    202[0m:[38;5;10m[49m | 3 | HIGH | Networking | Prerequisites, VPC row | Missing VPC endpoint for Step Functions (`com.amazonaws.{region}.states`). Lambda in VPC cannot report task completion to Step Functions without it, causing workflow hangs. | Add Step Functions to the VPC endpoints list. Clarify that EventBridge triggers execute in the service plane and don't require a VPC endpoint for the trigger path. |
[0m[49m[38;5;10m+    203[0m:[38;5;10m[49m | 4 | MEDIUM | Security | Prerequisites, Encryption row | DynamoDB encryption not specified as customer-managed KMS key. Inconsistent with S3 (SSE-KMS) and SageMaker (KMS) specifications. | Change to "DynamoDB: encryption at rest with customer-managed KMS key" for consistency and CloudTrail audit visibility. |
[0m[49m[38;5;10m+    204[0m:[38;5;10m[49m | 5 | MEDIUM | Architecture | Architecture diagram, Step 4 | No DLQ or error handling on SNS notifications. Failed urgent referral notification means sight-threatening disease goes unflagged. | Add DLQ (SQS) on SNS topics. CloudWatch alarm on urgent-referral DLQ. Daily reconciliation for undelivered notifications. |
[0m[49m[38;5;10m+    205[0m:[38;5;10m[49m | 6 | MEDIUM | Architecture | Step 1 pseudocode, Lambda config | No Lambda memory/timeout specification for quality check. Default 128MB will fail. CNN-based quality model on full-resolution fundus image needs 2048MB+. | Specify 2048MB memory, 30-second timeout. Mention provisioned concurrency for cold starts or multi-model endpoint alternative. |
[0m[49m[38;5;10m+    206[0m:[38;5;10m[49m | 7 | MEDIUM | Voice | Additional Resources | Six TODO placeholders for URLs that cannot ship. Recipe is otherwise publication-ready. | Verify and fill all six URLs. Remove entries where URLs cannot be confirmed. |
[0m[49m[38;5;10m+    207[0m:[38;5;10m[49m | 8 | LOW | Security | S3 configuration | No mention of bucket policy enforcing encryption and restricting access to authorized principals. | Add brief note about bucket policy with `aws:SecureTransport` condition and principal restrictions. |
[0m[49m[38;5;10m+    208[0m:[38;5;10m[49m | 9 | LOW | Networking | VPC configuration | No mention of NAT Gateway for outbound EHR integration calls from VPC-isolated Lambda. | Note that external EHR webhooks require NAT Gateway or dedicated integration subnet. |
[0m[49m[38;5;10m+    209[0m:[38;5;10m[49m | 10 | LOW | Voice | Ingredients table, SageMaker row | Minor documentation-voice creep in feature listing. | Cosmetic. No action required given table format constraints. |
[0m[49m[38;5;10m+    210[0m:[38;5;10m[49m 
[0m[49m[38;5;10m+    211[0m:[38;5;10m[49m ---
[0m[49m[38;5;10m+    212[0m:[38;5;10m[49m 
[0m[49m[38;5;10m+    213[0m:[38;5;10m[49m ### Summary
[0m[49m[38;5;10m+    214[0m:[38;5;10m[49m 
[0m[49m[38;5;10m+    215[0m:[38;5;10m[49m Strong recipe with excellent clinical grounding and voice. The three HIGH findings are all "builder will get stuck" gaps in the Prerequisites section (IAM roles, cost guidance, VPC endpoints) rather than fundamental design flaws. Fix the Prerequisites table and this recipe is ready for publication (pending URL verification for the TODO items).
[0m[K
Creating: [38;5;141m/tmp/ralph-worktrees/iter-901/reviews/chapter09.06-expert-review.md[0m
[38;5;244m - Completed in 0.1s[0m

[38;5;141m> [0mThe expert review is complete. Here's a summary:[0m[0m
[0m[0m
[1mVerdict: PASS[22m[0m[0m
[0m[0m
The recipe is clinically accurate, architecturally sound, and well-written. It handles the FDA regulatory dimension correctly and maintains strong voice throughout. I found 0 CRITICAL, 3 HIGH, 4 MEDIUM, and 3 LOW findings.[0m[0m
[0m[0m
The three HIGH findings are all "builder will get stuck" gaps in the Prerequisites section:[0m[0m
1. [1mMissing Step Functions execution role[22m in IAM permissions (builder gets [38;5;10mStates.TaskFailed[0m immediately)[0m[0m
2. [1mCost estimate doesn't address low-volume deployments[22m (the $530/month always-on GPU endpoint is prohibitive for the rural/underserved settings the Problem section motivates)[0m[0m
3. [1mMissing VPC endpoint for Step Functions[22m (Lambda in VPC can't report task completion, causing workflow hangs)[0m[0m
[0m[0m
[38;5;252m[0m[?25l[?25l[0m[0m[?25l[0m[?25l[0m[0m[?25l[0m[?25l[0m[0m[?25l[0m[?25l[0m[0m[?25l[0m[?25l[0m[0m[?25l[0m[?25l[0m[0m[?25l[0m[0m[0m
[38;5;8m
 ▸ Credits: 5.85 • Time: 2m 21s

[0m[1G[0m[0m[?25hNone rise to CRITICAL because they're completeness gaps rather than compliance violations or fundamental architectural errors. The review is written to [38;5;10mreviews/chapter09.06-expert-review.md[0m.[38;5;11mWARNING: [0mDuplicate agent with name [38;5;10mmeshclaw-lite[0m was found in the global directory.
[0m[32mAll tools are now trusted ([0m[31m![0m[32m). Kiro will execute tools without asking for confirmation.[0m
Agents can sometimes do unexpected things so understand the risks.

Learn more at [38;5;141mhttps://kiro.dev/docs/cli/chat/security/#using-tools-trust-all-safely[0m



Reading directory: [38;5;141m/tmp/ralph-worktrees/iter-901[0m[38;5;244m (using tool: read, max depth: 2, max entries: 1000, excluding: defaults)[0m
[38;5;10m ✓ [0mSuccessfully read directory [38;5;141m/tmp/ralph-worktrees/iter-901[0m [38;5;244m(showing 1000 of 2285 entries, offset: 0)[0m
[38;5;244m - Completed in 0.126s[0m

[38;5;141m> [0mNow let me read the expert review file and the recipe itself:[0m[0m
[0m[0m
Reading file: [38;5;141m/tmp/ralph-worktrees/iter-901/reviews/chapter09.06-expert-review.md[0m, all lines[38;5;244m (using tool: read)[0mSearching for files: [38;5;141m**/ch09*r06*[0m in [38;5;141m/tmp/ralph-worktrees/iter-901[0m[38;5;244m (using tool: glob)[0m
[38;5;10m ✓ [0mSuccessfully read [38;5;244m22102 bytes[0m from /tmp/ralph-worktrees/iter-901/reviews/chapter09.06-expert-review.md
[38;5;244m - Completed in 0.0s[0m


[38;5;10m ✓ [0mSuccessfully found [38;5;244m5 files[0m under /tmp/ralph-worktrees/iter-901
[38;5;244m - Completed in 0.19s[0m

[38;5;252m[0m[?25l[?25l[0m[0m[?25l[0m[?25l[?25l[0m[0m[?25l[0m[0m[0m
[38;5;8m
 ▸ Credits: 2.60 • Time: 14s

[0m[1G[0m[0m[?25h[38;5;141m> [0m{"verdict": "pass", "rationale": "The review comprehensively covers all required dimensions: clinical accuracy (ICDR grading scale validation, FDA regulatory pathway distinction, DME detection pathway), architectural soundness (Step Functions orchestration, SageMaker endpoint sizing, DynamoDB key design), security considerations (HIPAA/PHI handling, encryption specifications, IAM role gaps, VPC isolation), and provides 10 prioritized findings (3 HIGH, 4 MEDIUM, 3 LOW) each with specific locations and concrete remediation steps. The review correctly identifies no critical compliance violations while flagging actionable builder-friction issues."}