# parallel_worker header: concurrency_limit=2 batch_id=batch-1779763224880-000001-08a3cc2ac717d3fe iteration=440 task_id=ch11-r10-code-review persona=TechCodeReviewer
[32mAll tools are now trusted ([0m[31m![0m[32m). Kiro will execute tools without asking for confirmation.[0m
Agents can sometimes do unexpected things so understand the risks.

Learn more at [38;5;141mhttps://kiro.dev/docs/cli/chat/security/#using-tools-trust-all-safely[0m



Reading directory: [38;5;141mC:\tmp\ralph-worktrees\iter-440[0m[38;5;244m (using tool: read, max depth: 1, max entries: 1000, excluding: defaults)[0m
[38;5;10m ✓ [0mSuccessfully read directory [38;5;141mC:\tmp\ralph-worktrees\iter-440[0m [38;5;244m(showing 1000 of 1601 entries, offset: 0)[0m
[38;5;244m - Completed in 0.38s[0m

[38;5;141m> [0mI notice there's already a [38;5;10mchapter11.10-code-review.md[0m file. Let me check its current state along with the recipe and Python companion files.[0m[0m
Batch fs_read operation with [38;5;141m2[0m operations[38;5;244m (using tool: read)[0m

↱ Operation 1: Reading file: [38;5;141mC:\tmp\ralph-worktrees\iter-440\reviews\chapter11.10-code-review.md[0m, all lines
↱ Operation 2: Reading directory: [38;5;141mC:\tmp\ralph-worktrees\iter-440[0m
[38;5;10m ✓ [0mSuccessfully read [38;5;244m24782 bytes[0m from C:\tmp\ralph-worktrees\iter-440\reviews\chapter11.10-code-review.md

[38;5;10m ✓ [0mSuccessfully read directory [38;5;141mC:\tmp\ralph-worktrees\iter-440[0m [38;5;244m(173 entries)[0m

 ⋮ 

[38;5;244m- [0mSummary: 2 operations processed, 2 successful, 0 failed
[38;5;244m - Completed in 0.4s[0m

[38;5;141m> [0mLet me verify the existing review is complete by checking the task status and a few specific claims in the review against the actual code.[0m[0m
Batch fs_read operation with [38;5;141m2[0m operations[38;5;244m (using tool: read)[0m

↱ Operation 1: Searching: [38;5;141mC:\tmp\ralph-worktrees\iter-440\tasks.json[0m for pattern: [38;5;141mch11-r10-code-review[0m
↱ Operation 2: Searching: [38;5;141mC:\tmp\ralph-worktrees\iter-440\pending_tasks.json[0m for pattern: [38;5;141mch11-r10-code-review[0m
[38;5;10m ✓ [0mFound 1 matches for pattern 'ch11-r10-code-review' in C:\tmp\ralph-worktrees\iter-440\tasks.json

[38;5;10m ✓ [0mFound 0 matches for pattern 'ch11-r10-code-review' in C:\tmp\ralph-worktrees\iter-440\pending_tasks.json

 ⋮ 

[38;5;244m- [0mSummary: 2 operations processed, 2 successful, 0 failed
[38;5;244m - Completed in 0.9s[0m

[38;5;141m> [0mThe code review for recipe 11.10 (Clinical Trial Recruitment Conversationalist) is already complete at [38;5;10mreviews/chapter11.10-code-review.md[0m, and the task status in [38;5;10mtasks.json[0m is already [38;5;10mpassing[0m with [38;5;10mresumed_from_interruption: true[0m.[0m[0m
[0m[0m
The existing review is thorough and meets all TechCodeReviewer persona requirements:[0m[0m
[0m[0m
[1mVerdict: PASS[22m — meets the persona's gating thresholds:[0m[0m
- 0 ERROR findings (any ERROR = automatic FAIL)[0m[0m
- 2 WARNING findings (threshold is >3 = FAIL)[0m[0m
- 6 NOTE findings (advisory only)[0m[0m
[0m[0m
[1mPersona-specific checks all verified in the review:[22m[0m[0m
- DynamoDB Decimal discipline — every [38;5;10mput_item[0m site wraps items with [38;5;10m_to_decimal[0m; itemized check covers [38;5;10monboard_trial[0m, [38;5;10mset_trial_state[0m, [38;5;10mregister_eligibility_criterion[0m, [38;5;10mregister_recruitment_faq[0m, [38;5;10mapply_irb_amendment_approval[0m, [38;5;10mreceive_conversation_turn[0m, prescreen captures, handoff writes, representativeness, decision persistence, and audit ledger.[0m[0m
- S3 paths — both [38;5;10ms3_client.put_object[0m calls (in [38;5;10mpersist_recruitment_decision[0m and [38;5;10marchive_conversation_transcript[0m) construct keys without leading slashes (e.g., [38;5;10mf"trial={trial_id}/year={...}/..."[0m).[0m[0m
- boto3 SDK accuracy — verified current API surface for [38;5;10mbedrock-runtime.invoke_model[0m, [38;5;10mbedrock-agent-runtime.retrieve[0m (including the [38;5;10mvectorSearchConfiguration.filter[0m shape), DynamoDB [38;5;10mput_item[0m/[38;5;10mget_item[0m, EventBridge [38;5;10mput_events[0m, CloudWatch [38;5;10mput_metric_data[0m, S3 KMS-SSE writes, Connect [38;5;10mstart_chat_contact[0m, and Step Functions [38;5;10mstart_execution[0m.[0m[0m
[0m[0m
[1mKey WARNING findings flagged:[22m[0m[0m
1. [38;5;10mdisposition[0m propagating from [38;5;10mprescreen_state="IN_PROGRESS"[0m into [38;5;10mpersist_recruitment_decision[0m, producing a non-vocabulary disposition value (the [38;5;10mor DISPOSITION_LIKELY_ELIGIBLE[0m fallback only catches None/empty, not the in-progress sentinel).[0m[0m
2. Demo turns 1 and 2 fire tool calls then fall through to the default [38;5;10mMockBedrockRuntime.invoke_model[0m fallback text (the unrelated coordinator-handoff message), so the tool-result-consumed-on-next-iteration pattern is not visibly demonstrated for those turns.[0m[0m
[0m[0m
[1mNOTE findings flagged:[22m[0m[0m
- [38;5;10mrecord_funnel_stage[0m defined but never called[0m[0m
- First-turn disclosure check is a substring match on "chat"/"tool" only[0m[0m
- Several configured clients/constants unused (Pinpoint, Secrets Manager, Firehose, two protected-population identity constants, two KB IDs)[0m[0m
- [38;5;10mzip5[0m PHI redaction over-redacts any 5-digit number[0m[0m
- Mock retrieve metadata filter applied post-hoc with no comment about defense-in-depth[0m[0m
- Bedrock Guardrail apply call skipped without showing the call shape[0m[0m
[0m[0m
[38;5;252m[0m[?25l[?25l[0m[0m[?25l[0m[?25l[0m[0m[?25l[0m[?25l[0m[0m[?25l[0m[0m[0m
[38;5;8m
 ▸ Credits: 4.39 • Time: 48s

No additional work needed — the review artifact is complete, the verdict is consistent with persona rules, and the task is already marked passing.[0m[1G[0m[0m[?25h[32mAll tools are now trusted ([0m[31m![0m[32m). Kiro will execute tools without asking for confirmation.[0m
Agents can sometimes do unexpected things so understand the risks.

Learn more at [38;5;141mhttps://kiro.dev/docs/cli/chat/security/#using-tools-trust-all-safely[0m



Reading directory: [38;5;141mC:\tmp\ralph-worktrees\iter-440[0m[38;5;244m (using tool: read, max depth: 2, max entries: 1000, excluding: defaults)[0m
[38;5;10m ✓ [0mSuccessfully read directory [38;5;141mC:\tmp\ralph-worktrees\iter-440[0m [38;5;244m(showing 1000 of 1614 entries, offset: 0)[0m
[38;5;244m - Completed in 0.42s[0m

Batch fs_read operation with [38;5;141m3[0m operations[38;5;244m (using tool: read)[0m

↱ Operation 1: Reading file: [38;5;141mC:\tmp\ralph-worktrees\iter-440\reviews\chapter11.10-code-review.md[0m, all lines
↱ Operation 2: Reading file: [38;5;141mC:\tmp\ralph-worktrees\iter-440\specs\ch11-r10-code-review.md[0m, all lines
↱ Operation 3: Reading file: [38;5;141mC:\tmp\ralph-worktrees\iter-440\specs\ch11-r10-python.md[0m, all lines
[38;5;10m ✓ [0mSuccessfully read [38;5;244m24782 bytes[0m from C:\tmp\ralph-worktrees\iter-440\reviews\chapter11.10-code-review.md

[38;5;10m ✓ [0mSuccessfully read [38;5;244m833 bytes[0m from C:\tmp\ralph-worktrees\iter-440\specs\ch11-r10-code-review.md

[38;5;10m ✓ [0mSuccessfully read [38;5;244m897 bytes[0m from C:\tmp\ralph-worktrees\iter-440\specs\ch11-r10-python.md

 ⋮ 

[38;5;244m- [0mSummary: 3 operations processed, 3 successful, 0 failed
[38;5;244m - Completed in 0.1s[0m

[38;5;252m[0m[?25l[?25l[0m[0m[?25l[0m[?25l[0m[0m[?25l[0m[0m[0m
[38;5;8m
 ▸ Credits: 1.55 • Time: 17s

[0m[1G[0m[0m[?25h[38;5;141m> [0m{"verdict": "pass", "rationale": "The code review at reviews/chapter11.10-code-review.md verifies API correctness comprehensively (dedicated section enumerates boto3 call shapes for bedrock-runtime, bedrock-agent-runtime, dynamodb, eventbridge, cloudwatch, s3, connect, sfn, plus IAM action mapping). It identifies 8 real issues with explicit severity ratings (2 WARNING, 6 NOTE) covering substantive concerns: disposition normalization gap (Issue 1), demo scripted-response misalignment (Issue 2), unused funnel-stage instrumentation (Issue 3), incomplete disclosure verification (Issue 4), unused clients/constants (Issue 5), over-broad PHI regex (Issue 6), post-hoc metadata filter (Issue 7), and skipped Guardrail call (Issue 8). Each finding includes a specific file reference, an embedded code snippet showing the issue, and a concrete actionable fix with implementation options. Pseudocode-to-Python mapping table confirms all ten steps. Pass condition fully satisfied."}