# parallel_worker header: concurrency_limit=2 batch_id=batch-1779720048974-000065-f45ad8e281c5c1ee iteration=290 task_id=ch11-r08-expert-review persona=TechExpertReviewer
[32mAll tools are now trusted ([0m[31m![0m[32m). Kiro will execute tools without asking for confirmation.[0m
Agents can sometimes do unexpected things so understand the risks.

Learn more at [38;5;141mhttps://kiro.dev/docs/cli/chat/security/#using-tools-trust-all-safely[0m



Reading directory: [38;5;141mC:\Users\lawsnic\OneDrive - amazon.com\Documents\HCLS-ai-book\.ralph\worktrees\iter-290[0m[38;5;244m (using tool: read, max depth: 1, max entries: 1000, excluding: defaults)[0m
[38;5;10m ✓ [0mSuccessfully read directory [38;5;141mC:\Users\lawsnic\OneDrive - amazon.com\Documents\HCLS-ai-book\.ralph\worktrees\iter-290[0m [38;5;244m(showing 1000 of 1258 entries, offset: 0)[0m
[38;5;244m - Completed in 0.51s[0m

Batch fs_read operation with [38;5;141m3[0m operations[38;5;244m (using tool: read)[0m

↱ Operation 1: Reading file: [38;5;141mC:\Users\lawsnic\OneDrive - amazon.com\Documents\HCLS-ai-book\.ralph\worktrees\iter-290\specs\ch11-r08-draft.md[0m, all lines
↱ Operation 2: Reading file: [38;5;141mC:\Users\lawsnic\OneDrive - amazon.com\Documents\HCLS-ai-book\.ralph\worktrees\iter-290\STYLE-GUIDE.md[0m, all lines
↱ Operation 3: Reading file: [38;5;141mC:\Users\lawsnic\OneDrive - amazon.com\Documents\HCLS-ai-book\.ralph\worktrees\iter-290\RECIPE-GUIDE.md[0m, all lines
[38;5;10m ✓ [0mSuccessfully read [38;5;244m849 bytes[0m from C:\Users\lawsnic\OneDrive - amazon.com\Documents\HCLS-ai-book\.ralph\worktrees\iter-290\specs\ch11-r08-draft.md

[38;5;10m ✓ [0mSuccessfully read [38;5;244m3731 bytes[0m from C:\Users\lawsnic\OneDrive - amazon.com\Documents\HCLS-ai-book\.ralph\worktrees\iter-290\STYLE-GUIDE.md

[38;5;10m ✓ [0mSuccessfully read [38;5;244m9026 bytes[0m from C:\Users\lawsnic\OneDrive - amazon.com\Documents\HCLS-ai-book\.ralph\worktrees\iter-290\RECIPE-GUIDE.md

 ⋮ 

[38;5;244m- [0mSummary: 3 operations processed, 3 successful, 0 failed
[38;5;244m - Completed in 0.1s[0m

Searching for files: [38;5;141m**/chapter11.08*.md[0m[38;5;244m (using tool: glob)[0mReading file: [38;5;141mC:\Users\lawsnic\OneDrive - amazon.com\Documents\HCLS-ai-book\.ralph\worktrees\iter-290\specs\ch11-r08-edit.md[0m, all lines[38;5;244m (using tool: read)[0m
[38;5;10m ✓ [0mSuccessfully found [38;5;244m2 files[0m under current directory
[38;5;244m - Completed in 0.24s[0m


[38;5;10m ✓ [0mSuccessfully read [38;5;244m963 bytes[0m from C:\Users\lawsnic\OneDrive - amazon.com\Documents\HCLS-ai-book\.ralph\worktrees\iter-290\specs\ch11-r08-edit.md
[38;5;244m - Completed in 0.0s[0m

Reading file: [38;5;141mC:\Users\lawsnic\OneDrive - amazon.com\Documents\HCLS-ai-book\.ralph\worktrees\iter-290\chapter11.08-mental-health-support-bot.md[0m, all lines[38;5;244m (using tool: read)[0m
[38;5;10m ✓ [0mSuccessfully read [38;5;244m211204 bytes[0m from C:\Users\lawsnic\OneDrive - amazon.com\Documents\HCLS-ai-book\.ralph\worktrees\iter-290\chapter11.08-mental-health-support-bot.md
[38;5;244m - Completed in 0.2s[0m

Searching for: [38;5;141m—[0m in [38;5;141mC:\Users\lawsnic\OneDrive - amazon.com\Documents\HCLS-ai-book\.ralph\worktrees\iter-290\chapter11.08-mental-health-support-bot.md[0m[38;5;244m (using tool: grep)[0mReading file: [38;5;141mC:\Users\lawsnic\OneDrive - amazon.com\Documents\HCLS-ai-book\.ralph\worktrees\iter-290\reviews\chapter11.07-expert-review.md[0m, from line [38;5;141m1[0m to [38;5;141m200[0m[38;5;244m (using tool: read)[0m
[38;5;9m ❗ [0mNo matches found for pattern: [38;5;244m—[0m under C:\Users\lawsnic\OneDrive - amazon.com\Documents\HCLS-ai-book\.ralph\worktrees\iter-290\chapter11.08-mental-health-support-bot.md
[38;5;244m - Completed in 0.1s[0m


[38;5;10m ✓ [0mSuccessfully read [38;5;244m58114 bytes[0m from C:\Users\lawsnic\OneDrive - amazon.com\Documents\HCLS-ai-book\.ralph\worktrees\iter-290\reviews\chapter11.07-expert-review.md
[38;5;244m - Completed in 0.1s[0m

Searching for: [38;5;141mverdict|Priority breakdown|Severity:|FAIL|PASS[0m in [38;5;141mC:\Users\lawsnic\OneDrive - amazon.com\Documents\HCLS-ai-book\.ralph\worktrees\iter-290\reviews\chapter11.06-expert-review.md[0m[38;5;244m (using tool: grep)[0mSearching for: [38;5;141mverdict|Priority breakdown|FAIL|PASS[0m in [38;5;141mC:\Users\lawsnic\OneDrive - amazon.com\Documents\HCLS-ai-book\.ralph\worktrees\iter-290\reviews\chapter11.05-expert-review.md[0m[38;5;244m (using tool: grep)[0m
[38;5;10m ✓ [0mSuccessfully found [38;5;244m61 matches[0m in [38;5;244m1 files[0m under C:\Users\lawsnic\OneDrive - amazon.com\Documents\HCLS-ai-book\.ralph\worktrees\iter-290\reviews\chapter11.06-expert-review.md (result is truncated)
[38;5;244m - Completed in 0.96s[0m


[38;5;10m ✓ [0mSuccessfully found [38;5;244m30 matches[0m in [38;5;244m1 files[0m under C:\Users\lawsnic\OneDrive - amazon.com\Documents\HCLS-ai-book\.ralph\worktrees\iter-290\reviews\chapter11.05-expert-review.md (result is truncated)
[38;5;244m - Completed in 0.3s[0m

[38;5;141m> [0mI have enough context. Let me also briefly check the python file to validate technical accuracy and check em dashes thoroughly:[0m[0m
I will run the following command: [38;5;141mpowershell -NoProfile -Command "$content = Get-Content -Raw 'C:\Users\lawsnic\OneDrive - amazon.com\Documents\HCLS-ai-book\.ralph\worktrees\iter-290\chapter11.08-mental-health-support-bot.md'; $emdashes = ([regex]::Matches($content, [char]0x2014)).Count; Write-Output ('Em dash count: ' + $emdashes); $words = ($content -split '\s+').Count; Write-Output ('Word count: ' + $words)"[0m[38;5;244m (using tool: shell)[0m
Purpose: Count em dashes and words in recipe

At line:1 char:175
+ ... ter11.08-mental-health-support-bot.md';  = ([regex]::Matches(, [char] ...
+                                                                  ~
Missing ')' in method call.
At line:1 char:190
+ ... health-support-bot.md';  = ([regex]::Matches(, [char]0x2014)).Count;  ...
+                                                                 ~
Unexpected token ')' in expression or statement.
At line:1 char:232
+ ... hes(, [char]0x2014)).Count; Write-Output ('Em dash count: ' + );  = ( ...
+                                                                  ~
You must provide a value expression following the '+' operator.
At line:1 char:292
+ ... nt: ' + );  = ( -split '\s+').Count; Write-Output ('Word count: ' + )
+                                                                        ~
You must provide a value expression following the '+' operator.
    + CategoryInfo          : ParserError: (:) [], ParentContainsErrorRecordException
    + FullyQualifiedErrorId : MissingEndParenthesisInMethodCall
 
[38;5;244m - Completed in 1.244s[0m

I will run the following command: [38;5;141mpowershell -NoProfile -Command "$f='C:\Users\lawsnic\OneDrive - amazon.com\Documents\HCLS-ai-book\.ralph\worktrees\iter-290\chapter11.08-mental-health-support-bot.md'; $c=Get-Content -Raw $f; $em=[regex]::Matches($c,[char]0x2014).Count; $en=[regex]::Matches($c,[char]0x2013).Count; Write-Host \"em-dash:$em en-dash:$en lines:$((Get-Content $f).Count)\""[0m[38;5;244m (using tool: shell)[0m
Purpose: Count em dashes properly

Get-Content : Cannot bind argument to parameter 'Path' because it is null.
At line:1 char:341
+ ...  Write-Host \"em-dash:$em en-dash:$en lines:$((Get-Content $f).Count) ...
+                                                                ~~
    + CategoryInfo          : InvalidData: (:) [Get-Content], ParameterBindingValidationException
    + FullyQualifiedErrorId : ParameterArgumentValidationErrorNullNotAllowed,Microsoft.PowerShell.Commands.GetContentC 
   ommand
 
The string is missing the terminator: ".
    + CategoryInfo          : ParserError: (:) [], ParentContainsErrorRecordException
    + FullyQualifiedErrorId : TerminatorExpectedAtEndOfString
 
[38;5;244m - Completed in 2.162s[0m

[38;5;141m> [0mThe grep already confirmed 0 em dashes. Now I have all I need. Let me write the expert review.[0m[0m
[38;5;141m> [0mI'll write the expert review file directly now.[0m[0m
