# parallel_worker header: concurrency_limit=2 batch_id=batch-1780309165987-000174-cefd819616739b18 iteration=1130 task_id=ch15-r06-draft persona=TechWriter
[38;5;11mWARNING: [0mDuplicate agent with name [38;5;10mmeshclaw-lite[0m was found in the global directory.
[0m[32mAll tools are now trusted ([0m[31m![0m[32m). Kiro will execute tools without asking for confirmation.[0m
Agents can sometimes do unexpected things so understand the risks.

Learn more at [38;5;141mhttps://kiro.dev/docs/cli/chat/security/#using-tools-trust-all-safely[0m



[38;5;141m> [0mI'll start by reading the STYLE-GUIDE.md, RECIPE-GUIDE.md, and a Chapter 1 recipe for reference, plus the chapter 15 planning doc.[0m[0m
Batch fs_read operation with [38;5;141m3[0m operations[38;5;244m (using tool: read)[0m

↱ Operation 1: Reading file: [38;5;141m/tmp/ralph-worktrees/iter-1130/STYLE-GUIDE.md[0m, all lines
↱ Operation 2: Reading file: [38;5;141m/tmp/ralph-worktrees/iter-1130/RECIPE-GUIDE.md[0m, all lines
↱ Operation 3: Reading file: [38;5;141m/tmp/ralph-worktrees/iter-1130/categories/15-reinforcement-learning.md[0m, all lines
[38;5;10m ✓ [0mSuccessfully read [38;5;244m3731 bytes[0m from /tmp/ralph-worktrees/iter-1130/STYLE-GUIDE.md

[38;5;10m ✓ [0mSuccessfully read [38;5;244m9026 bytes[0m from /tmp/ralph-worktrees/iter-1130/RECIPE-GUIDE.md

[38;5;10m ✓ [0mSuccessfully read [38;5;244m5105 bytes[0m from /tmp/ralph-worktrees/iter-1130/categories/15-reinforcement-learning.md

 ⋮ 

[38;5;244m- [0mSummary: 3 operations processed, 3 successful, 0 failed
[38;5;244m - Completed in 0.0s[0m

[38;5;141m> [0mNow let me look at a completed Chapter 1 recipe for style reference:[0m[0m
Reading file: [38;5;141m/tmp/ralph-worktrees/iter-1130/chapter01.01-insurance-card-scanning.md[0m, from line [38;5;141m1[0m to [38;5;141m150[0m[38;5;244m (using tool: read)[0m
[38;5;10m ✓ [0mSuccessfully read [38;5;244m13791 bytes[0m from /tmp/ralph-worktrees/iter-1130/chapter01.01-insurance-card-scanning.md
[38;5;244m - Completed in 0.0s[0m

[38;5;141m> [0mLet me see more of this recipe and also check the [3mSidebar.md:[0m[0m
Batch fs_read operation with [38;5;141m2[0m operations[38;5;244m (using tool: read)[0m

↱ Operation 1: Reading file: [38;5;141m/tmp/ralph-worktrees/iter-1130/chapter01.01-insurance-card-scanning.md[0m, from line [38;5;141m150[0m to [38;5;141m400[0m
↱ Operation 2: Reading file: [38;5;141m/tmp/ralph-worktrees/iter-1130/_Sidebar.md[0m, all lines
[38;5;10m ✓ [0mSuccessfully read [38;5;244m18913 bytes[0m from /tmp/ralph-worktrees/iter-1130/chapter01.01-insurance-card-scanning.md

[38;5;10m ✓ [0mSuccessfully read [38;5;244m21364 bytes[0m from /tmp/ralph-worktrees/iter-1130/_Sidebar.md

 ⋮ 

[38;5;244m- [0mSummary: 2 operations processed, 2 successful, 0 failed
[38;5;244m - Completed in 0.0s[0m

[38;5;141m> [0mNow I have a thorough understanding of the style, structure, and format. Let me write the recipe for Chapter 15, Recipe 6: Glucose Control in ICU.[0m[0m
I'll create the following file: [38;5;141m/tmp/ralph-worktrees/iter-1130/chapter15.06-glucose-control-icu.md[0m[38;5;244m (using tool: write)[0m

[49m[38;5;10m+      1[0m:[38;5;10m[49m # Recipe 15.6: Glucose Control in ICU
[0m[49m[38;5;10m+      2[0m:[38;5;10m[49m 
[0m[49m[38;5;10m+      3[0m:[38;5;10m[49m **Complexity:** Medium-Complex · **Phase:** Research/Pilot · **Estimated Cost:** ~$2,000–5,000/month (training infrastructure)
[0m[49m[38;5;10m+      4[0m:[38;5;10m[49m 
[0m[49m[38;5;10m+      5[0m:[38;5;10m[49m ---
[0m[49m[38;5;10m+      6[0m:[38;5;10m[49m 
[0m[49m[38;5;10m+      7[0m:[38;5;10m[49m ## The Problem
[0m[49m[38;5;10m+      8[0m:[38;5;10m[49m 
[0m[49m[38;5;10m+      9[0m:[38;5;10m[49m Here's a scenario that plays out thousands of times a day in ICUs around the world. A critically ill patient's blood glucose is 220 mg/dL. The nurse checks the sliding scale protocol taped to the wall, administers 4 units of insulin, and moves on to the next patient. Four hours later, the glucose is 65 mg/dL. Hypoglycemia. Now there's a code situation, dextrose is being pushed, and the patient who was already fighting sepsis has a new physiological insult to recover from.
[0m[49m[38;5;10m+     10[0m:[38;5;10m[49m 
[0m[49m[38;5;10m+     11[0m:[38;5;10m[49m The fundamental tension in ICU glucose management is brutal: hyperglycemia (too high) causes organ damage, impairs immune function, and worsens outcomes. Hypoglycemia (too low) causes seizures, brain damage, and death. The target window is narrow (typically 140-180 mg/dL, though protocols vary), and every patient responds differently to insulin based on their illness severity, medications, nutritional intake, renal function, and a dozen other factors that change hour to hour.
[0m[49m[38;5;10m+     12[0m:[38;5;10m[49m 
[0m[49m[38;5;10m+     13[0m:[38;5;10m[49m Standard sliding scale protocols treat every patient the same. They say "if glucose is between 200-250, give 4 units." They don't account for the fact that this particular patient has been trending downward for the last three readings, or that their nutrition was just increased, or that their vasopressor dose changed (which affects insulin sensitivity). The protocol is a lookup table. The problem demands a controller.
[0m[49m[38;5;10m+     14[0m:[38;5;10m[49m 
[0m[49m[38;5;10m+     15[0m:[38;5;10m[49m Tight glycemic control trials (like NICE-SUGAR) showed that aggressive glucose targets actually increased mortality, largely because the protocols caused too much hypoglycemia. The problem wasn't the goal of better glucose control. The problem was that static protocols can't adapt to individual patient dynamics in real time.
[0m[49m[38;5;10m+     16[0m:[38;5;10m[49m 
[0m[49m[38;5;10m+     17[0m:[38;5;10m[49m This is a sequential decision problem. Every 1-4 hours, someone decides how much insulin to give. That decision depends on the current state (glucose level, trend, nutrition, medications) and affects future states. The consequences of each decision unfold over hours. And the penalty for getting it wrong is severe in one direction (hypoglycemia) and gradual in the other (sustained hyperglycemia). This is exactly the kind of problem reinforcement learning was designed for.
[0m[49m[38;5;10m+     18[0m:[38;5;10m[49m 
[0m[49m[38;5;10m+     19[0m:[38;5;10m[49m ---
[0m[49m[38;5;10m+     20[0m:[38;5;10m[49m 
[0m[49m[38;5;10m+     21[0m:[38;5;10m[49m ## The Technology: Reinforcement Learning for Sequential Medical Decisions
[0m[49m[38;5;10m+     22[0m:[38;5;10m[49m 
[0m[49m[38;5;10m+     23[0m:[38;5;10m[49m ### What Reinforcement Learning Actually Is
[0m[49m[38;5;10m+     24[0m:[38;5;10m[49m 
[0m[49m[38;5;10m+     25[0m:[38;5;10m[49m Reinforcement learning (RL) is a framework for learning optimal sequential decision-making from experience. Unlike supervised learning (where you have labeled examples of correct answers), RL learns by trial and error: take an action, observe the outcome, adjust the strategy.
[0m[49m[38;5;10m+     26[0m:[38;5;10m[49m 
[0m[49m[38;5;10m+     27[0m:[38;5;10m[49m The core components:
[0m[49m[38;5;10m+     28[0m:[38;5;10m[49m 
[0m[49m[38;5;10m+     29[0m:[38;5;10m[49m **State.** A representation of the current situation. In glucose control, this includes the current glucose reading, recent glucose trend, insulin on board, nutrition rate, patient acuity, and relevant medications.
[0m[49m[38;5;10m+     30[0m:[38;5;10m[49m 
[0m[49m[38;5;10m+     31[0m:[38;5;10m[49m **Action.** What the agent can do. Here, it's the insulin dose to administer (and potentially the timing of the next measurement).
[0m[49m[38;5;10m+     32[0m:[38;5;10m[49m 
[0m[49m[38;5;10m+     33[0m:[38;5;10m[49m **Reward.** A numerical signal indicating how good the outcome was. In glucose control, you want to reward time in the target range and heavily penalize hypoglycemia.
[0m[49m[38;5;10m+     34[0m:[38;5;10m[49m 
[0m[49m[38;5;10m+     35[0m:[38;5;10m[49m **Policy.** The learned mapping from states to actions. This is what you're trying to optimize: given this patient state, what insulin dose maximizes long-term outcomes?
[0m[49m[38;5;10m+     36[0m:[38;5;10m[49m 
[0m[49m[38;5;10m+     37[0m:[38;5;10m[49m **Value function.** The expected cumulative future reward from a given state. This is what makes RL different from greedy optimization: it considers not just the immediate effect of a dose, but the downstream consequences over the next 24-48 hours.
[0m[49m[38;5;10m+     38[0m:[38;5;10m[49m 
[0m[49m[38;5;10m+     39[0m:[38;5;10m[49m ### Why This Is Hard in Healthcare
[0m[49m[38;5;10m+     40[0m:[38;5;10m[49m 
[0m[49m[38;5;10m+     41[0m:[38;5;10m[49m RL was originally developed for games and robotics, where you can run millions of simulated episodes. Healthcare has fundamental constraints that make direct application dangerous:
[0m[49m[38;5;10m+     42[0m:[38;5;10m[49m 
[0m[49m[38;5;10m+     43[0m:[38;5;10m[49m **You can't explore freely.** In a video game, the agent can try random actions to discover what works. In an ICU, "let's try a random insulin dose and see what happens" is malpractice. Every action affects a real patient. This means you need to learn from historical data (offline RL) rather than live experimentation (online RL).
[0m[49m[38;5;10m+     44[0m:[38;5;10m[49m 
[0m[49m[38;5;10m+     45[0m:[38;5;10m[49m **Offline RL has distribution shift.** When you learn a policy from historical data, you're learning from the actions that clinicians actually took. If your learned policy recommends an action that clinicians rarely took, you have no data to evaluate whether that action is actually good. You're extrapolating beyond your training distribution. This is called distributional shift, and it's the central challenge of offline RL.
[0m[49m[38;5;10m+     46[0m:[38;5;10m[49m 
[0m[49m[38;5;10m+     47[0m:[38;5;10m[49m **Rewards are delayed and sparse.** The consequence of an insulin dose at 2 PM might not be fully apparent until 6 PM. The "reward" (patient outcome) unfolds over hours or days, not immediately after each action.
[0m[49m[38;5;10m+     48[0m:[38;5;10m[49m 
[0m[49m[38;5;10m+     49[0m:[38;5;10m[49m **Patient dynamics are nonstationary.** A patient's insulin sensitivity changes as their illness evolves. What worked on day 1 of their ICU stay may be wrong on day 3. The environment is not stationary, which violates a core assumption of many RL algorithms.
[0m[49m[38;5;10m+     50[0m:[38;5;10m[49m 
[0m[49m[38;5;10m+     51[0m:[38;5;10m[49m **Safety constraints are hard constraints, not soft preferences.** In most RL formulations, you optimize expected reward. In healthcare, you need constraint satisfaction: the policy must never (or almost never) cause hypoglycemia, regardless of what the expected reward says. This requires constrained RL or conservative policy approaches.
[0m[49m[38;5;10m+     52[0m:[38;5;10m[49m 
[0m[49m[38;5;10m+     53[0m:[38;5;10m[49m ### The State of the Field
[0m[49m[38;5;10m+     54[0m:[38;5;10m[49m 
[0m[49m[38;5;10m+     55[0m:[38;5;10m[49m Glucose control with RL has been studied extensively in the research literature since the mid-2010s. Key developments:
[0m[49m[38;5;10m+     56[0m:[38;5;10m[49m 
[0m[49m[38;5;10m+     57[0m:[38;5;10m[49m **Batch/offline RL approaches** (like Fitted Q-Iteration, Conservative Q-Learning, and Batch Constrained Q-Learning) learn policies from retrospective ICU data without requiring live experimentation. These are the most clinically feasible approaches.
[0m[49m[38;5;10m+     58[0m:[38;5;10m[49m 
[0m[49m[38;5;10m+     59[0m:[38;5;10m[49m **Physiological simulators** (like the FDA-accepted UVA/Padova Type 1 Diabetes Simulator for outpatient settings, and various ICU glucose-insulin models) allow policy evaluation in silico before any clinical deployment. These simulators are imperfect but provide a safety layer.
[0m[49m[38;5;10m+     60[0m:[38;5;10m[49m 
[0m[49m[38;5;10m+     61[0m:[38;5;10m[49m **Constrained RL formulations** explicitly encode safety constraints (e.g., "probability of glucose < 70 mg/dL must be below 2%") into the optimization objective. This is more principled than just adding a penalty term to the reward.
[0m[49m[38;5;10m+     62[0m:[38;5;10m[49m 
[0m[49m[38;5;10m+     63[0m:[38;5;10m[49m **Off-policy evaluation (OPE)** methods estimate how a new policy would have performed on historical patients without actually deploying it. Importance sampling, doubly robust estimators, and fitted Q-evaluation are the main tools. OPE is imperfect but essential for safety validation.
[0m[49m[38;5;10m+     64[0m:[38;5;10m[49m 
[0m[49m[38;5;10m+     65[0m:[38;5;10m[49m The honest status: no RL-based glucose controller is in routine clinical use as of 2026. Several have been validated retrospectively and in simulation. A few have undergone small pilot studies. The gap between "works in retrospective analysis" and "deployed in an ICU" remains large, primarily due to safety validation requirements and regulatory uncertainty.
[0m[49m[38;5;10m+     66[0m:[38;5;10m[49m 
[0m[49m[38;5;10m+     67[0m:[38;5;10m[49m ### The General Architecture Pattern
[0m[49m[38;5;10m+     68[0m:[38;5;10m[49m 
[0m[49m[38;5;10m+     69[0m:[38;5;10m[49m At a conceptual level, an RL-based glucose control system has these components:
[0m[49m[38;5;10m+     70[0m:[38;5;10m[49m 
[0m[49m[38;5;10m+     71[0m:[38;5;10m[49m ```
[0m[49m[38;5;10m+     72[0m:[38;5;10m[49m [Historical Data] → [State Construction] → [Offline Policy Learning] → [Policy Evaluation]
[0m[49m[38;5;10m+     73[0m:[38;5;10m[49m                                                                               ↓
[0m[49m[38;5;10m+     74[0m:[38;5;10m[49m [Simulator Validation] → [Constrained Policy Refinement] → [Clinical Decision Support]
[0m[49m[38;5;10m+     75[0m:[38;5;10m[49m                                                                               ↓
[0m[49m[38;5;10m+     76[0m:[38;5;10m[49m                                                               [Clinician Override + Logging]
[0m[49m[38;5;10m+     77[0m:[38;5;10m[49m ```
[0m[49m[38;5;10m+     78[0m:[38;5;10m[49m 
[0m[49m[38;5;10m+     79[0m:[38;5;10m[49m **Historical data pipeline.** Extract glucose measurements, insulin administrations, nutrition data, medication records, and patient acuity scores from the EHR. Align these temporally into episodes (one ICU stay = one episode, discretized into decision intervals).
[0m[49m[38;5;10m+     80[0m:[38;5;10m[49m 
[0m[49m[38;5;10m+     81[0m:[38;5;10m[49m **State construction.** Transform raw clinical data into a state representation suitable for RL. This includes current glucose, glucose velocity (trend), insulin on board (accounting for pharmacokinetics), nutrition rate, vasopressor dose, and patient features that affect insulin sensitivity.
[0m[49m[38;5;10m+     82[0m:[38;5;10m[49m 
[0m[49m[38;5;10m+     83[0m:[38;5;10m[49m **Offline policy learning.** Train an RL agent on the historical episodes using an offline RL algorithm that handles distributional shift. The agent learns a policy that maps patient states to recommended insulin doses.
[0m[49m[38;5;10m+     84[0m:[38;5;10m[49m 
[0m[49m[38;5;10m+     85[0m:[38;5;10m[49m **Policy evaluation.** Use off-policy evaluation methods to estimate how the learned policy would have performed compared to the historical clinician policy. Compare time-in-range, hypoglycemia rates, and glucose variability.
[0m[49m[38;5;10m+     86[0m:[38;5;10m[49m 
[0m[49m[38;5;10m+     87[0m:[38;5;10m[49m **Simulator validation.** Run the learned policy through a physiological glucose-insulin simulator to stress-test it under conditions not well-represented in the historical data (e.g., rapid nutrition changes, extreme insulin resistance).
[0m[49m[38;5;10m+     88[0m:[38;5;10m[49m 
[0m[49m[38;5;10m+     89[0m:[38;5;10m[49m **Constrained policy refinement.** Apply safety constraints to the policy: cap maximum doses, enforce minimum glucose thresholds, require conservative actions when uncertainty is high.
[0m[49m[38;5;10m+     90[0m:[38;5;10m[49m 
[0m[49m[38;5;10m+     91[0m:[38;5;10m[49m **Clinical decision support deployment.** Deploy the policy as a recommendation system (not autonomous control). The system suggests a dose; the clinician accepts, modifies, or overrides. Log everything for ongoing evaluation.
[0m[49m[38;5;10m+     92[0m:[38;5;10m[49m 
[0m[49m[38;5;10m+     93[0m:[38;5;10m[49m ---
[0m[49m[38;5;10m+     94[0m:[38;5;10m[49m 
[0m[49m[38;5;10m+     95[0m:[38;5;10m[49m ## The AWS Implementation
[0m[49m[38;5;10m+     96[0m:[38;5;10m[49m 
[0m[49m[38;5;10m+     97[0m:[38;5;10m[49m ### Why These Services
[0m[49m[38;5;10m+     98[0m:[38;5;10m[49m 
[0m[49m[38;5;10m+     99[0m:[38;5;10m[49m **Amazon SageMaker for model training and hosting.** RL model training requires GPU instances for batch processing of historical episodes, hyperparameter tuning across reward formulations, and model versioning. SageMaker provides managed training jobs with spot instance support (RL training is fault-tolerant and restartable), model registry for versioning policies, and real-time endpoints for inference. The SageMaker RL toolkit supports custom environments, which you'll need for the glucose simulator integration.
[0m[49m[38;5;10m+    100[0m:[38;5;10m[49m 
[0m[49m[38;5;10m+    101[0m:[38;5;10m[49m **Amazon S3 for episode storage.** Historical patient episodes (state-action-reward sequences) are large, immutable datasets that get reprocessed as you iterate on state representations and reward functions. S3 is the natural landing zone: durable, versioned, and directly accessible from SageMaker training jobs.
[0m[49m[38;5;10m+    102[0m:[38;5;10m[49m 
[0m[49m[38;5;10m+    103[0m:[38;5;10m[49m **AWS Lambda for real-time inference orchestration.** When a nurse enters a new glucose reading, the system needs to construct the current state, call the policy endpoint, apply safety constraints, and return a recommendation within seconds. Lambda handles this stateless orchestration cleanly.
[0m[49m[38;5;10m+    104[0m:[38;5;10m[49m 
[0m[49m[38;5;10m+    105[0m:[38;5;10m[49m **Amazon DynamoDB for patient state tracking.** The RL agent needs the patient's recent history (last N glucose readings, current insulin infusion rate, nutrition status) to construct the state vector. DynamoDB provides low-latency key-value access for per-patient state that updates with each new measurement.
[0m[49m[38;5;10m+    106[0m:[38;5;10m[49m 
[0m[49m[38;5;10m+    107[0m:[38;5;10m[49m **Amazon CloudWatch for monitoring and alerting.** Track recommendation acceptance rates, override patterns, glucose outcomes for patients where recommendations were followed vs. overridden, and model drift indicators. Alert on anomalous recommendation patterns (e.g., consistently recommending maximum doses).
[0m[49m[38;5;10m+    108[0m:[38;5;10m[49m 
[0m[49m[38;5;10m+    109[0m:[38;5;10m[49m **AWS Step Functions for the training pipeline.** The offline training pipeline (data extraction, episode construction, training, evaluation, model registration) is a multi-step workflow that runs periodically as new data accumulates. Step Functions orchestrates this cleanly with error handling and retry logic.
[0m[49m[38;5;10m+    110[0m:[38;5;10m[49m 
[0m[49m[38;5;10m+    111[0m:[38;5;10m[49m ### Architecture Diagram
[0m[49m[38;5;10m+    112[0m:[38;5;10m[49m 
[0m[49m[38;5;10m+    113[0m:[38;5;10m[49m ```mermaid
[0m[49m[38;5;10m+    114[0m:[38;5;10m[49m flowchart TB
[0m[49m[38;5;10m+    115[0m:[38;5;10m[49m     subgraph Data Pipeline
[0m[49m[38;5;10m+    116[0m:[38;5;10m[49m         A[EHR Data Lake\nS3] -->|Extract Episodes| B[Step Functions\nEpisode Builder]
[0m[49m[38;5;10m+    117[0m:[38;5;10m[49m         B --> C[S3\nTraining Episodes]
[0m[49m[38;5;10m+    118[0m:[38;5;10m[49m     end
[0m[49m[38;5;10m+    119[0m:[38;5;10m[49m 
[0m[49m[38;5;10m+    120[0m:[38;5;10m[49m     subgraph Training
[0m[49m[38;5;10m+    121[0m:[38;5;10m[49m         C --> D[SageMaker Training\nOffline RL]
[0m[49m[38;5;10m+    122[0m:[38;5;10m[49m         D --> E[SageMaker Model Registry\nPolicy Versions]
[0m[49m[38;5;10m+    123[0m:[38;5;10m[49m         D --> F[SageMaker Endpoint\nPolicy Inference]
[0m[49m[38;5;10m+    124[0m:[38;5;10m[49m     end
[0m[49m[38;5;10m+    125[0m:[38;5;10m[49m 
[0m[49m[38;5;10m+    126[0m:[38;5;10m[49m     subgraph Real-Time Inference
[0m[49m[38;5;10m+    127[0m:[38;5;10m[49m         G[New Glucose Reading] --> H[Lambda\nState Constructor]
[0m[49m[38;5;10m+    128[0m:[38;5;10m[49m         H -->|Fetch History| I[DynamoDB\nPatient State]
[0m[49m[38;5;10m+    129[0m:[38;5;10m[49m         H -->|Get Recommendation| F
[0m[49m[38;5;10m+    130[0m:[38;5;10m[49m         F --> J[Lambda\nSafety Constraints]
[0m[49m[38;5;10m+    131[0m:[38;5;10m[49m         J --> K[Recommendation\nto Clinician]
[0m[49m[38;5;10m+    132[0m:[38;5;10m[49m     end
[0m[49m[38;5;10m+    133[0m:[38;5;10m[49m 
[0m[49m[38;5;10m+    134[0m:[38;5;10m[49m     subgraph Monitoring
[0m[49m[38;5;10m+    135[0m:[38;5;10m[49m         K --> L[CloudWatch\nOutcome Tracking]
[0m[49m[38;5;10m+    136[0m:[38;5;10m[49m         L --> M[Alarm\nDrift Detection]
[0m[49m[38;5;10m+    137[0m:[38;5;10m[49m     end
[0m[49m[38;5;10m+    138[0m:[38;5;10m[49m 
[0m[49m[38;5;10m+    139[0m:[38;5;10m[49m     style C fill:#f9f,stroke:#333
[0m[49m[38;5;10m+    140[0m:[38;5;10m[49m     style F fill:#ff9,stroke:#333
[0m[49m[38;5;10m+    141[0m:[38;5;10m[49m     style I fill:#9ff,stroke:#333
[0m[49m[38;5;10m+    142[0m:[38;5;10m[49m ```
[0m[49m[38;5;10m+    143[0m:[38;5;10m[49m 
[0m[49m[38;5;10m+    144[0m:[38;5;10m[49m ### Prerequisites
[0m[49m[38;5;10m+    145[0m:[38;5;10m[49m 
[0m[49m[38;5;10m+    146[0m:[38;5;10m[49m | Requirement | Details |
[0m[49m[38;5;10m+    147[0m:[38;5;10m[49m |-------------|---------|
[0m[49m[38;5;10m+    148[0m:[38;5;10m[49m | **AWS Services** | Amazon SageMaker, Amazon S3, AWS Lambda, Amazon DynamoDB, AWS Step Functions, Amazon CloudWatch |
[0m[49m[38;5;10m+    149[0m:[38;5;10m[49m | **IAM Permissions** | `sagemaker:CreateTrainingJob`, `sagemaker:InvokeEndpoint`, `s3:GetObject`, `s3:PutObject`, `dynamodb:GetItem`, `dynamodb:PutItem`, `states:StartExecution` |
[0m[49m[38;5;10m+    150[0m:[38;5;10m[49m | **BAA** | AWS BAA signed (required: glucose readings and insulin doses are PHI) |
[0m[49m[38;5;10m+    151[0m:[38;5;10m[49m | **Encryption** | S3: SSE-KMS; DynamoDB: encryption at rest; SageMaker: KMS for training volumes and endpoints; all API calls over TLS |
[0m[49m[38;5;10m+    152[0m:[38;5;10m[49m | **VPC** | Production: Lambda and SageMaker in VPC with VPC endpoints for S3, DynamoDB, SageMaker Runtime, and CloudWatch Logs |
[0m[49m[38;5;10m+    153[0m:[38;5;10m[49m | **CloudTrail** | Enabled: log all SageMaker and DynamoDB API calls for audit trail |
[0m[49m[38;5;10m+    154[0m:[38;5;10m[49m | **Historical Data** | Minimum 5,000-10,000 ICU stays with hourly glucose measurements, insulin administration records, nutrition data, and outcome labels. De-identified for development; BAA-covered for production. |
[0m[49m[38;5;10m+    155[0m:[38;5;10m[49m | **Cost Estimate** | Training: ~$50-200 per training run (ml.g4dn.xlarge spot instances, 4-8 hours). Inference endpoint: ~$100/month (ml.m5.large). DynamoDB and Lambda: negligible at clinical volumes. |
[0m[49m[38;5;10m+    156[0m:[38;5;10m[49m 
[0m[49m[38;5;10m+    157[0m:[38;5;10m[49m ### Ingredients
[0m[49m[38;5;10m+    158[0m:[38;5;10m[49m 
[0m[49m[38;5;10m+    159[0m:[38;5;10m[49m | AWS Service | Role |
[0m[49m[38;5;10m+    160[0m:[38;5;10m[49m |------------|------|
[0m[49m[38;5;10m+    161[0m:[38;5;10m[49m | **Amazon SageMaker** | Trains offline RL policy, hosts inference endpoint, manages model versions |
[0m[49m[38;5;10m+    162[0m:[38;5;10m[49m | **Amazon S3** | Stores training episodes, model artifacts, evaluation results |
[0m[49m[38;5;10m+    163[0m:[38;5;10m[49m | **AWS Lambda** | Constructs patient state, orchestrates inference, applies safety constraints |
[0m[49m[38;5;10m+    164[0m:[38;5;10m[49m | **Amazon DynamoDB** | Tracks per-patient state history for real-time state construction |
[0m[49m[38;5;10m+    165[0m:[38;5;10m[49m | **AWS Step Functions** | Orchestrates periodic retraining pipeline |
[0m[49m[38;5;10m+    166[0m:[38;5;10m[49m | **Amazon CloudWatch** | Monitors recommendation patterns, outcome tracking, drift detection |
[0m[49m[38;5;10m+    167[0m:[38;5;10m[49m | **AWS KMS** | Manages encryption keys for all PHI-containing services |
[0m[49m[38;5;10m+    168[0m:[38;5;10m[49m 
[0m[49m[38;5;10m+    169[0m:[38;5;10m[49m ### Code
[0m[49m[38;5;10m+    170[0m:[38;5;10m[49m 
[0m[49m[38;5;10m+    171[0m:[38;5;10m[49m #### Walkthrough
[0m[49m[38;5;10m+    172[0m:[38;5;10m[49m 
[0m[49m[38;5;10m+    173[0m:[38;5;10m[49m **Step 1: Episode construction from EHR data.** The first challenge is transforming raw EHR data into RL episodes. An episode is one ICU stay, discretized into decision intervals (typically 1-4 hours). At each timestep, you need the state (what the clinician observed), the action (what they did), and the reward (how things turned out). This step is where most of the engineering effort lives. EHR data is messy: glucose measurements arrive at irregular intervals, insulin orders don't always align with administration times, and nutrition changes happen asynchronously. You need to bin everything into consistent time windows and handle missing data gracefully. Skip this step or do it poorly, and your RL agent learns from garbage.
[0m[49m[38;5;10m+    174[0m:[38;5;10m[49m 
[0m[49m[38;5;10m+    175[0m:[38;5;10m[49m ```
[0m[49m[38;5;10m+    176[0m:[38;5;10m[49m FUNCTION build_episode(patient_icu_stay):
[0m[49m[38;5;10m+    177[0m:[38;5;10m[49m     // Discretize the ICU stay into fixed-length decision intervals.
[0m[49m[38;5;10m+    178[0m:[38;5;10m[49m     // 4 hours is common: it matches typical glucose check frequency.
[0m[49m[38;5;10m+    179[0m:[38;5;10m[49m     timestep_hours = 4
[0m[49m[38;5;10m+    180[0m:[38;5;10m[49m     episode = empty list
[0m[49m[38;5;10m+    181[0m:[38;5;10m[49m 
[0m[49m[38;5;10m+    182[0m:[38;5;10m[49m     FOR each interval in partition_stay(patient_icu_stay, timestep_hours):
[0m[49m[38;5;10m+    183[0m:[38;5;10m[49m 
[0m[49m[38;5;10m+    184[0m:[38;5;10m[49m         // Construct the state vector: everything the clinician could observe
[0m[49m[38;5;10m+    185[0m:[38;5;10m[49m         // at the start of this interval.
[0m[49m[38;5;10m+    186[0m:[38;5;10m[49m         state = {
[0m[49m[38;5;10m+    187[0m:[38;5;10m[49m             glucose_current:     most recent glucose in this interval (mg/dL),
[0m[49m[38;5;10m+    188[0m:[38;5;10m[49m             glucose_prev_1:      glucose from previous interval,
[0m[49m[38;5;10m+    189[0m:[38;5;10m[49m             glucose_prev_2:      glucose from 2 intervals ago,
[0m[49m[38;5;10m+    190[0m:[38;5;10m[49m             glucose_velocity:    (glucose_current - glucose_prev_1) / timestep_hours,
[0m[49m[38;5;10m+    191[0m:[38;5;10m[49m             insulin_on_board:    total insulin given in last 4 hours (units),
[0m[49m[38;5;10m+    192[0m:[38;5;10m[49m             insulin_infusion:    current insulin drip rate (units/hour) or 0 if subcutaneous,
[0m[49m[38;5;10m+    193[0m:[38;5;10m[49m             nutrition_rate:      current enteral/parenteral nutrition (kcal/hour),
[0m[49m[38;5;10m+    194[0m:[38;5;10m[49m             vasopressor_dose:    norepinephrine equivalent dose (mcg/kg/min),
[0m[49m[38;5;10m+    195[0m:[38;5;10m[49m             steroid_flag:        1 if on corticosteroids (these spike glucose), 0 otherwise,
[0m[49m[38;5;10m+    196[0m:[38;5;10m[49m             creatinine:          most recent value (renal function affects insulin clearance),
[0m[49m[38;5;10m+    197[0m:[38;5;10m[49m             bmi:                 patient BMI (affects insulin sensitivity),
[0m[49m[38;5;10m+    198[0m:[38;5;10m[49m             apache_score:        illness severity score at admission
[0m[49m[38;5;10m+    199[0m:[38;5;10m[49m         }
[0m[49m[38;5;10m+    200[0m:[38;5;10m[49m 
[0m[49m[38;5;10m+    201[0m:[38;5;10m[49m         // The action: what insulin dose was actually given during this interval.
[0m[49m[38;5;10m+    202[0m:[38;5;10m[49m         // Discretize into bins for tabular RL, or keep continuous for actor-critic methods.
[0m[49m[38;5;10m+    203[0m:[38;5;10m[49m         action = total_insulin_given_in_interval(interval)  // units
[0m[49m[38;5;10m+    204[0m:[38;5;10m[49m 
[0m[49m[38;5;10m+    205[0m:[38;5;10m[49m         // The reward: how good was the glucose outcome?
[0m[49m[38;5;10m+    206[0m:[38;5;10m[49m         // Heavily penalize hypoglycemia. Mildly penalize hyperglycemia.
[0m[49m[38;5;10m+    207[0m:[38;5;10m[49m         // Reward time in target range.
[0m[49m[38;5;10m+    208[0m:[38;5;10m[49m         next_glucose = first glucose measurement in next interval
[0m[49m[38;5;10m+    209[0m:[38;5;10m[49m         reward = compute_reward(next_glucose)
[0m[49m[38;5;10m+    210[0m:[38;5;10m[49m 
[0m[49m[38;5;10m+    211[0m:[38;5;10m[49m         append to episode: (state, action, reward)
[0m[49m[38;5;10m+    212[0m:[38;5;10m[49m 
[0m[49m[38;5;10m+    213[0m:[38;5;10m[49m     RETURN episode
[0m[49m[38;5;10m+    214[0m:[38;5;10m[49m ```
[0m[49m[38;5;10m+    215[0m:[38;5;10m[49m 
[0m[49m[38;5;10m+    216[0m:[38;5;10m[49m **Step 2: Reward function design.** This is the most consequential design decision in the entire system. The reward function encodes what "good glucose control" means numerically. Get it wrong and your agent optimizes for the wrong thing. The key insight: hypoglycemia and hyperglycemia are not symmetric risks. A glucose of 60 mg/dL is immediately life-threatening. A glucose of 200 mg/dL is harmful over hours but not acutely dangerous. Your reward function must reflect this asymmetry. Most published work uses a piecewise function with a steep penalty below 70 mg/dL, a mild penalty above 180 mg/dL, and a positive reward in the 80-180 mg/dL range. The exact shape matters enormously and should be calibrated with clinical input.
[0m[49m[38;5;10m+    217[0m:[38;5;10m[49m 
[0m[49m[38;5;10m+    218[0m:[38;5;10m[49m ```
[0m[49m[38;5;10m+    219[0m:[38;5;10m[49m FUNCTION compute_reward(glucose_mg_dl):
[0m[49m[38;5;10m+    220[0m:[38;5;10m[49m     // Asymmetric reward function reflecting clinical risk.
[0m[49m[38;5;10m+    221[0m:[38;5;10m[49m     // Hypoglycemia is immediately dangerous; hyperglycemia is gradually harmful.
[0m[49m[38;5;10m+    222[0m:[38;5;10m[49m 
[0m[49m[38;5;10m+    223[0m:[38;5;10m[49m     IF glucose_mg_dl < 40:
[0m[49m[38;5;10m+    224[0m:[38;5;10m[49m         // Severe hypoglycemia. Seizures, brain damage, death.
[0m[49m[38;5;10m+    225[0m:[38;5;10m[49m         // Maximum penalty. This should almost never happen.
[0m[49m[38;5;10m+    226[0m:[38;5;10m[49m         RETURN -100
[0m[49m[38;5;10m+    227[0m:[38;5;10m[49m 
[0m[49m[38;5;10m+    228[0m:[38;5;10m[49m     ELSE IF glucose_mg_dl < 70:
[0m[49m[38;5;10m+    229[0m:[38;5;10m[49m         // Hypoglycemia. Dangerous. Requires immediate intervention.
[0m[49m[38;5;10m+    230[0m:[38;5;10m[49m         // Steep penalty proportional to severity.
[0m[49m[38;5;10m+    231[0m:[38;5;10m[49m         RETURN -50 * (70 - glucose_mg_dl) / 30
[0m[49m[38;5;10m+    232[0m:[38;5;10m[49m 
[0m[49m[38;5;10m+    233[0m:[38;5;10m[49m     ELSE IF glucose_mg_dl < 80:
[0m[49m[38;5;10m+    234[0m:[38;5;10m[49m         // Below target but not hypoglycemic. Mild concern.
[0m[49m[38;5;10m+    235[0m:[38;5;10m[49m         RETURN -5
[0m[49m[38;5;10m+    236[0m:[38;5;10m[49m 
[0m[49m[38;5;10m+    237[0m:[38;5;10m[49m     ELSE IF glucose_mg_dl >= 80 AND glucose_mg_dl <= 180:
[0m[49m[38;5;10m+    238[0m:[38;5;10m[49m         // Target range. Reward proportional to how centered the value is.
[0m[49m[38;5;10m+    239[0m:[38;5;10m[49m         // Peak reward at 120-140 mg/dL (the "sweet spot").
[0m[49m[38;5;10m+    240[0m:[38;5;10m[49m         center = 130
[0m[49m[38;5;10m+    241[0m:[38;5;10m[49m         distance_from_center = abs(glucose_mg_dl - center)
[0m[49m[38;5;10m+    242[0m:[38;5;10m[49m         RETURN 10 - (distance_from_center / 50) * 5
[0m[49m[38;5;10m+    243[0m:[38;5;10m[49m 
[0m[49m[38;5;10m+    244[0m:[38;5;10m[49m     ELSE IF glucose_mg_dl <= 250:
[0m[49m[38;5;10m+    245[0m:[38;5;10m[49m         // Mild hyperglycemia. Harmful over time but not acutely dangerous.
[0m[49m[38;5;10m+    246[0m:[38;5;10m[49m         RETURN -2 * (glucose_mg_dl - 180) / 70
[0m[49m[38;5;10m+    247[0m:[38;5;10m[49m 
[0m[49m[38;5;10m+    248[0m:[38;5;10m[49m     ELSE:
[0m[49m[38;5;10m+    249[0m:[38;5;10m[49m         // Severe hyperglycemia. Osmotic complications, DKA risk.
[0m[49m[38;5;10m+    250[0m:[38;5;10m[49m         RETURN -10 - (glucose_mg_dl - 250) / 50
[0m[49m[38;5;10m+    251[0m:[38;5;10m[49m ```
[0m[49m[38;5;10m+    252[0m:[38;5;10m[49m 
[0m[49m[38;5;10m+    253[0m:[38;5;10m[49m **Step 3: Offline RL training with safety constraints.** Standard RL algorithms (DQN, PPO) assume online interaction with the environment. We can't do that. We need offline RL: learning a policy purely from historical data without additional environment interaction. The key challenge is distributional shift. If the historical clinicians never gave 20 units of insulin to a patient with glucose of 150, your agent has no data to evaluate that action. Naive offline RL might still recommend it if the Q-function extrapolates incorrectly. Conservative Q-Learning (CQL) addresses this by adding a penalty for actions that are far from the historical data distribution. Batch Constrained Q-Learning (BCQ) restricts the policy to only recommend actions that were actually observed in similar states. Either approach prevents the dangerous extrapolation problem.
[0m[49m[38;5;10m+    254[0m:[38;5;10m[49m 
[0m[49m[38;5;10m+    255[0m:[38;5;10m[49m ```
[0m[49m[38;5;10m+    256[0m:[38;5;10m[49m FUNCTION train_offline_rl_policy(episodes, safety_constraints):
[0m[49m[38;5;10m+    257[0m:[38;5;10m[49m     // Use Conservative Q-Learning (CQL) to learn a policy
[0m[49m[38;5;10m+    258[0m:[38;5;10m[49m     // that stays close to the historical data distribution.
[0m[49m[38;5;10m+    259[0m:[38;5;10m[49m 
[0m[49m[38;5;10m+    260[0m:[38;5;10m[49m     // Initialize Q-network (maps state-action pairs to expected cumulative reward)
[0m[49m[38;5;10m+    261[0m:[38;5;10m[49m     Q_network = initialize_neural_network(
[0m[49m[38;5;10m+    262[0m:[38;5;10m[49m         input_size  = state_dimension + action_dimension,
[0m[49m[38;5;10m+    263[0m:[38;5;10m[49m         hidden_layers = [256, 256, 128],
[0m[49m[38;5;10m+    264[0m:[38;5;10m[49m         output_size = 1
[0m[49m[38;5;10m+    265[0m:[38;5;10m[49m     )
[0m[49m[38;5;10m+    266[0m:[38;5;10m[49m 
[0m[49m[38;5;10m+    267[0m:[38;5;10m[49m     // Initialize policy network (maps states to action distributions)
[0m[49m[38;5;10m+    268[0m:[38;5;10m[49m     policy_network = initialize_neural_network(
[0m[49m[38;5;10m+    269[0m:[38;5;10m[49m         input_size  = state_dimension,
[0m[49m[38;5;10m+    270[0m:[38;5;10m[49m         hidden_layers = [256, 256],
[0m[49m[38;5;10m+    271[0m:[38;5;10m[49m         output_size = action_dimension  // continuous: mean and std of dose
[0m[49m[38;5;10m+    272[0m:[38;5;10m[49m     )
[0m[49m[38;5;10m+    273[0m:[38;5;10m[49m 
[0m[49m[38;5;10m+    274[0m:[38;5;10m[49m     FOR each training_iteration in range(num_iterations):
[0m[49m[38;5;10m+    275[0m:[38;5;10m[49m 
[0m[49m[38;5;10m+    276[0m:[38;5;10m[49m         // Sample a batch of transitions from the historical episodes
[0m[49m[38;5;10m+    277[0m:[38;5;10m[49m         batch = sample_random_transitions(episodes, batch_size=256)
[0m[49m[38;5;10m+    278[0m:[38;5;10m[49m 
[0m[49m[38;5;10m+    279[0m:[38;5;10m[49m         // Standard Bellman backup: estimate Q-values for observed transitions
[0m[49m[38;5;10m+    280[0m:[38;5;10m[49m         bellman_loss = compute_bellman_error(Q_network, batch, discount=0.99)
[0m[49m[38;5;10m+    281[0m:[38;5;10m[49m 
[0m[49m[38;5;10m+    282[0m:[38;5;10m[49m         // CQL penalty: push down Q-values for actions NOT in the dataset.
[0m[49m[38;5;10m+    283[0m:[38;5;10m[49m         // This prevents the policy from recommending untested actions.
[0m[49m[38;5;10m+    284[0m:[38;5;10m[49m         // Sample random actions and penalize their Q-values.
[0m[49m[38;5;10m+    285[0m:[38;5;10m[49m         random_actions = sample_uniform_actions(batch_size=256)
[0m[49m[38;5;10m+    286[0m:[38;5;10m[49m         cql_penalty = mean(Q_network(batch.states, random_actions))
[0m[49m[38;5;10m+    287[0m:[38;5;10m[49m                     - mean(Q_network(batch.states, batch.actions))
[0m[49m[38;5;10m+    288[0m:[38;5;10m[49m 
[0m[49m[38;5;10m+    289[0m:[38;5;10m[49m         // Combined loss: standard RL + conservative penalty
[0m[49m[38;5;10m+    290[0m:[38;5;10m[49m         total_loss = bellman_loss + alpha * cql_penalty
[0m[49m[38;5;10m+    291[0m:[38;5;10m[49m         // alpha controls how conservative the policy is.
[0m[49m[38;5;10m+    292[0m:[38;5;10m[49m         // Higher alpha = stays closer to historical behavior.
[0m[49m[38;5;10m+    293[0m:[38;5;10m[49m         // Lower alpha = more willing to deviate (riskier but potentially better).
[0m[49m[38;5;10m+    294[0m:[38;5;10m[49m 
[0m[49m[38;5;10m+    295[0m:[38;5;10m[49m         update Q_network to minimize total_loss
[0m[49m[38;5;10m+    296[0m:[38;5;10m[49m 
[0m[49m[38;5;10m+    297[0m:[38;5;10m[49m         // Update policy to maximize Q-values subject to safety constraints
[0m[49m[38;5;10m+    298[0m:[38;5;10m[49m         policy_loss = -mean(Q_network(batch.states, policy_network(batch.states)))
[0m[49m[38;5;10m+    299[0m:[38;5;10m[49m 
[0m[49m[38;5;10m+    300[0m:[38;5;10m[49m         // Safety constraint: penalize policies that produce hypoglycemia
[0m[49m[38;5;10m+    301[0m:[38;5;10m[49m         // in the training data (using a learned dynamics model or historical outcomes)
[0m[49m[38;5;10m+    302[0m:[38;5;10m[49m         safety_penalty = estimate_hypoglycemia_probability(
[0m[49m[38;5;10m+    303[0m:[38;5;10m[49m             policy_network, batch.states, safety_constraints
[0m[49m[38;5;10m+    304[0m:[38;5;10m[49m         )
[0m[49m[38;5;10m+    305[0m:[38;5;10m[49m 
[0m[49m[38;5;10m+    306[0m:[38;5;10m[49m         update policy_network to minimize (policy_loss + lambda * safety_penalty)
[0m[49m[38;5;10m+    307[0m:[38;5;10m[49m 
[0m[49m[38;5;10m+    308[0m:[38;5;10m[49m     RETURN policy_network
[0m[49m[38;5;10m+    309[0m:[38;5;10m[49m ```
[0m[49m[38;5;10m+    310[0m:[38;5;10m[49m 
[0m[49m[38;5;10m+    311[0m:[38;5;10m[49m **Step 4: Off-policy evaluation.** Before deploying any learned policy, you need to estimate how it would have performed on historical patients. This is off-policy evaluation (OPE). The core idea: if the learned policy would have recommended the same action the clinician took, we can directly use the observed outcome. If it would have recommended a different action, we need to reweight the observation using importance sampling. OPE is imperfect (high variance, relies on overlap between policies), but it's the best tool available for safety validation without live experimentation. Run OPE on a held-out test set of episodes that were not used for training.
[0m[49m[38;5;10m+    312[0m:[38;5;10m[49m 
[0m[49m[38;5;10m+    313[0m:[38;5;10m[49m ```
[0m[49m[38;5;10m+    314[0m:[38;5;10m[49m FUNCTION evaluate_policy_offline(learned_policy, test_episodes, behavior_policy):
[0m[49m[38;5;10m+    315[0m:[38;5;10m[49m     // Weighted Importance Sampling (WIS) estimator for policy value.
[0m[49m[38;5;10m+    316[0m:[38;5;10m[49m     // Estimates what the cumulative reward would have been if the learned
[0m[49m[38;5;10m+    317[0m:[38;5;10m[49m     // policy had been followed instead of the historical clinician policy.
[0m[49m[38;5;10m+    318[0m:[38;5;10m[49m 
[0m[49m[38;5;10m+    319[0m:[38;5;10m[49m     episode_returns = empty list
[0m[49m[38;5;10m+    320[0m:[38;5;10m[49m 
[0m[49m[38;5;10m+    321[0m:[38;5;10m[49m     FOR each episode in test_episodes:
[0m[49m[38;5;10m+    322[0m:[38;5;10m[49m         cumulative_importance_weight = 1.0
[0m[49m[38;5;10m+    323[0m:[38;5;10m[49m         cumulative_reward = 0.0
[0m[49m[38;5;10m+    324[0m:[38;5;10m[49m 
[0m[49m[38;5;10m+    325[0m:[38;5;10m[49m         FOR each (state, action, reward) in episode:
[0m[49m[38;5;10m+    326[0m:[38;5;10m[49m             // How likely is this action under the learned policy?
[0m[49m[38;5;10m+    327[0m:[38;5;10m[49m             pi_prob = learned_policy.probability(action | state)
[0m[49m[38;5;10m+    328[0m:[38;5;10m[49m 
[0m[49m[38;5;10m+    329[0m:[38;5;10m[49m             // How likely was this action under the historical clinician behavior?
[0m[49m[38;5;10m+    330[0m:[38;5;10m[49m             mu_prob = behavior_policy.probability(action | state)
[0m[49m[38;5;10m+    331[0m:[38;5;10m[49m 
[0m[49m[38;5;10m+    332[0m:[38;5;10m[49m             // Importance ratio: reweights this transition
[0m[49m[38;5;10m+    333[0m:[38;5;10m[49m             // If learned policy strongly agrees with clinician: ratio near 1
[0m[49m[38;5;10m+    334[0m:[38;5;10m[49m             // If learned policy disagrees: ratio far from 1 (high variance)
[0m[49m[38;5;10m+    335[0m:[38;5;10m[49m             ratio = pi_prob / mu_prob
[0m[49m[38;5;10m+    336[0m:[38;5;10m[49m 
[0m[49m[38;5;10m+    337[0m:[38;5;10m[49m             // Clip ratio to prevent extreme weights (variance reduction)
[0m[49m[38;5;10m+    338[0m:[38;5;10m[49m             ratio = clip(ratio, 0.01, 100.0)
[0m[49m[38;5;10m+    339[0m:[38;5;10m[49m 
[0m[49m[38;5;10m+    340[0m:[38;5;10m[49m             cumulative_importance_weight = cumulative_importance_weight * ratio
[0m[49m[38;5;10m+    341[0m:[38;5;10m[49m             cumulative_reward = cumulative_reward + (discount ^ timestep) * reward
[0m[49m[38;5;10m+    342[0m:[38;5;10m[49m 
[0m[49m[38;5;10m+    343[0m:[38;5;10m[49m         // Weighted return for this episode
[0m[49m[38;5;10m+    344[0m:[38;5;10m[49m         append cumulative_importance_weight * cumulative_reward to episode_returns
[0m[49m[38;5;10m+    345[0m:[38;5;10m[49m 
[0m[49m[38;5;10m+    346[0m:[38;5;10m[49m     // Normalize by sum of weights (self-normalized importance sampling)
[0m[49m[38;5;10m+    347[0m:[38;5;10m[49m     estimated_policy_value = sum(episode_returns) / sum(weights)
[0m[49m[38;5;10m+    348[0m:[38;5;10m[49m 
[0m[49m[38;5;10m+    349[0m:[38;5;10m[49m     // Also compute per-metric estimates
[0m[49m[38;5;10m+    350[0m:[38;5;10m[49m     estimated_time_in_range = compute_weighted_metric("time_in_range", ...)
[0m[49m[38;5;10m+    351[0m:[38;5;10m[49m     estimated_hypo_rate     = compute_weighted_metric("hypoglycemia_rate", ...)
[0m[49m[38;5;10m+    352[0m:[38;5;10m[49m 
[0m[49m[38;5;10m+    353[0m:[38;5;10m[49m     RETURN {
[0m[49m[38;5;10m+    354[0m:[38;5;10m[49m         policy_value:   estimated_policy_value,
[0m[49m[38;5;10m+    355[0m:[38;5;10m[49m         time_in_range:  estimated_time_in_range,
[0m[49m[38;5;10m+    356[0m:[38;5;10m[49m         hypo_rate:      estimated_hypo_rate,
[0m[49m[38;5;10m+    357[0m:[38;5;10m[49m         confidence_interval: bootstrap_ci(episode_returns, alpha=0.05)
[0m[49m[38;5;10m+    358[0m:[38;5;10m[49m     }
[0m[49m[38;5;10m+    359[0m:[38;5;10m[49m ```
[0m[49m[38;5;10m+    360[0m:[38;5;10m[49m 
[0m[49m[38;5;10m+    361[0m:[38;5;10m[49m **Step 5: Safety constraint layer.** Even after training with safety-aware objectives and validating with OPE, the deployed system needs a hard safety layer. This is the last line of defense: regardless of what the RL policy recommends, certain actions are never allowed. Think of it as a safety envelope around the policy. The policy operates freely within the envelope; anything outside gets clipped or rejected. This layer encodes clinical knowledge that should never be violated, even if the data-driven policy disagrees.
[0m[49m[38;5;10m+    362[0m:[38;5;10m[49m 
[0m[49m[38;5;10m+    363[0m:[38;5;10m[49m ```
[0m[49m[38;5;10m+    364[0m:[38;5;10m[49m FUNCTION apply_safety_constraints(recommended_dose, patient_state, constraints):
[0m[49m[38;5;10m+    365[0m:[38;5;10m[49m     // Hard safety constraints that override the RL policy.
[0m[49m[38;5;10m+    366[0m:[38;5;10m[49m     // These are non-negotiable clinical rules.
[0m[49m[38;5;10m+    367[0m:[38;5;10m[49m 
[0m[49m[38;5;10m+    368[0m:[38;5;10m[49m     safe_dose = recommended_dose
[0m[49m[38;5;10m+    369[0m:[38;5;10m[49m 
[0m[49m[38;5;10m+    370[0m:[38;5;10m[49m     // Constraint 1: Maximum single dose cap.
[0m[49m[38;5;10m+    371[0m:[38;5;10m[49m     // No matter what the policy says, never exceed this.
[0m[49m[38;5;10m+    372[0m:[38;5;10m[49m     // Clinical rationale: prevents catastrophic hypoglycemia from a single error.
[0m[49m[38;5;10m+    373[0m:[38;5;10m[49m     IF safe_dose > constraints.max_single_dose:  // e.g., 20 units
[0m[49m[38;5;10m+    374[0m:[38;5;10m[49m         safe_dose = constraints.max_single_dose
[0m[49m[38;5;10m+    375[0m:[38;5;10m[49m         log_constraint_activation("max_dose_cap", recommended_dose, safe_dose)
[0m[49m[38;5;10m+    376[0m:[38;5;10m[49m 
[0m[49m[38;5;10m+    377[0m:[38;5;10m[49m     // Constraint 2: If glucose is already trending down rapidly, reduce dose.
[0m[49m[38;5;10m+    378[0m:[38;5;10m[49m     // Clinical rationale: insulin already on board will continue lowering glucose.
[0m[49m[38;5;10m+    379[0m:[38;5;10m[49m     IF patient_state.glucose_velocity < constraints.rapid_decline_threshold:  // e.g., -30 mg/dL/hr
[0m[49m[38;5;10m+    380[0m:[38;5;10m[49m         safe_dose = safe_dose * 0.5
[0m[49m[38;5;10m+    381[0m:[38;5;10m[49m         log_constraint_activation("rapid_decline_reduction", recommended_dose, safe_dose)
[0m[49m[38;5;10m+    382[0m:[38;5;10m[49m 
[0m[49m[38;5;10m+    383[0m:[38;5;10m[49m     // Constraint 3: If glucose is near hypoglycemic range, no insulin.
[0m[49m[38;5;10m+    384[0m:[38;5;10m[49m     // Clinical rationale: giving insulin to someone at 85 mg/dL is reckless.
[0m[49m[38;5;10m+    385[0m:[38;5;10m[49m     IF patient_state.glucose_current < constraints.no_insulin_threshold:  // e.g., 100 mg/dL
[0m[49m[38;5;10m+    386[0m:[38;5;10m[49m         safe_dose = 0
[0m[49m[38;5;10m+    387[0m:[38;5;10m[49m         log_constraint_activation("hypo_prevention_hold", recommended_dose, safe_dose)
[0m[49m[38;5;10m+    388[0m:[38;5;10m[49m 
[0m[49m[38;5;10m+    389[0m:[38;5;10m[49m     // Constraint 4: Maximum dose change from previous interval.
[0m[49m[38;5;10m+    390[0m:[38;5;10m[49m     // Clinical rationale: prevents wild swings in dosing.
[0m[49m[38;5;10m+    391[0m:[38;5;10m[49m     max_change = constraints.max_dose_change_per_interval  // e.g., 5 units
[0m[49m[38;5;10m+    392[0m:[38;5;10m[49m     IF abs(safe_dose - patient_state.previous_dose) > max_change:
[0m[49m[38;5;10m+    393[0m:[38;5;10m[49m         safe_dose = patient_state.previous_dose + sign(safe_dose - patient_state.previous_dose) * max_change
[0m[49m[38;5;10m+    394[0m:[38;5;10m[49m         log_constraint_activation("max_change_cap", recommended_dose, safe_dose)
[0m[49m[38;5;10m+    395[0m:[38;5;10m[49m 
[0m[49m[38;5;10m+    396[0m:[38;5;10m[49m     // Constraint 5: If renal function is severely impaired, reduce dose.
[0m[49m[38;5;10m+    397[0m:[38;5;10m[49m     // Clinical rationale: kidneys clear insulin; impaired clearance means longer effect.
[0m[49m[38;5;10m+    398[0m:[38;5;10m[49m     IF patient_state.creatinine > constraints.renal_impairment_threshold:  // e.g., 3.0 mg/dL
[0m[49m[38;5;10m+    399[0m:[38;5;10m[49m         safe_dose = safe_dose * 0.7
[0m[49m[38;5;10m+    400[0m:[38;5;10m[49m         log_constraint_activation("renal_adjustment", recommended_dose, safe_dose)
[0m[49m[38;5;10m+    401[0m:[38;5;10m[49m 
[0m[49m[38;5;10m+    402[0m:[38;5;10m[49m     RETURN {
[0m[49m[38;5;10m+    403[0m:[38;5;10m[49m         final_dose:         safe_dose,
[0m[49m[38;5;10m+    404[0m:[38;5;10m[49m         original_recommendation: recommended_dose,
[0m[49m[38;5;10m+    405[0m:[38;5;10m[49m         constraints_activated: get_activated_constraints(),
[0m[49m[38;5;10m+    406[0m:[38;5;10m[49m         confidence:         compute_recommendation_confidence(patient_state)
[0m[49m[38;5;10m+    407[0m:[38;5;10m[49m     }
[0m[49m[38;5;10m+    408[0m:[38;5;10m[49m ```
[0m[49m[38;5;10m+    409[0m:[38;5;10m[49m 
[0m[49m[38;5;10m+    410[0m:[38;5;10m[49m **Step 6: Clinical decision support interface.** The RL policy is deployed as a recommendation system, not an autonomous controller. The clinician sees the recommendation, the reasoning behind it, and can accept, modify, or override. Every interaction is logged for ongoing evaluation. This is critical: the system learns from clinician overrides (they indicate where the policy disagrees with expert judgment) and the outcomes of both followed and overridden recommendations provide ongoing validation data.
[0m[49m[38;5;10m+    411[0m:[38;5;10m[49m 
[0m[49m[38;5;10m+    412[0m:[38;5;10m[49m ```
[0m[49m[38;5;10m+    413[0m:[38;5;10m[49m FUNCTION generate_recommendation(patient_id, new_glucose_reading):
[0m[49m[38;5;10m+    414[0m:[38;5;10m[49m     // Called when a new glucose measurement is entered for an ICU patient.
[0m[49m[38;5;10m+    415[0m:[38;5;10m[49m 
[0m[49m[38;5;10m+    416[0m:[38;5;10m[49m     // Fetch the patient's recent history from the state store
[0m[49m[38;5;10m+    417[0m:[38;5;10m[49m     patient_history = fetch_from_dynamodb(table="patient-glucose-state", key=patient_id)
[0m[49m[38;5;10m+    418[0m:[38;5;10m[49m 
[0m[49m[38;5;10m+    419[0m:[38;5;10m[49m     // Update history with new reading
[0m[49m[38;5;10m+    420[0m:[38;5;10m[49m     update_patient_state(patient_history, new_glucose_reading)
[0m[49m[38;5;10m+    421[0m:[38;5;10m[49m 
[0m[49m[38;5;10m+    422[0m:[38;5;10m[49m     // Construct the state vector for the RL policy
[0m[49m[38;5;10m+    423[0m:[38;5;10m[49m     state_vector = build_state_vector(patient_history)
[0m[49m[38;5;10m+    424[0m:[38;5;10m[49m 
[0m[49m[38;5;10m+    425[0m:[38;5;10m[49m     // Get the RL policy's recommendation
[0m[49m[38;5;10m+    426[0m:[38;5;10m[49m     raw_recommendation = invoke_sagemaker_endpoint(
[0m[49m[38;5;10m+    427[0m:[38;5;10m[49m         endpoint = "glucose-rl-policy-v2",
[0m[49m[38;5;10m+    428[0m:[38;5;10m[49m         payload  = state_vector
[0m[49m[38;5;10m+    429[0m:[38;5;10m[49m     )
[0m[49m[38;5;10m+    430[0m:[38;5;10m[49m 
[0m[49m[38;5;10m+    431[0m:[38;5;10m[49m     // Apply hard safety constraints
[0m[49m[38;5;10m+    432[0m:[38;5;10m[49m     safe_recommendation = apply_safety_constraints(
[0m[49m[38;5;10m+    433[0m:[38;5;10m[49m         raw_recommendation.dose,
[0m[49m[38;5;10m+    434[0m:[38;5;10m[49m         patient_history,
[0m[49m[38;5;10m+    435[0m:[38;5;10m[49m         SAFETY_CONSTRAINTS
[0m[49m[38;5;10m+    436[0m:[38;5;10m[49m     )
[0m[49m[38;5;10m+    437[0m:[38;5;10m[49m 
[0m[49m[38;5;10m+    438[0m:[38;5;10m[49m     // Package for clinical display
[0m[49m[38;5;10m+    439[0m:[38;5;10m[49m     recommendation = {
[0m[49m[38;5;10m+    440[0m:[38;5;10m[49m         patient_id:          patient_id,
[0m[49m[38;5;10m+    441[0m:[38;5;10m[49m         timestamp:           current_utc_timestamp(),
[0m[49m[38;5;10m+    442[0m:[38;5;10m[49m         recommended_dose:    safe_recommendation.final_dose,
[0m[49m[38;5;10m+    443[0m:[38;5;10m[49m         dose_units:          "units insulin (regular)",
[0m[49m[38;5;10m+    444[0m:[38;5;10m[49m         confidence:          safe_recommendation.confidence,
[0m[49m[38;5;10m+    445[0m:[38;5;10m[49m         reasoning: {
[0m[49m[38;5;10m+    446[0m:[38;5;10m[49m             current_glucose:     new_glucose_reading,
[0m[49m[38;5;10m+    447[0m:[38;5;10m[49m             trend:               patient_history.glucose_velocity,
[0m[49m[38;5;10m+    448[0m:[38;5;10m[49m             insulin_on_board:    patient_history.insulin_on_board,
[0m[49m[38;5;10m+    449[0m:[38;5;10m[49m             constraints_active:  safe_recommendation.constraints_activated
[0m[49m[38;5;10m+    450[0m:[38;5;10m[49m         },
[0m[49m[38;5;10m+    451[0m:[38;5;10m[49m         clinician_action:    "PENDING"  // updated when clinician responds
[0m[49m[38;5;10m+    452[0m:[38;5;10m[49m     }
[0m[49m[38;5;10m+    453[0m:[38;5;10m[49m 
[0m[49m[38;5;10m+    454[0m:[38;5;10m[49m     // Store recommendation for audit and outcome tracking
[0m[49m[38;5;10m+    455[0m:[38;5;10m[49m     store_recommendation(recommendation)
[0m[49m[38;5;10m+    456[0m:[38;5;10m[49m 
[0m[49m[38;5;10m+    457[0m:[38;5;10m[49m     RETURN recommendation
[0m[49m[38;5;10m+    458[0m:[38;5;10m[49m ```
[0m[49m[38;5;10m+    459[0m:[38;5;10m[49m 
[0m[49m[38;5;10m+    460[0m:[38;5;10m[49m > **Curious how this looks in Python?** The pseudocode above covers the concepts. If you'd like to see sample Python code that demonstrates these patterns using boto3, check out the [Python Example](chapter15.06-python-example). It walks through each step with inline comments and notes on what you'd need to change for a real deployment.
[0m[49m[38;5;10m+    461[0m:[38;5;10m[49m 
[0m[49m[38;5;10m+    462[0m:[38;5;10m[49m ### Expected Results
[0m[49m[38;5;10m+    463[0m:[38;5;10m[49m 
[0m[49m[38;5;10m+    464[0m:[38;5;10m[49m **Sample recommendation output:**
[0m[49m[38;5;10m+    465[0m:[38;5;10m[49m 
[0m[49m[38;5;10m+    466[0m:[38;5;10m[49m ```json
[0m[49m[38;5;10m+    467[0m:[38;5;10m[49m {
[0m[49m[38;5;10m+    468[0m:[38;5;10m[49m   "patient_id": "ICU-2026-04821",
[0m[49m[38;5;10m+    469[0m:[38;5;10m[49m   "timestamp": "2026-03-15T14:30:00Z",
[0m[49m[38;5;10m+    470[0m:[38;5;10m[49m   "recommended_dose": 6.0,
[0m[49m[38;5;10m+    471[0m:[38;5;10m[49m   "dose_units": "units insulin (regular)",
[0m[49m[38;5;10m+    472[0m:[38;5;10m[49m   "confidence": 0.82,
[0m[49m[38;5;10m+    473[0m:[38;5;10m[49m   "reasoning": {
[0m[49m[38;5;10m+    474[0m:[38;5;10m[49m     "current_glucose": 195,
[0m[49m[38;5;10m+    475[0m:[38;5;10m[49m     "trend": -8.5,
[0m[49m[38;5;10m+    476[0m:[38;5;10m[49m     "insulin_on_board": 4.0,
[0m[49m[38;5;10m+    477[0m:[38;5;10m[49m     "constraints_active": []
[0m[49m[38;5;10m+    478[0m:[38;5;10m[49m   },
[0m[49m[38;5;10m+    479[0m:[38;5;10m[49m   "clinician_action": "PENDING"
[0m[49m[38;5;10m+    480[0m:[38;5;10m[49m }
[0m[49m[38;5;10m+    481[0m:[38;5;10m[49m ```
[0m[49m[38;5;10m+    482[0m:[38;5;10m[49m 
[0m[49m[38;5;10m+    483[0m:[38;5;10m[49m **Performance benchmarks (retrospective evaluation):**
[0m[49m[38;5;10m+    484[0m:[38;5;10m[49m 
[0m[49m[38;5;10m+    485[0m:[38;5;10m[49m | Metric | Historical Protocol | RL Policy (OPE Estimate) |
[0m[49m[38;5;10m+    486[0m:[38;5;10m[49m |--------|--------------------|-----------------------------|
[0m[49m[38;5;10m+    487[0m:[38;5;10m[49m | Time in range (80-180 mg/dL) | 55-65% | 70-78% |
[0m[49m[38;5;10m+    488[0m:[38;5;10m[49m | Hypoglycemia rate (< 70 mg/dL) | 5-8% of measurements | 2-3% of measurements |
[0m[49m[38;5;10m+    489[0m:[38;5;10m[49m | Severe hypoglycemia (< 40 mg/dL) | 0.5-1% | < 0.2% |
[0m[49m[38;5;10m+    490[0m:[38;5;10m[49m | Glucose variability (CV) | 35-45% | 25-35% |
[0m[49m[38;5;10m+    491[0m:[38;5;10m[49m | Mean glucose | 160-180 mg/dL | 140-160 mg/dL |
[0m[49m[38;5;10m+    492[0m:[38;5;10m[49m 
[0m[49m[38;5;10m+    493[0m:[38;5;10m[49m **Where it struggles:**
[0m[49m[38;5;10m+    494[0m:[38;5;10m[49m 
[0m[49m[38;5;10m+    495[0m:[38;5;10m[49m - Patients with rapidly changing insulin sensitivity (new steroid initiation, sepsis resolution)
[0m[49m[38;5;10m+    496[0m:[38;5;10m[49m - Transitions between enteral nutrition and NPO status (nutrition changes dominate glucose dynamics)
[0m[49m[38;5;10m+    497[0m:[38;5;10m[49m - Patients on insulin drips vs. subcutaneous insulin (different pharmacokinetics)
[0m[49m[38;5;10m+    498[0m:[38;5;10m[49m - Very short ICU stays (< 24 hours) where there's insufficient data to personalize
[0m[49m[38;5;10m+    499[0m:[38;5;10m[49m - Patients with Type 1 diabetes in the ICU (fundamentally different physiology)
[0m[49m[38;5;10m+    500[0m:[38;5;10m[49m 
[0m[49m[38;5;10m+    501[0m:[38;5;10m[49m ---
[0m[49m[38;5;10m+    502[0m:[38;5;10m[49m 
[0m[49m[38;5;10m+    503[0m:[38;5;10m[49m ## Why This Isn't Production-Ready
[0m[49m[38;5;10m+    504[0m:[38;5;10m[49m 
[0m[49m[38;5;10m+    505[0m:[38;5;10m[49m **Regulatory pathway is unclear.** An RL-based dosing recommendation system likely falls under FDA regulation as a clinical decision support tool. The regulatory pathway for adaptive/learning systems is still evolving. You'd need to demonstrate safety through extensive retrospective validation, simulation testing, and likely a prospective clinical trial.
[0m[49m[38;5;10m+    506[0m:[38;5;10m[49m 
[0m[49m[38;5;10m+    507[0m:[38;5;10m[49m **Off-policy evaluation has high variance.** OPE estimates are noisy, especially for policies that deviate significantly from historical behavior. The confidence intervals on "time in range improvement" may be wide enough to be clinically meaningless. You need large datasets (thousands of ICU stays) to get tight estimates.
[0m[49m[38;5;10m+    508[0m:[38;5;10m[49m 
[0m[49m[38;5;10m+    509[0m:[38;5;10m[49m **Behavior policy estimation is hard.** Importance sampling requires knowing the probability of each historical action under the clinician's behavior policy. Clinicians don't follow a single policy; they vary by experience, shift, patient acuity, and institutional culture. Estimating the behavior policy from data introduces its own errors.
[0m[49m[38;5;10m+    510[0m:[38;5;10m[49m 
[0m[49m[38;5;10m+    511[0m:[38;5;10m[49m **Model drift.** Clinical practice changes over time (new protocols, new medications, different patient populations). A policy trained on 2020-2023 data may not be optimal for 2026 patients. You need ongoing monitoring and periodic retraining.
[0m[49m[38;5;10m+    512[0m:[38;5;10m[49m 
[0m[49m[38;5;10m+    513[0m:[38;5;10m[49m ---
[0m[49m[38;5;10m+    514[0m:[38;5;10m[49m 
[0m[49m[38;5;10m+    515[0m:[38;5;10m[49m ## The Honest Take
[0m[49m[38;5;10m+    516[0m:[38;5;10m[49m 
[0m[49m[38;5;10m+    517[0m:[38;5;10m[49m Here's what I've learned from working on this class of problem: the RL formulation is the easy part. Getting the data pipeline right is 70% of the work.
[0m[49m[38;5;10m+    518[0m:[38;5;10m[49m 
[0m[49m[38;5;10m+    519[0m:[38;5;10m[49m EHR data for glucose control is a mess. Glucose measurements come from different sources (point-of-care meters, arterial blood gas analyzers, continuous glucose monitors) with different accuracies and different timestamps. Insulin orders don't always match insulin administrations (a nurse might hold a dose if the patient is eating). Nutrition data is often incomplete or delayed in charting. You'll spend months cleaning and aligning temporal data before you can train anything.
[0m[49m[38;5;10m+    520[0m:[38;5;10m[49m 
[0m[49m[38;5;10m+    521[0m:[38;5;10m[49m The reward function is where clinical and ML expertise must collaborate. I've seen teams spend weeks tuning the reward shape, only to realize that their hypoglycemia penalty wasn't steep enough and the policy was trading a 2% increase in time-in-range for a 1% increase in hypoglycemia. That's a terrible trade clinically, but the numbers looked good on the aggregate metric. Always report hypoglycemia rates separately from time-in-range. Never let them get averaged into a single score.
[0m[49m[38;5;10m+    522[0m:[38;5;10m[49m 
[0m[49m[38;5;10m+    523[0m:[38;5;10m[49m The biggest surprise: the safety constraint layer often matters more than the RL policy itself. A simple PID controller with good safety constraints can outperform a sophisticated RL policy with weak constraints. The constraints encode decades of clinical knowledge about what's dangerous. The RL policy adds value at the margins (better personalization, better anticipation of trends), but the constraints keep patients alive.
[0m[49m[38;5;10m+    524[0m:[38;5;10m[49m 
[0m[49m[38;5;10m+    525[0m:[38;5;10m[49m Clinician trust is the deployment bottleneck, not model accuracy. Even if your OPE shows a 15% improvement in time-in-range, ICU nurses and physicians won't follow recommendations from a system they don't understand. Plan for extensive education, transparent reasoning displays, and a long period of "shadow mode" where the system makes recommendations that are logged but not displayed.
[0m[49m[38;5;10m+    526[0m:[38;5;10m[49m 
[0m[49m[38;5;10m+    527[0m:[38;5;10m[49m ---
[0m[49m[38;5;10m+    528[0m:[38;5;10m[49m 
[0m[49m[38;5;10m+    529[0m:[38;5;10m[49m ## Variations and Extensions
[0m[49m[38;5;10m+    530[0m:[38;5;10m[49m 
[0m[49m[38;5;10m+    531[0m:[38;5;10m[49m **Continuous glucose monitor (CGM) integration.** If your ICU uses CGMs (increasingly common), you get glucose readings every 5 minutes instead of every 4 hours. This dramatically changes the state representation (you have a full glucose trajectory, not point measurements) and enables much tighter control. The RL formulation shifts from "what dose to give every 4 hours" to "what infusion rate to set every 15-30 minutes." The action space becomes continuous rate adjustments rather than discrete bolus doses.
[0m[49m[38;5;10m+    532[0m:[38;5;10m[49m 
[0m[49m[38;5;10m+    533[0m:[38;5;10m[49m **Multi-objective optimization.** Beyond glucose control, consider jointly optimizing for nutrition delivery (patients need calories for healing) and insulin minimization (less insulin means fewer hypoglycemic events and less nursing workload). This becomes a constrained multi-objective RL problem where you're balancing glucose control, nutritional adequacy, and intervention burden.
[0m[49m[38;5;10m+    534[0m:[38;5;10m[49m 
[0m[49m[38;5;10m+    535[0m:[38;5;10m[49m **Transfer learning across patient populations.** Train a base policy on your general ICU population, then fine-tune for specific subpopulations (cardiac surgery patients, trauma patients, diabetic ketoacidosis patients) who have distinct glucose dynamics. This addresses the "one policy doesn't fit all" problem without requiring massive datasets for each subpopulation.
[0m[49m[38;5;10m+    536[0m:[38;5;10m[49m 
[0m[49m[38;5;10m+    537[0m:[38;5;10m[49m ---
[0m[49m[38;5;10m+    538[0m:[38;5;10m[49m 
[0m[49m[38;5;10m+    539[0m:[38;5;10m[49m ## Related Recipes
[0m[49m[38;5;10m+    540[0m:[38;5;10m[49m 
[0m[49m[38;5;10m+    541[0m:[38;5;10m[49m - **Recipe 15.4 (Sepsis Treatment Optimization):** Uses the same offline RL framework for a different clinical decision (fluids and vasopressors). Shares the OPE and safety constraint patterns.
[0m[49m[38;5;10m+    542[0m:[38;5;10m[49m - **Recipe 15.5 (Ventilator Weaning Protocols):** Another sequential ICU decision problem with safety constraints. Similar architecture, different state/action spaces.
[0m[49m[38;5;10m+    543[0m:[38;5;10m[49m - **Recipe 12.4 (Lab Result Trend Analysis):** The glucose trend computation in the state vector uses time series techniques covered here.
[0m[49m[38;5;10m+    544[0m:[38;5;10m[49m - **Recipe 7.9 (Mortality Risk Scoring, ICU):** Patient acuity scores used in the state vector are produced by models like this.
[0m[49m[38;5;10m+    545[0m:[38;5;10m[49m - **Recipe 15.1 (Alert Threshold Optimization):** A simpler RL application that shares the offline learning and safety constraint patterns in a lower-stakes setting.
[0m[49m[38;5;10m+    546[0m:[38;5;10m[49m 
[0m[49m[38;5;10m+    547[0m:[38;5;10m[49m ---
[0m[49m[38;5;10m+    548[0m:[38;5;10m[49m 
[0m[49m[38;5;10m+    549[0m:[38;5;10m[49m ## Additional Resources
[0m[49m[38;5;10m+    550[0m:[38;5;10m[49m 
[0m[49m[38;5;10m+    551[0m:[38;5;10m[49m **AWS Documentation:**
[0m[49m[38;5;10m+    552[0m:[38;5;10m[49m - [Amazon SageMaker RL Documentation](https://docs.aws.amazon.com/sagemaker/latest/dg/reinforcement-learning.html)
[0m[49m[38;5;10m+    553[0m:[38;5;10m[49m - [Amazon SageMaker Model Registry](https://docs.aws.amazon.com/sagemaker/latest/dg/model-registry.html)
[0m[49m[38;5;10m+    554[0m:[38;5;10m[49m - [Amazon SageMaker Real-Time Inference](https://docs.aws.amazon.com/sagemaker/latest/dg/realtime-endpoints.html)
[0m[49m[38;5;10m+    555[0m:[38;5;10m[49m - [AWS HIPAA Eligible Services](https://aws.amazon.com/compliance/hipaa-eligible-services-reference/)
[0m[49m[38;5;10m+    556[0m:[38;5;10m[49m - [Amazon SageMaker Pricing](https://aws.amazon.com/sagemaker/pricing/)
[0m[49m[38;5;10m+    557[0m:[38;5;10m[49m 
[0m[49m[38;5;10m+    558[0m:[38;5;10m[49m **Research References:**
[0m[49m[38;5;10m+    559[0m:[38;5;10m[49m - TODO: Verify and add link to the NICE-SUGAR trial publication (NEJM 2009) on intensive vs. conventional glucose control
[0m[49m[38;5;10m+    560[0m:[38;5;10m[49m - TODO: Verify and add link to Conservative Q-Learning (CQL) paper by Kumar et al. 2020
[0m[49m[38;5;10m+    561[0m:[38;5;10m[49m - TODO: Verify and add link to Batch Constrained Q-Learning (BCQ) paper by Fujimoto et al. 2019
[0m[49m[38;5;10m+    562[0m:[38;5;10m[49m - TODO: Verify and add link to UVA/Padova Type 1 Diabetes Simulator documentation
[0m[49m[38;5;10m+    563[0m:[38;5;10m[49m 
[0m[49m[38;5;10m+    564[0m:[38;5;10m[49m **Clinical Context:**
[0m[49m[38;5;10m+    565[0m:[38;5;10m[49m - TODO: Verify and add link to Society of Critical Care Medicine glucose management guidelines
[0m[49m[38;5;10m+    566[0m:[38;5;10m[49m - TODO: Verify and add link to ADA Standards of Care for inpatient glycemic management
[0m[49m[38;5;10m+    567[0m:[38;5;10m[49m 
[0m[49m[38;5;10m+    568[0m:[38;5;10m[49m ---
[0m[49m[38;5;10m+    569[0m:[38;5;10m[49m 
[0m[49m[38;5;10m+    570[0m:[38;5;10m[49m ## Estimated Implementation Time
[0m[49m[38;5;10m+    571[0m:[38;5;10m[49m 
[0m[49m[38;5;10m+    572[0m:[38;5;10m[49m | Phase | Duration |
[0m[49m[38;5;10m+    573[0m:[38;5;10m[49m |-------|----------|
[0m[49m[38;5;10m+    574[0m:[38;5;10m[49m | **Basic** (data pipeline + offline RL training + retrospective evaluation) | 4-6 months |
[0m[49m[38;5;10m+    575[0m:[38;5;10m[49m | **Production-ready** (safety constraints + OPE validation + shadow mode deployment + clinician interface) | 12-18 months |
[0m[49m[38;5;10m+    576[0m:[38;5;10m[49m | **With variations** (CGM integration + multi-objective + transfer learning + prospective validation) | 24-36 months |
[0m[49m[38;5;10m+    577[0m:[38;5;10m[49m 
[0m[49m[38;5;10m+    578[0m:[38;5;10m[49m ---
[0m[49m[38;5;10m+    579[0m:[38;5;10m[49m 
[0m[49m[38;5;10m+    580[0m:[38;5;10m[49m **Tags:** `reinforcement-learning`, `offline-rl`, `glucose-control`, `icu`, `insulin-dosing`, `safety-constraints`, `clinical-decision-support`, `sequential-decision-making`, `off-policy-evaluation`
[0m[49m[38;5;10m+    581[0m:[38;5;10m[49m 
[0m[49m[38;5;10m+    582[0m:[38;5;10m[49m ---
[0m[49m[38;5;10m+    583[0m:[38;5;10m[49m 
[0m[49m[38;5;10m+    584[0m:[38;5;10m[49m | [← 15.5: Ventilator Weaning Protocols](chapter15.05-ventilator-weaning-protocols) | [Chapter 15 Index](chapter15-index) | [15.7: Chronic Disease Treatment Personalization →](chapter15.07-chronic-disease-treatment-personalization) |
[0m[49m[38;5;10m+    585[0m:[38;5;10m[49m |:---|:---:|---:|
[0m[K
Creating: [38;5;141m/tmp/ralph-worktrees/iter-1130/chapter15.06-glucose-control-icu.md[0m
[38;5;244m - Completed in 0.1s[0m

[38;5;141m> [0mNow let me update the [3mSidebar.md to include the new recipe:[0m[0m
I'll modify the following file: [38;5;141m_Sidebar.md[0m[38;5;244m (using tool: write)[0m

[49m[39m  0, 0[0m:[39m[49m * [15.5 — Ventilator Weaning Protocols](chapter15.05-ventilator-weaning-protocols)
[0m[49m[39m  1, 1[0m:[39m[49m   * [Python Example](chapter15.05-python-example)
[0m[49m[38;5;10m+    2[0m:[38;5;10m[49m * [15.6 — Glucose Control in ICU](chapter15.06-glucose-control-icu)
[0m[49m[38;5;10m+    3[0m:[38;5;10m[49m   * [Python Example](chapter15.06-python-example)
[0m[49m[39m  2, 4[0m:[39m[49m 
[0m[49m[39m  3, 5[0m:[39m[49m ---
[0m[K
Updating: [38;5;141m_Sidebar.md[0m
[38;5;244m - Completed in 0.0s[0m

[38;5;141m> [0mThe recipe is complete. Here's a summary of what was created:[0m[0m
[0m[0m
[1mFile created:[22m [38;5;10mchapter15.06-glucose-control-icu.md[0m[0m[0m
[0m[0m
[1mStructure follows the RECIPE-GUIDE.md format:[22m[0m[0m
[0m[0m
1. [1mThe Problem[22m - Explains the clinical tension between hyperglycemia and hypoglycemia in ICU patients, why static sliding scale protocols fail, and why this is a natural RL problem.[0m[0m
[0m[0m
2. [1mThe Technology[22m - Teaches RL from first principles (state/action/reward/policy/value function), explains why healthcare RL is uniquely hard (can't explore freely, offline learning, distributional shift, safety constraints), covers the state of the field, and presents the general architecture pattern. All vendor-agnostic.[0m[0m
[0m[0m
3. [1mAWS Implementation[22m - Why These Services (SageMaker, S3, Lambda, DynamoDB, Step Functions, CloudWatch), architecture diagram, prerequisites table, ingredients table.[0m[0m
[0m[0m
4. [1mCode Walkthrough[22m - Six pseudocode steps: episode construction, reward function design, offline RL training (CQL), off-policy evaluation, safety constraint layer, and clinical decision support interface.[0m[0m
[0m[0m
5. [1mExpected Results[22m - Sample JSON output, performance benchmarks comparing historical protocols vs. RL policy, and honest failure modes.[0m[0m
[0m[0m
6. [1mThe Honest Take[22m - Data pipeline is 70% of the work, reward function design pitfalls, safety constraints matter more than the policy, clinician trust is the deployment bottleneck.[0m[0m
[0m[0m
7. [1mVariations[22m - CGM integration, multi-objective optimization, transfer learning across populations.[0m[0m
[0m[0m
8. [1mRelated Recipes, Additional Resources, Implementation Timeline, Tags, Navigation[22m - All present.[0m[0m
[0m[0m
[1mTODOs inserted[22m for research paper links and clinical guideline URLs that need verification.[0m[0m
[0m[0m
[38;5;252m[0m[?25l[?25l[0m[0m[?25l[0m[?25l[0m[0m[?25l[0m[?25l[0m[0m[?25l[0m[?25l[0m[0m[?25l[0m[?25l[0m[0m[?25l[0m[0m[0m
[38;5;8m
 ▸ Credits: 6.75 • Time: 3m 51s

[0m[1G[0m[0m[?25h[1m_Sidebar.md updated[22m with the new recipe entry.[38;5;11mWARNING: [0mDuplicate agent with name [38;5;10mmeshclaw-lite[0m was found in the global directory.
[0m[32mAll tools are now trusted ([0m[31m![0m[32m). Kiro will execute tools without asking for confirmation.[0m
Agents can sometimes do unexpected things so understand the risks.

Learn more at [38;5;141mhttps://kiro.dev/docs/cli/chat/security/#using-tools-trust-all-safely[0m



[38;5;252m[0m[?25l[?25l[0m[0m[1mTool validation failed: [0m
[38;5;9mFailed to validate tool parameters: '/tmp/ralph-worktrees/iter-1130/chapters/15-reinforcement-learning/recipe-06-glucose-control-icu.md' does not exist
Searching for files: [38;5;141m**/*glucose*[0m in [38;5;141m/tmp/ralph-worktrees/iter-1130[0m[38;5;244m (using tool: glob)[0mSearching for files: [38;5;141m**/15*/**[0m in [38;5;141m/tmp/ralph-worktrees/iter-1130[0m[38;5;244m (using tool: glob)[0m
[38;5;10m ✓ [0mSuccessfully found [38;5;244m1 files[0m under /tmp/ralph-worktrees/iter-1130
[38;5;244m - Completed in 0.13s[0m


[38;5;9m ❗ [0mNo files found matching pattern: [38;5;244m**/15*/**[0m under /tmp/ralph-worktrees/iter-1130
[38;5;244m - Completed in 0.13s[0m

Reading file: [38;5;141m/tmp/ralph-worktrees/iter-1130/chapter15.06-glucose-control-icu.md[0m, all lines[38;5;244m (using tool: read)[0m
[38;5;10m ✓ [0mSuccessfully read [38;5;244m39408 bytes[0m from /tmp/ralph-worktrees/iter-1130/chapter15.06-glucose-control-icu.md
[38;5;244m - Completed in 0.0s[0m

[38;5;141m> [0mNow I need to check for em dashes in the content:[0m[0m
Searching: [38;5;141m/tmp/ralph-worktrees/iter-1130/chapter15.06-glucose-control-icu.md[0m for pattern: [38;5;141m—[0m[38;5;244m (using tool: read)[0m
[38;5;10m ✓ [0mFound 0 matches for pattern '—' in /tmp/ralph-worktrees/iter-1130/chapter15.06-glucose-control-icu.md
[38;5;244m - Completed in 0.0s[0m

[38;5;141m> [0mNow let me verify all required sections are present:[0m[0m
[0m[0m
1. [1mThe Problem[22m - ✅ Present (detailed section on ICU glucose management challenges)[0m[0m
2. [1mThe Technology[22m - ✅ Present ("The Technology: Reinforcement Learning for Sequential Medical Decisions")[0m[0m
3. [1mGeneral Architecture Pattern[22m - ✅ Present ("The General Architecture Pattern" subsection with diagram)[0m[0m
4. [1mAWS Implementation with pseudocode walkthrough[22m - ✅ Present (detailed AWS implementation with 6-step pseudocode walkthrough)[0m[0m
5. [1mThe Honest Take[22m - ✅ Present (candid assessment of challenges)[0m[0m
6. [1mVariations[22m - ✅ Present ("Variations and Extensions" section)[0m[0m
7. [1mNavigation links[22m - ✅ Present (bottom navigation to 15.5, chapter index, and 15.7)[0m[0m
8. [1mNo em dashes[22m - ✅ Confirmed (search returned no results for [38;5;10m—[0m)[0m[0m
9. [1mProject voice[22m - ✅ Matches the cookbook's direct, practitioner-focused tone with appropriate technical depth[0m[0m
[0m[0m
[0m[?25l[?25l[0m[0m[?25l[0m[?25l[0m[0m[?25l[0m[?25l[0m[0m[?25l[0m[0m[0m
[38;5;8m
 ▸ Credits: 2.80 • Time: 25s

[0m[1G[0m[0m[?25h{"verdict": "pass", "rationale": "Recipe contains all required sections (The Problem, The Technology, General Architecture Pattern, AWS Implementation with 6-step pseudocode walkthrough, The Honest Take, Variations and Extensions, and navigation links). No em dashes found. Prose matches the project's direct, practitioner-focused voice with appropriate technical depth and clinical context."}