# parallel_worker header: concurrency_limit=2 batch_id=batch-1780278813289-000080-ccb7f8ea8d2b7ba5 iteration=942 task_id=ch13-r01-python persona=TechWriter
[38;5;11mWARNING: [0mDuplicate agent with name [38;5;10mmeshclaw-lite[0m was found in the global directory.
[0m[32mAll tools are now trusted ([0m[31m![0m[32m). Kiro will execute tools without asking for confirmation.[0m
Agents can sometimes do unexpected things so understand the risks.

Learn more at [38;5;141mhttps://kiro.dev/docs/cli/chat/security/#using-tools-trust-all-safely[0m



Batch fs_read operation with [38;5;141m3[0m operations[38;5;244m (using tool: read)[0m

↱ Operation 1: Reading file: [38;5;141m/tmp/ralph-worktrees/iter-942/STYLE-GUIDE.md[0m, all lines
↱ Operation 2: Reading file: [38;5;141m/tmp/ralph-worktrees/iter-942/RECIPE-GUIDE.md[0m, all lines
↱ Operation 3: Reading file: [38;5;141m/tmp/ralph-worktrees/iter-942/categories/13-knowledge-graphs.md[0m, all lines
[38;5;10m ✓ [0mSuccessfully read [38;5;244m3731 bytes[0m from /tmp/ralph-worktrees/iter-942/STYLE-GUIDE.md

[38;5;10m ✓ [0mSuccessfully read [38;5;244m9026 bytes[0m from /tmp/ralph-worktrees/iter-942/RECIPE-GUIDE.md

[38;5;10m ✓ [0mSuccessfully read [38;5;244m4192 bytes[0m from /tmp/ralph-worktrees/iter-942/categories/13-knowledge-graphs.md

 ⋮ 

[38;5;244m- [0mSummary: 3 operations processed, 3 successful, 0 failed
[38;5;244m - Completed in 0.0s[0m

[38;5;141m> [0mNow let me look at an existing Python companion from Chapter 1 for reference on style and structure:[0m[0m
Reading file: [38;5;141m/tmp/ralph-worktrees/iter-942/chapter01.01-python-example.md[0m, from line [38;5;141m1[0m to [38;5;141m120[0m[38;5;244m (using tool: read)[0m
[38;5;10m ✓ [0mSuccessfully read [38;5;244m4505 bytes[0m from /tmp/ralph-worktrees/iter-942/chapter01.01-python-example.md
[38;5;244m - Completed in 0.0s[0m

Reading file: [38;5;141m/tmp/ralph-worktrees/iter-942/chapter01.01-python-example.md[0m, from line [38;5;141m120[0m to [38;5;141m350[0m[38;5;244m (using tool: read)[0m
[38;5;10m ✓ [0mSuccessfully read [38;5;244m9716 bytes[0m from /tmp/ralph-worktrees/iter-942/chapter01.01-python-example.md
[38;5;244m - Completed in 0.0s[0m

Reading file: [38;5;141m/tmp/ralph-worktrees/iter-942/chapter01.01-python-example.md[0m, from line [38;5;141m350[0m to [38;5;141m550[0m[38;5;244m (using tool: read)[0m
[38;5;10m ✓ [0mSuccessfully read [38;5;244m9596 bytes[0m from /tmp/ralph-worktrees/iter-942/chapter01.01-python-example.md
[38;5;244m - Completed in 0.0s[0m

[38;5;141m> [0mNow let me check if there's a main recipe for 13.1 already written:[0m[0m
Searching for files: [38;5;141mchapter13*[0m[38;5;244m (using tool: glob)[0m
[38;5;10m ✓ [0mSuccessfully found [38;5;244m2 files[0m under current directory
[38;5;244m - Completed in 0.13s[0m

Reading file: [38;5;141m/tmp/ralph-worktrees/iter-942/chapter13.01-drug-formulary-navigation.md[0m, all lines[38;5;244m (using tool: read)[0m
[38;5;10m ✓ [0mSuccessfully read [38;5;244m39096 bytes[0m from /tmp/ralph-worktrees/iter-942/chapter13.01-drug-formulary-navigation.md
[38;5;244m - Completed in 0.0s[0m

[38;5;141m> [0mNow let me check the sidebar to understand the current format:[0m[0m
Reading file: [38;5;141m/tmp/ralph-worktrees/iter-942/_Sidebar.md[0m, all lines[38;5;244m (using tool: read)[0m
[38;5;10m ✓ [0mSuccessfully read [38;5;244m17867 bytes[0m from /tmp/ralph-worktrees/iter-942/_Sidebar.md
[38;5;244m - Completed in 0.0s[0m

[38;5;141m> [0mNow I have all the context I need. Let me write the Python companion for Recipe 13.1. The main recipe uses Neptune with openCypher queries, Redis caching, and a formulary parsing pipeline.[0m[0m
I'll create the following file: [38;5;141m/tmp/ralph-worktrees/iter-942/chapter13.01-python-example.md[0m[38;5;244m (using tool: write)[0m

[49m[38;5;10m+      1[0m:[38;5;10m[49m # Recipe 13.1: Python Implementation Example
[0m[49m[38;5;10m+      2[0m:[38;5;10m[49m 
[0m[49m[38;5;10m+      3[0m:[38;5;10m[49m > **Heads up:** This is a deliberately simple, illustrative implementation of the pseudocode walkthrough from Recipe 13.1. It shows one way you could translate those graph concepts into working Python code using boto3 and Neptune's openCypher endpoint. It is not production-ready. There's no error handling, no retry logic, no connection pooling. Think of it as the sketchpad version: useful for understanding how the pieces fit together, not something you'd point at a real formulary on Monday morning. A starting point, not a destination.
[0m[49m[38;5;10m+      4[0m:[38;5;10m[49m 
[0m[49m[38;5;10m+      5[0m:[38;5;10m[49m ---
[0m[49m[38;5;10m+      6[0m:[38;5;10m[49m 
[0m[49m[38;5;10m+      7[0m:[38;5;10m[49m ## Setup
[0m[49m[38;5;10m+      8[0m:[38;5;10m[49m 
[0m[49m[38;5;10m+      9[0m:[38;5;10m[49m You'll need the AWS SDK for Python and a few supporting libraries:
[0m[49m[38;5;10m+     10[0m:[38;5;10m[49m 
[0m[49m[38;5;10m+     11[0m:[38;5;10m[49m ```bash
[0m[49m[38;5;10m+     12[0m:[38;5;10m[49m pip install boto3 requests
[0m[49m[38;5;10m+     13[0m:[38;5;10m[49m ```
[0m[49m[38;5;10m+     14[0m:[38;5;10m[49m 
[0m[49m[38;5;10m+     15[0m:[38;5;10m[49m Your environment needs credentials configured (via environment variables, an instance profile, or `~/.aws/credentials`). The IAM role or user needs permissions for Neptune (`neptune-db:*` scoped to your cluster), S3 (`s3:GetObject` on the formulary bucket), and ElastiCache network access from your VPC.
[0m[49m[38;5;10m+     16[0m:[38;5;10m[49m 
[0m[49m[38;5;10m+     17[0m:[38;5;10m[49m Neptune doesn't use IAM for query authentication by default (it uses VPC-level network isolation), but if you've enabled IAM auth on your cluster, you'll need to sign requests with SigV4. This example assumes VPC network access without IAM auth for simplicity.
[0m[49m[38;5;10m+     18[0m:[38;5;10m[49m 
[0m[49m[38;5;10m+     19[0m:[38;5;10m[49m ---
[0m[49m[38;5;10m+     20[0m:[38;5;10m[49m 
[0m[49m[38;5;10m+     21[0m:[38;5;10m[49m ## Config and Constants
[0m[49m[38;5;10m+     22[0m:[38;5;10m[49m 
[0m[49m[38;5;10m+     23[0m:[38;5;10m[49m Before we get to the steps, here's the configuration that drives the whole pipeline. These constants define how we map formulary file columns to graph entities, what our Neptune endpoint looks like, and how we structure cache keys.
[0m[49m[38;5;10m+     24[0m:[38;5;10m[49m 
[0m[49m[38;5;10m+     25[0m:[38;5;10m[49m ```python
[0m[49m[38;5;10m+     26[0m:[38;5;10m[49m # Neptune cluster endpoint. This is the writer endpoint for loads,
[0m[49m[38;5;10m+     27[0m:[38;5;10m[49m # and the reader endpoint for queries. In production, you'd use
[0m[49m[38;5;10m+     28[0m:[38;5;10m[49m # separate endpoints for read vs. write operations.
[0m[49m[38;5;10m+     29[0m:[38;5;10m[49m #
[0m[49m[38;5;10m+     30[0m:[38;5;10m[49m # Neptune runs inside your VPC. This code must execute from within
[0m[49m[38;5;10m+     31[0m:[38;5;10m[49m # the same VPC (Lambda in VPC, EC2, ECS, etc.) to reach it.
[0m[49m[38;5;10m+     32[0m:[38;5;10m[49m NEPTUNE_ENDPOINT = "your-neptune-cluster.cluster-xxxxxxxxxxxx.us-east-1.neptune.amazonaws.com"
[0m[49m[38;5;10m+     33[0m:[38;5;10m[49m NEPTUNE_PORT = 8182
[0m[49m[38;5;10m+     34[0m:[38;5;10m[49m 
[0m[49m[38;5;10m+     35[0m:[38;5;10m[49m # The openCypher HTTP endpoint on Neptune.
[0m[49m[38;5;10m+     36[0m:[38;5;10m[49m # Neptune exposes openCypher queries via HTTPS POST to this path.
[0m[49m[38;5;10m+     37[0m:[38;5;10m[49m NEPTUNE_OPENCYPHER_URL = f"https://{NEPTUNE_ENDPOINT}:{NEPTUNE_PORT}/openCypher"
[0m[49m[38;5;10m+     38[0m:[38;5;10m[49m 
[0m[49m[38;5;10m+     39[0m:[38;5;10m[49m # Redis endpoint for caching query results.
[0m[49m[38;5;10m+     40[0m:[38;5;10m[49m # ElastiCache Redis cluster, also inside your VPC.
[0m[49m[38;5;10m+     41[0m:[38;5;10m[49m REDIS_HOST = "your-redis-cluster.xxxxxxxxxxxx.use1.cache.amazonaws.com"
[0m[49m[38;5;10m+     42[0m:[38;5;10m[49m REDIS_PORT = 6379
[0m[49m[38;5;10m+     43[0m:[38;5;10m[49m 
[0m[49m[38;5;10m+     44[0m:[38;5;10m[49m # Cache TTL in seconds. 24 hours aligns with formulary update frequency.
[0m[49m[38;5;10m+     45[0m:[38;5;10m[49m # Formularies change quarterly with occasional mid-quarter amendments.
[0m[49m[38;5;10m+     46[0m:[38;5;10m[49m # Flush the cache explicitly when you load new formulary data.
[0m[49m[38;5;10m+     47[0m:[38;5;10m[49m CACHE_TTL_SECONDS = 86400
[0m[49m[38;5;10m+     48[0m:[38;5;10m[49m 
[0m[49m[38;5;10m+     49[0m:[38;5;10m[49m # S3 bucket where formulary files land.
[0m[49m[38;5;10m+     50[0m:[38;5;10m[49m FORMULARY_BUCKET = "my-formulary-data"
[0m[49m[38;5;10m+     51[0m:[38;5;10m[49m 
[0m[49m[38;5;10m+     52[0m:[38;5;10m[49m # Column positions in CMS-standard pipe-delimited formulary files.
[0m[49m[38;5;10m+     53[0m:[38;5;10m[49m # CMS Part D formulary files have a defined layout. Commercial plans
[0m[49m[38;5;10m+     54[0m:[38;5;10m[49m # often use similar structures but column positions may vary.
[0m[49m[38;5;10m+     55[0m:[38;5;10m[49m # Adjust these mappings for your specific file format.
[0m[49m[38;5;10m+     56[0m:[38;5;10m[49m FORMULARY_COLUMNS = {
[0m[49m[38;5;10m+     57[0m:[38;5;10m[49m     "rxnorm_cui": 0,
[0m[49m[38;5;10m+     58[0m:[38;5;10m[49m     "ndc": 1,
[0m[49m[38;5;10m+     59[0m:[38;5;10m[49m     "drug_name": 2,
[0m[49m[38;5;10m+     60[0m:[38;5;10m[49m     "dosage_form": 3,
[0m[49m[38;5;10m+     61[0m:[38;5;10m[49m     "strength": 4,
[0m[49m[38;5;10m+     62[0m:[38;5;10m[49m     "tier_level": 5,
[0m[49m[38;5;10m+     63[0m:[38;5;10m[49m     "prior_auth": 6,
[0m[49m[38;5;10m+     64[0m:[38;5;10m[49m     "step_therapy": 7,
[0m[49m[38;5;10m+     65[0m:[38;5;10m[49m     "quantity_limit": 8,
[0m[49m[38;5;10m+     66[0m:[38;5;10m[49m     "therapeutic_class_code": 9,
[0m[49m[38;5;10m+     67[0m:[38;5;10m[49m     "therapeutic_class_name": 10,
[0m[49m[38;5;10m+     68[0m:[38;5;10m[49m     "plan_id": 11,
[0m[49m[38;5;10m+     69[0m:[38;5;10m[49m     "effective_date": 12,
[0m[49m[38;5;10m+     70[0m:[38;5;10m[49m     "termination_date": 13,
[0m[49m[38;5;10m+     71[0m:[38;5;10m[49m     "alternative_drugs": 14,
[0m[49m[38;5;10m+     72[0m:[38;5;10m[49m }
[0m[49m[38;5;10m+     73[0m:[38;5;10m[49m ```
[0m[49m[38;5;10m+     74[0m:[38;5;10m[49m 
[0m[49m[38;5;10m+     75[0m:[38;5;10m[49m ---
[0m[49m[38;5;10m+     76[0m:[38;5;10m[49m 
[0m[49m[38;5;10m+     77[0m:[38;5;10m[49m ## Step 1: Parse Formulary File
[0m[49m[38;5;10m+     78[0m:[38;5;10m[49m 
[0m[49m[38;5;10m+     79[0m:[38;5;10m[49m *The pseudocode calls this `parse_formulary_file(bucket, key)`. It reads a pipe-delimited formulary file from S3 and transforms each row into graph vertices (drugs, therapeutic classes) and edges (tier assignments, class memberships, restrictions, alternatives).*
[0m[49m[38;5;10m+     80[0m:[38;5;10m[49m 
[0m[49m[38;5;10m+     81[0m:[38;5;10m[49m ```python
[0m[49m[38;5;10m+     82[0m:[38;5;10m[49m import boto3
[0m[49m[38;5;10m+     83[0m:[38;5;10m[49m import csv
[0m[49m[38;5;10m+     84[0m:[38;5;10m[49m import io
[0m[49m[38;5;10m+     85[0m:[38;5;10m[49m import logging
[0m[49m[38;5;10m+     86[0m:[38;5;10m[49m 
[0m[49m[38;5;10m+     87[0m:[38;5;10m[49m logger = logging.getLogger(__name__)
[0m[49m[38;5;10m+     88[0m:[38;5;10m[49m logger.setLevel(logging.INFO)
[0m[49m[38;5;10m+     89[0m:[38;5;10m[49m 
[0m[49m[38;5;10m+     90[0m:[38;5;10m[49m s3_client = boto3.client("s3")
[0m[49m[38;5;10m+     91[0m:[38;5;10m[49m 
[0m[49m[38;5;10m+     92[0m:[38;5;10m[49m 
[0m[49m[38;5;10m+     93[0m:[38;5;10m[49m def parse_formulary_file(bucket: str, key: str) -> tuple[list, list]:
[0m[49m[38;5;10m+     94[0m:[38;5;10m[49m     """
[0m[49m[38;5;10m+     95[0m:[38;5;10m[49m     Read a formulary file from S3 and transform it into graph-ready
[0m[49m[38;5;10m+     96[0m:[38;5;10m[49m     vertices and edges.
[0m[49m[38;5;10m+     97[0m:[38;5;10m[49m 
[0m[49m[38;5;10m+     98[0m:[38;5;10m[49m     CMS Part D formulary files are pipe-delimited text with a header row.
[0m[49m[38;5;10m+     99[0m:[38;5;10m[49m     Each row represents one drug-plan-tier combination. We parse each row
[0m[49m[38;5;10m+    100[0m:[38;5;10m[49m     into: a Drug vertex, a TherapeuticClass vertex, and edges connecting
[0m[49m[38;5;10m+    101[0m:[38;5;10m[49m     them (class membership, tier assignment, restrictions, alternatives).
[0m[49m[38;5;10m+    102[0m:[38;5;10m[49m 
[0m[49m[38;5;10m+    103[0m:[38;5;10m[49m     Args:
[0m[49m[38;5;10m+    104[0m:[38;5;10m[49m         bucket: S3 bucket name where formulary files land
[0m[49m[38;5;10m+    105[0m:[38;5;10m[49m         key:    S3 object key (path to the specific formulary file)
[0m[49m[38;5;10m+    106[0m:[38;5;10m[49m 
[0m[49m[38;5;10m+    107[0m:[38;5;10m[49m     Returns:
[0m[49m[38;5;10m+    108[0m:[38;5;10m[49m         A tuple of (vertices, edges) where:
[0m[49m[38;5;10m+    109[0m:[38;5;10m[49m         - vertices: list of dicts, each with id, label, and properties
[0m[49m[38;5;10m+    110[0m:[38;5;10m[49m         - edges: list of dicts, each with from_id, to_id, type, and properties
[0m[49m[38;5;10m+    111[0m:[38;5;10m[49m     """
[0m[49m[38;5;10m+    112[0m:[38;5;10m[49m 
[0m[49m[38;5;10m+    113[0m:[38;5;10m[49m     # Fetch the file from S3.
[0m[49m[38;5;10m+    114[0m:[38;5;10m[49m     response = s3_client.get_object(Bucket=bucket, Key=key)
[0m[49m[38;5;10m+    115[0m:[38;5;10m[49m     content = response["Body"].read().decode("utf-8")
[0m[49m[38;5;10m+    116[0m:[38;5;10m[49m 
[0m[49m[38;5;10m+    117[0m:[38;5;10m[49m     # Parse as pipe-delimited CSV. CMS files use | as delimiter.
[0m[49m[38;5;10m+    118[0m:[38;5;10m[49m     reader = csv.reader(io.StringIO(content), delimiter="|")
[0m[49m[38;5;10m+    119[0m:[38;5;10m[49m 
[0m[49m[38;5;10m+    120[0m:[38;5;10m[49m     # Skip the header row.
[0m[49m[38;5;10m+    121[0m:[38;5;10m[49m     next(reader)
[0m[49m[38;5;10m+    122[0m:[38;5;10m[49m 
[0m[49m[38;5;10m+    123[0m:[38;5;10m[49m     vertices = []
[0m[49m[38;5;10m+    124[0m:[38;5;10m[49m     edges = []
[0m[49m[38;5;10m+    125[0m:[38;5;10m[49m 
[0m[49m[38;5;10m+    126[0m:[38;5;10m[49m     # Track which vertices we've already created to avoid duplicates.
[0m[49m[38;5;10m+    127[0m:[38;5;10m[49m     # The graph MERGE operation handles deduplication too, but skipping
[0m[49m[38;5;10m+    128[0m:[38;5;10m[49m     # duplicates here reduces the number of Neptune calls.
[0m[49m[38;5;10m+    129[0m:[38;5;10m[49m     seen_vertices = set()
[0m[49m[38;5;10m+    130[0m:[38;5;10m[49m 
[0m[49m[38;5;10m+    131[0m:[38;5;10m[49m     for row in reader:
[0m[49m[38;5;10m+    132[0m:[38;5;10m[49m         # Extract fields by column position.
[0m[49m[38;5;10m+    133[0m:[38;5;10m[49m         rxnorm_cui = row[FORMULARY_COLUMNS["rxnorm_cui"]].strip()
[0m[49m[38;5;10m+    134[0m:[38;5;10m[49m         drug_name = row[FORMULARY_COLUMNS["drug_name"]].strip()
[0m[49m[38;5;10m+    135[0m:[38;5;10m[49m         strength = row[FORMULARY_COLUMNS["strength"]].strip()
[0m[49m[38;5;10m+    136[0m:[38;5;10m[49m         dosage_form = row[FORMULARY_COLUMNS["dosage_form"]].strip()
[0m[49m[38;5;10m+    137[0m:[38;5;10m[49m         tier_level = row[FORMULARY_COLUMNS["tier_level"]].strip()
[0m[49m[38;5;10m+    138[0m:[38;5;10m[49m         prior_auth = row[FORMULARY_COLUMNS["prior_auth"]].strip()
[0m[49m[38;5;10m+    139[0m:[38;5;10m[49m         step_therapy = row[FORMULARY_COLUMNS["step_therapy"]].strip()
[0m[49m[38;5;10m+    140[0m:[38;5;10m[49m         class_code = row[FORMULARY_COLUMNS["therapeutic_class_code"]].strip()
[0m[49m[38;5;10m+    141[0m:[38;5;10m[49m         class_name = row[FORMULARY_COLUMNS["therapeutic_class_name"]].strip()
[0m[49m[38;5;10m+    142[0m:[38;5;10m[49m         plan_id = row[FORMULARY_COLUMNS["plan_id"]].strip()
[0m[49m[38;5;10m+    143[0m:[38;5;10m[49m         effective_date = row[FORMULARY_COLUMNS["effective_date"]].strip()
[0m[49m[38;5;10m+    144[0m:[38;5;10m[49m         termination_date = row[FORMULARY_COLUMNS["termination_date"]].strip()
[0m[49m[38;5;10m+    145[0m:[38;5;10m[49m         alternatives_raw = row[FORMULARY_COLUMNS["alternative_drugs"]].strip()
[0m[49m[38;5;10m+    146[0m:[38;5;10m[49m 
[0m[49m[38;5;10m+    147[0m:[38;5;10m[49m         # Use RxNorm CUI as the primary drug identifier.
[0m[49m[38;5;10m+    148[0m:[38;5;10m[49m         # RxNorm is the standard for drug concept normalization in US healthcare.
[0m[49m[38;5;10m+    149[0m:[38;5;10m[49m         drug_id = rxnorm_cui
[0m[49m[38;5;10m+    150[0m:[38;5;10m[49m 
[0m[49m[38;5;10m+    151[0m:[38;5;10m[49m         # Create Drug vertex (if not already seen in this file).
[0m[49m[38;5;10m+    152[0m:[38;5;10m[49m         if drug_id not in seen_vertices:
[0m[49m[38;5;10m+    153[0m:[38;5;10m[49m             vertices.append({
[0m[49m[38;5;10m+    154[0m:[38;5;10m[49m                 "id": drug_id,
[0m[49m[38;5;10m+    155[0m:[38;5;10m[49m                 "label": "Drug",
[0m[49m[38;5;10m+    156[0m:[38;5;10m[49m                 "properties": {
[0m[49m[38;5;10m+    157[0m:[38;5;10m[49m                     "name": drug_name,
[0m[49m[38;5;10m+    158[0m:[38;5;10m[49m                     "strength": strength,
[0m[49m[38;5;10m+    159[0m:[38;5;10m[49m                     "dosage_form": dosage_form,
[0m[49m[38;5;10m+    160[0m:[38;5;10m[49m                     "rxnorm_cui": rxnorm_cui,
[0m[49m[38;5;10m+    161[0m:[38;5;10m[49m                 },
[0m[49m[38;5;10m+    162[0m:[38;5;10m[49m             })
[0m[49m[38;5;10m+    163[0m:[38;5;10m[49m             seen_vertices.add(drug_id)
[0m[49m[38;5;10m+    164[0m:[38;5;10m[49m 
[0m[49m[38;5;10m+    165[0m:[38;5;10m[49m         # Create TherapeuticClass vertex (if not already seen).
[0m[49m[38;5;10m+    166[0m:[38;5;10m[49m         if class_code and class_code not in seen_vertices:
[0m[49m[38;5;10m+    167[0m:[38;5;10m[49m             vertices.append({
[0m[49m[38;5;10m+    168[0m:[38;5;10m[49m                 "id": class_code,
[0m[49m[38;5;10m+    169[0m:[38;5;10m[49m                 "label": "TherapeuticClass",
[0m[49m[38;5;10m+    170[0m:[38;5;10m[49m                 "properties": {
[0m[49m[38;5;10m+    171[0m:[38;5;10m[49m                     "name": class_name,
[0m[49m[38;5;10m+    172[0m:[38;5;10m[49m                     "classification_system": "AHFS",
[0m[49m[38;5;10m+    173[0m:[38;5;10m[49m                 },
[0m[49m[38;5;10m+    174[0m:[38;5;10m[49m             })
[0m[49m[38;5;10m+    175[0m:[38;5;10m[49m             seen_vertices.add(class_code)
[0m[49m[38;5;10m+    176[0m:[38;5;10m[49m 
[0m[49m[38;5;10m+    177[0m:[38;5;10m[49m         # Edge: Drug belongs to TherapeuticClass.
[0m[49m[38;5;10m+    178[0m:[38;5;10m[49m         if class_code:
[0m[49m[38;5;10m+    179[0m:[38;5;10m[49m             edges.append({
[0m[49m[38;5;10m+    180[0m:[38;5;10m[49m                 "from_id": drug_id,
[0m[49m[38;5;10m+    181[0m:[38;5;10m[49m                 "to_id": class_code,
[0m[49m[38;5;10m+    182[0m:[38;5;10m[49m                 "type": "BELONGS_TO_CLASS",
[0m[49m[38;5;10m+    183[0m:[38;5;10m[49m                 "properties": {"effective_date": effective_date},
[0m[49m[38;5;10m+    184[0m:[38;5;10m[49m             })
[0m[49m[38;5;10m+    185[0m:[38;5;10m[49m 
[0m[49m[38;5;10m+    186[0m:[38;5;10m[49m         # Edge: Drug is covered under this plan at this tier.
[0m[49m[38;5;10m+    187[0m:[38;5;10m[49m         edges.append({
[0m[49m[38;5;10m+    188[0m:[38;5;10m[49m             "from_id": drug_id,
[0m[49m[38;5;10m+    189[0m:[38;5;10m[49m             "to_id": plan_id,
[0m[49m[38;5;10m+    190[0m:[38;5;10m[49m             "type": "COVERED_UNDER",
[0m[49m[38;5;10m+    191[0m:[38;5;10m[49m             "properties": {
[0m[49m[38;5;10m+    192[0m:[38;5;10m[49m                 "tier": int(tier_level) if tier_level.isdigit() else tier_level,
[0m[49m[38;5;10m+    193[0m:[38;5;10m[49m                 "effective_date": effective_date,
[0m[49m[38;5;10m+    194[0m:[38;5;10m[49m                 "termination_date": termination_date,
[0m[49m[38;5;10m+    195[0m:[38;5;10m[49m             },
[0m[49m[38;5;10m+    196[0m:[38;5;10m[49m         })
[0m[49m[38;5;10m+    197[0m:[38;5;10m[49m 
[0m[49m[38;5;10m+    198[0m:[38;5;10m[49m         # Edge: Prior authorization restriction (if flagged).
[0m[49m[38;5;10m+    199[0m:[38;5;10m[49m         if prior_auth.upper() == "Y":
[0m[49m[38;5;10m+    200[0m:[38;5;10m[49m             edges.append({
[0m[49m[38;5;10m+    201[0m:[38;5;10m[49m                 "from_id": drug_id,
[0m[49m[38;5;10m+    202[0m:[38;5;10m[49m                 "to_id": f"PA_{plan_id}_{drug_id}",
[0m[49m[38;5;10m+    203[0m:[38;5;10m[49m                 "type": "HAS_RESTRICTION",
[0m[49m[38;5;10m+    204[0m:[38;5;10m[49m                 "properties": {
[0m[49m[38;5;10m+    205[0m:[38;5;10m[49m                     "restriction_type": "PRIOR_AUTH",
[0m[49m[38;5;10m+    206[0m:[38;5;10m[49m                     "plan_id": plan_id,
[0m[49m[38;5;10m+    207[0m:[38;5;10m[49m                 },
[0m[49m[38;5;10m+    208[0m:[38;5;10m[49m             })
[0m[49m[38;5;10m+    209[0m:[38;5;10m[49m 
[0m[49m[38;5;10m+    210[0m:[38;5;10m[49m         # Edge: Step therapy restriction (if flagged).
[0m[49m[38;5;10m+    211[0m:[38;5;10m[49m         if step_therapy.upper() == "Y":
[0m[49m[38;5;10m+    212[0m:[38;5;10m[49m             edges.append({
[0m[49m[38;5;10m+    213[0m:[38;5;10m[49m                 "from_id": drug_id,
[0m[49m[38;5;10m+    214[0m:[38;5;10m[49m                 "to_id": f"ST_{plan_id}_{drug_id}",
[0m[49m[38;5;10m+    215[0m:[38;5;10m[49m                 "type": "HAS_RESTRICTION",
[0m[49m[38;5;10m+    216[0m:[38;5;10m[49m                 "properties": {
[0m[49m[38;5;10m+    217[0m:[38;5;10m[49m                     "restriction_type": "STEP_THERAPY",
[0m[49m[38;5;10m+    218[0m:[38;5;10m[49m                     "plan_id": plan_id,
[0m[49m[38;5;10m+    219[0m:[38;5;10m[49m                 },
[0m[49m[38;5;10m+    220[0m:[38;5;10m[49m             })
[0m[49m[38;5;10m+    221[0m:[38;5;10m[49m 
[0m[49m[38;5;10m+    222[0m:[38;5;10m[49m         # Edges: Therapeutic alternatives (comma-separated list of RxNorm CUIs).
[0m[49m[38;5;10m+    223[0m:[38;5;10m[49m         if alternatives_raw:
[0m[49m[38;5;10m+    224[0m:[38;5;10m[49m             for alt_id in alternatives_raw.split(","):
[0m[49m[38;5;10m+    225[0m:[38;5;10m[49m                 alt_id = alt_id.strip()
[0m[49m[38;5;10m+    226[0m:[38;5;10m[49m                 if alt_id:
[0m[49m[38;5;10m+    227[0m:[38;5;10m[49m                     edges.append({
[0m[49m[38;5;10m+    228[0m:[38;5;10m[49m                         "from_id": drug_id,
[0m[49m[38;5;10m+    229[0m:[38;5;10m[49m                         "to_id": alt_id,
[0m[49m[38;5;10m+    230[0m:[38;5;10m[49m                         "type": "THERAPEUTIC_ALTERNATIVE",
[0m[49m[38;5;10m+    231[0m:[38;5;10m[49m                         "properties": {
[0m[49m[38;5;10m+    232[0m:[38;5;10m[49m                             "plan_id": plan_id,
[0m[49m[38;5;10m+    233[0m:[38;5;10m[49m                             "source": "formulary_file",
[0m[49m[38;5;10m+    234[0m:[38;5;10m[49m                         },
[0m[49m[38;5;10m+    235[0m:[38;5;10m[49m                     })
[0m[49m[38;5;10m+    236[0m:[38;5;10m[49m 
[0m[49m[38;5;10m+    237[0m:[38;5;10m[49m     logger.info(
[0m[49m[38;5;10m+    238[0m:[38;5;10m[49m         "Parsed %d vertices and %d edges from s3://%s/%s",
[0m[49m[38;5;10m+    239[0m:[38;5;10m[49m         len(vertices), len(edges), bucket, key,
[0m[49m[38;5;10m+    240[0m:[38;5;10m[49m     )
[0m[49m[38;5;10m+    241[0m:[38;5;10m[49m     return vertices, edges
[0m[49m[38;5;10m+    242[0m:[38;5;10m[49m ```
[0m[49m[38;5;10m+    243[0m:[38;5;10m[49m 
[0m[49m[38;5;10m+    244[0m:[38;5;10m[49m ---
[0m[49m[38;5;10m+    245[0m:[38;5;10m[49m 
[0m[49m[38;5;10m+    246[0m:[38;5;10m[49m ## Step 2: Load Graph Data into Neptune
[0m[49m[38;5;10m+    247[0m:[38;5;10m[49m 
[0m[49m[38;5;10m+    248[0m:[38;5;10m[49m *The pseudocode calls this `load_graph(vertices, edges, neptune_endpoint)`. It takes the parsed vertices and edges and upserts them into Neptune using openCypher MERGE statements. MERGE creates the node or edge if it doesn't exist, or updates its properties if it does.*
[0m[49m[38;5;10m+    249[0m:[38;5;10m[49m 
[0m[49m[38;5;10m+    250[0m:[38;5;10m[49m ```python
[0m[49m[38;5;10m+    251[0m:[38;5;10m[49m import requests
[0m[49m[38;5;10m+    252[0m:[38;5;10m[49m 
[0m[49m[38;5;10m+    253[0m:[38;5;10m[49m 
[0m[49m[38;5;10m+    254[0m:[38;5;10m[49m def execute_opencypher(query: str, parameters: dict = None) -> dict:
[0m[49m[38;5;10m+    255[0m:[38;5;10m[49m     """
[0m[49m[38;5;10m+    256[0m:[38;5;10m[49m     Execute an openCypher query against Neptune's HTTP endpoint.
[0m[49m[38;5;10m+    257[0m:[38;5;10m[49m 
[0m[49m[38;5;10m+    258[0m:[38;5;10m[49m     Neptune exposes openCypher via HTTPS POST. You send the query as
[0m[49m[38;5;10m+    259[0m:[38;5;10m[49m     form data and get JSON results back. This is simpler than the Bolt
[0m[49m[38;5;10m+    260[0m:[38;5;10m[49m     protocol (which requires a driver library) and works fine for
[0m[49m[38;5;10m+    261[0m:[38;5;10m[49m     moderate query volumes.
[0m[49m[38;5;10m+    262[0m:[38;5;10m[49m 
[0m[49m[38;5;10m+    263[0m:[38;5;10m[49m     Args:
[0m[49m[38;5;10m+    264[0m:[38;5;10m[49m         query:      openCypher query string
[0m[49m[38;5;10m+    265[0m:[38;5;10m[49m         parameters: dict of query parameters (Neptune substitutes these safely)
[0m[49m[38;5;10m+    266[0m:[38;5;10m[49m 
[0m[49m[38;5;10m+    267[0m:[38;5;10m[49m     Returns:
[0m[49m[38;5;10m+    268[0m:[38;5;10m[49m         The JSON response from Neptune containing query results.
[0m[49m[38;5;10m+    269[0m:[38;5;10m[49m     """
[0m[49m[38;5;10m+    270[0m:[38;5;10m[49m     payload = {"query": query}
[0m[49m[38;5;10m+    271[0m:[38;5;10m[49m     if parameters:
[0m[49m[38;5;10m+    272[0m:[38;5;10m[49m         # Neptune expects parameters as a JSON string in the 'parameters' field.
[0m[49m[38;5;10m+    273[0m:[38;5;10m[49m         import json
[0m[49m[38;5;10m+    274[0m:[38;5;10m[49m         payload["parameters"] = json.dumps(parameters)
[0m[49m[38;5;10m+    275[0m:[38;5;10m[49m 
[0m[49m[38;5;10m+    276[0m:[38;5;10m[49m     response = requests.post(
[0m[49m[38;5;10m+    277[0m:[38;5;10m[49m         NEPTUNE_OPENCYPHER_URL,
[0m[49m[38;5;10m+    278[0m:[38;5;10m[49m         data=payload,
[0m[49m[38;5;10m+    279[0m:[38;5;10m[49m         headers={"Content-Type": "application/x-www-form-urlencoded"},
[0m[49m[38;5;10m+    280[0m:[38;5;10m[49m     )
[0m[49m[38;5;10m+    281[0m:[38;5;10m[49m     response.raise_for_status()
[0m[49m[38;5;10m+    282[0m:[38;5;10m[49m     return response.json()
[0m[49m[38;5;10m+    283[0m:[38;5;10m[49m 
[0m[49m[38;5;10m+    284[0m:[38;5;10m[49m 
[0m[49m[38;5;10m+    285[0m:[38;5;10m[49m def load_vertices(vertices: list) -> int:
[0m[49m[38;5;10m+    286[0m:[38;5;10m[49m     """
[0m[49m[38;5;10m+    287[0m:[38;5;10m[49m     Upsert vertices into Neptune using openCypher MERGE.
[0m[49m[38;5;10m+    288[0m:[38;5;10m[49m 
[0m[49m[38;5;10m+    289[0m:[38;5;10m[49m     MERGE is the graph equivalent of "INSERT ... ON CONFLICT UPDATE" in SQL.
[0m[49m[38;5;10m+    290[0m:[38;5;10m[49m     If a node with this id already exists, update its properties.
[0m[49m[38;5;10m+    291[0m:[38;5;10m[49m     If it doesn't exist, create it.
[0m[49m[38;5;10m+    292[0m:[38;5;10m[49m 
[0m[49m[38;5;10m+    293[0m:[38;5;10m[49m     Args:
[0m[49m[38;5;10m+    294[0m:[38;5;10m[49m         vertices: list of vertex dicts from parse_formulary_file
[0m[49m[38;5;10m+    295[0m:[38;5;10m[49m 
[0m[49m[38;5;10m+    296[0m:[38;5;10m[49m     Returns:
[0m[49m[38;5;10m+    297[0m:[38;5;10m[49m         Count of vertices processed.
[0m[49m[38;5;10m+    298[0m:[38;5;10m[49m     """
[0m[49m[38;5;10m+    299[0m:[38;5;10m[49m     for vertex in vertices:
[0m[49m[38;5;10m+    300[0m:[38;5;10m[49m         # Build the MERGE query dynamically based on the vertex label.
[0m[49m[38;5;10m+    301[0m:[38;5;10m[49m         # We match on the 'id' property (our business identifier).
[0m[49m[38;5;10m+    302[0m:[38;5;10m[49m         query = f"""
[0m[49m[38;5;10m+    303[0m:[38;5;10m[49m             MERGE (n:{vertex['label']} {{id: $id}})
[0m[49m[38;5;10m+    304[0m:[38;5;10m[49m             SET n.name = $name
[0m[49m[38;5;10m+    305[0m:[38;5;10m[49m         """
[0m[49m[38;5;10m+    306[0m:[38;5;10m[49m 
[0m[49m[38;5;10m+    307[0m:[38;5;10m[49m         params = {"id": vertex["id"], "name": vertex["properties"].get("name", "")}
[0m[49m[38;5;10m+    308[0m:[38;5;10m[49m 
[0m[49m[38;5;10m+    309[0m:[38;5;10m[49m         # Add any additional properties.
[0m[49m[38;5;10m+    310[0m:[38;5;10m[49m         for prop_key, prop_value in vertex["properties"].items():
[0m[49m[38;5;10m+    311[0m:[38;5;10m[49m             if prop_key != "name" and prop_value:
[0m[49m[38;5;10m+    312[0m:[38;5;10m[49m                 query += f", n.{prop_key} = ${prop_key}"
[0m[49m[38;5;10m+    313[0m:[38;5;10m[49m                 params[prop_key] = prop_value
[0m[49m[38;5;10m+    314[0m:[38;5;10m[49m 
[0m[49m[38;5;10m+    315[0m:[38;5;10m[49m         execute_opencypher(query, params)
[0m[49m[38;5;10m+    316[0m:[38;5;10m[49m 
[0m[49m[38;5;10m+    317[0m:[38;5;10m[49m     logger.info("Loaded %d vertices into Neptune", len(vertices))
[0m[49m[38;5;10m+    318[0m:[38;5;10m[49m     return len(vertices)
[0m[49m[38;5;10m+    319[0m:[38;5;10m[49m 
[0m[49m[38;5;10m+    320[0m:[38;5;10m[49m 
[0m[49m[38;5;10m+    321[0m:[38;5;10m[49m def load_edges(edges: list) -> int:
[0m[49m[38;5;10m+    322[0m:[38;5;10m[49m     """
[0m[49m[38;5;10m+    323[0m:[38;5;10m[49m     Upsert edges into Neptune using openCypher MERGE.
[0m[49m[38;5;10m+    324[0m:[38;5;10m[49m 
[0m[49m[38;5;10m+    325[0m:[38;5;10m[49m     Each edge connects two nodes (identified by their 'id' property)
[0m[49m[38;5;10m+    326[0m:[38;5;10m[49m     with a typed relationship and optional properties.
[0m[49m[38;5;10m+    327[0m:[38;5;10m[49m 
[0m[49m[38;5;10m+    328[0m:[38;5;10m[49m     Args:
[0m[49m[38;5;10m+    329[0m:[38;5;10m[49m         edges: list of edge dicts from parse_formulary_file
[0m[49m[38;5;10m+    330[0m:[38;5;10m[49m 
[0m[49m[38;5;10m+    331[0m:[38;5;10m[49m     Returns:
[0m[49m[38;5;10m+    332[0m:[38;5;10m[49m         Count of edges processed.
[0m[49m[38;5;10m+    333[0m:[38;5;10m[49m     """
[0m[49m[38;5;10m+    334[0m:[38;5;10m[49m     for edge in edges:
[0m[49m[38;5;10m+    335[0m:[38;5;10m[49m         # MATCH both endpoints by id, then MERGE the relationship between them.
[0m[49m[38;5;10m+    336[0m:[38;5;10m[49m         # MERGE on the relationship prevents duplicate edges.
[0m[49m[38;5;10m+    337[0m:[38;5;10m[49m         query = f"""
[0m[49m[38;5;10m+    338[0m:[38;5;10m[49m             MATCH (a {{id: $from_id}})
[0m[49m[38;5;10m+    339[0m:[38;5;10m[49m             MATCH (b {{id: $to_id}})
[0m[49m[38;5;10m+    340[0m:[38;5;10m[49m             MERGE (a)-[r:{edge['type']}]->(b)
[0m[49m[38;5;10m+    341[0m:[38;5;10m[49m             SET r += $props
[0m[49m[38;5;10m+    342[0m:[38;5;10m[49m         """
[0m[49m[38;5;10m+    343[0m:[38;5;10m[49m 
[0m[49m[38;5;10m+    344[0m:[38;5;10m[49m         params = {
[0m[49m[38;5;10m+    345[0m:[38;5;10m[49m             "from_id": edge["from_id"],
[0m[49m[38;5;10m+    346[0m:[38;5;10m[49m             "to_id": edge["to_id"],
[0m[49m[38;5;10m+    347[0m:[38;5;10m[49m             "props": edge["properties"],
[0m[49m[38;5;10m+    348[0m:[38;5;10m[49m         }
[0m[49m[38;5;10m+    349[0m:[38;5;10m[49m 
[0m[49m[38;5;10m+    350[0m:[38;5;10m[49m         execute_opencypher(query, params)
[0m[49m[38;5;10m+    351[0m:[38;5;10m[49m 
[0m[49m[38;5;10m+    352[0m:[38;5;10m[49m     logger.info("Loaded %d edges into Neptune", len(edges))
[0m[49m[38;5;10m+    353[0m:[38;5;10m[49m     return len(edges)
[0m[49m[38;5;10m+    354[0m:[38;5;10m[49m 
[0m[49m[38;5;10m+    355[0m:[38;5;10m[49m 
[0m[49m[38;5;10m+    356[0m:[38;5;10m[49m def load_graph(vertices: list, edges: list) -> dict:
[0m[49m[38;5;10m+    357[0m:[38;5;10m[49m     """
[0m[49m[38;5;10m+    358[0m:[38;5;10m[49m     Full graph load: upsert all vertices, then all edges.
[0m[49m[38;5;10m+    359[0m:[38;5;10m[49m 
[0m[49m[38;5;10m+    360[0m:[38;5;10m[49m     Vertices must be loaded before edges because edges reference
[0m[49m[38;5;10m+    361[0m:[38;5;10m[49m     nodes by id. If a node doesn't exist yet, the MATCH in the
[0m[49m[38;5;10m+    362[0m:[38;5;10m[49m     edge query will fail silently (no edge created).
[0m[49m[38;5;10m+    363[0m:[38;5;10m[49m 
[0m[49m[38;5;10m+    364[0m:[38;5;10m[49m     Args:
[0m[49m[38;5;10m+    365[0m:[38;5;10m[49m         vertices: list of vertex dicts
[0m[49m[38;5;10m+    366[0m:[38;5;10m[49m         edges:    list of edge dicts
[0m[49m[38;5;10m+    367[0m:[38;5;10m[49m 
[0m[49m[38;5;10m+    368[0m:[38;5;10m[49m     Returns:
[0m[49m[38;5;10m+    369[0m:[38;5;10m[49m         Summary dict with counts.
[0m[49m[38;5;10m+    370[0m:[38;5;10m[49m     """
[0m[49m[38;5;10m+    371[0m:[38;5;10m[49m     v_count = load_vertices(vertices)
[0m[49m[38;5;10m+    372[0m:[38;5;10m[49m     e_count = load_edges(edges)
[0m[49m[38;5;10m+    373[0m:[38;5;10m[49m 
[0m[49m[38;5;10m+    374[0m:[38;5;10m[49m     return {"vertices_loaded": v_count, "edges_loaded": e_count}
[0m[49m[38;5;10m+    375[0m:[38;5;10m[49m ```
[0m[49m[38;5;10m+    376[0m:[38;5;10m[49m 
[0m[49m[38;5;10m+    377[0m:[38;5;10m[49m ---
[0m[49m[38;5;10m+    378[0m:[38;5;10m[49m 
[0m[49m[38;5;10m+    379[0m:[38;5;10m[49m ## Step 3: Query for Therapeutic Alternatives
[0m[49m[38;5;10m+    380[0m:[38;5;10m[49m 
[0m[49m[38;5;10m+    381[0m:[38;5;10m[49m *The pseudocode calls this `find_alternatives(drug_id, plan_id, neptune_endpoint)`. This is the core value of the graph: a single traversal that answers "what can my patient take instead, and what will it cost them?"*
[0m[49m[38;5;10m+    382[0m:[38;5;10m[49m 
[0m[49m[38;5;10m+    383[0m:[38;5;10m[49m ```python
[0m[49m[38;5;10m+    384[0m:[38;5;10m[49m def find_alternatives(drug_id: str, plan_id: str) -> list:
[0m[49m[38;5;10m+    385[0m:[38;5;10m[49m     """
[0m[49m[38;5;10m+    386[0m:[38;5;10m[49m     Find therapeutic alternatives for a drug under a specific plan.
[0m[49m[38;5;10m+    387[0m:[38;5;10m[49m 
[0m[49m[38;5;10m+    388[0m:[38;5;10m[49m     The traversal: start at the prescribed drug, follow BELONGS_TO_CLASS
[0m[49m[38;5;10m+    389[0m:[38;5;10m[49m     to its therapeutic class, follow BELONGS_TO_CLASS back to other drugs
[0m[49m[38;5;10m+    390[0m:[38;5;10m[49m     in that class, filter by COVERED_UNDER edges for the patient's plan,
[0m[49m[38;5;10m+    391[0m:[38;5;10m[49m     and sort by tier (cheapest first).
[0m[49m[38;5;10m+    392[0m:[38;5;10m[49m 
[0m[49m[38;5;10m+    393[0m:[38;5;10m[49m     Also checks for restrictions (prior auth, step therapy) on each
[0m[49m[38;5;10m+    394[0m:[38;5;10m[49m     alternative so the prescriber knows upfront what's required.
[0m[49m[38;5;10m+    395[0m:[38;5;10m[49m 
[0m[49m[38;5;10m+    396[0m:[38;5;10m[49m     Args:
[0m[49m[38;5;10m+    397[0m:[38;5;10m[49m         drug_id: RxNorm CUI of the prescribed drug
[0m[49m[38;5;10m+    398[0m:[38;5;10m[49m         plan_id: Patient's benefit plan identifier
[0m[49m[38;5;10m+    399[0m:[38;5;10m[49m 
[0m[49m[38;5;10m+    400[0m:[38;5;10m[49m     Returns:
[0m[49m[38;5;10m+    401[0m:[38;5;10m[49m         List of alternative drugs with tier and restriction info,
[0m[49m[38;5;10m+    402[0m:[38;5;10m[49m         sorted by tier (lowest/cheapest first).
[0m[49m[38;5;10m+    403[0m:[38;5;10m[49m     """
[0m[49m[38;5;10m+    404[0m:[38;5;10m[49m     query = """
[0m[49m[38;5;10m+    405[0m:[38;5;10m[49m         MATCH (prescribed:Drug {id: $drug_id})
[0m[49m[38;5;10m+    406[0m:[38;5;10m[49m               -[:BELONGS_TO_CLASS]->(class:TherapeuticClass)
[0m[49m[38;5;10m+    407[0m:[38;5;10m[49m               <-[:BELONGS_TO_CLASS]-(alternative:Drug)
[0m[49m[38;5;10m+    408[0m:[38;5;10m[49m               -[coverage:COVERED_UNDER]->(plan {id: $plan_id})
[0m[49m[38;5;10m+    409[0m:[38;5;10m[49m         WHERE alternative.id <> $drug_id
[0m[49m[38;5;10m+    410[0m:[38;5;10m[49m         OPTIONAL MATCH (alternative)-[restriction:HAS_RESTRICTION]->()
[0m[49m[38;5;10m+    411[0m:[38;5;10m[49m         WHERE restriction.plan_id = $plan_id
[0m[49m[38;5;10m+    412[0m:[38;5;10m[49m         RETURN alternative.name AS drug_name,
[0m[49m[38;5;10m+    413[0m:[38;5;10m[49m                alternative.id AS drug_id,
[0m[49m[38;5;10m+    414[0m:[38;5;10m[49m                alternative.strength AS strength,
[0m[49m[38;5;10m+    415[0m:[38;5;10m[49m                coverage.tier AS tier,
[0m[49m[38;5;10m+    416[0m:[38;5;10m[49m                collect(DISTINCT restriction.restriction_type) AS restrictions
[0m[49m[38;5;10m+    417[0m:[38;5;10m[49m         ORDER BY coverage.tier ASC, alternative.name ASC
[0m[49m[38;5;10m+    418[0m:[38;5;10m[49m     """
[0m[49m[38;5;10m+    419[0m:[38;5;10m[49m 
[0m[49m[38;5;10m+    420[0m:[38;5;10m[49m     result = execute_opencypher(query, {"drug_id": drug_id, "plan_id": plan_id})
[0m[49m[38;5;10m+    421[0m:[38;5;10m[49m 
[0m[49m[38;5;10m+    422[0m:[38;5;10m[49m     # Neptune returns results in a 'results' array with column-based format.
[0m[49m[38;5;10m+    423[0m:[38;5;10m[49m     # Transform into a cleaner list of dicts.
[0m[49m[38;5;10m+    424[0m:[38;5;10m[49m     alternatives = []
[0m[49m[38;5;10m+    425[0m:[38;5;10m[49m     for record in result.get("results", []):
[0m[49m[38;5;10m+    426[0m:[38;5;10m[49m         alternatives.append({
[0m[49m[38;5;10m+    427[0m:[38;5;10m[49m             "drug_name": record["drug_name"],
[0m[49m[38;5;10m+    428[0m:[38;5;10m[49m             "drug_id": record["drug_id"],
[0m[49m[38;5;10m+    429[0m:[38;5;10m[49m             "strength": record["strength"],
[0m[49m[38;5;10m+    430[0m:[38;5;10m[49m             "tier": record["tier"],
[0m[49m[38;5;10m+    431[0m:[38;5;10m[49m             "restrictions": [r for r in record["restrictions"] if r],
[0m[49m[38;5;10m+    432[0m:[38;5;10m[49m         })
[0m[49m[38;5;10m+    433[0m:[38;5;10m[49m 
[0m[49m[38;5;10m+    434[0m:[38;5;10m[49m     return alternatives
[0m[49m[38;5;10m+    435[0m:[38;5;10m[49m ```
[0m[49m[38;5;10m+    436[0m:[38;5;10m[49m 
[0m[49m[38;5;10m+    437[0m:[38;5;10m[49m ---
[0m[49m[38;5;10m+    438[0m:[38;5;10m[49m 
[0m[49m[38;5;10m+    439[0m:[38;5;10m[49m ## Step 4: Cache Results in Redis
[0m[49m[38;5;10m+    440[0m:[38;5;10m[49m 
[0m[49m[38;5;10m+    441[0m:[38;5;10m[49m *The pseudocode calls this `get_alternatives_cached(drug_id, plan_id, redis_client, neptune_endpoint)`. The same drug-plan combinations get queried repeatedly. Caching avoids hammering Neptune for every request.*
[0m[49m[38;5;10m+    442[0m:[38;5;10m[49m 
[0m[49m[38;5;10m+    443[0m:[38;5;10m[49m ```python
[0m[49m[38;5;10m+    444[0m:[38;5;10m[49m import json
[0m[49m[38;5;10m+    445[0m:[38;5;10m[49m import redis
[0m[49m[38;5;10m+    446[0m:[38;5;10m[49m 
[0m[49m[38;5;10m+    447[0m:[38;5;10m[49m # Create a Redis client. This connects to your ElastiCache cluster.
[0m[49m[38;5;10m+    448[0m:[38;5;10m[49m # In production, use connection pooling and handle connection failures.
[0m[49m[38;5;10m+    449[0m:[38;5;10m[49m redis_client = redis.Redis(host=REDIS_HOST, port=REDIS_PORT, decode_responses=True)
[0m[49m[38;5;10m+    450[0m:[38;5;10m[49m 
[0m[49m[38;5;10m+    451[0m:[38;5;10m[49m 
[0m[49m[38;5;10m+    452[0m:[38;5;10m[49m def get_alternatives_cached(drug_id: str, plan_id: str) -> list:
[0m[49m[38;5;10m+    453[0m:[38;5;10m[49m     """
[0m[49m[38;5;10m+    454[0m:[38;5;10m[49m     Get therapeutic alternatives with Redis caching.
[0m[49m[38;5;10m+    455[0m:[38;5;10m[49m 
[0m[49m[38;5;10m+    456[0m:[38;5;10m[49m     Cache key combines drug_id and plan_id for uniqueness.
[0m[49m[38;5;10m+    457[0m:[38;5;10m[49m     On cache hit, return immediately without touching Neptune.
[0m[49m[38;5;10m+    458[0m:[38;5;10m[49m     On cache miss, query Neptune and populate the cache.
[0m[49m[38;5;10m+    459[0m:[38;5;10m[49m 
[0m[49m[38;5;10m+    460[0m:[38;5;10m[49m     The 24-hour TTL aligns with formulary update frequency.
[0m[49m[38;5;10m+    461[0m:[38;5;10m[49m     When you load new formulary data, flush the cache explicitly
[0m[49m[38;5;10m+    462[0m:[38;5;10m[49m     (call invalidate_formulary_cache) rather than waiting for TTL.
[0m[49m[38;5;10m+    463[0m:[38;5;10m[49m 
[0m[49m[38;5;10m+    464[0m:[38;5;10m[49m     Args:
[0m[49m[38;5;10m+    465[0m:[38;5;10m[49m         drug_id: RxNorm CUI of the prescribed drug
[0m[49m[38;5;10m+    466[0m:[38;5;10m[49m         plan_id: Patient's benefit plan identifier
[0m[49m[38;5;10m+    467[0m:[38;5;10m[49m 
[0m[49m[38;5;10m+    468[0m:[38;5;10m[49m     Returns:
[0m[49m[38;5;10m+    469[0m:[38;5;10m[49m         List of alternative drugs (from cache or fresh query).
[0m[49m[38;5;10m+    470[0m:[38;5;10m[49m     """
[0m[49m[38;5;10m+    471[0m:[38;5;10m[49m     cache_key = f"formulary:alternatives:{drug_id}:{plan_id}"
[0m[49m[38;5;10m+    472[0m:[38;5;10m[49m 
[0m[49m[38;5;10m+    473[0m:[38;5;10m[49m     # Check cache first.
[0m[49m[38;5;10m+    474[0m:[38;5;10m[49m     cached = redis_client.get(cache_key)
[0m[49m[38;5;10m+    475[0m:[38;5;10m[49m     if cached:
[0m[49m[38;5;10m+    476[0m:[38;5;10m[49m         logger.info("Cache hit for %s", cache_key)
[0m[49m[38;5;10m+    477[0m:[38;5;10m[49m         return json.loads(cached)
[0m[49m[38;5;10m+    478[0m:[38;5;10m[49m 
[0m[49m[38;5;10m+    479[0m:[38;5;10m[49m     # Cache miss. Query Neptune.
[0m[49m[38;5;10m+    480[0m:[38;5;10m[49m     logger.info("Cache miss for %s, querying Neptune", cache_key)
[0m[49m[38;5;10m+    481[0m:[38;5;10m[49m     alternatives = find_alternatives(drug_id, plan_id)
[0m[49m[38;5;10m+    482[0m:[38;5;10m[49m 
[0m[49m[38;5;10m+    483[0m:[38;5;10m[49m     # Store in cache with TTL.
[0m[49m[38;5;10m+    484[0m:[38;5;10m[49m     redis_client.setex(cache_key, CACHE_TTL_SECONDS, json.dumps(alternatives))
[0m[49m[38;5;10m+    485[0m:[38;5;10m[49m 
[0m[49m[38;5;10m+    486[0m:[38;5;10m[49m     return alternatives
[0m[49m[38;5;10m+    487[0m:[38;5;10m[49m 
[0m[49m[38;5;10m+    488[0m:[38;5;10m[49m 
[0m[49m[38;5;10m+    489[0m:[38;5;10m[49m def invalidate_formulary_cache() -> int:
[0m[49m[38;5;10m+    490[0m:[38;5;10m[49m     """
[0m[49m[38;5;10m+    491[0m:[38;5;10m[49m     Flush all formulary cache entries.
[0m[49m[38;5;10m+    492[0m:[38;5;10m[49m 
[0m[49m[38;5;10m+    493[0m:[38;5;10m[49m     Call this after loading new formulary data into Neptune.
[0m[49m[38;5;10m+    494[0m:[38;5;10m[49m     Uses Redis SCAN to find and delete all keys matching our prefix.
[0m[49m[38;5;10m+    495[0m:[38;5;10m[49m     SCAN is non-blocking (unlike KEYS which blocks the server).
[0m[49m[38;5;10m+    496[0m:[38;5;10m[49m 
[0m[49m[38;5;10m+    497[0m:[38;5;10m[49m     Returns:
[0m[49m[38;5;10m+    498[0m:[38;5;10m[49m         Count of cache entries deleted.
[0m[49m[38;5;10m+    499[0m:[38;5;10m[49m     """
[0m[49m[38;5;10m+    500[0m:[38;5;10m[49m     deleted = 0
[0m[49m[38;5;10m+    501[0m:[38;5;10m[49m     cursor = 0
[0m[49m[38;5;10m+    502[0m:[38;5;10m[49m 
[0m[49m[38;5;10m+    503[0m:[38;5;10m[49m     while True:
[0m[49m[38;5;10m+    504[0m:[38;5;10m[49m         cursor, keys = redis_client.scan(cursor, match="formulary:*", count=100)
[0m[49m[38;5;10m+    505[0m:[38;5;10m[49m         if keys:
[0m[49m[38;5;10m+    506[0m:[38;5;10m[49m             redis_client.delete(*keys)
[0m[49m[38;5;10m+    507[0m:[38;5;10m[49m             deleted += len(keys)
[0m[49m[38;5;10m+    508[0m:[38;5;10m[49m         if cursor == 0:
[0m[49m[38;5;10m+    509[0m:[38;5;10m[49m             break
[0m[49m[38;5;10m+    510[0m:[38;5;10m[49m 
[0m[49m[38;5;10m+    511[0m:[38;5;10m[49m     logger.info("Invalidated %d cache entries", deleted)
[0m[49m[38;5;10m+    512[0m:[38;5;10m[49m     return deleted
[0m[49m[38;5;10m+    513[0m:[38;5;10m[49m ```
[0m[49m[38;5;10m+    514[0m:[38;5;10m[49m 
[0m[49m[38;5;10m+    515[0m:[38;5;10m[49m ---
[0m[49m[38;5;10m+    516[0m:[38;5;10m[49m 
[0m[49m[38;5;10m+    517[0m:[38;5;10m[49m ## Step 5: API Query Handler
[0m[49m[38;5;10m+    518[0m:[38;5;10m[49m 
[0m[49m[38;5;10m+    519[0m:[38;5;10m[49m *The pseudocode calls this `handle_formulary_query(request)`. It wraps the graph query in domain logic: check if the prescribed drug is already preferred, and format the response for the consuming application.*
[0m[49m[38;5;10m+    520[0m:[38;5;10m[49m 
[0m[49m[38;5;10m+    521[0m:[38;5;10m[49m ```python
[0m[49m[38;5;10m+    522[0m:[38;5;10m[49m def get_drug_tier(drug_id: str, plan_id: str) -> int | None:
[0m[49m[38;5;10m+    523[0m:[38;5;10m[49m     """
[0m[49m[38;5;10m+    524[0m:[38;5;10m[49m     Look up the tier of a specific drug under a specific plan.
[0m[49m[38;5;10m+    525[0m:[38;5;10m[49m 
[0m[49m[38;5;10m+    526[0m:[38;5;10m[49m     Returns None if the drug is not on the formulary for this plan.
[0m[49m[38;5;10m+    527[0m:[38;5;10m[49m     """
[0m[49m[38;5;10m+    528[0m:[38;5;10m[49m     query = """
[0m[49m[38;5;10m+    529[0m:[38;5;10m[49m         MATCH (d:Drug {id: $drug_id})-[c:COVERED_UNDER]->(p {id: $plan_id})
[0m[49m[38;5;10m+    530[0m:[38;5;10m[49m         RETURN c.tier AS tier
[0m[49m[38;5;10m+    531[0m:[38;5;10m[49m     """
[0m[49m[38;5;10m+    532[0m:[38;5;10m[49m 
[0m[49m[38;5;10m+    533[0m:[38;5;10m[49m     result = execute_opencypher(query, {"drug_id": drug_id, "plan_id": plan_id})
[0m[49m[38;5;10m+    534[0m:[38;5;10m[49m     results = result.get("results", [])
[0m[49m[38;5;10m+    535[0m:[38;5;10m[49m 
[0m[49m[38;5;10m+    536[0m:[38;5;10m[49m     if not results:
[0m[49m[38;5;10m+    537[0m:[38;5;10m[49m         return None
[0m[49m[38;5;10m+    538[0m:[38;5;10m[49m 
[0m[49m[38;5;10m+    539[0m:[38;5;10m[49m     return results[0]["tier"]
[0m[49m[38;5;10m+    540[0m:[38;5;10m[49m 
[0m[49m[38;5;10m+    541[0m:[38;5;10m[49m 
[0m[49m[38;5;10m+    542[0m:[38;5;10m[49m def handle_formulary_query(drug_id: str, plan_id: str) -> dict:
[0m[49m[38;5;10m+    543[0m:[38;5;10m[49m     """
[0m[49m[38;5;10m+    544[0m:[38;5;10m[49m     Main API handler for formulary navigation queries.
[0m[49m[38;5;10m+    545[0m:[38;5;10m[49m 
[0m[49m[38;5;10m+    546[0m:[38;5;10m[49m     Accepts a drug ID and plan ID, returns one of three responses:
[0m[49m[38;5;10m+    547[0m:[38;5;10m[49m     - NOT_COVERED: drug isn't on the formulary, here are alternatives
[0m[49m[38;5;10m+    548[0m:[38;5;10m[49m     - PREFERRED: drug is already the best option in its class
[0m[49m[38;5;10m+    549[0m:[38;5;10m[49m     - ALTERNATIVES_AVAILABLE: cheaper options exist
[0m[49m[38;5;10m+    550[0m:[38;5;10m[49m 
[0m[49m[38;5;10m+    551[0m:[38;5;10m[49m     This is what your API Gateway Lambda resolver would call.
[0m[49m[38;5;10m+    552[0m:[38;5;10m[49m 
[0m[49m[38;5;10m+    553[0m:[38;5;10m[49m     Args:
[0m[49m[38;5;10m+    554[0m:[38;5;10m[49m         drug_id: RxNorm CUI of the prescribed drug
[0m[49m[38;5;10m+    555[0m:[38;5;10m[49m         plan_id: Patient's benefit plan identifier
[0m[49m[38;5;10m+    556[0m:[38;5;10m[49m 
[0m[49m[38;5;10m+    557[0m:[38;5;10m[49m     Returns:
[0m[49m[38;5;10m+    558[0m:[38;5;10m[49m         Structured response dict for the consuming application.
[0m[49m[38;5;10m+    559[0m:[38;5;10m[49m     """
[0m[49m[38;5;10m+    560[0m:[38;5;10m[49m     # First, check if the prescribed drug is even on the formulary.
[0m[49m[38;5;10m+    561[0m:[38;5;10m[49m     prescribed_tier = get_drug_tier(drug_id, plan_id)
[0m[49m[38;5;10m+    562[0m:[38;5;10m[49m 
[0m[49m[38;5;10m+    563[0m:[38;5;10m[49m     # Get alternatives regardless (useful for NOT_COVERED case too).
[0m[49m[38;5;10m+    564[0m:[38;5;10m[49m     alternatives = get_alternatives_cached(drug_id, plan_id)
[0m[49m[38;5;10m+    565[0m:[38;5;10m[49m 
[0m[49m[38;5;10m+    566[0m:[38;5;10m[49m     if prescribed_tier is None:
[0m[49m[38;5;10m+    567[0m:[38;5;10m[49m         # Drug not on formulary at all. Show alternatives.
[0m[49m[38;5;10m+    568[0m:[38;5;10m[49m         return {
[0m[49m[38;5;10m+    569[0m:[38;5;10m[49m             "status": "NOT_COVERED",
[0m[49m[38;5;10m+    570[0m:[38;5;10m[49m             "prescribed_drug": drug_id,
[0m[49m[38;5;10m+    571[0m:[38;5;10m[49m             "message": "This drug is not on the formulary for this plan.",
[0m[49m[38;5;10m+    572[0m:[38;5;10m[49m             "alternatives": alternatives,
[0m[49m[38;5;10m+    573[0m:[38;5;10m[49m         }
[0m[49m[38;5;10m+    574[0m:[38;5;10m[49m 
[0m[49m[38;5;10m+    575[0m:[38;5;10m[49m     # Filter to alternatives with a better (lower) tier.
[0m[49m[38;5;10m+    576[0m:[38;5;10m[49m     better_alternatives = [a for a in alternatives if a["tier"] < prescribed_tier]
[0m[49m[38;5;10m+    577[0m:[38;5;10m[49m 
[0m[49m[38;5;10m+    578[0m:[38;5;10m[49m     if not better_alternatives:
[0m[49m[38;5;10m+    579[0m:[38;5;10m[49m         # The prescribed drug is already the best option.
[0m[49m[38;5;10m+    580[0m:[38;5;10m[49m         return {
[0m[49m[38;5;10m+    581[0m:[38;5;10m[49m             "status": "PREFERRED",
[0m[49m[38;5;10m+    582[0m:[38;5;10m[49m             "prescribed_drug": drug_id,
[0m[49m[38;5;10m+    583[0m:[38;5;10m[49m             "tier": prescribed_tier,
[0m[49m[38;5;10m+    584[0m:[38;5;10m[49m             "message": "This is the preferred option in its therapeutic class.",
[0m[49m[38;5;10m+    585[0m:[38;5;10m[49m         }
[0m[49m[38;5;10m+    586[0m:[38;5;10m[49m 
[0m[49m[38;5;10m+    587[0m:[38;5;10m[49m     return {
[0m[49m[38;5;10m+    588[0m:[38;5;10m[49m         "status": "ALTERNATIVES_AVAILABLE",
[0m[49m[38;5;10m+    589[0m:[38;5;10m[49m         "prescribed_drug": drug_id,
[0m[49m[38;5;10m+    590[0m:[38;5;10m[49m         "prescribed_tier": prescribed_tier,
[0m[49m[38;5;10m+    591[0m:[38;5;10m[49m         "alternatives": better_alternatives,
[0m[49m[38;5;10m+    592[0m:[38;5;10m[49m         "message": "Lower-cost alternatives are available.",
[0m[49m[38;5;10m+    593[0m:[38;5;10m[49m     }
[0m[49m[38;5;10m+    594[0m:[38;5;10m[49m ```
[0m[49m[38;5;10m+    595[0m:[38;5;10m[49m 
[0m[49m[38;5;10m+    596[0m:[38;5;10m[49m ---
[0m[49m[38;5;10m+    597[0m:[38;5;10m[49m 
[0m[49m[38;5;10m+    598[0m:[38;5;10m[49m ## Putting It All Together
[0m[49m[38;5;10m+    599[0m:[38;5;10m[49m 
[0m[49m[38;5;10m+    600[0m:[38;5;10m[49m Here's the full pipeline assembled into callable functions. The load pipeline runs when new formulary data arrives. The query pipeline runs on every prescriber request.
[0m[49m[38;5;10m+    601[0m:[38;5;10m[49m 
[0m[49m[38;5;10m+    602[0m:[38;5;10m[49m ```python
[0m[49m[38;5;10m+    603[0m:[38;5;10m[49m def run_formulary_load(bucket: str, key: str) -> dict:
[0m[49m[38;5;10m+    604[0m:[38;5;10m[49m     """
[0m[49m[38;5;10m+    605[0m:[38;5;10m[49m     Full formulary load pipeline: parse file, load into Neptune, flush cache.
[0m[49m[38;5;10m+    606[0m:[38;5;10m[49m 
[0m[49m[38;5;10m+    607[0m:[38;5;10m[49m     This is what your S3-triggered Lambda would call when a new
[0m[49m[38;5;10m+    608[0m:[38;5;10m[49m     formulary file lands in the inbox bucket.
[0m[49m[38;5;10m+    609[0m:[38;5;10m[49m 
[0m[49m[38;5;10m+    610[0m:[38;5;10m[49m     Args:
[0m[49m[38;5;10m+    611[0m:[38;5;10m[49m         bucket: S3 bucket name
[0m[49m[38;5;10m+    612[0m:[38;5;10m[49m         key:    S3 object key for the formulary file
[0m[49m[38;5;10m+    613[0m:[38;5;10m[49m 
[0m[49m[38;5;10m+    614[0m:[38;5;10m[49m     Returns:
[0m[49m[38;5;10m+    615[0m:[38;5;10m[49m         Summary of the load operation.
[0m[49m[38;5;10m+    616[0m:[38;5;10m[49m     """
[0m[49m[38;5;10m+    617[0m:[38;5;10m[49m     print(f"=== Formulary Load Pipeline ===")
[0m[49m[38;5;10m+    618[0m:[38;5;10m[49m     print(f"Source: s3://{bucket}/{key}")
[0m[49m[38;5;10m+    619[0m:[38;5;10m[49m 
[0m[49m[38;5;10m+    620[0m:[38;5;10m[49m     # Step 1: Parse the formulary file into graph entities.
[0m[49m[38;5;10m+    621[0m:[38;5;10m[49m     print("\nStep 1: Parsing formulary file...")
[0m[49m[38;5;10m+    622[0m:[38;5;10m[49m     vertices, edges = parse_formulary_file(bucket, key)
[0m[49m[38;5;10m+    623[0m:[38;5;10m[49m     print(f"  Parsed {len(vertices)} vertices, {len(edges)} edges")
[0m[49m[38;5;10m+    624[0m:[38;5;10m[49m 
[0m[49m[38;5;10m+    625[0m:[38;5;10m[49m     # Step 2: Load into Neptune.
[0m[49m[38;5;10m+    626[0m:[38;5;10m[49m     print("\nStep 2: Loading into Neptune...")
[0m[49m[38;5;10m+    627[0m:[38;5;10m[49m     load_result = load_graph(vertices, edges)
[0m[49m[38;5;10m+    628[0m:[38;5;10m[49m     print(f"  Loaded {load_result['vertices_loaded']} vertices, {load_result['edges_loaded']} edges")
[0m[49m[38;5;10m+    629[0m:[38;5;10m[49m 
[0m[49m[38;5;10m+    630[0m:[38;5;10m[49m     # Flush the cache so queries pick up the new data.
[0m[49m[38;5;10m+    631[0m:[38;5;10m[49m     print("\nFlushing formulary cache...")
[0m[49m[38;5;10m+    632[0m:[38;5;10m[49m     deleted = invalidate_formulary_cache()
[0m[49m[38;5;10m+    633[0m:[38;5;10m[49m     print(f"  Invalidated {deleted} cache entries")
[0m[49m[38;5;10m+    634[0m:[38;5;10m[49m 
[0m[49m[38;5;10m+    635[0m:[38;5;10m[49m     print("\n=== Load Complete ===")
[0m[49m[38;5;10m+    636[0m:[38;5;10m[49m     return {
[0m[49m[38;5;10m+    637[0m:[38;5;10m[49m         "source": f"s3://{bucket}/{key}",
[0m[49m[38;5;10m+    638[0m:[38;5;10m[49m         "vertices_loaded": load_result["vertices_loaded"],
[0m[49m[38;5;10m+    639[0m:[38;5;10m[49m         "edges_loaded": load_result["edges_loaded"],
[0m[49m[38;5;10m+    640[0m:[38;5;10m[49m         "cache_entries_invalidated": deleted,
[0m[49m[38;5;10m+    641[0m:[38;5;10m[49m     }
[0m[49m[38;5;10m+    642[0m:[38;5;10m[49m 
[0m[49m[38;5;10m+    643[0m:[38;5;10m[49m 
[0m[49m[38;5;10m+    644[0m:[38;5;10m[49m def run_formulary_query(drug_id: str, plan_id: str) -> dict:
[0m[49m[38;5;10m+    645[0m:[38;5;10m[49m     """
[0m[49m[38;5;10m+    646[0m:[38;5;10m[49m     Full query pipeline: check cache, query graph, return structured response.
[0m[49m[38;5;10m+    647[0m:[38;5;10m[49m 
[0m[49m[38;5;10m+    648[0m:[38;5;10m[49m     This is what your API Gateway Lambda resolver would call.
[0m[49m[38;5;10m+    649[0m:[38;5;10m[49m 
[0m[49m[38;5;10m+    650[0m:[38;5;10m[49m     Args:
[0m[49m[38;5;10m+    651[0m:[38;5;10m[49m         drug_id: RxNorm CUI of the prescribed drug
[0m[49m[38;5;10m+    652[0m:[38;5;10m[49m         plan_id: Patient's benefit plan identifier
[0m[49m[38;5;10m+    653[0m:[38;5;10m[49m 
[0m[49m[38;5;10m+    654[0m:[38;5;10m[49m     Returns:
[0m[49m[38;5;10m+    655[0m:[38;5;10m[49m         Structured formulary navigation response.
[0m[49m[38;5;10m+    656[0m:[38;5;10m[49m     """
[0m[49m[38;5;10m+    657[0m:[38;5;10m[49m     print(f"=== Formulary Query ===")
[0m[49m[38;5;10m+    658[0m:[38;5;10m[49m     print(f"Drug: {drug_id}, Plan: {plan_id}")
[0m[49m[38;5;10m+    659[0m:[38;5;10m[49m 
[0m[49m[38;5;10m+    660[0m:[38;5;10m[49m     result = handle_formulary_query(drug_id, plan_id)
[0m[49m[38;5;10m+    661[0m:[38;5;10m[49m 
[0m[49m[38;5;10m+    662[0m:[38;5;10m[49m     print(f"Status: {result['status']}")
[0m[49m[38;5;10m+    663[0m:[38;5;10m[49m     if result.get("alternatives"):
[0m[49m[38;5;10m+    664[0m:[38;5;10m[49m         print(f"Alternatives found: {len(result['alternatives'])}")
[0m[49m[38;5;10m+    665[0m:[38;5;10m[49m         for alt in result["alternatives"]:
[0m[49m[38;5;10m+    666[0m:[38;5;10m[49m             restrictions = ", ".join(alt["restrictions"]) if alt["restrictions"] else "none"
[0m[49m[38;5;10m+    667[0m:[38;5;10m[49m             print(f"  - {alt['drug_name']} (Tier {alt['tier']}, restrictions: {restrictions})")
[0m[49m[38;5;10m+    668[0m:[38;5;10m[49m 
[0m[49m[38;5;10m+    669[0m:[38;5;10m[49m     return result
[0m[49m[38;5;10m+    670[0m:[38;5;10m[49m 
[0m[49m[38;5;10m+    671[0m:[38;5;10m[49m 
[0m[49m[38;5;10m+    672[0m:[38;5;10m[49m # Example usage:
[0m[49m[38;5;10m+    673[0m:[38;5;10m[49m if __name__ == "__main__":
[0m[49m[38;5;10m+    674[0m:[38;5;10m[49m     # Load a formulary file (run this when new data arrives).
[0m[49m[38;5;10m+    675[0m:[38;5;10m[49m     # load_result = run_formulary_load(
[0m[49m[38;5;10m+    676[0m:[38;5;10m[49m     #     bucket="my-formulary-data",
[0m[49m[38;5;10m+    677[0m:[38;5;10m[49m     #     key="formulary-inbox/2026/Q2/commercial-ppo-formulary.txt",
[0m[49m[38;5;10m+    678[0m:[38;5;10m[49m     # )
[0m[49m[38;5;10m+    679[0m:[38;5;10m[49m 
[0m[49m[38;5;10m+    680[0m:[38;5;10m[49m     # Query for alternatives (run this on every prescriber request).
[0m[49m[38;5;10m+    681[0m:[38;5;10m[49m     query_result = run_formulary_query(
[0m[49m[38;5;10m+    682[0m:[38;5;10m[49m         drug_id="RX_83367",   # Atorvastatin (example RxNorm CUI)
[0m[49m[38;5;10m+    683[0m:[38;5;10m[49m         plan_id="PLAN_12345", # Commercial PPO plan
[0m[49m[38;5;10m+    684[0m:[38;5;10m[49m     )
[0m[49m[38;5;10m+    685[0m:[38;5;10m[49m 
[0m[49m[38;5;10m+    686[0m:[38;5;10m[49m     print("\nFull response:")
[0m[49m[38;5;10m+    687[0m:[38;5;10m[49m     print(json.dumps(query_result, indent=2))
[0m[49m[38;5;10m+    688[0m:[38;5;10m[49m ```
[0m[49m[38;5;10m+    689[0m:[38;5;10m[49m 
[0m[49m[38;5;10m+    690[0m:[38;5;10m[49m ---
[0m[49m[38;5;10m+    691[0m:[38;5;10m[49m 
[0m[49m[38;5;10m+    692[0m:[38;5;10m[49m ## The Gap Between This and Production
[0m[49m[38;5;10m+    693[0m:[38;5;10m[49m 
[0m[49m[38;5;10m+    694[0m:[38;5;10m[49m This example demonstrates the shape of the solution. Here's what separates it from something you'd deploy to a health system:
[0m[49m[38;5;10m+    695[0m:[38;5;10m[49m 
[0m[49m[38;5;10m+    696[0m:[38;5;10m[49m **Error handling.** Every Neptune query and Redis call can fail. Network timeouts, connection resets, Neptune throttling under load. A production system wraps each external call in try/except with specific handling for connection errors, timeout errors, and Neptune-specific error codes. If Neptune is unreachable, you need a graceful degradation path (return a "service unavailable" response, not a stack trace).
[0m[49m[38;5;10m+    697[0m:[38;5;10m[49m 
[0m[49m[38;5;10m+    698[0m:[38;5;10m[49m **Connection management.** This example creates a new HTTP connection to Neptune for every query. In production, you'd use connection pooling (via `requests.Session()` at minimum, or the `neptune-python-utils` library for Bolt protocol connections). Lambda cold starts with Neptune connections add 1-2 seconds of latency. Use provisioned concurrency for the query Lambda, or keep a warm connection pool in a Fargate task.
[0m[49m[38;5;10m+    699[0m:[38;5;10m[49m 
[0m[49m[38;5;10m+    700[0m:[38;5;10m[49m **Bulk loading.** The vertex-by-vertex and edge-by-edge loading approach works for small formularies but is painfully slow for large ones (50K+ drugs). Neptune's bulk loader API accepts CSV files from S3 and loads them in parallel, orders of magnitude faster than individual MERGE statements. For quarterly full reloads, stage your parsed data as Neptune-format CSV in S3 and use the bulk loader. Reserve individual MERGE for mid-quarter incremental updates.
[0m[49m[38;5;10m+    701[0m:[38;5;10m[49m 
[0m[49m[38;5;10m+    702[0m:[38;5;10m[49m **Input validation.** This code trusts that the formulary file is well-formed. Real formulary files have missing fields, malformed dates, duplicate rows, and occasionally corrupted characters. Validate every row before creating graph entities. Log and skip malformed rows rather than crashing the entire load.
[0m[49m[38;5;10m+    703[0m:[38;5;10m[49m 
[0m[49m[38;5;10m+    704[0m:[38;5;10m[49m **Temporal filtering.** The graph stores effective_date and termination_date on edges, but the queries don't filter by them. A production system adds `WHERE coverage.effective_date <= date() AND (coverage.termination_date IS NULL OR coverage.termination_date >= date())` to every query. Without this, you'll return alternatives that were removed from the formulary last quarter.
[0m[49m[38;5;10m+    705[0m:[38;5;10m[49m 
[0m[49m[38;5;10m+    706[0m:[38;5;10m[49m **RxNorm normalization.** Formulary files use inconsistent drug identifiers. Some rows have RxNorm CUIs, some have NDCs, some have GPIs. Before loading, you need a normalization step that maps everything to a common identifier (RxNorm CUI is the standard choice). The NLM provides RxNorm REST APIs and downloadable files for this mapping. Without normalization, the same drug appears as multiple disconnected nodes in your graph.
[0m[49m[38;5;10m+    707[0m:[38;5;10m[49m 
[0m[49m[38;5;10m+    708[0m:[38;5;10m[49m **IAM authentication for Neptune.** This example uses plain HTTPS without request signing. If your Neptune cluster has IAM authentication enabled (recommended for production), you need to sign every request with AWS SigV4. The `boto3` library can generate SigV4 signatures, or use the `amazon-neptune-sigv4-signer` utility.
[0m[49m[38;5;10m+    709[0m:[38;5;10m[49m 
[0m[49m[38;5;10m+    710[0m:[38;5;10m[49m **VPC and network configuration.** Neptune requires VPC deployment. Your Lambda functions need to be in the same VPC with security groups that allow outbound traffic to Neptune's port (8182) and Redis's port (6379). You also need VPC endpoints for S3 and CloudWatch Logs so Lambda can reach those services without a NAT gateway.
[0m[49m[38;5;10m+    711[0m:[38;5;10m[49m 
[0m[49m[38;5;10m+    712[0m:[38;5;10m[49m **Redis connection pooling.** The `redis.Redis()` client in this example creates a single connection. Under concurrent Lambda invocations, you'll exhaust Redis connection limits quickly. Use `redis.ConnectionPool` with appropriate max_connections settings, or use ElastiCache Serverless which handles connection management for you.
[0m[49m[38;5;10m+    713[0m:[38;5;10m[49m 
[0m[49m[38;5;10m+    714[0m:[38;5;10m[49m **Monitoring and alerting.** No metrics here. A production system tracks: query latency (p50, p95, p99), cache hit rate, Neptune query count, graph load duration, and error rates. Set alarms on cache hit rate dropping below 80% (indicates a cache key mismatch or TTL issue) and on query latency exceeding 100ms (indicates Neptune is undersized or queries need optimization).
[0m[49m[38;5;10m+    715[0m:[38;5;10m[49m 
[0m[49m[38;5;10m+    716[0m:[38;5;10m[49m **Testing.** There are no tests here. A production pipeline has: unit tests for `parse_formulary_file` with sample file fixtures, integration tests that load a small graph and verify query results, and a synthetic formulary file that covers edge cases (drugs with no class, drugs with multiple strengths, drugs with all restriction types). Never use real formulary data with real plan IDs in test fixtures if your test environment isn't HIPAA-compliant.
[0m[49m[38;5;10m+    717[0m:[38;5;10m[49m 
[0m[49m[38;5;10m+    718[0m:[38;5;10m[49m ---
[0m[49m[38;5;10m+    719[0m:[38;5;10m[49m 
[0m[49m[38;5;10m+    720[0m:[38;5;10m[49m *Part of the Healthcare AI/ML Cookbook. See [Recipe 13.1](chapter13.01-drug-formulary-navigation) for the full architectural walkthrough, pseudocode, and honest take on where this gets hard.*
[0m[K
Creating: [38;5;141m/tmp/ralph-worktrees/iter-942/chapter13.01-python-example.md[0m
[38;5;244m - Completed in 0.0s[0m

[38;5;141m> [0mNow let me update the sidebar to include the Python example (it's already listed there based on my earlier read, but let me verify):[0m[0m
[0m[0m
Looking at the sidebar, I can see it already has the entry:[0m[0m
[38;5;10m* [13.1 — Drug Formulary Navigation](chapter13.01-drug-formulary-navigation)
  * [Python Example](chapter13.01-python-example)
[0m[0m[0m
[0m[0m
The sidebar is already up to date. Let me verify the file was created correctly:[0m[0m
Reading file: [38;5;141m/tmp/ralph-worktrees/iter-942/chapter13.01-python-example.md[0m, from line [38;5;141m1[0m to [38;5;141m5[0m[38;5;244m (using tool: read)[0m
[38;5;10m ✓ [0mSuccessfully read [38;5;244m591 bytes[0m from /tmp/ralph-worktrees/iter-942/chapter13.01-python-example.md
[38;5;244m - Completed in 0.0s[0m

[38;5;141m> [0mThe file is created. Let me do a quick scan to make sure there are no em dashes in the file:[0m[0m
Searching: [38;5;141m/tmp/ralph-worktrees/iter-942/chapter13.01-python-example.md[0m for pattern: [38;5;141m—[0m[38;5;244m (using tool: read)[0m
[38;5;10m ✓ [0mFound 0 matches for pattern '—' in /tmp/ralph-worktrees/iter-942/chapter13.01-python-example.md
[38;5;244m - Completed in 0.0s[0m

[38;5;141m> [0mNo em dashes. The file is clean.[0m[0m
[0m[0m
Here's what I delivered:[0m[0m
[0m[0m
[1mFile created:[22m [38;5;10mchapter13.01-python-example.md[0m[0m[0m
[0m[0m
The Python companion covers all five steps from the main recipe's pseudocode:[0m[0m
[0m[0m
1. [1mParse Formulary File[22m - Reads pipe-delimited CMS-format files from S3, transforms rows into graph vertices (Drug, TherapeuticClass) and edges (BELONGS_TO_CLASS, COVERED_UNDER, HAS_RESTRICTION, THERAPEUTIC_ALTERNATIVE)[0m[0m
2. [1mLoad Graph Data into Neptune[22m - Upserts vertices and edges using openCypher MERGE via Neptune's HTTP endpoint[0m[0m
3. [1mQuery for Therapeutic Alternatives[22m - Single graph traversal that finds same-class drugs covered under the patient's plan, sorted by tier[0m[0m
4. [1mCache Results in Redis[22m - Redis caching with 24-hour TTL and explicit invalidation on formulary reload[0m[0m
5. [1mAPI Query Handler[22m - Domain logic that determines if the prescribed drug is preferred, not covered, or has cheaper alternatives[0m[0m
[0m[0m
The file follows the established pattern from Chapter 1: opening caveat, setup, config/constants section, one section per pseudocode step with generous inline comments, a full pipeline assembly, and a thorough "gap to production" section covering error handling, connection management, bulk loading, temporal filtering, RxNorm normalization, IAM auth, VPC config, Redis pooling, monitoring, and testing.[0m[0m
[0m[0m
[38;5;252m[0m[?25l[?25l[0m[0m[?25l[0m[?25l[0m[0m[?25l[0m[?25l[0m[0m[?25l[0m[?25l[0m[0m[?25l[0m[?25l[0m[0m[?25l[0m[?25l[0m[0m[?25l[0m[?25l[0m[0m[?25l[0m[?25l[0m[0m[?25l[0m[?25l[0m[0m[?25l[0m[?25l[0m[0m[?25l[0m[0m[0m
[38;5;8m
 ▸ Credits: 9.14 • Time: 2m 56s

[0m[1G[0m[0m[?25hThe [38;5;10m_Sidebar.md[0m already had the Python example entry, so no update was needed there.[38;5;11mWARNING: [0mDuplicate agent with name [38;5;10mmeshclaw-lite[0m was found in the global directory.
[0m[32mAll tools are now trusted ([0m[31m![0m[32m). Kiro will execute tools without asking for confirmation.[0m
Agents can sometimes do unexpected things so understand the risks.

Learn more at [38;5;141mhttps://kiro.dev/docs/cli/chat/security/#using-tools-trust-all-safely[0m



[38;5;252m[0m[?25l[?25l[0m[0m[1mTool validation failed: [0m
[38;5;9mFailed to validate tool parameters: Path is not a file: 
Reading directory: [38;5;141m/tmp/ralph-worktrees/iter-942[0m[38;5;244m (using tool: read, max depth: 2, max entries: 1000, excluding: defaults)[0m
[38;5;10m ✓ [0mSuccessfully read directory [38;5;141m/tmp/ralph-worktrees/iter-942[0m [38;5;244m(showing 1000 of 2355 entries, offset: 0)[0m
[38;5;244m - Completed in 0.146s[0m

[38;5;141m> [0mNow let me read the main artifact file:[0m[0m
Reading file: [38;5;141m/tmp/ralph-worktrees/iter-942/chapter13.01-python-example.md[0m, all lines[38;5;244m (using tool: read)[0m
[38;5;10m ✓ [0mSuccessfully read [38;5;244m28907 bytes[0m from /tmp/ralph-worktrees/iter-942/chapter13.01-python-example.md
[38;5;244m - Completed in 0.0s[0m

[38;5;141m> [0mNow I have the full content of the artifact. Let me review it against the pass criteria:[0m[0m
[0m[0m
1. [1mCorrect boto3 API calls[22m: The code uses [38;5;10mboto3.client("s3")[0m and [38;5;10ms3_client.get_object(Bucket=bucket, Key=key)[0m which are correct boto3 S3 API calls. Neptune is accessed via HTTP (which is the correct approach for openCypher queries), and Redis uses the [38;5;10mredis[0m library. These are all appropriate.[0m[0m
[0m[0m
2. [1mProper error handling comments[22m: The code includes extensive comments about error handling needs in the "Gap Between This and Production" section, and the introduction explicitly states "There's no error handling, no retry logic, no connection pooling." The code itself has comments explaining what would need error handling. The document is deliberately positioned as an illustrative example, not production code, and thoroughly documents what error handling would be needed.[0m[0m
[0m[0m
3. [1mDemonstrates the recipe pattern end-to-end[22m: The code covers the full pipeline: parsing formulary files from S3 → loading graph data into Neptune → querying for therapeutic alternatives → caching results in Redis → API query handler. It includes [38;5;10mrun_formulary_load[0m and [38;5;10mrun_formulary_query[0m orchestration functions and a [38;5;10m__main__[0m block showing usage.[0m[0m
[0m[0m
4. [1mNo placeholder or stub implementations[22m: Every function has a complete implementation. [38;5;10mparse_formulary_file[0m fully parses rows into vertices/edges. [38;5;10mload_graph[0m performs actual MERGE operations. [38;5;10mfind_alternatives[0m has a complete openCypher query. [38;5;10mget_alternatives_cached[0m implements full cache-aside pattern. [38;5;10mhandle_formulary_query[0m has complete business logic with three response paths. No functions are left as [38;5;10mpass[0m or [38;5;10mTODO[0m.[0m[0m
[0m[0m
[0m[?25l[0m[0m[?25l[0m[?25l[0m[0m[?25l[0m[0m[0m
[38;5;8m
 ▸ Credits: 3.21 • Time: 26s

[0m[1G[0m[0m[?25h{"verdict": "pass", "rationale": "Code uses correct boto3 S3 API calls (get_object), proper Neptune openCypher HTTP endpoint access, and Redis caching. All functions are fully implemented end-to-end (parse → load → query → cache → API handler) with no stubs or placeholders. Error handling is explicitly documented as out-of-scope for this illustrative example, with a comprehensive production-gap section detailing what would be needed. The recipe pattern is demonstrated completely from file ingestion through cached query response."}