# parallel_worker header: concurrency_limit=2 batch_id=batch-1779703173449-000038-22afe8586fc73f5a iteration=236 task_id=ch11-r08-expert-review persona=TechExpertReviewer
[32mAll tools are now trusted ([0m[31m![0m[32m). Kiro will execute tools without asking for confirmation.[0m
Agents can sometimes do unexpected things so understand the risks.

Learn more at [38;5;141mhttps://kiro.dev/docs/cli/chat/security/#using-tools-trust-all-safely[0m



Reading directory: [38;5;141mC:\Users\lawsnic\OneDrive - amazon.com\Documents\HCLS-ai-book\.ralph\worktrees\iter-236[0m[38;5;244m (using tool: read, max depth: 1, max entries: 1000, excluding: defaults)[0m
[38;5;10m ✓ [0mSuccessfully read directory [38;5;141mC:\Users\lawsnic\OneDrive - amazon.com\Documents\HCLS-ai-book\.ralph\worktrees\iter-236[0m [38;5;244m(showing 1000 of 1258 entries, offset: 0)[0m
[38;5;244m - Completed in 0.17s[0m

Batch fs_read operation with [38;5;141m3[0m operations[38;5;244m (using tool: read)[0m

↱ Operation 1: Reading file: [38;5;141mC:\Users\lawsnic\OneDrive - amazon.com\Documents\HCLS-ai-book\.ralph\worktrees\iter-236\specs\ch11-r08-draft.md[0m, all lines
↱ Operation 2: Reading file: [38;5;141mC:\Users\lawsnic\OneDrive - amazon.com\Documents\HCLS-ai-book\.ralph\worktrees\iter-236\STYLE-GUIDE.md[0m, all lines
↱ Operation 3: Reading file: [38;5;141mC:\Users\lawsnic\OneDrive - amazon.com\Documents\HCLS-ai-book\.ralph\worktrees\iter-236\RECIPE-GUIDE.md[0m, all lines
[38;5;10m ✓ [0mSuccessfully read [38;5;244m849 bytes[0m from C:\Users\lawsnic\OneDrive - amazon.com\Documents\HCLS-ai-book\.ralph\worktrees\iter-236\specs\ch11-r08-draft.md

[38;5;10m ✓ [0mSuccessfully read [38;5;244m3731 bytes[0m from C:\Users\lawsnic\OneDrive - amazon.com\Documents\HCLS-ai-book\.ralph\worktrees\iter-236\STYLE-GUIDE.md

[38;5;10m ✓ [0mSuccessfully read [38;5;244m9026 bytes[0m from C:\Users\lawsnic\OneDrive - amazon.com\Documents\HCLS-ai-book\.ralph\worktrees\iter-236\RECIPE-GUIDE.md

 ⋮ 

[38;5;244m- [0mSummary: 3 operations processed, 3 successful, 0 failed
[38;5;244m - Completed in 0.1s[0m

Searching for files: [38;5;141m**/chapter11.08*.md[0m[38;5;244m (using tool: glob)[0m
[38;5;10m ✓ [0mSuccessfully found [38;5;244m2 files[0m under current directory
[38;5;244m - Completed in 0.12s[0m

Reading file: [38;5;141mC:\Users\lawsnic\OneDrive - amazon.com\Documents\HCLS-ai-book\.ralph\worktrees\iter-236\chapter11.08-mental-health-support-bot.md[0m, all lines[38;5;244m (using tool: read)[0m
[38;5;10m ✓ [0mSuccessfully read [38;5;244m211204 bytes[0m from C:\Users\lawsnic\OneDrive - amazon.com\Documents\HCLS-ai-book\.ralph\worktrees\iter-236\chapter11.08-mental-health-support-bot.md
[38;5;244m - Completed in 0.1s[0m

Batch fs_read operation with [38;5;141m2[0m operations[38;5;244m (using tool: read)[0m

↱ Operation 1: Reading file: [38;5;141mC:\Users\lawsnic\OneDrive - amazon.com\Documents\HCLS-ai-book\.ralph\worktrees\iter-236\reviews\chapter11.07-expert-review.md[0m, from line [38;5;141m1[0m to [38;5;141m100[0m
↱ Operation 2: Reading file: [38;5;141mC:\Users\lawsnic\OneDrive - amazon.com\Documents\HCLS-ai-book\.ralph\worktrees\iter-236\reviews\chapter11.06-expert-review.md[0m, from line [38;5;141m1[0m to [38;5;141m80[0m
[38;5;10m ✓ [0mSuccessfully read [38;5;244m36870 bytes[0m from C:\Users\lawsnic\OneDrive - amazon.com\Documents\HCLS-ai-book\.ralph\worktrees\iter-236\reviews\chapter11.07-expert-review.md

[38;5;10m ✓ [0mSuccessfully read [38;5;244m27909 bytes[0m from C:\Users\lawsnic\OneDrive - amazon.com\Documents\HCLS-ai-book\.ralph\worktrees\iter-236\reviews\chapter11.06-expert-review.md

 ⋮ 

[38;5;244m- [0mSummary: 2 operations processed, 2 successful, 0 failed
[38;5;244m - Completed in 0.6s[0m

Searching for: [38;5;141m—[0m in [38;5;141mC:\Users\lawsnic\OneDrive - amazon.com\Documents\HCLS-ai-book\.ralph\worktrees\iter-236\chapter11.08-mental-health-support-bot.md[0m[38;5;244m (using tool: grep)[0m
[38;5;9m ❗ [0mNo matches found for pattern: [38;5;244m—[0m under C:\Users\lawsnic\OneDrive - amazon.com\Documents\HCLS-ai-book\.ralph\worktrees\iter-236\chapter11.08-mental-health-support-bot.md
[38;5;244m - Completed in 0.9s[0m

[38;5;141m> [0mNow I have enough context to write the expert review. Let me compile the review and write it to the reviews directory.[0m[0m
