# parallel_worker header: concurrency_limit=2 batch_id=batch-1780301939417-000153-7b4c420335ce0cfd iteration=1088 task_id=ch14-r10-expert-review persona=TechExpertReviewer
[38;5;11mWARNING: [0mDuplicate agent with name [38;5;10mmeshclaw-lite[0m was found in the global directory.
[0m[32mAll tools are now trusted ([0m[31m![0m[32m). Kiro will execute tools without asking for confirmation.[0m
Agents can sometimes do unexpected things so understand the risks.

Learn more at [38;5;141mhttps://kiro.dev/docs/cli/chat/security/#using-tools-trust-all-safely[0m



Batch fs_read operation with [38;5;141m3[0m operations[38;5;244m (using tool: read)[0m

↱ Operation 1: Reading file: [38;5;141m/tmp/ralph-worktrees/iter-1088/chapter14.10-health-system-network-design.md[0m, all lines
↱ Operation 2: Reading file: [38;5;141m/tmp/ralph-worktrees/iter-1088/STYLE-GUIDE.md[0m, all lines
↱ Operation 3: Reading file: [38;5;141m/tmp/ralph-worktrees/iter-1088/RECIPE-GUIDE.md[0m, all lines
[38;5;10m ✓ [0mSuccessfully read [38;5;244m41603 bytes[0m from /tmp/ralph-worktrees/iter-1088/chapter14.10-health-system-network-design.md

[38;5;10m ✓ [0mSuccessfully read [38;5;244m3731 bytes[0m from /tmp/ralph-worktrees/iter-1088/STYLE-GUIDE.md

[38;5;10m ✓ [0mSuccessfully read [38;5;244m9026 bytes[0m from /tmp/ralph-worktrees/iter-1088/RECIPE-GUIDE.md

 ⋮ 

[38;5;244m- [0mSummary: 3 operations processed, 3 successful, 0 failed
[38;5;244m - Completed in 0.0s[0m

[38;5;141m> [0mNow let me look at an example review to understand the expected format:[0m[0m
Searching for files: [38;5;141mreviews/chapter01*expert*[0m[38;5;244m (using tool: glob)[0m
[38;5;10m ✓ [0mSuccessfully found [38;5;244m9 files[0m under current directory
[38;5;244m - Completed in 0.16s[0m

Reading file: [38;5;141m/tmp/ralph-worktrees/iter-1088/reviews/chapter01.10-expert-review.md[0m, all lines[38;5;244m (using tool: read)[0m
[38;5;10m ✓ [0mSuccessfully read [38;5;244m40427 bytes[0m from /tmp/ralph-worktrees/iter-1088/reviews/chapter01.10-expert-review.md
[38;5;244m - Completed in 0.0s[0m

[38;5;141m> [0mNow I have a thorough understanding of the recipe content, style guide, recipe guide, and the expected review format. Let me check for em dashes in the recipe:[0m[0m
Searching for: [38;5;141m—[0m in [38;5;141m/tmp/ralph-worktrees/iter-1088/chapter14.10-health-system-network-design.md[0m[38;5;244m (using tool: grep)[0m
[38;5;9m ❗ [0mNo matches found for pattern: [38;5;244m—[0m under /tmp/ralph-worktrees/iter-1088/chapter14.10-health-system-network-design.md
[38;5;244m - Completed in 0.0s[0m

[38;5;141m> [0mGood, no em dashes. Now let me write the expert review:[0m[0m
I'll create the following file: [38;5;141m/tmp/ralph-worktrees/iter-1088/reviews/chapter14.10-expert-review.md[0m[38;5;244m (using tool: write)[0m

[49m[38;5;10m+      1[0m:[38;5;10m[49m # Expert Review: Recipe 14.10 -- Health System Network Design
[0m[49m[38;5;10m+      2[0m:[38;5;10m[49m 
[0m[49m[38;5;10m+      3[0m:[38;5;10m[49m **Reviewed by:** Technical Expert Panel (Security / Architecture / Networking / Voice)
[0m[49m[38;5;10m+      4[0m:[38;5;10m[49m **Recipe:** Chapter 14.10 -- Health System Network Design
[0m[49m[38;5;10m+      5[0m:[38;5;10m[49m **Date:** 2026-06-01
[0m[49m[38;5;10m+      6[0m:[38;5;10m[49m **Severity Legend:** 🔴 Critical · 🟠 High · 🟡 Medium · 🔵 Low · ✅ Praise
[0m[49m[38;5;10m+      7[0m:[38;5;10m[49m 
[0m[49m[38;5;10m+      8[0m:[38;5;10m[49m ---
[0m[49m[38;5;10m+      9[0m:[38;5;10m[49m 
[0m[49m[38;5;10m+     10[0m:[38;5;10m[49m ## Executive Summary
[0m[49m[38;5;10m+     11[0m:[38;5;10m[49m 
[0m[49m[38;5;10m+     12[0m:[38;5;10m[49m Recipe 14.10 is the capstone of Chapter 14 and arguably one of the most intellectually ambitious recipes in the entire book. The treatment of facility location problems, mixed-integer programming, gravity models, and multi-objective optimization is genuinely educational. The vendor-agnostic technology section is excellent: a reader on any cloud would walk away understanding how to approach health system network design. The honest take section correctly identifies the political and data quality challenges that dominate real-world implementations.
[0m[49m[38;5;10m+     13[0m:[38;5;10m[49m 
[0m[49m[38;5;10m+     14[0m:[38;5;10m[49m The recipe passes review. There are no critical findings. The architecture is sound for the stated use case (strategic planning, not real-time operations). The security posture is appropriate for the data sensitivity level (aggregate/de-identified data in the optimizer, with PHI only in upstream pipelines). The voice is consistent with the cookbook's style.
[0m[49m[38;5;10m+     15[0m:[38;5;10m[49m 
[0m[49m[38;5;10m+     16[0m:[38;5;10m[49m That said, there are several medium-severity issues that should be addressed before publication, primarily around IAM permission specificity, the gap between the stated BAA requirement and the actual data flow, and a missing discussion of solver licensing implications for HIPAA environments.
[0m[49m[38;5;10m+     17[0m:[38;5;10m[49m 
[0m[49m[38;5;10m+     18[0m:[38;5;10m[49m ---
[0m[49m[38;5;10m+     19[0m:[38;5;10m[49m 
[0m[49m[38;5;10m+     20[0m:[38;5;10m[49m ## Stage 1: Independent Expert Reviews
[0m[49m[38;5;10m+     21[0m:[38;5;10m[49m 
[0m[49m[38;5;10m+     22[0m:[38;5;10m[49m ---
[0m[49m[38;5;10m+     23[0m:[38;5;10m[49m 
[0m[49m[38;5;10m+     24[0m:[38;5;10m[49m ## Security Review
[0m[49m[38;5;10m+     25[0m:[38;5;10m[49m 
[0m[49m[38;5;10m+     26[0m:[38;5;10m[49m ### 🟡 SEC-1: IAM Permissions Are Overly Broad for QuickSight
[0m[49m[38;5;10m+     27[0m:[38;5;10m[49m 
[0m[49m[38;5;10m+     28[0m:[38;5;10m[49m **Finding:** The prerequisites table lists `quicksight:*` as a required IAM permission. This grants full administrative access to QuickSight including the ability to create/delete data sources, manage users, and access all dashboards across the account. For a network design pipeline that only needs to refresh a specific dataset and publish to a specific dashboard, this is a violation of least-privilege.
[0m[49m[38;5;10m+     29[0m:[38;5;10m[49m 
[0m[49m[38;5;10m+     30[0m:[38;5;10m[49m **Location:** Prerequisites table, "IAM Permissions" row.
[0m[49m[38;5;10m+     31[0m:[38;5;10m[49m 
[0m[49m[38;5;10m+     32[0m:[38;5;10m[49m **Fix:** Replace `quicksight:*` with the specific actions needed: `quicksight:CreateIngestion` (to trigger SPICE refresh), `quicksight:DescribeIngestion` (to check refresh status), `quicksight:UpdateDataSet` (if schema changes are needed), and `quicksight:DescribeDashboard`. Scope these to the specific QuickSight resources using resource ARNs. Add a note that QuickSight namespace isolation should be used to prevent the pipeline role from accessing unrelated dashboards.
[0m[49m[38;5;10m+     33[0m:[38;5;10m[49m 
[0m[49m[38;5;10m+     34[0m:[38;5;10m[49m ---
[0m[49m[38;5;10m+     35[0m:[38;5;10m[49m 
[0m[49m[38;5;10m+     36[0m:[38;5;10m[49m ### 🟡 SEC-2: BAA Requirement Discussion Is Ambiguous About Data Boundaries
[0m[49m[38;5;10m+     37[0m:[38;5;10m[49m 
[0m[49m[38;5;10m+     38[0m:[38;5;10m[49m **Finding:** The prerequisites state: "Required if patient-level utilization data is used (it usually is for gravity model estimation). Aggregate/de-identified data for the optimizer itself may not require BAA, but the upstream data pipeline does." This is technically correct but creates a dangerous ambiguity. The gravity model estimation step (Step 2 in the pseudocode) explicitly uses "historical patient flow data: where did patients actually go." This is patient-level data with geographic identifiers (ZIP code of residence + facility visited), which constitutes PHI under HIPAA's geographic subdivision rule (ZIP codes with populations under 20,000 are direct identifiers; all ZIP codes combined with dates of service are indirect identifiers).
[0m[49m[38;5;10m+     39[0m:[38;5;10m[49m 
[0m[49m[38;5;10m+     40[0m:[38;5;10m[49m The recipe implies the optimizer runs on de-identified data, but the gravity model calibration step requires identified or limited-dataset data. The boundary between "upstream pipeline that needs BAA" and "optimizer that might not" is not clearly drawn.
[0m[49m[38;5;10m+     41[0m:[38;5;10m[49m 
[0m[49m[38;5;10m+     42[0m:[38;5;10m[49m **Location:** Prerequisites table, "BAA" row; Step 2 pseudocode description.
[0m[49m[38;5;10m+     43[0m:[38;5;10m[49m 
[0m[49m[38;5;10m+     44[0m:[38;5;10m[49m **Fix:** Clarify the data flow explicitly: (1) Gravity model parameter estimation uses patient-level data and requires BAA coverage on all services involved (Redshift, SageMaker, S3 buckets holding patient origin data). (2) Once parameters are estimated, the optimizer itself operates on aggregate demand matrices (zone-level counts, not patient-level records) and facility-level attributes. (3) Draw the PHI boundary clearly: "Patient-level data stays in Redshift and the SageMaker processing job that estimates gravity model parameters. The optimization model receives only zone-level demand aggregates and estimated choice probabilities. Ensure the SageMaker processing job output contains no patient-level records."
[0m[49m[38;5;10m+     45[0m:[38;5;10m[49m 
[0m[49m[38;5;10m+     46[0m:[38;5;10m[49m ---
[0m[49m[38;5;10m+     47[0m:[38;5;10m[49m 
[0m[49m[38;5;10m+     48[0m:[38;5;10m[49m ### 🟡 SEC-3: Solver Licensing in HIPAA Environments Not Addressed
[0m[49m[38;5;10m+     49[0m:[38;5;10m[49m 
[0m[49m[38;5;10m+     50[0m:[38;5;10m[49m **Finding:** The recipe recommends commercial solvers (Gurobi, CPLEX) running on SageMaker instances. Commercial solver licensing typically involves either a license server (network-based) or token-based cloud licensing that phones home to the vendor's licensing infrastructure. If the SageMaker instance is in a private subnet with no internet access (as required by the VPC prerequisites), token-based licensing that requires internet connectivity will fail. License server approaches require the license server to be reachable from the SageMaker instance.
[0m[49m[38;5;10m+     51[0m:[38;5;10m[49m 
[0m[49m[38;5;10m+     52[0m:[38;5;10m[49m More importantly: if the solver sends any telemetry or usage data to the vendor (Gurobi Cloud licensing sends model statistics), and the model contains variable names derived from facility names or service line names that could be considered business-sensitive (not PHI, but potentially confidential strategic information), this creates a data exfiltration concern.
[0m[49m[38;5;10m+     53[0m:[38;5;10m[49m 
[0m[49m[38;5;10m+     54[0m:[38;5;10m[49m **Location:** Prerequisites table, "Solver Licensing" row; Technology section, "Solver Selection" subsection.
[0m[49m[38;5;10m+     55[0m:[38;5;10m[49m 
[0m[49m[38;5;10m+     56[0m:[38;5;10m[49m **Fix:** Add guidance: "For HIPAA environments with no-internet VPC configurations, use a self-hosted license server (Gurobi token server or CPLEX ILM server) deployed in the same VPC. Verify that the solver's telemetry/usage reporting is disabled or does not transmit model content. Gurobi's Web License Service (WLS) requires outbound HTTPS to license.gurobi.com; if your VPC prohibits this, use a local license file or token server instead. For open-source solvers (HiGHS), no licensing infrastructure is needed."
[0m[49m[38;5;10m+     57[0m:[38;5;10m[49m 
[0m[49m[38;5;10m+     58[0m:[38;5;10m[49m ---
[0m[49m[38;5;10m+     59[0m:[38;5;10m[49m 
[0m[49m[38;5;10m+     60[0m:[38;5;10m[49m ### 🔵 SEC-4: CloudTrail Logging Scope Could Be More Specific
[0m[49m[38;5;10m+     61[0m:[38;5;10m[49m 
[0m[49m[38;5;10m+     62[0m:[38;5;10m[49m **Finding:** The prerequisites state "Enabled for all API calls. Optimization runs are auditable (who ran what scenario with what assumptions)." This is good intent but CloudTrail alone does not capture "what assumptions" were used in an optimization run. CloudTrail logs the API call to `CreateTrainingJob` but not the content of the model formulation or scenario parameters.
[0m[49m[38;5;10m+     63[0m:[38;5;10m[49m 
[0m[49m[38;5;10m+     64[0m:[38;5;10m[49m **Location:** Prerequisites table, "CloudTrail" row.
[0m[49m[38;5;10m+     65[0m:[38;5;10m[49m 
[0m[49m[38;5;10m+     66[0m:[38;5;10m[49m **Fix:** Add: "CloudTrail captures infrastructure-level audit (who started which SageMaker job). For decision-level audit (what scenarios were run, what parameters were used, what the optimizer recommended), log scenario configurations and solution summaries to a dedicated S3 audit bucket with object lock (WORM) enabled. This supports regulatory inquiries about why specific capital allocation decisions were made."
[0m[49m[38;5;10m+     67[0m:[38;5;10m[49m 
[0m[49m[38;5;10m+     68[0m:[38;5;10m[49m ---
[0m[49m[38;5;10m+     69[0m:[38;5;10m[49m 
[0m[49m[38;5;10m+     70[0m:[38;5;10m[49m ## Architecture Review
[0m[49m[38;5;10m+     71[0m:[38;5;10m[49m 
[0m[49m[38;5;10m+     72[0m:[38;5;10m[49m ### 🟡 ARC-1: Gravity Model Linearization Approximation Error Not Quantified
[0m[49m[38;5;10m+     73[0m:[38;5;10m[49m 
[0m[49m[38;5;10m+     74[0m:[38;5;10m[49m **Finding:** The technology section mentions that the gravity model introduces "approximation error" when linearized for the MIP formulation, and the "Where it struggles" section notes "Highly non-linear patient choice models (the gravity model linearization introduces approximation error)." However, the recipe never explains how the gravity model is linearized, what the magnitude of the approximation error is, or how to validate that the linearization is acceptable.
[0m[49m[38;5;10m+     75[0m:[38;5;10m[49m 
[0m[49m[38;5;10m+     76[0m:[38;5;10m[49m The flow consistency constraint in Step 3 (`flow[z][f][s] <= demand[z][s] * choice_probability(z, f, s, parameters)`) uses pre-computed choice probabilities. But choice probabilities in a gravity model depend on which facilities are open (the denominator sums over all open facilities). If the optimizer closes a facility, the choice probabilities for remaining facilities should increase. The constraint as written uses static probabilities that don't update with the optimizer's decisions. This is the linearization, and it can produce solutions where patient flows are inconsistent with the gravity model predictions for the recommended network configuration.
[0m[49m[38;5;10m+     77[0m:[38;5;10m[49m 
[0m[49m[38;5;10m+     78[0m:[38;5;10m[49m **Location:** Step 3 pseudocode, flow consistency constraint; "Where it struggles" section.
[0m[49m[38;5;10m+     79[0m:[38;5;10m[49m 
[0m[49m[38;5;10m+     80[0m:[38;5;10m[49m **Fix:** Add a paragraph after the flow consistency constraint explaining: "This constraint uses pre-computed choice probabilities based on the current network configuration. When the optimizer opens or closes facilities, the true choice probabilities change (closing a facility redistributes its patients to remaining facilities). The standard approach is iterative: solve the MIP with current probabilities, recompute probabilities for the recommended network, re-solve, and repeat until convergence (typically 3-5 iterations). This 'iterative balancing' approach is not shown in the pseudocode for clarity but is essential for solution quality. Without it, the optimizer may recommend closing a facility while simultaneously assuming patients continue to flow there."
[0m[49m[38;5;10m+     81[0m:[38;5;10m[49m 
[0m[49m[38;5;10m+     82[0m:[38;5;10m[49m ---
[0m[49m[38;5;10m+     83[0m:[38;5;10m[49m 
[0m[49m[38;5;10m+     84[0m:[38;5;10m[49m ### 🟡 ARC-2: SageMaker Training Job Is a Misfit for Solver Execution
[0m[49m[38;5;10m+     85[0m:[38;5;10m[49m 
[0m[49m[38;5;10m+     86[0m:[38;5;10m[49m **Finding:** The recipe uses SageMaker Training Jobs to execute the MIP solver. SageMaker Training Jobs are designed for ML model training: they expect training data in specific channels, produce model artifacts, and report training metrics. Using them for optimization solver execution works (you can run arbitrary code in a custom container) but is architecturally awkward. The solver doesn't produce a "model artifact" in the ML sense; it produces a solution file. The training job's built-in checkpointing, early stopping, and hyperparameter tuning features are irrelevant.
[0m[49m[38;5;10m+     87[0m:[38;5;10m[49m 
[0m[49m[38;5;10m+     88[0m:[38;5;10m[49m SageMaker Processing Jobs are a better fit: they're designed for arbitrary compute tasks (data processing, evaluation, any batch computation) without the ML training semantics. The recipe already uses Processing Jobs for demand forecasting but switches to Training Jobs for solver execution without explaining why.
[0m[49m[38;5;10m+     89[0m:[38;5;10m[49m 
[0m[49m[38;5;10m+     90[0m:[38;5;10m[49m **Location:** Architecture diagram; "Why These Services" section (SageMaker paragraph); Step 4 pseudocode.
[0m[49m[38;5;10m+     91[0m:[38;5;10m[49m 
[0m[49m[38;5;10m+     92[0m:[38;5;10m[49m **Fix:** Either (a) switch to SageMaker Processing Jobs for solver execution and explain that Processing Jobs are the right abstraction for non-ML compute tasks, or (b) add a sentence explaining why Training Jobs were chosen over Processing Jobs (e.g., "Training Jobs support Spot instances with automatic checkpointing, which is valuable for long-running solver executions that might be interrupted"). If the reason is Spot instance support, say so explicitly.
[0m[49m[38;5;10m+     93[0m:[38;5;10m[49m 
[0m[49m[38;5;10m+     94[0m:[38;5;10m[49m ---
[0m[49m[38;5;10m+     95[0m:[38;5;10m[49m 
[0m[49m[38;5;10m+     96[0m:[38;5;10m[49m ### 🟡 ARC-3: No Discussion of Model Infeasibility Handling
[0m[49m[38;5;10m+     97[0m:[38;5;10m[49m 
[0m[49m[38;5;10m+     98[0m:[38;5;10m[49m **Finding:** The optimization model has many constraints (budget, capacity, demand satisfaction, minimum volume, workforce, CON, service dependencies). It is entirely possible that no feasible solution exists: the budget is too small to meet all demand satisfaction and minimum volume constraints simultaneously, or workforce constraints make it impossible to staff the services needed to satisfy demand.
[0m[49m[38;5;10m+     99[0m:[38;5;10m[49m 
[0m[49m[38;5;10m+    100[0m:[38;5;10m[49m When a MIP solver encounters an infeasible model, it returns an infeasibility status. The recipe's Step 4 pseudocode calls `solve()` and extracts results without checking for infeasibility. In practice, infeasibility is common during model development and scenario analysis (e.g., the "low budget" scenario might be infeasible).
[0m[49m[38;5;10m+    101[0m:[38;5;10m[49m 
[0m[49m[38;5;10m+    102[0m:[38;5;10m[49m **Location:** Step 4 pseudocode, after `solve()` call.
[0m[49m[38;5;10m+    103[0m:[38;5;10m[49m 
[0m[49m[38;5;10m+    104[0m:[38;5;10m[49m **Fix:** Add infeasibility handling after the solve call: "If the solver returns INFEASIBLE, compute an Irreducible Infeasible Subsystem (IIS) to identify which constraints conflict. Most commercial solvers (Gurobi: `model.computeIIS()`, CPLEX: `conflict refiner`) provide this automatically. Present the conflicting constraints to decision-makers: 'The budget constraint and the minimum volume constraint for cardiac surgery at Location X cannot both be satisfied. Either increase the budget by $Y or relax the minimum volume threshold.' This is often the most valuable output of the optimization: it makes hidden tradeoffs explicit."
[0m[49m[38;5;10m+    105[0m:[38;5;10m[49m 
[0m[49m[38;5;10m+    106[0m:[38;5;10m[49m ---
[0m[49m[38;5;10m+    107[0m:[38;5;10m[49m 
[0m[49m[38;5;10m+    108[0m:[38;5;10m[49m ### 🟡 ARC-4: Cost Estimate Omits Redshift Serverless as an Alternative
[0m[49m[38;5;10m+    109[0m:[38;5;10m[49m 
[0m[49m[38;5;10m+    110[0m:[38;5;10m[49m **Finding:** The cost estimate specifies "Redshift ra3.xlplus (2 nodes): ~$1,500/month" as a fixed cost. For a strategic planning workload that runs quarterly (or at most monthly), a provisioned Redshift cluster running 24/7 is wasteful. The analytical queries for demand forecasting and gravity model estimation likely run for a few days per quarter, not continuously.
[0m[49m[38;5;10m+    111[0m:[38;5;10m[49m 
[0m[49m[38;5;10m+    112[0m:[38;5;10m[49m **Location:** Prerequisites table, "Cost Estimate" row.
[0m[49m[38;5;10m+    113[0m:[38;5;10m[49m 
[0m[49m[38;5;10m+    114[0m:[38;5;10m[49m **Fix:** Add Redshift Serverless as the recommended option for this workload pattern: "For quarterly optimization runs, Redshift Serverless (pay-per-query) is more cost-effective than a provisioned cluster. Estimated cost: $50-$200 per optimization cycle versus $1,500/month for always-on provisioned. Use provisioned only if the analytics warehouse serves other continuous workloads." This also aligns better with the stated cost range of "$2,000-$15,000 per optimization run" in the recipe header.
[0m[49m[38;5;10m+    115[0m:[38;5;10m[49m 
[0m[49m[38;5;10m+    116[0m:[38;5;10m[49m ---
[0m[49m[38;5;10m+    117[0m:[38;5;10m[49m 
[0m[49m[38;5;10m+    118[0m:[38;5;10m[49m ### 🔵 ARC-5: Step Functions Standard vs Express Not Discussed
[0m[49m[38;5;10m+    119[0m:[38;5;10m[49m 
[0m[49m[38;5;10m+    120[0m:[38;5;10m[49m **Finding:** The recipe uses Step Functions for pipeline orchestration but doesn't specify Standard or Express Workflows. For a multi-hour optimization pipeline (the recipe states 12-24 hours for the full pipeline), Standard Workflows are required (Express Workflows have a 5-minute maximum duration). This is likely obvious to experienced AWS users but worth stating explicitly given the recipe's educational purpose.
[0m[49m[38;5;10m+    121[0m:[38;5;10m[49m 
[0m[49m[38;5;10m+    122[0m:[38;5;10m[49m **Location:** "Why These Services" section, Step Functions paragraph.
[0m[49m[38;5;10m+    123[0m:[38;5;10m[49m 
[0m[49m[38;5;10m+    124[0m:[38;5;10m[49m **Fix:** Add: "Use Step Functions Standard Workflows (not Express) for the optimization pipeline. The full pipeline runs 12-24 hours, well beyond Express Workflows' 5-minute limit. Standard Workflows also provide execution history for debugging failed runs."
[0m[49m[38;5;10m+    125[0m:[38;5;10m[49m 
[0m[49m[38;5;10m+    126[0m:[38;5;10m[49m ---
[0m[49m[38;5;10m+    127[0m:[38;5;10m[49m 
[0m[49m[38;5;10m+    128[0m:[38;5;10m[49m ## Networking Review
[0m[49m[38;5;10m+    129[0m:[38;5;10m[49m 
[0m[49m[38;5;10m+    130[0m:[38;5;10m[49m ### 🟡 NET-1: VPC Endpoint List Is Incomplete for the Stated Architecture
[0m[49m[38;5;10m+    131[0m:[38;5;10m[49m 
[0m[49m[38;5;10m+    132[0m:[38;5;10m[49m **Finding:** The prerequisites state "SageMaker jobs in private subnets with VPC endpoints for S3 and CloudWatch." The architecture also uses Step Functions, Lambda, Glue, Redshift, and QuickSight. If SageMaker jobs need to invoke or be invoked by Step Functions, the Step Functions VPC endpoint is needed. If Lambda functions in the VPC need to call SageMaker APIs, the SageMaker API endpoint is needed.
[0m[49m[38;5;10m+    133[0m:[38;5;10m[49m 
[0m[49m[38;5;10m+    134[0m:[38;5;10m[49m **Location:** Prerequisites table, "VPC" row.
[0m[49m[38;5;10m+    135[0m:[38;5;10m[49m 
[0m[49m[38;5;10m+    136[0m:[38;5;10m[49m **Fix:** Expand the VPC endpoint list: "VPC endpoints required: S3 (Gateway), CloudWatch Logs (Interface), SageMaker API (Interface), SageMaker Runtime (Interface), Step Functions (Interface), Glue (Interface), Redshift (Interface or use Redshift in the same VPC), KMS (Interface). Lambda functions that call AWS services from within the VPC require these endpoints or a NAT Gateway."
[0m[49m[38;5;10m+    137[0m:[38;5;10m[49m 
[0m[49m[38;5;10m+    138[0m:[38;5;10m[49m ---
[0m[49m[38;5;10m+    139[0m:[38;5;10m[49m 
[0m[49m[38;5;10m+    140[0m:[38;5;10m[49m ### 🔵 NET-2: No Egress Discussion for QuickSight
[0m[49m[38;5;10m+    141[0m:[38;5;10m[49m 
[0m[49m[38;5;10m+    142[0m:[38;5;10m[49m **Finding:** QuickSight is a managed service that runs outside the customer's VPC. When QuickSight connects to Redshift or S3 for data, it uses either a public connection or a VPC connection (QuickSight VPC Connection feature). The recipe doesn't discuss how QuickSight accesses the data sources, which are in private subnets.
[0m[49m[38;5;10m+    143[0m:[38;5;10m[49m 
[0m[49m[38;5;10m+    144[0m:[38;5;10m[49m **Location:** Architecture diagram; "Why These Services" section.
[0m[49m[38;5;10m+    145[0m:[38;5;10m[49m 
[0m[49m[38;5;10m+    146[0m:[38;5;10m[49m **Fix:** Add: "Configure a QuickSight VPC Connection to access Redshift in the private subnet. For S3 access, QuickSight uses its service role and does not require VPC connectivity (S3 access is via IAM, not network path). Ensure the QuickSight service role has KMS decrypt permissions for the S3 buckets containing optimization results."
[0m[49m[38;5;10m+    147[0m:[38;5;10m[49m 
[0m[49m[38;5;10m+    148[0m:[38;5;10m[49m ---
[0m[49m[38;5;10m+    149[0m:[38;5;10m[49m 
[0m[49m[38;5;10m+    150[0m:[38;5;10m[49m ## Voice Review
[0m[49m[38;5;10m+    151[0m:[38;5;10m[49m 
[0m[49m[38;5;10m+    152[0m:[38;5;10m[49m ### 🟡 VOI-1: Two Instances of Documentation-Voice Creep
[0m[49m[38;5;10m+    153[0m:[38;5;10m[49m 
[0m[49m[38;5;10m+    154[0m:[38;5;10m[49m **Finding:** Two sentences slip into documentation register:
[0m[49m[38;5;10m+    155[0m:[38;5;10m[49m 
[0m[49m[38;5;10m+    156[0m:[38;5;10m[49m 1. "The optimization approach doesn't replace human judgment on these decisions. It structures the analysis so that judgment is applied to the right tradeoffs rather than lost in a fog of competing anecdotes." -- The second sentence is fine, but "The optimization approach doesn't replace human judgment on these decisions" reads like a product disclaimer rather than an engineer explaining something.
[0m[49m[38;5;10m+    157[0m:[38;5;10m[49m 
[0m[49m[38;5;10m+    158[0m:[38;5;10m[49m 2. "This is one of the hardest problems in this entire book." -- This is good voice, but it's immediately followed by "The solution space is enormous, the constraints are politically charged, and the objective function is genuinely multi-dimensional." which is slightly formal/academic.
[0m[49m[38;5;10m+    159[0m:[38;5;10m[49m 
[0m[49m[38;5;10m+    160[0m:[38;5;10m[49m **Location:** The Problem section, paragraph 4; The Problem section, final paragraph.
[0m[49m[38;5;10m+    161[0m:[38;5;10m[49m 
[0m[49m[38;5;10m+    162[0m:[38;5;10m[49m **Fix:** (1) Rephrase to something like: "None of this replaces the judgment calls. It just makes sure those judgment calls happen on the actual tradeoffs instead of getting lost in a fog of competing anecdotes." (2) The second instance is borderline and could stay as-is; it's a minor style note, not a requirement.
[0m[49m[38;5;10m+    163[0m:[38;5;10m[49m 
[0m[49m[38;5;10m+    164[0m:[38;5;10m[49m ---
[0m[49m[38;5;10m+    165[0m:[38;5;10m[49m 
[0m[49m[38;5;10m+    166[0m:[38;5;10m[49m ### ✅ VOI-2: Vendor Balance Is Excellent
[0m[49m[38;5;10m+    167[0m:[38;5;10m[49m 
[0m[49m[38;5;10m+    168[0m:[38;5;10m[49m The 70/30 split is well-maintained. The Technology section (approximately 60% of the recipe's prose) is completely vendor-agnostic. AWS services appear only in the implementation section. A reader using Google OR-Tools on GCP or Azure's optimization services would learn the full conceptual framework from the first half.
[0m[49m[38;5;10m+    169[0m:[38;5;10m[49m 
[0m[49m[38;5;10m+    170[0m:[38;5;10m[49m ---
[0m[49m[38;5;10m+    171[0m:[38;5;10m[49m 
[0m[49m[38;5;10m+    172[0m:[38;5;10m[49m ### ✅ VOI-3: No Em Dashes Found
[0m[49m[38;5;10m+    173[0m:[38;5;10m[49m 
[0m[49m[38;5;10m+    174[0m:[38;5;10m[49m Zero em dashes in the entire recipe. Colons, periods, and parentheses are used correctly throughout.
[0m[49m[38;5;10m+    175[0m:[38;5;10m[49m 
[0m[49m[38;5;10m+    176[0m:[38;5;10m[49m ---
[0m[49m[38;5;10m+    177[0m:[38;5;10m[49m 
[0m[49m[38;5;10m+    178[0m:[38;5;10m[49m ### ✅ VOI-4: The Problem Section Is Engaging
[0m[49m[38;5;10m+    179[0m:[38;5;10m[49m 
[0m[49m[38;5;10m+    180[0m:[38;5;10m[49m The opening scenario (CEO staring at a map, $400M capital budget, state attorney general) is vivid and specific. It makes the reader feel the stakes. The "spreadsheet and good intentions" line is exactly the right tone.
[0m[49m[38;5;10m+    181[0m:[38;5;10m[49m 
[0m[49m[38;5;10m+    182[0m:[38;5;10m[49m ---
[0m[49m[38;5;10m+    183[0m:[38;5;10m[49m 
[0m[49m[38;5;10m+    184[0m:[38;5;10m[49m ## Stage 2: Expert Discussion
[0m[49m[38;5;10m+    185[0m:[38;5;10m[49m 
[0m[49m[38;5;10m+    186[0m:[38;5;10m[49m **Conflicts identified:** None. The security, architecture, and networking findings are complementary rather than conflicting.
[0m[49m[38;5;10m+    187[0m:[38;5;10m[49m 
[0m[49m[38;5;10m+    188[0m:[38;5;10m[49m **Priority resolution:** The most impactful finding is ARC-1 (gravity model linearization). A reader who implements the flow consistency constraint as written without the iterative balancing approach will get solutions that are internally inconsistent. This is the kind of subtle error that produces confident-looking but wrong recommendations. However, it's a medium-severity issue because the recipe does mention the approximation in "Where it struggles" and the pseudocode is explicitly simplified for educational purposes.
[0m[49m[38;5;10m+    189[0m:[38;5;10m[49m 
[0m[49m[38;5;10m+    190[0m:[38;5;10m[49m SEC-2 (BAA boundary ambiguity) and SEC-3 (solver licensing) are both medium because they affect real deployments but don't create immediate HIPAA violations if the reader follows the general guidance to "put everything under BAA."
[0m[49m[38;5;10m+    191[0m:[38;5;10m[49m 
[0m[49m[38;5;10m+    192[0m:[38;5;10m[49m ---
[0m[49m[38;5;10m+    193[0m:[38;5;10m[49m 
[0m[49m[38;5;10m+    194[0m:[38;5;10m[49m ## Stage 3: Synthesized Feedback
[0m[49m[38;5;10m+    195[0m:[38;5;10m[49m 
[0m[49m[38;5;10m+    196[0m:[38;5;10m[49m **Verdict: PASS**
[0m[49m[38;5;10m+    197[0m:[38;5;10m[49m 
[0m[49m[38;5;10m+    198[0m:[38;5;10m[49m The recipe is architecturally sound, educationally excellent, and appropriately scoped for a strategic planning use case. No critical findings. The medium-severity findings are refinements that improve production-readiness but don't represent fundamental flaws in the approach.
[0m[49m[38;5;10m+    199[0m:[38;5;10m[49m 
[0m[49m[38;5;10m+    200[0m:[38;5;10m[49m ---
[0m[49m[38;5;10m+    201[0m:[38;5;10m[49m 
[0m[49m[38;5;10m+    202[0m:[38;5;10m[49m ## Prioritized Findings
[0m[49m[38;5;10m+    203[0m:[38;5;10m[49m 
[0m[49m[38;5;10m+    204[0m:[38;5;10m[49m | ID | Severity | Expert | Location | Title |
[0m[49m[38;5;10m+    205[0m:[38;5;10m[49m |----|----------|--------|----------|-------|
[0m[49m[38;5;10m+    206[0m:[38;5;10m[49m | SEC-1 | 🟡 Medium | Security | Prerequisites, IAM Permissions | QuickSight `*` permission violates least-privilege |
[0m[49m[38;5;10m+    207[0m:[38;5;10m[49m | SEC-2 | 🟡 Medium | Security | Prerequisites, BAA row; Step 2 | BAA boundary between PHI and aggregate data is ambiguous |
[0m[49m[38;5;10m+    208[0m:[38;5;10m[49m | SEC-3 | 🟡 Medium | Security | Prerequisites, Solver Licensing | Solver licensing in no-internet VPC not addressed |
[0m[49m[38;5;10m+    209[0m:[38;5;10m[49m | ARC-1 | 🟡 Medium | Architecture | Step 3, flow constraint | Gravity model linearization not explained; iterative balancing missing |
[0m[49m[38;5;10m+    210[0m:[38;5;10m[49m | ARC-2 | 🟡 Medium | Architecture | Why These Services, SageMaker | Training Job vs Processing Job choice unexplained |
[0m[49m[38;5;10m+    211[0m:[38;5;10m[49m | ARC-3 | 🟡 Medium | Architecture | Step 4, after solve() | No infeasibility handling or IIS discussion |
[0m[49m[38;5;10m+    212[0m:[38;5;10m[49m | ARC-4 | 🟡 Medium | Architecture | Prerequisites, Cost Estimate | Redshift provisioned is wasteful for quarterly workload |
[0m[49m[38;5;10m+    213[0m:[38;5;10m[49m | NET-1 | 🟡 Medium | Networking | Prerequisites, VPC row | VPC endpoint list incomplete for stated architecture |
[0m[49m[38;5;10m+    214[0m:[38;5;10m[49m | VOI-1 | 🟡 Medium | Voice | The Problem, paragraph 4 | Two sentences with documentation-voice register |
[0m[49m[38;5;10m+    215[0m:[38;5;10m[49m | SEC-4 | 🔵 Low | Security | Prerequisites, CloudTrail | Decision-level audit not captured by CloudTrail alone |
[0m[49m[38;5;10m+    216[0m:[38;5;10m[49m | ARC-5 | 🔵 Low | Architecture | Why These Services, Step Functions | Standard vs Express Workflows not specified |
[0m[49m[38;5;10m+    217[0m:[38;5;10m[49m | NET-2 | 🔵 Low | Networking | Architecture diagram | QuickSight VPC Connection not discussed |
[0m[49m[38;5;10m+    218[0m:[38;5;10m[49m 
[0m[49m[38;5;10m+    219[0m:[38;5;10m[49m ---
[0m[49m[38;5;10m+    220[0m:[38;5;10m[49m 
[0m[49m[38;5;10m+    221[0m:[38;5;10m[49m ## Specific Praise
[0m[49m[38;5;10m+    222[0m:[38;5;10m[49m 
[0m[49m[38;5;10m+    223[0m:[38;5;10m[49m ### ✅ Technology Section Is Best-in-Class
[0m[49m[38;5;10m+    224[0m:[38;5;10m[49m 
[0m[49m[38;5;10m+    225[0m:[38;5;10m[49m The explanation of facility location problems, MIP formulation, gravity models, and multi-objective optimization is genuinely educational. A reader with no OR background would understand the problem class, the solution approach, and the tradeoffs. The solver selection guidance (with honest cost/performance comparisons between commercial and open-source) is practical and actionable. This section alone justifies the recipe's existence.
[0m[49m[38;5;10m+    226[0m:[38;5;10m[49m 
[0m[49m[38;5;10m+    227[0m:[38;5;10m[49m ### ✅ Constraint Modeling Reflects Real Healthcare Operations
[0m[49m[38;5;10m+    228[0m:[38;5;10m[49m 
[0m[49m[38;5;10m+    229[0m:[38;5;10m[49m The constraints in Step 3 (minimum volume thresholds, service line dependencies, CON requirements, workforce limits) reflect actual operational realities. The minimum volume constraint is particularly well-motivated: the recipe explains why spreading volume too thin creates quality and accreditation problems, not just financial ones. The "Honest Take" section's observation that minimum volume constraints are often the binding ones is a genuine insight that experienced health system planners will recognize.
[0m[49m[38;5;10m+    230[0m:[38;5;10m[49m 
[0m[49m[38;5;10m+    231[0m:[38;5;10m[49m ### ✅ Scenario Analysis Framing Is Executive-Ready
[0m[49m[38;5;10m+    232[0m:[38;5;10m[49m 
[0m[49m[38;5;10m+    233[0m:[38;5;10m[49m The distinction between "robust decisions" (good in all futures) and "contingent decisions" (scenario-dependent) in the expected results output is exactly how capital allocation decisions should be presented to boards. The sample output JSON demonstrates this clearly. An executive reading this recipe would understand what they'd get from the system.
[0m[49m[38;5;10m+    234[0m:[38;5;10m[49m 
[0m[49m[38;5;10m+    235[0m:[38;5;10m[49m ### ✅ Honest Take Is Genuinely Honest
[0m[49m[38;5;10m+    236[0m:[38;5;10m[49m 
[0m[49m[38;5;10m+    237[0m:[38;5;10m[49m The four-point honest take (data quality, gravity model calibration, politics, uncertainty) is not hedging or false modesty. These are the actual failure modes of health system network design projects. The advice to "start with a single service line" before tackling full network design is practical wisdom that saves organizations from over-scoping their first attempt.
[0m[49m[38;5;10m+    238[0m:[38;5;10m[49m 
[0m[49m[38;5;10m+    239[0m:[38;5;10m[49m ### ✅ Variations Are Substantive
[0m[49m[38;5;10m+    240[0m:[38;5;10m[49m 
[0m[49m[38;5;10m+    241[0m:[38;5;10m[49m The three variations (dynamic staging, competitive response, equity constraints) are not throwaway bullet points. Each describes a real extension with enough detail to understand the formulation change required. The equity-constrained optimization variation (Gini coefficient on travel times across income quintiles) is particularly relevant given current regulatory focus on health equity.
[0m[49m[38;5;10m+    242[0m:[38;5;10m[49m 
[0m[49m[38;5;10m+    243[0m:[38;5;10m[49m ---
[0m[49m[38;5;10m+    244[0m:[38;5;10m[49m 
[0m[49m[38;5;10m+    245[0m:[38;5;10m[49m *Review complete. Recipe 14.10 is the strongest recipe in Chapter 14 from an educational standpoint. The medium-severity findings are refinements for production deployments, not structural problems. Recommended for publication with the noted improvements.*
[0m[K
Creating: [38;5;141m/tmp/ralph-worktrees/iter-1088/reviews/chapter14.10-expert-review.md[0m
[38;5;244m - Completed in 0.1s[0m

[38;5;141m> [0mThe expert review is complete. Here's a summary:[0m[0m
[0m[0m
[1mVerdict: PASS[22m[0m[0m
[0m[0m
The review found 0 critical findings, 0 high findings, 9 medium findings, and 3 low findings. The recipe is architecturally sound and educationally excellent.[0m[0m
[0m[0m
Key findings:[0m[0m
- **Security:** QuickSight IAM permissions too broad ([38;5;10mquicksight:*[0m), BAA boundary between PHI and aggregate data is ambiguous, solver licensing in no-internet VPCs not addressed[0m[0m
- **Architecture:** Gravity model linearization/iterative balancing not explained, SageMaker Training Job vs Processing Job choice unexplained, no infeasibility handling discussion, Redshift provisioned is wasteful for quarterly workloads[0m[0m
- **Networking:** VPC endpoint list incomplete for the stated architecture[0m[0m
- **Voice:** Two minor documentation-voice sentences; otherwise excellent tone, vendor balance, and zero em dashes[0m[0m
[0m[0m
[38;5;252m[0m[?25l[?25l[0m[0m[?25l[0m[?25l[0m[0m[?25l[0m[?25l[0m[0m[?25l[0m[?25l[0m[0m[?25l[0m[?25l[0m[0m[?25l[0m[0m[0m
[38;5;8m
 ▸ Credits: 5.64 • Time: 2m 40s

[0m[1G[0m[0m[?25hThe recipe's technology section was praised as best-in-class, with the constraint modeling, scenario analysis framing, and honest take all reflecting genuine domain expertise.[38;5;11mWARNING: [0mDuplicate agent with name [38;5;10mmeshclaw-lite[0m was found in the global directory.
[0m[32mAll tools are now trusted ([0m[31m![0m[32m). Kiro will execute tools without asking for confirmation.[0m
Agents can sometimes do unexpected things so understand the risks.

Learn more at [38;5;141mhttps://kiro.dev/docs/cli/chat/security/#using-tools-trust-all-safely[0m



Reading directory: [38;5;141m/tmp/ralph-worktrees/iter-1088[0m[38;5;244m (using tool: read, max depth: 2, max entries: 1000, excluding: defaults)[0m
[38;5;10m ✓ [0mSuccessfully read directory [38;5;141m/tmp/ralph-worktrees/iter-1088[0m [38;5;244m(showing 1000 of 2609 entries, offset: 0)[0m
[38;5;244m - Completed in 0.146s[0m

[38;5;141m> [0mNow let me read the expert review file for chapter 14.10:[0m[0m
Reading file: [38;5;141m/tmp/ralph-worktrees/iter-1088/reviews/chapter14.10-expert-review.md[0m, all lines[38;5;244m (using tool: read)[0m
[38;5;10m ✓ [0mSuccessfully read [38;5;244m23229 bytes[0m from /tmp/ralph-worktrees/iter-1088/reviews/chapter14.10-expert-review.md
[38;5;244m - Completed in 0.0s[0m

[38;5;252m[0m[?25l[?25l[0m[0m[?25l[0m[?25l[0m[0m[?25l[0m[0m[0m
[38;5;8m
 ▸ Credits: 2.59 • Time: 18s

[0m[1G[0m[0m[?25h[38;5;141m> [0m{"verdict": "pass", "rationale": "The expert review comprehensively covers clinical accuracy (gravity model calibration, minimum volume thresholds, real healthcare operational constraints), architectural soundness (MIP formulation, SageMaker job type selection, infeasibility handling, Step Functions workflow type), and security considerations (IAM least-privilege, BAA/PHI data boundaries, solver licensing in HIPAA environments, audit logging). Findings are prioritized using HIGH/MEDIUM/LOW severity (9 MEDIUM, 3 LOW, 0 CRITICAL) with concrete remediation steps for each (specific IAM actions, VPC endpoint lists, iterative balancing algorithm description, Redshift Serverless alternative). The review also validates human override mechanisms via the scenario analysis framing and the honest take on political constraints overriding optimization outputs."}