# parallel_worker header: concurrency_limit=4 batch_id=batch-1781745140072-000008-7754416b2bdd2d9e iteration=1473 task_id=ch04-r01-archsplit persona=TechEditor
[38;5;11mWARNING: [0mDuplicate agent with name [38;5;10mmeshclaw-lite[0m was found in the global directory.
[0m[38;5;9mError: [0mJson supplied at /home/lawsnic/.kiro/agents/AmazonBuilderCoreAIAgents-amzn-builder.json is invalid: unknown field `permissions`, expected one of `$schema`, `name`, `description`, `prompt`, `mcpServers`, `tools`, `toolAliases`, `allowedTools`, `resources`, `hooks`, `toolsSettings`, `includeMcpJson`, `useLegacyMcpJson`, `model`, `keyboardShortcut`, `welcomeMessage` at line 3 column 16
[32mAll tools are now trusted ([0m[31m![0m[32m). Kiro will execute tools without asking for confirmation.[0m
Agents can sometimes do unexpected things so understand the risks.

Learn more at [38;5;141mhttps://kiro.dev/docs/cli/chat/security/#using-tools-trust-all-safely[0m



Batch fs_read operation with [38;5;141m2[0m operations[38;5;244m (using tool: read)[0m

↱ Operation 1: Reading file: [38;5;141m/tmp/ralph-worktrees/iter-1473/chapter04.01-appointment-reminder-channel-optimization.md[0m, all lines
↱ Operation 2: Reading file: [38;5;141m/tmp/ralph-worktrees/iter-1473/chapter04.01-architecture.md[0m, all lines
[38;5;10m ✓ [0mSuccessfully read [38;5;244m28922 bytes[0m from /tmp/ralph-worktrees/iter-1473/chapter04.01-appointment-reminder-channel-optimization.md

[38;5;10m ✓ [0mSuccessfully read [38;5;244m38409 bytes[0m from /tmp/ralph-worktrees/iter-1473/chapter04.01-architecture.md

 ⋮ 

[38;5;244m- [0mSummary: 2 operations processed, 2 successful, 0 failed
[38;5;244m - Completed in 0.0s[0m

[38;5;141m> [0mNow let me also check the STYLE-GUIDE and RECIPE-GUIDE for reference:[0m[0m
Batch fs_read operation with [38;5;141m2[0m operations[38;5;244m (using tool: read)[0m

↱ Operation 1: Reading file: [38;5;141m/tmp/ralph-worktrees/iter-1473/RECIPE-GUIDE.md[0m, from line [38;5;141m1[0m to [38;5;141m100[0m
↱ Operation 2: Reading file: [38;5;141m/tmp/ralph-worktrees/iter-1473/STYLE-GUIDE.md[0m, from line [38;5;141m1[0m to [38;5;141m80[0m
[38;5;10m ✓ [0mSuccessfully read [38;5;244m5434 bytes[0m from /tmp/ralph-worktrees/iter-1473/RECIPE-GUIDE.md

[38;5;10m ✓ [0mSuccessfully read [38;5;244m3731 bytes[0m from /tmp/ralph-worktrees/iter-1473/STYLE-GUIDE.md

 ⋮ 

[38;5;244m- [0mSummary: 2 operations processed, 2 successful, 0 failed
[38;5;244m - Completed in 0.0s[0m

[38;5;141m> [0mNow I have a clear picture. Let me analyze both files against the task requirements:[0m[0m
[0m[0m
[1mMain recipe ([38;5;10mchapter04.01-appointment-reminder-channel-optimization.md[0m):[22m[0m[0m
- Has the architecture callout correctly placed at the end of General Architecture Pattern ✓[0m[0m
- The Honest Take does NOT reference AWS content that moved to the companion ✓[0m[0m
- No dangling references to AWS implementation details in the vendor-agnostic sections ✓[0m[0m
- Tags section still includes AWS service names ([38;5;10msns[0m, [38;5;10mses[0m, [38;5;10mconnect[0m, [38;5;10mdynamodb[0m, [38;5;10meventbridge-scheduler[0m, [38;5;10mlambda[0m) which is fine per convention[0m[0m
[0m[0m
[1mArchitecture companion ([38;5;10mchapter04.01-architecture.md[0m):[22m[0m[0m
- Opens with a backlink header to the main recipe ✓[0m[0m
- Has the right sections in order ✓[0m[0m
[0m[0m
However, I notice a few transition-seam issues:[0m[0m
[0m[0m
1. The main recipe's header comment block still references "AWS Implementation" and sections that now live in the architecture companion (lines referencing "The AWS Implementation" forward, "RECIPE-GUIDE compliance" listing AWS-specific sections). This metadata needs updating.[0m[0m
2. The architecture companion's opening is clean and links back properly.[0m[0m
3. The main recipe's Tags include AWS service names, which is fine (tags are metadata, not prose).[0m[0m
[0m[0m
Let me also check for em dashes and en dashes, and bare code blocks:[0m[0m
Batch fs_read operation with [38;5;141m4[0m operations[38;5;244m (using tool: read)[0m

↱ Operation 1: Searching: [38;5;141m/tmp/ralph-worktrees/iter-1473/chapter04.01-appointment-reminder-channel-optimization.md[0m for pattern: [38;5;141m—[0m
↱ Operation 2: Searching: [38;5;141m/tmp/ralph-worktrees/iter-1473/chapter04.01-appointment-reminder-channel-optimization.md[0m for pattern: [38;5;141m–[0m
↱ Operation 3: Searching: [38;5;141m/tmp/ralph-worktrees/iter-1473/chapter04.01-architecture.md[0m for pattern: [38;5;141m—[0m
↱ Operation 4: Searching: [38;5;141m/tmp/ralph-worktrees/iter-1473/chapter04.01-architecture.md[0m for pattern: [38;5;141m–[0m
[38;5;10m ✓ [0mFound 0 matches for pattern '—' in /tmp/ralph-worktrees/iter-1473/chapter04.01-appointment-reminder-channel-optimization.md

[38;5;10m ✓ [0mFound 1 matches for pattern '–' in /tmp/ralph-worktrees/iter-1473/chapter04.01-appointment-reminder-channel-optimization.md

[38;5;10m ✓ [0mFound 0 matches for pattern '—' in /tmp/ralph-worktrees/iter-1473/chapter04.01-architecture.md

[38;5;10m ✓ [0mFound 7 matches for pattern '–' in /tmp/ralph-worktrees/iter-1473/chapter04.01-architecture.md

 ⋮ 

[38;5;244m- [0mSummary: 4 operations processed, 4 successful, 0 failed
[38;5;244m - Completed in 0.1s[0m

[38;5;141m> [0mGood. The en dashes (U+2013) in both files are used exclusively in numeric ranges (e.g., [38;5;10m$0.01–0.04[0m, [38;5;10m82–85%[0m, [38;5;10m2–3 weeks[0m). Per the previous TechEditor's comment in the main recipe, these are consistent with chapter-wide convention for numeric ranges. I'll leave them as-is.[0m[0m
[0m[0m
Now let me check for bare code blocks ([38;5;10m[0mSearching for: [38;5;141m^```$[0m in [38;5;141m/tmp/ralph-worktrees/iter-1473/chapter04.01-appointment-reminder-channel-optimization.md[0m[38;5;244m (using tool: grep)[0mSearching for: [38;5;141m^```$[0m in [38;5;141m/tmp/ralph-worktrees/iter-1473/chapter04.01-architecture.md[0m[38;5;244m (using tool: grep)[0m
[38;5;10m ✓ [0mSuccessfully found [38;5;244m2 matches[0m in [38;5;244m1 files[0m under /tmp/ralph-worktrees/iter-1473/chapter04.01-appointment-reminder-channel-optimization.md
[38;5;244m - Completed in 0.0s[0m


[38;5;10m ✓ [0mSuccessfully found [38;5;244m13 matches[0m in [38;5;244m1 files[0m under /tmp/ralph-worktrees/iter-1473/chapter04.01-architecture.md (result is truncated)
[38;5;244m - Completed in 0.0s[0m

[38;5;141m> [0mLet me check which bare [38;5;10m[0mSearching for: [38;5;141m^```[0m in [38;5;141m/tmp/ralph-worktrees/iter-1473/chapter04.01-appointment-reminder-channel-optimization.md[0m[38;5;244m (using tool: grep)[0mSearching for: [38;5;141m^```[0m in [38;5;141m/tmp/ralph-worktrees/iter-1473/chapter04.01-architecture.md[0m[38;5;244m (using tool: grep)[0m
[38;5;10m ✓ [0mSuccessfully found [38;5;244m2 matches[0m in [38;5;244m1 files[0m under /tmp/ralph-worktrees/iter-1473/chapter04.01-appointment-reminder-channel-optimization.md
[38;5;244m - Completed in 0.0s[0m


[38;5;10m ✓ [0mSuccessfully found [38;5;244m16 matches[0m in [38;5;244m1 files[0m under /tmp/ralph-worktrees/iter-1473/chapter04.01-architecture.md
[38;5;244m - Completed in 0.0s[0m

[38;5;141m> [0mLet me look at the context around the bare [38;5;10m[0mBatch fs_read operation with [38;5;141m6[0m operations[38;5;244m (using tool: read)[0m

↱ Operation 1: Reading file: [38;5;141m/tmp/ralph-worktrees/iter-1473/chapter04.01-architecture.md[0m, from line [38;5;141m97[0m to [38;5;141m105[0m
↱ Operation 2: Reading file: [38;5;141m/tmp/ralph-worktrees/iter-1473/chapter04.01-architecture.md[0m, from line [38;5;141m125[0m to [38;5;141m135[0m
↱ Operation 3: Reading file: [38;5;141m/tmp/ralph-worktrees/iter-1473/chapter04.01-architecture.md[0m, from line [38;5;141m157[0m to [38;5;141m167[0m
↱ Operation 4: Reading file: [38;5;141m/tmp/ralph-worktrees/iter-1473/chapter04.01-architecture.md[0m, from line [38;5;141m188[0m to [38;5;141m198[0m
↱ Operation 5: Reading file: [38;5;141m/tmp/ralph-worktrees/iter-1473/chapter04.01-architecture.md[0m, from line [38;5;141m241[0m to [38;5;141m252[0m
↱ Operation 6: Reading file: [38;5;141m/tmp/ralph-worktrees/iter-1473/chapter04.01-architecture.md[0m, from line [38;5;141m285[0m to [38;5;141m300[0m
[38;5;10m ✓ [0mSuccessfully read [38;5;244m803 bytes[0m from /tmp/ralph-worktrees/iter-1473/chapter04.01-architecture.md

[38;5;10m ✓ [0mSuccessfully read [38;5;244m1059 bytes[0m from /tmp/ralph-worktrees/iter-1473/chapter04.01-architecture.md

[38;5;10m ✓ [0mSuccessfully read [38;5;244m785 bytes[0m from /tmp/ralph-worktrees/iter-1473/chapter04.01-architecture.md

[38;5;10m ✓ [0mSuccessfully read [38;5;244m894 bytes[0m from /tmp/ralph-worktrees/iter-1473/chapter04.01-architecture.md

[38;5;10m ✓ [0mSuccessfully read [38;5;244m1804 bytes[0m from /tmp/ralph-worktrees/iter-1473/chapter04.01-architecture.md

[38;5;10m ✓ [0mSuccessfully read [38;5;244m726 bytes[0m from /tmp/ralph-worktrees/iter-1473/chapter04.01-architecture.md

 ⋮ 

[38;5;244m- [0mSummary: 6 operations processed, 6 successful, 0 failed
[38;5;244m - Completed in 0.1s[0m

[38;5;141m> [0mNow let me check the main recipe's code block context:[0m[0m
Batch fs_read operation with [38;5;141m2[0m operations[38;5;244m (using tool: read)[0m

↱ Operation 1: Reading file: [38;5;141m/tmp/ralph-worktrees/iter-1473/chapter04.01-appointment-reminder-channel-optimization.md[0m, from line [38;5;141m199[0m to [38;5;141m205[0m
↱ Operation 2: Reading file: [38;5;141m/tmp/ralph-worktrees/iter-1473/chapter04.01-appointment-reminder-channel-optimization.md[0m, from line [38;5;141m245[0m to [38;5;141m251[0m
[38;5;10m ✓ [0mSuccessfully read [38;5;244m451 bytes[0m from /tmp/ralph-worktrees/iter-1473/chapter04.01-appointment-reminder-channel-optimization.md

[38;5;10m ✓ [0mSuccessfully read [38;5;244m633 bytes[0m from /tmp/ralph-worktrees/iter-1473/chapter04.01-appointment-reminder-channel-optimization.md

 ⋮ 

[38;5;244m- [0mSummary: 2 operations processed, 2 successful, 0 failed
[38;5;244m - Completed in 0.0s[0m

[38;5;141m> [0mNow I have the full picture. Let me summarize what needs fixing:[0m[0m
[0m[0m
[1mMain recipe issues:[22m[0m[0m
1. The header comment references sections that are now in the architecture companion ("AWS Implementation", "Why These Services", etc. in the RECIPE-GUIDE compliance note). This needs updating to reflect the split structure.[0m[0m
2. The ASCII architecture diagram code block (line 202) has no language tag. Per the previous TechEditor's note, "unlabeled fenced blocks carry pseudocode and ASCII architecture diagrams per chapter-wide convention." However, the task instructions say "EVERY fenced code block must have a language tag." I'll add [38;5;10mtext[0m to the ASCII diagram block.[0m[0m
[0m[0m
[1mArchitecture companion issues:[22m[0m[0m
1. The pseudocode blocks (lines 102, 132, 164, 195, 250) are bare [38;5;10m[0m[38;5;10m openings. These should get [0mpseudocodeI'll modify the following file: [38;5;141mchapter04.01-appointment-reminder-channel-optimization.md[0m[38;5;244m (using tool: write)[0m

[49m[38;5;9m- 277     [0m:[38;5;9m[49m The most surprising operational issue, at least in the deployments I've read about and advised on, is that the quality of the engagement event stream dominates everything else. Kinesis records that don't include the reminder ID are worse than useless. SMS carriers that don't reliably return delivery receipts force you to infer "delivered" from "no reply in 30 minutes," and that inference is wrong often enough to corrupt the bandit. Pin down event quality before you build the model. Seriously.
[0m[49m[38;5;10m+      277[0m:[38;5;10m[49m The most surprising operational issue, at least in the deployments I've read about and advised on, is that the quality of the engagement event stream dominates everything else. Stream records that don't include the reminder ID are worse than useless. SMS carriers that don't reliably return delivery receipts force you to infer "delivered" from "no reply in 30 minutes," and that inference is wrong often enough to corrupt the bandit. Pin down event quality before you build the model. Seriously.
[0m[K
Updating: [38;5;141mchapter04.01-appointment-reminder-channel-optimization.md[0m
[38;5;244m - Completed in 0.2s[0m

[38;5;141m> [0mNow fix the ASCII diagram code block to have a language tag:[0m[0m
Reading file: [38;5;141m/tmp/ralph-worktrees/iter-1473/chapter04.01-appointment-reminder-channel-optimization.md[0m, from line [38;5;141m200[0m to [38;5;141m204[0m[38;5;244m (using tool: read)[0m
[38;5;10m ✓ [0mSuccessfully read [38;5;244m391 bytes[0m from /tmp/ralph-worktrees/iter-1473/chapter04.01-appointment-reminder-channel-optimization.md
[38;5;244m - Completed in 0.0s[0m

I'll modify the following file: [38;5;141mchapter04.01-appointment-reminder-channel-optimization.md[0m[38;5;244m (using tool: write)[0m

[49m[39m  200, 200[0m:[39m[49m At a conceptual level, the pipeline has two loops: a decision loop that runs on a schedule to send reminders, and a feedback loop that runs continuously to capture outcomes and update the model.
[0m[49m[39m  201, 201[0m:[39m[49m 
[0m[49m[38;5;9m- 202     [0m:[38;5;9m[49m ```
[0m[49m[38;5;10m+      202[0m:[38;5;10m[49m ```text
[0m[49m[39m  203, 203[0m:[39m[49m ┌────────────────── DECISION LOOP ───────────────────┐
[0m[K
Updating: [38;5;141mchapter04.01-appointment-reminder-channel-optimization.md[0m
[38;5;244m - Completed in 0.0s[0m

[38;5;141m> [0mNow update the header comment block in the main recipe to reflect the split structure. The RECIPE-GUIDE compliance note references AWS sections that are no longer in this file:[0m[0m
I'll modify the following file: [38;5;141mchapter04.01-appointment-reminder-channel-optimization.md[0m[38;5;244m (using tool: write)[0m

[49m[38;5;9m- 26    [0m:[38;5;9m[49m - RECIPE-GUIDE compliance: all required sections present in correct
[0m[49m[38;5;9m- 27    [0m:[38;5;9m[49m   order (Problem, Technology, General Architecture, AWS Implementation
[0m[49m[38;5;9m- 28    [0m:[38;5;9m[49m   with Why These Services / Architecture Diagram / Prerequisites /
[0m[49m[38;5;9m- 29    [0m:[38;5;9m[49m   Ingredients / Code / Expected Results, Why This Isn't Production-
[0m[49m[38;5;9m- 30    [0m:[38;5;9m[49m   Ready, Honest Take, Variations, Related Recipes, Additional
[0m[49m[38;5;9m- 31    [0m:[38;5;9m[49m   Resources, Implementation Time, Tags, Footer Navigation).
[0m[49m[38;5;10m+     26[0m:[38;5;10m[49m - RECIPE-GUIDE compliance: all required main-recipe sections present in
[0m[49m[38;5;10m+     27[0m:[38;5;10m[49m   correct order (Problem, Technology, General Architecture Pattern with
[0m[49m[38;5;10m+     28[0m:[38;5;10m[49m   architecture-companion callout, Honest Take, Related Recipes, Tags,
[0m[49m[38;5;10m+     29[0m:[38;5;10m[49m   Footer Navigation). AWS-specific sections (Why These Services,
[0m[49m[38;5;10m+     30[0m:[38;5;10m[49m   Architecture Diagram, Prerequisites, Ingredients, Code, Expected
[0m[49m[38;5;10m+     31[0m:[38;5;10m[49m   Results, Why This Isn't Production-Ready, Variations, Additional
[0m[49m[38;5;10m+     32[0m:[38;5;10m[49m   Resources, Implementation Time) live in the architecture companion.
[0m[K
Updating: [38;5;141mchapter04.01-appointment-reminder-channel-optimization.md[0m
[38;5;244m - Completed in 0.0s[0m

[38;5;141m> [0mNow update the vendor balance note in the header comment since it no longer applies the same way to this file alone:[0m[0m
I'll modify the following file: [38;5;141mchapter04.01-appointment-reminder-channel-optimization.md[0m[38;5;244m (using tool: write)[0m

[49m[39m  23, 23[0m:[39m[49m - Vendor balance: 70/30 maintained. The Problem, Technology, and
[0m[49m[39m  24, 24[0m:[39m[49m   General Architecture Pattern stay vendor-neutral. AWS service names
[0m[49m[38;5;9m- 25    [0m:[38;5;9m[49m   appear only from "The AWS Implementation" forward.
[0m[49m[38;5;10m+     25[0m:[38;5;10m[49m   now live in the architecture companion (chapter04.01-architecture.md).
[0m[K
Updating: [38;5;141mchapter04.01-appointment-reminder-channel-optimization.md[0m
[38;5;244m - Completed in 0.0s[0m

[38;5;141m> [0mNow fix the bare pseudocode blocks in the architecture companion. Let me add [38;5;10mpseudocode[0m language tags:[0m[0m
Reading file: [38;5;141m/tmp/ralph-worktrees/iter-1473/chapter04.01-architecture.md[0m, from line [38;5;141m101[0m to [38;5;141m103[0m[38;5;244m (using tool: read)[0m
[38;5;10m ✓ [0mSuccessfully read [38;5;244m50 bytes[0m from /tmp/ralph-worktrees/iter-1473/chapter04.01-architecture.md
[38;5;244m - Completed in 0.0s[0m

I'll modify the following file: [38;5;141mchapter04.01-architecture.md[0m[38;5;244m (using tool: write)[0m

[49m[38;5;9m- 102     [0m:[38;5;9m[49m ```
[0m[49m[38;5;10m+      102[0m:[38;5;10m[49m ```pseudocode
[0m[49m[39m  103, 103[0m:[39m[49m FUNCTION on_appointment_created(appointment):
[0m[K
Updating: [38;5;141mchapter04.01-architecture.md[0m
[38;5;244m - Completed in 0.0s[0m

Reading file: [38;5;141m/tmp/ralph-worktrees/iter-1473/chapter04.01-architecture.md[0m, from line [38;5;141m131[0m to [38;5;141m134[0m[38;5;244m (using tool: read)[0m
[38;5;10m ✓ [0mSuccessfully read [38;5;244m125 bytes[0m from /tmp/ralph-worktrees/iter-1473/chapter04.01-architecture.md
[38;5;244m - Completed in 0.0s[0m

I'll modify the following file: [38;5;141mchapter04.01-architecture.md[0m[38;5;244m (using tool: write)[0m

[49m[38;5;9m- 132     [0m:[38;5;9m[49m ```
[0m[49m[38;5;10m+      132[0m:[38;5;10m[49m ```pseudocode
[0m[49m[39m  133, 133[0m:[39m[49m FUNCTION get_eligible_channels(patient_id, send_time_utc):
[0m[49m[39m  134, 134[0m:[39m[49m     patient = DynamoDB.GetItem("patient-profile", patient_id)
[0m[K
Updating: [38;5;141mchapter04.01-architecture.md[0m
[38;5;244m - Completed in 0.0s[0m

Reading file: [38;5;141m/tmp/ralph-worktrees/iter-1473/chapter04.01-architecture.md[0m, from line [38;5;141m163[0m to [38;5;141m166[0m[38;5;244m (using tool: read)[0m
[38;5;10m ✓ [0mSuccessfully read [38;5;244m78 bytes[0m from /tmp/ralph-worktrees/iter-1473/chapter04.01-architecture.md
[38;5;244m - Completed in 0.0s[0m

I'll modify the following file: [38;5;141mchapter04.01-architecture.md[0m[38;5;244m (using tool: write)[0m

[49m[38;5;9m- 164     [0m:[38;5;9m[49m ```
[0m[49m[38;5;10m+      164[0m:[38;5;10m[49m ```pseudocode
[0m[49m[39m  165, 165[0m:[39m[49m FUNCTION score_and_select(patient_id, candidates):
[0m[49m[39m  166, 166[0m:[39m[49m     scores = empty map
[0m[K
Updating: [38;5;141mchapter04.01-architecture.md[0m
[38;5;244m - Completed in 0.0s[0m

Reading file: [38;5;141m/tmp/ralph-worktrees/iter-1473/chapter04.01-architecture.md[0m, from line [38;5;141m194[0m to [38;5;141m197[0m[38;5;244m (using tool: read)[0m
[38;5;10m ✓ [0mSuccessfully read [38;5;244m138 bytes[0m from /tmp/ralph-worktrees/iter-1473/chapter04.01-architecture.md
[38;5;244m - Completed in 0.0s[0m

I'll modify the following file: [38;5;141mchapter04.01-architecture.md[0m[38;5;244m (using tool: write)[0m

[49m[38;5;9m- 195     [0m:[38;5;9m[49m ```
[0m[49m[38;5;10m+      195[0m:[38;5;10m[49m ```pseudocode
[0m[49m[39m  196, 196[0m:[39m[49m FUNCTION dispatch(patient, appointment, channel):
[0m[49m[39m  197, 197[0m:[39m[49m     // Generate a unique ID for this specific reminder. It travels with the message
[0m[K
Updating: [38;5;141mchapter04.01-architecture.md[0m
[38;5;244m - Completed in 0.0s[0m

Reading file: [38;5;141m/tmp/ralph-worktrees/iter-1473/chapter04.01-architecture.md[0m, from line [38;5;141m249[0m to [38;5;141m252[0m[38;5;244m (using tool: read)[0m
[38;5;10m ✓ [0mSuccessfully read [38;5;244m96 bytes[0m from /tmp/ralph-worktrees/iter-1473/chapter04.01-architecture.md
[38;5;244m - Completed in 0.0s[0m

I'll modify the following file: [38;5;141mchapter04.01-architecture.md[0m[38;5;244m (using tool: write)[0m

[49m[38;5;9m- 250     [0m:[38;5;9m[49m ```
[0m[49m[38;5;10m+      250[0m:[38;5;10m[49m ```pseudocode
[0m[49m[39m  251, 251[0m:[39m[49m FUNCTION process_engagement_event(event):
[0m[49m[39m  252, 252[0m:[39m[49m     // Look up the reminder this event refers to.
[0m[K
Updating: [38;5;141mchapter04.01-architecture.md[0m
[38;5;244m - Completed in 0.0s[0m

[38;5;141m> [0mNow let me update the TechEditor version comment at the top of the main recipe to note this pass:[0m[0m
I'll modify the following file: [38;5;141mchapter04.01-appointment-reminder-channel-optimization.md[0m[38;5;244m (using tool: write)[0m

[49m[39m  3,  3[0m:[39m[49m <!--
[0m[49m[38;5;10m+     4[0m:[38;5;10m[49m TechEditor pass v2 (2026-06-17, ch04-r01-archsplit). Transition-seam polish
[0m[49m[38;5;10m+     5[0m:[38;5;10m[49m after mechanical split into main recipe + architecture companion:
[0m[49m[38;5;10m+     6[0m:[38;5;10m[49m - Removed dangling AWS reference in The Honest Take ("Kinesis records" →
[0m[49m[38;5;10m+     7[0m:[38;5;10m[49m   "Stream records") so the main recipe stays vendor-agnostic.
[0m[49m[38;5;10m+     8[0m:[38;5;10m[49m - Updated header-comment RECIPE-GUIDE compliance note to reflect the
[0m[49m[38;5;10m+     9[0m:[38;5;10m[49m   split (AWS sections now documented as living in architecture companion).
[0m[49m[38;5;10m+    10[0m:[38;5;10m[49m - Updated header-comment vendor-balance note to reference the companion.
[0m[49m[38;5;10m+    11[0m:[38;5;10m[49m - Added `text` language tag to the ASCII architecture diagram code block
[0m[49m[38;5;10m+    12[0m:[38;5;10m[49m   in General Architecture Pattern (bare ``` → ```text).
[0m[49m[38;5;10m+    13[0m:[38;5;10m[49m - Verified architecture callout is well placed at end of General
[0m[49m[38;5;10m+    14[0m:[38;5;10m[49m   Architecture Pattern section (no change needed).
[0m[49m[38;5;10m+    15[0m:[38;5;10m[49m - Verified The Honest Take has no other dangling AWS references.
[0m[49m[38;5;10m+    16[0m:[38;5;10m[49m - No em dashes found (U+2014 count: 0).
[0m[49m[38;5;10m+    17[0m:[38;5;10m[49m - En dashes (U+2013) remain only in numeric ranges per convention.
[0m[49m[38;5;10m+    18[0m:[38;5;10m[49m - All existing TODO markers preserved verbatim.
[0m[49m[38;5;10m+    19[0m:[38;5;10m[49m 
[0m[49m[39m  4, 20[0m:[39m[49m TechEditor pass v1 (2026-05-21, ch04-r01-edit). Editorial fixes:
[0m[K
Updating: [38;5;141mchapter04.01-appointment-reminder-channel-optimization.md[0m
[38;5;244m - Completed in 0.0s[0m

[38;5;141m> [0mNow add a version comment to the architecture companion. Let me check its current top:[0m[0m
Reading file: [38;5;141m/tmp/ralph-worktrees/iter-1473/chapter04.01-architecture.md[0m, from line [38;5;141m1[0m to [38;5;141m8[0m[38;5;244m (using tool: read)[0m
[38;5;10m ✓ [0mSuccessfully read [38;5;244m410 bytes[0m from /tmp/ralph-worktrees/iter-1473/chapter04.01-architecture.md
[38;5;244m - Completed in 0.0s[0m

I'll modify the following file: [38;5;141mchapter04.01-architecture.md[0m[38;5;244m (using tool: write)[0m

[49m[39m  1,  1[0m:[39m[49m # Recipe 4.1 Architecture and Implementation: Appointment Reminder Channel Optimization
[0m[49m[39m  2,  2[0m:[39m[49m 
[0m[49m[38;5;10m+     3[0m:[38;5;10m[49m <!--
[0m[49m[38;5;10m+     4[0m:[38;5;10m[49m TechEditor pass v1 (2026-06-17, ch04-r01-archsplit). Post-split polish:
[0m[49m[38;5;10m+     5[0m:[38;5;10m[49m - Added `pseudocode` language tags to all five walkthrough code blocks
[0m[49m[38;5;10m+     6[0m:[38;5;10m[49m   (previously bare ```).
[0m[49m[38;5;10m+     7[0m:[38;5;10m[49m - Verified opening backlink header links correctly to main recipe.
[0m[49m[38;5;10m+     8[0m:[38;5;10m[49m - Verified section order matches RECIPE-GUIDE architecture-companion spec.
[0m[49m[38;5;10m+     9[0m:[38;5;10m[49m - No em dashes (U+2014 count: 0).
[0m[49m[38;5;10m+    10[0m:[38;5;10m[49m - En dashes (U+2013) in numeric ranges only, per convention.
[0m[49m[38;5;10m+    11[0m:[38;5;10m[49m - All existing TODO markers preserved verbatim.
[0m[49m[38;5;10m+    12[0m:[38;5;10m[49m -->
[0m[49m[38;5;10m+    13[0m:[38;5;10m[49m 
[0m[49m[39m  3, 14[0m:[39m[49m *Companion to [Recipe 4.1: Appointment Reminder Channel Optimization](chapter04.01-appointment-reminder-channel-optimization). This page covers the AWS architecture, services, prerequisites, and pseudocode. For the problem framing and the conceptual approach, start with the main recipe.*
[0m[K
Updating: [38;5;141mchapter04.01-architecture.md[0m
[38;5;244m - Completed in 0.0s[0m

[38;5;141m> [0mNow let me do the final verification pass: search for any remaining em dashes, bare code blocks, and confirm the files are clean:[0m[0m
[0m[0m
[0m[0m
Batch fs_read operation with [38;5;141m2[0m operations[38;5;244m (using tool: read)[0m

↱ Operation 1: Searching: [38;5;141m/tmp/ralph-worktrees/iter-1473/chapter04.01-appointment-reminder-channel-optimization.md[0m for pattern: [38;5;141m—[0m
↱ Operation 2: Searching: [38;5;141m/tmp/ralph-worktrees/iter-1473/chapter04.01-architecture.md[0m for pattern: [38;5;141m—[0mSearching for: [38;5;141m^```$[0m in [38;5;141m/tmp/ralph-worktrees/iter-1473/chapter04.01-appointment-reminder-channel-optimization.md[0m[38;5;244m (using tool: grep)[0mSearching for: [38;5;141m^```$[0m in [38;5;141m/tmp/ralph-worktrees/iter-1473/chapter04.01-architecture.md[0m[38;5;244m (using tool: grep)[0m
[38;5;10m ✓ [0mFound 0 matches for pattern '—' in /tmp/ralph-worktrees/iter-1473/chapter04.01-appointment-reminder-channel-optimization.md

[38;5;10m ✓ [0mFound 0 matches for pattern '—' in /tmp/ralph-worktrees/iter-1473/chapter04.01-architecture.md

 ⋮ 

[38;5;244m- [0mSummary: 2 operations processed, 2 successful, 0 failed
[38;5;244m - Completed in 0.0s[0m


[38;5;10m ✓ [0mSuccessfully found [38;5;244m1 matches[0m in [38;5;244m1 files[0m under /tmp/ralph-worktrees/iter-1473/chapter04.01-appointment-reminder-channel-optimization.md
[38;5;244m - Completed in 0.0s[0m


[38;5;10m ✓ [0mSuccessfully found [38;5;244m8 matches[0m in [38;5;244m1 files[0m under /tmp/ralph-worktrees/iter-1473/chapter04.01-architecture.md (result is truncated)
[38;5;244m - Completed in 0.0s[0m

[38;5;141m> [0mThere are still bare [38;5;10m[0m[38;5;10m in the architecture file. These should be the closing [0m[38;5;10m[0m for code blocks. Let me verify:[0m[0m
Batch fs_read operation with [38;5;141m5[0m operations[38;5;244m (using tool: read)[0m

↱ Operation 1: Reading file: [38;5;141m/tmp/ralph-worktrees/iter-1473/chapter04.01-architecture.md[0m, from line [38;5;141m67[0m to [38;5;141m71[0m
↱ Operation 2: Reading file: [38;5;141m/tmp/ralph-worktrees/iter-1473/chapter04.01-architecture.md[0m, from line [38;5;141m137[0m to [38;5;141m141[0m
↱ Operation 3: Reading file: [38;5;141m/tmp/ralph-worktrees/iter-1473/chapter04.01-architecture.md[0m, from line [38;5;141m169[0m to [38;5;141m173[0m
↱ Operation 4: Reading file: [38;5;141m/tmp/ralph-worktrees/iter-1473/chapter04.01-architecture.md[0m, from line [38;5;141m200[0m to [38;5;141m204[0m
↱ Operation 5: Reading file: [38;5;141m/tmp/ralph-worktrees/iter-1473/chapter04.01-architecture.md[0m, from line [38;5;141m253[0m to [38;5;141m257[0m
[38;5;10m ✓ [0mSuccessfully read [38;5;244m90 bytes[0m from /tmp/ralph-worktrees/iter-1473/chapter04.01-architecture.md

[38;5;10m ✓ [0mSuccessfully read [38;5;244m882 bytes[0m from /tmp/ralph-worktrees/iter-1473/chapter04.01-architecture.md

[38;5;10m ✓ [0mSuccessfully read [38;5;244m668 bytes[0m from /tmp/ralph-worktrees/iter-1473/chapter04.01-architecture.md

[38;5;10m ✓ [0mSuccessfully read [38;5;244m573 bytes[0m from /tmp/ralph-worktrees/iter-1473/chapter04.01-architecture.md

[38;5;10m ✓ [0mSuccessfully read [38;5;244m983 bytes[0m from /tmp/ralph-worktrees/iter-1473/chapter04.01-architecture.md

 ⋮ 

[38;5;244m- [0mSummary: 5 operations processed, 5 successful, 0 failed
[38;5;244m - Completed in 0.4s[0m

[38;5;141m> [0mGood. All the bare [38;5;10m[0m[38;5;10m on lines 69, 139, 171, 202, and 255 are **closing** code blocks, not openings. Those are correct as-is.

Let me also check the main recipe's remaining bare [0m[38;5;10m[0m on line 265:[0m[0m
Reading file: [38;5;141m/tmp/ralph-worktrees/iter-1473/chapter04.01-appointment-reminder-channel-optimization.md[0m, from line [38;5;141m263[0m to [38;5;141m267[0m[38;5;244m (using tool: read)[0m
[38;5;10m ✓ [0mSuccessfully read [38;5;244m573 bytes[0m from /tmp/ralph-worktrees/iter-1473/chapter04.01-appointment-reminder-channel-optimization.md
[38;5;244m - Completed in 0.0s[0m

[38;5;141m> [0mThat's the closing [38;5;10m[0mReading file: [38;5;141m/tmp/ralph-worktrees/iter-1473/RECIPE-GUIDE.md[0m, from line [38;5;141m76[0m to [38;5;141m130[0m[38;5;244m (using tool: read)[0m
[38;5;10m ✓ [0mSuccessfully read [38;5;244m2826 bytes[0m from /tmp/ralph-worktrees/iter-1473/RECIPE-GUIDE.md
[38;5;244m - Completed in 0.0s[0m

[38;5;141m> [0mThe RECIPE-GUIDE says "Code (Pseudocode Walkthrough)" for the architecture companion. The current heading is "### Code" with "#### Walkthrough" beneath. This is close enough and the task explicitly says "do not move sections, do not rewrite content." I'll leave it.[0m[0m
[0m[0m
Let me do a final check on both files to make sure everything is coherent:[0m[0m
Reading file: [38;5;141m/tmp/ralph-worktrees/iter-1473/chapter04.01-appointment-reminder-channel-optimization.md[0m, from line [38;5;141m269[0m to [38;5;141m290[0m[38;5;244m (using tool: read)[0m
[38;5;10m ✓ [0mSuccessfully read [38;5;244m3127 bytes[0m from /tmp/ralph-worktrees/iter-1473/chapter04.01-appointment-reminder-channel-optimization.md
[38;5;244m - Completed in 0.0s[0m

[38;5;141m> [0mThe architecture callout is cleanly placed between General Architecture Pattern and The Honest Take. The Honest Take now has no AWS service references.[0m[0m
[0m[0m
Let me verify the "Stream records" fix is in place and The Honest Take reads clean:[0m[0m
Searching: [38;5;141m/tmp/ralph-worktrees/iter-1473/chapter04.01-appointment-reminder-channel-optimization.md[0m for pattern: [38;5;141mstream records[0m[38;5;244m (using tool: read)[0m
[38;5;10m ✓ [0mFound 2 matches for pattern 'Stream records' in /tmp/ralph-worktrees/iter-1473/chapter04.01-appointment-reminder-channel-optimization.md
[38;5;244m - Completed in 0.0s[0m

[38;5;141m> [0mEverything looks correct. Let me do one final scan for any AWS service names remaining in The Honest Take section of the main recipe:[0m[0m
Reading file: [38;5;141m/tmp/ralph-worktrees/iter-1473/chapter04.01-appointment-reminder-channel-optimization.md[0m, from line [38;5;141m288[0m to [38;5;141m300[0m[38;5;244m (using tool: read)[0m
[38;5;10m ✓ [0mSuccessfully read [38;5;244m2645 bytes[0m from /tmp/ralph-worktrees/iter-1473/chapter04.01-appointment-reminder-channel-optimization.md
[38;5;244m - Completed in 0.0s[0m

[38;5;141m> [0mClean. No AWS service names in The Honest Take.[0m[0m
[0m[0m
Let me also quickly confirm there are no AWS references in The Problem or The Technology sections (which should remain vendor-agnostic):[0m[0m
Searching for: [38;5;141mAWS|Lambda|DynamoDB|SageMaker|SNS|SES|Connect|Kinesis|EventBridge|CloudWatch|CloudTrail|KMS[0m in [38;5;141m/tmp/ralph-worktrees/iter-1473/chapter04.01-appointment-reminder-channel-optimization.md[0m[38;5;244m (using tool: grep)[0m
[38;5;10m ✓ [0mSuccessfully found [38;5;244m23 matches[0m in [38;5;244m1 files[0m under /tmp/ralph-worktrees/iter-1473/chapter04.01-appointment-reminder-channel-optimization.md (result is truncated)
[38;5;244m - Completed in 0.1s[0m

Searching for: [38;5;141mAWS|Lambda|DynamoDB|SageMaker|SNS|SES|Connect|Kinesis|EventBridge|CloudWatch|CloudTrail|KMS[0m in [38;5;141m/tmp/ralph-worktrees/iter-1473/chapter04.01-appointment-reminder-channel-optimization.md[0m[38;5;244m (using tool: grep)[0m
[38;5;10m ✓ [0mSuccessfully found [38;5;244m23 matches[0m in [38;5;244m1 files[0m under /tmp/ralph-worktrees/iter-1473/chapter04.01-appointment-reminder-channel-optimization.md
[38;5;244m - Completed in 0.1s[0m

[38;5;141m> [0mLine 211 has an AWS reference in the "Where This Fits in the Bigger Picture" subsection (within The Technology section): "More on that in the AWS implementation." This is a dangling forward reference to the AWS section that now lives in the companion. Let me check the full sentence:[0m[0m
Reading file: [38;5;141m/tmp/ralph-worktrees/iter-1473/chapter04.01-appointment-reminder-channel-optimization.md[0m, from line [38;5;141m209[0m to [38;5;141m213[0m[38;5;244m (using tool: read)[0m
[38;5;10m ✓ [0mSuccessfully read [38;5;244m1164 bytes[0m from /tmp/ralph-worktrees/iter-1473/chapter04.01-appointment-reminder-channel-optimization.md
[38;5;244m - Completed in 0.0s[0m

[38;5;141m> [0mThis is a dangling reference. "More on that in the AWS implementation" pointed to a section that is now in the architecture companion. Let me fix it:[0m[0m
I'll modify the following file: [38;5;141mchapter04.01-appointment-reminder-channel-optimization.md[0m[38;5;244m (using tool: write)[0m

[49m[38;5;9m- 211     [0m:[38;5;9m[49m One more framing note: channel optimization sits near the boundary between "operational tooling" and "clinical care." The reminder itself is operational (nobody's treatment decision is being altered by a channel choice), but the information inside a reminder is clinical PHI ("You have a cardiology follow-up on Friday" reveals both a diagnosis area and a care plan). That means the whole pipeline, SMS provider, email provider, everything, needs to be under a BAA. More on that in the AWS implementation.
[0m[49m[38;5;10m+      211[0m:[38;5;10m[49m One more framing note: channel optimization sits near the boundary between "operational tooling" and "clinical care." The reminder itself is operational (nobody's treatment decision is being altered by a channel choice), but the information inside a reminder is clinical PHI ("You have a cardiology follow-up on Friday" reveals both a diagnosis area and a care plan). That means the whole pipeline, SMS provider, email provider, everything, needs to be under a BAA. More on that in the [architecture companion](chapter04.01-architecture).
[0m[K
Updating: [38;5;141mchapter04.01-appointment-reminder-channel-optimization.md[0m
[38;5;244m - Completed in 0.0s[0m

[38;5;141m> [0mNow update the version comment to note this fix:[0m[0m
I'll modify the following file: [38;5;141mchapter04.01-appointment-reminder-channel-optimization.md[0m[38;5;244m (using tool: write)[0m

[49m[39m  6,  6[0m:[39m[49m - Removed dangling AWS reference in The Honest Take ("Kinesis records" →
[0m[49m[38;5;9m- 7    [0m:[38;5;9m[49m   "Stream records") so the main recipe stays vendor-agnostic.
[0m[49m[38;5;10m+     7[0m:[38;5;10m[49m   "Stream records") so the main recipe stays vendor-agnostic.
[0m[49m[38;5;10m+     8[0m:[38;5;10m[49m - Fixed dangling forward reference in "Where This Fits in the Bigger
[0m[49m[38;5;10m+     9[0m:[38;5;10m[49m   Picture" ("More on that in the AWS implementation" → linked to the
[0m[49m[38;5;10m+    10[0m:[38;5;10m[49m   architecture companion).
[0m[K
Updating: [38;5;141mchapter04.01-appointment-reminder-channel-optimization.md[0m
[38;5;244m - Completed in 0.0s[0m

[38;5;141m> [0mNow let me also check the header comment mentions of AWS services in lines 27 and 30. These are from the v1 editor pass describing what existed before the split. They're historical notes in the comment block. The new v2 comment already clarifies the split. The v1 comment's claims about "AWS Implementation" section headings are now historically inaccurate because the section moved, but they document what the v1 pass reviewed. I'll leave the v1 comment as-is since it's historical documentation of that pass.[0m[0m
[0m[0m
Let me do a final comprehensive check:[0m[0m
[0m[0m
Searching for: [38;5;141m^```[^`][0m in [38;5;141m/tmp/ralph-worktrees/iter-1473/chapter04.01-appointment-reminder-channel-optimization.md[0m[38;5;244m (using tool: grep)[0mSearching for: [38;5;141m^```[^`][0m in [38;5;141m/tmp/ralph-worktrees/iter-1473/chapter04.01-architecture.md[0m[38;5;244m (using tool: grep)[0m
[38;5;10m ✓ [0mSuccessfully found [38;5;244m1 matches[0m in [38;5;244m1 files[0m under /tmp/ralph-worktrees/iter-1473/chapter04.01-appointment-reminder-channel-optimization.md
[38;5;244m - Completed in 0.0s[0m


[38;5;10m ✓ [0mSuccessfully found [38;5;244m8 matches[0m in [38;5;244m1 files[0m under /tmp/ralph-worktrees/iter-1473/chapter04.01-architecture.md (result is truncated)
[38;5;244m - Completed in 0.0s[0m

[38;5;141m> [0mAll opening code blocks have language tags. Let me verify the full list in the architecture companion:[0m[0m
Searching for: [38;5;141m^```[a-z][0m in [38;5;141m/tmp/ralph-worktrees/iter-1473/chapter04.01-architecture.md[0m[38;5;244m (using tool: grep)[0m
[38;5;10m ✓ [0mSuccessfully found [38;5;244m8 matches[0m in [38;5;244m1 files[0m under /tmp/ralph-worktrees/iter-1473/chapter04.01-architecture.md
[38;5;244m - Completed in 0.0s[0m

[38;5;141m> [0mAll 8 opening code blocks have language tags: 1 mermaid, 5 pseudocode, 2 json. The 8 bare [38;5;10m[0m[38;5;10m lines are all closing tags. Everything checks out.

Here's the summary of what was done:

---

**TechEditor pass v2 (ch04-r01-archsplit) complete.** Changes made to both files:

**Main recipe ([0mchapter04.01-appointment-reminder-channel-optimization.md[38;5;10m):**
1. Fixed dangling AWS reference in The Honest Take: "Kinesis records" → "Stream records" (vendor-agnostic)
2. Fixed dangling forward reference in "Where This Fits in the Bigger Picture": "More on that in the AWS implementation" → linked to the architecture companion
3. Updated header-comment RECIPE-GUIDE compliance note to document that AWS sections now live in the architecture companion
4. Updated header-comment vendor-balance note to reference the companion
5. Added [0mtext[38;5;10m language tag to the ASCII architecture diagram code block

**Architecture companion ([0mchapter04.01-architecture.md[38;5;10m):**
1. Added [0mpseudocode[38;5;10m language tags to all five walkthrough code blocks (previously bare [0m[38;5;10m[0m)[0m[0m
2. Added version-comment block documenting the editorial pass[0m[0m
[0m[0m
[38;5;252m[0m[?25l[?25l[0m[0m[?25l[0m[?25l[0m[0m[?25l[0m[?25l[0m[0m[?25l[0m[?25l[?25l[0m[0m[?25l[0m[?25l[?25l[0m[0m[?25l[0m[?25l[0m[0m[?25l[0m[?25l[0m[0m[?25l[0m[?25l[0m[0m[?25l[0m[?25l[0m[0m[?25l[0m[?25l[0m[0m[?25l[0m[?25l[0m[0m[?25l[0m[?25l[0m[0m[?25l[0m[?25l[0m[0m[?25l[0m[?25l[0m[0m[?25l[0m[?25l[0m[0m[?25l[0m[?25l[0m[0m[?25l[0m[?25l[0m[0m[?25l[0m[?25l[0m[0m[?25l[0m[?25l[0m[0m[?25l[0m[?25l[0m[0m[?25l[0m[?25l[0m[0m[?25l[0m[?25l[0m[0m[?25l[0m[?25l[0m[0m[?25l[0m[?25l[0m[0m[?25l[0m[?25l[0m[0m[?25l[0m[?25l[?25l[?25l[0m[0m[?25l[0m[?25l[0m[0m[?25l[0m[?25l[0m[0m[?25l[0m[?25l[0m[0m[?25l[0m[?25l[0m[0m[?25l[0m[?25l[0m[0m[?25l[0m[?25l[0m[0m[?25l[0m[?25l[0m[0m[?25l[0m[?25l[0m[0m[?25l[0m[?25l[0m[0m[?25l[0m[?25l[0m[0m[?25l[0m[?25l[0m[0m[?25l[0m[?25l[?25l[0m[0m[?25l[0m[?25l[0m[0m[?25l[0m[0m[0m
[38;5;8m
 ▸ Credits: 25.83 • Time: 3m 50s

[0m[1G[0m[0m[?25hBoth files now read as coherent standalone documents. The main recipe is fully vendor-agnostic through the architecture callout, and the architecture companion opens cleanly with a backlink to the main recipe. All existing TODO markers preserved verbatim.[38;5;11mWARNING: [0mDuplicate agent with name [38;5;10mmeshclaw-lite[0m was found in the global directory.
[0m[38;5;9mError: [0mJson supplied at /home/lawsnic/.kiro/agents/AmazonBuilderCoreAIAgents-amzn-builder.json is invalid: unknown field `permissions`, expected one of `$schema`, `name`, `description`, `prompt`, `mcpServers`, `tools`, `toolAliases`, `allowedTools`, `resources`, `hooks`, `toolsSettings`, `includeMcpJson`, `useLegacyMcpJson`, `model`, `keyboardShortcut`, `welcomeMessage` at line 3 column 16
[32mAll tools are now trusted ([0m[31m![0m[32m). Kiro will execute tools without asking for confirmation.[0m
Agents can sometimes do unexpected things so understand the risks.

Learn more at [38;5;141mhttps://kiro.dev/docs/cli/chat/security/#using-tools-trust-all-safely[0m



Batch fs_read operation with [38;5;141m2[0m operations[38;5;244m (using tool: read)[0m

↱ Operation 1: Reading file: [38;5;141m/tmp/ralph-worktrees/iter-1473/chapter04.01-appointment-reminder-channel-optimization.md[0m, all lines
↱ Operation 2: Reading file: [38;5;141m/tmp/ralph-worktrees/iter-1473/chapter04.01-architecture.md[0m, all lines
[38;5;10m ✓ [0mSuccessfully read [38;5;244m30196 bytes[0m from /tmp/ralph-worktrees/iter-1473/chapter04.01-appointment-reminder-channel-optimization.md

[38;5;10m ✓ [0mSuccessfully read [38;5;244m38922 bytes[0m from /tmp/ralph-worktrees/iter-1473/chapter04.01-architecture.md

 ⋮ 

[38;5;244m- [0mSummary: 2 operations processed, 2 successful, 0 failed
[38;5;244m - Completed in 0.0s[0m

[38;5;141m> [0mNow let me check for em dashes (U+2014) in both files:[0m[0m
Batch fs_read operation with [38;5;141m2[0m operations[38;5;244m (using tool: read)[0m

↱ Operation 1: Searching: [38;5;141m/tmp/ralph-worktrees/iter-1473/chapter04.01-appointment-reminder-channel-optimization.md[0m for pattern: [38;5;141m—[0m
↱ Operation 2: Searching: [38;5;141m/tmp/ralph-worktrees/iter-1473/chapter04.01-architecture.md[0m for pattern: [38;5;141m—[0m
[38;5;10m ✓ [0mFound 0 matches for pattern '—' in /tmp/ralph-worktrees/iter-1473/chapter04.01-appointment-reminder-channel-optimization.md

[38;5;10m ✓ [0mFound 0 matches for pattern '—' in /tmp/ralph-worktrees/iter-1473/chapter04.01-architecture.md

 ⋮ 

[38;5;244m- [0mSummary: 2 operations processed, 2 successful, 0 failed
[38;5;244m - Completed in 0.0s[0m

[38;5;141m> [0mNo em dashes found. Now let me verify the key structural requirements:[0m[0m
[0m[0m
1. [1mMain recipe[22m has sections: The Problem ✓, The Technology ✓, General Architecture Pattern ✓, The Honest Take ✓[0m[0m
2. [1mArchitecture callout[22m is present and well-placed (blockquote after General Architecture Pattern, before The Honest Take) ✓[0m[0m
3. [1mNo dangling AWS references in main recipe's General Architecture or Honest Take[22m - The General Architecture section is vendor-agnostic (no AWS service names). The Honest Take references "Stream records" (generic) rather than "Kinesis records" ✓[0m[0m
4. [1mArchitecture companion opens with backlink[22m to the main recipe ✓ ("Companion to [Recipe 4.1: Appointment Reminder Channel Optimization](chapter04.01-appointment-reminder-channel-optimization)")[0m[0m
5. [1mPseudocode intact[22m in companion (5 blocks with [38;5;10mpseudocode[0m language tags) ✓[0m[0m
6. [1mNo em dashes[22m in either file ✓[0m[0m
[0m[0m
[38;5;252m[0m[?25l[?25l[0m[0m[?25l[0m[?25l[0m[0m[?25l[0m[0m[0m
[38;5;8m
 ▸ Credits: 2.07 • Time: 18s

[0m[1G[0m[0m[?25h{"verdict": "pass", "rationale": "Main recipe reads as a coherent standalone document with The Problem, The Technology, General Architecture Pattern (vendor-agnostic), and The Honest Take containing no dangling AWS references. The architecture callout blockquote is well-placed between General Architecture and The Honest Take, linking to the companion. The architecture companion opens with a clear backlink to the main recipe and contains all five pseudocode blocks intact. No em dashes (U+2014) found in either file."}