# parallel_worker header: concurrency_limit=4 batch_id=batch-1781755182237-000034-38aacc5b3a139579 iteration=1578 task_id=ch12-r03-archsplit persona=TechEditor
[38;5;11mWARNING: [0mDuplicate agent with name [38;5;10mmeshclaw-lite[0m was found in the global directory.
[0m[38;5;9mError: [0mJson supplied at /home/lawsnic/.kiro/agents/AmazonBuilderCoreAIAgents-amzn-builder.json is invalid: unknown field `permissions`, expected one of `$schema`, `name`, `description`, `prompt`, `mcpServers`, `tools`, `toolAliases`, `allowedTools`, `resources`, `hooks`, `toolsSettings`, `includeMcpJson`, `useLegacyMcpJson`, `model`, `keyboardShortcut`, `welcomeMessage` at line 3 column 16
[32mAll tools are now trusted ([0m[31m![0m[32m). Kiro will execute tools without asking for confirmation.[0m
Agents can sometimes do unexpected things so understand the risks.

Learn more at [38;5;141mhttps://kiro.dev/docs/cli/chat/security/#using-tools-trust-all-safely[0m



Batch fs_read operation with [38;5;141m2[0m operations[38;5;244m (using tool: read)[0m

↱ Operation 1: Reading file: [38;5;141m/tmp/ralph-worktrees/iter-1578/chapter12.03-ed-arrival-forecasting.md[0m, all lines
↱ Operation 2: Reading file: [38;5;141m/tmp/ralph-worktrees/iter-1578/chapter12.03-architecture.md[0m, all lines
[38;5;10m ✓ [0mSuccessfully read [38;5;244m24200 bytes[0m from /tmp/ralph-worktrees/iter-1578/chapter12.03-ed-arrival-forecasting.md

[38;5;10m ✓ [0mSuccessfully read [38;5;244m38988 bytes[0m from /tmp/ralph-worktrees/iter-1578/chapter12.03-architecture.md

 ⋮ 

[38;5;244m- [0mSummary: 2 operations processed, 2 successful, 0 failed
[38;5;244m - Completed in 0.0s[0m

[38;5;141m> [0mNow let me check the STYLE-GUIDE and RECIPE-GUIDE for reference:[0m[0m
Batch fs_read operation with [38;5;141m2[0m operations[38;5;244m (using tool: read)[0m

↱ Operation 1: Reading file: [38;5;141m/tmp/ralph-worktrees/iter-1578/STYLE-GUIDE.md[0m, from line [38;5;141m1[0m to [38;5;141m80[0m
↱ Operation 2: Reading file: [38;5;141m/tmp/ralph-worktrees/iter-1578/RECIPE-GUIDE.md[0m, from line [38;5;141m1[0m to [38;5;141m80[0m
[38;5;10m ✓ [0mSuccessfully read [38;5;244m3731 bytes[0m from /tmp/ralph-worktrees/iter-1578/STYLE-GUIDE.md

[38;5;10m ✓ [0mSuccessfully read [38;5;244m4546 bytes[0m from /tmp/ralph-worktrees/iter-1578/RECIPE-GUIDE.md

 ⋮ 

[38;5;244m- [0mSummary: 2 operations processed, 2 successful, 0 failed
[38;5;244m - Completed in 0.0s[0m

[38;5;141m> [0mNow I have a clear picture. Let me check for em dashes and en dashes, and review the transition seams between the two files.[0m[0m
[0m[0m
Key observations from my reading:[0m[0m
[0m[0m
1. [1mMain recipe[22m ([38;5;10mchapter12.03-ed-arrival-forecasting.md[0m):[0m[0m
   - Contains em dashes ([38;5;10m—[0m) in the title area: [38;5;10m$200–$700[0m uses en dashes for ranges (acceptable? Let me check the style guide more carefully)[0m[0m
   - The architecture callout is well-placed at the end of the General Architecture Pattern section[0m[0m
   - The Honest Take section doesn't seem to dangle references to AWS content[0m[0m
   - Has em dashes scattered throughout (e.g., "The frustrating part, the part that...")[0m[0m
   - Wait, looking more carefully: [38;5;10m$200–$700[0m uses an en dash for ranges[0m[0m
[0m[0m
2. [1mArchitecture companion[22m ([38;5;10mchapter12.03-architecture.md[0m):[0m[0m
   - Opens with a proper backlink header[0m[0m
   - Has the correct section structure per RECIPE-GUIDE[0m[0m
[0m[0m
Let me search specifically for em dashes and en dashes:[0m[0m
Batch fs_read operation with [38;5;141m4[0m operations[38;5;244m (using tool: read)[0m

↱ Operation 1: Searching: [38;5;141m/tmp/ralph-worktrees/iter-1578/chapter12.03-ed-arrival-forecasting.md[0m for pattern: [38;5;141m—[0m
↱ Operation 2: Searching: [38;5;141m/tmp/ralph-worktrees/iter-1578/chapter12.03-ed-arrival-forecasting.md[0m for pattern: [38;5;141m–[0m
↱ Operation 3: Searching: [38;5;141m/tmp/ralph-worktrees/iter-1578/chapter12.03-architecture.md[0m for pattern: [38;5;141m—[0m
↱ Operation 4: Searching: [38;5;141m/tmp/ralph-worktrees/iter-1578/chapter12.03-architecture.md[0m for pattern: [38;5;141m–[0m
[38;5;10m ✓ [0mFound 0 matches for pattern '—' in /tmp/ralph-worktrees/iter-1578/chapter12.03-ed-arrival-forecasting.md

[38;5;10m ✓ [0mFound 2 matches for pattern '–' in /tmp/ralph-worktrees/iter-1578/chapter12.03-ed-arrival-forecasting.md

[38;5;10m ✓ [0mFound 0 matches for pattern '—' in /tmp/ralph-worktrees/iter-1578/chapter12.03-architecture.md

[38;5;10m ✓ [0mFound 10 matches for pattern '–' in /tmp/ralph-worktrees/iter-1578/chapter12.03-architecture.md

 ⋮ 

[38;5;244m- [0mSummary: 4 operations processed, 4 successful, 0 failed
[38;5;244m - Completed in 0.1s[0m

[38;5;141m> [0mGood. I found en dashes ([38;5;10m–[0m) in both files. They're used for numeric ranges (e.g., [38;5;10m$200–$700[0m, [38;5;10m10–20%[0m, [38;5;10m2–3 weeks[0m). Per the style guide, en dashes must be replaced with hyphens.[0m[0m
[0m[0m
Now let me also check for bare code fences in both files:[0m[0m
Batch fs_read operation with [38;5;141m2[0m operations[38;5;244m (using tool: read)[0m

↱ Operation 1: Searching: [38;5;141m/tmp/ralph-worktrees/iter-1578/chapter12.03-ed-arrival-forecasting.md[0m for pattern: [38;5;141m^```$[0m
↱ Operation 2: Searching: [38;5;141m/tmp/ralph-worktrees/iter-1578/chapter12.03-architecture.md[0m for pattern: [38;5;141m^```$[0m
[38;5;10m ✓ [0mFound 0 matches for pattern '^```$' in /tmp/ralph-worktrees/iter-1578/chapter12.03-ed-arrival-forecasting.md

[38;5;10m ✓ [0mFound 0 matches for pattern '^```$' in /tmp/ralph-worktrees/iter-1578/chapter12.03-architecture.md

 ⋮ 

[38;5;244m- [0mSummary: 2 operations processed, 2 successful, 0 failed
[38;5;244m - Completed in 0.0s[0m

[38;5;141m> [0mGood, no bare code fences. All fenced blocks have language tags.[0m[0m
[0m[0m
Now let me check the main recipe's tags section for any AWS-specific tags that shouldn't be there (since the main recipe is supposed to be vendor-agnostic):[0m[0m
Searching: [38;5;141m/tmp/ralph-worktrees/iter-1578/chapter12.03-ed-arrival-forecasting.md[0m for pattern: [38;5;141msagemaker|kinesis|dynamodb|step-functions|lambda[0m[38;5;244m (using tool: read)[0m
[38;5;10m ✓ [0mFound 0 matches for pattern 'sagemaker|kinesis|dynamodb|step-functions|lambda' in /tmp/ralph-worktrees/iter-1578/chapter12.03-ed-arrival-forecasting.md
[38;5;244m - Completed in 0.0s[0m

[38;5;141m> [0mWait, the tags section has AWS service names. Let me re-read:[0m[0m
Reading file: [38;5;141m/tmp/ralph-worktrees/iter-1578/chapter12.03-ed-arrival-forecasting.md[0m, from line [38;5;141m97[0m to [38;5;141m102[0m[38;5;244m (using tool: read)[0m
[38;5;10m ✓ [0mSuccessfully read [38;5;244m1241 bytes[0m from /tmp/ralph-worktrees/iter-1578/chapter12.03-ed-arrival-forecasting.md
[38;5;244m - Completed in 0.0s[0m

Reading file: [38;5;141m/tmp/ralph-worktrees/iter-1578/chapter12.03-ed-arrival-forecasting.md[0m, from line [38;5;141m125[0m to [38;5;141m132[0m[38;5;244m (using tool: read)[0m
[38;5;10m ✓ [0mSuccessfully read [38;5;244m1114 bytes[0m from /tmp/ralph-worktrees/iter-1578/chapter12.03-ed-arrival-forecasting.md
[38;5;244m - Completed in 0.0s[0m

Reading file: [38;5;141m/tmp/ralph-worktrees/iter-1578/chapter12.03-ed-arrival-forecasting.md[0m, from line [38;5;141m139[0m to end of file[38;5;244m (using tool: read)[0m
[38;5;10m ✓ [0mSuccessfully read [38;5;244m511 bytes[0m from /tmp/ralph-worktrees/iter-1578/chapter12.03-ed-arrival-forecasting.md
[38;5;244m - Completed in 0.0s[0m

[38;5;141m> [0mThe Tags section has AWS service names ([38;5;10msagemaker[0m, [38;5;10mkinesis[0m, [38;5;10mdynamodb[0m, [38;5;10mstep-functions[0m). Per the RECIPE-GUIDE, the main recipe is "entirely vendor-agnostic except for the closing sections." Tags are a closing section and serve as searchable labels, so having AWS tags there is acceptable for discoverability. The task says "Do not rewrite content, do not move sections, do not add new claims" so I'll leave them.[0m[0m
[0m[0m
Now let me check the architecture companion's header section (the "backlink header" per RECIPE-GUIDE) and the section called "Code" which should be "Pseudocode Walkthrough" per the guide:[0m[0m
[0m[0m
Looking at the architecture companion, I see it has a section called [38;5;10m### Code[0m but per the RECIPE-GUIDE it should follow the pattern of "Code (Pseudocode Walkthrough)." But the task says "Do not move sections" and the content is correct. Let me check how the RECIPE-GUIDE specifies this more carefully:[0m[0m
[0m[0m
The RECIPE-GUIDE says: [1mCode (Pseudocode Walkthrough).[22m - but looking at the architecture file, it just has [38;5;10m### Code[0m as a sub-heading within the AWS Implementation section. This is a minor structural issue but the task says only to fix transition seams, not restructure.[0m[0m
[0m[0m
Now let me focus on the actual task: fix transition seams. Let me analyze:[0m[0m
[0m[0m
1. [1mMain recipe's General Architecture Pattern[22m - Does it dangle references to AWS content? Looking at the section, the [38;5;10mtext[0m code block shows generic components. The section ends with the architecture callout. I see "SageMaker" mentioned in the TODO comments but not in the main text of the General Architecture Pattern. Good.[0m[0m
[0m[0m
2. [1mThe Honest Take[22m - Does it reference AWS content? Looking through it... I see "SageMaker" not mentioned, "DeepAR" is mentioned but that's a model/algorithm name (appears in The Technology section too). "Chapter 14" reference is fine. No dangling AWS references.[0m[0m
[0m[0m
3. [1mArchitecture callout placement[22m - It's well-placed right after the General Architecture Pattern section's concluding paragraph.[0m[0m
[0m[0m
4. [1mArchitecture companion opens cleanly[22m - Yes, the backlink header is correct.[0m[0m
[0m[0m
The main issues to fix:[0m[0m
1. [1mEn dashes[22m in both files need to be replaced with hyphens[0m[0m
2. The Tags section in the main recipe includes AWS-specific tags, but this is OK per the task scope (tags are discoverable labels)[0m[0m
[0m[0m
Let me now apply the en dash fixes to the main recipe:[0m[0m
I'll modify the following file: [38;5;141mchapter12.03-ed-arrival-forecasting.md[0m[38;5;244m (using tool: write)[0m

[49m[38;5;9m- 3   [0m:[38;5;9m[49m **Complexity:** Simple-Medium · **Phase:** MVP+ · **Estimated Cost:** ~$200–$700 per month per ED
[0m[49m[38;5;10m+    3[0m:[38;5;10m[49m **Complexity:** Simple-Medium · **Phase:** MVP+ · **Estimated Cost:** ~$200-$700 per month per ED
[0m[K
Updating: [38;5;141mchapter12.03-ed-arrival-forecasting.md[0m
[38;5;244m - Completed in 0.1s[0m

I'll modify the following file: [38;5;141mchapter12.03-ed-arrival-forecasting.md[0m[38;5;244m (using tool: write)[0m

[49m[38;5;9m- 81    [0m:[38;5;9m[49m The reassuring news: a basic Poisson regression with hour-of-day, day-of-week, holiday, and weather features routinely achieves 10–20% MAPE on hourly volume forecasts at a 4-hour horizon, and 15–30% at a 24-hour horizon.
[0m[49m[38;5;10m+     81[0m:[38;5;10m[49m The reassuring news: a basic Poisson regression with hour-of-day, day-of-week, holiday, and weather features routinely achieves 10-20% MAPE on hourly volume forecasts at a 4-hour horizon, and 15-30% at a 24-hour horizon.
[0m[K
Updating: [38;5;141mchapter12.03-ed-arrival-forecasting.md[0m
[38;5;244m - Completed in 0.1s[0m

[38;5;141m> [0mNow fix the en dashes in the architecture companion:[0m[0m
I'll modify the following file: [38;5;141mchapter12.03-architecture.md[0m[38;5;244m (using tool: write)[0m

[49m[38;5;9m- 73    [0m:[38;5;9m[49m | **Cost Estimate** | SageMaker hourly inference (small endpoint): ~$50/month. Weekly retraining: ~$5/month. Kinesis ingest (low volume): ~$30/month. S3, DynamoDB, Step Functions, Lambda, Glue: under $50/month combined. Total: $200–$700/month per ED, depending on retraining frequency and inference volume. |
[0m[49m[38;5;10m+     73[0m:[38;5;10m[49m | **Cost Estimate** | SageMaker hourly inference (small endpoint): ~$50/month. Weekly retraining: ~$5/month. Kinesis ingest (low volume): ~$30/month. S3, DynamoDB, Step Functions, Lambda, Glue: under $50/month combined. Total: $200-$700/month per ED, depending on retraining frequency and inference volume. |
[0m[K
Updating: [38;5;141mchapter12.03-architecture.md[0m
[38;5;244m - Completed in 0.1s[0m

I'll modify the following file: [38;5;141mchapter12.03-architecture.md[0m[38;5;244m (using tool: write)[0m

[49m[38;5;9m- 350     [0m:[38;5;9m[49m | End-to-end inference cycle | 1–3 minutes hourly |
[0m[49m[38;5;9m- 351     [0m:[38;5;9m[49m | Volume forecast accuracy (4-hour MAPE) | 10–18% |
[0m[49m[38;5;9m- 352     [0m:[38;5;9m[49m | Volume forecast accuracy (24-hour MAPE) | 15–28% |
[0m[49m[38;5;9m- 353     [0m:[38;5;9m[49m | Volume forecast accuracy (7-day MAPE) | 20–35% |
[0m[49m[38;5;9m- 354     [0m:[38;5;9m[49m | Acuity mix classification (macro F1) | 0.55–0.70 |
[0m[49m[38;5;9m- 355     [0m:[38;5;9m[49m | Cost per ED per month | $200–$700 |
[0m[49m[38;5;10m+      350[0m:[38;5;10m[49m | End-to-end inference cycle | 1-3 minutes hourly |
[0m[49m[38;5;10m+      351[0m:[38;5;10m[49m | Volume forecast accuracy (4-hour MAPE) | 10-18% |
[0m[49m[38;5;10m+      352[0m:[38;5;10m[49m | Volume forecast accuracy (24-hour MAPE) | 15-28% |
[0m[49m[38;5;10m+      353[0m:[38;5;10m[49m | Volume forecast accuracy (7-day MAPE) | 20-35% |
[0m[49m[38;5;10m+      354[0m:[38;5;10m[49m | Acuity mix classification (macro F1) | 0.55-0.70 |
[0m[49m[38;5;10m+      355[0m:[38;5;10m[49m | Cost per ED per month | $200-$700 |
[0m[K
Updating: [38;5;141mchapter12.03-architecture.md[0m
[38;5;244m - Completed in 0.0s[0m

I'll modify the following file: [38;5;141mchapter12.03-architecture.md[0m[38;5;244m (using tool: write)[0m

[49m[38;5;9m- 431     [0m:[38;5;9m[49m - **Basic pipeline (one ED, hourly volume forecast, calendar features only):** 2–3 weeks
[0m[49m[38;5;9m- 432     [0m:[38;5;9m[49m - **Production-ready (acuity mix, weather and surveillance feeds, monitoring, drift detection):** 8–12 weeks
[0m[49m[38;5;9m- 433     [0m:[38;5;9m[49m - **With variations (sub-hourly, real-time updating, multi-ED hierarchical):** 16–24 weeks
[0m[49m[38;5;10m+      431[0m:[38;5;10m[49m - **Basic pipeline (one ED, hourly volume forecast, calendar features only):** 2-3 weeks
[0m[49m[38;5;10m+      432[0m:[38;5;10m[49m - **Production-ready (acuity mix, weather and surveillance feeds, monitoring, drift detection):** 8-12 weeks
[0m[49m[38;5;10m+      433[0m:[38;5;10m[49m - **With variations (sub-hourly, real-time updating, multi-ED hierarchical):** 16-24 weeks
[0m[K
Updating: [38;5;141mchapter12.03-architecture.md[0m
[38;5;244m - Completed in 0.1s[0m

[38;5;141m> [0mNow let me do a final verification pass on both files to confirm no remaining en dashes or em dashes:[0m[0m
Batch fs_read operation with [38;5;141m4[0m operations[38;5;244m (using tool: read)[0m

↱ Operation 1: Searching: [38;5;141m/tmp/ralph-worktrees/iter-1578/chapter12.03-ed-arrival-forecasting.md[0m for pattern: [38;5;141m–[0m
↱ Operation 2: Searching: [38;5;141m/tmp/ralph-worktrees/iter-1578/chapter12.03-ed-arrival-forecasting.md[0m for pattern: [38;5;141m—[0m
↱ Operation 3: Searching: [38;5;141m/tmp/ralph-worktrees/iter-1578/chapter12.03-architecture.md[0m for pattern: [38;5;141m–[0m
↱ Operation 4: Searching: [38;5;141m/tmp/ralph-worktrees/iter-1578/chapter12.03-architecture.md[0m for pattern: [38;5;141m—[0m
[38;5;10m ✓ [0mFound 0 matches for pattern '–' in /tmp/ralph-worktrees/iter-1578/chapter12.03-ed-arrival-forecasting.md

[38;5;10m ✓ [0mFound 0 matches for pattern '—' in /tmp/ralph-worktrees/iter-1578/chapter12.03-ed-arrival-forecasting.md

[38;5;10m ✓ [0mFound 0 matches for pattern '–' in /tmp/ralph-worktrees/iter-1578/chapter12.03-architecture.md

[38;5;10m ✓ [0mFound 0 matches for pattern '—' in /tmp/ralph-worktrees/iter-1578/chapter12.03-architecture.md

 ⋮ 

[38;5;244m- [0mSummary: 4 operations processed, 4 successful, 0 failed
[38;5;244m - Completed in 0.1s[0m

[38;5;141m> [0mClean. Now let me check that the transition seams are coherent. Let me re-read the critical junction points:[0m[0m
[0m[0m
1. The end of the General Architecture Pattern in the main recipe (where it hands off to the companion)[0m[0m
2. The beginning of the architecture companion (backlink)[0m[0m
[0m[0m
Let me re-read the relevant sections to verify no dangling AWS references in the main recipe's General Architecture section:[0m[0m
Reading file: [38;5;141m/tmp/ralph-worktrees/iter-1578/chapter12.03-ed-arrival-forecasting.md[0m, from line [38;5;141m83[0m to [38;5;141m115[0m[38;5;244m (using tool: read)[0m
[38;5;10m ✓ [0mSuccessfully read [38;5;244m4786 bytes[0m from /tmp/ralph-worktrees/iter-1578/chapter12.03-ed-arrival-forecasting.md
[38;5;244m - Completed in 0.0s[0m

[38;5;141m> [0mI notice that the TODO for A2 mentions "CloudWatch metrics" which is AWS-specific. However, these are TODO markers left by other personas, and the task says "Preserve all TODO markers from other personas." So I leave them as-is.[0m[0m
[0m[0m
The General Architecture Pattern mentions "DeepAR" (line 103) and "Prophet" which are algorithm/library names, not AWS service names. DeepAR is technically an Amazon algorithm, but it's referenced here as a modeling method alongside Prophet and Poisson regression. This is acceptable in the Technology context.[0m[0m
[0m[0m
Now let me verify there are no dangling references in The Honest Take to AWS content that moved to the companion:[0m[0m
Reading file: [38;5;141m/tmp/ralph-worktrees/iter-1578/chapter12.03-ed-arrival-forecasting.md[0m, from line [38;5;141m118[0m to [38;5;141m132[0m[38;5;244m (using tool: read)[0m
[38;5;10m ✓ [0mSuccessfully read [38;5;244m2605 bytes[0m from /tmp/ralph-worktrees/iter-1578/chapter12.03-ed-arrival-forecasting.md
[38;5;244m - Completed in 0.0s[0m

[38;5;141m> [0mThe Honest Take is clean. It mentions DeepAR and Prophet as algorithms (not AWS services), and doesn't reference any AWS implementation details. No dangling references to content that moved to the architecture companion.[0m[0m
[0m[0m
Let me also verify the architecture companion's opening is clean and self-contained:[0m[0m
Reading file: [38;5;141m/tmp/ralph-worktrees/iter-1578/chapter12.03-architecture.md[0m, from line [38;5;141m1[0m to [38;5;141m12[0m[38;5;244m (using tool: read)[0m
[38;5;10m ✓ [0mSuccessfully read [38;5;244m735 bytes[0m from /tmp/ralph-worktrees/iter-1578/chapter12.03-architecture.md
[38;5;244m - Completed in 0.0s[0m

[38;5;141m> [0mThe architecture companion opens cleanly with a proper backlink to the main recipe, a clear description of what this file covers, and a smooth transition into the AWS implementation section.[0m[0m
[0m[0m
Now let me check one more thing: the architecture companion's section structure matches what the RECIPE-GUIDE specifies. Let me scan the headers:[0m[0m
Searching: [38;5;141m/tmp/ralph-worktrees/iter-1578/chapter12.03-architecture.md[0m for pattern: [38;5;141m^#{1,3} [0m[38;5;244m (using tool: read)[0m
[38;5;10m ✓ [0mFound 0 matches for pattern '^#{1,3} ' in /tmp/ralph-worktrees/iter-1578/chapter12.03-architecture.md
[38;5;244m - Completed in 0.0s[0m

Searching for: [38;5;141m^#{1,3} [0m in [38;5;141m/tmp/ralph-worktrees/iter-1578/chapter12.03-architecture.md[0m[38;5;244m (using tool: grep)[0m
[38;5;10m ✓ [0mSuccessfully found [38;5;244m12 matches[0m in [38;5;244m1 files[0m under /tmp/ralph-worktrees/iter-1578/chapter12.03-architecture.md (result is truncated)
[38;5;244m - Completed in 0.0s[0m

Searching for: [38;5;141m^#{1,3} [0m in [38;5;141m/tmp/ralph-worktrees/iter-1578/chapter12.03-architecture.md[0m[38;5;244m (using tool: grep)[0m
[38;5;10m ✓ [0mSuccessfully found [38;5;244m12 matches[0m in [38;5;244m1 files[0m under /tmp/ralph-worktrees/iter-1578/chapter12.03-architecture.md
[38;5;244m - Completed in 0.11s[0m

[38;5;141m> [0mThe structure is correct per RECIPE-GUIDE. The section titled "### Code" contains the pseudocode walkthrough with the Python callout, which is the right content even if the heading is slightly abbreviated from the guide's "Code (Pseudocode Walkthrough)." But since the task says "do not move sections" and this is about fixing transition seams, not renaming sections, I'll leave it.[0m[0m
[0m[0m
Let me check the main recipe headers similarly:[0m[0m
Searching for: [38;5;141m^#{1,3} [0m in [38;5;141m/tmp/ralph-worktrees/iter-1578/chapter12.03-ed-arrival-forecasting.md[0m[38;5;244m (using tool: grep)[0m
[38;5;10m ✓ [0mSuccessfully found [38;5;244m11 matches[0m in [38;5;244m1 files[0m under /tmp/ralph-worktrees/iter-1578/chapter12.03-ed-arrival-forecasting.md
[38;5;244m - Completed in 0.0s[0m

[38;5;141m> [0mCorrect main recipe structure: The Problem, The Technology (with subsections), General Architecture Pattern (with the callout at its end), The Honest Take, Related Recipes, Tags.[0m[0m
[0m[0m
Both files are now clean. Let me do one final check to make sure the code blocks all have language tags:[0m[0m
Searching for: [38;5;141m^```[0m in [38;5;141m/tmp/ralph-worktrees/iter-1578/chapter12.03-ed-arrival-forecasting.md[0m[38;5;244m (using tool: grep)[0m
[38;5;10m ✓ [0mSuccessfully found [38;5;244m2 matches[0m in [38;5;244m1 files[0m under /tmp/ralph-worktrees/iter-1578/chapter12.03-ed-arrival-forecasting.md
[38;5;244m - Completed in 0.0s[0m

Searching for: [38;5;141m^```[0m in [38;5;141m/tmp/ralph-worktrees/iter-1578/chapter12.03-architecture.md[0m[38;5;244m (using tool: grep)[0m
[38;5;10m ✓ [0mSuccessfully found [38;5;244m14 matches[0m in [38;5;244m1 files[0m under /tmp/ralph-worktrees/iter-1578/chapter12.03-architecture.md
[38;5;244m - Completed in 0.0s[0m

[38;5;141m> [0mAll opening code fences have language tags ([38;5;10mtext[0m, [38;5;10mmermaid[0m, [38;5;10mjson[0m). The closing [38;5;10m [0m[38;5;10m[0m [38;5;10m lines are fine without tags.

The files are clean. Both transition seams work properly:
1. The main recipe's General Architecture Pattern ends with conceptual content, followed by the architecture callout that properly directs readers to the companion
2. The architecture companion opens cleanly with a backlink and immediately moves into AWS implementation
3. The Honest Take has no dangling AWS references
4. All en dashes are replaced with hyphens
5. No em dashes present
6. All code blocks have language tags
7. All TODO markers from other personas are preserved

The edits are complete. Summary of changes:
- Replaced 2 en dashes with hyphens in [0mchapter12.03-ed-arrival-forecasting.md[38;5;10m (numeric ranges in the complexity header and in the MAPE paragraph)
[38;5;252m[0m[?25l[?25l[0m[0m[?25l[0m[?25l[0m[0m[?25l[0m[?25l[0m[0m[?25l[0m[?25l[0m[0m[?25l[0m[?25l[0m[0m[?25l[0m[?25l[0m[0m[?25l[0m[?25l[0m[0m[?25l[0m[?25l[0m[0m[?25l[0m[?25l[0m[0m[?25l[0m[?25l[0m[0m[?25l[0m[?25l[0m[0m[?25l[0m[?25l[0m[0m[?25l[0m[?25l[0m[0m[?25l[0m[?25l[0m[0m[?25l[0m[?25l[0m[0m[?25l[0m[?25l[0m[0m[?25l[0m[?25l[0m[0m[?25l[0m[?25l[0m[0m[?25l[0m[?25l[0m[0m[?25l[0m[?25l[0m[0m[?25l[0m[?25l[0m[0m[?25l[0m[?25l[0m[0m[?25l[0m[?25l[0m[0m[?25l[0m[0m[0m
[38;5;8m
 ▸ Credits: 15.24 • Time: 2m 10s

[0m[1G[0m[0m[?25h- Replaced 9 en dashes with hyphens in [0mchapter12.03-architecture.md[38;5;11mWARNING: [0mDuplicate agent with name [38;5;10mmeshclaw-lite[0m was found in the global directory.
[0m[38;5;9mError: [0mJson supplied at /home/lawsnic/.kiro/agents/AmazonBuilderCoreAIAgents-amzn-builder.json is invalid: unknown field `permissions`, expected one of `$schema`, `name`, `description`, `prompt`, `mcpServers`, `tools`, `toolAliases`, `allowedTools`, `resources`, `hooks`, `toolsSettings`, `includeMcpJson`, `useLegacyMcpJson`, `model`, `keyboardShortcut`, `welcomeMessage` at line 3 column 16
[32mAll tools are now trusted ([0m[31m![0m[32m). Kiro will execute tools without asking for confirmation.[0m
Agents can sometimes do unexpected things so understand the risks.

Learn more at [38;5;141mhttps://kiro.dev/docs/cli/chat/security/#using-tools-trust-all-safely[0m



Batch fs_read operation with [38;5;141m2[0m operations[38;5;244m (using tool: read)[0m

↱ Operation 1: Reading file: [38;5;141m/tmp/ralph-worktrees/iter-1578/chapter12.03-ed-arrival-forecasting.md[0m, all lines
↱ Operation 2: Reading file: [38;5;141m/tmp/ralph-worktrees/iter-1578/chapter12.03-architecture.md[0m, all lines
[38;5;10m ✓ [0mSuccessfully read [38;5;244m24194 bytes[0m from /tmp/ralph-worktrees/iter-1578/chapter12.03-ed-arrival-forecasting.md

[38;5;10m ✓ [0mSuccessfully read [38;5;244m38968 bytes[0m from /tmp/ralph-worktrees/iter-1578/chapter12.03-architecture.md

 ⋮ 

[38;5;244m- [0mSummary: 2 operations processed, 2 successful, 0 failed
[38;5;244m - Completed in 0.0s[0m

[38;5;141m> [0mNow I need to check for the pass conditions:[0m[0m
[0m[0m
1. [1mMain recipe reads as coherent standalone[22m - checking for The Problem, The Technology, General Architecture, The Honest Take sections, and a working callout to the architecture companion.[0m[0m
2. [1mNo dangling references to AWS content that moved to the companion[22m in the main recipe.[0m[0m
3. [1mArchitecture companion reads standalone with a backlink[22m to the main recipe and intact pseudocode.[0m[0m
4. [1mNo em dashes[22m in either file.[0m[0m
[0m[0m
Let me check for em dashes specifically:[0m[0m
Batch fs_read operation with [38;5;141m2[0m operations[38;5;244m (using tool: read)[0m

↱ Operation 1: Searching: [38;5;141m/tmp/ralph-worktrees/iter-1578/chapter12.03-ed-arrival-forecasting.md[0m for pattern: [38;5;141m—[0m
↱ Operation 2: Searching: [38;5;141m/tmp/ralph-worktrees/iter-1578/chapter12.03-architecture.md[0m for pattern: [38;5;141m—[0m
[38;5;10m ✓ [0mFound 0 matches for pattern '—' in /tmp/ralph-worktrees/iter-1578/chapter12.03-ed-arrival-forecasting.md

[38;5;10m ✓ [0mFound 0 matches for pattern '—' in /tmp/ralph-worktrees/iter-1578/chapter12.03-architecture.md

 ⋮ 

[38;5;244m- [0mSummary: 2 operations processed, 2 successful, 0 failed
[38;5;244m - Completed in 0.1s[0m

[38;5;141m> [0mNo em dashes. Now let me verify the key structural elements:[0m[0m
[0m[0m
1. [1mMain recipe sections[22m: Has "The Problem", "The Technology: How ED Arrival Forecasting Actually Works", "The General Architecture Pattern" (subsection), "The Honest Take" - all present.[0m[0m
[0m[0m
2. [1mArchitecture callout in main recipe[22m: Present as a blockquote:[0m[0m
[38;5;244m│ **The AWS build lives in a companion page.** ... see the [Architecture and Implementation companion](chapter12.03-architecture).[0m[0m
[0m[0m
3. [1mNo dangling AWS references in main recipe[22m: The main recipe's "General Architecture Pattern" section describes the conceptual pipeline (stream, features, model, forecast, deliver) without referencing specific AWS services. The "Honest Take" discusses modeling and operational concepts without AWS references. No dangling references.[0m[0m
[0m[0m
4. [1mArchitecture companion backlink[22m: Opens with "*Companion to [Recipe 12.3: ED Arrival Forecasting](chapter12.03-ed-arrival-forecasting). This page covers the AWS architecture, services, prerequisites, and pseudocode. For the problem framing and the conceptual approach, start with the main recipe.*" - present and correct.[0m[0m
[0m[0m
5. [1mPseudocode intact in companion[22m: Steps 1-5 all have full pseudocode blocks present.[0m[0m
[0m[0m
[38;5;252m[0m[?25l[?25l[0m[0m[?25l[0m[?25l[0m[0m[?25l[0m[0m[0m
[38;5;8m
 ▸ Credits: 2.10 • Time: 25s

[0m[1G[0m[0m[?25h{"verdict": "pass", "rationale": "Main recipe contains all required sections (The Problem, The Technology, General Architecture Pattern, The Honest Take) and reads as a coherent standalone document. The architecture callout is well-placed as a blockquote between General Architecture and The Honest Take. No dangling AWS references remain in the main recipe. The architecture companion opens with a clear backlink to the main recipe and contains intact pseudocode across all five steps. No em dashes found in either file."}