# parallel_worker header: concurrency_limit=4 batch_id=batch-1781755543902-000035-65070a727ed32ff8 iteration=1580 task_id=ch12-r05-archsplit persona=TechEditor
[38;5;11mWARNING: [0mDuplicate agent with name [38;5;10mmeshclaw-lite[0m was found in the global directory.
[0m[38;5;9mError: [0mJson supplied at /home/lawsnic/.kiro/agents/AmazonBuilderCoreAIAgents-amzn-builder.json is invalid: unknown field `permissions`, expected one of `$schema`, `name`, `description`, `prompt`, `mcpServers`, `tools`, `toolAliases`, `allowedTools`, `resources`, `hooks`, `toolsSettings`, `includeMcpJson`, `useLegacyMcpJson`, `model`, `keyboardShortcut`, `welcomeMessage` at line 3 column 16
[32mAll tools are now trusted ([0m[31m![0m[32m). Kiro will execute tools without asking for confirmation.[0m
Agents can sometimes do unexpected things so understand the risks.

Learn more at [38;5;141mhttps://kiro.dev/docs/cli/chat/security/#using-tools-trust-all-safely[0m



Batch fs_read operation with [38;5;141m2[0m operations[38;5;244m (using tool: read)[0m

↱ Operation 1: Reading file: [38;5;141m/tmp/ralph-worktrees/iter-1580/chapter12.05-hospital-census-forecasting.md[0m, all lines
↱ Operation 2: Reading file: [38;5;141m/tmp/ralph-worktrees/iter-1580/chapter12.05-architecture.md[0m, all lines
[38;5;10m ✓ [0mSuccessfully read [38;5;244m29893 bytes[0m from /tmp/ralph-worktrees/iter-1580/chapter12.05-hospital-census-forecasting.md

[38;5;10m ✓ [0mSuccessfully read [38;5;244m59291 bytes[0m from /tmp/ralph-worktrees/iter-1580/chapter12.05-architecture.md

 ⋮ 

[38;5;244m- [0mSummary: 2 operations processed, 2 successful, 0 failed
[38;5;244m - Completed in 0.0s[0m

[38;5;141m> [0mNow let me read the style guide and recipe guide for reference:[0m[0m
Batch fs_read operation with [38;5;141m2[0m operations[38;5;244m (using tool: read)[0m

↱ Operation 1: Reading file: [38;5;141m/tmp/ralph-worktrees/iter-1580/STYLE-GUIDE.md[0m, from line [38;5;141m1[0m to [38;5;141m80[0m
↱ Operation 2: Reading file: [38;5;141m/tmp/ralph-worktrees/iter-1580/RECIPE-GUIDE.md[0m, from line [38;5;141m1[0m to [38;5;141m80[0m
[38;5;10m ✓ [0mSuccessfully read [38;5;244m3731 bytes[0m from /tmp/ralph-worktrees/iter-1580/STYLE-GUIDE.md

[38;5;10m ✓ [0mSuccessfully read [38;5;244m4546 bytes[0m from /tmp/ralph-worktrees/iter-1580/RECIPE-GUIDE.md

 ⋮ 

[38;5;244m- [0mSummary: 2 operations processed, 2 successful, 0 failed
[38;5;244m - Completed in 0.0s[0m

[38;5;141m> [0mNow I have a clear picture. Let me check both files for em dashes and en dashes, and assess the transition seams:[0m[0m
Batch fs_read operation with [38;5;141m4[0m operations[38;5;244m (using tool: read)[0m

↱ Operation 1: Searching: [38;5;141m/tmp/ralph-worktrees/iter-1580/chapter12.05-hospital-census-forecasting.md[0m for pattern: [38;5;141m—[0m
↱ Operation 2: Searching: [38;5;141m/tmp/ralph-worktrees/iter-1580/chapter12.05-hospital-census-forecasting.md[0m for pattern: [38;5;141m–[0m
↱ Operation 3: Searching: [38;5;141m/tmp/ralph-worktrees/iter-1580/chapter12.05-architecture.md[0m for pattern: [38;5;141m—[0m
↱ Operation 4: Searching: [38;5;141m/tmp/ralph-worktrees/iter-1580/chapter12.05-architecture.md[0m for pattern: [38;5;141m–[0m
[38;5;10m ✓ [0mFound 0 matches for pattern '—' in /tmp/ralph-worktrees/iter-1580/chapter12.05-hospital-census-forecasting.md

[38;5;10m ✓ [0mFound 1 matches for pattern '–' in /tmp/ralph-worktrees/iter-1580/chapter12.05-hospital-census-forecasting.md

[38;5;10m ✓ [0mFound 0 matches for pattern '—' in /tmp/ralph-worktrees/iter-1580/chapter12.05-architecture.md

[38;5;10m ✓ [0mFound 15 matches for pattern '–' in /tmp/ralph-worktrees/iter-1580/chapter12.05-architecture.md

 ⋮ 

[38;5;244m- [0mSummary: 4 operations processed, 4 successful, 0 failed
[38;5;244m - Completed in 0.1s[0m

[38;5;141m> [0mGood. Now I have a clear picture of both files. Key findings:[0m[0m
[0m[0m
1. [1mMain recipe (chapter12.05-hospital-census-forecasting.md):[22m Has one en dash on line 3 ([38;5;10m$400–$1,800[0m). No em dashes. The architecture callout is properly placed. The General Architecture Pattern section and The Honest Take section don't reference AWS services directly. The file is clean.[0m[0m
[0m[0m
2. [1mArchitecture companion (chapter12.05-architecture.md):[22m Has many en dashes in numeric ranges (cost estimates, time estimates, accuracy ranges). These are numeric ranges where en dashes are standard typographic usage for "to" in ranges. The TODO comments also contain en dashes in numeric ranges like [38;5;10m30s–300s[0m. The architecture companion opens with a proper backlink header.[0m[0m
[0m[0m
Now let me check the transition seams more carefully. The main recipe's General Architecture section ends with the callout, and The Honest Take doesn't reference AWS services. Let me verify the architecture companion's opening:[0m[0m
[0m[0m
The architecture companion opens with:[0m[0m
[38;5;10m# Recipe 12.5 Architecture and Implementation: Hospital Census Forecasting

*Companion to [Recipe 12.5: Hospital Census Forecasting](chapter12.05-hospital-census-forecasting). This page covers the AWS architecture, services, prerequisites, and pseudocode. For the problem framing and the conceptual approach, start with the main recipe.*
[0m[0m[0m
[0m[0m
This is clean. Now let me fix the en dashes. Per the style guide, en dashes should be replaced with hyphens. However, en dashes in numeric ranges (like [38;5;10m$400–$1,800[0m or [38;5;10m8–12 weeks[0m) are standard numeric-range notation. The instruction says to replace en dashes with hyphens, so I'll do that consistently.[0m[0m
[0m[0m
Let me also check for bare code fences:[0m[0m
Batch fs_read operation with [38;5;141m2[0m operations[38;5;244m (using tool: read)[0m

↱ Operation 1: Searching: [38;5;141m/tmp/ralph-worktrees/iter-1580/chapter12.05-hospital-census-forecasting.md[0m for pattern: [38;5;141m^```$[0m
↱ Operation 2: Searching: [38;5;141m/tmp/ralph-worktrees/iter-1580/chapter12.05-architecture.md[0m for pattern: [38;5;141m^```$[0m
[38;5;10m ✓ [0mFound 0 matches for pattern '^```$' in /tmp/ralph-worktrees/iter-1580/chapter12.05-hospital-census-forecasting.md

[38;5;10m ✓ [0mFound 0 matches for pattern '^```$' in /tmp/ralph-worktrees/iter-1580/chapter12.05-architecture.md

 ⋮ 

[38;5;244m- [0mSummary: 2 operations processed, 2 successful, 0 failed
[38;5;244m - Completed in 0.0s[0m

[38;5;141m> [0mGood, no bare code fences. All code blocks have language tags. Now let me fix the en dash in the main recipe (line 3):[0m[0m
I'll modify the following file: [38;5;141mchapter12.05-hospital-census-forecasting.md[0m[38;5;244m (using tool: write)[0m

[49m[38;5;9m- 3   [0m:[38;5;9m[49m **Complexity:** Medium · **Phase:** Production · **Estimated Cost:** ~$400–$1,800 per month per hospital workload
[0m[49m[38;5;10m+    3[0m:[38;5;10m[49m **Complexity:** Medium · **Phase:** Production · **Estimated Cost:** ~$400-$1,800 per month per hospital workload
[0m[K
Updating: [38;5;141mchapter12.05-hospital-census-forecasting.md[0m
[38;5;244m - Completed in 0.0s[0m

[38;5;141m> [0mNow fix the en dashes in the architecture companion. Let me handle them systematically. The en dashes occur in numeric ranges in the TODO comments, the cost estimate row, the performance benchmarks table, and the estimated implementation time section. Let me do them in sequence:[0m[0m
I'll modify the following file: [38;5;141mchapter12.05-architecture.md[0m[38;5;244m (using tool: write)[0m

[49m[38;5;9m- 29    [0m:[38;5;9m[49m Specify per-stage retry policy (3 retries, exponential backoff 30s–300s on TaskFailed / Lambda.ServiceException / SageMaker.InternalErrorException / HealthLake.ThrottlingException)
[0m[49m[38;5;10m+     29[0m:[38;5;10m[49m Specify per-stage retry policy (3 retries, exponential backoff 30s-300s on TaskFailed / Lambda.ServiceException / SageMaker.InternalErrorException / HealthLake.ThrottlingException)
[0m[K
Updating: [38;5;141mchapter12.05-architecture.md[0m
[38;5;244m - Completed in 0.0s[0m

I'll modify the following file: [38;5;141mchapter12.05-architecture.md[0m[38;5;244m (using tool: write)[0m

[49m[38;5;9m- 89    [0m:[38;5;9m[49m | **Cost Estimate** | HealthLake: ~$200–$600/month depending on data volume. SageMaker inference (three endpoints, small instances): ~$150/month. Weekly + monthly retraining: ~$30/month. Glue ETL (hourly): ~$50/month. Lambda Monte Carlo composition: ~$30/month. DynamoDB, S3, Step Functions, EventBridge: ~$40/month combined. Bedrock narrative summaries (optional): ~$20–$100/month depending on call rate. Total: ~$400–$1,800/month per hospital, scaling with bed count and refresh cadence. |
[0m[49m[38;5;10m+     89[0m:[38;5;10m[49m | **Cost Estimate** | HealthLake: ~$200-$600/month depending on data volume. SageMaker inference (three endpoints, small instances): ~$150/month. Weekly + monthly retraining: ~$30/month. Glue ETL (hourly): ~$50/month. Lambda Monte Carlo composition: ~$30/month. DynamoDB, S3, Step Functions, EventBridge: ~$40/month combined. Bedrock narrative summaries (optional): ~$20-$100/month depending on call rate. Total: ~$400-$1,800/month per hospital, scaling with bed count and refresh cadence. |
[0m[K
Updating: [38;5;141mchapter12.05-architecture.md[0m
[38;5;244m - Completed in 0.0s[0m

I'll modify the following file: [38;5;141mchapter12.05-architecture.md[0m[38;5;244m (using tool: write)[0m

[49m[38;5;9m- 93    [0m:[38;5;9m[49m and budget approximately $50–$150/month for the per-AZ-per-endpoint cost. See expert review Finding A9 and N3. -->
[0m[49m[38;5;10m+     93[0m:[38;5;10m[49m and budget approximately $50-$150/month for the per-AZ-per-endpoint cost. See expert review Finding A9 and N3. -->
[0m[K
Updating: [38;5;141mchapter12.05-architecture.md[0m
[38;5;244m - Completed in 0.0s[0m

I'll modify the following file: [38;5;141mchapter12.05-architecture.md[0m[38;5;244m (using tool: write)[0m

[49m[38;5;9m- 94    [0m:[38;5;9m[49m clarify scaling for larger health-system deployments (1000+-bed academic medical centers can reach $2,000–$4,500/month with HealthLake storage and SageMaker inference as the dominant drivers). See expert review Finding V2. -->
[0m[49m[38;5;10m+     94[0m:[38;5;10m[49m clarify scaling for larger health-system deployments (1000+-bed academic medical centers can reach $2,000-$4,500/month with HealthLake storage and SageMaker inference as the dominant drivers). See expert review Finding V2. -->
[0m[K
Updating: [38;5;141mchapter12.05-architecture.md[0m
[38;5;244m - Completed in 0.0s[0m

[38;5;141m> [0mNow fix the performance benchmarks table en dashes:[0m[0m
I'll modify the following file: [38;5;141mchapter12.05-architecture.md[0m[38;5;244m (using tool: write)[0m

[49m[38;5;9m- 436     [0m:[38;5;9m[49m | Pipeline runtime per cycle (30 units, 1000 Monte Carlo samples, 72-hour horizon) | 60–180 seconds |
[0m[49m[38;5;9m- 437     [0m:[38;5;9m[49m | Forecast accuracy (4-hour horizon, MAPE on aggregate hospital census) | 1.5–3% |
[0m[49m[38;5;9m- 438     [0m:[38;5;9m[49m | Forecast accuracy (24-hour horizon, MAPE on aggregate hospital census) | 3–6% |
[0m[49m[38;5;9m- 439     [0m:[38;5;9m[49m | Forecast accuracy (24-hour horizon, MAPE on per-unit census) | 8–15% |
[0m[49m[38;5;9m- 440     [0m:[38;5;9m[49m | Forecast accuracy (72-hour horizon, MAPE on aggregate hospital census) | 5–10% |
[0m[49m[38;5;9m- 441     [0m:[38;5;9m[49m | Prediction-interval coverage at 4-hour horizon (target: 80% nominal) | 75–85% empirical |
[0m[49m[38;5;9m- 442     [0m:[38;5;9m[49m | Prediction-interval coverage at 24-hour horizon (target: 80% nominal) | 70–80% empirical |
[0m[49m[38;5;9m- 443     [0m:[38;5;9m[49m | Cost per hospital workload per month | $400–$1,800 |
[0m[49m[38;5;10m+      436[0m:[38;5;10m[49m | Pipeline runtime per cycle (30 units, 1000 Monte Carlo samples, 72-hour horizon) | 60-180 seconds |
[0m[49m[38;5;10m+      437[0m:[38;5;10m[49m | Forecast accuracy (4-hour horizon, MAPE on aggregate hospital census) | 1.5-3% |
[0m[49m[38;5;10m+      438[0m:[38;5;10m[49m | Forecast accuracy (24-hour horizon, MAPE on aggregate hospital census) | 3-6% |
[0m[49m[38;5;10m+      439[0m:[38;5;10m[49m | Forecast accuracy (24-hour horizon, MAPE on per-unit census) | 8-15% |
[0m[49m[38;5;10m+      440[0m:[38;5;10m[49m | Forecast accuracy (72-hour horizon, MAPE on aggregate hospital census) | 5-10% |
[0m[49m[38;5;10m+      441[0m:[38;5;10m[49m | Prediction-interval coverage at 4-hour horizon (target: 80% nominal) | 75-85% empirical |
[0m[49m[38;5;10m+      442[0m:[38;5;10m[49m | Prediction-interval coverage at 24-hour horizon (target: 80% nominal) | 70-80% empirical |
[0m[49m[38;5;10m+      443[0m:[38;5;10m[49m | Cost per hospital workload per month | $400-$1,800 |
[0m[K
Updating: [38;5;141mchapter12.05-architecture.md[0m
[38;5;244m - Completed in 0.0s[0m

[38;5;141m> [0mNow fix the Estimated Implementation Time section:[0m[0m
I'll modify the following file: [38;5;141mchapter12.05-architecture.md[0m[38;5;244m (using tool: write)[0m

[49m[38;5;9m- 546     [0m:[38;5;9m[49m - **Basic pipeline (single hospital, aggregate census forecast, 24-hour horizon, daily refresh):** 8–12 weeks
[0m[49m[38;5;9m- 547     [0m:[38;5;9m[49m - **Production-ready (per-unit forecasts, 4-to-72-hour horizons, 30-minute refresh, calibration loop, narrative summaries, operational integration):** 20–32 weeks
[0m[49m[38;5;9m- 548     [0m:[38;5;9m[49m - **With variations (multi-hospital shared models, OR throughput coupling, surge automation, real-time discharge prioritization):** 36–52 weeks
[0m[49m[38;5;10m+      546[0m:[38;5;10m[49m - **Basic pipeline (single hospital, aggregate census forecast, 24-hour horizon, daily refresh):** 8-12 weeks
[0m[49m[38;5;10m+      547[0m:[38;5;10m[49m - **Production-ready (per-unit forecasts, 4-to-72-hour horizons, 30-minute refresh, calibration loop, narrative summaries, operational integration):** 20-32 weeks
[0m[49m[38;5;10m+      548[0m:[38;5;10m[49m - **With variations (multi-hospital shared models, OR throughput coupling, surge automation, real-time discharge prioritization):** 36-52 weeks
[0m[K
Updating: [38;5;141mchapter12.05-architecture.md[0m
[38;5;244m - Completed in 0.0s[0m

[38;5;141m> [0mNow let me verify no more en dashes remain:[0m[0m
Batch fs_read operation with [38;5;141m2[0m operations[38;5;244m (using tool: read)[0m

↱ Operation 1: Searching: [38;5;141m/tmp/ralph-worktrees/iter-1580/chapter12.05-architecture.md[0m for pattern: [38;5;141m–[0m
↱ Operation 2: Searching: [38;5;141m/tmp/ralph-worktrees/iter-1580/chapter12.05-hospital-census-forecasting.md[0m for pattern: [38;5;141m–[0m
[38;5;10m ✓ [0mFound 0 matches for pattern '–' in /tmp/ralph-worktrees/iter-1580/chapter12.05-architecture.md

[38;5;10m ✓ [0mFound 0 matches for pattern '–' in /tmp/ralph-worktrees/iter-1580/chapter12.05-hospital-census-forecasting.md

 ⋮ 

[38;5;244m- [0mSummary: 2 operations processed, 2 successful, 0 failed
[38;5;244m - Completed in 0.0s[0m

[38;5;141m> [0mClean. Now let me verify the architecture companion's section heading. Per RECIPE-GUIDE.md, the architecture companion should use a section called "Why These Services" (not "The AWS Implementation" as a parent). Let me check the structure:[0m[0m
Searching: [38;5;141m/tmp/ralph-worktrees/iter-1580/chapter12.05-architecture.md[0m for pattern: [38;5;141m^##[0m[38;5;244m (using tool: read)[0m
[38;5;10m ✓ [0mFound 0 matches for pattern '^##' in /tmp/ralph-worktrees/iter-1580/chapter12.05-architecture.md
[38;5;244m - Completed in 0.0s[0m

Searching: [38;5;141m/tmp/ralph-worktrees/iter-1580/chapter12.05-architecture.md[0m for pattern: [38;5;141m^#[0m[38;5;244m (using tool: read)[0m
[38;5;10m ✓ [0mFound 0 matches for pattern '^#' in /tmp/ralph-worktrees/iter-1580/chapter12.05-architecture.md
[38;5;244m - Completed in 0.0s[0m

Searching for: [38;5;141m^#+\s[0m in [38;5;141m/tmp/ralph-worktrees/iter-1580/chapter12.05-architecture.md[0m[38;5;244m (using tool: grep)[0m
[38;5;10m ✓ [0mSuccessfully found [38;5;244m13 matches[0m in [38;5;244m1 files[0m under /tmp/ralph-worktrees/iter-1580/chapter12.05-architecture.md (result is truncated)
[38;5;244m - Completed in 0.0s[0m

Searching for: [38;5;141m^#+\s[0m in [38;5;141m/tmp/ralph-worktrees/iter-1580/chapter12.05-architecture.md[0m[38;5;244m (using tool: grep)[0m
[38;5;10m ✓ [0mSuccessfully found [38;5;244m13 matches[0m in [38;5;244m1 files[0m under /tmp/ralph-worktrees/iter-1580/chapter12.05-architecture.md
[38;5;244m - Completed in 0.0s[0m

[38;5;141m> [0mThe structure has [38;5;10m## The AWS Implementation[0m with [38;5;10m### Why These Services[0m nested under it. Per the RECIPE-GUIDE, the expected section order for the architecture companion is: backlink header, Why These Services, Architecture Diagram, Prerequisites, Ingredients, Pseudocode Walkthrough, Expected Results, Why This Isn't Production-Ready, Variations, Additional Resources, Estimated Implementation Time.[0m[0m
[0m[0m
The current structure wraps "Why These Services", "Architecture Diagram", "Prerequisites", "Ingredients", and "Code" under a parent [38;5;10m## The AWS Implementation[0m. This is a structural choice that doesn't violate the guide if we consider "The AWS Implementation" as the main section containing those subsections. The guide says "Why These Services" should be present (it is, as H3). The task says "Do not move sections." So I'll leave this structure alone.[0m[0m
[0m[0m
Now let me check if the architecture companion's "Code" section should be titled "Pseudocode Walkthrough" per the recipe guide:[0m[0m
[0m[0m
The guide says: "Code (Pseudocode Walkthrough)." The current file has [38;5;10m### Code[0m with a [38;5;10m#### Walkthrough[0m subsection. This is close enough and the task says not to move sections or rewrite content. I'll leave this alone.[0m[0m
[0m[0m
Now let me check the main recipe for any dangling AWS references in The General Architecture Pattern or The Honest Take. Let me search for AWS service names in those sections:[0m[0m
Searching: [38;5;141m/tmp/ralph-worktrees/iter-1580/chapter12.05-hospital-census-forecasting.md[0m for pattern: [38;5;141maws|sagemaker|lambda|dynamodb|s3|healthlake|step functions|eventbridge|cloudwatch|bedrock|glue|kms[0m[38;5;244m (using tool: read)[0m
[38;5;10m ✓ [0mFound 0 matches for pattern 'AWS|SageMaker|Lambda|DynamoDB|S3|HealthLake|Step Functions|EventBridge|CloudWatch|Bedrock|Glue|KMS' in /tmp/ralph-worktrees/iter-1580/chapter12.05-hospital-census-forecasting.md
[38;5;244m - Completed in 0.0s[0m

Searching for: [38;5;141mAWS|SageMaker|Lambda|DynamoDB|HealthLake|Step Functions|EventBridge|CloudWatch|Bedrock|Glue[0m in [38;5;141m/tmp/ralph-worktrees/iter-1580/chapter12.05-hospital-census-forecasting.md[0m[38;5;244m (using tool: grep)[0m
[38;5;10m ✓ [0mSuccessfully found [38;5;244m3 matches[0m in [38;5;244m1 files[0m under /tmp/ralph-worktrees/iter-1580/chapter12.05-hospital-census-forecasting.md
[38;5;244m - Completed in 0.4s[0m

[38;5;141m> [0mThere are three references:[0m[0m
1. Line 150: "query-on-DynamoDB" in the General Architecture Pattern section. This is an AWS service reference in what should be vendor-agnostic content.[0m[0m
2. Line 156: The architecture callout (this is correct and expected).[0m[0m
3. Line 187: Tags section (AWS service names in tags are fine, they're metadata).[0m[0m
[0m[0m
The reference to "DynamoDB" on line 150 is a dangling AWS reference in the General Architecture Pattern section. Per the task, this is exactly the kind of seam to fix. I'll replace it with a vendor-agnostic equivalent:[0m[0m
I'll modify the following file: [38;5;141mchapter12.05-hospital-census-forecasting.md[0m[38;5;244m (using tool: write)[0m

[49m[38;5;9m- 150     [0m:[38;5;9m[49m **Operational Consumers.** The bed huddle dashboard, the transfer center decision support, the OR scheduler, the ED diversion-decision tool, and the staffing scheduler all consume the same forecast. The integration is structured (REST API or query-on-DynamoDB) and the latency budget is single-digit seconds.
[0m[49m[38;5;10m+      150[0m:[38;5;10m[49m **Operational Consumers.** The bed huddle dashboard, the transfer center decision support, the OR scheduler, the ED diversion-decision tool, and the staffing scheduler all consume the same forecast. The integration is structured (REST API or query against the forecast store) and the latency budget is single-digit seconds.
[0m[K
Updating: [38;5;141mchapter12.05-hospital-census-forecasting.md[0m
[38;5;244m - Completed in 0.0s[0m

[38;5;141m> [0mNow let me also check for AWS-specific references in tags. The tags include [38;5;10mdeepar[0m, [38;5;10mhealthlake[0m, [38;5;10msagemaker[0m, [38;5;10mdynamodb[0m, [38;5;10mstep-functions[0m. These are searchable tags and are acceptable per the recipe guide (tags are metadata, not prose). I'll leave them.[0m[0m
[0m[0m
Let me also check the "DeepAR" reference in the Technology section:[0m[0m
Searching for: [38;5;141mDeepAR|DeepHit|XGBSE[0m in [38;5;141m/tmp/ralph-worktrees/iter-1580/chapter12.05-hospital-census-forecasting.md[0m[38;5;244m (using tool: grep)[0m
[38;5;10m ✓ [0mSuccessfully found [38;5;244m2 matches[0m in [38;5;244m1 files[0m under /tmp/ralph-worktrees/iter-1580/chapter12.05-hospital-census-forecasting.md
[38;5;244m - Completed in 0.13s[0m

[38;5;141m> [0mXGBSE and DeepHit are open-source ML libraries/methods, not AWS services. They're appropriate in the Technology section. Good.[0m[0m
[0m[0m
Now let me do a final verification pass on both files to confirm everything is clean:[0m[0m
Searching for: [38;5;141m\u2014|\u2013[0m in [38;5;141m/tmp/ralph-worktrees/iter-1580/chapter12.05-hospital-census-forecasting.md[0m[38;5;244m (using tool: grep)[0m
[38;5;9m ❗ [0mNo matches found for pattern: [38;5;244m\u2014|\u2013[0m under /tmp/ralph-worktrees/iter-1580/chapter12.05-hospital-census-forecasting.md
[38;5;244m - Completed in 0.43s[0m

Searching for: [38;5;141m\u2014|\u2013[0m in [38;5;141m/tmp/ralph-worktrees/iter-1580/chapter12.05-architecture.md[0m[38;5;244m (using tool: grep)[0m
[38;5;9m ❗ [0mNo matches found for pattern: [38;5;244m\u2014|\u2013[0m under /tmp/ralph-worktrees/iter-1580/chapter12.05-architecture.md
[38;5;244m - Completed in 0.0s[0m

[38;5;141m> [0mBoth files are now free of em dashes and en dashes. Let me do a final check on the main recipe to ensure there are no other AWS service name leaks in the vendor-agnostic sections (Problem, Technology, General Architecture Pattern):[0m[0m
Reading file: [38;5;141m/tmp/ralph-worktrees/iter-1580/chapter12.05-hospital-census-forecasting.md[0m, from line [38;5;141m140[0m to [38;5;141m160[0m[38;5;244m (using tool: read)[0m
[38;5;10m ✓ [0mSuccessfully read [38;5;244m2756 bytes[0m from /tmp/ralph-worktrees/iter-1580/chapter12.05-hospital-census-forecasting.md
[38;5;244m - Completed in 0.0s[0m

[38;5;141m> [0mThe General Architecture Pattern now ends cleanly with the callout. The Honest Take section opens cleanly without any dangling references to AWS content. Let me also verify The Honest Take doesn't mention any AWS services:[0m[0m
Reading file: [38;5;141m/tmp/ralph-worktrees/iter-1580/chapter12.05-hospital-census-forecasting.md[0m, from line [38;5;141m160[0m to [38;5;141m189[0m[38;5;244m (using tool: read)[0m
[38;5;10m ✓ [0mSuccessfully read [38;5;244m5921 bytes[0m from /tmp/ralph-worktrees/iter-1580/chapter12.05-hospital-census-forecasting.md
[38;5;244m - Completed in 0.0s[0m

[38;5;141m> [0mThe Honest Take section is completely vendor-agnostic. No AWS service names. The section reads coherently as a standalone narrative closer.[0m[0m
[0m[0m
Now let me verify the architecture companion's opening section reads cleanly as a standalone entry point:[0m[0m
Reading file: [38;5;141m/tmp/ralph-worktrees/iter-1580/chapter12.05-architecture.md[0m, from line [38;5;141m1[0m to [38;5;141m15[0m[38;5;244m (using tool: read)[0m
[38;5;10m ✓ [0mSuccessfully read [38;5;244m2266 bytes[0m from /tmp/ralph-worktrees/iter-1580/chapter12.05-architecture.md
[38;5;244m - Completed in 0.0s[0m

[38;5;141m> [0mThe architecture companion opens cleanly. The backlink header is present and well-formed. The introductory paragraph provides context about how this relates to other recipes in the chapter. It works as a standalone entry point for someone navigating directly to the architecture page.[0m[0m
[0m[0m
Let me do one final check: verify the architecture companion's "Code" section has the Python callout in the right place:[0m[0m
Searching for: [38;5;141mCurious how this looks in Python[0m in [38;5;141m/tmp/ralph-worktrees/iter-1580/chapter12.05-architecture.md[0m[38;5;244m (using tool: grep)[0m
[38;5;10m ✓ [0mSuccessfully found [38;5;244m1 matches[0m in [38;5;244m1 files[0m under /tmp/ralph-worktrees/iter-1580/chapter12.05-architecture.md
[38;5;244m - Completed in 0.2s[0m

[38;5;141m> [0mGood. The Python callout is in place after the walkthrough, as expected.[0m[0m
[0m[0m
Let me also verify no bare code blocks exist by checking the opening code fence patterns:[0m[0m
Searching for: [38;5;141m^```[0m in [38;5;141m/tmp/ralph-worktrees/iter-1580/chapter12.05-hospital-census-forecasting.md[0m[38;5;244m (using tool: grep)[0m
[38;5;10m ✓ [0mSuccessfully found [38;5;244m4 matches[0m in [38;5;244m1 files[0m under /tmp/ralph-worktrees/iter-1580/chapter12.05-hospital-census-forecasting.md
[38;5;244m - Completed in 0.0s[0m

Searching for: [38;5;141m^```[0m in [38;5;141m/tmp/ralph-worktrees/iter-1580/chapter12.05-architecture.md[0m[38;5;244m (using tool: grep)[0m
[38;5;10m ✓ [0mSuccessfully found [38;5;244m14 matches[0m in [38;5;244m1 files[0m under /tmp/ralph-worktrees/iter-1580/chapter12.05-architecture.md (result is truncated)
[38;5;244m - Completed in 0.0s[0m

Searching for: [38;5;141m^```[0m in [38;5;141m/tmp/ralph-worktrees/iter-1580/chapter12.05-architecture.md[0m[38;5;244m (using tool: grep)[0m
[38;5;10m ✓ [0mSuccessfully found [38;5;244m14 matches[0m in [38;5;244m1 files[0m under /tmp/ralph-worktrees/iter-1580/chapter12.05-architecture.md
[38;5;244m - Completed in 0.0s[0m

[38;5;141m> [0mAll code fence openings have language tags ([38;5;10mtext[0m, [38;5;10mmermaid[0m, [38;5;10mjson[0m). The closing [38;5;10m [0m[38;5;10m[0m [38;5;10m lines are just closers. Everything is properly tagged.

Both files are now clean. Let me summarize what was done:

**Changes made to [0mchapter12.05-hospital-census-forecasting.md[38;5;10m:**
1. Replaced en dash with hyphen in the cost range on line 3 ([0m$400–$1,800[38;5;10m → [0m$400-$1,800[38;5;10m).
2. Removed the dangling AWS reference "query-on-DynamoDB" from the General Architecture Pattern section, replacing with vendor-agnostic "query against the forecast store."

[38;5;252m[0m[?25l[?25l[0m[0m[?25l[0m[?25l[0m[0m[?25l[0m[?25l[0m[0m[?25l[0m[?25l[0m[0m[?25l[0m[?25l[0m[0m[?25l[0m[?25l[0m[0m[?25l[0m[?25l[0m[0m[?25l[0m[?25l[0m[0m[?25l[0m[?25l[0m[0m[?25l[0m[?25l[0m[0m[?25l[0m[?25l[0m[0m[?25l[0m[?25l[0m[0m[?25l[0m[?25l[0m[0m[?25l[0m[?25l[0m[0m[?25l[0m[?25l[0m[0m[?25l[0m[?25l[0m[0m[?25l[0m[?25l[0m[0m[?25l[0m[?25l[0m[0m[?25l[0m[?25l[0m[0m[?25l[0m[?25l[0m[0m[?25l[0m[?25l[0m[0m[?25l[0m[?25l[0m[0m[?25l[0m[?25l[0m[0m[?25l[0m[?25l[0m[0m[?25l[0m[?25l[0m[0m[?25l[0m[?25l[0m[0m[?25l[0m[?25l[0m[0m[?25l[0m[?25l[0m[0m[?25l[0m[?25l[0m[0m[?25l[0m[0m[0m
[38;5;8m
 ▸ Credits: 19.74 • Time: 2m 38s

[0m[1G[0m[0m[?25h**Changes made to [0mchapter12.05-architecture.md[38;5;11mWARNING: [0mDuplicate agent with name [38;5;10mmeshclaw-lite[0m was found in the global directory.
[0m[38;5;9mError: [0mJson supplied at /home/lawsnic/.kiro/agents/AmazonBuilderCoreAIAgents-amzn-builder.json is invalid: unknown field `permissions`, expected one of `$schema`, `name`, `description`, `prompt`, `mcpServers`, `tools`, `toolAliases`, `allowedTools`, `resources`, `hooks`, `toolsSettings`, `includeMcpJson`, `useLegacyMcpJson`, `model`, `keyboardShortcut`, `welcomeMessage` at line 3 column 16
[32mAll tools are now trusted ([0m[31m![0m[32m). Kiro will execute tools without asking for confirmation.[0m
Agents can sometimes do unexpected things so understand the risks.

Learn more at [38;5;141mhttps://kiro.dev/docs/cli/chat/security/#using-tools-trust-all-safely[0m



Batch fs_read operation with [38;5;141m2[0m operations[38;5;244m (using tool: read)[0m

↱ Operation 1: Reading file: [38;5;141m/tmp/ralph-worktrees/iter-1580/chapter12.05-hospital-census-forecasting.md[0m, all lines
↱ Operation 2: Reading file: [38;5;141m/tmp/ralph-worktrees/iter-1580/chapter12.05-architecture.md[0m, all lines
[38;5;10m ✓ [0mSuccessfully read [38;5;244m29906 bytes[0m from /tmp/ralph-worktrees/iter-1580/chapter12.05-hospital-census-forecasting.md

[38;5;10m ✓ [0mSuccessfully read [38;5;244m59257 bytes[0m from /tmp/ralph-worktrees/iter-1580/chapter12.05-architecture.md

 ⋮ 

[38;5;244m- [0mSummary: 2 operations processed, 2 successful, 0 failed
[38;5;244m - Completed in 0.0s[0m

[38;5;141m> [0mNow I'll check for em dashes in both files:[0m[0m
Searching for: [38;5;141m—[0m in [38;5;141m/tmp/ralph-worktrees/iter-1580[0m ([38;5;141mchapter12.05*[0m)[38;5;244m (using tool: grep)[0m
[38;5;10m ✓ [0mSuccessfully found [38;5;244m11 matches[0m in [38;5;244m1 files[0m under /tmp/ralph-worktrees/iter-1580 (result is truncated)
[38;5;244m - Completed in 0.273s[0m

[38;5;141m> [0mNo em dashes in the main recipe or architecture companion files. Now let me verify the structure of the main recipe more carefully - checking for the callout and any dangling AWS references:[0m[0m
Searching for: [38;5;141mSageMaker|HealthLake|Lambda|DynamoDB|Step Functions|EventBridge|CloudWatch|Bedrock|KMS|Glue|S3 Bucket|AWS[0m in [38;5;141m/tmp/ralph-worktrees/iter-1580[0m ([38;5;141mchapter12.05-hospital-census-forecasting.md[0m)[38;5;244m (using tool: grep)[0m
[38;5;10m ✓ [0mSuccessfully found [38;5;244m2 matches[0m in [38;5;244m1 files[0m under /tmp/ralph-worktrees/iter-1580
[38;5;244m - Completed in 0.62s[0m

[38;5;141m> [0mNow let me check the architecture companion's backlink:[0m[0m
Searching for: [38;5;141mchapter12.05-hospital-census-forecasting[0m in [38;5;141m/tmp/ralph-worktrees/iter-1580[0m ([38;5;141mchapter12.05-architecture.md[0m)[38;5;244m (using tool: grep)[0m
[38;5;10m ✓ [0mSuccessfully found [38;5;244m2 matches[0m in [38;5;244m1 files[0m under /tmp/ralph-worktrees/iter-1580
[38;5;244m - Completed in 0.54s[0m

[38;5;141m> [0mLet me verify the main recipe's sections flow properly - checking The Honest Take for any dangling AWS references:[0m[0m
Searching for: [38;5;141mcompanion|architecture file|see the|refer to[0m in [38;5;141m/tmp/ralph-worktrees/iter-1580[0m ([38;5;141mchapter12.05-hospital-census-forecasting.md[0m)[38;5;244m (using tool: grep)[0m
[38;5;10m ✓ [0mSuccessfully found [38;5;244m1 matches[0m in [38;5;244m1 files[0m under /tmp/ralph-worktrees/iter-1580
[38;5;244m - Completed in 0.48s[0m

[38;5;141m> [0mNow let me verify the structure of the main recipe to confirm all expected sections are present and coherent:[0m[0m
Searching for: [38;5;141m^## [0m in [38;5;141m/tmp/ralph-worktrees/iter-1580[0m ([38;5;141mchapter12.05-hospital-census-forecasting.md[0m)[38;5;244m (using tool: grep)[0m
[38;5;10m ✓ [0mSuccessfully found [38;5;244m5 matches[0m in [38;5;244m1 files[0m under /tmp/ralph-worktrees/iter-1580
[38;5;244m - Completed in 0.53s[0m

[38;5;141m> [0mLet me verify the architecture companion's sections:[0m[0m
Searching for: [38;5;141m^## |^### [0m in [38;5;141m/tmp/ralph-worktrees/iter-1580[0m ([38;5;141mchapter12.05-architecture.md[0m)[38;5;244m (using tool: grep)[0m
[38;5;10m ✓ [0mSuccessfully found [38;5;244m11 matches[0m in [38;5;244m1 files[0m under /tmp/ralph-worktrees/iter-1580 (result is truncated)
[38;5;244m - Completed in 0.54s[0m

[38;5;141m> [0mBased on my thorough review:[0m[0m
[0m[0m
1. [1mMain recipe structure[22m: Contains The Problem, The Technology (with General Architecture Pattern subsection), a well-placed callout to the architecture companion (line 156), and The Honest Take. All read coherently as standalone.[0m[0m
[0m[0m
2. [1mNo dangling AWS references[22m: The main recipe's General Architecture Pattern section is vendor-agnostic (describes conceptual layers, uses generic terms like "ADT Stream," "EHR Patient State," etc.). The only AWS mentions in the main recipe are: (a) the callout block directing readers to the companion, and (b) the Tags section (which uses lowercase service names as tags, which is acceptable metadata).[0m[0m
[0m[0m
3. [1mArchitecture companion[22m: Opens cleanly with a backlink to the main recipe (line 3) and has a footer backlink (line 555). Contains intact pseudocode throughout Steps 1-5.[0m[0m
[0m[0m
4. [1mNo em dashes[22m: Neither file contains em dashes (the grep only found them in the code review file, not in the two target files).[0m[0m
[0m[0m
5. [1mCallout placement[22m: The callout sits between the General Architecture section and The Honest Take, which is a natural and well-placed transition point.[0m[0m
[0m[0m
[38;5;252m[0m[?25l[?25l[0m[0m[?25l[0m[?25l[0m[0m[?25l[0m[?25l[0m[0m[?25l[0m[?25l[0m[0m[?25l[0m[?25l[0m[0m[?25l[0m[?25l[0m[0m[?25l[0m[?25l[0m[0m[?25l[0m[0m[0m
[38;5;8m
 ▸ Credits: 4.96 • Time: 41s

[0m[1G[0m[0m[?25h{"verdict": "pass", "rationale": "Main recipe reads as a coherent standalone document with The Problem, The Technology (including a vendor-agnostic General Architecture Pattern), a well-placed callout to the architecture companion (between architecture and The Honest Take), and The Honest Take with no dangling AWS references. The architecture companion opens with a clear backlink to the main recipe, contains intact pseudocode, and closes with a footer backlink. No em dashes in either file."}