# parallel_worker header: concurrency_limit=4 batch_id=batch-1781744739983-000007-ed3032b0debdcab6 iteration=1469 task_id=ch03-r07-archsplit persona=TechEditor
[38;5;11mWARNING: [0mDuplicate agent with name [38;5;10mmeshclaw-lite[0m was found in the global directory.
[0m[38;5;9mError: [0mJson supplied at /home/lawsnic/.kiro/agents/AmazonBuilderCoreAIAgents-amzn-builder.json is invalid: unknown field `permissions`, expected one of `$schema`, `name`, `description`, `prompt`, `mcpServers`, `tools`, `toolAliases`, `allowedTools`, `resources`, `hooks`, `toolsSettings`, `includeMcpJson`, `useLegacyMcpJson`, `model`, `keyboardShortcut`, `welcomeMessage` at line 3 column 16
[32mAll tools are now trusted ([0m[31m![0m[32m). Kiro will execute tools without asking for confirmation.[0m
Agents can sometimes do unexpected things so understand the risks.

Learn more at [38;5;141mhttps://kiro.dev/docs/cli/chat/security/#using-tools-trust-all-safely[0m



Batch fs_read operation with [38;5;141m2[0m operations[38;5;244m (using tool: read)[0m

↱ Operation 1: Reading file: [38;5;141m/tmp/ralph-worktrees/iter-1469/chapter03.07-patient-deterioration-early-warning.md[0m, all lines
↱ Operation 2: Reading file: [38;5;141m/tmp/ralph-worktrees/iter-1469/chapter03.07-architecture.md[0m, all lines
[38;5;10m ✓ [0mSuccessfully read [38;5;244m77465 bytes[0m from /tmp/ralph-worktrees/iter-1469/chapter03.07-patient-deterioration-early-warning.md

[38;5;10m ✓ [0mSuccessfully read [38;5;244m85792 bytes[0m from /tmp/ralph-worktrees/iter-1469/chapter03.07-architecture.md

 ⋮ 

[38;5;244m- [0mSummary: 2 operations processed, 2 successful, 0 failed
[38;5;244m - Completed in 0.0s[0m

[38;5;141m> [0mNow let me check for the specific issues I need to address in the polish pass:[0m[0m
[0m[0m
1. The main recipe's architecture callout placement[0m[0m
2. Any dangling references to AWS content in the main recipe's General Architecture or Honest Take sections[0m[0m
3. The architecture companion's opening[0m[0m
[0m[0m
Let me check the main recipe for any AWS references in the General Architecture section or The Honest Take that shouldn't be there:[0m[0m
Searching for: [38;5;141mAWS|SageMaker|Lambda|DynamoDB|Kinesis|EventBridge|Bedrock|Timestream|OpenSearch|CloudWatch|S3|HealthLake[0m in [38;5;141m/tmp/ralph-worktrees/iter-1469/chapter03.07-patient-deterioration-early-warning.md[0m ([38;5;141m*.md[0m)[38;5;244m (using tool: grep)[0m
[38;5;10m ✓ [0mSuccessfully found [38;5;244m43 matches[0m in [38;5;244m1 files[0m under /tmp/ralph-worktrees/iter-1469/chapter03.07-patient-deterioration-early-warning.md (result is truncated)
[38;5;244m - Completed in 0.4s[0m

[38;5;141m> [0mThose matches are all inside the editor-comment block at the top. Let me search the actual prose content after the comment block:[0m[0m
Searching: [38;5;141m/tmp/ralph-worktrees/iter-1469/chapter03.07-patient-deterioration-early-warning.md[0m for pattern: [38;5;141maws|sagemaker|lambda|dynamodb|kinesis|eventbridge|bedrock|timestream|opensearch|cloudwatch|healthlake[0m[38;5;244m (using tool: read)[0m
[38;5;10m ✓ [0mFound 0 matches for pattern 'AWS|SageMaker|Lambda|DynamoDB|Kinesis|EventBridge|Bedrock|Timestream|OpenSearch|CloudWatch|HealthLake' in /tmp/ralph-worktrees/iter-1469/chapter03.07-patient-deterioration-early-warning.md
[38;5;244m - Completed in 0.0s[0m

[38;5;141m> [0mWait, that returned empty. Let me look at specific sections. Let me read just the General Architecture Pattern, The Honest Take, and the architecture callout area:[0m[0m
Searching: [38;5;141m/tmp/ralph-worktrees/iter-1469/chapter03.07-patient-deterioration-early-warning.md[0m for pattern: [38;5;141mcompanion|aws|architecture[0m[38;5;244m (using tool: read)[0m
[38;5;10m ✓ [0mFound 0 matches for pattern 'companion|AWS|architecture' in /tmp/ralph-worktrees/iter-1469/chapter03.07-patient-deterioration-early-warning.md
[38;5;244m - Completed in 0.0s[0m

[38;5;141m> [0mThe search is not matching because it's case-sensitive maybe. Let me use grep directly on the prose sections:[0m[0m
Reading file: [38;5;141m/tmp/ralph-worktrees/iter-1469/chapter03.07-patient-deterioration-early-warning.md[0m, from line [38;5;141m250[0m to [38;5;141m320[0m[38;5;244m (using tool: read)[0m
[38;5;10m ✓ [0mSuccessfully read [38;5;244m4271 bytes[0m from /tmp/ralph-worktrees/iter-1469/chapter03.07-patient-deterioration-early-warning.md
[38;5;244m - Completed in 0.0s[0m

[38;5;141m> [0mLet me find where the editor comment ends and the actual content begins:[0m[0m
Searching: [38;5;141m/tmp/ralph-worktrees/iter-1469/chapter03.07-patient-deterioration-early-warning.md[0m for pattern: [38;5;141m^-->[0m[38;5;244m (using tool: read)[0m
[38;5;10m ✓ [0mFound 0 matches for pattern '^-->' in /tmp/ralph-worktrees/iter-1469/chapter03.07-patient-deterioration-early-warning.md
[38;5;244m - Completed in 0.0s[0m

Searching for: [38;5;141m^-->$[0m in [38;5;141m/tmp/ralph-worktrees/iter-1469/chapter03.07-patient-deterioration-early-warning.md[0m[38;5;244m (using tool: grep)[0m
[38;5;10m ✓ [0mSuccessfully found [38;5;244m1 matches[0m in [38;5;244m1 files[0m under /tmp/ralph-worktrees/iter-1469/chapter03.07-patient-deterioration-early-warning.md
[38;5;244m - Completed in 0.0s[0m

Reading file: [38;5;141m/tmp/ralph-worktrees/iter-1469/chapter03.07-patient-deterioration-early-warning.md[0m, from line [38;5;141m351[0m to [38;5;141m420[0m[38;5;244m (using tool: read)[0m
[38;5;10m ✓ [0mSuccessfully read [38;5;244m12250 bytes[0m from /tmp/ralph-worktrees/iter-1469/chapter03.07-patient-deterioration-early-warning.md
[38;5;244m - Completed in 0.0s[0m

[38;5;141m> [0mNow let me find the General Architecture section and the callout:[0m[0m
Searching for: [38;5;141mcompanion|Architecture and Implementation[0m in [38;5;141m/tmp/ralph-worktrees/iter-1469/chapter03.07-patient-deterioration-early-warning.md[0m[38;5;244m (using tool: grep)[0m
[38;5;10m ✓ [0mSuccessfully found [38;5;244m13 matches[0m in [38;5;244m1 files[0m under /tmp/ralph-worktrees/iter-1469/chapter03.07-patient-deterioration-early-warning.md (result is truncated)
[38;5;244m - Completed in 0.0s[0m

Searching for: [38;5;141mThe AWS build|companion page|architecture companion[0m in [38;5;141m/tmp/ralph-worktrees/iter-1469/chapter03.07-patient-deterioration-early-warning.md[0m[38;5;244m (using tool: grep)[0m
[38;5;10m ✓ [0mSuccessfully found [38;5;244m1 matches[0m in [38;5;244m1 files[0m under /tmp/ralph-worktrees/iter-1469/chapter03.07-patient-deterioration-early-warning.md
[38;5;244m - Completed in 0.1s[0m

[38;5;141m> [0mGood. Line 631. Let me check what's around it:[0m[0m
Reading file: [38;5;141m/tmp/ralph-worktrees/iter-1469/chapter03.07-patient-deterioration-early-warning.md[0m, from line [38;5;141m625[0m to [38;5;141m645[0m[38;5;244m (using tool: read)[0m
[38;5;10m ✓ [0mSuccessfully read [38;5;244m4762 bytes[0m from /tmp/ralph-worktrees/iter-1469/chapter03.07-patient-deterioration-early-warning.md
[38;5;244m - Completed in 0.0s[0m

[38;5;141m> [0mNow let me check The Honest Take for any lingering AWS-specific references:[0m[0m
Reading file: [38;5;141m/tmp/ralph-worktrees/iter-1469/chapter03.07-patient-deterioration-early-warning.md[0m, from line [38;5;141m645[0m to [38;5;141m710[0m[38;5;244m (using tool: read)[0m
[38;5;10m ✓ [0mSuccessfully read [38;5;244m7301 bytes[0m from /tmp/ralph-worktrees/iter-1469/chapter03.07-patient-deterioration-early-warning.md
[38;5;244m - Completed in 0.0s[0m

[38;5;141m> [0mNow let me check the architecture companion's opening:[0m[0m
Reading file: [38;5;141m/tmp/ralph-worktrees/iter-1469/chapter03.07-architecture.md[0m, from line [38;5;141m1[0m to [38;5;141m15[0m[38;5;244m (using tool: read)[0m
[38;5;10m ✓ [0mSuccessfully read [38;5;244m1950 bytes[0m from /tmp/ralph-worktrees/iter-1469/chapter03.07-architecture.md
[38;5;244m - Completed in 0.0s[0m

[38;5;141m> [0mNow let me also check if the main recipe's General Architecture section references anything AWS-specific after the split:[0m[0m
Reading file: [38;5;141m/tmp/ralph-worktrees/iter-1469/chapter03.07-patient-deterioration-early-warning.md[0m, from line [38;5;141m560[0m to [38;5;141m630[0m[38;5;244m (using tool: read)[0m
[38;5;10m ✓ [0mSuccessfully read [38;5;244m8213 bytes[0m from /tmp/ralph-worktrees/iter-1469/chapter03.07-patient-deterioration-early-warning.md
[38;5;244m - Completed in 0.0s[0m

[38;5;141m> [0mNow I have a clear picture of both files. Let me check the RECIPE-GUIDE to understand expected sections for split files:[0m[0m
Searching for: [38;5;141marchitecture.*companion|companion.*callout|backlink[0m in [38;5;141m/tmp/ralph-worktrees/iter-1469/RECIPE-GUIDE.md[0m[38;5;244m (using tool: grep)[0m
[38;5;10m ✓ [0mSuccessfully found [38;5;244m7 matches[0m in [38;5;244m1 files[0m under /tmp/ralph-worktrees/iter-1469/RECIPE-GUIDE.md (result is truncated)
[38;5;244m - Completed in 0.3s[0m

Reading file: [38;5;141m/tmp/ralph-worktrees/iter-1469/RECIPE-GUIDE.md[0m, from line [38;5;141m38[0m to [38;5;141m80[0m[38;5;244m (using tool: read)[0m
[38;5;10m ✓ [0mSuccessfully read [38;5;244m2423 bytes[0m from /tmp/ralph-worktrees/iter-1469/RECIPE-GUIDE.md
[38;5;244m - Completed in 0.0s[0m

[38;5;141m> [0mNow I have a full picture. Let me assess what needs fixing:[0m[0m
[0m[0m
[1mMain recipe ([38;5;10mchapter03.07-patient-deterioration-early-warning.md[0m):[22m[0m[0m
1. The architecture callout at line 631 is well-placed (after General Architecture Pattern, before The Honest Take). ✓[0m[0m
2. The General Architecture Pattern section is fully vendor-agnostic (no AWS references). ✓[0m[0m
3. The Honest Take references "the Implementation-Time table at the end of this recipe" but the Implementation Time table is actually in the [3marchitecture companion[23m, not the main recipe. This is a dangling reference that needs fixing.[0m[0m
4. Tags section includes AWS service tags ([38;5;10mfeature-store[0m, [38;5;10mclarify[0m, [38;5;10mmodel-monitor[0m, [38;5;10mmodel-registry[0m, [38;5;10mbedrock[0m, [38;5;10mcomprehend-medical[0m, [38;5;10mkinesis[0m, [38;5;10mtimestream[0m, [38;5;10mdynamodb[0m, [38;5;10mopensearch[0m, [38;5;10meventbridge[0m, [38;5;10msagemaker[0m). This is fine for discoverability, since tags are metadata.[0m[0m
[0m[0m
[1mArchitecture companion ([38;5;10mchapter03.07-architecture.md[0m):[22m[0m[0m
1. Opens cleanly with a backlink to the main recipe. ✓[0m[0m
2. Has the proper structure per RECIPE-GUIDE. ✓[0m[0m
[0m[0m
Let me verify where the Implementation Time table actually lives. Let me check the main recipe for it:[0m[0m
Searching for: [38;5;141mImplementation Time|Estimated Implementation[0m in [38;5;141m/tmp/ralph-worktrees/iter-1469/chapter03.07-patient-deterioration-early-warning.md[0m[38;5;244m (using tool: grep)[0m
[38;5;10m ✓ [0mSuccessfully found [38;5;244m4 matches[0m in [38;5;244m1 files[0m under /tmp/ralph-worktrees/iter-1469/chapter03.07-patient-deterioration-early-warning.md
[38;5;244m - Completed in 0.1s[0m

[38;5;141m> [0mThose are all in the editor comment. The Implementation-Time table is NOT in the main recipe prose. Let me verify it's in the architecture companion:[0m[0m
Searching for: [38;5;141mEstimated Implementation Time[0m in [38;5;141m/tmp/ralph-worktrees/iter-1469/chapter03.07-architecture.md[0m[38;5;244m (using tool: grep)[0m
[38;5;10m ✓ [0mSuccessfully found [38;5;244m1 matches[0m in [38;5;244m1 files[0m under /tmp/ralph-worktrees/iter-1469/chapter03.07-architecture.md
[38;5;244m - Completed in 0.0s[0m

[38;5;141m> [0mSo the Implementation-Time table is in the architecture companion, and The Honest Take in the main recipe references it: "The Implementation-Time table at the end of this recipe encodes the same discipline: the Basic tier (4-6 months) is a NEWS2-engine-and-workflow-only deployment..."[0m[0m
[0m[0m
This is a dangling reference. The Honest Take says "at the end of this recipe" but the table is in the companion. I need to fix this reference to point to the companion instead.[0m[0m
[0m[0m
Let me also check if the editor comment at the top of the main recipe references section lists that are no longer in this file (they reference "AWS Implementation" which has moved):[0m[0m
[0m[0m
The editor comment block (lines 1-351) is internal editorial metadata. Since the task is to fix transition seams in the [3mreader-facing content[23m, the editor comment being outdated is secondary. The instruction says "Fix ONLY transition seams." So I should focus on:[0m[0m
[0m[0m
1. The Honest Take's dangling reference to "the Implementation-Time table at the end of this recipe"[0m[0m
[0m[0m
That's the only transition seam I can identify. The architecture callout is well-placed. The companion opens cleanly. The General Architecture section is vendor-agnostic with no dangling AWS refs.[0m[0m
[0m[0m
Let me make the fix:[0m[0m
I'll modify the following file: [38;5;141mchapter03.07-patient-deterioration-early-warning.md[0m[38;5;244m (using tool: write)[0m

[49m[38;5;9m- 635     [0m:[38;5;9m[49m Build the workflow first, even if it has to be wired to a NEWS2 score initially, and add the better model into it once the workflow is working. The Implementation-Time table at the end of this recipe encodes the same discipline: the Basic tier (4-6 months) is a NEWS2-engine-and-workflow-only deployment with full governance and dashboard wiring, before any ML work begins; the Production-ready tier adds the ML model into a workflow that already works.
[0m[49m[38;5;10m+      635[0m:[38;5;10m[49m Build the workflow first, even if it has to be wired to a NEWS2 score initially, and add the better model into it once the workflow is working. The Implementation-Time table in the [architecture companion](chapter03.07-architecture) encodes the same discipline: the Basic tier (4-6 months) is a NEWS2-engine-and-workflow-only deployment with full governance and dashboard wiring, before any ML work begins; the Production-ready tier adds the ML model into a workflow that already works.
[0m[K
Updating: [38;5;141mchapter03.07-patient-deterioration-early-warning.md[0m
[38;5;244m - Completed in 0.1s[0m

[38;5;141m> [0mNow let me verify the fix and also do a final scan for em dashes and en dashes in both files:[0m[0m
Searching for: [38;5;141m—[0m in [38;5;141m/tmp/ralph-worktrees/iter-1469/chapter03.07-patient-deterioration-early-warning.md[0m[38;5;244m (using tool: grep)[0m
[38;5;9m ❗ [0mNo matches found for pattern: [38;5;244m—[0m under /tmp/ralph-worktrees/iter-1469/chapter03.07-patient-deterioration-early-warning.md
[38;5;244m - Completed in 0.0s[0m

Searching for: [38;5;141m–[0m in [38;5;141m/tmp/ralph-worktrees/iter-1469/chapter03.07-patient-deterioration-early-warning.md[0m[38;5;244m (using tool: grep)[0m
[38;5;9m ❗ [0mNo matches found for pattern: [38;5;244m–[0m under /tmp/ralph-worktrees/iter-1469/chapter03.07-patient-deterioration-early-warning.md
[38;5;244m - Completed in 0.0s[0m

Searching for: [38;5;141m—[0m in [38;5;141m/tmp/ralph-worktrees/iter-1469/chapter03.07-architecture.md[0m[38;5;244m (using tool: grep)[0m
[38;5;9m ❗ [0mNo matches found for pattern: [38;5;244m—[0m under /tmp/ralph-worktrees/iter-1469/chapter03.07-architecture.md
[38;5;244m - Completed in 0.0s[0m

Searching for: [38;5;141m–[0m in [38;5;141m/tmp/ralph-worktrees/iter-1469/chapter03.07-architecture.md[0m[38;5;244m (using tool: grep)[0m
[38;5;9m ❗ [0mNo matches found for pattern: [38;5;244m–[0m under /tmp/ralph-worktrees/iter-1469/chapter03.07-architecture.md
[38;5;244m - Completed in 0.0s[0m

[38;5;141m> [0mGood. No em dashes or en dashes in either file. Now let me check the architecture companion for bare code fences:[0m[0m
Searching for: [38;5;141m^```$[0m in [38;5;141m/tmp/ralph-worktrees/iter-1469/chapter03.07-architecture.md[0m[38;5;244m (using tool: grep)[0m
[38;5;10m ✓ [0mSuccessfully found [38;5;244m19 matches[0m in [38;5;244m1 files[0m under /tmp/ralph-worktrees/iter-1469/chapter03.07-architecture.md (result is truncated)
[38;5;244m - Completed in 0.0s[0m

[38;5;141m> [0mThose are closing fences (which is fine). Let me check for opening fences without language tags:[0m[0m
Searching for: [38;5;141m^```\s*$[0m in [38;5;141m/tmp/ralph-worktrees/iter-1469/chapter03.07-architecture.md[0m[38;5;244m (using tool: grep)[0m
[38;5;10m ✓ [0mSuccessfully found [38;5;244m19 matches[0m in [38;5;244m1 files[0m under /tmp/ralph-worktrees/iter-1469/chapter03.07-architecture.md (result is truncated)
[38;5;244m - Completed in 0.0s[0m

[38;5;141m> [0mI need to determine which of these are opening fences vs closing fences. Let me check what's above them:[0m[0m
Reading file: [38;5;141m/tmp/ralph-worktrees/iter-1469/chapter03.07-architecture.md[0m, from line [38;5;141m115[0m to [38;5;141m120[0m[38;5;244m (using tool: read)[0m
[38;5;10m ✓ [0mSuccessfully read [38;5;244m125 bytes[0m from /tmp/ralph-worktrees/iter-1469/chapter03.07-architecture.md
[38;5;244m - Completed in 0.0s[0m

[38;5;141m> [0mThat's a closing fence (closes the mermaid block). Let me check line 187:[0m[0m
Reading file: [38;5;141m/tmp/ralph-worktrees/iter-1469/chapter03.07-architecture.md[0m, from line [38;5;141m184[0m to [38;5;141m189[0m[38;5;244m (using tool: read)[0m
[38;5;10m ✓ [0mSuccessfully read [38;5;244m524 bytes[0m from /tmp/ralph-worktrees/iter-1469/chapter03.07-architecture.md
[38;5;244m - Completed in 0.0s[0m

[38;5;141m> [0mLine 187 is a bare opening fence for pseudocode. According to the editorial checklist, EVERY fenced code block must have a language tag. However, the editor comment on the main recipe mentions: "bare pseudocode fences match the chapter-1 reference convention from chapters 1.01-1.10". Let me check the main recipe's editor comment about this:[0m[0m
[0m[0m
Looking at the editor comment from pass 3: "Re-verified fenced-code-block consistency: 12 paired fences total (one ASCII pipeline diagram, one Mermaid block tagged [38;5;10mmermaid[0m, two JSON blocks tagged [38;5;10mjson[0m, eight pseudocode blocks bare; bare pseudocode fences match the chapter-1 reference convention from chapters 1.01-1.10)."[0m[0m
[0m[0m
So the convention in this cookbook is to leave pseudocode fences bare (matching chapter 1 reference). The task instructions say "do not rewrite content" and "fix ONLY transition seams." Adding language tags to all pseudocode blocks would be a broader formatting change that goes beyond the transition-seam polish scope. The bare pseudocode fences are consistent with the established chapter 1 convention documented in prior editor passes.[0m[0m
[0m[0m
Let me also check the main recipe for bare fences:[0m[0m
Searching for: [38;5;141m^```\s*$[0m in [38;5;141m/tmp/ralph-worktrees/iter-1469/chapter03.07-patient-deterioration-early-warning.md[0m[38;5;244m (using tool: grep)[0m
[38;5;10m ✓ [0mSuccessfully found [38;5;244m2 matches[0m in [38;5;244m1 files[0m under /tmp/ralph-worktrees/iter-1469/chapter03.07-patient-deterioration-early-warning.md
[38;5;244m - Completed in 0.0s[0m

Reading file: [38;5;141m/tmp/ralph-worktrees/iter-1469/chapter03.07-patient-deterioration-early-warning.md[0m, from line [38;5;141m551[0m to [38;5;141m557[0m[38;5;244m (using tool: read)[0m
[38;5;10m ✓ [0mSuccessfully read [38;5;244m848 bytes[0m from /tmp/ralph-worktrees/iter-1469/chapter03.07-patient-deterioration-early-warning.md
[38;5;244m - Completed in 0.0s[0m

[38;5;141m> [0mThat's the ASCII pipeline diagram. Line 610 would be its closing fence. These are "text" diagrams by the editorial checklist standard. However, since the task scope is "fix ONLY transition seams" and these are established convention from prior passes, I'll leave them as is. The task explicitly says "Do not rewrite content, do not move sections, do not add new claims."[0m[0m
[0m[0m
Now let me verify the fix I made reads cleanly:[0m[0m
Reading file: [38;5;141m/tmp/ralph-worktrees/iter-1469/chapter03.07-patient-deterioration-early-warning.md[0m, from line [38;5;141m633[0m to [38;5;141m640[0m[38;5;244m (using tool: read)[0m
[38;5;10m ✓ [0mSuccessfully read [38;5;244m2358 bytes[0m from /tmp/ralph-worktrees/iter-1469/chapter03.07-patient-deterioration-early-warning.md
[38;5;244m - Completed in 0.0s[0m

[38;5;141m> [0mThe fix reads cleanly. The reference now says "The Implementation-Time table in the [architecture companion](chapter03.07-architecture)" instead of "at the end of this recipe," which correctly directs the reader to where the table actually lives.[0m[0m
[0m[0m
Let me also verify the architecture companion's navigation footer links back properly:[0m[0m
Reading file: [38;5;141m/tmp/ralph-worktrees/iter-1469/chapter03.07-architecture.md[0m, from line [38;5;141m1089[0m to end of file[38;5;244m (using tool: read)[0m
[38;5;10m ✓ [0mSuccessfully read [38;5;244m169 bytes[0m from /tmp/ralph-worktrees/iter-1469/chapter03.07-architecture.md
[38;5;244m - Completed in 0.0s[0m

[38;5;141m> [0mGood. The architecture companion's footer links back to the main recipe, and the main recipe's callout links forward to the companion. The bidirectional navigation is intact.[0m[0m
[0m[0m
Let me do one final check: the main recipe's editor comment references "AWS Implementation" and other sections that are no longer in the main file. But the editor comment is internal-only metadata, not reader-facing prose. The task says "Fix ONLY transition seams" in the reader-facing content. The editor comment block will be out of date regarding section inventory, but it's a prior-pass record, not a content problem to fix. The task explicitly says "Do not rewrite content, do not move sections."[0m[0m
[0m[0m
[1mSummary of what was done:[22m[0m[0m
[0m[0m
One transition-seam fix applied to [38;5;10mchapter03.07-patient-deterioration-early-warning.md[0m:[0m[0m
- In The Honest Take (first paragraph), changed "The Implementation-Time table at the end of this recipe" to "The Implementation-Time table in the [architecture companion](chapter03.07-architecture)" because the Implementation Time table lives in the architecture companion after the split, not in the main recipe.[0m[0m
[0m[0m
[38;5;252m[0m[?25l[?25l[0m[0m[?25l[0m[?25l[0m[0m[?25l[0m[?25l[0m[0m[?25l[0m[?25l[0m[0m[?25l[0m[?25l[0m[0m[?25l[0m[?25l[0m[0m[?25l[0m[?25l[0m[0m[?25l[0m[?25l[0m[0m[?25l[0m[?25l[0m[0m[?25l[0m[?25l[0m[0m[?25l[0m[?25l[0m[0m[?25l[0m[?25l[0m[0m[?25l[0m[?25l[0m[0m[?25l[0m[?25l[0m[0m[?25l[0m[?25l[0m[0m[?25l[0m[?25l[0m[0m[?25l[0m[?25l[0m[0m[?25l[0m[?25l[0m[0m[?25l[0m[?25l[0m[0m[?25l[0m[?25l[0m[0m[?25l[0m[?25l[0m[0m[?25l[0m[?25l[0m[0m[?25l[0m[?25l[0m[0m[?25l[0m[?25l[0m[0m[?25l[0m[?25l[0m[0m[?25l[0m[?25l[0m[0m[?25l[0m[?25l[0m[0m[?25l[0m[?25l[0m[0m[?25l[0m[?25l[0m[0m[?25l[0m[?25l[0m[0m[?25l[0m[?25l[0m[0m[?25l[0m[0m[0m
[38;5;8m
 ▸ Credits: 22.68 • Time: 2m 37s

[0m[1G[0m[0m[?25hBoth files read as coherent standalone documents. The architecture callout is well-placed (between General Architecture Pattern and The Honest Take). The architecture companion opens cleanly with a backlink to the main recipe. No em dashes or en dashes present. No new content added. No sections moved. All existing TODO markers preserved.[38;5;11mWARNING: [0mDuplicate agent with name [38;5;10mmeshclaw-lite[0m was found in the global directory.
[0m[38;5;9mError: [0mJson supplied at /home/lawsnic/.kiro/agents/AmazonBuilderCoreAIAgents-amzn-builder.json is invalid: unknown field `permissions`, expected one of `$schema`, `name`, `description`, `prompt`, `mcpServers`, `tools`, `toolAliases`, `allowedTools`, `resources`, `hooks`, `toolsSettings`, `includeMcpJson`, `useLegacyMcpJson`, `model`, `keyboardShortcut`, `welcomeMessage` at line 3 column 16
[32mAll tools are now trusted ([0m[31m![0m[32m). Kiro will execute tools without asking for confirmation.[0m
Agents can sometimes do unexpected things so understand the risks.

Learn more at [38;5;141mhttps://kiro.dev/docs/cli/chat/security/#using-tools-trust-all-safely[0m



Batch fs_read operation with [38;5;141m2[0m operations[38;5;244m (using tool: read)[0m

↱ Operation 1: Reading file: [38;5;141m/tmp/ralph-worktrees/iter-1469/chapter03.07-patient-deterioration-early-warning.md[0m, all lines
↱ Operation 2: Reading file: [38;5;141m/tmp/ralph-worktrees/iter-1469/chapter03.07-architecture.md[0m, all lines
[38;5;10m ✓ [0mSuccessfully read [38;5;244m77498 bytes[0m from /tmp/ralph-worktrees/iter-1469/chapter03.07-patient-deterioration-early-warning.md

[38;5;10m ✓ [0mSuccessfully read [38;5;244m85792 bytes[0m from /tmp/ralph-worktrees/iter-1469/chapter03.07-architecture.md

 ⋮ 

[38;5;244m- [0mSummary: 2 operations processed, 2 successful, 0 failed
[38;5;244m - Completed in 0.2s[0m

[38;5;141m> [0mNow I'll check for the specific pass conditions:[0m[0m
[0m[0m
1. [1mMain recipe reads as coherent standalone[22m - checking for The Problem, The Technology, General Architecture, The Honest Take sections and a working callout to the architecture companion.[0m[0m
[0m[0m
2. [1mNo dangling references to AWS content[22m - checking the main recipe's General Architecture and The Honest Take for references to AWS services that should only be in the companion.[0m[0m
[0m[0m
3. [1mArchitecture companion reads standalone with backlink[22m - checking the companion opens cleanly with a backlink.[0m[0m
[0m[0m
4. [1mPseudocode intact in companion[22m - confirmed present.[0m[0m
[0m[0m
5. [1mNo em dashes[22m - need to verify no U+2014 characters exist in either file.[0m[0m
[0m[0m
Let me check for em dashes:[0m[0m
Batch fs_read operation with [38;5;141m2[0m operations[38;5;244m (using tool: read)[0m

↱ Operation 1: Searching: [38;5;141m/tmp/ralph-worktrees/iter-1469/chapter03.07-patient-deterioration-early-warning.md[0m for pattern: [38;5;141m—[0m
↱ Operation 2: Searching: [38;5;141m/tmp/ralph-worktrees/iter-1469/chapter03.07-architecture.md[0m for pattern: [38;5;141m—[0m
[38;5;10m ✓ [0mFound 0 matches for pattern '—' in /tmp/ralph-worktrees/iter-1469/chapter03.07-patient-deterioration-early-warning.md

[38;5;10m ✓ [0mFound 0 matches for pattern '—' in /tmp/ralph-worktrees/iter-1469/chapter03.07-architecture.md

 ⋮ 

[38;5;244m- [0mSummary: 2 operations processed, 2 successful, 0 failed
[38;5;244m - Completed in 0.1s[0m

[38;5;141m> [0mNo em dashes found. Now let me verify the main recipe's callout placement and check that General Architecture and The Honest Take don't have dangling AWS references:[0m[0m
[0m[0m
The main recipe structure:[0m[0m
- **The Problem** ✓ (coherent standalone section)[0m[0m
- **The Technology** ✓ (coherent standalone section, vendor-neutral)[0m[0m
- **General Architecture Pattern** ✓ (vendor-neutral conceptual architecture with ASCII diagram)[0m[0m
- **Callout to companion** ✓ - Present after General Architecture: [38;5;10m> **The AWS build lives in a companion page.** ... see the [Architecture and Implementation companion](chapter03.07-architecture).[0m[0m[0m
- **The Honest Take** ✓ - References the companion only via [38;5;10m[architecture companion](chapter03.07-architecture)[0m for the Implementation-Time table, which is appropriate context[0m[0m
- **Related Recipes** ✓[0m[0m
- **Tags** ✓[0m[0m
[0m[0m
Checking for dangling AWS references in General Architecture and The Honest Take of the main recipe: The General Architecture section uses generic terms ("Streaming Ingest", "Patient State Store", "Feature Engine", "Scoring Service", "Alert Router") without AWS service names. The Honest Take discusses operational wisdom without AWS-specific references. The Tags section does contain AWS service tags ([38;5;10mkinesis[0m, [38;5;10mtimestream[0m, [38;5;10mdynamodb[0m, etc.) but those are metadata tags, not prose references.[0m[0m
[0m[0m
The architecture companion opens with a clear backlink: [38;5;10m*Companion to [Recipe 3.7: Patient Deterioration Early Warning](chapter03.07-patient-deterioration-early-warning). This page covers the AWS architecture, services, prerequisites, and pseudocode. For the problem framing and the conceptual approach, start with the main recipe.*[0m[0m[0m
[0m[0m
Pseudocode is intact across Steps 1-8 in the companion.[0m[0m
[0m[0m
[38;5;252m[0m[?25l[?25l[0m[0m[?25l[0m[?25l[0m[0m[?25l[0m[0m[0m
[38;5;8m
 ▸ Credits: 2.40 • Time: 28s

[0m[1G[0m[0m[?25h{"verdict": "pass", "rationale": "Main recipe reads coherently standalone with The Problem, The Technology, General Architecture (vendor-neutral ASCII diagram, no AWS service names), and The Honest Take all intact. The callout to the architecture companion is well-placed between General Architecture and The Honest Take. No dangling AWS references in those sections. The architecture companion opens cleanly with a backlink to the main recipe and contains all pseudocode (Steps 1-8) intact. No em dashes (U+2014) found in either file."}