# parallel_worker header: concurrency_limit=2 batch_id=batch-1779713797004-000055-a0a05ed04e3e6b82 iteration=271 task_id=ch11-r09-draft persona=TechWriter
[32mAll tools are now trusted ([0m[31m![0m[32m). Kiro will execute tools without asking for confirmation.[0m
Agents can sometimes do unexpected things so understand the risks.

Learn more at [38;5;141mhttps://kiro.dev/docs/cli/chat/security/#using-tools-trust-all-safely[0m



Reading directory: [38;5;141mC:\Users\lawsnic\OneDrive - amazon.com\Documents\HCLS-ai-book\.ralph\worktrees\iter-271[0m[38;5;244m (using tool: read, max depth: 1, max entries: 1000, excluding: defaults)[0m
[38;5;10m ✓ [0mSuccessfully read directory [38;5;141mC:\Users\lawsnic\OneDrive - amazon.com\Documents\HCLS-ai-book\.ralph\worktrees\iter-271[0m [38;5;244m(showing 1000 of 1258 entries, offset: 0)[0m
[38;5;244m - Completed in 0.37s[0m

Batch fs_read operation with [38;5;141m3[0m operations[38;5;244m (using tool: read)[0m

↱ Operation 1: Reading file: [38;5;141mC:\Users\lawsnic\OneDrive - amazon.com\Documents\HCLS-ai-book\.ralph\worktrees\iter-271\STYLE-GUIDE.md[0m, all lines
↱ Operation 2: Reading file: [38;5;141mC:\Users\lawsnic\OneDrive - amazon.com\Documents\HCLS-ai-book\.ralph\worktrees\iter-271\RECIPE-GUIDE.md[0m, all lines
↱ Operation 3: Reading file: [38;5;141mC:\Users\lawsnic\OneDrive - amazon.com\Documents\HCLS-ai-book\.ralph\worktrees\iter-271\specs\ch11-r09-draft.md[0m, all lines
[38;5;10m ✓ [0mSuccessfully read [38;5;244m3731 bytes[0m from C:\Users\lawsnic\OneDrive - amazon.com\Documents\HCLS-ai-book\.ralph\worktrees\iter-271\STYLE-GUIDE.md

[38;5;10m ✓ [0mSuccessfully read [38;5;244m9026 bytes[0m from C:\Users\lawsnic\OneDrive - amazon.com\Documents\HCLS-ai-book\.ralph\worktrees\iter-271\RECIPE-GUIDE.md

[38;5;10m ✓ [0mSuccessfully read [38;5;244m857 bytes[0m from C:\Users\lawsnic\OneDrive - amazon.com\Documents\HCLS-ai-book\.ralph\worktrees\iter-271\specs\ch11-r09-draft.md

 ⋮ 

[38;5;244m- [0mSummary: 3 operations processed, 3 successful, 0 failed
[38;5;244m - Completed in 0.1s[0m

Reading file: [38;5;141mC:\Users\lawsnic\OneDrive - amazon.com\Documents\HCLS-ai-book\.ralph\worktrees\iter-271\chapter11.08-mental-health-support-bot.md[0m, all lines[38;5;244m (using tool: read)[0m
[38;5;10m ✓ [0mSuccessfully read [38;5;244m211204 bytes[0m from C:\Users\lawsnic\OneDrive - amazon.com\Documents\HCLS-ai-book\.ralph\worktrees\iter-271\chapter11.08-mental-health-support-bot.md
[38;5;244m - Completed in 0.2s[0m

[38;5;141m> [0mNow let me look at the planning docs and the chapter 11 categories file for recipe 11.9 specifically.[0m[0m
Batch fs_read operation with [38;5;141m2[0m operations[38;5;244m (using tool: read)[0m

↱ Operation 1: Reading file: [38;5;141mC:\Users\lawsnic\OneDrive - amazon.com\Documents\HCLS-ai-book\.ralph\worktrees\iter-271\categories\11-conversational-ai.md[0m, all lines
↱ Operation 2: Reading file: [38;5;141mC:\Users\lawsnic\OneDrive - amazon.com\Documents\HCLS-ai-book\.ralph\worktrees\iter-271\planning\phase2-11-conversational-ai.md[0m, all lines
[38;5;10m ✓ [0mSuccessfully read [38;5;244m4623 bytes[0m from C:\Users\lawsnic\OneDrive - amazon.com\Documents\HCLS-ai-book\.ralph\worktrees\iter-271\categories\11-conversational-ai.md

[38;5;10m ✓ [0mSuccessfully read [38;5;244m4623 bytes[0m from C:\Users\lawsnic\OneDrive - amazon.com\Documents\HCLS-ai-book\.ralph\worktrees\iter-271\planning\phase2-11-conversational-ai.md

 ⋮ 

[38;5;244m- [0mSummary: 2 operations processed, 2 successful, 0 failed
[38;5;244m - Completed in 0.0s[0m

Searching for files: [38;5;141mchapter11.09*"[0m[38;5;244m (using tool: glob)[0mSearching for files: [38;5;141m_Sidebar.md[0m[38;5;244m (using tool: glob)[0m
[38;5;9m ❗ [0mNo files found matching pattern: [38;5;244mchapter11.09*"[0m under current directory
[38;5;244m - Completed in 0.26s[0m


[38;5;10m ✓ [0mSuccessfully found [38;5;244m1 files[0m under current directory
[38;5;244m - Completed in 0.23s[0m

Searching for files: [38;5;141mchapter11.09*[0m[38;5;244m (using tool: glob)[0m
[38;5;9m ❗ [0mNo files found matching pattern: [38;5;244mchapter11.09*[0m under current directory
[38;5;244m - Completed in 0.17s[0m

Reading file: [38;5;141mC:\Users\lawsnic\OneDrive - amazon.com\Documents\HCLS-ai-book\.ralph\worktrees\iter-271\_Sidebar.md[0m, all lines[38;5;244m (using tool: read)[0m
[38;5;10m ✓ [0mSuccessfully read [38;5;244m10419 bytes[0m from C:\Users\lawsnic\OneDrive - amazon.com\Documents\HCLS-ai-book\.ralph\worktrees\iter-271\_Sidebar.md
[38;5;244m - Completed in 0.0s[0m

[38;5;141m> [0mNow I have enough context to write a high-quality recipe matching Chapter 11's style. Let me draft [38;5;10mchapter11.09-care-coordination-assistant.md[0m.[0m[0m
[38;5;141m> [0mI'll work in smaller chunks. Let me create the file with the opening sections first.[0m[0m
