# parallel_worker header: concurrency_limit=2 batch_id=batch-1779765864854-000001-ca1fdaa4480cb655 iteration=456 task_id=ch12-r03-python persona=TechWriter
[32mAll tools are now trusted ([0m[31m![0m[32m). Kiro will execute tools without asking for confirmation.[0m
Agents can sometimes do unexpected things so understand the risks.

Learn more at [38;5;141mhttps://kiro.dev/docs/cli/chat/security/#using-tools-trust-all-safely[0m



Reading directory: [38;5;141mC:\tmp\ralph-worktrees\iter-456[0m[38;5;244m (using tool: read, max depth: 1, max entries: 1000, excluding: defaults)[0m
[38;5;10m ✓ [0mSuccessfully read directory [38;5;141mC:\tmp\ralph-worktrees\iter-456[0m [38;5;244m(showing 1000 of 1627 entries, offset: 0)[0m
[38;5;244m - Completed in 0.46s[0m

Searching for files: [38;5;141mchapter12.03*[0m[38;5;244m (using tool: glob)[0mSearching for files: [38;5;141mchapter12.0*[0m[38;5;244m (using tool: glob)[0m
[38;5;10m ✓ [0mSuccessfully found [38;5;244m1 files[0m under current directory
[38;5;244m - Completed in 0.17s[0m


[38;5;10m ✓ [0mSuccessfully found [38;5;244m6 files[0m under current directory
[38;5;244m - Completed in 0.18s[0m

Batch fs_read operation with [38;5;141m2[0m operations[38;5;244m (using tool: read)[0m

↱ Operation 1: Reading file: [38;5;141mC:\tmp\ralph-worktrees\iter-456\chapter12.03-ed-arrival-forecasting.md[0m, all lines
↱ Operation 2: Reading file: [38;5;141mC:\tmp\ralph-worktrees\iter-456\specs\ch12-r03-python.md[0m, all lines
[38;5;10m ✓ [0mSuccessfully read [38;5;244m53658 bytes[0m from C:\tmp\ralph-worktrees\iter-456\chapter12.03-ed-arrival-forecasting.md

[38;5;10m ✓ [0mSuccessfully read [38;5;244m830 bytes[0m from C:\tmp\ralph-worktrees\iter-456\specs\ch12-r03-python.md

 ⋮ 

[38;5;244m- [0mSummary: 2 operations processed, 2 successful, 0 failed
[38;5;244m - Completed in 0.1s[0m

Reading file: [38;5;141mC:\tmp\ralph-worktrees\iter-456\chapter12.02-python-example.md[0m, all lines[38;5;244m (using tool: read)[0m
[38;5;10m ✓ [0mSuccessfully read [38;5;244m76109 bytes[0m from C:\tmp\ralph-worktrees\iter-456\chapter12.02-python-example.md
[38;5;244m - Completed in 0.1s[0m

Searching for files: [38;5;141m_Sidebar.md[0m[38;5;244m (using tool: glob)[0mSearching for files: [38;5;141m{STYLE-GUIDE.md,RECIPE-GUIDE.md}[0m[38;5;244m (using tool: glob)[0m
[38;5;10m ✓ [0mSuccessfully found [38;5;244m1 files[0m under current directory
[38;5;244m - Completed in 0.15s[0m


[38;5;10m ✓ [0mSuccessfully found [38;5;244m2 files[0m under current directory
[38;5;244m - Completed in 0.15s[0m

Searching for: [38;5;141m12.03|12.02|chapter12[0m in [38;5;141mC:\tmp\ralph-worktrees\iter-456\_Sidebar.md[0m[38;5;244m (using tool: grep)[0m
[38;5;10m ✓ [0mSuccessfully found [38;5;244m7 matches[0m in [38;5;244m1 files[0m under C:\tmp\ralph-worktrees\iter-456\_Sidebar.md (result is truncated)
[38;5;244m - Completed in 0.2s[0m

Reading file: [38;5;141mC:\tmp\ralph-worktrees\iter-456\_Sidebar.md[0m, from line [38;5;141m190[0m to [38;5;141m230[0m[38;5;244m (using tool: read)[0m
[38;5;10m ✓ [0mSuccessfully read [38;5;244m618 bytes[0m from C:\tmp\ralph-worktrees\iter-456\_Sidebar.md
[38;5;244m - Completed in 0.0s[0m

Reading file: [38;5;141mC:\tmp\ralph-worktrees\iter-456\chapter12.01-appointment-volume-forecasting.md[0m, from line [38;5;141m1[0m to [38;5;141m100[0m[38;5;244m (using tool: read)[0m
[38;5;10m ✓ [0mSuccessfully read [38;5;244m10751 bytes[0m from C:\tmp\ralph-worktrees\iter-456\chapter12.01-appointment-volume-forecasting.md
[38;5;244m - Completed in 0.1s[0m

[38;5;141m> [0mNow I have a clear picture. The main recipe [38;5;10mchapter12.03-ed-arrival-forecasting.md[0m exists, the spec calls for [38;5;10mchapter12.03-python-example.md[0m, and [38;5;10m_Sidebar.md[0m already references it. The 12.02 Python example provides a solid template for style. Let me write the Python companion.[0m[0m
