# parallel_worker header: concurrency_limit=2 batch_id=batch-1780279379429-000082-84438e42f0cc3201 iteration=946 task_id=ch13-r01-edit persona=TechEditor
[38;5;11mWARNING: [0mDuplicate agent with name [38;5;10mmeshclaw-lite[0m was found in the global directory.
[0m[32mAll tools are now trusted ([0m[31m![0m[32m). Kiro will execute tools without asking for confirmation.[0m
Agents can sometimes do unexpected things so understand the risks.

Learn more at [38;5;141mhttps://kiro.dev/docs/cli/chat/security/#using-tools-trust-all-safely[0m



Reading directory: [38;5;141m/tmp/ralph-worktrees/iter-946[0m[38;5;244m (using tool: read, max depth: 1, max entries: 1000, excluding: defaults)[0m
[38;5;10m ✓ [0mSuccessfully read directory [38;5;141m/tmp/ralph-worktrees/iter-946[0m [38;5;244m(showing 1000 of 2288 entries, offset: 0)[0m
[38;5;244m - Completed in 0.152s[0m

[38;5;141m> [0mLet me read the recipe file, the reviews, and the style/recipe guides.[0m[0m
Batch fs_read operation with [38;5;141m3[0m operations[38;5;244m (using tool: read)[0m

↱ Operation 1: Reading file: [38;5;141m/tmp/ralph-worktrees/iter-946/chapter13.01-drug-formulary-navigation.md[0m, all lines
↱ Operation 2: Reading file: [38;5;141m/tmp/ralph-worktrees/iter-946/reviews/chapter13.01-expert-review.md[0m, all lines
↱ Operation 3: Reading file: [38;5;141m/tmp/ralph-worktrees/iter-946/reviews/chapter13.01-code-review.md[0m, all lines
[38;5;10m ✓ [0mSuccessfully read [38;5;244m39096 bytes[0m from /tmp/ralph-worktrees/iter-946/chapter13.01-drug-formulary-navigation.md

[38;5;10m ✓ [0mSuccessfully read [38;5;244m18686 bytes[0m from /tmp/ralph-worktrees/iter-946/reviews/chapter13.01-expert-review.md

[38;5;10m ✓ [0mSuccessfully read [38;5;244m8723 bytes[0m from /tmp/ralph-worktrees/iter-946/reviews/chapter13.01-code-review.md

 ⋮ 

[38;5;244m- [0mSummary: 3 operations processed, 3 successful, 0 failed
[38;5;244m - Completed in 0.0s[0m

[38;5;141m> [0mNow let me read the STYLE-GUIDE and RECIPE-GUIDE for reference:[0m[0m
Batch fs_read operation with [38;5;141m2[0m operations[38;5;244m (using tool: read)[0m

↱ Operation 1: Reading file: [38;5;141m/tmp/ralph-worktrees/iter-946/STYLE-GUIDE.md[0m, all lines
↱ Operation 2: Reading file: [38;5;141m/tmp/ralph-worktrees/iter-946/RECIPE-GUIDE.md[0m, all lines
[38;5;10m ✓ [0mSuccessfully read [38;5;244m3731 bytes[0m from /tmp/ralph-worktrees/iter-946/STYLE-GUIDE.md

[38;5;10m ✓ [0mSuccessfully read [38;5;244m9026 bytes[0m from /tmp/ralph-worktrees/iter-946/RECIPE-GUIDE.md

 ⋮ 

[38;5;244m- [0mSummary: 2 operations processed, 2 successful, 0 failed
[38;5;244m - Completed in 0.0s[0m

[38;5;141m> [0mNow I have all the context I need. Let me also check for em dashes in the recipe to be thorough:[0m[0m
Searching for: [38;5;141m—[0m in [38;5;141m/tmp/ralph-worktrees/iter-946/chapter13.01-drug-formulary-navigation.md[0m[38;5;244m (using tool: grep)[0m
[38;5;9m ❗ [0mNo matches found for pattern: [38;5;244m—[0m under /tmp/ralph-worktrees/iter-946/chapter13.01-drug-formulary-navigation.md
[38;5;244m - Completed in 0.0s[0m

[38;5;141m> [0mGood, no em dashes. Now let me check for any existing TODO markers:[0m[0m
Searching for: [38;5;141mTODO[0m in [38;5;141m/tmp/ralph-worktrees/iter-946/chapter13.01-drug-formulary-navigation.md[0m[38;5;244m (using tool: grep)[0m
[38;5;9m ❗ [0mNo matches found for pattern: [38;5;244mTODO[0m under /tmp/ralph-worktrees/iter-946/chapter13.01-drug-formulary-navigation.md
[38;5;244m - Completed in 0.1s[0m

[38;5;141m> [0mNow I have a complete picture. Let me produce the final edited version. Based on my review:[0m[0m
[0m[0m
[1mExpert review findings to address:[22m[0m[0m
- S1 (HIGH): IAM permissions not least-privilege - needs fix in Prerequisites table[0m[0m
- S2 (HIGH): PHI exposure in Redis - needs fix in caching section and Prerequisites[0m[0m
- A1 (HIGH): Missing DLQ for parse pipeline - needs fix in architecture description[0m[0m
- S3 (MEDIUM): No input validation mention - can add brief comment[0m[0m
- S4 (MEDIUM): No application-level audit logging - can add to Prerequisites[0m[0m
- A2 (MEDIUM): Single-AZ Redis - can fix in Prerequisites[0m[0m
- N1 (HIGH): Missing VPC endpoint configuration - needs expansion in Prerequisites[0m[0m
- A3 (LOW): Cost estimate doesn't scale - can add note[0m[0m
- N2 (LOW): No Neptune endpoint type distinction - can add sentence[0m[0m
- V3 (LOW): Minor tone inconsistency - can fix inline[0m[0m
[0m[0m
[1mCode review findings:[22m[0m[0m
- Issue 1 (WARNING): Neptune parameter serialization - Python companion concern, not main recipe[0m[0m
- Issue 2 (WARNING): Silent edge drops - Python companion concern[0m[0m
- Issues 3-5 (NOTE): Minor Python companion issues[0m[0m
[0m[0m
The code review findings are all about the Python companion file, not the main recipe. I'll defer those to the TechWriter for the Python companion edit.[0m[0m
[0m[0m
For the main recipe, I can directly address: V3 (LOW tone fix), N2 (LOW endpoint note), A3 (LOW cost scaling note). The HIGH and MEDIUM findings require substantive new technical content that I should defer via TODO markers rather than introducing new claims.[0m[0m
I'll create the following file: [38;5;141mchapter13.01-drug-formulary-navigation.md[0m[38;5;244m (using tool: write)[0m
Purpose: Final edited version of Recipe 13.1 incorporating review feedback. Changes: (1) Fixed V3 tone inconsistency in "Where the Field Is Today" section. (2) Added SQS DLQ to Ingredients table per A1. (3) Added Multi-AZ and Redis AUTH/TLS to ElastiCache entries per S2/A2. (4) Added Neptune reader/writer endpoint note per N2. (5) Added multi-plan cost scaling note per A3. (6) Added input validation to Step 5 pseudocode per S3. (7) Added parameterized query injection note to Step 3 per S3. (8) Added application-level audit logging to CloudTrail row per S4. (9) Placed TODO markers for S1, S2, A1, N1 where substantive new technical content is needed from TechWriter.

[49m[39m    1,   1[0m:[39m[49m # Recipe 13.1: Drug Formulary Navigation ⭐
[0m[49m[39m    2,   2[0m:[39m[49m 
[0m[49m[39m    3,   3[0m:[39m[49m **Complexity:** Simple · **Phase:** MVP · **Estimated Cost:** ~$0.01 per query
[0m[49m[39m    4,   4[0m:[39m[49m 
[0m[49m[39m    5,   5[0m:[39m[49m ---
[0m[49m[39m    6,   6[0m:[39m[49m 
[0m[49m[39m    7,   7[0m:[39m[49m ## The Problem
[0m[49m[39m    8,   8[0m:[39m[49m 
[0m[49m[39m    9,   9[0m:[39m[49m A physician is writing a prescription for atorvastatin. The patient's insurance plan covers it, but only at Tier 3. There's a therapeutically equivalent statin on Tier 1 that would save the patient $40 a month. The physician doesn't know this. The patient fills the prescription, sees the copay, calls the office, the office calls the pharmacy, the pharmacy calls the PBM, and eventually someone figures out that rosuvastatin was the preferred alternative all along.
[0m[49m[39m   10,  10[0m:[39m[49m 
[0m[49m[39m   11,  11[0m:[39m[49m This happens millions of times a day across the US healthcare system.
[0m[49m[39m   12,  12[0m:[39m[49m 
[0m[49m[39m   13,  13[0m:[39m[49m Drug formularies are the lists that health plans maintain to define which medications they cover, at what cost tier, with what restrictions (prior authorization, step therapy, quantity limits). They're the rulebook for prescription drug benefits. And they're surprisingly hard to navigate, even for the people who are supposed to use them.
[0m[49m[39m   14,  14[0m:[39m[49m 
[0m[49m[39m   15,  15[0m:[39m[49m The core problem is structural. A formulary isn't a simple lookup table. It's a web of relationships: drugs belong to therapeutic classes, classes have preferred and non-preferred members, drugs have generic equivalents, generics have authorized generics, brand names have multiple strengths, strengths have different tier placements, and all of this changes quarterly when the Pharmacy and Therapeutics (P&T) committee meets. A flat file or relational database can store this data, but querying it for the question a prescriber actually asks ("what's the cheapest equivalent my patient can take?") requires traversing multiple relationship types simultaneously.
[0m[49m[39m   16,  16[0m:[39m[49m 
[0m[49m[39m   17,  17[0m:[39m[49m That's a graph problem. And knowledge graphs are built for exactly this kind of multi-hop, relationship-rich navigation.
[0m[49m[39m   18,  18[0m:[39m[49m 
[0m[49m[39m   19,  19[0m:[39m[49m The business impact is real. Pharmacy benefit managers (PBMs) estimate that formulary-aligned prescribing reduces per-member-per-month drug spend by 15-25%. Plans that make formulary navigation easy for prescribers see higher generic utilization rates, fewer prior authorization denials, and better patient adherence (because patients can actually afford their medications). The ROI on making this data navigable is measured in millions annually for a mid-size health plan.
[0m[49m[39m   20,  20[0m:[39m[49m 
[0m[49m[39m   21,  21[0m:[39m[49m ---
[0m[49m[39m   22,  22[0m:[39m[49m 
[0m[49m[39m   23,  23[0m:[39m[49m ## The Technology: Knowledge Graphs for Drug Data
[0m[49m[39m   24,  24[0m:[39m[49m 
[0m[49m[39m   25,  25[0m:[39m[49m ### What Is a Knowledge Graph?
[0m[49m[39m   26,  26[0m:[39m[49m 
[0m[49m[39m   27,  27[0m:[39m[49m A knowledge graph is a data structure that represents information as entities (nodes) connected by typed relationships (edges). Unlike a relational database where relationships are implicit in foreign keys and JOIN operations, a knowledge graph makes relationships first-class citizens. You can ask "what is connected to what, and how?" without knowing the schema in advance.
[0m[49m[39m   28,  28[0m:[39m[49m 
[0m[49m[39m   29,  29[0m:[39m[49m The fundamental unit is a triple: subject, predicate, object. "Atorvastatin" (subject) "belongs_to" (predicate) "HMG-CoA Reductase Inhibitors" (object). "Rosuvastatin" "is_therapeutic_alternative_to" "Atorvastatin". "Atorvastatin 40mg" "has_tier" "Tier 3". Chain these triples together and you get a navigable web of pharmaceutical knowledge.
[0m[49m[39m   30,  30[0m:[39m[49m 
[0m[49m[39m   31,  31[0m:[39m[49m This matters for formulary navigation because the questions prescribers ask are inherently graph traversals:
[0m[49m[39m   32,  32[0m:[39m[49m 
[0m[49m[39m   33,  33[0m:[39m[49m - "What's the preferred alternative in this therapeutic class?" (traverse: drug -> class -> preferred members)
[0m[49m[39m   34,  34[0m:[39m[49m - "Is there a generic available?" (traverse: brand -> generic equivalents)
[0m[49m[39m   35,  35[0m:[39m[49m - "What tier is the 20mg strength vs. the 40mg?" (traverse: drug -> strengths -> tier assignments)
[0m[49m[39m   36,  36[0m:[39m[49m - "Does this require prior auth?" (traverse: drug -> plan restrictions -> PA requirements)
[0m[49m[39m   37,  37[0m:[39m[49m - "What step therapy is required before this drug?" (traverse: drug -> step therapy chain -> required first-line agents)
[0m[49m[39m   38,  38[0m:[39m[49m 
[0m[49m[39m   39,  39[0m:[39m[49m In a relational model, each of these queries is a different JOIN pattern. In a graph, they're all the same operation: start at a node, follow edges of specified types, collect what you find.
[0m[49m[39m   40,  40[0m:[39m[49m 
[0m[49m[39m   41,  41[0m:[39m[49m ### Why Graphs Beat Tables Here
[0m[49m[39m   42,  42[0m:[39m[49m 
[0m[49m[39m   43,  43[0m:[39m[49m Let me be concrete about why a relational approach struggles with formulary data.
[0m[49m[39m   44,  44[0m:[39m[49m 
[0m[49m[39m   45,  45[0m:[39m[49m A typical formulary has these entity types: drugs (by NDC, GPI, or RxNorm code), therapeutic classes (often using AHFS or USP classification), plan benefit structures, tier assignments, restriction types, and clinical criteria. The relationships between them are many-to-many, hierarchical, and time-varying.
[0m[49m[39m   46,  46[0m:[39m[49m 
[0m[49m[39m   47,  47[0m:[39m[49m In a relational model, you'd need:
[0m[49m[39m   48,  48[0m:[39m[49m - A drugs table
[0m[49m[39m   49,  49[0m:[39m[49m - A therapeutic_classes table (hierarchical, so you need a self-referencing parent_id or a closure table)
[0m[49m[39m   50,  50[0m:[39m[49m - A drug_class_membership table (many-to-many)
[0m[49m[39m   51,  51[0m:[39m[49m - A tier_assignments table (per plan, per drug, per strength, per time period)
[0m[49m[39m   52,  52[0m:[39m[49m - A restrictions table (per plan, per drug, with different restriction types)
[0m[49m[39m   53,  53[0m:[39m[49m - A therapeutic_alternatives table (per class, per plan)
[0m[49m[39m   54,  54[0m:[39m[49m - A generic_equivalents table
[0m[49m[39m   55,  55[0m:[39m[49m - A step_therapy_chains table (ordered sequences)
[0m[49m[39m   56,  56[0m:[39m[49m 
[0m[49m[39m   57,  57[0m:[39m[49m To answer "what's the cheapest alternative for this patient's plan?", you're joining 5-6 tables, filtering by plan ID, checking restriction status, and sorting by tier. It works, but it's brittle. Add a new relationship type (say, biosimilar equivalence) and you need a new table and new query logic.
[0m[49m[39m   58,  58[0m:[39m[49m 
[0m[49m[39m   59,  59[0m:[39m[49m In a graph model, you add a new edge type. The query pattern doesn't change. "Start at drug X, traverse edges of type [therapeutic_alternative, generic_equivalent, biosimilar], filter by plan coverage, sort by tier." Same traversal, new edge type. The schema evolves without breaking existing queries.
[0m[49m[39m   60,  60[0m:[39m[49m 
[0m[49m[39m   61,  61[0m:[39m[49m The other advantage is path queries. "Why is this drug non-preferred?" might require traversing: drug -> class -> P&T committee decision -> clinical criteria -> evidence citation. That's a path through the graph that tells a story. In a relational model, reconstructing that path requires knowing which tables to join in which order. In a graph, you just say "find all paths from drug X to any node of type 'coverage_rationale' within 4 hops."
[0m[49m[39m   62,  62[0m:[39m[49m 
[0m[49m[39m   63,  63[0m:[39m[49m ### Graph Database Fundamentals
[0m[49m[39m   64,  64[0m:[39m[49m 
[0m[49m[39m   65,  65[0m:[39m[49m Graph databases come in two flavors: property graphs and RDF (Resource Description Framework) triple stores.
[0m[49m[39m   66,  66[0m:[39m[49m 
[0m[49m[39m   67,  67[0m:[39m[49m **Property graphs** (Neo4j, Amazon Neptune in property graph mode, TigerGraph) store nodes and edges with arbitrary key-value properties attached. Nodes have labels (Drug, TherapeuticClass, Plan). Edges have types (BELONGS_TO, IS_ALTERNATIVE_TO, HAS_TIER). Both can carry properties (effective_date, confidence_score, source). You query them with languages like Gremlin (Apache TinkerPop) or openCypher.
[0m[49m[39m   68,  68[0m:[39m[49m 
[0m[49m[39m   69,  69[0m:[39m[49m **RDF triple stores** (Amazon Neptune in RDF mode, Blazegraph, Stardog) store everything as subject-predicate-object triples. They're more standardized (W3C specs), support formal ontologies (OWL, RDFS), and enable logical inference. You query them with SPARQL. They're particularly good when you need to merge data from multiple sources with different schemas, because RDF's use of URIs as identifiers makes cross-source linking natural.
[0m[49m[39m   70,  70[0m:[39m[49m 
[0m[49m[39m   71,  71[0m:[39m[49m For formulary navigation, property graphs are usually the better fit. The data is well-structured (you know your entity types), the queries are traversal-heavy (find alternatives, navigate hierarchies), and the performance characteristics of property graph engines are optimized for exactly this pattern. RDF shines when you need to integrate with external ontologies (like linking your formulary to RxNorm or SNOMED), but you can do that integration at load time and still query as a property graph.
[0m[49m[39m   72,  72[0m:[39m[49m 
[0m[49m[39m   73,  73[0m:[39m[49m ### The Formulary Data Model
[0m[49m[39m   74,  74[0m:[39m[49m 
[0m[49m[39m   75,  75[0m:[39m[49m Here's what the graph looks like for a typical formulary:
[0m[49m[39m   76,  76[0m:[39m[49m 
[0m[49m[39m   77,  77[0m:[39m[49m **Node types:**
[0m[49m[39m   78,  78[0m:[39m[49m - Drug (identified by RxNorm CUI or NDC): the medication itself
[0m[49m[39m   79,  79[0m:[39m[49m - DrugStrength: a specific strength/form (atorvastatin 20mg tablet vs. 40mg tablet)
[0m[49m[39m   80,  80[0m:[39m[49m - TherapeuticClass: AHFS or USP classification hierarchy
[0m[49m[39m   81,  81[0m:[39m[49m - Plan: a specific benefit plan
[0m[49m[39m   82,  82[0m:[39m[49m - TierAssignment: the cost tier for a drug under a plan
[0m[49m[39m   83,  83[0m:[39m[49m - Restriction: PA, step therapy, quantity limit, age limit
[0m[49m[39m   84,  84[0m:[39m[49m - StepTherapyChain: ordered sequence of required prior medications
[0m[49m[39m   85,  85[0m:[39m[49m 
[0m[49m[39m   86,  86[0m:[39m[49m **Edge types:**
[0m[49m[39m   87,  87[0m:[39m[49m - HAS_STRENGTH (Drug -> DrugStrength)
[0m[49m[39m   88,  88[0m:[39m[49m - BELONGS_TO_CLASS (Drug -> TherapeuticClass)
[0m[49m[39m   89,  89[0m:[39m[49m - PARENT_CLASS (TherapeuticClass -> TherapeuticClass): hierarchy
[0m[49m[39m   90,  90[0m:[39m[49m - GENERIC_OF (Drug -> Drug): generic equivalence
[0m[49m[39m   91,  91[0m:[39m[49m - THERAPEUTIC_ALTERNATIVE (Drug -> Drug): same class, interchangeable
[0m[49m[39m   92,  92[0m:[39m[49m - COVERED_UNDER (DrugStrength -> Plan): with tier property
[0m[49m[39m   93,  93[0m:[39m[49m - HAS_RESTRICTION (DrugStrength + Plan -> Restriction)
[0m[49m[39m   94,  94[0m:[39m[49m - STEP_BEFORE (Drug -> Drug): step therapy ordering
[0m[49m[39m   95,  95[0m:[39m[49m 
[0m[49m[39m   96,  96[0m:[39m[49m **Key properties on edges:**
[0m[49m[39m   97,  97[0m:[39m[49m - effective_date, termination_date: temporal validity
[0m[49m[39m   98,  98[0m:[39m[49m - plan_id: which plan this applies to
[0m[49m[39m   99,  99[0m:[39m[49m - tier: 1, 2, 3, 4, or specialty
[0m[49m[39m  100, 100[0m:[39m[49m - source: which formulary file or P&T decision created this
[0m[49m[39m  101, 101[0m:[39m[49m 
[0m[49m[39m  102, 102[0m:[39m[49m This model lets you answer the prescriber's question in a single traversal: start at the prescribed drug, follow BELONGS_TO_CLASS to its therapeutic class, follow THERAPEUTIC_ALTERNATIVE edges back to other drugs in that class, filter by COVERED_UNDER edges for the patient's plan, sort by tier. Three hops, one query, sub-second response.
[0m[49m[39m  103, 103[0m:[39m[49m 
[0m[49m[39m  104, 104[0m:[39m[49m ### Where the Field Is Today
[0m[49m[39m  105, 105[0m:[39m[49m 
[0m[49m[39m  106, 106[0m:[39m[49m Graph databases have matured significantly in the last five years. Managed services handle the operational complexity (backups, scaling, high availability). Query languages have stabilized (openCypher is becoming a standard via GQL/ISO). And the tooling for loading, visualizing, and monitoring graphs has caught up with what relational databases have had for decades.
[0m[49m[39m  107, 107[0m:[39m[49m 
[0m[49m[39m  108, 108[0m:[39m[49m In healthcare specifically, knowledge graphs are seeing adoption for drug interaction checking (Recipe 13.4), clinical pathway modeling (Recipe 13.5), and terminology mapping (Recipe 13.8). Formulary navigation is one of the simpler applications because the source data is already well-structured (formulary files follow CMS-mandated formats) and the query patterns are predictable.
[0m[49m[39m  109, 109[0m:[39m[49m 
[0m[49m[38;5;9m- 110     [0m:[38;5;9m[49m The main challenge isn't the technology. It's the data pipeline: keeping the graph current as formularies change quarterly, handling mid-year amendments, and reconciling differences between the formulary file (what the plan says it covers) and the actual adjudication behavior (what the PBM actually pays for). More on that in the honest take.
[0m[49m[38;5;10m+      110[0m:[38;5;10m[49m The main challenge isn't the technology. It's keeping the graph honest. The formulary file says one thing; the PBM's adjudication system sometimes does another. More on that gap in the honest take.
[0m[49m[39m  111, 111[0m:[39m[49m 
[0m[49m[39m  112, 112[0m:[39m[49m ---
[0m[49m[39m  113, 113[0m:[39m[49m 
[0m[49m[39m  114, 114[0m:[39m[49m ## General Architecture Pattern
[0m[49m[39m  115, 115[0m:[39m[49m 
[0m[49m[39m  116, 116[0m:[39m[49m At a conceptual level, the pipeline has four stages:
[0m[49m[39m  117, 117[0m:[39m[49m 
[0m[49m[39m  118, 118[0m:[39m[49m ```
[0m[49m[39m  119, 119[0m:[39m[49m [Ingest Formulary Data] → [Build/Update Graph] → [Query API] → [Prescriber Interface]
[0m[49m[39m  120, 120[0m:[39m[49m ```
[0m[49m[39m  121, 121[0m:[39m[49m 
[0m[49m[39m  122, 122[0m:[39m[49m **Stage 1: Ingest.** Formulary data arrives in structured formats. CMS requires health plans to publish formulary files in a standardized format (the CMS formulary file layout for Part D plans). Commercial plans often use similar structures. These files contain drug lists, tier assignments, restriction codes, and therapeutic class mappings. You parse these files and transform them into graph-ready triples or property graph statements.
[0m[49m[39m  123, 123[0m:[39m[49m 
[0m[49m[39m  124, 124[0m:[39m[49m **Stage 2: Build/Update Graph.** Load the parsed data into a graph database. This isn't a one-time operation. Formularies change quarterly (January, April, July, October for most plans), with mid-quarter amendments for new drug approvals, safety withdrawals, or P&T committee decisions. Your pipeline needs to handle incremental updates: add new drugs, change tier assignments, add or remove restrictions, without rebuilding the entire graph.
[0m[49m[39m  125, 125[0m:[39m[49m 
[0m[49m[39m  126, 126[0m:[39m[49m **Stage 3: Query API.** Expose the graph through a purpose-built API that translates prescriber questions into graph traversals. The API shouldn't expose raw graph query syntax to consumers. Instead, it offers domain-specific endpoints: "find alternatives for drug X under plan Y," "check restrictions for drug X at strength Z under plan Y," "navigate therapeutic class hierarchy from class C." The API handles the traversal logic, applies temporal filters (only return currently effective data), and formats results for the consuming application.
[0m[49m[39m  127, 127[0m:[39m[49m 
[0m[49m[39m  128, 128[0m:[39m[49m **Stage 4: Prescriber Interface.** The end consumer is typically an EHR integration, a pharmacy system, or a prescriber-facing tool. It calls the API at the point of prescribing, receives structured alternatives and restriction information, and presents it in the clinical workflow. The interface needs to be fast (sub-second response) and contextual (filtered to the patient's specific plan).
[0m[49m[39m  129, 129[0m:[39m[49m 
[0m[49m[39m  130, 130[0m:[39m[49m The key architectural decision is where intelligence lives. The graph itself is "dumb" storage of relationships. The query API encodes the business logic: what counts as a valid alternative, how to rank alternatives (by tier, then by formulary preference, then by clinical equivalence), when to surface restrictions vs. suppress them. Keep this logic in the API layer, not embedded in the graph structure, so you can evolve it without reloading data.
[0m[49m[39m  131, 131[0m:[39m[49m 
[0m[49m[39m  132, 132[0m:[39m[49m ---
[0m[49m[39m  133, 133[0m:[39m[49m 
[0m[49m[39m  134, 134[0m:[39m[49m ## The AWS Implementation
[0m[49m[39m  135, 135[0m:[39m[49m 
[0m[49m[39m  136, 136[0m:[39m[49m ### Why These Services
[0m[49m[39m  137, 137[0m:[39m[49m 
[0m[49m[39m  138, 138[0m:[39m[49m **Amazon Neptune for the graph database.** Neptune is AWS's managed graph database service, supporting both property graph (Gremlin/openCypher) and RDF (SPARQL) query models. For formulary navigation, we'll use the property graph model with openCypher queries. Neptune handles the operational burden: automated backups, Multi-AZ replication, encryption at rest, and it's on the HIPAA eligible services list. The alternative would be self-managing Neo4j on EC2, which gives you more query language features but adds significant operational overhead.
[0m[49m[39m  139, 139[0m:[39m[49m 
[0m[49m[39m  140, 140[0m:[39m[49m **Amazon S3 for formulary file storage.** Formulary files land in S3 as the ingestion point. S3 event notifications trigger the parsing pipeline when new files arrive. Historical files are retained for audit and rollback purposes.
[0m[49m[39m  141, 141[0m:[39m[49m 
[0m[49m[39m  142, 142[0m:[39m[49m **AWS Lambda for the parsing and loading pipeline.** Formulary file parsing is a batch operation that runs quarterly (with occasional mid-quarter updates). Lambda handles the parse-and-load workflow: read the file from S3, transform rows into graph vertices and edges, and bulk-load into Neptune. For the quarterly full reload, you might hit Lambda's 15-minute timeout on very large formularies; Step Functions can orchestrate chunked processing if needed.
[0m[49m[39m  143, 143[0m:[39m[49m 
[0m[49m[39m  144, 144[0m:[39m[49m **AWS AppSync or API Gateway for the query API.** The prescriber-facing API needs low latency and high availability. API Gateway with Lambda resolvers works for simple query patterns. AppSync (GraphQL) is a natural fit if your consumers want flexible query shapes (some want just alternatives, others want alternatives plus restrictions plus step therapy in one call).
[0m[49m[39m  145, 145[0m:[39m[49m 
[0m[49m[39m  146, 146[0m:[39m[49m **Amazon ElastiCache (Redis) for query caching.** Formulary data changes quarterly, but the same queries repeat constantly. "What tier is atorvastatin 20mg under Plan XYZ?" gets asked every time someone prescribes it. A Redis cache in front of Neptune dramatically reduces graph query load and improves p99 latency. Cache invalidation aligns with formulary update cycles: flush the cache when you load new formulary data.
[0m[49m[39m  147, 147[0m:[39m[49m 
[0m[49m[39m  148, 148[0m:[39m[49m ### Architecture Diagram
[0m[49m[39m  149, 149[0m:[39m[49m 
[0m[49m[39m  150, 150[0m:[39m[49m ```mermaid
[0m[49m[39m  151, 151[0m:[39m[49m flowchart LR
[0m[49m[39m  152, 152[0m:[39m[49m     A[📄 Formulary Files\nCMS format] -->|Upload| B[S3 Bucket\nformulary-inbox/]
[0m[49m[39m  153, 153[0m:[39m[49m     B -->|S3 Event| C[Lambda\nformulary-parser]
[0m[49m[39m  154, 154[0m:[39m[49m     C -->|Bulk Load| D[Amazon Neptune\nProperty Graph]
[0m[49m[39m  155, 155[0m:[39m[49m     
[0m[49m[39m  156, 156[0m:[39m[49m     E[🏥 EHR / Prescriber Tool] -->|REST/GraphQL| F[API Gateway\nor AppSync]
[0m[49m[39m  157, 157[0m:[39m[49m     F -->|Check Cache| G[ElastiCache\nRedis]
[0m[49m[39m  158, 158[0m:[39m[49m     G -->|Cache Miss| H[Lambda\ngraph-query-resolver]
[0m[49m[39m  159, 159[0m:[39m[49m     H -->|openCypher| D
[0m[49m[39m  160, 160[0m:[39m[49m     H -->|Populate Cache| G
[0m[49m[39m  161, 161[0m:[39m[49m 
[0m[49m[39m  162, 162[0m:[39m[49m     style D fill:#9f9,stroke:#333
[0m[49m[39m  163, 163[0m:[39m[49m     style G fill:#ff9,stroke:#333
[0m[49m[39m  164, 164[0m:[39m[49m ```
[0m[49m[39m  165, 165[0m:[39m[49m 
[0m[49m[39m  166, 166[0m:[39m[49m ### Prerequisites
[0m[49m[39m  167, 167[0m:[39m[49m 
[0m[49m[38;5;10m+      168[0m:[38;5;10m[49m <!-- TODO (TechWriter): Expert review S1 (HIGH). Split IAM permissions into read-only (query Lambda: neptune-db:ReadDataViaQuery, neptune-db:connect) and read-write (loader Lambda: neptune-db:ReadDataViaQuery, neptune-db:WriteDataViaQuery, neptune-db:connect). Add note about enabling Neptune IAM authentication on the cluster. -->
[0m[49m[38;5;10m+      169[0m:[38;5;10m[49m 
[0m[49m[38;5;10m+      170[0m:[38;5;10m[49m <!-- TODO (TechWriter): Expert review N1 (HIGH). Expand VPC section to specify: Lambda in private subnets, required VPC endpoints (S3 gateway, CloudWatch Logs interface, STS interface for IAM auth), security group rules (Lambda SG -> Neptune SG on port 8182, Lambda SG -> Redis SG on port 6379), and NAT gateway requirement if Lambda needs internet access for RxNorm API calls. -->
[0m[49m[38;5;10m+      171[0m:[38;5;10m[49m 
[0m[49m[39m  168, 172[0m:[39m[49m | Requirement | Details |
[0m[49m[39m  169, 173[0m:[39m[49m |-------------|---------|
[0m[49m[39m  170, 174[0m:[39m[49m | **AWS Services** | Amazon Neptune, Amazon S3, AWS Lambda, API Gateway or AppSync, Amazon ElastiCache (Redis), AWS Step Functions (optional, for large loads) |
[0m[49m[39m  171, 175[0m:[39m[49m | **IAM Permissions** | `neptune-db:*` (scoped to cluster), `s3:GetObject`, `s3:PutObject`, `elasticache:*` (scoped to cluster), `lambda:InvokeFunction` |
[0m[49m[39m  172, 176[0m:[39m[49m | **BAA** | AWS BAA signed. Formulary data itself may not be PHI, but when combined with patient plan membership at query time, the system handles PHI context. |
[0m[49m[39m  173, 177[0m:[39m[49m | **Encryption** | Neptune: encryption at rest enabled at cluster creation (cannot be added later). S3: SSE-KMS. ElastiCache: encryption at rest and in-transit. All API calls over TLS. |
[0m[49m[39m  174, 178[0m:[39m[49m | **VPC** | Neptune requires VPC deployment. Lambda resolvers must be in the same VPC with appropriate security groups. VPC endpoints for S3 and CloudWatch Logs. |
[0m[49m[38;5;9m- 175     [0m:[38;5;9m[49m | **CloudTrail** | Enabled: log all Neptune, S3, and API Gateway calls for audit trail. |
[0m[49m[38;5;10m+      179[0m:[38;5;10m[49m | **CloudTrail** | Enabled: log all Neptune, S3, and API Gateway calls for audit trail. The query Lambda should also log each request (timestamp, requesting system, drug_id, plan_id) to CloudWatch Logs for application-level audit. These logs may contain PHI-adjacent data and should be encrypted and retained per HIPAA retention policies. |
[0m[49m[39m  176, 180[0m:[39m[49m | **Sample Data** | CMS publishes [Part D formulary file layouts](https://www.cms.gov/medicare/prescription-drug-coverage/prescriptiondrugcovcontra) with sample data. Use synthetic plan data for development. |
[0m[49m[38;5;9m- 177     [0m:[38;5;9m[49m | **Cost Estimate** | Neptune db.r5.large: ~$0.348/hr (~$254/month). ElastiCache cache.r6g.large: ~$0.166/hr (~$121/month). Lambda and API Gateway costs negligible at typical query volumes. Total: ~$400/month for a single-plan deployment. |
[0m[49m[38;5;10m+      181[0m:[38;5;10m[49m | **Cost Estimate** | Neptune db.r5.large: ~$0.348/hr (~$254/month). ElastiCache cache.r6g.large (Multi-AZ with automatic failover): ~$0.332/hr (~$242/month). Lambda and API Gateway costs negligible at typical query volumes. Total: ~$500/month for a single-plan deployment. For multi-plan deployments (10+ plans), expect Neptune db.r5.xlarge or larger (~$500-700/month) and proportionally larger Redis instances. |
[0m[49m[39m  178, 182[0m:[39m[49m 
[0m[49m[39m  179, 183[0m:[39m[49m ### Ingredients
[0m[49m[39m  180, 184[0m:[39m[49m 
[0m[49m[39m  181, 185[0m:[39m[49m | AWS Service | Role |
[0m[49m[39m  182, 186[0m:[39m[49m |------------|------|
[0m[49m[38;5;9m- 183     [0m:[38;5;9m[49m | **Amazon Neptune** | Stores the formulary knowledge graph; executes openCypher traversals |
[0m[49m[38;5;10m+      187[0m:[38;5;10m[49m | **Amazon Neptune** | Stores the formulary knowledge graph; executes openCypher traversals. Use the reader endpoint for query Lambdas, writer endpoint for the loader Lambda. |
[0m[49m[39m  184, 188[0m:[39m[49m | **Amazon S3** | Receives and archives formulary files |
[0m[49m[39m  185, 189[0m:[39m[49m | **AWS Lambda** | Parses formulary files into graph format; resolves API queries against Neptune |
[0m[49m[39m  186, 190[0m:[39m[49m | **API Gateway / AppSync** | Exposes formulary navigation as REST or GraphQL API |
[0m[49m[38;5;9m- 187     [0m:[38;5;9m[49m | **Amazon ElastiCache (Redis)** | Caches frequent query results; reduces Neptune load |
[0m[49m[38;5;10m+      191[0m:[38;5;10m[49m | **Amazon ElastiCache (Redis)** | Caches frequent query results; reduces Neptune load. Deploy as a Multi-AZ replication group with automatic failover. Enable Redis AUTH and TLS in-transit. |
[0m[49m[39m  188, 192[0m:[39m[49m | **AWS KMS** | Manages encryption keys for Neptune, S3, and ElastiCache |
[0m[49m[39m  189, 193[0m:[39m[49m | **Amazon CloudWatch** | Metrics, logs, and alarms for query latency and graph load operations |
[0m[49m[38;5;10m+      194[0m:[38;5;10m[49m | **Amazon SQS** | Dead letter queue for failed formulary parse/load events; triggers CloudWatch alarm on DLQ messages |
[0m[49m[39m  190, 195[0m:[39m[49m 
[0m[49m[39m  191, 196[0m:[39m[49m ### Code
[0m[49m[39m  192, 197[0m:[39m[49m 
[0m[49m[39m  193, 198[0m:[39m[49m #### Walkthrough
[0m[49m[39m  194, 199[0m:[39m[49m 
[0m[49m[39m  195, 200[0m:[39m[49m **Step 1: Parse formulary file into graph statements.** When a new formulary file lands in S3, the parser reads it and transforms each row into graph vertices (drugs, classes, plans) and edges (tier assignments, class memberships, restrictions). CMS formulary files have a defined column layout: NDC or RxNorm code, drug name, dosage form, tier level, restriction codes, therapeutic class, and alternatives. The parser maps these columns to graph entities and relationships. This step is where you handle data quality issues: missing codes, deprecated NDCs, and inconsistent class assignments. Skip this step and you have a flat file that can only answer "what tier is drug X?" but not "what are the alternatives?"
[0m[49m[39m  196, 201[0m:[39m[49m 
[0m[49m[39m  197, 202[0m:[39m[49m ```
[0m[49m[39m  198, 203[0m:[39m[49m FUNCTION parse_formulary_file(bucket, key):
[0m[49m[39m  199, 204[0m:[39m[49m     // Read the raw formulary file from storage.
[0m[49m[39m  200, 205[0m:[39m[49m     // CMS Part D files are pipe-delimited text with a header row.
[0m[49m[39m  201, 206[0m:[39m[49m     raw_data = read file from S3 at bucket/key
[0m[49m[39m  202, 207[0m:[39m[49m     
[0m[49m[39m  203, 208[0m:[39m[49m     // Parse into rows. Each row represents one drug-plan-tier combination.
[0m[49m[39m  204, 209[0m:[39m[49m     rows = parse_delimited(raw_data, delimiter="|", has_header=true)
[0m[49m[39m  205, 210[0m:[39m[49m     
[0m[49m[39m  206, 211[0m:[39m[49m     // Accumulators for graph entities
[0m[49m[39m  207, 212[0m:[39m[49m     vertices = empty list   // nodes to create or update
[0m[49m[39m  208, 213[0m:[39m[49m     edges = empty list      // relationships to create or update
[0m[49m[39m  209, 214[0m:[39m[49m     
[0m[49m[39m  210, 215[0m:[39m[49m     FOR each row in rows:
[0m[49m[39m  211, 216[0m:[39m[49m         // Create or update the Drug vertex
[0m[49m[39m  212, 217[0m:[39m[49m         drug_id = row["RXNORM_CUI"] or row["NDC"]
[0m[49m[39m  213, 218[0m:[39m[49m         append to vertices: {
[0m[49m[39m  214, 219[0m:[39m[49m             id: drug_id,
[0m[49m[39m  215, 220[0m:[39m[49m             label: "Drug",
[0m[49m[39m  216, 221[0m:[39m[49m             properties: {
[0m[49m[39m  217, 222[0m:[39m[49m                 name: row["DRUG_NAME"],
[0m[49m[39m  218, 223[0m:[39m[49m                 dosage_form: row["DOSAGE_FORM"],
[0m[49m[39m  219, 224[0m:[39m[49m                 strength: row["STRENGTH"],
[0m[49m[39m  220, 225[0m:[39m[49m                 rxnorm_cui: row["RXNORM_CUI"]
[0m[49m[39m  221, 226[0m:[39m[49m             }
[0m[49m[39m  222, 227[0m:[39m[49m         }
[0m[49m[39m  223, 228[0m:[39m[49m         
[0m[49m[39m  224, 229[0m:[39m[49m         // Create the TherapeuticClass vertex (if not already seen)
[0m[49m[39m  225, 230[0m:[39m[49m         class_id = row["THERAPEUTIC_CLASS_CODE"]
[0m[49m[39m  226, 231[0m:[39m[49m         append to vertices: {
[0m[49m[39m  227, 232[0m:[39m[49m             id: class_id,
[0m[49m[39m  228, 233[0m:[39m[49m             label: "TherapeuticClass",
[0m[49m[39m  229, 234[0m:[39m[49m             properties: {
[0m[49m[39m  230, 235[0m:[39m[49m                 name: row["THERAPEUTIC_CLASS_NAME"],
[0m[49m[39m  231, 236[0m:[39m[49m                 classification_system: "AHFS"  // or USP, depending on plan
[0m[49m[39m  232, 237[0m:[39m[49m             }
[0m[49m[39m  233, 238[0m:[39m[49m         }
[0m[49m[39m  234, 239[0m:[39m[49m         
[0m[49m[39m  235, 240[0m:[39m[49m         // Edge: Drug belongs to TherapeuticClass
[0m[49m[39m  236, 241[0m:[39m[49m         append to edges: {
[0m[49m[39m  237, 242[0m:[39m[49m             from: drug_id,
[0m[49m[39m  238, 243[0m:[39m[49m             to: class_id,
[0m[49m[39m  239, 244[0m:[39m[49m             type: "BELONGS_TO_CLASS",
[0m[49m[39m  240, 245[0m:[39m[49m             properties: { effective_date: row["EFFECTIVE_DATE"] }
[0m[49m[39m  241, 246[0m:[39m[49m         }
[0m[49m[39m  242, 247[0m:[39m[49m         
[0m[49m[39m  243, 248[0m:[39m[49m         // Edge: Drug has tier assignment under this plan
[0m[49m[39m  244, 249[0m:[39m[49m         append to edges: {
[0m[49m[39m  245, 250[0m:[39m[49m             from: drug_id,
[0m[49m[39m  246, 251[0m:[39m[49m             to: row["PLAN_ID"],
[0m[49m[39m  247, 252[0m:[39m[49m             type: "COVERED_UNDER",
[0m[49m[39m  248, 253[0m:[39m[49m             properties: {
[0m[49m[39m  249, 254[0m:[39m[49m                 tier: row["TIER_LEVEL"],
[0m[49m[39m  250, 255[0m:[39m[49m                 effective_date: row["EFFECTIVE_DATE"],
[0m[49m[39m  251, 256[0m:[39m[49m                 termination_date: row["TERMINATION_DATE"]
[0m[49m[39m  252, 257[0m:[39m[49m             }
[0m[49m[39m  253, 258[0m:[39m[49m         }
[0m[49m[39m  254, 259[0m:[39m[49m         
[0m[49m[39m  255, 260[0m:[39m[49m         // If restriction codes present, create restriction edges
[0m[49m[39m  256, 261[0m:[39m[49m         IF row["PRIOR_AUTH_FLAG"] == "Y":
[0m[49m[39m  257, 262[0m:[39m[49m             append to edges: {
[0m[49m[39m  258, 263[0m:[39m[49m                 from: drug_id,
[0m[49m[39m  259, 264[0m:[39m[49m                 to: "PA_" + row["PLAN_ID"] + "_" + drug_id,
[0m[49m[39m  260, 265[0m:[39m[49m                 type: "HAS_RESTRICTION",
[0m[49m[39m  261, 266[0m:[39m[49m                 properties: { restriction_type: "PRIOR_AUTH", plan_id: row["PLAN_ID"] }
[0m[49m[39m  262, 267[0m:[39m[49m             }
[0m[49m[39m  263, 268[0m:[39m[49m         
[0m[49m[39m  264, 269[0m:[39m[49m         IF row["STEP_THERAPY_FLAG"] == "Y":
[0m[49m[39m  265, 270[0m:[39m[49m             append to edges: {
[0m[49m[39m  266, 271[0m:[39m[49m                 from: drug_id,
[0m[49m[39m  267, 272[0m:[39m[49m                 to: "ST_" + row["PLAN_ID"] + "_" + drug_id,
[0m[49m[39m  268, 273[0m:[39m[49m                 type: "HAS_RESTRICTION",
[0m[49m[39m  269, 274[0m:[39m[49m                 properties: { restriction_type: "STEP_THERAPY", plan_id: row["PLAN_ID"] }
[0m[49m[39m  270, 275[0m:[39m[49m             }
[0m[49m[39m  271, 276[0m:[39m[49m         
[0m[49m[39m  272, 277[0m:[39m[49m         // If alternatives are listed, create therapeutic alternative edges
[0m[49m[39m  273, 278[0m:[39m[49m         IF row["ALTERNATIVE_DRUGS"] is not empty:
[0m[49m[39m  274, 279[0m:[39m[49m             FOR each alt_drug_id in split(row["ALTERNATIVE_DRUGS"], ","):
[0m[49m[39m  275, 280[0m:[39m[49m                 append to edges: {
[0m[49m[39m  276, 281[0m:[39m[49m                     from: drug_id,
[0m[49m[39m  277, 282[0m:[39m[49m                     to: trim(alt_drug_id),
[0m[49m[39m  278, 283[0m:[39m[49m                     type: "THERAPEUTIC_ALTERNATIVE",
[0m[49m[39m  279, 284[0m:[39m[49m                     properties: { plan_id: row["PLAN_ID"], source: "formulary_file" }
[0m[49m[39m  280, 285[0m:[39m[49m                 }
[0m[49m[39m  281, 286[0m:[39m[49m     
[0m[49m[39m  282, 287[0m:[39m[49m     RETURN vertices, edges
[0m[49m[39m  283, 288[0m:[39m[49m ```
[0m[49m[39m  284, 289[0m:[39m[49m 
[0m[49m[38;5;10m+      290[0m:[38;5;10m[49m <!-- TODO (TechWriter): Expert review A1 (HIGH). Add error handling guidance for the ingest pipeline: SQS dead letter queue on the S3 event notification or Lambda async invocation config, CloudWatch alarm on DLQ messages, and note that for production the Step Functions orchestration (already mentioned as optional) should be considered mandatory for retry logic and execution history. Mention idempotency: MERGE operations prevent duplicates, but partial loads could leave the graph inconsistent without transaction boundaries. -->
[0m[49m[38;5;10m+      291[0m:[38;5;10m[49m 
[0m[49m[39m  285, 292[0m:[39m[49m **Step 2: Load graph data into Neptune.** Take the parsed vertices and edges and load them into the graph database. Neptune supports bulk loading via its loader API (for initial loads) and individual upserts via openCypher MERGE statements (for incremental updates). The key decision: on a quarterly full formulary refresh, do you drop and rebuild, or do you merge? Merging preserves any enrichment you've added (like manually curated alternative relationships), but it's slower and risks stale data if a drug is removed from the formulary. The pragmatic approach: use a versioned subgraph per formulary effective date, and point queries at the current version. Skip this step and your parsed data sits in Lambda's memory doing nothing.
[0m[49m[39m  286, 293[0m:[39m[49m 
[0m[49m[39m  287, 294[0m:[39m[49m ```
[0m[49m[39m  288, 295[0m:[39m[49m FUNCTION load_graph(vertices, edges, neptune_endpoint):
[0m[49m[39m  289, 296[0m:[39m[49m     // For bulk initial load, use Neptune's bulk loader with a CSV staging file.
[0m[49m[39m  290, 297[0m:[39m[49m     // For incremental updates, use openCypher MERGE to upsert.
[0m[49m[39m  291, 298[0m:[39m[49m     
[0m[49m[39m  292, 299[0m:[39m[49m     // Connect to Neptune's openCypher endpoint
[0m[49m[39m  293, 300[0m:[39m[49m     connection = connect_to(neptune_endpoint, port=8182, protocol="bolt")
[0m[49m[39m  294, 301[0m:[39m[49m     
[0m[49m[39m  295, 302[0m:[39m[49m     // Upsert vertices: create if new, update properties if existing
[0m[49m[39m  296, 303[0m:[39m[49m     FOR each vertex in vertices:
[0m[49m[39m  297, 304[0m:[39m[49m         execute openCypher on connection:
[0m[49m[39m  298, 305[0m:[39m[49m             MERGE (n:{vertex.label} {id: vertex.id})
[0m[49m[39m  299, 306[0m:[39m[49m             SET n += vertex.properties
[0m[49m[39m  300, 307[0m:[39m[49m             // MERGE ensures we don't create duplicates.
[0m[49m[39m  301, 308[0m:[39m[49m             // SET += updates properties without removing existing ones.
[0m[49m[39m  302, 309[0m:[39m[49m     
[0m[49m[39m  303, 310[0m:[39m[49m     // Upsert edges: create if the relationship doesn't exist yet
[0m[49m[39m  304, 311[0m:[39m[49m     FOR each edge in edges:
[0m[49m[39m  305, 312[0m:[39m[49m         execute openCypher on connection:
[0m[49m[39m  306, 313[0m:[39m[49m             MATCH (a {id: edge.from})
[0m[49m[39m  307, 314[0m:[39m[49m             MATCH (b {id: edge.to})
[0m[49m[39m  308, 315[0m:[39m[49m             MERGE (a)-[r:{edge.type}]->(b)
[0m[49m[39m  309, 316[0m:[39m[49m             SET r += edge.properties
[0m[49m[39m  310, 317[0m:[39m[49m             // MERGE on the relationship prevents duplicate edges.
[0m[49m[39m  311, 318[0m:[39m[49m             // Properties like effective_date get updated if the edge already exists.
[0m[49m[39m  312, 319[0m:[39m[49m     
[0m[49m[39m  313, 320[0m:[39m[49m     // Log load statistics for monitoring
[0m[49m[39m  314, 321[0m:[39m[49m     log("Loaded {count(vertices)} vertices, {count(edges)} edges")
[0m[49m[39m  315, 322[0m:[39m[49m     
[0m[49m[39m  316, 323[0m:[39m[49m     RETURN { vertices_loaded: count(vertices), edges_loaded: count(edges) }
[0m[49m[39m  317, 324[0m:[39m[49m ```
[0m[49m[39m  318, 325[0m:[39m[49m 
[0m[49m[39m  319, 326[0m:[39m[49m **Step 3: Query for therapeutic alternatives.** This is the core value of the graph: answering "what can my patient take instead?" in a single traversal. The query starts at the prescribed drug, finds its therapeutic class, then finds all other drugs in that class that are covered under the patient's plan, sorted by tier (cheapest first). It also checks for restrictions so the prescriber knows upfront if an alternative requires prior auth or step therapy. Without the graph, this query would be a multi-table JOIN with subqueries. With the graph, it's a pattern match.
[0m[49m[39m  320, 327[0m:[39m[49m 
[0m[49m[39m  321, 328[0m:[39m[49m ```
[0m[49m[39m  322, 329[0m:[39m[49m FUNCTION find_alternatives(drug_id, plan_id, neptune_endpoint):
[0m[49m[39m  323, 330[0m:[39m[49m     // The prescriber's question: "What's cheaper and covered for this patient?"
[0m[49m[39m  324, 331[0m:[39m[49m     // We traverse: prescribed drug -> therapeutic class -> other drugs in class -> 
[0m[49m[39m  325, 332[0m:[39m[49m     //             filter by plan coverage -> sort by tier
[0m[49m[39m  326, 333[0m:[39m[49m     
[0m[49m[39m  327, 334[0m:[39m[49m     connection = connect_to(neptune_endpoint, port=8182, protocol="bolt")
[0m[49m[39m  328, 335[0m:[39m[49m     
[0m[49m[38;5;10m+      336[0m:[38;5;10m[49m     // Note: parameterized queries ($drug_id, $plan_id) prevent graph query injection.
[0m[49m[38;5;10m+      337[0m:[38;5;10m[49m     // Never build openCypher queries via string concatenation with user input.
[0m[49m[39m  329, 338[0m:[39m[49m     query = """
[0m[49m[39m  330, 339[0m:[39m[49m         // Start at the prescribed drug
[0m[49m[39m  331, 340[0m:[39m[49m         MATCH (prescribed:Drug {id: $drug_id})
[0m[49m[39m  332, 341[0m:[39m[49m         
[0m[49m[39m  333, 342[0m:[39m[49m         // Find its therapeutic class
[0m[49m[39m  334, 343[0m:[39m[49m         -[:BELONGS_TO_CLASS]->(class:TherapeuticClass)
[0m[49m[39m  335, 344[0m:[39m[49m         
[0m[49m[39m  336, 345[0m:[39m[49m         // Find other drugs in the same class
[0m[49m[39m  337, 346[0m:[39m[49m         <-[:BELONGS_TO_CLASS]-(alternative:Drug)
[0m[49m[39m  338, 347[0m:[39m[49m         
[0m[49m[39m  339, 348[0m:[39m[49m         // That are covered under the patient's plan
[0m[49m[39m  340, 349[0m:[39m[49m         -[coverage:COVERED_UNDER]->(plan:Plan {id: $plan_id})
[0m[49m[39m  341, 350[0m:[39m[49m         
[0m[49m[39m  342, 351[0m:[39m[49m         // Don't return the drug they already prescribed
[0m[49m[39m  343, 352[0m:[39m[49m         WHERE alternative.id <> $drug_id
[0m[49m[39m  344, 353[0m:[39m[49m         
[0m[49m[39m  345, 354[0m:[39m[49m         // Check for restrictions on each alternative
[0m[49m[39m  346, 355[0m:[39m[49m         OPTIONAL MATCH (alternative)-[restriction:HAS_RESTRICTION]->()
[0m[49m[39m  347, 356[0m:[39m[49m         WHERE restriction.plan_id = $plan_id
[0m[49m[39m  348, 357[0m:[39m[49m         
[0m[49m[39m  349, 358[0m:[39m[49m         // Return alternatives sorted by tier (cheapest first)
[0m[49m[39m  350, 359[0m:[39m[49m         RETURN alternative.name AS drug_name,
[0m[49m[39m  351, 360[0m:[39m[49m                alternative.id AS drug_id,
[0m[49m[39m  352, 361[0m:[39m[49m                alternative.strength AS strength,
[0m[49m[39m  353, 362[0m:[39m[49m                coverage.tier AS tier,
[0m[49m[39m  354, 363[0m:[39m[49m                collect(DISTINCT restriction.restriction_type) AS restrictions
[0m[49m[39m  355, 364[0m:[39m[49m         ORDER BY coverage.tier ASC, alternative.name ASC
[0m[49m[39m  356, 365[0m:[39m[49m     """
[0m[49m[39m  357, 366[0m:[39m[49m     
[0m[49m[39m  358, 367[0m:[39m[49m     results = execute(connection, query, parameters={drug_id: drug_id, plan_id: plan_id})
[0m[49m[39m  359, 368[0m:[39m[49m     
[0m[49m[39m  360, 369[0m:[39m[49m     RETURN results
[0m[49m[39m  361, 370[0m:[39m[49m ```
[0m[49m[39m  362, 371[0m:[39m[49m 
[0m[49m[39m  363, 372[0m:[39m[49m **Step 4: Cache results for repeated queries.** The same drug-plan combinations get queried repeatedly. Atorvastatin under Blue Cross PPO Plan 1234 might get looked up hundreds of times a day across a health system. Caching these results in Redis avoids hitting Neptune for every request. The cache key combines drug ID and plan ID. Cache TTL aligns with formulary update frequency: set it to 24 hours during normal periods, and flush explicitly when you load new formulary data. Skip caching and your Neptune cluster will be oversized (and over-budget) to handle the query volume.
[0m[49m[39m  364, 373[0m:[39m[49m 
[0m[49m[38;5;10m+      374[0m:[38;5;10m[49m <!-- TODO (TechWriter): Expert review S2 (HIGH). Add guidance on Redis security posture: (1) Enable ElastiCache AUTH (Redis AUTH token or IAM-based access control via ElastiCache for Redis 7.0+). (2) Note that cache keys containing plan_id create an access pattern log of medication inquiries per member; recommend using plan-type identifiers rather than member-specific plan IDs where possible, or document PHI implications if member-specific caching is required. (3) Confirm TLS in-transit is required for Lambda-to-Redis connections. -->
[0m[49m[38;5;10m+      375[0m:[38;5;10m[49m 
[0m[49m[39m  365, 376[0m:[39m[49m ```
[0m[49m[39m  366, 377[0m:[39m[49m FUNCTION get_alternatives_cached(drug_id, plan_id, redis_client, neptune_endpoint):
[0m[49m[39m  367, 378[0m:[39m[49m     // Build a deterministic cache key from the query parameters
[0m[49m[39m  368, 379[0m:[39m[49m     cache_key = "alternatives:" + drug_id + ":" + plan_id
[0m[49m[39m  369, 380[0m:[39m[49m     
[0m[49m[39m  370, 381[0m:[39m[49m     // Check Redis first
[0m[49m[39m  371, 382[0m:[39m[49m     cached_result = redis_client.get(cache_key)
[0m[49m[39m  372, 383[0m:[39m[49m     
[0m[49m[39m  373, 384[0m:[39m[49m     IF cached_result is not null:
[0m[49m[39m  374, 385[0m:[39m[49m         // Cache hit. Return immediately without touching Neptune.
[0m[49m[39m  375, 386[0m:[39m[49m         RETURN deserialize(cached_result)
[0m[49m[39m  376, 387[0m:[39m[49m     
[0m[49m[39m  377, 388[0m:[39m[49m     // Cache miss. Query the graph.
[0m[49m[39m  378, 389[0m:[39m[49m     result = find_alternatives(drug_id, plan_id, neptune_endpoint)
[0m[49m[39m  379, 390[0m:[39m[49m     
[0m[49m[39m  380, 391[0m:[39m[49m     // Store in cache with 24-hour TTL.
[0m[49m[39m  381, 392[0m:[39m[49m     // Formulary data changes at most daily (quarterly full refresh, occasional mid-quarter amendments).
[0m[49m[39m  382, 393[0m:[39m[49m     redis_client.set(cache_key, serialize(result), ttl=86400)
[0m[49m[39m  383, 394[0m:[39m[49m     
[0m[49m[39m  384, 395[0m:[39m[49m     RETURN result
[0m[49m[39m  385, 396[0m:[39m[49m ```
[0m[49m[39m  386, 397[0m:[39m[49m 
[0m[49m[39m  387, 398[0m:[39m[49m **Step 5: Expose via API with plan context.** The final step wraps the graph query in a clean API that accepts what the prescriber's system knows (drug name or code, patient's plan ID) and returns what they need (ranked alternatives with tier and restriction information). The API also handles the common case where the prescribed drug IS the preferred option: it returns a confirmation rather than alternatives. This matters for UX. A prescriber doesn't want to see "no alternatives found" when they've already picked the best option; they want "this is the preferred drug in its class."
[0m[49m[39m  388, 399[0m:[39m[49m 
[0m[49m[39m  389, 400[0m:[39m[49m ```
[0m[49m[39m  390, 401[0m:[39m[49m FUNCTION handle_formulary_query(request):
[0m[49m[38;5;9m- 391     [0m:[38;5;9m[49m     // Extract parameters from the API request
[0m[49m[38;5;10m+      402[0m:[38;5;10m[49m     // Extract and validate parameters from the API request.
[0m[49m[38;5;10m+      403[0m:[38;5;10m[49m     // Validate format before querying: drug_id should match RxNorm CUI or NDC pattern,
[0m[49m[38;5;10m+      404[0m:[38;5;10m[49m     // plan_id should match expected plan identifier format.
[0m[49m[39m  392, 405[0m:[39m[49m     drug_id = request.params["drug_id"]       // RxNorm CUI or NDC
[0m[49m[39m  393, 406[0m:[39m[49m     plan_id = request.params["plan_id"]       // patient's benefit plan identifier
[0m[49m[39m  394, 407[0m:[39m[49m     
[0m[49m[38;5;10m+      408[0m:[38;5;10m[49m     IF NOT valid_drug_id_format(drug_id) OR NOT valid_plan_id_format(plan_id):
[0m[49m[38;5;10m+      409[0m:[38;5;10m[49m         RETURN { status: "INVALID_INPUT", message: "Malformed drug_id or plan_id." }
[0m[49m[38;5;10m+      410[0m:[38;5;10m[49m     
[0m[49m[39m  395, 411[0m:[39m[49m     // First, check the tier of the prescribed drug itself
[0m[49m[39m  396, 412[0m:[39m[49m     prescribed_tier = get_drug_tier(drug_id, plan_id)
[0m[49m[39m  397, 413[0m:[39m[49m     
[0m[49m[39m  398, 414[0m:[39m[49m     IF prescribed_tier is null:
[0m[49m[39m  399, 415[0m:[39m[49m         // Drug not on formulary at all
[0m[49m[39m  400, 416[0m:[39m[49m         RETURN {
[0m[49m[39m  401, 417[0m:[39m[49m             status: "NOT_COVERED",
[0m[49m[39m  402, 418[0m:[39m[49m             prescribed_drug: drug_id,
[0m[49m[39m  403, 419[0m:[39m[49m             message: "This drug is not on the formulary for this plan.",
[0m[49m[39m  404, 420[0m:[39m[49m             alternatives: get_alternatives_cached(drug_id, plan_id, redis, neptune)
[0m[49m[39m  405, 421[0m:[39m[49m         }
[0m[49m[39m  406, 422[0m:[39m[49m     
[0m[49m[39m  407, 423[0m:[39m[49m     // Get alternatives
[0m[49m[39m  408, 424[0m:[39m[49m     alternatives = get_alternatives_cached(drug_id, plan_id, redis, neptune)
[0m[49m[39m  409, 425[0m:[39m[49m     
[0m[49m[39m  410, 426[0m:[39m[49m     // Check if any alternative has a better (lower) tier
[0m[49m[39m  411, 427[0m:[39m[49m     better_alternatives = filter(alternatives, WHERE tier < prescribed_tier)
[0m[49m[39m  412, 428[0m:[39m[49m     
[0m[49m[39m  413, 429[0m:[39m[49m     IF better_alternatives is empty:
[0m[49m[39m  414, 430[0m:[39m[49m         // The prescribed drug is already the best option
[0m[49m[39m  415, 431[0m:[39m[49m         RETURN {
[0m[49m[39m  416, 432[0m:[39m[49m             status: "PREFERRED",
[0m[49m[39m  417, 433[0m:[39m[49m             prescribed_drug: drug_id,
[0m[49m[39m  418, 434[0m:[39m[49m             tier: prescribed_tier,
[0m[49m[39m  419, 435[0m:[39m[49m             message: "This is the preferred option in its therapeutic class."
[0m[49m[39m  420, 436[0m:[39m[49m         }
[0m[49m[39m  421, 437[0m:[39m[49m     ELSE:
[0m[49m[39m  422, 438[0m:[39m[49m         RETURN {
[0m[49m[39m  423, 439[0m:[39m[49m             status: "ALTERNATIVES_AVAILABLE",
[0m[49m[39m  424, 440[0m:[39m[49m             prescribed_drug: drug_id,
[0m[49m[39m  425, 441[0m:[39m[49m             prescribed_tier: prescribed_tier,
[0m[49m[39m  426, 442[0m:[39m[49m             alternatives: better_alternatives,
[0m[49m[39m  427, 443[0m:[39m[49m             message: "Lower-cost alternatives are available."
[0m[49m[39m  428, 444[0m:[39m[49m         }
[0m[49m[39m  429, 445[0m:[39m[49m ```
[0m[49m[39m  430, 446[0m:[39m[49m 
[0m[49m[39m  431, 447[0m:[39m[49m > **Curious how this looks in Python?** The pseudocode above covers the concepts. If you'd like to see sample Python code that demonstrates these patterns using boto3 and the Neptune openCypher endpoint, check out the [Python Example](chapter13.01-python-example). It walks through each step with inline comments and notes on what you'd need to change for a real deployment.
[0m[49m[39m  432, 448[0m:[39m[49m 
[0m[49m[39m  433, 449[0m:[39m[49m ### Expected Results
[0m[49m[39m  434, 450[0m:[39m[49m 
[0m[49m[39m  435, 451[0m:[39m[49m **Sample output for atorvastatin 40mg under a commercial PPO plan:**
[0m[49m[39m  436, 452[0m:[39m[49m 
[0m[49m[39m  437, 453[0m:[39m[49m ```json
[0m[49m[39m  438, 454[0m:[39m[49m {
[0m[49m[39m  439, 455[0m:[39m[49m   "status": "ALTERNATIVES_AVAILABLE",
[0m[49m[39m  440, 456[0m:[39m[49m   "prescribed_drug": "RX_83367",
[0m[49m[39m  441, 457[0m:[39m[49m   "prescribed_tier": 3,
[0m[49m[39m  442, 458[0m:[39m[49m   "alternatives": [
[0m[49m[39m  443, 459[0m:[39m[49m     {
[0m[49m[39m  444, 460[0m:[39m[49m       "drug_name": "Rosuvastatin 20mg",
[0m[49m[39m  445, 461[0m:[39m[49m       "drug_id": "RX_301542",
[0m[49m[39m  446, 462[0m:[39m[49m       "strength": "20mg",
[0m[49m[39m  447, 463[0m:[39m[49m       "tier": 1,
[0m[49m[39m  448, 464[0m:[39m[49m       "restrictions": []
[0m[49m[39m  449, 465[0m:[39m[49m     },
[0m[49m[39m  450, 466[0m:[39m[49m     {
[0m[49m[39m  451, 467[0m:[39m[49m       "drug_name": "Simvastatin 40mg",
[0m[49m[39m  452, 468[0m:[39m[49m       "drug_id": "RX_36567",
[0m[49m[39m  453, 469[0m:[39m[49m       "strength": "40mg",
[0m[49m[39m  454, 470[0m:[39m[49m       "tier": 1,
[0m[49m[39m  455, 471[0m:[39m[49m       "restrictions": []
[0m[49m[39m  456, 472[0m:[39m[49m     },
[0m[49m[39m  457, 473[0m:[39m[49m     {
[0m[49m[39m  458, 474[0m:[39m[49m       "drug_name": "Pravastatin 40mg",
[0m[49m[39m  459, 475[0m:[39m[49m       "drug_id": "RX_42463",
[0m[49m[39m  460, 476[0m:[39m[49m       "strength": "40mg",
[0m[49m[39m  461, 477[0m:[39m[49m       "tier": 2,
[0m[49m[39m  462, 478[0m:[39m[49m       "restrictions": []
[0m[49m[39m  463, 479[0m:[39m[49m     }
[0m[49m[39m  464, 480[0m:[39m[49m   ],
[0m[49m[39m  465, 481[0m:[39m[49m   "message": "Lower-cost alternatives are available."
[0m[49m[39m  466, 482[0m:[39m[49m }
[0m[49m[39m  467, 483[0m:[39m[49m ```
[0m[49m[39m  468, 484[0m:[39m[49m 
[0m[49m[39m  469, 485[0m:[39m[49m **Performance benchmarks:**
[0m[49m[39m  470, 486[0m:[39m[49m 
[0m[49m[39m  471, 487[0m:[39m[49m | Metric | Typical Value |
[0m[49m[39m  472, 488[0m:[39m[49m |--------|---------------|
[0m[49m[39m  473, 489[0m:[39m[49m | Query latency (cache hit) | 2-5 ms |
[0m[49m[39m  474, 490[0m:[39m[49m | Query latency (cache miss, graph traversal) | 15-50 ms |
[0m[49m[39m  475, 491[0m:[39m[49m | Graph load time (full formulary, ~50K drugs) | 3-8 minutes |
[0m[49m[39m  476, 492[0m:[39m[49m | Graph size (single plan formulary) | ~50K vertices, ~200K edges |
[0m[49m[39m  477, 493[0m:[39m[49m | Cache hit rate (steady state) | 85-95% |
[0m[49m[39m  478, 494[0m:[39m[49m | Cost per query | ~$0.001 (amortized Neptune + cache) |
[0m[49m[39m  479, 495[0m:[39m[49m 
[0m[49m[39m  480, 496[0m:[39m[49m **Where it struggles:** Drugs with complex step therapy chains (3+ required prior medications). Plans with highly customized formularies that don't follow standard therapeutic class groupings. Combination drugs that span multiple classes. And the perennial problem: the formulary file says one thing, but the PBM's adjudication system behaves differently due to overrides, grandfather clauses, or processing errors.
[0m[49m[39m  481, 497[0m:[39m[49m 
[0m[49m[39m  482, 498[0m:[39m[49m ---
[0m[49m[39m  483, 499[0m:[39m[49m 
[0m[49m[39m  484, 500[0m:[39m[49m ## Why This Isn't Production-Ready
[0m[49m[39m  485, 501[0m:[39m[49m 
[0m[49m[39m  486, 502[0m:[39m[49m **Formulary file format variations.** The pseudocode assumes a clean, CMS-standard pipe-delimited file. In practice, commercial plans publish formulary data in dozens of formats: Excel spreadsheets, PDFs (yes, really), proprietary XML schemas, and NCPDP-standard files that each PBM interprets slightly differently. Your parser needs to handle multiple input formats, and you'll spend more time on parsing edge cases than on graph queries.
[0m[49m[39m  487, 503[0m:[39m[49m 
[0m[49m[39m  488, 504[0m:[39m[49m **Temporal validity.** The graph needs to answer "what was the formulary on March 15?" for claims adjudication disputes, not just "what is the formulary today?" This requires versioning every edge with effective and termination dates, and filtering all queries by a point-in-time parameter. The pseudocode shows effective_date properties but doesn't demonstrate temporal query filtering.
[0m[49m[39m  489, 505[0m:[39m[49m 
[0m[49m[39m  490, 506[0m:[39m[49m **RxNorm normalization.** Formulary files use inconsistent drug identifiers. Some use NDC (National Drug Code), some use GPI (Generic Product Identifier), some use RxNorm CUIs. Before you can build therapeutic alternative relationships, you need to normalize everything to a common identifier. RxNorm is the standard choice, but the mapping isn't always clean (especially for combination drugs and new approvals).
[0m[49m[39m  491, 507[0m:[39m[49m 
[0m[49m[39m  492, 508[0m:[39m[49m **Neptune connection management.** Lambda functions in a VPC connecting to Neptune need connection pooling. Cold starts with Neptune connections add 1-2 seconds of latency. Use provisioned concurrency for the query Lambda, or consider an always-on Fargate task for the query layer if cold start latency is unacceptable.
[0m[49m[39m  493, 509[0m:[39m[49m 
[0m[49m[39m  494, 510[0m:[39m[49m ---
[0m[49m[39m  495, 511[0m:[39m[49m 
[0m[49m[39m  496, 512[0m:[39m[49m ## The Honest Take
[0m[49m[39m  497, 513[0m:[39m[49m 
[0m[49m[39m  498, 514[0m:[39m[49m This recipe is one of the cleaner knowledge graph applications because the source data is already structured. You're not doing NLP extraction or entity resolution. The formulary file tells you exactly which drugs are on which tier. The graph just makes it navigable in ways a flat file can't support.
[0m[49m[39m  499, 515[0m:[39m[49m 
[0m[49m[39m  500, 516[0m:[39m[49m The part that will surprise you: building the graph is maybe 20% of the work. Keeping it current is 80%. Formularies change quarterly, but the real headache is mid-quarter amendments. A new drug gets FDA approval and the P&T committee adds it in week 6 of the quarter. A safety signal causes a drug to be removed. A manufacturer rebate deal changes tier placement for a single drug. Each of these is a targeted graph update that needs to happen within days, not wait for the next quarterly reload.
[0m[49m[39m  501, 517[0m:[39m[49m 
[0m[49m[39m  502, 518[0m:[39m[49m The therapeutic alternative relationships are where the real value lives, and they're also the hardest to get right. The formulary file might list alternatives, but those lists are often incomplete or based on class membership rather than true clinical equivalence. A statin is not always interchangeable with another statin for a specific patient (dose equivalence tables matter, contraindications matter, prior adverse reactions matter). The graph can tell you what's formulary-preferred, but clinical judgment still determines what's appropriate. Make sure your UI communicates "formulary alternatives" not "recommended substitutions."
[0m[49m[39m  503, 519[0m:[39m[49m 
[0m[49m[39m  504, 520[0m:[39m[49m The cache hit rate makes or breaks your cost model. Neptune isn't cheap (~$250/month minimum for a production instance). If 90% of queries hit Redis, your effective cost per query is trivial. If your cache hit rate drops (because you have many plans with different formularies, or because you're not normalizing drug identifiers consistently in cache keys), Neptune query volume spikes and you need a larger instance.
[0m[49m[39m  505, 521[0m:[39m[49m 
[0m[49m[39m  506, 522[0m:[39m[49m One more thing: the gap between "what the formulary file says" and "what the PBM actually adjudicates" is real and frustrating. I've seen cases where a drug is listed as Tier 2 in the formulary file but consistently adjudicates at Tier 3 due to a system override that nobody documented. Your graph reflects the published formulary, not necessarily the operational reality. Build feedback loops from claims adjudication data to validate your graph against actual tier assignments.
[0m[49m[39m  507, 523[0m:[39m[49m 
[0m[49m[39m  508, 524[0m:[39m[49m ---
[0m[49m[39m  509, 525[0m:[39m[49m 
[0m[49m[39m  510, 526[0m:[39m[49m ## Variations and Extensions
[0m[49m[39m  511, 527[0m:[39m[49m 
[0m[49m[39m  512, 528[0m:[39m[49m **Multi-plan comparison.** Extend the query to compare formulary coverage across multiple plans for a patient who's choosing between insurance options during open enrollment. The graph traversal is the same, just fanned out across plan nodes. Useful for benefits advisors and health insurance marketplaces.
[0m[49m[39m  513, 529[0m:[39m[49m 
[0m[49m[39m  514, 530[0m:[39m[49m **Step therapy path visualization.** For drugs with step therapy requirements, traverse the STEP_BEFORE edges to build a visual path: "Before you can get Drug C, the plan requires you to try Drug A, then Drug B, each for 30 days." Present this as a timeline to the prescriber so they understand the full journey, not just the current restriction.
[0m[49m[39m  515, 531[0m:[39m[49m 
[0m[49m[39m  516, 532[0m:[39m[49m **Generic substitution with pricing.** Enrich the graph with average wholesale price (AWP) or WAC data on drug nodes. When presenting alternatives, show estimated patient cost (tier copay) alongside the drug name. This turns a clinical tool into a shared decision-making tool that patients and prescribers can use together.
[0m[49m[39m  517, 533[0m:[39m[49m 
[0m[49m[39m  518, 534[0m:[39m[49m ---
[0m[49m[39m  519, 535[0m:[39m[49m 
[0m[49m[39m  520, 536[0m:[39m[49m ## Related Recipes
[0m[49m[39m  521, 537[0m:[39m[49m 
[0m[49m[39m  522, 538[0m:[39m[49m - **Recipe 13.4 (Drug-Drug Interaction Knowledge Base):** Uses a similar graph structure but models interaction relationships between drugs rather than formulary relationships. The two graphs can share a common drug node layer.
[0m[49m[39m  523, 539[0m:[39m[49m - **Recipe 13.3 (ICD/CPT Hierarchy Navigation):** Demonstrates the same hierarchical traversal pattern applied to diagnosis and procedure codes rather than drug classifications.
[0m[49m[39m  524, 540[0m:[39m[49m - **Recipe 13.6 (Care Gap Reasoning Engine):** Consumes formulary data as part of medication adherence gap detection. If a patient isn't filling a prescribed medication, the care gap engine checks whether a formulary barrier (high tier, PA requirement) might be the cause.
[0m[49m[39m  525, 541[0m:[39m[49m - **Recipe 11.5 (Insurance Benefits Navigator):** A conversational interface that could use this recipe's API as its backend for answering patient questions about drug coverage.
[0m[49m[39m  526, 542[0m:[39m[49m 
[0m[49m[39m  527, 543[0m:[39m[49m ---
[0m[49m[39m  528, 544[0m:[39m[49m 
[0m[49m[39m  529, 545[0m:[39m[49m ## Additional Resources
[0m[49m[39m  530, 546[0m:[39m[49m 
[0m[49m[39m  531, 547[0m:[39m[49m **AWS Documentation:**
[0m[49m[39m  532, 548[0m:[39m[49m - [Amazon Neptune User Guide](https://docs.aws.amazon.com/neptune/latest/userguide/intro.html)
[0m[49m[39m  533, 549[0m:[39m[49m - [Amazon Neptune openCypher Query Language](https://docs.aws.amazon.com/neptune/latest/userguide/access-graph-opencypher.html)
[0m[49m[39m  534, 550[0m:[39m[49m - [Neptune Bulk Loader](https://docs.aws.amazon.com/neptune/latest/userguide/bulk-load.html)
[0m[49m[39m  535, 551[0m:[39m[49m - [Amazon Neptune Pricing](https://aws.amazon.com/neptune/pricing/)
[0m[49m[39m  536, 552[0m:[39m[49m - [AWS HIPAA Eligible Services](https://aws.amazon.com/compliance/hipaa-eligible-services-reference/)
[0m[49m[39m  537, 553[0m:[39m[49m - [Amazon ElastiCache for Redis User Guide](https://docs.aws.amazon.com/AmazonElastiCache/latest/red-ug/WhatIs.html)
[0m[49m[39m  538, 554[0m:[39m[49m 
[0m[49m[39m  539, 555[0m:[39m[49m **AWS Sample Repos:**
[0m[49m[39m  540, 556[0m:[39m[49m - [`amazon-neptune-samples`](https://github.com/aws-samples/amazon-neptune-samples): General Neptune examples including graph data modeling, bulk loading, and query patterns
[0m[49m[39m  541, 557[0m:[39m[49m - [`amazon-neptune-ontology-example-blog`](https://github.com/aws-samples/amazon-neptune-ontology-example-blog): Demonstrates building and querying ontology-based knowledge graphs in Neptune
[0m[49m[39m  542, 558[0m:[39m[49m 
[0m[49m[39m  543, 559[0m:[39m[49m **AWS Solutions and Blogs:**
[0m[49m[39m  544, 560[0m:[39m[49m - [Building a Knowledge Graph with Amazon Neptune](https://aws.amazon.com/blogs/database/building-a-knowledge-graph-with-amazon-neptune/): End-to-end walkthrough of graph modeling and querying in Neptune
[0m[49m[39m  545, 561[0m:[39m[49m - [Let Me Graph That For You (Neptune Blog Series)](https://aws.amazon.com/blogs/database/let-me-graph-that-for-you-part-1-air-routes/): Multi-part series on graph data modeling patterns applicable to healthcare use cases
[0m[49m[39m  546, 562[0m:[39m[49m 
[0m[49m[39m  547, 563[0m:[39m[49m ---
[0m[49m[39m  548, 564[0m:[39m[49m 
[0m[49m[39m  549, 565[0m:[39m[49m ## Estimated Implementation Time
[0m[49m[39m  550, 566[0m:[39m[49m 
[0m[49m[39m  551, 567[0m:[39m[49m | Tier | Timeline | What You Get |
[0m[49m[39m  552, 568[0m:[39m[49m |------|----------|--------------|
[0m[49m[39m  553, 569[0m:[39m[49m | **Basic** | 2-3 weeks | Single-plan formulary loaded, alternative lookup API working, no caching |
[0m[49m[39m  554, 570[0m:[39m[49m | **Production-ready** | 6-8 weeks | Multi-plan support, Redis caching, temporal versioning, monitoring, CI/CD for formulary updates |
[0m[49m[39m  555, 571[0m:[39m[49m | **With variations** | 10-12 weeks | Multi-plan comparison, step therapy visualization, pricing enrichment, EHR integration |
[0m[49m[39m  556, 572[0m:[39m[49m 
[0m[49m[39m  557, 573[0m:[39m[49m ---
[0m[49m[39m  558, 574[0m:[39m[49m 
[0m[49m[39m  559, 575[0m:[39m[49m ## Tags
[0m[49m[39m  560, 576[0m:[39m[49m 
[0m[49m[39m  561, 577[0m:[39m[49m `knowledge-graph` · `neptune` · `formulary` · `pharmacy` · `drug-alternatives` · `opencypher` · `graph-database` · `elasticache` · `simple` · `mvp` · `hipaa`
[0m[49m[39m  562, 578[0m:[39m[49m 
[0m[49m[39m  563, 579[0m:[39m[49m ---
[0m[49m[39m  564, 580[0m:[39m[49m 
[0m[49m[39m  565, 581[0m:[39m[49m *← [Chapter 13 Index](chapter13-index) · [Next: Recipe 13.2 - Provider Directory as Knowledge Graph →](chapter13.02-provider-directory-knowledge-graph)*
[0m[K
Replacing: [38;5;141mchapter13.01-drug-formulary-navigation.md[0m
[38;5;244m - Completed in 0.1s[0m

[38;5;141m> [0mNow let me verify the file is clean (no em dashes, TODOs are properly formatted):[0m[0m
[0m[0m
Searching for: [38;5;141m—[0m in [38;5;141m/tmp/ralph-worktrees/iter-946/chapter13.01-drug-formulary-navigation.md[0m[38;5;244m (using tool: grep)[0mSearching for: [38;5;141mTODO[0m in [38;5;141m/tmp/ralph-worktrees/iter-946/chapter13.01-drug-formulary-navigation.md[0m[38;5;244m (using tool: grep)[0m
[38;5;9m ❗ [0mNo matches found for pattern: [38;5;244m—[0m under /tmp/ralph-worktrees/iter-946/chapter13.01-drug-formulary-navigation.md
[38;5;244m - Completed in 0.0s[0m


[38;5;10m ✓ [0mSuccessfully found [38;5;244m4 matches[0m in [38;5;244m1 files[0m under /tmp/ralph-worktrees/iter-946/chapter13.01-drug-formulary-navigation.md
[38;5;244m - Completed in 0.0s[0m

[38;5;141m> [0mAll 4 TODO markers are properly formatted with the [38;5;10m<!-- TODO (TechWriter): Expert review XX (HIGH). ... -->[0m pattern, and each includes the finding ID (S1, N1, A1, S2) on the same line. No em dashes present.[0m[0m
[0m[0m
Here's a summary of the editorial changes made:[0m[0m
[0m[0m
[1mEdits applied directly:[22m[0m[0m
[0m[0m
1. [1mV3 (LOW):[22m Rewrote the final paragraph of "Where the Field Is Today" to maintain conversational register. Changed from white-paper tone to: "The main challenge isn't the technology. It's keeping the graph honest. The formulary file says one thing; the PBM's adjudication system sometimes does another. More on that gap in the honest take."[0m[0m
[0m[0m
2. [1mS3 (MEDIUM):[22m Added input validation to Step 5 pseudocode (format check on drug_id/plan_id with early return). Added comment in Step 3 noting parameterized queries prevent injection.[0m[0m
[0m[0m
3. [1mS4 (MEDIUM):[22m Expanded CloudTrail row in Prerequisites to include application-level audit logging requirement with PHI retention note.[0m[0m
[0m[0m
4. [1mA2 (MEDIUM):[22m Updated ElastiCache entries in Ingredients and Cost Estimate to specify Multi-AZ replication group with automatic failover.[0m[0m
[0m[0m
5. [1mN2 (LOW):[22m Added reader/writer endpoint distinction to Neptune row in Ingredients table.[0m[0m
[0m[0m
6. [1mA3 (LOW):[22m Added multi-plan scaling note to Cost Estimate row.[0m[0m
[0m[0m
7. [1mA1 partial:[22m Added Amazon SQS to Ingredients table as DLQ for failed parse/load events.[0m[0m
[0m[0m
8. [1mS2 partial:[22m Added Redis AUTH and TLS in-transit to ElastiCache Ingredients entry.[0m[0m
[0m[0m
[1mDeferred via TODO markers (require substantive new content from TechWriter):[22m[0m[0m
[0m[0m
- **S1 (HIGH):** IAM permissions split into least-privilege policies[0m[0m
- **N1 (HIGH):** Full VPC networking expansion (subnets, endpoints, SG rules, NAT)[0m[0m
- **A1 (HIGH):** Full error handling/DLQ pipeline guidance in the walkthrough prose[0m[0m
[38;5;252m[0m[?25l[?25l[0m[0m[?25l[0m[?25l[0m[0m[?25l[0m[?25l[0m[0m[?25l[0m[?25l[0m[0m[?25l[0m[?25l[0m[0m[?25l[0m[?25l[0m[0m[?25l[0m[?25l[?25l[0m[0m[?25l[0m[0m[0m
[38;5;8m
 ▸ Credits: 10.30 • Time: 4m 36s

[0m[1G[0m[0m[?25h- **S2 (HIGH):** Detailed Redis PHI/security posture guidance in caching section[38;5;11mWARNING: [0mDuplicate agent with name [38;5;10mmeshclaw-lite[0m was found in the global directory.
[0m[32mAll tools are now trusted ([0m[31m![0m[32m). Kiro will execute tools without asking for confirmation.[0m
Agents can sometimes do unexpected things so understand the risks.

Learn more at [38;5;141mhttps://kiro.dev/docs/cli/chat/security/#using-tools-trust-all-safely[0m



[38;5;252m[0m[?25l[?25l[0m[0m[1mTool validation failed: [0m
[38;5;9mFailed to validate tool parameters: '/tmp/ralph-worktrees/iter-946/chapters/13-knowledge-graphs/recipe-01-drug-formulary-navigation.md' does not exist
[0m[?25l[0m[0m[1mTool validation failed: [0m
[38;5;9mFailed to validate tool parameters: Directory not found: /tmp/ralph-worktrees/iter-946/chapters/13-knowledge-graphs
[0m[?25l[0m[0m[1mTool validation failed: [0m
[38;5;9mFailed to validate tool parameters: Directory not found: /tmp/ralph-worktrees/iter-946/chapters
Reading directory: [38;5;141m/tmp/ralph-worktrees/iter-946[0m[38;5;244m (using tool: read, max depth: 2, max entries: 1000, excluding: defaults)[0m
[38;5;10m ✓ [0mSuccessfully read directory [38;5;141m/tmp/ralph-worktrees/iter-946[0m [38;5;244m(showing 1000 of 2362 entries, offset: 0)[0m
[38;5;244m - Completed in 0.135s[0m

[38;5;141m> [0mNow I can see the recipe file and the relevant reviews. Let me read the STYLE-GUIDE.md, the recipe file, and the reviews for chapter 13.01.[0m[0m
Batch fs_read operation with [38;5;141m3[0m operations[38;5;244m (using tool: read)[0m

↱ Operation 1: Reading file: [38;5;141m/tmp/ralph-worktrees/iter-946/STYLE-GUIDE.md[0m, all lines
↱ Operation 2: Reading file: [38;5;141m/tmp/ralph-worktrees/iter-946/reviews/chapter13.01-expert-review.md[0m, all lines
↱ Operation 3: Reading file: [38;5;141m/tmp/ralph-worktrees/iter-946/reviews/chapter13.01-code-review.md[0m, all lines
[38;5;10m ✓ [0mSuccessfully read [38;5;244m3731 bytes[0m from /tmp/ralph-worktrees/iter-946/STYLE-GUIDE.md

[38;5;10m ✓ [0mSuccessfully read [38;5;244m18686 bytes[0m from /tmp/ralph-worktrees/iter-946/reviews/chapter13.01-expert-review.md

[38;5;10m ✓ [0mSuccessfully read [38;5;244m8723 bytes[0m from /tmp/ralph-worktrees/iter-946/reviews/chapter13.01-code-review.md

 ⋮ 

[38;5;244m- [0mSummary: 3 operations processed, 3 successful, 0 failed
[38;5;244m - Completed in 0.0s[0m

[38;5;141m> [0mNow let me read the actual recipe file to check for style guide compliance:[0m[0m
Reading file: [38;5;141m/tmp/ralph-worktrees/iter-946/chapter13.01-drug-formulary-navigation.md[0m, from line [38;5;141m1[0m to [38;5;141m100[0m[38;5;244m (using tool: read)[0m
[38;5;10m ✓ [0mSuccessfully read [38;5;244m8553 bytes[0m from /tmp/ralph-worktrees/iter-946/chapter13.01-drug-formulary-navigation.md
[38;5;244m - Completed in 0.0s[0m

Reading file: [38;5;141m/tmp/ralph-worktrees/iter-946/chapter13.01-drug-formulary-navigation.md[0m, from line [38;5;141m101[0m to [38;5;141m200[0m[38;5;244m (using tool: read)[0m
[38;5;10m ✓ [0mSuccessfully read [38;5;244m10725 bytes[0m from /tmp/ralph-worktrees/iter-946/chapter13.01-drug-formulary-navigation.md
[38;5;244m - Completed in 0.0s[0m

Reading file: [38;5;141m/tmp/ralph-worktrees/iter-946/chapter13.01-drug-formulary-navigation.md[0m, from line [38;5;141m201[0m to [38;5;141m350[0m[38;5;244m (using tool: read)[0m
[38;5;10m ✓ [0mSuccessfully read [38;5;244m7408 bytes[0m from /tmp/ralph-worktrees/iter-946/chapter13.01-drug-formulary-navigation.md
[38;5;244m - Completed in 0.0s[0m

Reading file: [38;5;141m/tmp/ralph-worktrees/iter-946/chapter13.01-drug-formulary-navigation.md[0m, from line [38;5;141m351[0m to [38;5;141m500[0m[38;5;244m (using tool: read)[0m
[38;5;10m ✓ [0mSuccessfully read [38;5;244m7132 bytes[0m from /tmp/ralph-worktrees/iter-946/chapter13.01-drug-formulary-navigation.md
[38;5;244m - Completed in 0.0s[0m

Reading file: [38;5;141m/tmp/ralph-worktrees/iter-946/chapter13.01-drug-formulary-navigation.md[0m, from line [38;5;141m501[0m to [38;5;141m650[0m[38;5;244m (using tool: read)[0m
[38;5;10m ✓ [0mSuccessfully read [38;5;244m8151 bytes[0m from /tmp/ralph-worktrees/iter-946/chapter13.01-drug-formulary-navigation.md
[38;5;244m - Completed in 0.0s[0m

[38;5;141m> [0mNow I have a complete picture. Let me check for em dashes specifically:[0m[0m
Searching: [38;5;141m/tmp/ralph-worktrees/iter-946/chapter13.01-drug-formulary-navigation.md[0m for pattern: [38;5;141m—[0m[38;5;244m (using tool: read)[0m
[38;5;10m ✓ [0mFound 0 matches for pattern '—' in /tmp/ralph-worktrees/iter-946/chapter13.01-drug-formulary-navigation.md
[38;5;244m - Completed in 0.0s[0m

[38;5;141m> [0mGood, no em dashes. Now let me check for code blocks without language tags:[0m[0m
Searching: [38;5;141m/tmp/ralph-worktrees/iter-946/chapter13.01-drug-formulary-navigation.md[0m for pattern: [38;5;141m^```$[0m[38;5;244m (using tool: read)[0m
[38;5;10m ✓ [0mFound 0 matches for pattern '^```$' in /tmp/ralph-worktrees/iter-946/chapter13.01-drug-formulary-navigation.md
[38;5;244m - Completed in 0.0s[0m

[38;5;141m> [0mAll code blocks have language tags. Let me verify the header hierarchy:[0m[0m
Searching for: [38;5;141m^#{1,6} [0m in [38;5;141m/tmp/ralph-worktrees/iter-946/chapter13.01-drug-formulary-navigation.md[0m[38;5;244m (using tool: grep)[0m
[38;5;10m ✓ [0mSuccessfully found [38;5;244m24 matches[0m in [38;5;244m1 files[0m under /tmp/ralph-worktrees/iter-946/chapter13.01-drug-formulary-navigation.md (result is truncated)
[38;5;244m - Completed in 0.0s[0m

Searching for: [38;5;141m^#{1,6} [0m in [38;5;141m/tmp/ralph-worktrees/iter-946/chapter13.01-drug-formulary-navigation.md[0m[38;5;244m (using tool: grep)[0m
[38;5;10m ✓ [0mSuccessfully found [38;5;244m24 matches[0m in [38;5;244m1 files[0m under /tmp/ralph-worktrees/iter-946/chapter13.01-drug-formulary-navigation.md
[38;5;244m - Completed in 0.0s[0m

[38;5;141m> [0mHeader hierarchy is correct: H1 -> H2 -> H3 -> H4, no skipped levels.[0m[0m
[0m[0m
Now let me verify the TODO markers reference the HIGH/MEDIUM findings from the expert review:[0m[0m
Searching for: [38;5;141mTODO[0m in [38;5;141m/tmp/ralph-worktrees/iter-946/chapter13.01-drug-formulary-navigation.md[0m[38;5;244m (using tool: grep)[0m
[38;5;10m ✓ [0mSuccessfully found [38;5;244m4 matches[0m in [38;5;244m1 files[0m under /tmp/ralph-worktrees/iter-946/chapter13.01-drug-formulary-navigation.md
[38;5;244m - Completed in 0.0s[0m

[38;5;141m> [0mNow I have a complete picture. Let me assess the findings:[0m[0m
[0m[0m
1. [1mEm dashes[22m: None found. PASS.[0m[0m
2. [1mHeader hierarchy[22m: Correct (H1 > H2 > H3 > H4, no skips). PASS.[0m[0m
3. [1mCode blocks with language tags[22m: All code blocks have language tags ([38;5;10mmermaid[0m, [38;5;10mjson[0m, and the pseudocode blocks use no-language-tag... wait, let me recheck.[0m[0m
Searching for: [38;5;141m^```[0m in [38;5;141m/tmp/ralph-worktrees/iter-946/chapter13.01-drug-formulary-navigation.md[0m[38;5;244m (using tool: grep)[0m
[38;5;10m ✓ [0mSuccessfully found [38;5;244m16 matches[0m in [38;5;244m1 files[0m under /tmp/ralph-worktrees/iter-946/chapter13.01-drug-formulary-navigation.md
[38;5;244m - Completed in 0.0s[0m

[38;5;141m> [0mLines 118, 202, 288, 294, 328, 370, 396, 400, 445 open code blocks without language tags. Let me check what these are:[0m[0m
Reading file: [38;5;141m/tmp/ralph-worktrees/iter-946/chapter13.01-drug-formulary-navigation.md[0m, from line [38;5;141m117[0m to [38;5;141m121[0m[38;5;244m (using tool: read)[0m
[38;5;10m ✓ [0mSuccessfully read [38;5;244m101 bytes[0m from /tmp/ralph-worktrees/iter-946/chapter13.01-drug-formulary-navigation.md
[38;5;244m - Completed in 0.0s[0m

[38;5;141m> [0mThat's a plain text diagram. The pseudocode blocks at lines 202, 294, 328, 370, 396, 400, 445 are the pseudocode blocks. Let me check one:[0m[0m
Reading file: [38;5;141m/tmp/ralph-worktrees/iter-946/chapter13.01-drug-formulary-navigation.md[0m, from line [38;5;141m201[0m to [38;5;141m204[0m[38;5;244m (using tool: read)[0m
[38;5;10m ✓ [0mSuccessfully read [38;5;244m97 bytes[0m from /tmp/ralph-worktrees/iter-946/chapter13.01-drug-formulary-navigation.md
[38;5;244m - Completed in 0.0s[0m

[38;5;141m> [0mThese pseudocode blocks lack language tags. The style guide says "all code blocks have language tags." These are code blocks without language tags. This is a style guide violation.[0m[0m
[0m[0m
Now let me check the voice consistency and whether the MEDIUM findings from the expert review are addressed or flagged as TODOs. The expert review had these MEDIUM findings:[0m[0m
- S3: Input validation (MEDIUM) - [1mIncorporated[22m in Step 5 pseudocode (lines 400+, the [38;5;10mvalid_drug_id_format[0m check and the comment about parameterized queries)[0m[0m
- S4: Application-level audit logging (MEDIUM) - [1mIncorporated[22m in the CloudTrail row of Prerequisites table[0m[0m
- A2: Single-AZ Redis (MEDIUM) - [1mIncorporated[22m in the Cost Estimate row and Ingredients table (Multi-AZ with automatic failover)[0m[0m
- N1: VPC endpoint configuration (HIGH) - [1mFlagged as TODO[22m[0m[0m
[0m[0m
The HIGH findings:[0m[0m
- S1: IAM not least-privilege - [1mFlagged as TODO[22m (line 168)[0m[0m
- S2: PHI in Redis - [1mFlagged as TODO[22m (line 374)[0m[0m
- A1: Missing DLQ - [1mFlagged as TODO[22m (line 290), but also partially incorporated (SQS DLQ is in the Ingredients table)[0m[0m
- N1: VPC endpoint config - [1mFlagged as TODO[22m (line 170)[0m[0m
[0m[0m
All HIGH and MEDIUM findings are either incorporated or explicitly flagged as TODO markers for the TechWriter. This meets the pass condition.[0m[0m
[0m[0m
The one issue is the missing language tags on pseudocode blocks. This is a style guide violation.[0m[0m
[0m[0m
[0m[?25l[0m[0m[?25l[0m[?25l[0m[0m[?25l[0m[?25l[0m[0m[?25l[0m[?25l[0m[0m[?25l[0m[?25l[0m[0m[?25l[0m[?25l[0m[0m[?25l[0m[?25l[0m[0m[?25l[0m[?25l[0m[0m[?25l[0m[?25l[0m[0m[?25l[0m[?25l[0m[0m[?25l[0m[?25l[0m[0m[?25l[0m[?25l[0m[0m[?25l[0m[?25l[0m[0m[?25l[0m[?25l[0m[0m[?25l[0m[?25l[0m[0m[?25l[0m[0m[0m
[38;5;8m
 ▸ Credits: 14.21 • Time: 1m 23s

[0m[1G[0m[0m[?25h{"verdict": "fail", "rationale": "Multiple code blocks (pseudocode at lines 118, 202, 294, 328, 370, 396, 400, 445) lack language tags. The style guide requires all code blocks to have language tags. All other checks pass: no em dashes, correct header hierarchy, voice is consistent with STYLE-GUIDE.md, and all HIGH/MEDIUM expert review findings are either incorporated or explicitly flagged as TODO markers for the TechWriter."}