# parallel_worker header: concurrency_limit=2 batch_id=batch-1779756915012-000001-aea581eb53d3f682 iteration=415 task_id=ch11-r09-expert-review persona=TechExpertReviewer
[32mAll tools are now trusted ([0m[31m![0m[32m). Kiro will execute tools without asking for confirmation.[0m
Agents can sometimes do unexpected things so understand the risks.

Learn more at [38;5;141mhttps://kiro.dev/docs/cli/chat/security/#using-tools-trust-all-safely[0m



Reading directory: [38;5;141mC:\tmp\ralph-worktrees\iter-415[0m[38;5;244m (using tool: read, max depth: 1, max entries: 1000, excluding: defaults)[0m
[38;5;10m ✓ [0mSuccessfully read directory [38;5;141mC:\tmp\ralph-worktrees\iter-415[0m [38;5;244m(showing 1000 of 1559 entries, offset: 0)[0m
[38;5;244m - Completed in 0.24s[0m

Batch fs_read operation with [38;5;141m2[0m operations[38;5;244m (using tool: read)[0m

↱ Operation 1: Reading file: [38;5;141mC:\tmp\ralph-worktrees\iter-415\specs\ch11-r09-draft.md[0m, all lines
↱ Operation 2: Reading file: [38;5;141mC:\tmp\ralph-worktrees\iter-415\specs\ch11-r09-expert-review.md[0m, all lines
[38;5;10m ✓ [0mSuccessfully read [38;5;244m857 bytes[0m from C:\tmp\ralph-worktrees\iter-415\specs\ch11-r09-draft.md

[38;5;10m ✓ [0mSuccessfully read [38;5;244m829 bytes[0m from C:\tmp\ralph-worktrees\iter-415\specs\ch11-r09-expert-review.md

 ⋮ 

[38;5;244m- [0mSummary: 2 operations processed, 2 successful, 0 failed
[38;5;244m - Completed in 0.0s[0m

Searching for files: [38;5;141m**/chapter11.09*[0m[38;5;244m (using tool: glob)[0m
[38;5;10m ✓ [0mSuccessfully found [38;5;244m1 files[0m under current directory
[38;5;244m - Completed in 0.13s[0m

Reading file: [38;5;141mC:\tmp\ralph-worktrees\iter-415\chapter11.09-care-coordination-assistant.md[0m, all lines[38;5;244m (using tool: read)[0m
[38;5;10m ✓ [0mSuccessfully read [38;5;244m245959 bytes[0m from C:\tmp\ralph-worktrees\iter-415\chapter11.09-care-coordination-assistant.md
[38;5;244m - Completed in 0.1s[0m

Batch fs_read operation with [38;5;141m2[0m operations[38;5;244m (using tool: read)[0m

↱ Operation 1: Reading file: [38;5;141mC:\tmp\ralph-worktrees\iter-415\reviews\chapter11.08-expert-review.md[0m, all lines
↱ Operation 2: Reading file: [38;5;141mC:\tmp\ralph-worktrees\iter-415\STYLE-GUIDE.md[0m, all lines
[38;5;10m ✓ [0mSuccessfully read [38;5;244m192396 bytes[0m from C:\tmp\ralph-worktrees\iter-415\reviews\chapter11.08-expert-review.md

[38;5;10m ✓ [0mSuccessfully read [38;5;244m3731 bytes[0m from C:\tmp\ralph-worktrees\iter-415\STYLE-GUIDE.md

 ⋮ 

[38;5;244m- [0mSummary: 2 operations processed, 2 successful, 0 failed
[38;5;244m - Completed in 0.2s[0m

Searching for files: [38;5;141m**/chapter11.09*[0m[38;5;244m (using tool: glob)[0m
[38;5;10m ✓ [0mSuccessfully found [38;5;244m1 files[0m under current directory
[38;5;244m - Completed in 0.29s[0m

Batch fs_read operation with [38;5;141m2[0m operations[38;5;244m (using tool: read)[0m

↱ Operation 1: Searching: [38;5;141mC:\tmp\ralph-worktrees\iter-415\chapter11.09-care-coordination-assistant.md[0m for pattern: [38;5;141m—[0m
↱ Operation 2: Searching: [38;5;141mC:\tmp\ralph-worktrees\iter-415\chapter11.09-care-coordination-assistant.md[0m for pattern: [38;5;141mtodo[0m
[38;5;10m ✓ [0mFound 0 matches for pattern '—' in C:\tmp\ralph-worktrees\iter-415\chapter11.09-care-coordination-assistant.md

[38;5;10m ✓ [0mFound 19 matches for pattern 'TODO' in C:\tmp\ralph-worktrees\iter-415\chapter11.09-care-coordination-assistant.md

 ⋮ 

[38;5;244m- [0mSummary: 2 operations processed, 2 successful, 0 failed
[38;5;244m - Completed in 0.5s[0m

Searching for files: [38;5;141mreviews/chapter11.09*[0m[38;5;244m (using tool: glob)[0m
[38;5;9m ❗ [0mNo files found matching pattern: [38;5;244mreviews/chapter11.09*[0m under current directory
[38;5;244m - Completed in 0.14s[0m

[38;5;141m> [0mNow I have enough context. The recipe is comprehensive (2722 lines), em-dash count is 0, voice is consistent with CC's register, and the recipe correctly elevates many of its central operational primitives. Let me write the expert review.[0m[0m
[38;5;141m> [0mI'll write the expert review file directly, keeping it focused and following the chapter 11 review pattern.[0m[0m
[38;5;141m> [0mI'll write the expert review now in a focused, single-pass format.[0m[0m
