pending queue processed: loaded=0 admitted=0 discarded=0
parallel_scheduler: assembled batch_id=batch-1779755881592-000001-4c1bda8f91b95034 size=2 concurrency_limit=2 task_ids=['ch11-r09-draft', 'ch11-r10-draft']
tasks_json_serializer: persisted status update reason='pre_spawn batch=batch-1779755881592-000001-4c1bda8f91b95034' applied=2 missing=0
worktree_allocator: created git worktree iteration=410 path=C:\tmp\ralph-worktrees\iter-410 branch=ralph/worker/iter-410 parent_sha=ce9b7277c7c641496254b60998b98996886a5bff
worktree_allocator: created git worktree iteration=411 path=C:\tmp\ralph-worktrees\iter-411 branch=ralph/worker/iter-411 parent_sha=ce9b7277c7c641496254b60998b98996886a5bff
Kiro CLI call of kind 'persona_execution' reported no token usage (marker 'RALPH_TOKEN_USAGE:' not found or unparseable)
Kiro CLI call of kind 'persona_review' reported no token usage (marker 'RALPH_TOKEN_USAGE:' not found or unparseable)
Kiro CLI call of kind 'persona_execution' reported no token usage (marker 'RALPH_TOKEN_USAGE:' not found or unparseable)
Kiro CLI call of kind 'persona_review' reported no token usage (marker 'RALPH_TOKEN_USAGE:' not found or unparseable)
tasks_json_serializer: persisted status update reason='worker outcome=pass iter=410' applied=1 missing=0
tasks_json_serializer: applied worker diff iteration=410 task=ch11-r09-draft persona=TechWriter run_id=8d76bf11-38fd-424e-a031-f03111ee7c54 accepted=0 rejected=0 reverted=0 spilled=0
tasks_json_serializer: persisted status update reason='worker outcome=pass iter=411' applied=1 missing=0
tasks_json_serializer: reverting out-of-band modification: worker iteration=411 task=ch11-r10-draft persona=TechWriter reverted_task=ch11-r09-draft run_id=8d76bf11-38fd-424e-a031-f03111ee7c54
tasks_json_serializer: applied worker diff iteration=411 task=ch11-r10-draft persona=TechWriter run_id=8d76bf11-38fd-424e-a031-f03111ee7c54 accepted=0 rejected=0 reverted=1 spilled=0
git_manager: git apply returned 1 worktree=C:\tmp\ralph-worktrees\iter-410 conflicting_paths=['_Sidebar.md', 'chapter11.09-care-coordination-assistant.md'] stderr=error: patch failed: _Sidebar.md:184
error: _Sidebar.md: patch does not apply
error: patch failed: chapter11.09-care-coordination-assistant.md:1442
error: chapter11.09-care-coordination-assistant.md: patch does not apply
commit_serializer: attribution conflict iteration=410 task=ch11-r09-draft batch=batch-1779755881592-000001-4c1bda8f91b95034 conflicting_paths=['_Sidebar.md', 'chapter11.09-care-coordination-assistant.md'] error=error: patch failed: _Sidebar.md:184
error: _Sidebar.md: patch does not apply
error: patch failed: chapter11.09-care-coordination-assistant.md:1442
error: chapter11.09-care-coordination-assistant.md: patch does not apply
git_manager: git apply returned 1 worktree=C:\tmp\ralph-worktrees\iter-411 conflicting_paths=['_Sidebar.md'] stderr=error: patch failed: _Sidebar.md:184
error: _Sidebar.md: patch does not apply
commit_serializer: attribution conflict iteration=411 task=ch11-r10-draft batch=batch-1779755881592-000001-4c1bda8f91b95034 conflicting_paths=['_Sidebar.md'] error=error: patch failed: _Sidebar.md:184
error: _Sidebar.md: patch does not apply
worktree_allocator: git worktree remove returned 255 iteration=410 path=C:\tmp\ralph-worktrees\iter-410 stderr=error: failed to delete '.git/worktrees/iter-410': Permission denied; falling back to rmtree
worktree_allocator: git worktree remove returned 255 iteration=411 path=C:\tmp\ralph-worktrees\iter-411 stderr=error: failed to delete '.git/worktrees/iter-411': Permission denied; falling back to rmtree
