pending queue processed: loaded=0 admitted=0 discarded=0
parallel_scheduler: assembled batch_id=batch-1780535799951-000001-6eb21e78208a3c59 size=2 concurrency_limit=2 task_ids=['ch06-r02-edit', 'ch07-r04-edit']
tasks_json_serializer: persisted status update reason='pre_spawn batch=batch-1780535799951-000001-6eb21e78208a3c59' applied=2 missing=0
worktree_allocator: created git worktree iteration=1226 path=/tmp/ralph-worktrees/iter-1226 branch=ralph/worker/iter-1226 parent_sha=2a922d4c05062e3dca61ce77340b30b500c1d7e4
worktree_allocator: created git worktree iteration=1227 path=/tmp/ralph-worktrees/iter-1227 branch=ralph/worker/iter-1227 parent_sha=2a922d4c05062e3dca61ce77340b30b500c1d7e4
Kiro CLI call of kind 'persona_execution' reported no token usage (marker 'RALPH_TOKEN_USAGE:' not found or unparseable)
Kiro CLI call of kind 'persona_execution' reported no token usage (marker 'RALPH_TOKEN_USAGE:' not found or unparseable)
Kiro CLI call of kind 'persona_review' reported no token usage (marker 'RALPH_TOKEN_USAGE:' not found or unparseable)
Kiro CLI call of kind 'persona_review' reported no token usage (marker 'RALPH_TOKEN_USAGE:' not found or unparseable)
tasks_json_serializer: persisted status update reason='worker outcome=fail iter=1226' applied=1 missing=0
tasks_json_serializer: applied worker diff iteration=1226 task=ch06-r02-edit persona=TechEditor run_id=04a01267-fa1d-48c1-bb53-8d0f54bff8b4 accepted=0 rejected=0 reverted=0 spilled=0
tasks_json_serializer: persisted status update reason='worker outcome=fail iter=1227' applied=1 missing=0
tasks_json_serializer: applied worker diff iteration=1227 task=ch07-r04-edit persona=TechEditor run_id=04a01267-fa1d-48c1-bb53-8d0f54bff8b4 accepted=0 rejected=0 reverted=0 spilled=0
git_manager: worktree diff empty worktree=/tmp/ralph-worktrees/iter-1226
commit_serializer: no changes to commit iteration=1226 task=ch06-r02-edit batch=batch-1780535799951-000001-6eb21e78208a3c59
git_manager: worktree diff empty worktree=/tmp/ralph-worktrees/iter-1227
commit_serializer: no changes to commit iteration=1227 task=ch07-r04-edit batch=batch-1780535799951-000001-6eb21e78208a3c59
worktree_allocator: removed git worktree iteration=1226 path=/tmp/ralph-worktrees/iter-1226
worktree_allocator: removed git worktree iteration=1227 path=/tmp/ralph-worktrees/iter-1227
parallel_scheduler: assembled batch_id=batch-1780536167486-000002-fa5ee0d7305a526d size=2 concurrency_limit=2 task_ids=['ch06-r02-edit', 'ch07-r04-edit']
tasks_json_serializer: persisted status update reason='pre_spawn batch=batch-1780536167486-000002-fa5ee0d7305a526d' applied=2 missing=0
worktree_allocator: created git worktree iteration=1228 path=/tmp/ralph-worktrees/iter-1228 branch=ralph/worker/iter-1228 parent_sha=2a922d4c05062e3dca61ce77340b30b500c1d7e4
worktree_allocator: created git worktree iteration=1229 path=/tmp/ralph-worktrees/iter-1229 branch=ralph/worker/iter-1229 parent_sha=2a922d4c05062e3dca61ce77340b30b500c1d7e4
Kiro CLI call of kind 'persona_execution' reported no token usage (marker 'RALPH_TOKEN_USAGE:' not found or unparseable)
Kiro CLI call of kind 'persona_execution' reported no token usage (marker 'RALPH_TOKEN_USAGE:' not found or unparseable)
Kiro CLI call of kind 'persona_review' reported no token usage (marker 'RALPH_TOKEN_USAGE:' not found or unparseable)
Kiro CLI call of kind 'persona_review' reported no token usage (marker 'RALPH_TOKEN_USAGE:' not found or unparseable)
tasks_json_serializer: persisted status update reason='worker outcome=fail iter=1228' applied=1 missing=0
tasks_json_serializer: applied worker diff iteration=1228 task=ch06-r02-edit persona=TechEditor run_id=04a01267-fa1d-48c1-bb53-8d0f54bff8b4 accepted=0 rejected=0 reverted=0 spilled=0
tasks_json_serializer: persisted status update reason='worker outcome=fail iter=1229' applied=1 missing=0
tasks_json_serializer: applied worker diff iteration=1229 task=ch07-r04-edit persona=TechEditor run_id=04a01267-fa1d-48c1-bb53-8d0f54bff8b4 accepted=0 rejected=0 reverted=0 spilled=0
git_manager: worktree diff empty worktree=/tmp/ralph-worktrees/iter-1228
commit_serializer: no changes to commit iteration=1228 task=ch06-r02-edit batch=batch-1780536167486-000002-fa5ee0d7305a526d
git_manager: applied worktree diff worktree=/tmp/ralph-worktrees/iter-1229 bytes=8587
commit_serializer: committed iteration=1229 task=ch07-r04-edit batch=batch-1780536167486-000002-fa5ee0d7305a526d sha=fed1294e5feafe8f2737d83a5ea43962cf79cc60
worktree_allocator: removed git worktree iteration=1228 path=/tmp/ralph-worktrees/iter-1228
worktree_allocator: removed git worktree iteration=1229 path=/tmp/ralph-worktrees/iter-1229
parallel_scheduler: assembled batch_id=batch-1780536460586-000003-425dacb1630fa5ab size=2 concurrency_limit=2 task_ids=['ch06-r02-edit', 'ch07-r04-edit']
tasks_json_serializer: persisted status update reason='pre_spawn batch=batch-1780536460586-000003-425dacb1630fa5ab' applied=2 missing=0
worktree_allocator: created git worktree iteration=1230 path=/tmp/ralph-worktrees/iter-1230 branch=ralph/worker/iter-1230 parent_sha=fed1294e5feafe8f2737d83a5ea43962cf79cc60
worktree_allocator: created git worktree iteration=1231 path=/tmp/ralph-worktrees/iter-1231 branch=ralph/worker/iter-1231 parent_sha=fed1294e5feafe8f2737d83a5ea43962cf79cc60
Kiro CLI call of kind 'persona_execution' reported no token usage (marker 'RALPH_TOKEN_USAGE:' not found or unparseable)
Kiro CLI call of kind 'persona_execution' reported no token usage (marker 'RALPH_TOKEN_USAGE:' not found or unparseable)
Kiro CLI call of kind 'persona_review' reported no token usage (marker 'RALPH_TOKEN_USAGE:' not found or unparseable)
Kiro CLI call of kind 'persona_review' reported no token usage (marker 'RALPH_TOKEN_USAGE:' not found or unparseable)
tasks_json_serializer: persisted status update reason='worker outcome=fail iter=1230' applied=1 missing=0
tasks_json_serializer: applied worker diff iteration=1230 task=ch06-r02-edit persona=TechEditor run_id=04a01267-fa1d-48c1-bb53-8d0f54bff8b4 accepted=0 rejected=0 reverted=0 spilled=0
tasks_json_serializer: persisted status update reason='worker outcome=fail iter=1231' applied=1 missing=0
tasks_json_serializer: applied worker diff iteration=1231 task=ch07-r04-edit persona=TechEditor run_id=04a01267-fa1d-48c1-bb53-8d0f54bff8b4 accepted=0 rejected=0 reverted=0 spilled=0
git_manager: worktree diff empty worktree=/tmp/ralph-worktrees/iter-1230
commit_serializer: no changes to commit iteration=1230 task=ch06-r02-edit batch=batch-1780536460586-000003-425dacb1630fa5ab
git_manager: applied worktree diff worktree=/tmp/ralph-worktrees/iter-1231 bytes=4680
commit_serializer: committed iteration=1231 task=ch07-r04-edit batch=batch-1780536460586-000003-425dacb1630fa5ab sha=eabdfefa455ad74a345d42fb08577e90fc6e88cd
worktree_allocator: removed git worktree iteration=1230 path=/tmp/ralph-worktrees/iter-1230
worktree_allocator: removed git worktree iteration=1231 path=/tmp/ralph-worktrees/iter-1231
parallel_scheduler: assembled batch_id=batch-1780536825334-000004-f52923ef018ceefc size=2 concurrency_limit=2 task_ids=['ch06-r02-edit', 'ch07-r04-edit']
tasks_json_serializer: persisted status update reason='pre_spawn batch=batch-1780536825334-000004-f52923ef018ceefc' applied=2 missing=0
worktree_allocator: created git worktree iteration=1232 path=/tmp/ralph-worktrees/iter-1232 branch=ralph/worker/iter-1232 parent_sha=eabdfefa455ad74a345d42fb08577e90fc6e88cd
worktree_allocator: created git worktree iteration=1233 path=/tmp/ralph-worktrees/iter-1233 branch=ralph/worker/iter-1233 parent_sha=eabdfefa455ad74a345d42fb08577e90fc6e88cd
escalation event: task ch06-r02-edit retry 3 -> persona TechEditor
escalation event: task ch07-r04-edit retry 3 -> persona TechEditor
Kiro CLI call of kind 'escalation' reported no token usage (marker 'RALPH_TOKEN_USAGE:' not found or unparseable)
Kiro CLI call of kind 'escalation' reported no token usage (marker 'RALPH_TOKEN_USAGE:' not found or unparseable)
Kiro CLI call of kind 'persona_review' reported no token usage (marker 'RALPH_TOKEN_USAGE:' not found or unparseable)
Kiro CLI call of kind 'persona_review' reported no token usage (marker 'RALPH_TOKEN_USAGE:' not found or unparseable)
tasks_json_serializer: persisted status update reason='worker outcome=fail iter=1232' applied=1 missing=0
tasks_json_serializer: applied worker diff iteration=1232 task=ch06-r02-edit persona=TechEditor run_id=04a01267-fa1d-48c1-bb53-8d0f54bff8b4 accepted=0 rejected=0 reverted=0 spilled=0
tasks_json_serializer: persisted status update reason='worker outcome=fail iter=1233' applied=1 missing=0
tasks_json_serializer: applied worker diff iteration=1233 task=ch07-r04-edit persona=TechEditor run_id=04a01267-fa1d-48c1-bb53-8d0f54bff8b4 accepted=0 rejected=0 reverted=0 spilled=0
git_manager: worktree diff empty worktree=/tmp/ralph-worktrees/iter-1232
commit_serializer: no changes to commit iteration=1232 task=ch06-r02-edit batch=batch-1780536825334-000004-f52923ef018ceefc
git_manager: applied worktree diff worktree=/tmp/ralph-worktrees/iter-1233 bytes=3981
commit_serializer: committed iteration=1233 task=ch07-r04-edit batch=batch-1780536825334-000004-f52923ef018ceefc sha=59f62b08cddc3cf119d9a3ee0c1c2b78e3b1fcd0
worktree_allocator: removed git worktree iteration=1232 path=/tmp/ralph-worktrees/iter-1232
worktree_allocator: removed git worktree iteration=1233 path=/tmp/ralph-worktrees/iter-1233
parallel_scheduler: assembled batch_id=batch-1780537129482-000005-5338d2ce71a1ad70 size=2 concurrency_limit=2 task_ids=['ch06-r02-edit', 'ch07-r04-edit']
tasks_json_serializer: persisted status update reason='pre_spawn batch=batch-1780537129482-000005-5338d2ce71a1ad70' applied=2 missing=0
worktree_allocator: created git worktree iteration=1234 path=/tmp/ralph-worktrees/iter-1234 branch=ralph/worker/iter-1234 parent_sha=59f62b08cddc3cf119d9a3ee0c1c2b78e3b1fcd0
worktree_allocator: created git worktree iteration=1235 path=/tmp/ralph-worktrees/iter-1235 branch=ralph/worker/iter-1235 parent_sha=59f62b08cddc3cf119d9a3ee0c1c2b78e3b1fcd0
escalation event: task ch06-r02-edit retry 4 -> persona TechEditor
escalation event: task ch07-r04-edit retry 4 -> persona TechEditor
Kiro CLI call of kind 'escalation' reported no token usage (marker 'RALPH_TOKEN_USAGE:' not found or unparseable)
Kiro CLI call of kind 'escalation' reported no token usage (marker 'RALPH_TOKEN_USAGE:' not found or unparseable)
Kiro CLI call of kind 'persona_review' reported no token usage (marker 'RALPH_TOKEN_USAGE:' not found or unparseable)
Kiro CLI call of kind 'persona_review' reported no token usage (marker 'RALPH_TOKEN_USAGE:' not found or unparseable)
tasks_json_serializer: persisted status update reason='worker outcome=fail iter=1234' applied=1 missing=0
tasks_json_serializer: applied worker diff iteration=1234 task=ch06-r02-edit persona=TechEditor run_id=04a01267-fa1d-48c1-bb53-8d0f54bff8b4 accepted=0 rejected=0 reverted=0 spilled=0
tasks_json_serializer: persisted status update reason='worker outcome=fail iter=1235' applied=1 missing=0
tasks_json_serializer: applied worker diff iteration=1235 task=ch07-r04-edit persona=TechEditor run_id=04a01267-fa1d-48c1-bb53-8d0f54bff8b4 accepted=0 rejected=0 reverted=0 spilled=0
git_manager: applied worktree diff worktree=/tmp/ralph-worktrees/iter-1234 bytes=424
commit_serializer: committed iteration=1234 task=ch06-r02-edit batch=batch-1780537129482-000005-5338d2ce71a1ad70 sha=856cf00e193890cc1c0e776819fb2e49faaee2a0
git_manager: applied worktree diff worktree=/tmp/ralph-worktrees/iter-1235 bytes=1135
commit_serializer: committed iteration=1235 task=ch07-r04-edit batch=batch-1780537129482-000005-5338d2ce71a1ad70 sha=60ead4722e0bb76c885115d3978089912ef17c8e
worktree_allocator: removed git worktree iteration=1234 path=/tmp/ralph-worktrees/iter-1234
worktree_allocator: removed git worktree iteration=1235 path=/tmp/ralph-worktrees/iter-1235
parallel_scheduler: assembled batch_id=batch-1780537405270-000006-06cf01496d724fae size=2 concurrency_limit=2 task_ids=['ch07-r05-edit', 'ch07-r10-edit']
tasks_json_serializer: persisted status update reason='pre_spawn batch=batch-1780537405270-000006-06cf01496d724fae' applied=2 missing=0
worktree_allocator: created git worktree iteration=1236 path=/tmp/ralph-worktrees/iter-1236 branch=ralph/worker/iter-1236 parent_sha=60ead4722e0bb76c885115d3978089912ef17c8e
worktree_allocator: created git worktree iteration=1237 path=/tmp/ralph-worktrees/iter-1237 branch=ralph/worker/iter-1237 parent_sha=60ead4722e0bb76c885115d3978089912ef17c8e
Kiro CLI call of kind 'persona_execution' reported no token usage (marker 'RALPH_TOKEN_USAGE:' not found or unparseable)
Kiro CLI call of kind 'persona_execution' reported no token usage (marker 'RALPH_TOKEN_USAGE:' not found or unparseable)
Kiro CLI call of kind 'persona_review' reported no token usage (marker 'RALPH_TOKEN_USAGE:' not found or unparseable)
persona_review check 'quality-review': verdict parse failed; wrote debug dump to /mnt/c/Users/lawsnic/OneDrive - amazon.com/Documents/HCLS-ai-book/logs/parse_failures/iter-1237-ch07-r10-edit-quality-review-TechExpertReviewer.txt
persona_review check 'quality-review': could not parse verdict from reviewing persona 'TechExpertReviewer'; marking fail
Kiro CLI call of kind 'persona_review' reported no token usage (marker 'RALPH_TOKEN_USAGE:' not found or unparseable)
tasks_json_serializer: persisted status update reason='worker outcome=pass iter=1236' applied=1 missing=0
tasks_json_serializer: applied worker diff iteration=1236 task=ch07-r05-edit persona=TechEditor run_id=04a01267-fa1d-48c1-bb53-8d0f54bff8b4 accepted=0 rejected=0 reverted=0 spilled=0
tasks_json_serializer: persisted status update reason='worker outcome=fail iter=1237' applied=1 missing=0
tasks_json_serializer: applied worker diff iteration=1237 task=ch07-r10-edit persona=TechEditor run_id=04a01267-fa1d-48c1-bb53-8d0f54bff8b4 accepted=0 rejected=0 reverted=0 spilled=0
git_manager: applied worktree diff worktree=/tmp/ralph-worktrees/iter-1236 bytes=6431
commit_serializer: committed iteration=1236 task=ch07-r05-edit batch=batch-1780537405270-000006-06cf01496d724fae sha=452e2333d0bdd9a88d89e64db68cc3acfe728ac9
git_manager: worktree diff empty worktree=/tmp/ralph-worktrees/iter-1237
commit_serializer: no changes to commit iteration=1237 task=ch07-r10-edit batch=batch-1780537405270-000006-06cf01496d724fae
worktree_allocator: removed git worktree iteration=1236 path=/tmp/ralph-worktrees/iter-1236
worktree_allocator: removed git worktree iteration=1237 path=/tmp/ralph-worktrees/iter-1237
parallel_scheduler: assembled batch_id=batch-1780537728028-000007-3fcdc70974d96125 size=2 concurrency_limit=2 task_ids=['ch07-r10-edit', 'ch08-r01-draft']
tasks_json_serializer: persisted status update reason='pre_spawn batch=batch-1780537728028-000007-3fcdc70974d96125' applied=2 missing=0
worktree_allocator: created git worktree iteration=1238 path=/tmp/ralph-worktrees/iter-1238 branch=ralph/worker/iter-1238 parent_sha=452e2333d0bdd9a88d89e64db68cc3acfe728ac9
worktree_allocator: created git worktree iteration=1239 path=/tmp/ralph-worktrees/iter-1239 branch=ralph/worker/iter-1239 parent_sha=452e2333d0bdd9a88d89e64db68cc3acfe728ac9
Kiro CLI call of kind 'persona_execution' reported no token usage (marker 'RALPH_TOKEN_USAGE:' not found or unparseable)
Kiro CLI call of kind 'persona_review' reported no token usage (marker 'RALPH_TOKEN_USAGE:' not found or unparseable)
Kiro CLI call of kind 'persona_execution' reported no token usage (marker 'RALPH_TOKEN_USAGE:' not found or unparseable)
Kiro CLI call of kind 'persona_review' reported no token usage (marker 'RALPH_TOKEN_USAGE:' not found or unparseable)
tasks_json_serializer: persisted status update reason='worker outcome=pass iter=1238' applied=1 missing=0
tasks_json_serializer: applied worker diff iteration=1238 task=ch07-r10-edit persona=TechEditor run_id=04a01267-fa1d-48c1-bb53-8d0f54bff8b4 accepted=0 rejected=0 reverted=0 spilled=0
tasks_json_serializer: persisted status update reason='worker outcome=pass iter=1239' applied=1 missing=0
tasks_json_serializer: applied worker diff iteration=1239 task=ch08-r01-draft persona=TechWriter run_id=04a01267-fa1d-48c1-bb53-8d0f54bff8b4 accepted=0 rejected=0 reverted=0 spilled=0
git_manager: worktree diff empty worktree=/tmp/ralph-worktrees/iter-1238
commit_serializer: no changes to commit iteration=1238 task=ch07-r10-edit batch=batch-1780537728028-000007-3fcdc70974d96125
git_manager: applied worktree diff worktree=/tmp/ralph-worktrees/iter-1239 bytes=33561
commit_serializer: committed iteration=1239 task=ch08-r01-draft batch=batch-1780537728028-000007-3fcdc70974d96125 sha=9ebfb9c96e531e40a714a774c677f9a13252019c
worktree_allocator: removed git worktree iteration=1238 path=/tmp/ralph-worktrees/iter-1238
worktree_allocator: removed git worktree iteration=1239 path=/tmp/ralph-worktrees/iter-1239
parallel_scheduler: assembled batch_id=batch-1780538115982-000008-ab4fcde1e890ab32 size=2 concurrency_limit=2 task_ids=['ch08-r01-python', 'ch08-r01-expert-review']
tasks_json_serializer: persisted status update reason='pre_spawn batch=batch-1780538115982-000008-ab4fcde1e890ab32' applied=2 missing=0
worktree_allocator: created git worktree iteration=1240 path=/tmp/ralph-worktrees/iter-1240 branch=ralph/worker/iter-1240 parent_sha=9ebfb9c96e531e40a714a774c677f9a13252019c
worktree_allocator: created git worktree iteration=1241 path=/tmp/ralph-worktrees/iter-1241 branch=ralph/worker/iter-1241 parent_sha=9ebfb9c96e531e40a714a774c677f9a13252019c
Kiro CLI call of kind 'persona_execution' reported no token usage (marker 'RALPH_TOKEN_USAGE:' not found or unparseable)
Kiro CLI call of kind 'persona_execution' reported no token usage (marker 'RALPH_TOKEN_USAGE:' not found or unparseable)
Kiro CLI call of kind 'persona_review' reported no token usage (marker 'RALPH_TOKEN_USAGE:' not found or unparseable)
Kiro CLI call of kind 'persona_review' reported no token usage (marker 'RALPH_TOKEN_USAGE:' not found or unparseable)
tasks_json_serializer: persisted status update reason='worker outcome=pass iter=1240' applied=1 missing=0
tasks_json_serializer: applied worker diff iteration=1240 task=ch08-r01-python persona=TechWriter run_id=04a01267-fa1d-48c1-bb53-8d0f54bff8b4 accepted=0 rejected=0 reverted=0 spilled=0
tasks_json_serializer: persisted status update reason='worker outcome=pass iter=1241' applied=1 missing=0
tasks_json_serializer: applied worker diff iteration=1241 task=ch08-r01-expert-review persona=TechExpertReviewer run_id=04a01267-fa1d-48c1-bb53-8d0f54bff8b4 accepted=0 rejected=0 reverted=0 spilled=0
git_manager: applied worktree diff worktree=/tmp/ralph-worktrees/iter-1240 bytes=26452
worker_result_processor: cycle-transition watchdog fired batch=batch-1780538115982-000008-ab4fcde1e890ab32 elapsed=60.2s timeout=60.0s; marking incomplete workers failing
tasks_json_serializer: persisted status update reason='cycle_transition_watchdog batch=batch-1780538115982-000008-ab4fcde1e890ab32' applied=1 missing=0
tasks_json_serializer: persisted status update reason='cycle_transition_watchdog batch=batch-1780538115982-000008-ab4fcde1e890ab32' applied=1 missing=0
worktree_allocator: removed git worktree iteration=1240 path=/tmp/ralph-worktrees/iter-1240
worktree_allocator: removed git worktree iteration=1241 path=/tmp/ralph-worktrees/iter-1241
parallel_scheduler: assembled batch_id=batch-1780538499349-000009-5def0d975d1db287 size=2 concurrency_limit=2 task_ids=['ch08-r01-python', 'ch08-r01-expert-review']
tasks_json_serializer: persisted status update reason='pre_spawn batch=batch-1780538499349-000009-5def0d975d1db287' applied=2 missing=0
worktree_allocator: created git worktree iteration=1242 path=/tmp/ralph-worktrees/iter-1242 branch=ralph/worker/iter-1242 parent_sha=7d2076668869f264ad27a7ca57828a7cd1cda00d
worktree_allocator: created git worktree iteration=1243 path=/tmp/ralph-worktrees/iter-1243 branch=ralph/worker/iter-1243 parent_sha=7d2076668869f264ad27a7ca57828a7cd1cda00d
Kiro CLI call of kind 'persona_execution' reported no token usage (marker 'RALPH_TOKEN_USAGE:' not found or unparseable)
Kiro CLI call of kind 'persona_execution' reported no token usage (marker 'RALPH_TOKEN_USAGE:' not found or unparseable)
Kiro CLI call of kind 'persona_review' reported no token usage (marker 'RALPH_TOKEN_USAGE:' not found or unparseable)
Kiro CLI call of kind 'persona_review' reported no token usage (marker 'RALPH_TOKEN_USAGE:' not found or unparseable)
tasks_json_serializer: persisted status update reason='worker outcome=pass iter=1242' applied=1 missing=0
tasks_json_serializer: applied worker diff iteration=1242 task=ch08-r01-python persona=TechWriter run_id=04a01267-fa1d-48c1-bb53-8d0f54bff8b4 accepted=0 rejected=0 reverted=0 spilled=0
tasks_json_serializer: persisted status update reason='worker outcome=pass iter=1243' applied=1 missing=0
tasks_json_serializer: applied worker diff iteration=1243 task=ch08-r01-expert-review persona=TechExpertReviewer run_id=04a01267-fa1d-48c1-bb53-8d0f54bff8b4 accepted=0 rejected=0 reverted=0 spilled=0
git_manager: applied worktree diff worktree=/tmp/ralph-worktrees/iter-1242 bytes=44228
commit_serializer: committed iteration=1242 task=ch08-r01-python batch=batch-1780538499349-000009-5def0d975d1db287 sha=e3cd2256c034fb51d9fd82bf1a6b9ff3ec45f2c0
git_manager: applied worktree diff worktree=/tmp/ralph-worktrees/iter-1243 bytes=23348
commit_serializer: committed iteration=1243 task=ch08-r01-expert-review batch=batch-1780538499349-000009-5def0d975d1db287 sha=57303e92d0fcdefd8bfe21de4813cfbca740259b
worktree_allocator: removed git worktree iteration=1242 path=/tmp/ralph-worktrees/iter-1242
worktree_allocator: removed git worktree iteration=1243 path=/tmp/ralph-worktrees/iter-1243
parallel_scheduler: assembled batch_id=batch-1780538883817-000010-7bc21cdb4ed2af41 size=2 concurrency_limit=2 task_ids=['ch08-r01-code-review', 'ch08-r02-draft']
tasks_json_serializer: persisted status update reason='pre_spawn batch=batch-1780538883817-000010-7bc21cdb4ed2af41' applied=2 missing=0
worktree_allocator: created git worktree iteration=1244 path=/tmp/ralph-worktrees/iter-1244 branch=ralph/worker/iter-1244 parent_sha=57303e92d0fcdefd8bfe21de4813cfbca740259b
worktree_allocator: created git worktree iteration=1245 path=/tmp/ralph-worktrees/iter-1245 branch=ralph/worker/iter-1245 parent_sha=57303e92d0fcdefd8bfe21de4813cfbca740259b
Kiro CLI call of kind 'persona_execution' reported no token usage (marker 'RALPH_TOKEN_USAGE:' not found or unparseable)
Kiro CLI call of kind 'persona_review' reported no token usage (marker 'RALPH_TOKEN_USAGE:' not found or unparseable)
Kiro CLI call of kind 'persona_execution' reported no token usage (marker 'RALPH_TOKEN_USAGE:' not found or unparseable)
Kiro CLI call of kind 'persona_review' reported no token usage (marker 'RALPH_TOKEN_USAGE:' not found or unparseable)
tasks_json_serializer: persisted status update reason='worker outcome=fail iter=1244' applied=1 missing=0
tasks_json_serializer: applied worker diff iteration=1244 task=ch08-r01-code-review persona=TechCodeReviewer run_id=04a01267-fa1d-48c1-bb53-8d0f54bff8b4 accepted=0 rejected=0 reverted=0 spilled=0
tasks_json_serializer: persisted status update reason='worker outcome=pass iter=1245' applied=1 missing=0
tasks_json_serializer: applied worker diff iteration=1245 task=ch08-r02-draft persona=TechWriter run_id=04a01267-fa1d-48c1-bb53-8d0f54bff8b4 accepted=0 rejected=0 reverted=0 spilled=0
git_manager: applied worktree diff worktree=/tmp/ralph-worktrees/iter-1244 bytes=5874
commit_serializer: committed iteration=1244 task=ch08-r01-code-review batch=batch-1780538883817-000010-7bc21cdb4ed2af41 sha=81bfe32420c75b2e355b0447d9cc6b22aad80152
git_manager: applied worktree diff worktree=/tmp/ralph-worktrees/iter-1245 bytes=34921
commit_serializer: committed iteration=1245 task=ch08-r02-draft batch=batch-1780538883817-000010-7bc21cdb4ed2af41 sha=5aea7fafb8f0109ac596f9dcc2c4afec77c05558
worktree_allocator: removed git worktree iteration=1244 path=/tmp/ralph-worktrees/iter-1244
worktree_allocator: removed git worktree iteration=1245 path=/tmp/ralph-worktrees/iter-1245
parallel_scheduler: assembled batch_id=batch-1780539276740-000011-7bf8da4e5685f3a4 size=2 concurrency_limit=2 task_ids=['ch08-r01-code-review', 'ch08-r02-python']
tasks_json_serializer: persisted status update reason='pre_spawn batch=batch-1780539276740-000011-7bf8da4e5685f3a4' applied=2 missing=0
worktree_allocator: created git worktree iteration=1246 path=/tmp/ralph-worktrees/iter-1246 branch=ralph/worker/iter-1246 parent_sha=5aea7fafb8f0109ac596f9dcc2c4afec77c05558
worktree_allocator: created git worktree iteration=1247 path=/tmp/ralph-worktrees/iter-1247 branch=ralph/worker/iter-1247 parent_sha=5aea7fafb8f0109ac596f9dcc2c4afec77c05558
Kiro CLI call of kind 'persona_execution' reported no token usage (marker 'RALPH_TOKEN_USAGE:' not found or unparseable)
Kiro CLI call of kind 'persona_review' reported no token usage (marker 'RALPH_TOKEN_USAGE:' not found or unparseable)
Kiro CLI call of kind 'persona_execution' reported no token usage (marker 'RALPH_TOKEN_USAGE:' not found or unparseable)
Kiro CLI call of kind 'persona_review' reported no token usage (marker 'RALPH_TOKEN_USAGE:' not found or unparseable)
tasks_json_serializer: persisted status update reason='worker outcome=pass iter=1246' applied=1 missing=0
tasks_json_serializer: applied worker diff iteration=1246 task=ch08-r01-code-review persona=TechCodeReviewer run_id=04a01267-fa1d-48c1-bb53-8d0f54bff8b4 accepted=0 rejected=0 reverted=0 spilled=0
tasks_json_serializer: persisted status update reason='worker outcome=pass iter=1247' applied=1 missing=0
tasks_json_serializer: applied worker diff iteration=1247 task=ch08-r02-python persona=TechWriter run_id=04a01267-fa1d-48c1-bb53-8d0f54bff8b4 accepted=0 rejected=0 reverted=0 spilled=0
git_manager: applied worktree diff worktree=/tmp/ralph-worktrees/iter-1246 bytes=13462
commit_serializer: committed iteration=1246 task=ch08-r01-code-review batch=batch-1780539276740-000011-7bf8da4e5685f3a4 sha=5896d84e15ef814972e3d4449e49ef348713d1bb
git_manager: applied worktree diff worktree=/tmp/ralph-worktrees/iter-1247 bytes=33200
