pending queue processed: loaded=0 admitted=0 discarded=0
parallel_scheduler: assembled batch_id=batch-1779799401729-000001-b14fbdc67cdd6617 size=4 concurrency_limit=4 task_ids=['ch12-r04-edit', 'ch12-r05-draft', 'ch12-r06-draft', 'ch12-r07-draft']
tasks_json_serializer: persisted status update reason='pre_spawn batch=batch-1779799401729-000001-b14fbdc67cdd6617' applied=4 missing=0
worktree_allocator: created git worktree iteration=466 path=C:\tmp\ralph-worktrees\iter-466 branch=ralph/worker/iter-466 parent_sha=9bdcd5af8a557ae8d9bd79a3a49508d7dac34e1f
worktree_allocator: created git worktree iteration=467 path=C:\tmp\ralph-worktrees\iter-467 branch=ralph/worker/iter-467 parent_sha=9bdcd5af8a557ae8d9bd79a3a49508d7dac34e1f
worktree_allocator: created git worktree iteration=468 path=C:\tmp\ralph-worktrees\iter-468 branch=ralph/worker/iter-468 parent_sha=9bdcd5af8a557ae8d9bd79a3a49508d7dac34e1f
worktree_allocator: created git worktree iteration=469 path=C:\tmp\ralph-worktrees\iter-469 branch=ralph/worker/iter-469 parent_sha=9bdcd5af8a557ae8d9bd79a3a49508d7dac34e1f
Kiro CLI call of kind 'persona_execution' reported no token usage (marker 'RALPH_TOKEN_USAGE:' not found or unparseable)
Kiro CLI call of kind 'persona_review' reported no token usage (marker 'RALPH_TOKEN_USAGE:' not found or unparseable)
Kiro CLI call of kind 'persona_execution' reported no token usage (marker 'RALPH_TOKEN_USAGE:' not found or unparseable)
Kiro CLI call of kind 'persona_review' reported no token usage (marker 'RALPH_TOKEN_USAGE:' not found or unparseable)
persona_review check 'quality-review': verdict parse failed; wrote debug dump to C:\Users\lawsnic\OneDrive - amazon.com\Documents\HCLS-ai-book\logs\parse_failures\iter-0467-ch12-r05-draft-quality-review-TechEditor.txt
persona_review check 'quality-review': could not parse verdict from reviewing persona 'TechEditor'; marking fail
Kiro CLI call of kind 'persona_execution' reported no token usage (marker 'RALPH_TOKEN_USAGE:' not found or unparseable)
Kiro CLI call of kind 'persona_execution' reported no token usage (marker 'RALPH_TOKEN_USAGE:' not found or unparseable)
Kiro CLI call of kind 'persona_review' reported no token usage (marker 'RALPH_TOKEN_USAGE:' not found or unparseable)
Kiro CLI call of kind 'persona_review' reported no token usage (marker 'RALPH_TOKEN_USAGE:' not found or unparseable)
tasks_json_serializer: persisted status update reason='worker outcome=pass iter=466' applied=1 missing=0
tasks_json_serializer: applied worker diff iteration=466 task=ch12-r04-edit persona=TechEditor run_id=c8af0da4-6e01-4bcf-943f-542be468ed06 accepted=0 rejected=0 reverted=0 spilled=0
tasks_json_serializer: persisted status update reason='worker outcome=fail iter=467' applied=1 missing=0
tasks_json_serializer: applied worker diff iteration=467 task=ch12-r05-draft persona=TechWriter run_id=c8af0da4-6e01-4bcf-943f-542be468ed06 accepted=0 rejected=0 reverted=0 spilled=0
tasks_json_serializer: persisted status update reason='worker outcome=pass iter=468' applied=1 missing=0
tasks_json_serializer: applied worker diff iteration=468 task=ch12-r06-draft persona=TechWriter run_id=c8af0da4-6e01-4bcf-943f-542be468ed06 accepted=0 rejected=0 reverted=0 spilled=0
git_manager: applied worktree diff worktree=C:\tmp\ralph-worktrees\iter-466 bytes=23933
tasks_json_serializer: persisted status update reason='worker outcome=pass iter=469' applied=1 missing=0
tasks_json_serializer: applied worker diff iteration=469 task=ch12-r07-draft persona=TechWriter run_id=c8af0da4-6e01-4bcf-943f-542be468ed06 accepted=0 rejected=0 reverted=0 spilled=0
commit_serializer: committed iteration=466 task=ch12-r04-edit batch=batch-1779799401729-000001-b14fbdc67cdd6617 sha=0973012579626db58119e9d0f70682a45e93d0b7
git_manager: applied worktree diff worktree=C:\tmp\ralph-worktrees\iter-467 bytes=75849
commit_serializer: committed iteration=467 task=ch12-r05-draft batch=batch-1779799401729-000001-b14fbdc67cdd6617 sha=a342fd7fcdb8efd4f8bcb4e8437f296db76a579e
git_manager: git apply returned 1 worktree=C:\tmp\ralph-worktrees\iter-468 conflicting_paths=['_Sidebar.md'] stderr=error: patch failed: _Sidebar.md:202
error: _Sidebar.md: patch does not apply
commit_serializer: attribution conflict iteration=468 task=ch12-r06-draft batch=batch-1779799401729-000001-b14fbdc67cdd6617 conflicting_paths=['_Sidebar.md'] error=error: patch failed: _Sidebar.md:202
error: _Sidebar.md: patch does not apply
git_manager: git apply returned 1 worktree=C:\tmp\ralph-worktrees\iter-469 conflicting_paths=['_Sidebar.md'] stderr=error: patch failed: _Sidebar.md:202
error: _Sidebar.md: patch does not apply
commit_serializer: attribution conflict iteration=469 task=ch12-r07-draft batch=batch-1779799401729-000001-b14fbdc67cdd6617 conflicting_paths=['_Sidebar.md'] error=error: patch failed: _Sidebar.md:202
error: _Sidebar.md: patch does not apply
worktree_allocator: git worktree remove returned 255 iteration=466 path=C:\tmp\ralph-worktrees\iter-466 stderr=error: failed to delete '.git/worktrees/iter-466': Permission denied; falling back to rmtree
worktree_allocator: git worktree remove returned 255 iteration=467 path=C:\tmp\ralph-worktrees\iter-467 stderr=error: failed to delete '.git/worktrees/iter-467': Permission denied; falling back to rmtree
worktree_allocator: git worktree remove returned 255 iteration=468 path=C:\tmp\ralph-worktrees\iter-468 stderr=error: failed to delete '.git/worktrees/iter-468': Permission denied; falling back to rmtree
worktree_allocator: git worktree remove returned 255 iteration=469 path=C:\tmp\ralph-worktrees\iter-469 stderr=error: failed to delete '.git/worktrees/iter-469': Permission denied; falling back to rmtree
parallel_scheduler: assembled batch_id=batch-1779800800177-000002-cb2efadc82c80b1a size=4 concurrency_limit=4 task_ids=['ch12-r05-draft', 'ch12-r06-python', 'ch12-r06-expert-review', 'ch12-r07-python']
tasks_json_serializer: persisted status update reason='pre_spawn batch=batch-1779800800177-000002-cb2efadc82c80b1a' applied=4 missing=0
worktree_allocator: created git worktree iteration=470 path=C:\tmp\ralph-worktrees\iter-470 branch=ralph/worker/iter-470 parent_sha=a342fd7fcdb8efd4f8bcb4e8437f296db76a579e
worktree_allocator: created git worktree iteration=471 path=C:\tmp\ralph-worktrees\iter-471 branch=ralph/worker/iter-471 parent_sha=a342fd7fcdb8efd4f8bcb4e8437f296db76a579e
worktree_allocator: created git worktree iteration=472 path=C:\tmp\ralph-worktrees\iter-472 branch=ralph/worker/iter-472 parent_sha=a342fd7fcdb8efd4f8bcb4e8437f296db76a579e
worktree_allocator: created git worktree iteration=473 path=C:\tmp\ralph-worktrees\iter-473 branch=ralph/worker/iter-473 parent_sha=a342fd7fcdb8efd4f8bcb4e8437f296db76a579e
Kiro CLI call of kind 'persona_execution' reported no token usage (marker 'RALPH_TOKEN_USAGE:' not found or unparseable)
Kiro CLI call of kind 'persona_review' reported no token usage (marker 'RALPH_TOKEN_USAGE:' not found or unparseable)
Kiro CLI call of kind 'persona_execution' reported no token usage (marker 'RALPH_TOKEN_USAGE:' not found or unparseable)
Kiro CLI call of kind 'persona_review' reported no token usage (marker 'RALPH_TOKEN_USAGE:' not found or unparseable)
Kiro CLI call of kind 'persona_execution' reported no token usage (marker 'RALPH_TOKEN_USAGE:' not found or unparseable)
Kiro CLI call of kind 'persona_review' reported no token usage (marker 'RALPH_TOKEN_USAGE:' not found or unparseable)
Kiro CLI call of kind 'persona_execution' reported no token usage (marker 'RALPH_TOKEN_USAGE:' not found or unparseable)
Kiro CLI call of kind 'persona_review' reported no token usage (marker 'RALPH_TOKEN_USAGE:' not found or unparseable)
tasks_json_serializer: persisted status update reason='worker outcome=pass iter=470' applied=1 missing=0
tasks_json_serializer: applied worker diff iteration=470 task=ch12-r05-draft persona=TechWriter run_id=c8af0da4-6e01-4bcf-943f-542be468ed06 accepted=0 rejected=0 reverted=0 spilled=0
tasks_json_serializer: persisted status update reason='worker outcome=pass iter=471' applied=1 missing=0
tasks_json_serializer: applied worker diff iteration=471 task=ch12-r06-python persona=TechWriter run_id=c8af0da4-6e01-4bcf-943f-542be468ed06 accepted=0 rejected=0 reverted=0 spilled=0
git_manager: worktree diff empty worktree=C:\tmp\ralph-worktrees\iter-470
tasks_json_serializer: persisted status update reason='worker outcome=fail iter=472' applied=1 missing=0
tasks_json_serializer: applied worker diff iteration=472 task=ch12-r06-expert-review persona=TechExpertReviewer run_id=c8af0da4-6e01-4bcf-943f-542be468ed06 accepted=0 rejected=0 reverted=0 spilled=0
tasks_json_serializer: persisted status update reason='worker outcome=pass iter=473' applied=1 missing=0
tasks_json_serializer: applied worker diff iteration=473 task=ch12-r07-python persona=TechWriter run_id=c8af0da4-6e01-4bcf-943f-542be468ed06 accepted=0 rejected=0 reverted=0 spilled=0
commit_serializer: no changes to commit iteration=470 task=ch12-r05-draft batch=batch-1779800800177-000002-cb2efadc82c80b1a
git_manager: applied worktree diff worktree=C:\tmp\ralph-worktrees\iter-471 bytes=89803
