pending queue processed: loaded=0 admitted=0 discarded=0
parallel_scheduler: assembled batch_id=batch-1779765864854-000001-ca1fdaa4480cb655 size=2 concurrency_limit=2 task_ids=['ch12-r03-python', 'ch12-r03-expert-review']
tasks_json_serializer: persisted status update reason='pre_spawn batch=batch-1779765864854-000001-ca1fdaa4480cb655' applied=2 missing=0
worktree_allocator: created git worktree iteration=456 path=C:\tmp\ralph-worktrees\iter-456 branch=ralph/worker/iter-456 parent_sha=8b62b63cbaa0e67b7f4823855c1bc346785754f7
worktree_allocator: created git worktree iteration=457 path=C:\tmp\ralph-worktrees\iter-457 branch=ralph/worker/iter-457 parent_sha=8b62b63cbaa0e67b7f4823855c1bc346785754f7
Kiro CLI call of kind 'persona_execution' reported no token usage (marker 'RALPH_TOKEN_USAGE:' not found or unparseable)
Kiro CLI call of kind 'persona_review' reported no token usage (marker 'RALPH_TOKEN_USAGE:' not found or unparseable)
Kiro CLI call of kind 'persona_execution' reported no token usage (marker 'RALPH_TOKEN_USAGE:' not found or unparseable)
Kiro CLI call of kind 'persona_review' reported no token usage (marker 'RALPH_TOKEN_USAGE:' not found or unparseable)
tasks_json_serializer: persisted status update reason='worker outcome=pass iter=456' applied=1 missing=0
tasks_json_serializer: reverting out-of-band modification: worker iteration=456 task=ch12-r03-python persona=TechWriter reverted_task=ch12-r03-code-review run_id=5322264f-cf02-47cb-8093-7addc7dc0370
tasks_json_serializer: reverting out-of-band modification: worker iteration=456 task=ch12-r03-python persona=TechWriter reverted_task=ch12-r03-expert-review run_id=5322264f-cf02-47cb-8093-7addc7dc0370
tasks_json_serializer: reverting out-of-band modification: worker iteration=456 task=ch12-r03-python persona=TechWriter reverted_task=ch12-r04-draft run_id=5322264f-cf02-47cb-8093-7addc7dc0370
tasks_json_serializer: applied worker diff iteration=456 task=ch12-r03-python persona=TechWriter run_id=5322264f-cf02-47cb-8093-7addc7dc0370 accepted=0 rejected=0 reverted=3 spilled=0
tasks_json_serializer: persisted status update reason='worker outcome=pass iter=457' applied=1 missing=0
tasks_json_serializer: reverting out-of-band modification: worker iteration=457 task=ch12-r03-expert-review persona=TechExpertReviewer reverted_task=ch12-r03-python run_id=5322264f-cf02-47cb-8093-7addc7dc0370
tasks_json_serializer: reverting out-of-band modification: worker iteration=457 task=ch12-r03-expert-review persona=TechExpertReviewer reverted_task=ch12-r03-code-review run_id=5322264f-cf02-47cb-8093-7addc7dc0370
tasks_json_serializer: reverting out-of-band modification: worker iteration=457 task=ch12-r03-expert-review persona=TechExpertReviewer reverted_task=ch12-r04-draft run_id=5322264f-cf02-47cb-8093-7addc7dc0370
tasks_json_serializer: applied worker diff iteration=457 task=ch12-r03-expert-review persona=TechExpertReviewer run_id=5322264f-cf02-47cb-8093-7addc7dc0370 accepted=0 rejected=0 reverted=3 spilled=0
git_manager: git apply returned 1 worktree=C:\tmp\ralph-worktrees\iter-456 conflicting_paths=['chapter12.03-python-example.md'] stderr=error: chapter12.03-python-example.md: already exists in working directory
commit_serializer: attribution conflict iteration=456 task=ch12-r03-python batch=batch-1779765864854-000001-ca1fdaa4480cb655 conflicting_paths=['chapter12.03-python-example.md'] error=error: chapter12.03-python-example.md: already exists in working directory
git_manager: git apply returned 1 worktree=C:\tmp\ralph-worktrees\iter-457 conflicting_paths=['reviews/chapter12.03-expert-review.md'] stderr=error: reviews/chapter12.03-expert-review.md: already exists in working directory
commit_serializer: attribution conflict iteration=457 task=ch12-r03-expert-review batch=batch-1779765864854-000001-ca1fdaa4480cb655 conflicting_paths=['reviews/chapter12.03-expert-review.md'] error=error: reviews/chapter12.03-expert-review.md: already exists in working directory
worktree_allocator: git worktree remove returned 255 iteration=456 path=C:\tmp\ralph-worktrees\iter-456 stderr=error: failed to delete '.git/worktrees/iter-456': Permission denied; falling back to rmtree
worktree_allocator: git worktree remove returned 255 iteration=457 path=C:\tmp\ralph-worktrees\iter-457 stderr=error: failed to delete '.git/worktrees/iter-457': Permission denied; falling back to rmtree
