pending queue processed: loaded=0 admitted=0 discarded=0
parallel_scheduler: assembled batch_id=batch-1780255820318-000001-eb6abf9244fdba72 size=2 concurrency_limit=2 task_ids=['ch02-r02-edit', 'ch02-r03-edit']
tasks_json_serializer: persisted status update reason='pre_spawn batch=batch-1780255820318-000001-eb6abf9244fdba72' applied=2 missing=0
worktree_allocator: created git worktree iteration=784 path=/tmp/ralph-worktrees/iter-784 branch=ralph/worker/iter-784 parent_sha=430899ba4941c17352e9942f829374a491d6f88f
worktree_allocator: created git worktree iteration=785 path=/tmp/ralph-worktrees/iter-785 branch=ralph/worker/iter-785 parent_sha=430899ba4941c17352e9942f829374a491d6f88f
Kiro CLI call of kind 'persona_execution' reported no token usage (marker 'RALPH_TOKEN_USAGE:' not found or unparseable)
Kiro CLI call of kind 'persona_review' reported no token usage (marker 'RALPH_TOKEN_USAGE:' not found or unparseable)
Kiro CLI call of kind 'persona_execution' reported no token usage (marker 'RALPH_TOKEN_USAGE:' not found or unparseable)
Kiro CLI call of kind 'persona_review' reported no token usage (marker 'RALPH_TOKEN_USAGE:' not found or unparseable)
tasks_json_serializer: persisted status update reason='worker outcome=pass iter=784' applied=1 missing=0
tasks_json_serializer: applied worker diff iteration=784 task=ch02-r02-edit persona=TechEditor run_id=18b9cd2b-285a-420c-a006-74c39759be9c accepted=0 rejected=0 reverted=0 spilled=0
tasks_json_serializer: persisted status update reason='worker outcome=pass iter=785' applied=1 missing=0
tasks_json_serializer: applied worker diff iteration=785 task=ch02-r03-edit persona=TechEditor run_id=18b9cd2b-285a-420c-a006-74c39759be9c accepted=0 rejected=0 reverted=0 spilled=0
git_manager: applied worktree diff worktree=/tmp/ralph-worktrees/iter-784 bytes=6881
commit_serializer: committed iteration=784 task=ch02-r02-edit batch=batch-1780255820318-000001-eb6abf9244fdba72 sha=d5d0e91319f1ef762cbce4577d5d728dbd7b5062
git_manager: worktree diff empty worktree=/tmp/ralph-worktrees/iter-785
commit_serializer: no changes to commit iteration=785 task=ch02-r03-edit batch=batch-1780255820318-000001-eb6abf9244fdba72
worktree_allocator: removed git worktree iteration=784 path=/tmp/ralph-worktrees/iter-784
worktree_allocator: removed git worktree iteration=785 path=/tmp/ralph-worktrees/iter-785
parallel_scheduler: assembled batch_id=batch-1780256050416-000002-4d3ce04986fa295f size=2 concurrency_limit=2 task_ids=['ch02-r04-edit', 'ch02-r05-edit']
tasks_json_serializer: persisted status update reason='pre_spawn batch=batch-1780256050416-000002-4d3ce04986fa295f' applied=2 missing=0
worktree_allocator: created git worktree iteration=786 path=/tmp/ralph-worktrees/iter-786 branch=ralph/worker/iter-786 parent_sha=d5d0e91319f1ef762cbce4577d5d728dbd7b5062
worktree_allocator: created git worktree iteration=787 path=/tmp/ralph-worktrees/iter-787 branch=ralph/worker/iter-787 parent_sha=d5d0e91319f1ef762cbce4577d5d728dbd7b5062
Kiro CLI call of kind 'persona_execution' reported no token usage (marker 'RALPH_TOKEN_USAGE:' not found or unparseable)
Kiro CLI call of kind 'persona_execution' reported no token usage (marker 'RALPH_TOKEN_USAGE:' not found or unparseable)
Kiro CLI call of kind 'persona_review' reported no token usage (marker 'RALPH_TOKEN_USAGE:' not found or unparseable)
Kiro CLI call of kind 'persona_review' reported no token usage (marker 'RALPH_TOKEN_USAGE:' not found or unparseable)
tasks_json_serializer: persisted status update reason='worker outcome=fail iter=786' applied=1 missing=0
tasks_json_serializer: applied worker diff iteration=786 task=ch02-r04-edit persona=TechEditor run_id=18b9cd2b-285a-420c-a006-74c39759be9c accepted=0 rejected=0 reverted=0 spilled=0
tasks_json_serializer: persisted status update reason='worker outcome=pass iter=787' applied=1 missing=0
tasks_json_serializer: applied worker diff iteration=787 task=ch02-r05-edit persona=TechEditor run_id=18b9cd2b-285a-420c-a006-74c39759be9c accepted=0 rejected=0 reverted=0 spilled=0
git_manager: worktree diff empty worktree=/tmp/ralph-worktrees/iter-786
commit_serializer: no changes to commit iteration=786 task=ch02-r04-edit batch=batch-1780256050416-000002-4d3ce04986fa295f
git_manager: applied worktree diff worktree=/tmp/ralph-worktrees/iter-787 bytes=4378
commit_serializer: committed iteration=787 task=ch02-r05-edit batch=batch-1780256050416-000002-4d3ce04986fa295f sha=7cc0b9d1d03d1c26aed4ec7d859f51d3d28a9365
worktree_allocator: removed git worktree iteration=786 path=/tmp/ralph-worktrees/iter-786
worktree_allocator: removed git worktree iteration=787 path=/tmp/ralph-worktrees/iter-787
parallel_scheduler: assembled batch_id=batch-1780256301771-000003-8a2792855f53427b size=2 concurrency_limit=2 task_ids=['ch02-r04-edit', 'ch02-r06-edit']
tasks_json_serializer: persisted status update reason='pre_spawn batch=batch-1780256301771-000003-8a2792855f53427b' applied=2 missing=0
worktree_allocator: created git worktree iteration=788 path=/tmp/ralph-worktrees/iter-788 branch=ralph/worker/iter-788 parent_sha=7cc0b9d1d03d1c26aed4ec7d859f51d3d28a9365
worktree_allocator: created git worktree iteration=789 path=/tmp/ralph-worktrees/iter-789 branch=ralph/worker/iter-789 parent_sha=7cc0b9d1d03d1c26aed4ec7d859f51d3d28a9365
Kiro CLI call of kind 'persona_execution' reported no token usage (marker 'RALPH_TOKEN_USAGE:' not found or unparseable)
Kiro CLI call of kind 'persona_review' reported no token usage (marker 'RALPH_TOKEN_USAGE:' not found or unparseable)
Kiro CLI call of kind 'persona_execution' reported no token usage (marker 'RALPH_TOKEN_USAGE:' not found or unparseable)
Kiro CLI call of kind 'persona_review' reported no token usage (marker 'RALPH_TOKEN_USAGE:' not found or unparseable)
tasks_json_serializer: persisted status update reason='worker outcome=fail iter=788' applied=1 missing=0
tasks_json_serializer: applied worker diff iteration=788 task=ch02-r04-edit persona=TechEditor run_id=18b9cd2b-285a-420c-a006-74c39759be9c accepted=0 rejected=0 reverted=0 spilled=0
tasks_json_serializer: persisted status update reason='worker outcome=fail iter=789' applied=1 missing=0
tasks_json_serializer: applied worker diff iteration=789 task=ch02-r06-edit persona=TechEditor run_id=18b9cd2b-285a-420c-a006-74c39759be9c accepted=0 rejected=0 reverted=0 spilled=0
git_manager: applied worktree diff worktree=/tmp/ralph-worktrees/iter-788 bytes=3578
commit_serializer: committed iteration=788 task=ch02-r04-edit batch=batch-1780256301771-000003-8a2792855f53427b sha=8139ae5e3ab14b920024d9191741763b3a92e3f7
git_manager: applied worktree diff worktree=/tmp/ralph-worktrees/iter-789 bytes=16556
commit_serializer: committed iteration=789 task=ch02-r06-edit batch=batch-1780256301771-000003-8a2792855f53427b sha=d99eb416e45fea12392102afdc09e73ac5c435cc
worktree_allocator: removed git worktree iteration=788 path=/tmp/ralph-worktrees/iter-788
worktree_allocator: removed git worktree iteration=789 path=/tmp/ralph-worktrees/iter-789
parallel_scheduler: assembled batch_id=batch-1780256634682-000004-f57fc71d5524bcb2 size=2 concurrency_limit=2 task_ids=['ch02-r04-edit', 'ch02-r06-edit']
tasks_json_serializer: persisted status update reason='pre_spawn batch=batch-1780256634682-000004-f57fc71d5524bcb2' applied=2 missing=0
worktree_allocator: created git worktree iteration=790 path=/tmp/ralph-worktrees/iter-790 branch=ralph/worker/iter-790 parent_sha=d99eb416e45fea12392102afdc09e73ac5c435cc
worktree_allocator: created git worktree iteration=791 path=/tmp/ralph-worktrees/iter-791 branch=ralph/worker/iter-791 parent_sha=d99eb416e45fea12392102afdc09e73ac5c435cc
Kiro CLI call of kind 'persona_execution' reported no token usage (marker 'RALPH_TOKEN_USAGE:' not found or unparseable)
Kiro CLI call of kind 'persona_review' reported no token usage (marker 'RALPH_TOKEN_USAGE:' not found or unparseable)
persona_review check 'quality-review': verdict parse failed; wrote debug dump to /mnt/c/Users/lawsnic/OneDrive - amazon.com/Documents/HCLS-ai-book/logs/parse_failures/iter-0790-ch02-r04-edit-quality-review-TechExpertReviewer.txt
persona_review check 'quality-review': could not parse verdict from reviewing persona 'TechExpertReviewer'; marking fail
Kiro CLI call of kind 'persona_execution' reported no token usage (marker 'RALPH_TOKEN_USAGE:' not found or unparseable)
Kiro CLI call of kind 'persona_review' reported no token usage (marker 'RALPH_TOKEN_USAGE:' not found or unparseable)
persona_review check 'quality-review': verdict parse failed; wrote debug dump to /mnt/c/Users/lawsnic/OneDrive - amazon.com/Documents/HCLS-ai-book/logs/parse_failures/iter-0791-ch02-r06-edit-quality-review-TechExpertReviewer.txt
persona_review check 'quality-review': could not parse verdict from reviewing persona 'TechExpertReviewer'; marking fail
tasks_json_serializer: persisted status update reason='worker outcome=fail iter=790' applied=1 missing=0
tasks_json_serializer: applied worker diff iteration=790 task=ch02-r04-edit persona=TechEditor run_id=18b9cd2b-285a-420c-a006-74c39759be9c accepted=0 rejected=0 reverted=0 spilled=0
tasks_json_serializer: persisted status update reason='worker outcome=fail iter=791' applied=1 missing=0
tasks_json_serializer: applied worker diff iteration=791 task=ch02-r06-edit persona=TechEditor run_id=18b9cd2b-285a-420c-a006-74c39759be9c accepted=0 rejected=0 reverted=0 spilled=0
git_manager: worktree diff empty worktree=/tmp/ralph-worktrees/iter-790
commit_serializer: no changes to commit iteration=790 task=ch02-r04-edit batch=batch-1780256634682-000004-f57fc71d5524bcb2
git_manager: applied worktree diff worktree=/tmp/ralph-worktrees/iter-791 bytes=23419
commit_serializer: committed iteration=791 task=ch02-r06-edit batch=batch-1780256634682-000004-f57fc71d5524bcb2 sha=ecc1e8db9aeda840ce37b0e3c712dde842d8f5a5
worktree_allocator: removed git worktree iteration=790 path=/tmp/ralph-worktrees/iter-790
worktree_allocator: removed git worktree iteration=791 path=/tmp/ralph-worktrees/iter-791
parallel_scheduler: assembled batch_id=batch-1780257140183-000005-e10364adcf9292b9 size=2 concurrency_limit=2 task_ids=['ch02-r04-edit', 'ch02-r06-edit']
tasks_json_serializer: persisted status update reason='pre_spawn batch=batch-1780257140183-000005-e10364adcf9292b9' applied=2 missing=0
worktree_allocator: created git worktree iteration=792 path=/tmp/ralph-worktrees/iter-792 branch=ralph/worker/iter-792 parent_sha=ecc1e8db9aeda840ce37b0e3c712dde842d8f5a5
worktree_allocator: created git worktree iteration=793 path=/tmp/ralph-worktrees/iter-793 branch=ralph/worker/iter-793 parent_sha=ecc1e8db9aeda840ce37b0e3c712dde842d8f5a5
escalation event: task ch02-r04-edit retry 3 -> persona TechEditor
Kiro CLI call of kind 'escalation' reported no token usage (marker 'RALPH_TOKEN_USAGE:' not found or unparseable)
Kiro CLI call of kind 'persona_review' reported no token usage (marker 'RALPH_TOKEN_USAGE:' not found or unparseable)
Kiro CLI call of kind 'persona_execution' reported no token usage (marker 'RALPH_TOKEN_USAGE:' not found or unparseable)
Kiro CLI call of kind 'persona_review' reported no token usage (marker 'RALPH_TOKEN_USAGE:' not found or unparseable)
tasks_json_serializer: persisted status update reason='worker outcome=fail iter=792' applied=1 missing=0
tasks_json_serializer: applied worker diff iteration=792 task=ch02-r04-edit persona=TechEditor run_id=18b9cd2b-285a-420c-a006-74c39759be9c accepted=0 rejected=0 reverted=0 spilled=0
tasks_json_serializer: persisted status update reason='worker outcome=fail iter=793' applied=1 missing=0
tasks_json_serializer: applied worker diff iteration=793 task=ch02-r06-edit persona=TechEditor run_id=18b9cd2b-285a-420c-a006-74c39759be9c accepted=0 rejected=0 reverted=0 spilled=0
git_manager: worktree diff empty worktree=/tmp/ralph-worktrees/iter-792
commit_serializer: no changes to commit iteration=792 task=ch02-r04-edit batch=batch-1780257140183-000005-e10364adcf9292b9
git_manager: applied worktree diff worktree=/tmp/ralph-worktrees/iter-793 bytes=4788
commit_serializer: committed iteration=793 task=ch02-r06-edit batch=batch-1780257140183-000005-e10364adcf9292b9 sha=7e8f6a04ced8821bf691eca5b2c3fbbf06b03ecd
worktree_allocator: removed git worktree iteration=792 path=/tmp/ralph-worktrees/iter-792
worktree_allocator: removed git worktree iteration=793 path=/tmp/ralph-worktrees/iter-793
parallel_scheduler: assembled batch_id=batch-1780257463983-000006-37f33f4e9e9f867d size=2 concurrency_limit=2 task_ids=['ch02-r04-edit', 'ch02-r06-edit']
tasks_json_serializer: persisted status update reason='pre_spawn batch=batch-1780257463983-000006-37f33f4e9e9f867d' applied=2 missing=0
worktree_allocator: created git worktree iteration=794 path=/tmp/ralph-worktrees/iter-794 branch=ralph/worker/iter-794 parent_sha=7e8f6a04ced8821bf691eca5b2c3fbbf06b03ecd
worktree_allocator: created git worktree iteration=795 path=/tmp/ralph-worktrees/iter-795 branch=ralph/worker/iter-795 parent_sha=7e8f6a04ced8821bf691eca5b2c3fbbf06b03ecd
escalation event: task ch02-r04-edit retry 4 -> persona TechEditor
escalation event: task ch02-r06-edit retry 3 -> persona TechEditor
Kiro CLI call of kind 'escalation' reported no token usage (marker 'RALPH_TOKEN_USAGE:' not found or unparseable)
Kiro CLI call of kind 'persona_review' reported no token usage (marker 'RALPH_TOKEN_USAGE:' not found or unparseable)
Kiro CLI call of kind 'escalation' reported no token usage (marker 'RALPH_TOKEN_USAGE:' not found or unparseable)
Kiro CLI call of kind 'persona_review' reported no token usage (marker 'RALPH_TOKEN_USAGE:' not found or unparseable)
tasks_json_serializer: persisted status update reason='worker outcome=pass iter=794' applied=1 missing=0
tasks_json_serializer: applied worker diff iteration=794 task=ch02-r04-edit persona=TechEditor run_id=18b9cd2b-285a-420c-a006-74c39759be9c accepted=0 rejected=0 reverted=0 spilled=0
tasks_json_serializer: persisted status update reason='worker outcome=fail iter=795' applied=1 missing=0
tasks_json_serializer: applied worker diff iteration=795 task=ch02-r06-edit persona=TechEditor run_id=18b9cd2b-285a-420c-a006-74c39759be9c accepted=0 rejected=0 reverted=0 spilled=0
git_manager: worktree diff empty worktree=/tmp/ralph-worktrees/iter-794
commit_serializer: no changes to commit iteration=794 task=ch02-r04-edit batch=batch-1780257463983-000006-37f33f4e9e9f867d
git_manager: applied worktree diff worktree=/tmp/ralph-worktrees/iter-795 bytes=9770
