pending queue processed: loaded=0 admitted=0 discarded=0
parallel_scheduler: assembled batch_id=batch-1780686728392-000001-8562703098e9a7b9 size=1 concurrency_limit=2 task_ids=['ch07-r12-draft']
tasks_json_serializer: persisted status update reason='pre_spawn batch=batch-1780686728392-000001-8562703098e9a7b9' applied=1 missing=0
worktree_allocator: created git worktree iteration=1438 path=/tmp/ralph-worktrees/iter-1438 branch=ralph/worker/iter-1438 parent_sha=7ceaa3718aa211ebe843245070ce201fef28d8f9
Kiro CLI call of kind 'persona_execution' reported no token usage (marker 'RALPH_TOKEN_USAGE:' not found or unparseable)
Kiro CLI call of kind 'persona_review' reported no token usage (marker 'RALPH_TOKEN_USAGE:' not found or unparseable)
tasks_json_serializer: persisted status update reason='worker outcome=pass iter=1438' applied=1 missing=0
tasks_json_serializer: applied worker diff iteration=1438 task=ch07-r12-draft persona=TechWriter run_id=8e5679f3-e44c-4650-999e-7fadb0a85483 accepted=0 rejected=0 reverted=0 spilled=0
git_manager: applied worktree diff worktree=/tmp/ralph-worktrees/iter-1438 bytes=44165
commit_serializer: committed iteration=1438 task=ch07-r12-draft batch=batch-1780686728392-000001-8562703098e9a7b9 sha=5fffb6556233a45d3f1c2e59b619fa67b7d2b2e3
worktree_allocator: removed git worktree iteration=1438 path=/tmp/ralph-worktrees/iter-1438
parallel_scheduler: assembled batch_id=batch-1780687134727-000002-1dc2e69dbc02906f size=2 concurrency_limit=2 task_ids=['ch07-r12-python', 'ch07-r12-expert-review']
tasks_json_serializer: persisted status update reason='pre_spawn batch=batch-1780687134727-000002-1dc2e69dbc02906f' applied=2 missing=0
worktree_allocator: created git worktree iteration=1439 path=/tmp/ralph-worktrees/iter-1439 branch=ralph/worker/iter-1439 parent_sha=5fffb6556233a45d3f1c2e59b619fa67b7d2b2e3
worktree_allocator: created git worktree iteration=1440 path=/tmp/ralph-worktrees/iter-1440 branch=ralph/worker/iter-1440 parent_sha=5fffb6556233a45d3f1c2e59b619fa67b7d2b2e3
Kiro CLI call of kind 'persona_execution' reported no token usage (marker 'RALPH_TOKEN_USAGE:' not found or unparseable)
Kiro CLI call of kind 'persona_review' reported no token usage (marker 'RALPH_TOKEN_USAGE:' not found or unparseable)
Kiro CLI call of kind 'persona_execution' reported no token usage (marker 'RALPH_TOKEN_USAGE:' not found or unparseable)
Kiro CLI call of kind 'persona_review' reported no token usage (marker 'RALPH_TOKEN_USAGE:' not found or unparseable)
tasks_json_serializer: persisted status update reason='worker outcome=pass iter=1439' applied=1 missing=0
tasks_json_serializer: applied worker diff iteration=1439 task=ch07-r12-python persona=TechWriter run_id=8e5679f3-e44c-4650-999e-7fadb0a85483 accepted=0 rejected=0 reverted=0 spilled=0
tasks_json_serializer: persisted status update reason='worker outcome=pass iter=1440' applied=1 missing=0
tasks_json_serializer: applied worker diff iteration=1440 task=ch07-r12-expert-review persona=TechExpertReviewer run_id=8e5679f3-e44c-4650-999e-7fadb0a85483 accepted=0 rejected=0 reverted=0 spilled=0
git_manager: applied worktree diff worktree=/tmp/ralph-worktrees/iter-1439 bytes=50912
commit_serializer: committed iteration=1439 task=ch07-r12-python batch=batch-1780687134727-000002-1dc2e69dbc02906f sha=998ef52a521307c964fa88adf6a06216f8a0a428
git_manager: applied worktree diff worktree=/tmp/ralph-worktrees/iter-1440 bytes=26196
