pending queue processed: loaded=0 admitted=0 discarded=0
parallel_scheduler: assembled batch_id=batch-1779753670597-000001-70727c68df4bba42 size=2 concurrency_limit=2 task_ids=['ch11-r08-edit', 'ch11-r09-draft']
tasks_json_serializer: persisted status update reason='pre_spawn batch=batch-1779753670597-000001-70727c68df4bba42' applied=2 missing=0
worktree_allocator: created git worktree iteration=392 path=C:\tmp\ralph-worktrees\iter-392 branch=ralph/worker/iter-392 parent_sha=391b9a7c29b26fe767bc92654de83e7b22aa6bce
worktree_allocator: created git worktree iteration=393 path=C:\tmp\ralph-worktrees\iter-393 branch=ralph/worker/iter-393 parent_sha=391b9a7c29b26fe767bc92654de83e7b22aa6bce
Kiro CLI call of kind 'persona_execution' reported no token usage (marker 'RALPH_TOKEN_USAGE:' not found or unparseable)
Kiro CLI call of kind 'persona_review' reported no token usage (marker 'RALPH_TOKEN_USAGE:' not found or unparseable)
parallel_worker: task ch11-r09-draft iter=393 timeout: Kiro CLI invocation (call_kind='persona_execution') exceeded timeout_ms=600000
tasks_json_serializer: persisted status update reason='worker outcome=pass iter=392' applied=1 missing=0
tasks_json_serializer: applied worker diff iteration=392 task=ch11-r08-edit persona=TechEditor run_id=e7bfb8e3-f65d-48de-81a9-0c4e263c0272 accepted=0 rejected=0 reverted=0 spilled=0
tasks_json_serializer: persisted status update reason='worker outcome=timeout iter=393' applied=1 missing=0
tasks_json_serializer: applied worker diff iteration=393 task=ch11-r09-draft persona=TechWriter run_id=e7bfb8e3-f65d-48de-81a9-0c4e263c0272 accepted=0 rejected=0 reverted=0 spilled=0
git_manager: applied worktree diff worktree=C:\tmp\ralph-worktrees\iter-392 bytes=8729
commit_serializer: committed iteration=392 task=ch11-r08-edit batch=batch-1779753670597-000001-70727c68df4bba42 sha=ef421faaa536fbc32120eb57ae50375b15d85b6c
git_manager: git apply returned 1 worktree=C:\tmp\ralph-worktrees\iter-393 conflicting_paths=['chapter11.09-care-coordination-assistant.md'] stderr=error: chapter11.09-care-coordination-assistant.md: already exists in working directory
commit_serializer: attribution conflict iteration=393 task=ch11-r09-draft batch=batch-1779753670597-000001-70727c68df4bba42 conflicting_paths=['chapter11.09-care-coordination-assistant.md'] error=error: chapter11.09-care-coordination-assistant.md: already exists in working directory
worktree_allocator: git worktree remove returned 255 iteration=392 path=C:\tmp\ralph-worktrees\iter-392 stderr=error: failed to delete '.git/worktrees/iter-392': Permission denied; falling back to rmtree
worktree_allocator: git worktree remove returned 255 iteration=393 path=C:\tmp\ralph-worktrees\iter-393 stderr=error: failed to delete '.git/worktrees/iter-393': Permission denied; falling back to rmtree
parallel_scheduler: assembled batch_id=batch-1779754315765-000002-f5027b9681598a12 size=2 concurrency_limit=2 task_ids=['ch11-r09-draft', 'ch11-r10-draft']
tasks_json_serializer: persisted status update reason='pre_spawn batch=batch-1779754315765-000002-f5027b9681598a12' applied=2 missing=0
worktree_allocator: created git worktree iteration=394 path=C:\tmp\ralph-worktrees\iter-394 branch=ralph/worker/iter-394 parent_sha=ef421faaa536fbc32120eb57ae50375b15d85b6c
worktree_allocator: created git worktree iteration=395 path=C:\tmp\ralph-worktrees\iter-395 branch=ralph/worker/iter-395 parent_sha=ef421faaa536fbc32120eb57ae50375b15d85b6c
parallel_worker: task ch11-r09-draft iter=394 timeout: Kiro CLI invocation (call_kind='persona_execution') exceeded timeout_ms=600000
parallel_worker: task ch11-r10-draft iter=395 timeout: Kiro CLI invocation (call_kind='persona_execution') exceeded timeout_ms=600000
tasks_json_serializer: persisted status update reason='worker outcome=timeout iter=394' applied=1 missing=0
tasks_json_serializer: applied worker diff iteration=394 task=ch11-r09-draft persona=TechWriter run_id=e7bfb8e3-f65d-48de-81a9-0c4e263c0272 accepted=0 rejected=0 reverted=0 spilled=0
tasks_json_serializer: persisted status update reason='worker outcome=timeout iter=395' applied=1 missing=0
tasks_json_serializer: applied worker diff iteration=395 task=ch11-r10-draft persona=TechWriter run_id=e7bfb8e3-f65d-48de-81a9-0c4e263c0272 accepted=0 rejected=0 reverted=0 spilled=0
git_manager: applied worktree diff worktree=C:\tmp\ralph-worktrees\iter-394 bytes=52993
commit_serializer: committed iteration=394 task=ch11-r09-draft batch=batch-1779754315765-000002-f5027b9681598a12 sha=ce9b7277c7c641496254b60998b98996886a5bff
git_manager: git apply returned 1 worktree=C:\tmp\ralph-worktrees\iter-395 conflicting_paths=['chapter11.10-clinical-trial-recruitment-conversationalist.md'] stderr=error: chapter11.10-clinical-trial-recruitment-conversationalist.md: already exists in working directory
commit_serializer: attribution conflict iteration=395 task=ch11-r10-draft batch=batch-1779754315765-000002-f5027b9681598a12 conflicting_paths=['chapter11.10-clinical-trial-recruitment-conversationalist.md'] error=error: chapter11.10-clinical-trial-recruitment-conversationalist.md: already exists in working directory
worktree_allocator: git worktree remove returned 255 iteration=394 path=C:\tmp\ralph-worktrees\iter-394 stderr=error: failed to delete '.git/worktrees/iter-394': Permission denied; falling back to rmtree
worktree_allocator: git worktree remove returned 255 iteration=395 path=C:\tmp\ralph-worktrees\iter-395 stderr=error: failed to delete '.git/worktrees/iter-395': Permission denied; falling back to rmtree
