pending queue processed: loaded=0 admitted=0 discarded=0
parallel_scheduler: assembled batch_id=batch-1781742335450-000001-56daa6fc7d5f132e size=4 concurrency_limit=4 task_ids=['ch01-r01-archsplit', 'ch01-r02-archsplit', 'ch01-r03-archsplit', 'ch01-r04-archsplit']
tasks_json_serializer: persisted status update reason='pre_spawn batch=batch-1781742335450-000001-56daa6fc7d5f132e' applied=4 missing=0
worktree_allocator: created git worktree iteration=1443 path=/tmp/ralph-worktrees/iter-1443 branch=ralph/worker/iter-1443 parent_sha=ac5f3f2119f7d92d62737c4d9aa3351bc4a727a8
worktree_allocator: created git worktree iteration=1444 path=/tmp/ralph-worktrees/iter-1444 branch=ralph/worker/iter-1444 parent_sha=ac5f3f2119f7d92d62737c4d9aa3351bc4a727a8
worktree_allocator: created git worktree iteration=1445 path=/tmp/ralph-worktrees/iter-1445 branch=ralph/worker/iter-1445 parent_sha=ac5f3f2119f7d92d62737c4d9aa3351bc4a727a8
worktree_allocator: created git worktree iteration=1446 path=/tmp/ralph-worktrees/iter-1446 branch=ralph/worker/iter-1446 parent_sha=ac5f3f2119f7d92d62737c4d9aa3351bc4a727a8
Kiro CLI call of kind 'persona_execution' reported no token usage (marker 'RALPH_TOKEN_USAGE:' not found or unparseable)
Kiro CLI call of kind 'persona_review' reported no token usage (marker 'RALPH_TOKEN_USAGE:' not found or unparseable)
Kiro CLI call of kind 'persona_execution' reported no token usage (marker 'RALPH_TOKEN_USAGE:' not found or unparseable)
Kiro CLI call of kind 'persona_review' reported no token usage (marker 'RALPH_TOKEN_USAGE:' not found or unparseable)
Kiro CLI call of kind 'persona_execution' reported no token usage (marker 'RALPH_TOKEN_USAGE:' not found or unparseable)
Kiro CLI call of kind 'persona_execution' reported no token usage (marker 'RALPH_TOKEN_USAGE:' not found or unparseable)
Kiro CLI call of kind 'persona_review' reported no token usage (marker 'RALPH_TOKEN_USAGE:' not found or unparseable)
Kiro CLI call of kind 'persona_review' reported no token usage (marker 'RALPH_TOKEN_USAGE:' not found or unparseable)
tasks_json_serializer: persisted status update reason='worker outcome=pass iter=1443' applied=1 missing=0
tasks_json_serializer: applied worker diff iteration=1443 task=ch01-r01-archsplit persona=TechEditor run_id=caf41388-8bcc-43dc-9ea2-1049334a1d10 accepted=0 rejected=0 reverted=0 spilled=0
tasks_json_serializer: persisted status update reason='worker outcome=pass iter=1444' applied=1 missing=0
tasks_json_serializer: applied worker diff iteration=1444 task=ch01-r02-archsplit persona=TechEditor run_id=caf41388-8bcc-43dc-9ea2-1049334a1d10 accepted=0 rejected=0 reverted=0 spilled=0
tasks_json_serializer: persisted status update reason='worker outcome=pass iter=1445' applied=1 missing=0
tasks_json_serializer: applied worker diff iteration=1445 task=ch01-r03-archsplit persona=TechEditor run_id=caf41388-8bcc-43dc-9ea2-1049334a1d10 accepted=0 rejected=0 reverted=0 spilled=0
tasks_json_serializer: persisted status update reason='worker outcome=pass iter=1446' applied=1 missing=0
tasks_json_serializer: applied worker diff iteration=1446 task=ch01-r04-archsplit persona=TechEditor run_id=caf41388-8bcc-43dc-9ea2-1049334a1d10 accepted=0 rejected=0 reverted=0 spilled=0
git_manager: applied worktree diff worktree=/tmp/ralph-worktrees/iter-1443 bytes=7978
