pending queue processed: loaded=0 admitted=0 discarded=0
parallel_scheduler: assembled batch_id=batch-1779822225451-000001-2c463ca3a1193672 size=2 concurrency_limit=2 task_ids=['ch12-r05-code-review', 'ch12-r06-edit']
tasks_json_serializer: persisted status update reason='pre_spawn batch=batch-1779822225451-000001-2c463ca3a1193672' applied=2 missing=0
worktree_allocator: created git worktree iteration=482 path=/tmp/ralph-worktrees/iter-482 branch=ralph/worker/iter-482 parent_sha=91f7768e930aa6c74a427c60f595293120e553d0
worktree_allocator: created git worktree iteration=483 path=/tmp/ralph-worktrees/iter-483 branch=ralph/worker/iter-483 parent_sha=91f7768e930aa6c74a427c60f595293120e553d0
Kiro CLI call of kind 'persona_execution' reported no token usage (marker 'RALPH_TOKEN_USAGE:' not found or unparseable)
Kiro CLI call of kind 'persona_review' reported no token usage (marker 'RALPH_TOKEN_USAGE:' not found or unparseable)
Kiro CLI call of kind 'persona_execution' reported no token usage (marker 'RALPH_TOKEN_USAGE:' not found or unparseable)
Kiro CLI call of kind 'persona_review' reported no token usage (marker 'RALPH_TOKEN_USAGE:' not found or unparseable)
persona_review check 'quality-review': verdict parse failed; wrote debug dump to /mnt/c/Users/lawsnic/OneDrive - amazon.com/Documents/HCLS-ai-book/logs/parse_failures/iter-0483-ch12-r06-edit-quality-review-TechExpertReviewer.txt
persona_review check 'quality-review': could not parse verdict from reviewing persona 'TechExpertReviewer'; marking fail
tasks_json_serializer: persisted status update reason='worker outcome=pass iter=482' applied=1 missing=0
tasks_json_serializer: reverting out-of-band modification: worker iteration=482 task=ch12-r05-code-review persona=TechCodeReviewer reverted_task=ch12-r06-edit run_id=7c850be6-7641-4632-8f72-1ea78456f2e6
tasks_json_serializer: applied worker diff iteration=482 task=ch12-r05-code-review persona=TechCodeReviewer run_id=7c850be6-7641-4632-8f72-1ea78456f2e6 accepted=0 rejected=0 reverted=1 spilled=0
git_manager: git diff returned 128 worktree=/tmp/ralph-worktrees/iter-482 stderr=fatal: cannot change to '/tmp/ralph-worktrees/iter-482': No such file or directory
tasks_json_serializer: persisted status update reason='worker outcome=fail iter=483' applied=1 missing=0
tasks_json_serializer: applied worker diff iteration=483 task=ch12-r06-edit persona=TechEditor run_id=7c850be6-7641-4632-8f72-1ea78456f2e6 accepted=0 rejected=0 reverted=0 spilled=0
commit_serializer: apply failed iteration=482 task=ch12-r05-code-review batch=batch-1779822225451-000001-2c463ca3a1193672 reason=git diff exit 128: fatal: cannot change to '/tmp/ralph-worktrees/iter-482': No such file or directory
git_manager: git diff returned 128 worktree=/tmp/ralph-worktrees/iter-483 stderr=fatal: cannot change to '/tmp/ralph-worktrees/iter-483': No such file or directory
commit_serializer: apply failed iteration=483 task=ch12-r06-edit batch=batch-1779822225451-000001-2c463ca3a1193672 reason=git diff exit 128: fatal: cannot change to '/tmp/ralph-worktrees/iter-483': No such file or directory
parallel_scheduler: assembled batch_id=batch-1779822665263-000002-1170aae3114f2ad5 size=2 concurrency_limit=2 task_ids=['ch12-r05-edit', 'ch12-r07-code-review']
tasks_json_serializer: persisted status update reason='pre_spawn batch=batch-1779822665263-000002-1170aae3114f2ad5' applied=2 missing=0
worktree_allocator: created git worktree iteration=484 path=/tmp/ralph-worktrees/iter-484 branch=ralph/worker/iter-484 parent_sha=91f7768e930aa6c74a427c60f595293120e553d0
worktree_allocator: created git worktree iteration=485 path=/tmp/ralph-worktrees/iter-485 branch=ralph/worker/iter-485 parent_sha=91f7768e930aa6c74a427c60f595293120e553d0
